281 318 360 266 122
281 318 360 266 122
479 347 346 358 179
281 318 360 266 122
479 347 346 358 179
193 111 369 11 375
281 318 360 266 122
479 347 346 358 179
193 111 369 11 375
62 38 185 93 432
281 318 360 266 122
479 347 346 358 179
193 111 369 11 375
62 38 185 93 432
75 43 119 154 24
281 318 360 266 122
479 347 346 358 179
193 111 369 11 375
62 38 185 93 432
75 43 119 154 24
436 406 12 106 297
281 318 360 266 122
479 347 346 358 179
193 111 369 11 375
62 38 185 93 432
75 43 119 154 24
436 406 12 106 297
459 441 176 98 3
281 318 360 266 122
479 347 346 358 179
193 111 369 11 375
62 38 185 93 432
75 43 119 154 24
436 406 12 106 297
459 441 176 98 3
316 437 160 474 439
281 318 360 266 122
479 347 346 358 179
193 111 369 11 375
62 38 185 93 432
75 43 119 154 24
436 406 12 106 297
459 441 176 98 3
316 437 160 474 439
118 200 96 258 85
281 318 360 266 122
479 347 346 358 179
193 111 369 11 375
62 38 185 93 432
75 43 119 154 24
436 406 12 106 297
459 441 176 98 3
316 437 160 474 439
118 200 96 258 85
102 478 210 271 371
281 318 360 266 122
479 347 346 358 179
193 111 369 11 375
62 38 185 93 432
75 43 119 154 24
436 406 12 106 297
459 441 176 98 3
316 437 160 474 439
118 200 96 258 85
102 478 210 271 371
99 219 252 149 488
281 318 360 266 122
479 347 346 358 179
193 111 369 11 375
62 38 185 93 432
75 43 119 154 24
436 406 12 106 297
459 441 176 98 3
316 437 160 474 439
118 200 96 258 85
102 478 210 271 371
99 219 252 149 488
403 433 301 128 177
281 318 360 266 122
479 347 346 358 179
193 111 369 11 375
62 38 185 93 432
75 43 119 154 24
436 406 12 106 297
459 441 176 98 3
316 437 160 474 439
118 200 96 258 85
102 478 210 271 371
99 219 252 149 488
403 433 301 128 177
389 326 215 59 196
281 318 360 266 122
479 347 346 358 179
193 111 369 11 375
62 38 185 93 432
75 43 119 154 24
436 406 12 106 297
459 441 176 98 3
316 437 160 474 439
118 200 96 258 85
102 478 210 271 371
99 219 252 149 488
403 433 301 128 177
389 326 215 59 196
32 386 259 428 452
281 318 360 266 122
479 347 346 358 179
193 111 369 11 375
62 38 185 93 432
75 43 119 154 24
436 406 12 106 297
459 441 176 98 3
316 437 160 474 439
118 200 96 258 85
102 478 210 271 371
99 219 252 149 488
403 433 301 128 177
389 326 215 59 196
32 386 259 428 452
60 137 280 420 208
281 318 360 266 122
479 347 346 358 179
193 111 369 11 375
62 38 185 93 432
75 43 119 154 24
436 406 12 106 297
459 441 176 98 3
316 437 160 474 439
118 200 96 258 85
102 478 210 271 371
99 219 252 149 488
403 433 301 128 177
389 326 215 59 196
32 386 259 428 452
60 137 280 420 208
191 145 114 76 451
281 318 360 266 122
479 347 346 358 179
193 111 369 11 375
62 38 185 93 432
75 43 119 154 24
436 406 12 106 297
459 441 176 98 3
316 437 160 474 439
118 200 96 258 85
102 478 210 271 371
99 219 252 149 488
403 433 301 128 177
389 326 215 59 196
32 386 259 428 452
60 137 280 420 208
191 145 114 76 451
464 256 147 415 275
281 318 360 266 122
479 347 346 358 179
193 111 369 11 375
62 38 185 93 432
75 43 119 154 24
436 406 12 106 297
459 441 176 98 3
316 437 160 474 439
118 200 96 258 85
102 478 210 271 371
99 219 252 149 488
403 433 301 128 177
389 326 215 59 196
32 386 259 428 452
60 137 280 420 208
191 145 114 76 451
464 256 147 415 275
419 447 50 136 77
281 318 360 266 122
479 347 346 358 179
193 111 369 11 375
62 38 185 93 432
75 43 119 154 24
436 406 12 106 297
459 441 176 98 3
316 437 160 474 439
118 200 96 258 85
102 478 210 271 371
99 219 252 149 488
403 433 301 128 177
389 326 215 59 196
32 386 259 428 452
60 137 280 420 208
191 145 114 76 451
464 256 147 415 275
419 447 50 136 77
407 345 129 203 187
281 318 360 266 122
479 347 346 358 179
193 111 369 11 375
62 38 185 93 432
75 43 119 154 24
436 406 12 106 297
459 441 176 98 3
316 437 160 474 439
118 200 96 258 85
102 478 210 271 371
99 219 252 149 488
403 433 301 128 177
389 326 215 59 196
32 386 259 428 452
60 137 280 420 208
191 145 114 76 451
464 256 147 415 275
419 447 50 136 77
407 345 129 203 187
232 225 53 231 337
281 318 360 266 122
479 347 346 358 179
193 111 369 11 375
62 38 185 93 432
75 43 119 154 24
436 406 12 106 297
459 441 176 98 3
316 437 160 474 439
118 200 96 258 85
102 478 210 271 371
99 219 252 149 488
403 433 301 128 177
389 326 215 59 196
32 386 259 428 452
60 137 280 420 208
191 145 114 76 451
464 256 147 415 275
419 447 50 136 77
407 345 129 203 187
232 225 53 231 337
294 472 51 417 58
281 318 360 266 122
479 347 346 358 179
193 111 369 11 375
62 38 185 93 432
75 43 119 154 24
436 406 12 106 297
459 441 176 98 3
316 437 160 474 439
118 200 96 258 85
102 478 210 271 371
99 219 252 149 488
403 433 301 128 177
389 326 215 59 196
32 386 259 428 452
60 137 280 420 208
191 145 114 76 451
464 256 147 415 275
419 447 50 136 77
407 345 129 203 187
232 225 53 231 337
294 472 51 417 58
444 94 395 29 17
281 318 360 266 122
479 347 346 358 179
193 111 369 11 375
62 38 185 93 432
75 43 119 154 24
436 406 12 106 297
459 441 176 98 3
316 437 160 474 439
118 200 96 258 85
102 478 210 271 371
99 219 252 149 488
403 433 301 128 177
389 326 215 59 196
32 386 259 428 452
60 137 280 420 208
191 145 114 76 451
464 256 147 415 275
419 447 50 136 77
407 345 129 203 187
232 225 53 231 337
294 472 51 417 58
444 94 395 29 17
242 55 214 148 313
281 318 360 266 122
479 347 346 358 179
193 111 369 11 375
62 38 185 93 432
75 43 119 154 24
436 406 12 106 297
459 441 176 98 3
316 437 160 474 439
118 200 96 258 85
102 478 210 271 371
99 219 252 149 488
403 433 301 128 177
389 326 215 59 196
32 386 259 428 452
60 137 280 420 208
191 145 114 76 451
464 256 147 415 275
419 447 50 136 77
407 345 129 203 187
232 225 53 231 337
294 472 51 417 58
444 94 395 29 17
242 55 214 148 313
267 445 387 150 220
281 318 360 266 122
479 347 346 358 179
193 111 369 11 375
62 38 185 93 432
75 43 119 154 24
436 406 12 106 297
459 441 176 98 3
316 437 160 474 439
118 200 96 258 85
102 478 210 271 371
99 219 252 149 488
403 433 301 128 177
389 326 215 59 196
32 386 259 428 452
60 137 280 420 208
191 145 114 76 451
464 256 147 415 275
419 447 50 136 77
407 345 129 203 187
232 225 53 231 337
294 472 51 417 58
444 94 395 29 17
242 55 214 148 313
267 445 387 150 220
83 450 483 487 283
281 318 360 266 122
479 347 346 358 179
193 111 369 11 375
62 38 185 93 432
75 43 119 154 24
436 406 12 106 297
459 441 176 98 3
316 437 160 474 439
118 200 96 258 85
102 478 210 271 371
99 219 252 149 488
403 433 301 128 177
389 326 215 59 196
32 386 259 428 452
60 137 280 420 208
191 145 114 76 451
464 256 147 415 275
419 447 50 136 77
407 345 129 203 187
232 225 53 231 337
294 472 51 417 58
444 94 395 29 17
242 55 214 148 313
267 445 387 150 220
83 450 483 487 283
157 352 237 357 95
281 318 360 266 122
479 347 346 358 179
193 111 369 11 375
62 38 185 93 432
75 43 119 154 24
436 406 12 106 297
459 441 176 98 3
316 437 160 474 439
118 200 96 258 85
102 478 210 271 371
99 219 252 149 488
403 433 301 128 177
389 326 215 59 196
32 386 259 428 452
60 137 280 420 208
191 145 114 76 451
464 256 147 415 275
419 447 50 136 77
407 345 129 203 187
232 225 53 231 337
294 472 51 417 58
444 94 395 29 17
242 55 214 148 313
267 445 387 150 220
83 450 483 487 283
157 352 237 357 95
195 362 78 238 42
281 318 360 266 122
479 347 346 358 179
193 111 369 11 375
62 38 185 93 432
75 43 119 154 24
436 406 12 106 297
459 441 176 98 3
316 437 160 474 439
118 200 96 258 85
102 478 210 271 371
99 219 252 149 488
403 433 301 128 177
389 326 215 59 196
32 386 259 428 452
60 137 280 420 208
191 145 114 76 451
464 256 147 415 275
419 447 50 136 77
407 345 129 203 187
232 225 53 231 337
294 472 51 417 58
444 94 395 29 17
242 55 214 148 313
267 445 387 150 220
83 450 483 487 283
157 352 237 357 95
195 362 78 238 42
265 70 81 364 453
281 318 360 266 122
479 347 346 358 179
193 111 369 11 375
62 38 185 93 432
75 43 119 154 24
436 406 12 106 297
459 441 176 98 3
316 437 160 474 439
118 200 96 258 85
102 478 210 271 371
99 219 252 149 488
403 433 301 128 177
389 326 215 59 196
32 386 259 428 452
60 137 280 420 208
191 145 114 76 451
464 256 147 415 275
419 447 50 136 77
407 345 129 203 187
232 225 53 231 337
294 472 51 417 58
444 94 395 29 17
242 55 214 148 313
267 445 387 150 220
83 450 483 487 283
157 352 237 357 95
195 362 78 238 42
265 70 81 364 453
470 127 74 163 321
281 318 360 266 122
479 347 346 358 179
193 111 369 11 375
62 38 185 93 432
75 43 119 154 24
436 406 12 106 297
459 441 176 98 3
316 437 160 474 439
118 200 96 258 85
102 478 210 271 371
99 219 252 149 488
403 433 301 128 177
389 326 215 59 196
32 386 259 428 452
60 137 280 420 208
191 145 114 76 451
464 256 147 415 275
419 447 50 136 77
407 345 129 203 187
232 225 53 231 337
294 472 51 417 58
444 94 395 29 17
242 55 214 148 313
267 445 387 150 220
83 450 483 487 283
157 352 237 357 95
195 362 78 238 42
265 70 81 364 453
470 127 74 163 321
141 448 322 414 463
281 318 360 266 122
479 347 346 358 179
193 111 369 11 375
62 38 185 93 432
75 43 119 154 24
436 406 12 106 297
459 441 176 98 3
316 437 160 474 439
118 200 96 258 85
102 478 210 271 371
99 219 252 149 488
403 433 301 128 177
389 326 215 59 196
32 386 259 428 452
60 137 280 420 208
191 145 114 76 451
464 256 147 415 275
419 447 50 136 77
407 345 129 203 187
232 225 53 231 337
294 472 51 417 58
444 94 395 29 17
242 55 214 148 313
267 445 387 150 220
83 450 483 487 283
157 352 237 357 95
195 362 78 238 42
265 70 81 364 453
470 127 74 163 321
141 448 322 414 463
374 30 356 216 306
281 318 360 266 122
479 347 346 358 179
193 111 369 11 375
62 38 185 93 432
75 43 119 154 24
436 406 12 106 297
459 441 176 98 3
316 437 160 474 439
118 200 96 258 85
102 478 210 271 371
99 219 252 149 488
403 433 301 128 177
389 326 215 59 196
32 386 259 428 452
60 137 280 420 208
191 145 114 76 451
464 256 147 415 275
419 447 50 136 77
407 345 129 203 187
232 225 53 231 337
294 472 51 417 58
444 94 395 29 17
242 55 214 148 313
267 445 387 150 220
83 450 483 487 283
157 352 237 357 95
195 362 78 238 42
265 70 81 364 453
470 127 74 163 321
141 448 322 414 463
374 30 356 216 306
132 338 263 435 404
281 318 360 266 122
479 347 346 358 179
193 111 369 11 375
62 38 185 93 432
75 43 119 154 24
436 406 12 106 297
459 441 176 98 3
316 437 160 474 439
118 200 96 258 85
102 478 210 271 371
99 219 252 149 488
403 433 301 128 177
389 326 215 59 196
32 386 259 428 452
60 137 280 420 208
191 145 114 76 451
464 256 147 415 275
419 447 50 136 77
407 345 129 203 187
232 225 53 231 337
294 472 51 417 58
444 94 395 29 17
242 55 214 148 313
267 445 387 150 220
83 450 483 487 283
157 352 237 357 95
195 362 78 238 42
265 70 81 364 453
470 127 74 163 321
141 448 322 414 463
374 30 356 216 306
132 338 263 435 404
202 494 368 380 247
281 318 360 266 122
479 347 346 358 179
193 111 369 11 375
62 38 185 93 432
75 43 119 154 24
436 406 12 106 297
459 441 176 98 3
316 437 160 474 439
118 200 96 258 85
102 478 210 271 371
99 219 252 149 488
403 433 301 128 177
389 326 215 59 196
32 386 259 428 452
60 137 280 420 208
191 145 114 76 451
464 256 147 415 275
419 447 50 136 77
407 345 129 203 187
232 225 53 231 337
294 472 51 417 58
444 94 395 29 17
242 55 214 148 313
267 445 387 150 220
83 450 483 487 283
157 352 237 357 95
195 362 78 238 42
265 70 81 364 453
470 127 74 163 321
141 448 322 414 463
374 30 356 216 306
132 338 263 435 404
202 494 368 380 247
49 47 107 465 4
281 318 360 266 122
479 347 346 358 179
193 111 369 11 375
62 38 185 93 432
75 43 119 154 24
436 406 12 106 297
459 441 176 98 3
316 437 160 474 439
118 200 96 258 85
102 478 210 271 371
99 219 252 149 488
403 433 301 128 177
389 326 215 59 196
32 386 259 428 452
60 137 280 420 208
191 145 114 76 451
464 256 147 415 275
419 447 50 136 77
407 345 129 203 187
232 225 53 231 337
294 472 51 417 58
444 94 395 29 17
242 55 214 148 313
267 445 387 150 220
83 450 483 487 283
157 352 237 357 95
195 362 78 238 42
265 70 81 364 453
470 127 74 163 321
141 448 322 414 463
374 30 356 216 306
132 338 263 435 404
202 494 368 380 247
49 47 107 465 4
261 115 243 282 402
281 318 360 266 122
479 347 346 358 179
193 111 369 11 375
62 38 185 93 432
75 43 119 154 24
436 406 12 106 297
459 441 176 98 3
316 437 160 474 439
118 200 96 258 85
102 478 210 271 371
99 219 252 149 488
403 433 301 128 177
389 326 215 59 196
32 386 259 428 452
60 137 280 420 208
191 145 114 76 451
464 256 147 415 275
419 447 50 136 77
407 345 129 203 187
232 225 53 231 337
294 472 51 417 58
444 94 395 29 17
242 55 214 148 313
267 445 387 150 220
83 450 483 487 283
157 352 237 357 95
195 362 78 238 42
265 70 81 364 453
470 127 74 163 321
141 448 322 414 463
374 30 356 216 306
132 338 263 435 404
202 494 368 380 247
49 47 107 465 4
261 115 243 282 402
498 198 401 124 54
281 318 360 266 122
479 347 346 358 179
193 111 369 11 375
62 38 185 93 432
75 43 119 154 24
436 406 12 106 297
459 441 176 98 3
316 437 160 474 439
118 200 96 258 85
102 478 210 271 371
99 219 252 149 488
403 433 301 128 177
389 326 215 59 196
32 386 259 428 452
60 137 280 420 208
191 145 114 76 451
464 256 147 415 275
419 447 50 136 77
407 345 129 203 187
232 225 53 231 337
294 472 51 417 58
444 94 395 29 17
242 55 214 148 313
267 445 387 150 220
83 450 483 487 283
157 352 237 357 95
195 362 78 238 42
265 70 81 364 453
470 127 74 163 321
141 448 322 414 463
374 30 356 216 306
132 338 263 435 404
202 494 368 380 247
49 47 107 465 4
261 115 243 282 402
498 198 401 124 54
491 400 302 234 278
281 318 360 266 122
479 347 346 358 179
193 111 369 11 375
62 38 185 93 432
75 43 119 154 24
436 406 12 106 297
459 441 176 98 3
316 437 160 474 439
118 200 96 258 85
102 478 210 271 371
99 219 252 149 488
403 433 301 128 177
389 326 215 59 196
32 386 259 428 452
60 137 280 420 208
191 145 114 76 451
464 256 147 415 275
419 447 50 136 77
407 345 129 203 187
232 225 53 231 337
294 472 51 417 58
444 94 395 29 17
242 55 214 148 313
267 445 387 150 220
83 450 483 487 283
157 352 237 357 95
195 362 78 238 42
265 70 81 364 453
470 127 74 163 321
141 448 322 414 463
374 30 356 216 306
132 338 263 435 404
202 494 368 380 247
49 47 107 465 4
261 115 243 282 402
498 198 401 124 54
491 400 302 234 278
485 100 126 397 309
281 318 360 266 122
479 347 346 358 179
193 111 369 11 375
62 38 185 93 432
75 43 119 154 24
436 406 12 106 297
459 441 176 98 3
316 437 160 474 439
118 200 96 258 85
102 478 210 271 371
99 219 252 149 488
403 433 301 128 177
389 326 215 59 196
32 386 259 428 452
60 137 280 420 208
191 145 114 76 451
464 256 147 415 275
419 447 50 136 77
407 345 129 203 187
232 225 53 231 337
294 472 51 417 58
444 94 395 29 17
242 55 214 148 313
267 445 387 150 220
83 450 483 487 283
157 352 237 357 95
195 362 78 238 42
265 70 81 364 453
470 127 74 163 321
141 448 322 414 463
374 30 356 216 306
132 338 263 435 404
202 494 368 380 247
49 47 107 465 4
261 115 243 282 402
498 198 401 124 54
491 400 302 234 278
485 100 126 397 309
250 248 5 482 276
281 318 360 266 122
479 347 346 358 179
193 111 369 11 375
62 38 185 93 432
75 43 119 154 24
436 406 12 106 297
459 441 176 98 3
316 437 160 474 439
118 200 96 258 85
102 478 210 271 371
99 219 252 149 488
403 433 301 128 177
389 326 215 59 196
32 386 259 428 452
60 137 280 420 208
191 145 114 76 451
464 256 147 415 275
419 447 50 136 77
407 345 129 203 187
232 225 53 231 337
294 472 51 417 58
444 94 395 29 17
242 55 214 148 313
267 445 387 150 220
83 450 483 487 283
157 352 237 357 95
195 362 78 238 42
265 70 81 364 453
470 127 74 163 321
141 448 322 414 463
374 30 356 216 306
132 338 263 435 404
202 494 368 380 247
49 47 107 465 4
261 115 243 282 402
498 198 401 124 54
491 400 302 234 278
485 100 126 397 309
250 248 5 482 276
381 165 79 1 334
281 318 360 266 122
479 347 346 358 179
193 111 369 11 375
62 38 185 93 432
75 43 119 154 24
436 406 12 106 297
459 441 176 98 3
316 437 160 474 439
118 200 96 258 85
102 478 210 271 371
99 219 252 149 488
403 433 301 128 177
389 326 215 59 196
32 386 259 428 452
60 137 280 420 208
191 145 114 76 451
464 256 147 415 275
419 447 50 136 77
407 345 129 203 187
232 225 53 231 337
294 472 51 417 58
444 94 395 29 17
242 55 214 148 313
267 445 387 150 220
83 450 483 487 283
157 352 237 357 95
195 362 78 238 42
265 70 81 364 453
470 127 74 163 321
141 448 322 414 463
374 30 356 216 306
132 338 263 435 404
202 494 368 380 247
49 47 107 465 4
261 115 243 282 402
498 198 401 124 54
491 400 302 234 278
485 100 126 397 309
250 248 5 482 276
381 165 79 1 334
197 398 426 105 458
281 318 360 266 122
479 347 346 358 179
193 111 369 11 375
62 38 185 93 432
75 43 119 154 24
436 406 12 106 297
459 441 176 98 3
316 437 160 474 439
118 200 96 258 85
102 478 210 271 371
99 219 252 149 488
403 433 301 128 177
389 326 215 59 196
32 386 259 428 452
60 137 280 420 208
191 145 114 76 451
464 256 147 415 275
419 447 50 136 77
407 345 129 203 187
232 225 53 231 337
294 472 51 417 58
444 94 395 29 17
242 55 214 148 313
267 445 387 150 220
83 450 483 487 283
157 352 237 357 95
195 362 78 238 42
265 70 81 364 453
470 127 74 163 321
141 448 322 414 463
374 30 356 216 306
132 338 263 435 404
202 494 368 380 247
49 47 107 465 4
261 115 243 282 402
498 198 401 124 54
491 400 302 234 278
485 100 126 397 309
250 248 5 482 276
381 165 79 1 334
197 398 426 105 458
370 112 272 260 290
281 318 360 266 122
479 347 346 358 179
193 111 369 11 375
62 38 185 93 432
75 43 119 154 24
436 406 12 106 297
459 441 176 98 3
316 437 160 474 439
118 200 96 258 85
102 478 210 271 371
99 219 252 149 488
403 433 301 128 177
389 326 215 59 196
32 386 259 428 452
60 137 280 420 208
191 145 114 76 451
464 256 147 415 275
419 447 50 136 77
407 345 129 203 187
232 225 53 231 337
294 472 51 417 58
444 94 395 29 17
242 55 214 148 313
267 445 387 150 220
83 450 483 487 283
157 352 237 357 95
195 362 78 238 42
265 70 81 364 453
470 127 74 163 321
141 448 322 414 463
374 30 356 216 306
132 338 263 435 404
202 494 368 380 247
49 47 107 465 4
261 115 243 282 402
498 198 401 124 54
491 400 302 234 278
485 100 126 397 309
250 248 5 482 276
381 165 79 1 334
197 398 426 105 458
370 112 272 260 290
92 457 159 212 332
281 318 360 266 122
479 347 346 358 179
193 111 369 11 375
62 38 185 93 432
75 43 119 154 24
436 406 12 106 297
459 441 176 98 3
316 437 160 474 439
118 200 96 258 85
102 478 210 271 371
99 219 252 149 488
403 433 301 128 177
389 326 215 59 196
32 386 259 428 452
60 137 280 420 208
191 145 114 76 451
464 256 147 415 275
419 447 50 136 77
407 345 129 203 187
232 225 53 231 337
294 472 51 417 58
444 94 395 29 17
242 55 214 148 313
267 445 387 150 220
83 450 483 487 283
157 352 237 357 95
195 362 78 238 42
265 70 81 364 453
470 127 74 163 321
141 448 322 414 463
374 30 356 216 306
132 338 263 435 404
202 494 368 380 247
49 47 107 465 4
261 115 243 282 402
498 198 401 124 54
491 400 302 234 278
485 100 126 397 309
250 248 5 482 276
381 165 79 1 334
197 398 426 105 458
370 112 272 260 290
92 457 159 212 332
170 341 481 233 64
281 318 360 266 122
479 347 346 358 179
193 111 369 11 375
62 38 185 93 432
75 43 119 154 24
436 406 12 106 297
459 441 176 98 3
316 437 160 474 439
118 200 96 258 85
102 478 210 271 371
99 219 252 149 488
403 433 301 128 177
389 326 215 59 196
32 386 259 428 452
60 137 280 420 208
191 145 114 76 451
464 256 147 415 275
419 447 50 136 77
407 345 129 203 187
232 225 53 231 337
294 472 51 417 58
444 94 395 29 17
242 55 214 148 313
267 445 387 150 220
83 450 483 487 283
157 352 237 357 95
195 362 78 238 42
265 70 81 364 453
470 127 74 163 321
141 448 322 414 463
374 30 356 216 306
132 338 263 435 404
202 494 368 380 247
49 47 107 465 4
261 115 243 282 402
498 198 401 124 54
491 400 302 234 278
485 100 126 397 309
250 248 5 482 276
381 165 79 1 334
197 398 426 105 458
370 112 272 260 290
92 457 159 212 332
170 341 481 233 64
108 393 37 56 152
281 318 360 266 122
479 347 346 358 179
193 111 369 11 375
62 38 185 93 432
75 43 119 154 24
436 406 12 106 297
459 441 176 98 3
316 437 160 474 439
118 200 96 258 85
102 478 210 271 371
99 219 252 149 488
403 433 301 128 177
389 326 215 59 196
32 386 259 428 452
60 137 280 420 208
191 145 114 76 451
464 256 147 415 275
419 447 50 136 77
407 345 129 203 187
232 225 53 231 337
294 472 51 417 58
444 94 395 29 17
242 55 214 148 313
267 445 387 150 220
83 450 483 487 283
157 352 237 357 95
195 362 78 238 42
265 70 81 364 453
470 127 74 163 321
141 448 322 414 463
374 30 356 216 306
132 338 263 435 404
202 494 368 380 247
49 47 107 465 4
261 115 243 282 402
498 198 401 124 54
491 400 302 234 278
485 100 126 397 309
250 248 5 482 276
381 165 79 1 334
197 398 426 105 458
370 112 272 260 290
92 457 159 212 332
170 341 481 233 64
108 393 37 56 152
6 469 327 390 25
281 318 360 266 122
479 347 346 358 179
193 111 369 11 375
62 38 185 93 432
75 43 119 154 24
436 406 12 106 297
459 441 176 98 3
316 437 160 474 439
118 200 96 258 85
102 478 210 271 371
99 219 252 149 488
403 433 301 128 177
389 326 215 59 196
32 386 259 428 452
60 137 280 420 208
191 145 114 76 451
464 256 147 415 275
419 447 50 136 77
407 345 129 203 187
232 225 53 231 337
294 472 51 417 58
444 94 395 29 17
242 55 214 148 313
267 445 387 150 220
83 450 483 487 283
157 352 237 357 95
195 362 78 238 42
265 70 81 364 453
470 127 74 163 321
141 448 322 414 463
374 30 356 216 306
132 338 263 435 404
202 494 368 380 247
49 47 107 465 4
261 115 243 282 402
498 198 401 124 54
491 400 302 234 278
485 100 126 397 309
250 248 5 482 276
381 165 79 1 334
197 398 426 105 458
370 112 272 260 290
92 457 159 212 332
170 341 481 233 64
108 393 37 56 152
6 469 327 390 25
45 367 140 292 174
281 318 360 266 122
479 347 346 358 179
193 111 369 11 375
62 38 185 93 432
75 43 119 154 24
436 406 12 106 297
459 441 176 98 3
316 437 160 474 439
118 200 96 258 85
102 478 210 271 371
99 219 252 149 488
403 433 301 128 177
389 326 215 59 196
32 386 259 428 452
60 137 280 420 208
191 145 114 76 451
464 256 147 415 275
419 447 50 136 77
407 345 129 203 187
232 225 53 231 337
294 472 51 417 58
444 94 395 29 17
242 55 214 148 313
267 445 387 150 220
83 450 483 487 283
157 352 237 357 95
195 362 78 238 42
265 70 81 364 453
470 127 74 163 321
141 448 322 414 463
374 30 356 216 306
132 338 263 435 404
202 494 368 380 247
49 47 107 465 4
261 115 243 282 402
498 198 401 124 54
491 400 302 234 278
485 100 126 397 309
250 248 5 482 276
381 165 79 1 334
197 398 426 105 458
370 112 272 260 290
92 457 159 212 332
170 341 481 233 64
108 393 37 56 152
6 469 327 390 25
45 367 140 292 174
33 253 421 376 18
281 318 360 266 122
479 347 346 358 179
193 111 369 11 375
62 38 185 93 432
75 43 119 154 24
436 406 12 106 297
459 441 176 98 3
316 437 160 474 439
118 200 96 258 85
102 478 210 271 371
99 219 252 149 488
403 433 301 128 177
389 326 215 59 196
32 386 259 428 452
60 137 280 420 208
191 145 114 76 451
464 256 147 415 275
419 447 50 136 77
407 345 129 203 187
232 225 53 231 337
294 472 51 417 58
444 94 395 29 17
242 55 214 148 313
267 445 387 150 220
83 450 483 487 283
157 352 237 357 95
195 362 78 238 42
265 70 81 364 453
470 127 74 163 321
141 448 322 414 463
374 30 356 216 306
132 338 263 435 404
202 494 368 380 247
49 47 107 465 4
261 115 243 282 402
498 198 401 124 54
491 400 302 234 278
485 100 126 397 309
250 248 5 482 276
381 165 79 1 334
197 398 426 105 458
370 112 272 260 290
92 457 159 212 332
170 341 481 233 64
108 393 37 56 152
6 469 327 390 25
45 367 140 292 174
33 253 421 376 18
291 7 87 413 227
281 318 360 266 122
479 347 346 358 179
193 111 369 11 375
62 38 185 93 432
75 43 119 154 24
436 406 12 106 297
459 441 176 98 3
316 437 160 474 439
118 200 96 258 85
102 478 210 271 371
99 219 252 149 488
403 433 301 128 177
389 326 215 59 196
32 386 259 428 452
60 137 280 420 208
191 145 114 76 451
464 256 147 415 275
419 447 50 136 77
407 345 129 203 187
232 225 53 231 337
294 472 51 417 58
444 94 395 29 17
242 55 214 148 313
267 445 387 150 220
83 450 483 487 283
157 352 237 357 95
195 362 78 238 42
265 70 81 364 453
470 127 74 163 321
141 448 322 414 463
374 30 356 216 306
132 338 263 435 404
202 494 368 380 247
49 47 107 465 4
261 115 243 282 402
498 198 401 124 54
491 400 302 234 278
485 100 126 397 309
250 248 5 482 276
381 165 79 1 334
197 398 426 105 458
370 112 272 260 290
92 457 159 212 332
170 341 481 233 64
108 393 37 56 152
6 469 327 390 25
45 367 140 292 174
33 253 421 376 18
291 7 87 413 227
66 440 125 480 251
