187 309 383 274 70
187 309 383 274 70
400 261 313 103 144
187 309 383 274 70
400 261 313 103 144
479 496 368 476 42
187 309 383 274 70
400 261 313 103 144
479 496 368 476 42
297 153 453 157 390
187 309 383 274 70
400 261 313 103 144
479 496 368 476 42
297 153 453 157 390
339 352 11 33 132
187 309 383 274 70
400 261 313 103 144
479 496 368 476 42
297 153 453 157 390
339 352 11 33 132
31 21 232 450 414
187 309 383 274 70
400 261 313 103 144
479 496 368 476 42
297 153 453 157 390
339 352 11 33 132
31 21 232 450 414
288 147 1 271 331
187 309 383 274 70
400 261 313 103 144
479 496 368 476 42
297 153 453 157 390
339 352 11 33 132
31 21 232 450 414
288 147 1 271 331
397 487 265 423 270
187 309 383 274 70
400 261 313 103 144
479 496 368 476 42
297 153 453 157 390
339 352 11 33 132
31 21 232 450 414
288 147 1 271 331
397 487 265 423 270
22 41 87 264 280
187 309 383 274 70
400 261 313 103 144
479 496 368 476 42
297 153 453 157 390
339 352 11 33 132
31 21 232 450 414
288 147 1 271 331
397 487 265 423 270
22 41 87 264 280
93 396 72 34 411
187 309 383 274 70
400 261 313 103 144
479 496 368 476 42
297 153 453 157 390
339 352 11 33 132
31 21 232 450 414
288 147 1 271 331
397 487 265 423 270
22 41 87 264 280
93 396 72 34 411
361 358 127 382 338
187 309 383 274 70
400 261 313 103 144
479 496 368 476 42
297 153 453 157 390
339 352 11 33 132
31 21 232 450 414
288 147 1 271 331
397 487 265 423 270
22 41 87 264 280
93 396 72 34 411
361 358 127 382 338
139 228 14 425 129
187 309 383 274 70
400 261 313 103 144
479 496 368 476 42
297 153 453 157 390
339 352 11 33 132
31 21 232 450 414
288 147 1 271 331
397 487 265 423 270
22 41 87 264 280
93 396 72 34 411
361 358 127 382 338
139 228 14 425 129
172 104 52 18 422
187 309 383 274 70
400 261 313 103 144
479 496 368 476 42
297 153 453 157 390
339 352 11 33 132
31 21 232 450 414
288 147 1 271 331
397 487 265 423 270
22 41 87 264 280
93 396 72 34 411
361 358 127 382 338
139 228 14 425 129
172 104 52 18 422
286 3 96 8 152
187 309 383 274 70
400 261 313 103 144
479 496 368 476 42
297 153 453 157 390
339 352 11 33 132
31 21 232 450 414
288 147 1 271 331
397 487 265 423 270
22 41 87 264 280
93 396 72 34 411
361 358 127 382 338
139 228 14 425 129
172 104 52 18 422
286 3 96 8 152
466 181 115 224 426
187 309 383 274 70
400 261 313 103 144
479 496 368 476 42
297 153 453 157 390
339 352 11 33 132
31 21 232 450 414
288 147 1 271 331
397 487 265 423 270
22 41 87 264 280
93 396 72 34 411
361 358 127 382 338
139 228 14 425 129
172 104 52 18 422
286 3 96 8 152
466 181 115 224 426
207 230 356 293 37
187 309 383 274 70
400 261 313 103 144
479 496 368 476 42
297 153 453 157 390
339 352 11 33 132
31 21 232 450 414
288 147 1 271 331
397 487 265 423 270
22 41 87 264 280
93 396 72 34 411
361 358 127 382 338
139 228 14 425 129
172 104 52 18 422
286 3 96 8 152
466 181 115 224 426
207 230 356 293 37
126 180 74 307 495
187 309 383 274 70
400 261 313 103 144
479 496 368 476 42
297 153 453 157 390
339 352 11 33 132
31 21 232 450 414
288 147 1 271 331
397 487 265 423 270
22 41 87 264 280
93 396 72 34 411
361 358 127 382 338
139 228 14 425 129
172 104 52 18 422
286 3 96 8 152
466 181 115 224 426
207 230 356 293 37
126 180 74 307 495
310 317 384 158 35
187 309 383 274 70
400 261 313 103 144
479 496 368 476 42
297 153 453 157 390
339 352 11 33 132
31 21 232 450 414
288 147 1 271 331
397 487 265 423 270
22 41 87 264 280
93 396 72 34 411
361 358 127 382 338
139 228 14 425 129
172 104 52 18 422
286 3 96 8 152
466 181 115 224 426
207 230 356 293 37
126 180 74 307 495
310 317 384 158 35
128 64 71 395 112
187 309 383 274 70
400 261 313 103 144
479 496 368 476 42
297 153 453 157 390
339 352 11 33 132
31 21 232 450 414
288 147 1 271 331
397 487 265 423 270
22 41 87 264 280
93 396 72 34 411
361 358 127 382 338
139 228 14 425 129
172 104 52 18 422
286 3 96 8 152
466 181 115 224 426
207 230 356 293 37
126 180 74 307 495
310 317 384 158 35
128 64 71 395 112
164 202 221 26 460
187 309 383 274 70
400 261 313 103 144
479 496 368 476 42
297 153 453 157 390
339 352 11 33 132
31 21 232 450 414
288 147 1 271 331
397 487 265 423 270
22 41 87 264 280
93 396 72 34 411
361 358 127 382 338
139 228 14 425 129
172 104 52 18 422
286 3 96 8 152
466 181 115 224 426
207 230 356 293 37
126 180 74 307 495
310 317 384 158 35
128 64 71 395 112
164 202 221 26 460
107 445 399 337 343
187 309 383 274 70
400 261 313 103 144
479 496 368 476 42
297 153 453 157 390
339 352 11 33 132
31 21 232 450 414
288 147 1 271 331
397 487 265 423 270
22 41 87 264 280
93 396 72 34 411
361 358 127 382 338
139 228 14 425 129
172 104 52 18 422
286 3 96 8 152
466 181 115 224 426
207 230 356 293 37
126 180 74 307 495
310 317 384 158 35
128 64 71 395 112
164 202 221 26 460
107 445 399 337 343
243 81 284 201 457
187 309 383 274 70
400 261 313 103 144
479 496 368 476 42
297 153 453 157 390
339 352 11 33 132
31 21 232 450 414
288 147 1 271 331
397 487 265 423 270
22 41 87 264 280
93 396 72 34 411
361 358 127 382 338
139 228 14 425 129
172 104 52 18 422
286 3 96 8 152
466 181 115 224 426
207 230 356 293 37
126 180 74 307 495
310 317 384 158 35
128 64 71 395 112
164 202 221 26 460
107 445 399 337 343
243 81 284 201 457
9 209 473 82 145
187 309 383 274 70
400 261 313 103 144
479 496 368 476 42
297 153 453 157 390
339 352 11 33 132
31 21 232 450 414
288 147 1 271 331
397 487 265 423 270
22 41 87 264 280
93 396 72 34 411
361 358 127 382 338
139 228 14 425 129
172 104 52 18 422
286 3 96 8 152
466 181 115 224 426
207 230 356 293 37
126 180 74 307 495
310 317 384 158 35
128 64 71 395 112
164 202 221 26 460
107 445 399 337 343
243 81 284 201 457
9 209 473 82 145
131 306 379 149 462
187 309 383 274 70
400 261 313 103 144
479 496 368 476 42
297 153 453 157 390
339 352 11 33 132
31 21 232 450 414
288 147 1 271 331
397 487 265 423 270
22 41 87 264 280
93 396 72 34 411
361 358 127 382 338
139 228 14 425 129
172 104 52 18 422
286 3 96 8 152
466 181 115 224 426
207 230 356 293 37
126 180 74 307 495
310 317 384 158 35
128 64 71 395 112
164 202 221 26 460
107 445 399 337 343
243 81 284 201 457
9 209 473 82 145
131 306 379 149 462
233 78 459 483 46
187 309 383 274 70
400 261 313 103 144
479 496 368 476 42
297 153 453 157 390
339 352 11 33 132
31 21 232 450 414
288 147 1 271 331
397 487 265 423 270
22 41 87 264 280
93 396 72 34 411
361 358 127 382 338
139 228 14 425 129
172 104 52 18 422
286 3 96 8 152
466 181 115 224 426
207 230 356 293 37
126 180 74 307 495
310 317 384 158 35
128 64 71 395 112
164 202 221 26 460
107 445 399 337 343
243 81 284 201 457
9 209 473 82 145
131 306 379 149 462
233 78 459 483 46
101 194 16 378 318
187 309 383 274 70
400 261 313 103 144
479 496 368 476 42
297 153 453 157 390
339 352 11 33 132
31 21 232 450 414
288 147 1 271 331
397 487 265 423 270
22 41 87 264 280
93 396 72 34 411
361 358 127 382 338
139 228 14 425 129
172 104 52 18 422
286 3 96 8 152
466 181 115 224 426
207 230 356 293 37
126 180 74 307 495
310 317 384 158 35
128 64 71 395 112
164 202 221 26 460
107 445 399 337 343
243 81 284 201 457
9 209 473 82 145
131 306 379 149 462
233 78 459 483 46
101 194 16 378 318
490 324 302 173 424
187 309 383 274 70
400 261 313 103 144
479 496 368 476 42
297 153 453 157 390
339 352 11 33 132
31 21 232 450 414
288 147 1 271 331
397 487 265 423 270
22 41 87 264 280
93 396 72 34 411
361 358 127 382 338
139 228 14 425 129
172 104 52 18 422
286 3 96 8 152
466 181 115 224 426
207 230 356 293 37
126 180 74 307 495
310 317 384 158 35
128 64 71 395 112
164 202 221 26 460
107 445 399 337 343
243 81 284 201 457
9 209 473 82 145
131 306 379 149 462
233 78 459 483 46
101 194 16 378 318
490 324 302 173 424
258 410 111 389 444
187 309 383 274 70
400 261 313 103 144
479 496 368 476 42
297 153 453 157 390
339 352 11 33 132
31 21 232 450 414
288 147 1 271 331
397 487 265 423 270
22 41 87 264 280
93 396 72 34 411
361 358 127 382 338
139 228 14 425 129
172 104 52 18 422
286 3 96 8 152
466 181 115 224 426
207 230 356 293 37
126 180 74 307 495
310 317 384 158 35
128 64 71 395 112
164 202 221 26 460
107 445 399 337 343
243 81 284 201 457
9 209 473 82 145
131 306 379 149 462
233 78 459 483 46
101 194 16 378 318
490 324 302 173 424
258 410 111 389 444
279 175 402 184 77
187 309 383 274 70
400 261 313 103 144
479 496 368 476 42
297 153 453 157 390
339 352 11 33 132
31 21 232 450 414
288 147 1 271 331
397 487 265 423 270
22 41 87 264 280
93 396 72 34 411
361 358 127 382 338
139 228 14 425 129
172 104 52 18 422
286 3 96 8 152
466 181 115 224 426
207 230 356 293 37
126 180 74 307 495
310 317 384 158 35
128 64 71 395 112
164 202 221 26 460
107 445 399 337 343
243 81 284 201 457
9 209 473 82 145
131 306 379 149 462
233 78 459 483 46
101 194 16 378 318
490 324 302 173 424
258 410 111 389 444
279 175 402 184 77
119 29 456 468 440
187 309 383 274 70
400 261 313 103 144
479 496 368 476 42
297 153 453 157 390
339 352 11 33 132
31 21 232 450 414
288 147 1 271 331
397 487 265 423 270
22 41 87 264 280
93 396 72 34 411
361 358 127 382 338
139 228 14 425 129
172 104 52 18 422
286 3 96 8 152
466 181 115 224 426
207 230 356 293 37
126 180 74 307 495
310 317 384 158 35
128 64 71 395 112
164 202 221 26 460
107 445 399 337 343
243 81 284 201 457
9 209 473 82 145
131 306 379 149 462
233 78 459 483 46
101 194 16 378 318
490 324 302 173 424
258 410 111 389 444
279 175 402 184 77
119 29 456 468 440
289 327 419 79 25
187 309 383 274 70
400 261 313 103 144
479 496 368 476 42
297 153 453 157 390
339 352 11 33 132
31 21 232 450 414
288 147 1 271 331
397 487 265 423 270
22 41 87 264 280
93 396 72 34 411
361 358 127 382 338
139 228 14 425 129
172 104 52 18 422
286 3 96 8 152
466 181 115 224 426
207 230 356 293 37
126 180 74 307 495
310 317 384 158 35
128 64 71 395 112
164 202 221 26 460
107 445 399 337 343
243 81 284 201 457
9 209 473 82 145
131 306 379 149 462
233 78 459 483 46
101 194 16 378 318
490 324 302 173 424
258 410 111 389 444
279 175 402 184 77
119 29 456 468 440
289 327 419 79 25
367 19 305 252 216
187 309 383 274 70
400 261 313 103 144
479 496 368 476 42
297 153 453 157 390
339 352 11 33 132
31 21 232 450 414
288 147 1 271 331
397 487 265 423 270
22 41 87 264 280
93 396 72 34 411
361 358 127 382 338
139 228 14 425 129
172 104 52 18 422
286 3 96 8 152
466 181 115 224 426
207 230 356 293 37
126 180 74 307 495
310 317 384 158 35
128 64 71 395 112
164 202 221 26 460
107 445 399 337 343
243 81 284 201 457
9 209 473 82 145
131 306 379 149 462
233 78 459 483 46
101 194 16 378 318
490 324 302 173 424
258 410 111 389 444
279 175 402 184 77
119 29 456 468 440
289 327 419 79 25
367 19 305 252 216
178 329 28 260 236
187 309 383 274 70
400 261 313 103 144
479 496 368 476 42
297 153 453 157 390
339 352 11 33 132
31 21 232 450 414
288 147 1 271 331
397 487 265 423 270
22 41 87 264 280
93 396 72 34 411
361 358 127 382 338
139 228 14 425 129
172 104 52 18 422
286 3 96 8 152
466 181 115 224 426
207 230 356 293 37
126 180 74 307 495
310 317 384 158 35
128 64 71 395 112
164 202 221 26 460
107 445 399 337 343
243 81 284 201 457
9 209 473 82 145
131 306 379 149 462
233 78 459 483 46
101 194 16 378 318
490 324 302 173 424
258 410 111 389 444
279 175 402 184 77
119 29 456 468 440
289 327 419 79 25
367 19 305 252 216
178 329 28 260 236
246 48 259 57 451
187 309 383 274 70
400 261 313 103 144
479 496 368 476 42
297 153 453 157 390
339 352 11 33 132
31 21 232 450 414
288 147 1 271 331
397 487 265 423 270
22 41 87 264 280
93 396 72 34 411
361 358 127 382 338
139 228 14 425 129
172 104 52 18 422
286 3 96 8 152
466 181 115 224 426
207 230 356 293 37
126 180 74 307 495
310 317 384 158 35
128 64 71 395 112
164 202 221 26 460
107 445 399 337 343
243 81 284 201 457
9 209 473 82 145
131 306 379 149 462
233 78 459 483 46
101 194 16 378 318
490 324 302 173 424
258 410 111 389 444
279 175 402 184 77
119 29 456 468 440
289 327 419 79 25
367 19 305 252 216
178 329 28 260 236
246 48 259 57 451
49 413 452 295 436
187 309 383 274 70
400 261 313 103 144
479 496 368 476 42
297 153 453 157 390
339 352 11 33 132
31 21 232 450 414
288 147 1 271 331
397 487 265 423 270
22 41 87 264 280
93 396 72 34 411
361 358 127 382 338
139 228 14 425 129
172 104 52 18 422
286 3 96 8 152
466 181 115 224 426
207 230 356 293 37
126 180 74 307 495
310 317 384 158 35
128 64 71 395 112
164 202 221 26 460
107 445 399 337 343
243 81 284 201 457
9 209 473 82 145
131 306 379 149 462
233 78 459 483 46
101 194 16 378 318
490 324 302 173 424
258 410 111 389 444
279 175 402 184 77
119 29 456 468 440
289 327 419 79 25
367 19 305 252 216
178 329 28 260 236
246 48 259 57 451
49 413 452 295 436
98 298 429 257 6
187 309 383 274 70
400 261 313 103 144
479 496 368 476 42
297 153 453 157 390
339 352 11 33 132
31 21 232 450 414
288 147 1 271 331
397 487 265 423 270
22 41 87 264 280
93 396 72 34 411
361 358 127 382 338
139 228 14 425 129
172 104 52 18 422
286 3 96 8 152
466 181 115 224 426
207 230 356 293 37
126 180 74 307 495
310 317 384 158 35
128 64 71 395 112
164 202 221 26 460
107 445 399 337 343
243 81 284 201 457
9 209 473 82 145
131 306 379 149 462
233 78 459 483 46
101 194 16 378 318
490 324 302 173 424
258 410 111 389 444
279 175 402 184 77
119 29 456 468 440
289 327 419 79 25
367 19 305 252 216
178 329 28 260 236
246 48 259 57 451
49 413 452 295 436
98 298 429 257 6
171 170 43 124 150
187 309 383 274 70
400 261 313 103 144
479 496 368 476 42
297 153 453 157 390
339 352 11 33 132
31 21 232 450 414
288 147 1 271 331
397 487 265 423 270
22 41 87 264 280
93 396 72 34 411
361 358 127 382 338
139 228 14 425 129
172 104 52 18 422
286 3 96 8 152
466 181 115 224 426
207 230 356 293 37
126 180 74 307 495
310 317 384 158 35
128 64 71 395 112
164 202 221 26 460
107 445 399 337 343
243 81 284 201 457
9 209 473 82 145
131 306 379 149 462
233 78 459 483 46
101 194 16 378 318
490 324 302 173 424
258 410 111 389 444
279 175 402 184 77
119 29 456 468 440
289 327 419 79 25
367 19 305 252 216
178 329 28 260 236
246 48 259 57 451
49 413 452 295 436
98 298 429 257 6
171 170 43 124 150
69 244 438 461 65
187 309 383 274 70
400 261 313 103 144
479 496 368 476 42
297 153 453 157 390
339 352 11 33 132
31 21 232 450 414
288 147 1 271 331
397 487 265 423 270
22 41 87 264 280
93 396 72 34 411
361 358 127 382 338
139 228 14 425 129
172 104 52 18 422
286 3 96 8 152
466 181 115 224 426
207 230 356 293 37
126 180 74 307 495
310 317 384 158 35
128 64 71 395 112
164 202 221 26 460
107 445 399 337 343
243 81 284 201 457
9 209 473 82 145
131 306 379 149 462
233 78 459 483 46
101 194 16 378 318
490 324 302 173 424
258 410 111 389 444
279 175 402 184 77
119 29 456 468 440
289 327 419 79 25
367 19 305 252 216
178 329 28 260 236
246 48 259 57 451
49 413 452 295 436
98 298 429 257 6
171 170 43 124 150
69 244 438 461 65
17 154 316 205 203
187 309 383 274 70
400 261 313 103 144
479 496 368 476 42
297 153 453 157 390
339 352 11 33 132
31 21 232 450 414
288 147 1 271 331
397 487 265 423 270
22 41 87 264 280
93 396 72 34 411
361 358 127 382 338
139 228 14 425 129
172 104 52 18 422
286 3 96 8 152
466 181 115 224 426
207 230 356 293 37
126 180 74 307 495
310 317 384 158 35
128 64 71 395 112
164 202 221 26 460
107 445 399 337 343
243 81 284 201 457
9 209 473 82 145
131 306 379 149 462
233 78 459 483 46
101 194 16 378 318
490 324 302 173 424
258 410 111 389 444
279 175 402 184 77
119 29 456 468 440
289 327 419 79 25
367 19 305 252 216
178 329 28 260 236
246 48 259 57 451
49 413 452 295 436
98 298 429 257 6
171 170 43 124 150
69 244 438 461 65
17 154 316 205 203
182 24 63 326 88
187 309 383 274 70
400 261 313 103 144
479 496 368 476 42
297 153 453 157 390
339 352 11 33 132
31 21 232 450 414
288 147 1 271 331
397 487 265 423 270
22 41 87 264 280
93 396 72 34 411
361 358 127 382 338
139 228 14 425 129
172 104 52 18 422
286 3 96 8 152
466 181 115 224 426
207 230 356 293 37
126 180 74 307 495
310 317 384 158 35
128 64 71 395 112
164 202 221 26 460
107 445 399 337 343
243 81 284 201 457
9 209 473 82 145
131 306 379 149 462
233 78 459 483 46
101 194 16 378 318
490 324 302 173 424
258 410 111 389 444
279 175 402 184 77
119 29 456 468 440
289 327 419 79 25
367 19 305 252 216
178 329 28 260 236
246 48 259 57 451
49 413 452 295 436
98 298 429 257 6
171 170 43 124 150
69 244 438 461 65
17 154 316 205 203
182 24 63 326 88
166 237 91 192 494
187 309 383 274 70
400 261 313 103 144
479 496 368 476 42
297 153 453 157 390
339 352 11 33 132
31 21 232 450 414
288 147 1 271 331
397 487 265 423 270
22 41 87 264 280
93 396 72 34 411
361 358 127 382 338
139 228 14 425 129
172 104 52 18 422
286 3 96 8 152
466 181 115 224 426
207 230 356 293 37
126 180 74 307 495
310 317 384 158 35
128 64 71 395 112
164 202 221 26 460
107 445 399 337 343
243 81 284 201 457
9 209 473 82 145
131 306 379 149 462
233 78 459 483 46
101 194 16 378 318
490 324 302 173 424
258 410 111 389 444
279 175 402 184 77
119 29 456 468 440
289 327 419 79 25
367 19 305 252 216
178 329 28 260 236
246 48 259 57 451
49 413 452 295 436
98 298 429 257 6
171 170 43 124 150
69 244 438 461 65
17 154 316 205 203
182 24 63 326 88
166 237 91 192 494
160 176 498 353 341
187 309 383 274 70
400 261 313 103 144
479 496 368 476 42
297 153 453 157 390
339 352 11 33 132
31 21 232 450 414
288 147 1 271 331
397 487 265 423 270
22 41 87 264 280
93 396 72 34 411
361 358 127 382 338
139 228 14 425 129
172 104 52 18 422
286 3 96 8 152
466 181 115 224 426
207 230 356 293 37
126 180 74 307 495
310 317 384 158 35
128 64 71 395 112
164 202 221 26 460
107 445 399 337 343
243 81 284 201 457
9 209 473 82 145
131 306 379 149 462
233 78 459 483 46
101 194 16 378 318
490 324 302 173 424
258 410 111 389 444
279 175 402 184 77
119 29 456 468 440
289 327 419 79 25
367 19 305 252 216
178 329 28 260 236
246 48 259 57 451
49 413 452 295 436
98 298 429 257 6
171 170 43 124 150
69 244 438 461 65
17 154 316 205 203
182 24 63 326 88
166 237 91 192 494
160 176 498 353 341
239 421 364 393 60
187 309 383 274 70
400 261 313 103 144
479 496 368 476 42
297 153 453 157 390
339 352 11 33 132
31 21 232 450 414
288 147 1 271 331
397 487 265 423 270
22 41 87 264 280
93 396 72 34 411
361 358 127 382 338
139 228 14 425 129
172 104 52 18 422
286 3 96 8 152
466 181 115 224 426
207 230 356 293 37
126 180 74 307 495
310 317 384 158 35
128 64 71 395 112
164 202 221 26 460
107 445 399 337 343
243 81 284 201 457
9 209 473 82 145
131 306 379 149 462
233 78 459 483 46
101 194 16 378 318
490 324 302 173 424
258 410 111 389 444
279 175 402 184 77
119 29 456 468 440
289 327 419 79 25
367 19 305 252 216
178 329 28 260 236
246 48 259 57 451
49 413 452 295 436
98 298 429 257 6
171 170 43 124 150
69 244 438 461 65
17 154 316 205 203
182 24 63 326 88
166 237 91 192 494
160 176 498 353 341
239 421 364 393 60
403 446 344 67 408
187 309 383 274 70
400 261 313 103 144
479 496 368 476 42
297 153 453 157 390
339 352 11 33 132
31 21 232 450 414
288 147 1 271 331
397 487 265 423 270
22 41 87 264 280
93 396 72 34 411
361 358 127 382 338
139 228 14 425 129
172 104 52 18 422
286 3 96 8 152
466 181 115 224 426
207 230 356 293 37
126 180 74 307 495
310 317 384 158 35
128 64 71 395 112
164 202 221 26 460
107 445 399 337 343
243 81 284 201 457
9 209 473 82 145
131 306 379 149 462
233 78 459 483 46
101 194 16 378 318
490 324 302 173 424
258 410 111 389 444
279 175 402 184 77
119 29 456 468 440
289 327 419 79 25
367 19 305 252 216
178 329 28 260 236
246 48 259 57 451
49 413 452 295 436
98 298 429 257 6
171 170 43 124 150
69 244 438 461 65
17 154 316 205 203
182 24 63 326 88
166 237 91 192 494
160 176 498 353 341
239 421 364 393 60
403 446 344 67 408
268 262 406 480 434
187 309 383 274 70
400 261 313 103 144
479 496 368 476 42
297 153 453 157 390
339 352 11 33 132
31 21 232 450 414
288 147 1 271 331
397 487 265 423 270
22 41 87 264 280
93 396 72 34 411
361 358 127 382 338
139 228 14 425 129
172 104 52 18 422
286 3 96 8 152
466 181 115 224 426
207 230 356 293 37
126 180 74 307 495
310 317 384 158 35
128 64 71 395 112
164 202 221 26 460
107 445 399 337 343
243 81 284 201 457
9 209 473 82 145
131 306 379 149 462
233 78 459 483 46
101 194 16 378 318
490 324 302 173 424
258 410 111 389 444
279 175 402 184 77
119 29 456 468 440
289 327 419 79 25
367 19 305 252 216
178 329 28 260 236
246 48 259 57 451
49 413 452 295 436
98 298 429 257 6
171 170 43 124 150
69 244 438 461 65
17 154 316 205 203
182 24 63 326 88
166 237 91 192 494
160 176 498 353 341
239 421 364 393 60
403 446 344 67 408
268 262 406 480 434
36 282 85 159 97
187 309 383 274 70
400 261 313 103 144
479 496 368 476 42
297 153 453 157 390
339 352 11 33 132
31 21 232 450 414
288 147 1 271 331
397 487 265 423 270
22 41 87 264 280
93 396 72 34 411
361 358 127 382 338
139 228 14 425 129
172 104 52 18 422
286 3 96 8 152
466 181 115 224 426
207 230 356 293 37
126 180 74 307 495
310 317 384 158 35
128 64 71 395 112
164 202 221 26 460
107 445 399 337 343
243 81 284 201 457
9 209 473 82 145
131 306 379 149 462
233 78 459 483 46
101 194 16 378 318
490 324 302 173 424
258 410 111 389 444
279 175 402 184 77
119 29 456 468 440
289 327 419 79 25
367 19 305 252 216
178 329 28 260 236
246 48 259 57 451
49 413 452 295 436
98 298 429 257 6
171 170 43 124 150
69 244 438 461 65
17 154 316 205 203
182 24 63 326 88
166 237 91 192 494
160 176 498 353 341
239 421 364 393 60
403 446 344 67 408
268 262 406 480 434
36 282 85 159 97
193 80 377 235 186
187 309 383 274 70
400 261 313 103 144
479 496 368 476 42
297 153 453 157 390
339 352 11 33 132
31 21 232 450 414
288 147 1 271 331
397 487 265 423 270
22 41 87 264 280
93 396 72 34 411
361 358 127 382 338
139 228 14 425 129
172 104 52 18 422
286 3 96 8 152
466 181 115 224 426
207 230 356 293 37
126 180 74 307 495
310 317 384 158 35
128 64 71 395 112
164 202 221 26 460
107 445 399 337 343
243 81 284 201 457
9 209 473 82 145
131 306 379 149 462
233 78 459 483 46
101 194 16 378 318
490 324 302 173 424
258 410 111 389 444
279 175 402 184 77
119 29 456 468 440
289 327 419 79 25
367 19 305 252 216
178 329 28 260 236
246 48 259 57 451
49 413 452 295 436
98 298 429 257 6
171 170 43 124 150
69 244 438 461 65
17 154 316 205 203
182 24 63 326 88
166 237 91 192 494
160 176 498 353 341
239 421 364 393 60
403 446 344 67 408
268 262 406 480 434
36 282 85 159 97
193 80 377 235 186
44 73 165 125 167
187 309 383 274 70
400 261 313 103 144
479 496 368 476 42
297 153 453 157 390
339 352 11 33 132
31 21 232 450 414
288 147 1 271 331
397 487 265 423 270
22 41 87 264 280
93 396 72 34 411
361 358 127 382 338
139 228 14 425 129
172 104 52 18 422
286 3 96 8 152
466 181 115 224 426
207 230 356 293 37
126 180 74 307 495
310 317 384 158 35
128 64 71 395 112
164 202 221 26 460
107 445 399 337 343
243 81 284 201 457
9 209 473 82 145
131 306 379 149 462
233 78 459 483 46
101 194 16 378 318
490 324 302 173 424
258 410 111 389 444
279 175 402 184 77
119 29 456 468 440
289 327 419 79 25
367 19 305 252 216
178 329 28 260 236
246 48 259 57 451
49 413 452 295 436
98 298 429 257 6
171 170 43 124 150
69 244 438 461 65
17 154 316 205 203
182 24 63 326 88
166 237 91 192 494
160 176 498 353 341
239 421 364 393 60
403 446 344 67 408
268 262 406 480 434
36 282 85 159 97
193 80 377 235 186
44 73 165 125 167
227 50 401 300 219
187 309 383 274 70
400 261 313 103 144
479 496 368 476 42
297 153 453 157 390
339 352 11 33 132
31 21 232 450 414
288 147 1 271 331
397 487 265 423 270
22 41 87 264 280
93 396 72 34 411
361 358 127 382 338
139 228 14 425 129
172 104 52 18 422
286 3 96 8 152
466 181 115 224 426
207 230 356 293 37
126 180 74 307 495
310 317 384 158 35
128 64 71 395 112
164 202 221 26 460
107 445 399 337 343
243 81 284 201 457
9 209 473 82 145
131 306 379 149 462
233 78 459 483 46
101 194 16 378 318
490 324 302 173 424
258 410 111 389 444
279 175 402 184 77
119 29 456 468 440
289 327 419 79 25
367 19 305 252 216
178 329 28 260 236
246 48 259 57 451
49 413 452 295 436
98 298 429 257 6
171 170 43 124 150
69 244 438 461 65
17 154 316 205 203
182 24 63 326 88
166 237 91 192 494
160 176 498 353 341
239 421 364 393 60
403 446 344 67 408
268 262 406 480 434
36 282 85 159 97
193 80 377 235 186
44 73 165 125 167
227 50 401 300 219
381 249 340 404 363
