174 27 116 87 264
186 26 162 14 235
91 208 224 92 218
149 35 289 104 144
113 130 217 262 188
10 68 260 123 215
72 204 263 124 178
36 200 241 109 59
77 17 2 249 279
119 240 127 298 296
180 19 274 194 177
161 70 6 284 225
42 170 18 202 73
53 37 85 24 13
15 253 143 16 181
269 82 281 244 231
66 280 185 255 9
276 22 171 256 212
209 164 7 23 213
176 192 165 151 191
98 198 115 220 30
34 287 206 226 297
81 126 21 96 201
205 84 4 5 169
278 156 154 147 196
62 8 157 75 33
40 250 11 254 39
94 232 45 20 270
277 136 103 159 193
101 12 197 71 97
