2 315 119 110 242
2 315 119 110 242
327 266 342 264 369
2 315 119 110 242
327 266 342 264 369
224 88 306 255 392
2 315 119 110 242
327 266 342 264 369
224 88 306 255 392
33 339 126 276 440
2 315 119 110 242
327 266 342 264 369
224 88 306 255 392
33 339 126 276 440
99 283 433 267 84
2 315 119 110 242
327 266 342 264 369
224 88 306 255 392
33 339 126 276 440
99 283 433 267 84
156 79 407 383 246
2 315 119 110 242
327 266 342 264 369
224 88 306 255 392
33 339 126 276 440
99 283 433 267 84
156 79 407 383 246
303 125 330 386 394
2 315 119 110 242
327 266 342 264 369
224 88 306 255 392
33 339 126 276 440
99 283 433 267 84
156 79 407 383 246
303 125 330 386 394
101 124 152 133 186
2 315 119 110 242
327 266 342 264 369
224 88 306 255 392
33 339 126 276 440
99 283 433 267 84
156 79 407 383 246
303 125 330 386 394
101 124 152 133 186
256 262 89 252 424
2 315 119 110 242
327 266 342 264 369
224 88 306 255 392
33 339 126 276 440
99 283 433 267 84
156 79 407 383 246
303 125 330 386 394
101 124 152 133 186
256 262 89 252 424
395 419 57 364 450
2 315 119 110 242
327 266 342 264 369
224 88 306 255 392
33 339 126 276 440
99 283 433 267 84
156 79 407 383 246
303 125 330 386 394
101 124 152 133 186
256 262 89 252 424
395 419 57 364 450
113 345 492 122 40
2 315 119 110 242
327 266 342 264 369
224 88 306 255 392
33 339 126 276 440
99 283 433 267 84
156 79 407 383 246
303 125 330 386 394
101 124 152 133 186
256 262 89 252 424
395 419 57 364 450
113 345 492 122 40
76 218 442 326 14
2 315 119 110 242
327 266 342 264 369
224 88 306 255 392
33 339 126 276 440
99 283 433 267 84
156 79 407 383 246
303 125 330 386 394
101 124 152 133 186
256 262 89 252 424
395 419 57 364 450
113 345 492 122 40
76 218 442 326 14
331 234 37 453 241
2 315 119 110 242
327 266 342 264 369
224 88 306 255 392
33 339 126 276 440
99 283 433 267 84
156 79 407 383 246
303 125 330 386 394
101 124 152 133 186
256 262 89 252 424
395 419 57 364 450
113 345 492 122 40
76 218 442 326 14
331 234 37 453 241
149 222 408 215 116
2 315 119 110 242
327 266 342 264 369
224 88 306 255 392
33 339 126 276 440
99 283 433 267 84
156 79 407 383 246
303 125 330 386 394
101 124 152 133 186
256 262 89 252 424
395 419 57 364 450
113 345 492 122 40
76 218 442 326 14
331 234 37 453 241
149 222 408 215 116
481 472 371 175 115
2 315 119 110 242
327 266 342 264 369
224 88 306 255 392
33 339 126 276 440
99 283 433 267 84
156 79 407 383 246
303 125 330 386 394
101 124 152 133 186
256 262 89 252 424
395 419 57 364 450
113 345 492 122 40
76 218 442 326 14
331 234 37 453 241
149 222 408 215 116
481 472 371 175 115
462 251 170 75 123
2 315 119 110 242
327 266 342 264 369
224 88 306 255 392
33 339 126 276 440
99 283 433 267 84
156 79 407 383 246
303 125 330 386 394
101 124 152 133 186
256 262 89 252 424
395 419 57 364 450
113 345 492 122 40
76 218 442 326 14
331 234 37 453 241
149 222 408 215 116
481 472 371 175 115
462 251 170 75 123
106 100 144 185 354
2 315 119 110 242
327 266 342 264 369
224 88 306 255 392
33 339 126 276 440
99 283 433 267 84
156 79 407 383 246
303 125 330 386 394
101 124 152 133 186
256 262 89 252 424
395 419 57 364 450
113 345 492 122 40
76 218 442 326 14
331 234 37 453 241
149 222 408 215 116
481 472 371 175 115
462 251 170 75 123
106 100 144 185 354
494 254 497 209 95
2 315 119 110 242
327 266 342 264 369
224 88 306 255 392
33 339 126 276 440
99 283 433 267 84
156 79 407 383 246
303 125 330 386 394
101 124 152 133 186
256 262 89 252 424
395 419 57 364 450
113 345 492 122 40
76 218 442 326 14
331 234 37 453 241
149 222 408 215 116
481 472 371 175 115
462 251 170 75 123
106 100 144 185 354
494 254 497 209 95
17 187 478 488 377
2 315 119 110 242
327 266 342 264 369
224 88 306 255 392
33 339 126 276 440
99 283 433 267 84
156 79 407 383 246
303 125 330 386 394
101 124 152 133 186
256 262 89 252 424
395 419 57 364 450
113 345 492 122 40
76 218 442 326 14
331 234 37 453 241
149 222 408 215 116
481 472 371 175 115
462 251 170 75 123
106 100 144 185 354
494 254 497 209 95
17 187 478 488 377
493 454 172 178 399
2 315 119 110 242
327 266 342 264 369
224 88 306 255 392
33 339 126 276 440
99 283 433 267 84
156 79 407 383 246
303 125 330 386 394
101 124 152 133 186
256 262 89 252 424
395 419 57 364 450
113 345 492 122 40
76 218 442 326 14
331 234 37 453 241
149 222 408 215 116
481 472 371 175 115
462 251 170 75 123
106 100 144 185 354
494 254 497 209 95
17 187 478 488 377
493 454 172 178 399
105 299 400 217 161
2 315 119 110 242
327 266 342 264 369
224 88 306 255 392
33 339 126 276 440
99 283 433 267 84
156 79 407 383 246
303 125 330 386 394
101 124 152 133 186
256 262 89 252 424
395 419 57 364 450
113 345 492 122 40
76 218 442 326 14
331 234 37 453 241
149 222 408 215 116
481 472 371 175 115
462 251 170 75 123
106 100 144 185 354
494 254 497 209 95
17 187 478 488 377
493 454 172 178 399
105 299 400 217 161
380 51 381 343 482
2 315 119 110 242
327 266 342 264 369
224 88 306 255 392
33 339 126 276 440
99 283 433 267 84
156 79 407 383 246
303 125 330 386 394
101 124 152 133 186
256 262 89 252 424
395 419 57 364 450
113 345 492 122 40
76 218 442 326 14
331 234 37 453 241
149 222 408 215 116
481 472 371 175 115
462 251 170 75 123
106 100 144 185 354
494 254 497 209 95
17 187 478 488 377
493 454 172 178 399
105 299 400 217 161
380 51 381 343 482
437 137 21 374 147
2 315 119 110 242
327 266 342 264 369
224 88 306 255 392
33 339 126 276 440
99 283 433 267 84
156 79 407 383 246
303 125 330 386 394
101 124 152 133 186
256 262 89 252 424
395 419 57 364 450
113 345 492 122 40
76 218 442 326 14
331 234 37 453 241
149 222 408 215 116
481 472 371 175 115
462 251 170 75 123
106 100 144 185 354
494 254 497 209 95
17 187 478 488 377
493 454 172 178 399
105 299 400 217 161
380 51 381 343 482
437 137 21 374 147
18 289 203 410 489
2 315 119 110 242
327 266 342 264 369
224 88 306 255 392
33 339 126 276 440
99 283 433 267 84
156 79 407 383 246
303 125 330 386 394
101 124 152 133 186
256 262 89 252 424
395 419 57 364 450
113 345 492 122 40
76 218 442 326 14
331 234 37 453 241
149 222 408 215 116
481 472 371 175 115
462 251 170 75 123
106 100 144 185 354
494 254 497 209 95
17 187 478 488 377
493 454 172 178 399
105 299 400 217 161
380 51 381 343 482
437 137 21 374 147
18 289 203 410 489
290 168 487 3 74
2 315 119 110 242
327 266 342 264 369
224 88 306 255 392
33 339 126 276 440
99 283 433 267 84
156 79 407 383 246
303 125 330 386 394
101 124 152 133 186
256 262 89 252 424
395 419 57 364 450
113 345 492 122 40
76 218 442 326 14
331 234 37 453 241
149 222 408 215 116
481 472 371 175 115
462 251 170 75 123
106 100 144 185 354
494 254 497 209 95
17 187 478 488 377
493 454 172 178 399
105 299 400 217 161
380 51 381 343 482
437 137 21 374 147
18 289 203 410 489
290 168 487 3 74
363 366 253 151 200
2 315 119 110 242
327 266 342 264 369
224 88 306 255 392
33 339 126 276 440
99 283 433 267 84
156 79 407 383 246
303 125 330 386 394
101 124 152 133 186
256 262 89 252 424
395 419 57 364 450
113 345 492 122 40
76 218 442 326 14
331 234 37 453 241
149 222 408 215 116
481 472 371 175 115
462 251 170 75 123
106 100 144 185 354
494 254 497 209 95
17 187 478 488 377
493 454 172 178 399
105 299 400 217 161
380 51 381 343 482
437 137 21 374 147
18 289 203 410 489
290 168 487 3 74
363 366 253 151 200
490 372 139 250 469
2 315 119 110 242
327 266 342 264 369
224 88 306 255 392
33 339 126 276 440
99 283 433 267 84
156 79 407 383 246
303 125 330 386 394
101 124 152 133 186
256 262 89 252 424
395 419 57 364 450
113 345 492 122 40
76 218 442 326 14
331 234 37 453 241
149 222 408 215 116
481 472 371 175 115
462 251 170 75 123
106 100 144 185 354
494 254 497 209 95
17 187 478 488 377
493 454 172 178 399
105 299 400 217 161
380 51 381 343 482
437 137 21 374 147
18 289 203 410 489
290 168 487 3 74
363 366 253 151 200
490 372 139 250 469
360 420 166 197 212
2 315 119 110 242
327 266 342 264 369
224 88 306 255 392
33 339 126 276 440
99 283 433 267 84
156 79 407 383 246
303 125 330 386 394
101 124 152 133 186
256 262 89 252 424
395 419 57 364 450
113 345 492 122 40
76 218 442 326 14
331 234 37 453 241
149 222 408 215 116
481 472 371 175 115
462 251 170 75 123
106 100 144 185 354
494 254 497 209 95
17 187 478 488 377
493 454 172 178 399
105 299 400 217 161
380 51 381 343 482
437 137 21 374 147
18 289 203 410 489
290 168 487 3 74
363 366 253 151 200
490 372 139 250 469
360 420 166 197 212
498 62 160 173 451
2 315 119 110 242
327 266 342 264 369
224 88 306 255 392
33 339 126 276 440
99 283 433 267 84
156 79 407 383 246
303 125 330 386 394
101 124 152 133 186
256 262 89 252 424
395 419 57 364 450
113 345 492 122 40
76 218 442 326 14
331 234 37 453 241
149 222 408 215 116
481 472 371 175 115
462 251 170 75 123
106 100 144 185 354
494 254 497 209 95
17 187 478 488 377
493 454 172 178 399
105 299 400 217 161
380 51 381 343 482
437 137 21 374 147
18 289 203 410 489
290 168 487 3 74
363 366 253 151 200
490 372 139 250 469
360 420 166 197 212
498 62 160 173 451
201 208 304 36 425
2 315 119 110 242
327 266 342 264 369
224 88 306 255 392
33 339 126 276 440
99 283 433 267 84
156 79 407 383 246
303 125 330 386 394
101 124 152 133 186
256 262 89 252 424
395 419 57 364 450
113 345 492 122 40
76 218 442 326 14
331 234 37 453 241
149 222 408 215 116
481 472 371 175 115
462 251 170 75 123
106 100 144 185 354
494 254 497 209 95
17 187 478 488 377
493 454 172 178 399
105 299 400 217 161
380 51 381 343 482
437 137 21 374 147
18 289 203 410 489
290 168 487 3 74
363 366 253 151 200
490 372 139 250 469
360 420 166 197 212
498 62 160 173 451
201 208 304 36 425
434 282 103 312 229
2 315 119 110 242
327 266 342 264 369
224 88 306 255 392
33 339 126 276 440
99 283 433 267 84
156 79 407 383 246
303 125 330 386 394
101 124 152 133 186
256 262 89 252 424
395 419 57 364 450
113 345 492 122 40
76 218 442 326 14
331 234 37 453 241
149 222 408 215 116
481 472 371 175 115
462 251 170 75 123
106 100 144 185 354
494 254 497 209 95
17 187 478 488 377
493 454 172 178 399
105 299 400 217 161
380 51 381 343 482
437 137 21 374 147
18 289 203 410 489
290 168 487 3 74
363 366 253 151 200
490 372 139 250 469
360 420 166 197 212
498 62 160 173 451
201 208 304 36 425
434 282 103 312 229
233 466 20 216 238
2 315 119 110 242
327 266 342 264 369
224 88 306 255 392
33 339 126 276 440
99 283 433 267 84
156 79 407 383 246
303 125 330 386 394
101 124 152 133 186
256 262 89 252 424
395 419 57 364 450
113 345 492 122 40
76 218 442 326 14
331 234 37 453 241
149 222 408 215 116
481 472 371 175 115
462 251 170 75 123
106 100 144 185 354
494 254 497 209 95
17 187 478 488 377
493 454 172 178 399
105 299 400 217 161
380 51 381 343 482
437 137 21 374 147
18 289 203 410 489
290 168 487 3 74
363 366 253 151 200
490 372 139 250 469
360 420 166 197 212
498 62 160 173 451
201 208 304 36 425
434 282 103 312 229
233 466 20 216 238
322 1 390 323 61
2 315 119 110 242
327 266 342 264 369
224 88 306 255 392
33 339 126 276 440
99 283 433 267 84
156 79 407 383 246
303 125 330 386 394
101 124 152 133 186
256 262 89 252 424
395 419 57 364 450
113 345 492 122 40
76 218 442 326 14
331 234 37 453 241
149 222 408 215 116
481 472 371 175 115
462 251 170 75 123
106 100 144 185 354
494 254 497 209 95
17 187 478 488 377
493 454 172 178 399
105 299 400 217 161
380 51 381 343 482
437 137 21 374 147
18 289 203 410 489
290 168 487 3 74
363 366 253 151 200
490 372 139 250 469
360 420 166 197 212
498 62 160 173 451
201 208 304 36 425
434 282 103 312 229
233 466 20 216 238
322 1 390 323 61
325 401 188 58 228
2 315 119 110 242
327 266 342 264 369
224 88 306 255 392
33 339 126 276 440
99 283 433 267 84
156 79 407 383 246
303 125 330 386 394
101 124 152 133 186
256 262 89 252 424
395 419 57 364 450
113 345 492 122 40
76 218 442 326 14
331 234 37 453 241
149 222 408 215 116
481 472 371 175 115
462 251 170 75 123
106 100 144 185 354
494 254 497 209 95
17 187 478 488 377
493 454 172 178 399
105 299 400 217 161
380 51 381 343 482
437 137 21 374 147
18 289 203 410 489
290 168 487 3 74
363 366 253 151 200
490 372 139 250 469
360 420 166 197 212
498 62 160 173 451
201 208 304 36 425
434 282 103 312 229
233 466 20 216 238
322 1 390 323 61
325 401 188 58 228
182 373 352 362 445
2 315 119 110 242
327 266 342 264 369
224 88 306 255 392
33 339 126 276 440
99 283 433 267 84
156 79 407 383 246
303 125 330 386 394
101 124 152 133 186
256 262 89 252 424
395 419 57 364 450
113 345 492 122 40
76 218 442 326 14
331 234 37 453 241
149 222 408 215 116
481 472 371 175 115
462 251 170 75 123
106 100 144 185 354
494 254 497 209 95
17 187 478 488 377
493 454 172 178 399
105 299 400 217 161
380 51 381 343 482
437 137 21 374 147
18 289 203 410 489
290 168 487 3 74
363 366 253 151 200
490 372 139 250 469
360 420 166 197 212
498 62 160 173 451
201 208 304 36 425
434 282 103 312 229
233 466 20 216 238
322 1 390 323 61
325 401 188 58 228
182 373 352 362 445
210 52 496 54 93
2 315 119 110 242
327 266 342 264 369
224 88 306 255 392
33 339 126 276 440
99 283 433 267 84
156 79 407 383 246
303 125 330 386 394
101 124 152 133 186
256 262 89 252 424
395 419 57 364 450
113 345 492 122 40
76 218 442 326 14
331 234 37 453 241
149 222 408 215 116
481 472 371 175 115
462 251 170 75 123
106 100 144 185 354
494 254 497 209 95
17 187 478 488 377
493 454 172 178 399
105 299 400 217 161
380 51 381 343 482
437 137 21 374 147
18 289 203 410 489
290 168 487 3 74
363 366 253 151 200
490 372 139 250 469
360 420 166 197 212
498 62 160 173 451
201 208 304 36 425
434 282 103 312 229
233 466 20 216 238
322 1 390 323 61
325 401 188 58 228
182 373 352 362 445
210 52 496 54 93
428 423 45 8 109
2 315 119 110 242
327 266 342 264 369
224 88 306 255 392
33 339 126 276 440
99 283 433 267 84
156 79 407 383 246
303 125 330 386 394
101 124 152 133 186
256 262 89 252 424
395 419 57 364 450
113 345 492 122 40
76 218 442 326 14
331 234 37 453 241
149 222 408 215 116
481 472 371 175 115
462 251 170 75 123
106 100 144 185 354
494 254 497 209 95
17 187 478 488 377
493 454 172 178 399
105 299 400 217 161
380 51 381 343 482
437 137 21 374 147
18 289 203 410 489
290 168 487 3 74
363 366 253 151 200
490 372 139 250 469
360 420 166 197 212
498 62 160 173 451
201 208 304 36 425
434 282 103 312 229
233 466 20 216 238
322 1 390 323 61
325 401 188 58 228
182 373 352 362 445
210 52 496 54 93
428 423 45 8 109
422 129 85 30 404
2 315 119 110 242
327 266 342 264 369
224 88 306 255 392
33 339 126 276 440
99 283 433 267 84
156 79 407 383 246
303 125 330 386 394
101 124 152 133 186
256 262 89 252 424
395 419 57 364 450
113 345 492 122 40
76 218 442 326 14
331 234 37 453 241
149 222 408 215 116
481 472 371 175 115
462 251 170 75 123
106 100 144 185 354
494 254 497 209 95
17 187 478 488 377
493 454 172 178 399
105 299 400 217 161
380 51 381 343 482
437 137 21 374 147
18 289 203 410 489
290 168 487 3 74
363 366 253 151 200
490 372 139 250 469
360 420 166 197 212
498 62 160 173 451
201 208 304 36 425
434 282 103 312 229
233 466 20 216 238
322 1 390 323 61
325 401 188 58 228
182 373 352 362 445
210 52 496 54 93
428 423 45 8 109
422 129 85 30 404
4 316 336 379 130
2 315 119 110 242
327 266 342 264 369
224 88 306 255 392
33 339 126 276 440
99 283 433 267 84
156 79 407 383 246
303 125 330 386 394
101 124 152 133 186
256 262 89 252 424
395 419 57 364 450
113 345 492 122 40
76 218 442 326 14
331 234 37 453 241
149 222 408 215 116
481 472 371 175 115
462 251 170 75 123
106 100 144 185 354
494 254 497 209 95
17 187 478 488 377
493 454 172 178 399
105 299 400 217 161
380 51 381 343 482
437 137 21 374 147
18 289 203 410 489
290 168 487 3 74
363 366 253 151 200
490 372 139 250 469
360 420 166 197 212
498 62 160 173 451
201 208 304 36 425
434 282 103 312 229
233 466 20 216 238
322 1 390 323 61
325 401 188 58 228
182 373 352 362 445
210 52 496 54 93
428 423 45 8 109
422 129 85 30 404
4 316 336 379 130
263 416 340 477 181
2 315 119 110 242
327 266 342 264 369
224 88 306 255 392
33 339 126 276 440
99 283 433 267 84
156 79 407 383 246
303 125 330 386 394
101 124 152 133 186
256 262 89 252 424
395 419 57 364 450
113 345 492 122 40
76 218 442 326 14
331 234 37 453 241
149 222 408 215 116
481 472 371 175 115
462 251 170 75 123
106 100 144 185 354
494 254 497 209 95
17 187 478 488 377
493 454 172 178 399
105 299 400 217 161
380 51 381 343 482
437 137 21 374 147
18 289 203 410 489
290 168 487 3 74
363 366 253 151 200
490 372 139 250 469
360 420 166 197 212
498 62 160 173 451
201 208 304 36 425
434 282 103 312 229
233 466 20 216 238
322 1 390 323 61
325 401 188 58 228
182 373 352 362 445
210 52 496 54 93
428 423 45 8 109
422 129 85 30 404
4 316 336 379 130
263 416 340 477 181
378 80 384 430 53
2 315 119 110 242
327 266 342 264 369
224 88 306 255 392
33 339 126 276 440
99 283 433 267 84
156 79 407 383 246
303 125 330 386 394
101 124 152 133 186
256 262 89 252 424
395 419 57 364 450
113 345 492 122 40
76 218 442 326 14
331 234 37 453 241
149 222 408 215 116
481 472 371 175 115
462 251 170 75 123
106 100 144 185 354
494 254 497 209 95
17 187 478 488 377
493 454 172 178 399
105 299 400 217 161
380 51 381 343 482
437 137 21 374 147
18 289 203 410 489
290 168 487 3 74
363 366 253 151 200
490 372 139 250 469
360 420 166 197 212
498 62 160 173 451
201 208 304 36 425
434 282 103 312 229
233 466 20 216 238
322 1 390 323 61
325 401 188 58 228
182 373 352 362 445
210 52 496 54 93
428 423 45 8 109
422 129 85 30 404
4 316 336 379 130
263 416 340 477 181
378 80 384 430 53
396 9 237 92 402
2 315 119 110 242
327 266 342 264 369
224 88 306 255 392
33 339 126 276 440
99 283 433 267 84
156 79 407 383 246
303 125 330 386 394
101 124 152 133 186
256 262 89 252 424
395 419 57 364 450
113 345 492 122 40
76 218 442 326 14
331 234 37 453 241
149 222 408 215 116
481 472 371 175 115
462 251 170 75 123
106 100 144 185 354
494 254 497 209 95
17 187 478 488 377
493 454 172 178 399
105 299 400 217 161
380 51 381 343 482
437 137 21 374 147
18 289 203 410 489
290 168 487 3 74
363 366 253 151 200
490 372 139 250 469
360 420 166 197 212
498 62 160 173 451
201 208 304 36 425
434 282 103 312 229
233 466 20 216 238
322 1 390 323 61
325 401 188 58 228
182 373 352 362 445
210 52 496 54 93
428 423 45 8 109
422 129 85 30 404
4 316 336 379 130
263 416 340 477 181
378 80 384 430 53
396 9 237 92 402
405 334 244 60 305
2 315 119 110 242
327 266 342 264 369
224 88 306 255 392
33 339 126 276 440
99 283 433 267 84
156 79 407 383 246
303 125 330 386 394
101 124 152 133 186
256 262 89 252 424
395 419 57 364 450
113 345 492 122 40
76 218 442 326 14
331 234 37 453 241
149 222 408 215 116
481 472 371 175 115
462 251 170 75 123
106 100 144 185 354
494 254 497 209 95
17 187 478 488 377
493 454 172 178 399
105 299 400 217 161
380 51 381 343 482
437 137 21 374 147
18 289 203 410 489
290 168 487 3 74
363 366 253 151 200
490 372 139 250 469
360 420 166 197 212
498 62 160 173 451
201 208 304 36 425
434 282 103 312 229
233 466 20 216 238
322 1 390 323 61
325 401 188 58 228
182 373 352 362 445
210 52 496 54 93
428 423 45 8 109
422 129 85 30 404
4 316 336 379 130
263 416 340 477 181
378 80 384 430 53
396 9 237 92 402
405 334 244 60 305
455 159 86 406 82
2 315 119 110 242
327 266 342 264 369
224 88 306 255 392
33 339 126 276 440
99 283 433 267 84
156 79 407 383 246
303 125 330 386 394
101 124 152 133 186
256 262 89 252 424
395 419 57 364 450
113 345 492 122 40
76 218 442 326 14
331 234 37 453 241
149 222 408 215 116
481 472 371 175 115
462 251 170 75 123
106 100 144 185 354
494 254 497 209 95
17 187 478 488 377
493 454 172 178 399
105 299 400 217 161
380 51 381 343 482
437 137 21 374 147
18 289 203 410 489
290 168 487 3 74
363 366 253 151 200
490 372 139 250 469
360 420 166 197 212
498 62 160 173 451
201 208 304 36 425
434 282 103 312 229
233 466 20 216 238
322 1 390 323 61
325 401 188 58 228
182 373 352 362 445
210 52 496 54 93
428 423 45 8 109
422 129 85 30 404
4 316 336 379 130
263 416 340 477 181
378 80 384 430 53
396 9 237 92 402
405 334 244 60 305
455 159 86 406 82
211 191 310 148 239
2 315 119 110 242
327 266 342 264 369
224 88 306 255 392
33 339 126 276 440
99 283 433 267 84
156 79 407 383 246
303 125 330 386 394
101 124 152 133 186
256 262 89 252 424
395 419 57 364 450
113 345 492 122 40
76 218 442 326 14
331 234 37 453 241
149 222 408 215 116
481 472 371 175 115
462 251 170 75 123
106 100 144 185 354
494 254 497 209 95
17 187 478 488 377
493 454 172 178 399
105 299 400 217 161
380 51 381 343 482
437 137 21 374 147
18 289 203 410 489
290 168 487 3 74
363 366 253 151 200
490 372 139 250 469
360 420 166 197 212
498 62 160 173 451
201 208 304 36 425
434 282 103 312 229
233 466 20 216 238
322 1 390 323 61
325 401 188 58 228
182 373 352 362 445
210 52 496 54 93
428 423 45 8 109
422 129 85 30 404
4 316 336 379 130
263 416 340 477 181
378 80 384 430 53
396 9 237 92 402
405 334 244 60 305
455 159 86 406 82
211 191 310 148 239
441 446 223 206 300
2 315 119 110 242
327 266 342 264 369
224 88 306 255 392
33 339 126 276 440
99 283 433 267 84
156 79 407 383 246
303 125 330 386 394
101 124 152 133 186
256 262 89 252 424
395 419 57 364 450
113 345 492 122 40
76 218 442 326 14
331 234 37 453 241
149 222 408 215 116
481 472 371 175 115
462 251 170 75 123
106 100 144 185 354
494 254 497 209 95
17 187 478 488 377
493 454 172 178 399
105 299 400 217 161
380 51 381 343 482
437 137 21 374 147
18 289 203 410 489
290 168 487 3 74
363 366 253 151 200
490 372 139 250 469
360 420 166 197 212
498 62 160 173 451
201 208 304 36 425
434 282 103 312 229
233 466 20 216 238
322 1 390 323 61
325 401 188 58 228
182 373 352 362 445
210 52 496 54 93
428 423 45 8 109
422 129 85 30 404
4 316 336 379 130
263 416 340 477 181
378 80 384 430 53
396 9 237 92 402
405 334 244 60 305
455 159 86 406 82
211 191 310 148 239
441 446 223 206 300
219 367 117 77 78
2 315 119 110 242
327 266 342 264 369
224 88 306 255 392
33 339 126 276 440
99 283 433 267 84
156 79 407 383 246
303 125 330 386 394
101 124 152 133 186
256 262 89 252 424
395 419 57 364 450
113 345 492 122 40
76 218 442 326 14
331 234 37 453 241
149 222 408 215 116
481 472 371 175 115
462 251 170 75 123
106 100 144 185 354
494 254 497 209 95
17 187 478 488 377
493 454 172 178 399
105 299 400 217 161
380 51 381 343 482
437 137 21 374 147
18 289 203 410 489
290 168 487 3 74
363 366 253 151 200
490 372 139 250 469
360 420 166 197 212
498 62 160 173 451
201 208 304 36 425
434 282 103 312 229
233 466 20 216 238
322 1 390 323 61
325 401 188 58 228
182 373 352 362 445
210 52 496 54 93
428 423 45 8 109
422 129 85 30 404
4 316 336 379 130
263 416 340 477 181
378 80 384 430 53
396 9 237 92 402
405 334 244 60 305
455 159 86 406 82
211 191 310 148 239
441 446 223 206 300
219 367 117 77 78
273 356 94 361 485
2 315 119 110 242
327 266 342 264 369
224 88 306 255 392
33 339 126 276 440
99 283 433 267 84
156 79 407 383 246
303 125 330 386 394
101 124 152 133 186
256 262 89 252 424
395 419 57 364 450
113 345 492 122 40
76 218 442 326 14
331 234 37 453 241
149 222 408 215 116
481 472 371 175 115
462 251 170 75 123
106 100 144 185 354
494 254 497 209 95
17 187 478 488 377
493 454 172 178 399
105 299 400 217 161
380 51 381 343 482
437 137 21 374 147
18 289 203 410 489
290 168 487 3 74
363 366 253 151 200
490 372 139 250 469
360 420 166 197 212
498 62 160 173 451
201 208 304 36 425
434 282 103 312 229
233 466 20 216 238
322 1 390 323 61
325 401 188 58 228
182 373 352 362 445
210 52 496 54 93
428 423 45 8 109
422 129 85 30 404
4 316 336 379 130
263 416 340 477 181
378 80 384 430 53
396 9 237 92 402
405 334 244 60 305
455 159 86 406 82
211 191 310 148 239
441 446 223 206 300
219 367 117 77 78
273 356 94 361 485
248 176 108 351 142
2 315 119 110 242
327 266 342 264 369
224 88 306 255 392
33 339 126 276 440
99 283 433 267 84
156 79 407 383 246
303 125 330 386 394
101 124 152 133 186
256 262 89 252 424
395 419 57 364 450
113 345 492 122 40
76 218 442 326 14
331 234 37 453 241
149 222 408 215 116
481 472 371 175 115
462 251 170 75 123
106 100 144 185 354
494 254 497 209 95
17 187 478 488 377
493 454 172 178 399
105 299 400 217 161
380 51 381 343 482
437 137 21 374 147
18 289 203 410 489
290 168 487 3 74
363 366 253 151 200
490 372 139 250 469
360 420 166 197 212
498 62 160 173 451
201 208 304 36 425
434 282 103 312 229
233 466 20 216 238
322 1 390 323 61
325 401 188 58 228
182 373 352 362 445
210 52 496 54 93
428 423 45 8 109
422 129 85 30 404
4 316 336 379 130
263 416 340 477 181
378 80 384 430 53
396 9 237 92 402
405 334 244 60 305
455 159 86 406 82
211 191 310 148 239
441 446 223 206 300
219 367 117 77 78
273 356 94 361 485
248 176 108 351 142
177 324 230 56 163
