354 92 270 414 6
27 320 87 104 273
100 107 263 492 406
135 171 310 56 434
489 54 286 63 122
327 316 271 246 326
355 244 80 153 321
127 189 458 356 337
105 55 116 208 139
216 14 169 491 130
295 191 143 142 382
177 290 164 398 338
306 480 102 332 466
261 353 242 73 400
284 173 90 265 106
443 407 174 322 74
65 411 134 386 442
323 415 401 459 421
283 303 268 436 417
255 220 190 145 228
291 381 1 391 205
275 305 141 209 314
342 350 197 269 441
78 206 157 419 446
409 469 115 118 318
309 471 465 402 257
82 237 187 462
185 460 47 364 296
478 111 124 41 223
203 495 485 289 236
21 359 464 438
202 432 474 46
254 390 292 272 331
362 439 394 207 132
427 60 62 365 64
496 348 304 110 435
349 384 2 429 239
138 328 5 7 231
413 59 372 312 369
297 137 146 426 101
11 453 129 234 183
300 151 88 329
79 57 447 97
30 117 51 201
29 34 181 473 282
13 380 24 32 281
264 248 455 431 140
178 476
155 250
