157 445 69 274
157 445 69 274
201 381 340 242
157 445 69 274
201 381 340 242
329 290 205 117
157 445 69 274
201 381 340 242
329 290 205 117
165 82
157 445 69 274
201 381 340 242
329 290 205 117
165 82
297 126 492
157 445 69 274
201 381 340 242
329 290 205 117
165 82
297 126 492
81 159 55
157 445 69 274
201 381 340 242
329 290 205 117
165 82
297 126 492
81 159 55
495 22
157 445 69 274
201 381 340 242
329 290 205 117
165 82
297 126 492
81 159 55
495 22
385 351 299
157 445 69 274
201 381 340 242
329 290 205 117
165 82
297 126 492
81 159 55
495 22
385 351 299
367 479
157 445 69 274
201 381 340 242
329 290 205 117
165 82
297 126 492
81 159 55
495 22
385 351 299
367 479
363 450
157 445 69 274
201 381 340 242
329 290 205 117
165 82
297 126 492
81 159 55
495 22
385 351 299
367 479
363 450
321 31
157 445 69 274
201 381 340 242
329 290 205 117
165 82
297 126 492
81 159 55
495 22
385 351 299
367 479
363 450
321 31
426 304
157 445 69 274
201 381 340 242
329 290 205 117
165 82
297 126 492
81 159 55
495 22
385 351 299
367 479
363 450
321 31
426 304
247 103
157 445 69 274
201 381 340 242
329 290 205 117
165 82
297 126 492
81 159 55
495 22
385 351 299
367 479
363 450
321 31
426 304
247 103
335 474
157 445 69 274
201 381 340 242
329 290 205 117
165 82
297 126 492
81 159 55
495 22
385 351 299
367 479
363 450
321 31
426 304
247 103
335 474
116 322 224
157 445 69 274
201 381 340 242
329 290 205 117
165 82
297 126 492
81 159 55
495 22
385 351 299
367 479
363 450
321 31
426 304
247 103
335 474
116 322 224
134 366
157 445 69 274
201 381 340 242
329 290 205 117
165 82
297 126 492
81 159 55
495 22
385 351 299
367 479
363 450
321 31
426 304
247 103
335 474
116 322 224
134 366
486 438
157 445 69 274
201 381 340 242
329 290 205 117
165 82
297 126 492
81 159 55
495 22
385 351 299
367 479
363 450
321 31
426 304
247 103
335 474
116 322 224
134 366
486 438
289 40
157 445 69 274
201 381 340 242
329 290 205 117
165 82
297 126 492
81 159 55
495 22
385 351 299
367 479
363 450
321 31
426 304
247 103
335 474
116 322 224
134 366
486 438
289 40
249 393
157 445 69 274
201 381 340 242
329 290 205 117
165 82
297 126 492
81 159 55
495 22
385 351 299
367 479
363 450
321 31
426 304
247 103
335 474
116 322 224
134 366
486 438
289 40
249 393
373 346
157 445 69 274
201 381 340 242
329 290 205 117
165 82
297 126 492
81 159 55
495 22
385 351 299
367 479
363 450
321 31
426 304
247 103
335 474
116 322 224
134 366
486 438
289 40
249 393
373 346
372 293
157 445 69 274
201 381 340 242
329 290 205 117
165 82
297 126 492
81 159 55
495 22
385 351 299
367 479
363 450
321 31
426 304
247 103
335 474
116 322 224
134 366
486 438
289 40
249 393
373 346
372 293
185 413
157 445 69 274
201 381 340 242
329 290 205 117
165 82
297 126 492
81 159 55
495 22
385 351 299
367 479
363 450
321 31
426 304
247 103
335 474
116 322 224
134 366
486 438
289 40
249 393
373 346
372 293
185 413
306 392
157 445 69 274
201 381 340 242
329 290 205 117
165 82
297 126 492
81 159 55
495 22
385 351 299
367 479
363 450
321 31
426 304
247 103
335 474
116 322 224
134 366
486 438
289 40
249 393
373 346
372 293
185 413
306 392
46 2
