320 338 339 334 337
320 338 339 334 337
480 498 499 494 497
320 338 339 334 337
480 498 499 494 497
300 301 302 303 304
320 338 339 334 337
480 498 499 494 497
300 301 302 303 304
460 461 462 463 464
320 338 339 334 337
480 498 499 494 497
300 301 302 303 304
460 461 462 463 464
220 238 239 234 237
320 338 339 334 337
480 498 499 494 497
300 301 302 303 304
460 461 462 463 464
220 238 239 234 237
240 241 242 243 244
320 338 339 334 337
480 498 499 494 497
300 301 302 303 304
460 461 462 463 464
220 238 239 234 237
240 241 242 243 244
260 261 262 263 264
320 338 339 334 337
480 498 499 494 497
300 301 302 303 304
460 461 462 463 464
220 238 239 234 237
240 241 242 243 244
260 261 262 263 264
280 281 282 283 284
320 338 339 334 337
480 498 499 494 497
300 301 302 303 304
460 461 462 463 464
220 238 239 234 237
240 241 242 243 244
260 261 262 263 264
280 281 282 283 284
340 358 359 354 357
320 338 339 334 337
480 498 499 494 497
300 301 302 303 304
460 461 462 463 464
220 238 239 234 237
240 241 242 243 244
260 261 262 263 264
280 281 282 283 284
340 358 359 354 357
160 161 162 163 164
320 338 339 334 337
480 498 499 494 497
300 301 302 303 304
460 461 462 463 464
220 238 239 234 237
240 241 242 243 244
260 261 262 263 264
280 281 282 283 284
340 358 359 354 357
160 161 162 163 164
180 181 182 183 184
320 338 339 334 337
480 498 499 494 497
300 301 302 303 304
460 461 462 463 464
220 238 239 234 237
240 241 242 243 244
260 261 262 263 264
280 281 282 283 284
340 358 359 354 357
160 161 162 163 164
180 181 182 183 184
400 418 419 414 417
320 338 339 334 337
480 498 499 494 497
300 301 302 303 304
460 461 462 463 464
220 238 239 234 237
240 241 242 243 244
260 261 262 263 264
280 281 282 283 284
340 358 359 354 357
160 161 162 163 164
180 181 182 183 184
400 418 419 414 417
380 381 382 383 384
320 338 339 334 337
480 498 499 494 497
300 301 302 303 304
460 461 462 463 464
220 238 239 234 237
240 241 242 243 244
260 261 262 263 264
280 281 282 283 284
340 358 359 354 357
160 161 162 163 164
180 181 182 183 184
400 418 419 414 417
380 381 382 383 384
20 21 22 23 24
320 338 339 334 337
480 498 499 494 497
300 301 302 303 304
460 461 462 463 464
220 238 239 234 237
240 241 242 243 244
260 261 262 263 264
280 281 282 283 284
340 358 359 354 357
160 161 162 163 164
180 181 182 183 184
400 418 419 414 417
380 381 382 383 384
20 21 22 23 24
60 61 62 63 64
320 338 339 334 337
480 498 499 494 497
300 301 302 303 304
460 461 462 463 464
220 238 239 234 237
240 241 242 243 244
260 261 262 263 264
280 281 282 283 284
340 358 359 354 357
160 161 162 163 164
180 181 182 183 184
400 418 419 414 417
380 381 382 383 384
20 21 22 23 24
60 61 62 63 64
140 158 159 154 157
320 338 339 334 337
480 498 499 494 497
300 301 302 303 304
460 461 462 463 464
220 238 239 234 237
240 241 242 243 244
260 261 262 263 264
280 281 282 283 284
340 358 359 354 357
160 161 162 163 164
180 181 182 183 184
400 418 419 414 417
380 381 382 383 384
20 21 22 23 24
60 61 62 63 64
140 158 159 154 157
120 138 139 134 137
320 338 339 334 337
480 498 499 494 497
300 301 302 303 304
460 461 462 463 464
220 238 239 234 237
240 241 242 243 244
260 261 262 263 264
280 281 282 283 284
340 358 359 354 357
160 161 162 163 164
180 181 182 183 184
400 418 419 414 417
380 381 382 383 384
20 21 22 23 24
60 61 62 63 64
140 158 159 154 157
120 138 139 134 137
0 18 19 14 17
320 338 339 334 337
480 498 499 494 497
300 301 302 303 304
460 461 462 463 464
220 238 239 234 237
240 241 242 243 244
260 261 262 263 264
280 281 282 283 284
340 358 359 354 357
160 161 162 163 164
180 181 182 183 184
400 418 419 414 417
380 381 382 383 384
20 21 22 23 24
60 61 62 63 64
140 158 159 154 157
120 138 139 134 137
0 18 19 14 17
100 118 119 114 117
320 338 339 334 337
480 498 499 494 497
300 301 302 303 304
460 461 462 463 464
220 238 239 234 237
240 241 242 243 244
260 261 262 263 264
280 281 282 283 284
340 358 359 354 357
160 161 162 163 164
180 181 182 183 184
400 418 419 414 417
380 381 382 383 384
20 21 22 23 24
60 61 62 63 64
140 158 159 154 157
120 138 139 134 137
0 18 19 14 17
100 118 119 114 117
40 58 59 54 57
320 338 339 334 337
480 498 499 494 497
300 301 302 303 304
460 461 462 463 464
220 238 239 234 237
240 241 242 243 244
260 261 262 263 264
280 281 282 283 284
340 358 359 354 357
160 161 162 163 164
180 181 182 183 184
400 418 419 414 417
380 381 382 383 384
20 21 22 23 24
60 61 62 63 64
140 158 159 154 157
120 138 139 134 137
0 18 19 14 17
100 118 119 114 117
40 58 59 54 57
80 98 99 94 97
320 338 339 334 337
480 498 499 494 497
300 301 302 303 304
460 461 462 463 464
220 238 239 234 237
240 241 242 243 244
260 261 262 263 264
280 281 282 283 284
340 358 359 354 357
160 161 162 163 164
180 181 182 183 184
400 418 419 414 417
380 381 382 383 384
20 21 22 23 24
60 61 62 63 64
140 158 159 154 157
120 138 139 134 137
0 18 19 14 17
100 118 119 114 117
40 58 59 54 57
80 98 99 94 97
360 361 362 363 364
320 338 339 334 337
480 498 499 494 497
300 301 302 303 304
460 461 462 463 464
220 238 239 234 237
240 241 242 243 244
260 261 262 263 264
280 281 282 283 284
340 358 359 354 357
160 161 162 163 164
180 181 182 183 184
400 418 419 414 417
380 381 382 383 384
20 21 22 23 24
60 61 62 63 64
140 158 159 154 157
120 138 139 134 137
0 18 19 14 17
100 118 119 114 117
40 58 59 54 57
80 98 99 94 97
360 361 362 363 364
440 458 459 454 457
320 338 339 334 337
480 498 499 494 497
300 301 302 303 304
460 461 462 463 464
220 238 239 234 237
240 241 242 243 244
260 261 262 263 264
280 281 282 283 284
340 358 359 354 357
160 161 162 163 164
180 181 182 183 184
400 418 419 414 417
380 381 382 383 384
20 21 22 23 24
60 61 62 63 64
140 158 159 154 157
120 138 139 134 137
0 18 19 14 17
100 118 119 114 117
40 58 59 54 57
80 98 99 94 97
360 361 362 363 364
440 458 459 454 457
420 438 439 434 437
320 338 339 334 337
480 498 499 494 497
300 301 302 303 304
460 461 462 463 464
220 238 239 234 237
240 241 242 243 244
260 261 262 263 264
280 281 282 283 284
340 358 359 354 357
160 161 162 163 164
180 181 182 183 184
400 418 419 414 417
380 381 382 383 384
20 21 22 23 24
60 61 62 63 64
140 158 159 154 157
120 138 139 134 137
0 18 19 14 17
100 118 119 114 117
40 58 59 54 57
80 98 99 94 97
360 361 362 363 364
440 458 459 454 457
420 438 439 434 437
200 218 219 214 217
