95 197 142 298 480
95 197 142 298 480
0 425 323 282 308
95 197 142 298 480
0 425 323 282 308
84 185 388 440 121
95 197 142 298 480
0 425 323 282 308
84 185 388 440 121
16 102 340 386 117
95 197 142 298 480
0 425 323 282 308
84 185 388 440 121
16 102 340 386 117
38 90 152 372
95 197 142 298 480
0 425 323 282 308
84 185 388 440 121
16 102 340 386 117
38 90 152 372
207 253 294 338
95 197 142 298 480
0 425 323 282 308
84 185 388 440 121
16 102 340 386 117
38 90 152 372
207 253 294 338
48 471 327 281
95 197 142 298 480
0 425 323 282 308
84 185 388 440 121
16 102 340 386 117
38 90 152 372
207 253 294 338
48 471 327 281
126 398 473 255 358
95 197 142 298 480
0 425 323 282 308
84 185 388 440 121
16 102 340 386 117
38 90 152 372
207 253 294 338
48 471 327 281
126 398 473 255 358
30 67 175 246
95 197 142 298 480
0 425 323 282 308
84 185 388 440 121
16 102 340 386 117
38 90 152 372
207 253 294 338
48 471 327 281
126 398 473 255 358
30 67 175 246
192 383 479 351
95 197 142 298 480
0 425 323 282 308
84 185 388 440 121
16 102 340 386 117
38 90 152 372
207 253 294 338
48 471 327 281
126 398 473 255 358
30 67 175 246
192 383 479 351
13 464 341
95 197 142 298 480
0 425 323 282 308
84 185 388 440 121
16 102 340 386 117
38 90 152 372
207 253 294 338
48 471 327 281
126 398 473 255 358
30 67 175 246
192 383 479 351
13 464 341
25 370 177
95 197 142 298 480
0 425 323 282 308
84 185 388 440 121
16 102 340 386 117
38 90 152 372
207 253 294 338
48 471 327 281
126 398 473 255 358
30 67 175 246
192 383 479 351
13 464 341
25 370 177
59 212
95 197 142 298 480
0 425 323 282 308
84 185 388 440 121
16 102 340 386 117
38 90 152 372
207 253 294 338
48 471 327 281
126 398 473 255 358
30 67 175 246
192 383 479 351
13 464 341
25 370 177
59 212
57 437
95 197 142 298 480
0 425 323 282 308
84 185 388 440 121
16 102 340 386 117
38 90 152 372
207 253 294 338
48 471 327 281
126 398 473 255 358
30 67 175 246
192 383 479 351
13 464 341
25 370 177
59 212
57 437
24 307 376
95 197 142 298 480
0 425 323 282 308
84 185 388 440 121
16 102 340 386 117
38 90 152 372
207 253 294 338
48 471 327 281
126 398 473 255 358
30 67 175 246
192 383 479 351
13 464 341
25 370 177
59 212
57 437
24 307 376
62 147 320
95 197 142 298 480
0 425 323 282 308
84 185 388 440 121
16 102 340 386 117
38 90 152 372
207 253 294 338
48 471 327 281
126 398 473 255 358
30 67 175 246
192 383 479 351
13 464 341
25 370 177
59 212
57 437
24 307 376
62 147 320
87 387 158
95 197 142 298 480
0 425 323 282 308
84 185 388 440 121
16 102 340 386 117
38 90 152 372
207 253 294 338
48 471 327 281
126 398 473 255 358
30 67 175 246
192 383 479 351
13 464 341
25 370 177
59 212
57 437
24 307 376
62 147 320
87 387 158
146 166 434
95 197 142 298 480
0 425 323 282 308
84 185 388 440 121
16 102 340 386 117
38 90 152 372
207 253 294 338
48 471 327 281
126 398 473 255 358
30 67 175 246
192 383 479 351
13 464 341
25 370 177
59 212
57 437
24 307 376
62 147 320
87 387 158
146 166 434
125 139
95 197 142 298 480
0 425 323 282 308
84 185 388 440 121
16 102 340 386 117
38 90 152 372
207 253 294 338
48 471 327 281
126 398 473 255 358
30 67 175 246
192 383 479 351
13 464 341
25 370 177
59 212
57 437
24 307 376
62 147 320
87 387 158
146 166 434
125 139
200 209
95 197 142 298 480
0 425 323 282 308
84 185 388 440 121
16 102 340 386 117
38 90 152 372
207 253 294 338
48 471 327 281
126 398 473 255 358
30 67 175 246
192 383 479 351
13 464 341
25 370 177
59 212
57 437
24 307 376
62 147 320
87 387 158
146 166 434
125 139
200 209
215 310
95 197 142 298 480
0 425 323 282 308
84 185 388 440 121
16 102 340 386 117
38 90 152 372
207 253 294 338
48 471 327 281
126 398 473 255 358
30 67 175 246
192 383 479 351
13 464 341
25 370 177
59 212
57 437
24 307 376
62 147 320
87 387 158
146 166 434
125 139
200 209
215 310
42 103
95 197 142 298 480
0 425 323 282 308
84 185 388 440 121
16 102 340 386 117
38 90 152 372
207 253 294 338
48 471 327 281
126 398 473 255 358
30 67 175 246
192 383 479 351
13 464 341
25 370 177
59 212
57 437
24 307 376
62 147 320
87 387 158
146 166 434
125 139
200 209
215 310
42 103
9 492
95 197 142 298 480
0 425 323 282 308
84 185 388 440 121
16 102 340 386 117
38 90 152 372
207 253 294 338
48 471 327 281
126 398 473 255 358
30 67 175 246
192 383 479 351
13 464 341
25 370 177
59 212
57 437
24 307 376
62 147 320
87 387 158
146 166 434
125 139
200 209
215 310
42 103
9 492
69 444
95 197 142 298 480
0 425 323 282 308
84 185 388 440 121
16 102 340 386 117
38 90 152 372
207 253 294 338
48 471 327 281
126 398 473 255 358
30 67 175 246
192 383 479 351
13 464 341
25 370 177
59 212
57 437
24 307 376
62 147 320
87 387 158
146 166 434
125 139
200 209
215 310
42 103
9 492
69 444
314 445
95 197 142 298 480
0 425 323 282 308
84 185 388 440 121
16 102 340 386 117
38 90 152 372
207 253 294 338
48 471 327 281
126 398 473 255 358
30 67 175 246
192 383 479 351
13 464 341
25 370 177
59 212
57 437
24 307 376
62 147 320
87 387 158
146 166 434
125 139
200 209
215 310
42 103
9 492
69 444
314 445
333 363
95 197 142 298 480
0 425 323 282 308
84 185 388 440 121
16 102 340 386 117
38 90 152 372
207 253 294 338
48 471 327 281
126 398 473 255 358
30 67 175 246
192 383 479 351
13 464 341
25 370 177
59 212
57 437
24 307 376
62 147 320
87 387 158
146 166 434
125 139
200 209
215 310
42 103
9 492
69 444
314 445
333 363
410 429
