166 270 250 263 12
166 270 250 263 12
181 3 29 256 286
166 270 250 263 12
181 3 29 256 286
202 142 127 94 9
166 270 250 263 12
181 3 29 256 286
202 142 127 94 9
86 218 68 172 234
166 270 250 263 12
181 3 29 256 286
202 142 127 94 9
86 218 68 172 234
4 37 183 217 336
166 270 250 263 12
181 3 29 256 286
202 142 127 94 9
86 218 68 172 234
4 37 183 217 336
333 116 80 300 297
166 270 250 263 12
181 3 29 256 286
202 142 127 94 9
86 218 68 172 234
4 37 183 217 336
333 116 80 300 297
296 205 210 196 89
166 270 250 263 12
181 3 29 256 286
202 142 127 94 9
86 218 68 172 234
4 37 183 217 336
333 116 80 300 297
296 205 210 196 89
51 322 126 67 131
166 270 250 263 12
181 3 29 256 286
202 142 127 94 9
86 218 68 172 234
4 37 183 217 336
333 116 80 300 297
296 205 210 196 89
51 322 126 67 131
252 19 273 209 14
166 270 250 263 12
181 3 29 256 286
202 142 127 94 9
86 218 68 172 234
4 37 183 217 336
333 116 80 300 297
296 205 210 196 89
51 322 126 67 131
252 19 273 209 14
323 180 306 212 157
166 270 250 263 12
181 3 29 256 286
202 142 127 94 9
86 218 68 172 234
4 37 183 217 336
333 116 80 300 297
296 205 210 196 89
51 322 126 67 131
252 19 273 209 14
323 180 306 212 157
110 301 167 243 174
166 270 250 263 12
181 3 29 256 286
202 142 127 94 9
86 218 68 172 234
4 37 183 217 336
333 116 80 300 297
296 205 210 196 89
51 322 126 67 131
252 19 273 209 14
323 180 306 212 157
110 301 167 243 174
221 216 278 149 267
166 270 250 263 12
181 3 29 256 286
202 142 127 94 9
86 218 68 172 234
4 37 183 217 336
333 116 80 300 297
296 205 210 196 89
51 322 126 67 131
252 19 273 209 14
323 180 306 212 157
110 301 167 243 174
221 216 278 149 267
199 2 328 23 26
166 270 250 263 12
181 3 29 256 286
202 142 127 94 9
86 218 68 172 234
4 37 183 217 336
333 116 80 300 297
296 205 210 196 89
51 322 126 67 131
252 19 273 209 14
323 180 306 212 157
110 301 167 243 174
221 216 278 149 267
199 2 328 23 26
124 265 185 32 122
166 270 250 263 12
181 3 29 256 286
202 142 127 94 9
86 218 68 172 234
4 37 183 217 336
333 116 80 300 297
296 205 210 196 89
51 322 126 67 131
252 19 273 209 14
323 180 306 212 157
110 301 167 243 174
221 216 278 149 267
199 2 328 23 26
124 265 185 32 122
53 287 220 235 288
166 270 250 263 12
181 3 29 256 286
202 142 127 94 9
86 218 68 172 234
4 37 183 217 336
333 116 80 300 297
296 205 210 196 89
51 322 126 67 131
252 19 273 209 14
323 180 306 212 157
110 301 167 243 174
221 216 278 149 267
199 2 328 23 26
124 265 185 32 122
53 287 220 235 288
78 201 57 329 294
166 270 250 263 12
181 3 29 256 286
202 142 127 94 9
86 218 68 172 234
4 37 183 217 336
333 116 80 300 297
296 205 210 196 89
51 322 126 67 131
252 19 273 209 14
323 180 306 212 157
110 301 167 243 174
221 216 278 149 267
199 2 328 23 26
124 265 185 32 122
53 287 220 235 288
78 201 57 329 294
112 96 184 207 18
166 270 250 263 12
181 3 29 256 286
202 142 127 94 9
86 218 68 172 234
4 37 183 217 336
333 116 80 300 297
296 205 210 196 89
51 322 126 67 131
252 19 273 209 14
323 180 306 212 157
110 301 167 243 174
221 216 278 149 267
199 2 328 23 26
124 265 185 32 122
53 287 220 235 288
78 201 57 329 294
112 96 184 207 18
8 192 293 141 261
166 270 250 263 12
181 3 29 256 286
202 142 127 94 9
86 218 68 172 234
4 37 183 217 336
333 116 80 300 297
296 205 210 196 89
51 322 126 67 131
252 19 273 209 14
323 180 306 212 157
110 301 167 243 174
221 216 278 149 267
199 2 328 23 26
124 265 185 32 122
53 287 220 235 288
78 201 57 329 294
112 96 184 207 18
8 192 293 141 261
40 274 138 307 1
166 270 250 263 12
181 3 29 256 286
202 142 127 94 9
86 218 68 172 234
4 37 183 217 336
333 116 80 300 297
296 205 210 196 89
51 322 126 67 131
252 19 273 209 14
323 180 306 212 157
110 301 167 243 174
221 216 278 149 267
199 2 328 23 26
124 265 185 32 122
53 287 220 235 288
78 201 57 329 294
112 96 184 207 18
8 192 293 141 261
40 274 138 307 1
219 59 108 91 150
166 270 250 263 12
181 3 29 256 286
202 142 127 94 9
86 218 68 172 234
4 37 183 217 336
333 116 80 300 297
296 205 210 196 89
51 322 126 67 131
252 19 273 209 14
323 180 306 212 157
110 301 167 243 174
221 216 278 149 267
199 2 328 23 26
124 265 185 32 122
53 287 220 235 288
78 201 57 329 294
112 96 184 207 18
8 192 293 141 261
40 274 138 307 1
219 59 108 91 150
317 132 99 187 62
166 270 250 263 12
181 3 29 256 286
202 142 127 94 9
86 218 68 172 234
4 37 183 217 336
333 116 80 300 297
296 205 210 196 89
51 322 126 67 131
252 19 273 209 14
323 180 306 212 157
110 301 167 243 174
221 216 278 149 267
199 2 328 23 26
124 265 185 32 122
53 287 220 235 288
78 201 57 329 294
112 96 184 207 18
8 192 293 141 261
40 274 138 307 1
219 59 108 91 150
317 132 99 187 62
125 5 330 117 25
166 270 250 263 12
181 3 29 256 286
202 142 127 94 9
86 218 68 172 234
4 37 183 217 336
333 116 80 300 297
296 205 210 196 89
51 322 126 67 131
252 19 273 209 14
323 180 306 212 157
110 301 167 243 174
221 216 278 149 267
199 2 328 23 26
124 265 185 32 122
53 287 220 235 288
78 201 57 329 294
112 96 184 207 18
8 192 293 141 261
40 274 138 307 1
219 59 108 91 150
317 132 99 187 62
125 5 330 117 25
136 342 176 63 47
166 270 250 263 12
181 3 29 256 286
202 142 127 94 9
86 218 68 172 234
4 37 183 217 336
333 116 80 300 297
296 205 210 196 89
51 322 126 67 131
252 19 273 209 14
323 180 306 212 157
110 301 167 243 174
221 216 278 149 267
199 2 328 23 26
124 265 185 32 122
53 287 220 235 288
78 201 57 329 294
112 96 184 207 18
8 192 293 141 261
40 274 138 307 1
219 59 108 91 150
317 132 99 187 62
125 5 330 117 25
136 342 176 63 47
304 93 245 259 225
166 270 250 263 12
181 3 29 256 286
202 142 127 94 9
86 218 68 172 234
4 37 183 217 336
333 116 80 300 297
296 205 210 196 89
51 322 126 67 131
252 19 273 209 14
323 180 306 212 157
110 301 167 243 174
221 216 278 149 267
199 2 328 23 26
124 265 185 32 122
53 287 220 235 288
78 201 57 329 294
112 96 184 207 18
8 192 293 141 261
40 274 138 307 1
219 59 108 91 150
317 132 99 187 62
125 5 330 117 25
136 342 176 63 47
304 93 245 259 225
260 305 179 203 195
166 270 250 263 12
181 3 29 256 286
202 142 127 94 9
86 218 68 172 234
4 37 183 217 336
333 116 80 300 297
296 205 210 196 89
51 322 126 67 131
252 19 273 209 14
323 180 306 212 157
110 301 167 243 174
221 216 278 149 267
199 2 328 23 26
124 265 185 32 122
53 287 220 235 288
78 201 57 329 294
112 96 184 207 18
8 192 293 141 261
40 274 138 307 1
219 59 108 91 150
317 132 99 187 62
125 5 330 117 25
136 342 176 63 47
304 93 245 259 225
260 305 179 203 195
83 341 249 11 253
166 270 250 263 12
181 3 29 256 286
202 142 127 94 9
86 218 68 172 234
4 37 183 217 336
333 116 80 300 297
296 205 210 196 89
51 322 126 67 131
252 19 273 209 14
323 180 306 212 157
110 301 167 243 174
221 216 278 149 267
199 2 328 23 26
124 265 185 32 122
53 287 220 235 288
78 201 57 329 294
112 96 184 207 18
8 192 293 141 261
40 274 138 307 1
219 59 108 91 150
317 132 99 187 62
125 5 330 117 25
136 342 176 63 47
304 93 245 259 225
260 305 179 203 195
83 341 249 11 253
139 24 46 283 281
166 270 250 263 12
181 3 29 256 286
202 142 127 94 9
86 218 68 172 234
4 37 183 217 336
333 116 80 300 297
296 205 210 196 89
51 322 126 67 131
252 19 273 209 14
323 180 306 212 157
110 301 167 243 174
221 216 278 149 267
199 2 328 23 26
124 265 185 32 122
53 287 220 235 288
78 201 57 329 294
112 96 184 207 18
8 192 293 141 261
40 274 138 307 1
219 59 108 91 150
317 132 99 187 62
125 5 330 117 25
136 342 176 63 47
304 93 245 259 225
260 305 179 203 195
83 341 249 11 253
139 24 46 283 281
239 343 163 326 272
166 270 250 263 12
181 3 29 256 286
202 142 127 94 9
86 218 68 172 234
4 37 183 217 336
333 116 80 300 297
296 205 210 196 89
51 322 126 67 131
252 19 273 209 14
323 180 306 212 157
110 301 167 243 174
221 216 278 149 267
199 2 328 23 26
124 265 185 32 122
53 287 220 235 288
78 201 57 329 294
112 96 184 207 18
8 192 293 141 261
40 274 138 307 1
219 59 108 91 150
317 132 99 187 62
125 5 330 117 25
136 342 176 63 47
304 93 245 259 225
260 305 179 203 195
83 341 249 11 253
139 24 46 283 281
239 343 163 326 272
118 155 332 338 169
166 270 250 263 12
181 3 29 256 286
202 142 127 94 9
86 218 68 172 234
4 37 183 217 336
333 116 80 300 297
296 205 210 196 89
51 322 126 67 131
252 19 273 209 14
323 180 306 212 157
110 301 167 243 174
221 216 278 149 267
199 2 328 23 26
124 265 185 32 122
53 287 220 235 288
78 201 57 329 294
112 96 184 207 18
8 192 293 141 261
40 274 138 307 1
219 59 108 91 150
317 132 99 187 62
125 5 330 117 25
136 342 176 63 47
304 93 245 259 225
260 305 179 203 195
83 341 249 11 253
139 24 46 283 281
239 343 163 326 272
118 155 332 338 169
97 72 268 161 98
166 270 250 263 12
181 3 29 256 286
202 142 127 94 9
86 218 68 172 234
4 37 183 217 336
333 116 80 300 297
296 205 210 196 89
51 322 126 67 131
252 19 273 209 14
323 180 306 212 157
110 301 167 243 174
221 216 278 149 267
199 2 328 23 26
124 265 185 32 122
53 287 220 235 288
78 201 57 329 294
112 96 184 207 18
8 192 293 141 261
40 274 138 307 1
219 59 108 91 150
317 132 99 187 62
125 5 330 117 25
136 342 176 63 47
304 93 245 259 225
260 305 179 203 195
83 341 249 11 253
139 24 46 283 281
239 343 163 326 272
118 155 332 338 169
97 72 268 161 98
255 82 211 310 177
166 270 250 263 12
181 3 29 256 286
202 142 127 94 9
86 218 68 172 234
4 37 183 217 336
333 116 80 300 297
296 205 210 196 89
51 322 126 67 131
252 19 273 209 14
323 180 306 212 157
110 301 167 243 174
221 216 278 149 267
199 2 328 23 26
124 265 185 32 122
53 287 220 235 288
78 201 57 329 294
112 96 184 207 18
8 192 293 141 261
40 274 138 307 1
219 59 108 91 150
317 132 99 187 62
125 5 330 117 25
136 342 176 63 47
304 93 245 259 225
260 305 179 203 195
83 341 249 11 253
139 24 46 283 281
239 343 163 326 272
118 155 332 338 169
97 72 268 161 98
255 82 211 310 177
275 302 230 171 58
166 270 250 263 12
181 3 29 256 286
202 142 127 94 9
86 218 68 172 234
4 37 183 217 336
333 116 80 300 297
296 205 210 196 89
51 322 126 67 131
252 19 273 209 14
323 180 306 212 157
110 301 167 243 174
221 216 278 149 267
199 2 328 23 26
124 265 185 32 122
53 287 220 235 288
78 201 57 329 294
112 96 184 207 18
8 192 293 141 261
40 274 138 307 1
219 59 108 91 150
317 132 99 187 62
125 5 330 117 25
136 342 176 63 47
304 93 245 259 225
260 305 179 203 195
83 341 249 11 253
139 24 46 283 281
239 343 163 326 272
118 155 332 338 169
97 72 268 161 98
255 82 211 310 177
275 302 230 171 58
44 95 284 76 215
166 270 250 263 12
181 3 29 256 286
202 142 127 94 9
86 218 68 172 234
4 37 183 217 336
333 116 80 300 297
296 205 210 196 89
51 322 126 67 131
252 19 273 209 14
323 180 306 212 157
110 301 167 243 174
221 216 278 149 267
199 2 328 23 26
124 265 185 32 122
53 287 220 235 288
78 201 57 329 294
112 96 184 207 18
8 192 293 141 261
40 274 138 307 1
219 59 108 91 150
317 132 99 187 62
125 5 330 117 25
136 342 176 63 47
304 93 245 259 225
260 305 179 203 195
83 341 249 11 253
139 24 46 283 281
239 343 163 326 272
118 155 332 338 169
97 72 268 161 98
255 82 211 310 177
275 302 230 171 58
44 95 284 76 215
43 65 178 254 90
166 270 250 263 12
181 3 29 256 286
202 142 127 94 9
86 218 68 172 234
4 37 183 217 336
333 116 80 300 297
296 205 210 196 89
51 322 126 67 131
252 19 273 209 14
323 180 306 212 157
110 301 167 243 174
221 216 278 149 267
199 2 328 23 26
124 265 185 32 122
53 287 220 235 288
78 201 57 329 294
112 96 184 207 18
8 192 293 141 261
40 274 138 307 1
219 59 108 91 150
317 132 99 187 62
125 5 330 117 25
136 342 176 63 47
304 93 245 259 225
260 305 179 203 195
83 341 249 11 253
139 24 46 283 281
239 343 163 326 272
118 155 332 338 169
97 72 268 161 98
255 82 211 310 177
275 302 230 171 58
44 95 284 76 215
43 65 178 254 90
335 320 71 17 189
