403 160 126 335 303
403 160 126 335 303
354 43 453 297 46
403 160 126 335 303
354 43 453 297 46
484 280 462 362 119
403 160 126 335 303
354 43 453 297 46
484 280 462 362 119
392 375 165 389 454
403 160 126 335 303
354 43 453 297 46
484 280 462 362 119
392 375 165 389 454
475 254 255 322 74
403 160 126 335 303
354 43 453 297 46
484 280 462 362 119
392 375 165 389 454
475 254 255 322 74
391 78 489 371 146
403 160 126 335 303
354 43 453 297 46
484 280 462 362 119
392 375 165 389 454
475 254 255 322 74
391 78 489 371 146
395 190 410 37 293
403 160 126 335 303
354 43 453 297 46
484 280 462 362 119
392 375 165 389 454
475 254 255 322 74
391 78 489 371 146
395 190 410 37 293
53 110 360 210 452
403 160 126 335 303
354 43 453 297 46
484 280 462 362 119
392 375 165 389 454
475 254 255 322 74
391 78 489 371 146
395 190 410 37 293
53 110 360 210 452
68 258 260 197 90
403 160 126 335 303
354 43 453 297 46
484 280 462 362 119
392 375 165 389 454
475 254 255 322 74
391 78 489 371 146
395 190 410 37 293
53 110 360 210 452
68 258 260 197 90
481 469 459 383 63
403 160 126 335 303
354 43 453 297 46
484 280 462 362 119
392 375 165 389 454
475 254 255 322 74
391 78 489 371 146
395 190 410 37 293
53 110 360 210 452
68 258 260 197 90
481 469 459 383 63
205 161 298 186 267
403 160 126 335 303
354 43 453 297 46
484 280 462 362 119
392 375 165 389 454
475 254 255 322 74
391 78 489 371 146
395 190 410 37 293
53 110 360 210 452
68 258 260 197 90
481 469 459 383 63
205 161 298 186 267
101 145 248 81 251
403 160 126 335 303
354 43 453 297 46
484 280 462 362 119
392 375 165 389 454
475 254 255 322 74
391 78 489 371 146
395 190 410 37 293
53 110 360 210 452
68 258 260 197 90
481 469 459 383 63
205 161 298 186 267
101 145 248 81 251
179 411 220 446 390
403 160 126 335 303
354 43 453 297 46
484 280 462 362 119
392 375 165 389 454
475 254 255 322 74
391 78 489 371 146
395 190 410 37 293
53 110 360 210 452
68 258 260 197 90
481 469 459 383 63
205 161 298 186 267
101 145 248 81 251
179 411 220 446 390
456 155 240 127 188
403 160 126 335 303
354 43 453 297 46
484 280 462 362 119
392 375 165 389 454
475 254 255 322 74
391 78 489 371 146
395 190 410 37 293
53 110 360 210 452
68 258 260 197 90
481 469 459 383 63
205 161 298 186 267
101 145 248 81 251
179 411 220 446 390
456 155 240 127 188
428 103 413 55 175
403 160 126 335 303
354 43 453 297 46
484 280 462 362 119
392 375 165 389 454
475 254 255 322 74
391 78 489 371 146
395 190 410 37 293
53 110 360 210 452
68 258 260 197 90
481 469 459 383 63
205 161 298 186 267
101 145 248 81 251
179 411 220 446 390
456 155 240 127 188
428 103 413 55 175
12 208 213 25 203
403 160 126 335 303
354 43 453 297 46
484 280 462 362 119
392 375 165 389 454
475 254 255 322 74
391 78 489 371 146
395 190 410 37 293
53 110 360 210 452
68 258 260 197 90
481 469 459 383 63
205 161 298 186 267
101 145 248 81 251
179 411 220 446 390
456 155 240 127 188
428 103 413 55 175
12 208 213 25 203
309 187 370 89 237
403 160 126 335 303
354 43 453 297 46
484 280 462 362 119
392 375 165 389 454
475 254 255 322 74
391 78 489 371 146
395 190 410 37 293
53 110 360 210 452
68 258 260 197 90
481 469 459 383 63
205 161 298 186 267
101 145 248 81 251
179 411 220 446 390
456 155 240 127 188
428 103 413 55 175
12 208 213 25 203
309 187 370 89 237
418 423 18 406 243
403 160 126 335 303
354 43 453 297 46
484 280 462 362 119
392 375 165 389 454
475 254 255 322 74
391 78 489 371 146
395 190 410 37 293
53 110 360 210 452
68 258 260 197 90
481 469 459 383 63
205 161 298 186 267
101 145 248 81 251
179 411 220 446 390
456 155 240 127 188
428 103 413 55 175
12 208 213 25 203
309 187 370 89 237
418 423 18 406 243
73 17 228 265 351
403 160 126 335 303
354 43 453 297 46
484 280 462 362 119
392 375 165 389 454
475 254 255 322 74
391 78 489 371 146
395 190 410 37 293
53 110 360 210 452
68 258 260 197 90
481 469 459 383 63
205 161 298 186 267
101 145 248 81 251
179 411 220 446 390
456 155 240 127 188
428 103 413 55 175
12 208 213 25 203
309 187 370 89 237
418 423 18 406 243
73 17 228 265 351
31 149 252 113 340
403 160 126 335 303
354 43 453 297 46
484 280 462 362 119
392 375 165 389 454
475 254 255 322 74
391 78 489 371 146
395 190 410 37 293
53 110 360 210 452
68 258 260 197 90
481 469 459 383 63
205 161 298 186 267
101 145 248 81 251
179 411 220 446 390
456 155 240 127 188
428 103 413 55 175
12 208 213 25 203
309 187 370 89 237
418 423 18 406 243
73 17 228 265 351
31 149 252 113 340
433 139 282 343 247
403 160 126 335 303
354 43 453 297 46
484 280 462 362 119
392 375 165 389 454
475 254 255 322 74
391 78 489 371 146
395 190 410 37 293
53 110 360 210 452
68 258 260 197 90
481 469 459 383 63
205 161 298 186 267
101 145 248 81 251
179 411 220 446 390
456 155 240 127 188
428 103 413 55 175
12 208 213 25 203
309 187 370 89 237
418 423 18 406 243
73 17 228 265 351
31 149 252 113 340
433 139 282 343 247
212 152 67 409 60
403 160 126 335 303
354 43 453 297 46
484 280 462 362 119
392 375 165 389 454
475 254 255 322 74
391 78 489 371 146
395 190 410 37 293
53 110 360 210 452
68 258 260 197 90
481 469 459 383 63
205 161 298 186 267
101 145 248 81 251
179 411 220 446 390
456 155 240 127 188
428 103 413 55 175
12 208 213 25 203
309 187 370 89 237
418 423 18 406 243
73 17 228 265 351
31 149 252 113 340
433 139 282 343 247
212 152 67 409 60
438 466 321 33 329
403 160 126 335 303
354 43 453 297 46
484 280 462 362 119
392 375 165 389 454
475 254 255 322 74
391 78 489 371 146
395 190 410 37 293
53 110 360 210 452
68 258 260 197 90
481 469 459 383 63
205 161 298 186 267
101 145 248 81 251
179 411 220 446 390
456 155 240 127 188
428 103 413 55 175
12 208 213 25 203
309 187 370 89 237
418 423 18 406 243
73 17 228 265 351
31 149 252 113 340
433 139 282 343 247
212 152 67 409 60
438 466 321 33 329
292 193 287 13 100
403 160 126 335 303
354 43 453 297 46
484 280 462 362 119
392 375 165 389 454
475 254 255 322 74
391 78 489 371 146
395 190 410 37 293
53 110 360 210 452
68 258 260 197 90
481 469 459 383 63
205 161 298 186 267
101 145 248 81 251
179 411 220 446 390
456 155 240 127 188
428 103 413 55 175
12 208 213 25 203
309 187 370 89 237
418 423 18 406 243
73 17 228 265 351
31 149 252 113 340
433 139 282 343 247
212 152 67 409 60
438 466 321 33 329
292 193 287 13 100
134 170 394 373 430
403 160 126 335 303
354 43 453 297 46
484 280 462 362 119
392 375 165 389 454
475 254 255 322 74
391 78 489 371 146
395 190 410 37 293
53 110 360 210 452
68 258 260 197 90
481 469 459 383 63
205 161 298 186 267
101 145 248 81 251
179 411 220 446 390
456 155 240 127 188
428 103 413 55 175
12 208 213 25 203
309 187 370 89 237
418 423 18 406 243
73 17 228 265 351
31 149 252 113 340
433 139 282 343 247
212 152 67 409 60
438 466 321 33 329
292 193 287 13 100
134 170 394 373 430
399 2 20 431 261
403 160 126 335 303
354 43 453 297 46
484 280 462 362 119
392 375 165 389 454
475 254 255 322 74
391 78 489 371 146
395 190 410 37 293
53 110 360 210 452
68 258 260 197 90
481 469 459 383 63
205 161 298 186 267
101 145 248 81 251
179 411 220 446 390
456 155 240 127 188
428 103 413 55 175
12 208 213 25 203
309 187 370 89 237
418 423 18 406 243
73 17 228 265 351
31 149 252 113 340
433 139 282 343 247
212 152 67 409 60
438 466 321 33 329
292 193 287 13 100
134 170 394 373 430
399 2 20 431 261
358 11 116 185 0
403 160 126 335 303
354 43 453 297 46
484 280 462 362 119
392 375 165 389 454
475 254 255 322 74
391 78 489 371 146
395 190 410 37 293
53 110 360 210 452
68 258 260 197 90
481 469 459 383 63
205 161 298 186 267
101 145 248 81 251
179 411 220 446 390
456 155 240 127 188
428 103 413 55 175
12 208 213 25 203
309 187 370 89 237
418 423 18 406 243
73 17 228 265 351
31 149 252 113 340
433 139 282 343 247
212 152 67 409 60
438 466 321 33 329
292 193 287 13 100
134 170 394 373 430
399 2 20 431 261
358 11 116 185 0
285 284 474 312 485
403 160 126 335 303
354 43 453 297 46
484 280 462 362 119
392 375 165 389 454
475 254 255 322 74
391 78 489 371 146
395 190 410 37 293
53 110 360 210 452
68 258 260 197 90
481 469 459 383 63
205 161 298 186 267
101 145 248 81 251
179 411 220 446 390
456 155 240 127 188
428 103 413 55 175
12 208 213 25 203
309 187 370 89 237
418 423 18 406 243
73 17 228 265 351
31 149 252 113 340
433 139 282 343 247
212 152 67 409 60
438 466 321 33 329
292 193 287 13 100
134 170 394 373 430
399 2 20 431 261
358 11 116 185 0
285 284 474 312 485
7 286 225 422 91
403 160 126 335 303
354 43 453 297 46
484 280 462 362 119
392 375 165 389 454
475 254 255 322 74
391 78 489 371 146
395 190 410 37 293
53 110 360 210 452
68 258 260 197 90
481 469 459 383 63
205 161 298 186 267
101 145 248 81 251
179 411 220 446 390
456 155 240 127 188
428 103 413 55 175
12 208 213 25 203
309 187 370 89 237
418 423 18 406 243
73 17 228 265 351
31 149 252 113 340
433 139 282 343 247
212 152 67 409 60
438 466 321 33 329
292 193 287 13 100
134 170 394 373 430
399 2 20 431 261
358 11 116 185 0
285 284 474 312 485
7 286 225 422 91
486 487 166 327 352
403 160 126 335 303
354 43 453 297 46
484 280 462 362 119
392 375 165 389 454
475 254 255 322 74
391 78 489 371 146
395 190 410 37 293
53 110 360 210 452
68 258 260 197 90
481 469 459 383 63
205 161 298 186 267
101 145 248 81 251
179 411 220 446 390
456 155 240 127 188
428 103 413 55 175
12 208 213 25 203
309 187 370 89 237
418 423 18 406 243
73 17 228 265 351
31 149 252 113 340
433 139 282 343 247
212 152 67 409 60
438 466 321 33 329
292 193 287 13 100
134 170 394 373 430
399 2 20 431 261
358 11 116 185 0
285 284 474 312 485
7 286 225 422 91
486 487 166 327 352
493 16 457 38 47
403 160 126 335 303
354 43 453 297 46
484 280 462 362 119
392 375 165 389 454
475 254 255 322 74
391 78 489 371 146
395 190 410 37 293
53 110 360 210 452
68 258 260 197 90
481 469 459 383 63
205 161 298 186 267
101 145 248 81 251
179 411 220 446 390
456 155 240 127 188
428 103 413 55 175
12 208 213 25 203
309 187 370 89 237
418 423 18 406 243
73 17 228 265 351
31 149 252 113 340
433 139 282 343 247
212 152 67 409 60
438 466 321 33 329
292 193 287 13 100
134 170 394 373 430
399 2 20 431 261
358 11 116 185 0
285 284 474 312 485
7 286 225 422 91
486 487 166 327 352
493 16 457 38 47
478 88 224 232 401
403 160 126 335 303
354 43 453 297 46
484 280 462 362 119
392 375 165 389 454
475 254 255 322 74
391 78 489 371 146
395 190 410 37 293
53 110 360 210 452
68 258 260 197 90
481 469 459 383 63
205 161 298 186 267
101 145 248 81 251
179 411 220 446 390
456 155 240 127 188
428 103 413 55 175
12 208 213 25 203
309 187 370 89 237
418 423 18 406 243
73 17 228 265 351
31 149 252 113 340
433 139 282 343 247
212 152 67 409 60
438 466 321 33 329
292 193 287 13 100
134 170 394 373 430
399 2 20 431 261
358 11 116 185 0
285 284 474 312 485
7 286 225 422 91
486 487 166 327 352
493 16 457 38 47
478 88 224 232 401
57 36 61 72 302
403 160 126 335 303
354 43 453 297 46
484 280 462 362 119
392 375 165 389 454
475 254 255 322 74
391 78 489 371 146
395 190 410 37 293
53 110 360 210 452
68 258 260 197 90
481 469 459 383 63
205 161 298 186 267
101 145 248 81 251
179 411 220 446 390
456 155 240 127 188
428 103 413 55 175
12 208 213 25 203
309 187 370 89 237
418 423 18 406 243
73 17 228 265 351
31 149 252 113 340
433 139 282 343 247
212 152 67 409 60
438 466 321 33 329
292 193 287 13 100
134 170 394 373 430
399 2 20 431 261
358 11 116 185 0
285 284 474 312 485
7 286 225 422 91
486 487 166 327 352
493 16 457 38 47
478 88 224 232 401
57 36 61 72 302
345 158 492 497 102
403 160 126 335 303
354 43 453 297 46
484 280 462 362 119
392 375 165 389 454
475 254 255 322 74
391 78 489 371 146
395 190 410 37 293
53 110 360 210 452
68 258 260 197 90
481 469 459 383 63
205 161 298 186 267
101 145 248 81 251
179 411 220 446 390
456 155 240 127 188
428 103 413 55 175
12 208 213 25 203
309 187 370 89 237
418 423 18 406 243
73 17 228 265 351
31 149 252 113 340
433 139 282 343 247
212 152 67 409 60
438 466 321 33 329
292 193 287 13 100
134 170 394 373 430
399 2 20 431 261
358 11 116 185 0
285 284 474 312 485
7 286 225 422 91
486 487 166 327 352
493 16 457 38 47
478 88 224 232 401
57 36 61 72 302
345 158 492 497 102
3 499 420 407 311
403 160 126 335 303
354 43 453 297 46
484 280 462 362 119
392 375 165 389 454
475 254 255 322 74
391 78 489 371 146
395 190 410 37 293
53 110 360 210 452
68 258 260 197 90
481 469 459 383 63
205 161 298 186 267
101 145 248 81 251
179 411 220 446 390
456 155 240 127 188
428 103 413 55 175
12 208 213 25 203
309 187 370 89 237
418 423 18 406 243
73 17 228 265 351
31 149 252 113 340
433 139 282 343 247
212 152 67 409 60
438 466 321 33 329
292 193 287 13 100
134 170 394 373 430
399 2 20 431 261
358 11 116 185 0
285 284 474 312 485
7 286 225 422 91
486 487 166 327 352
493 16 457 38 47
478 88 224 232 401
57 36 61 72 302
345 158 492 497 102
3 499 420 407 311
367 270 320 405 246
403 160 126 335 303
354 43 453 297 46
484 280 462 362 119
392 375 165 389 454
475 254 255 322 74
391 78 489 371 146
395 190 410 37 293
53 110 360 210 452
68 258 260 197 90
481 469 459 383 63
205 161 298 186 267
101 145 248 81 251
179 411 220 446 390
456 155 240 127 188
428 103 413 55 175
12 208 213 25 203
309 187 370 89 237
418 423 18 406 243
73 17 228 265 351
31 149 252 113 340
433 139 282 343 247
212 152 67 409 60
438 466 321 33 329
292 193 287 13 100
134 170 394 373 430
399 2 20 431 261
358 11 116 185 0
285 284 474 312 485
7 286 225 422 91
486 487 166 327 352
493 16 457 38 47
478 88 224 232 401
57 36 61 72 302
345 158 492 497 102
3 499 420 407 311
367 270 320 405 246
467 429 473 162 130
403 160 126 335 303
354 43 453 297 46
484 280 462 362 119
392 375 165 389 454
475 254 255 322 74
391 78 489 371 146
395 190 410 37 293
53 110 360 210 452
68 258 260 197 90
481 469 459 383 63
205 161 298 186 267
101 145 248 81 251
179 411 220 446 390
456 155 240 127 188
428 103 413 55 175
12 208 213 25 203
309 187 370 89 237
418 423 18 406 243
73 17 228 265 351
31 149 252 113 340
433 139 282 343 247
212 152 67 409 60
438 466 321 33 329
292 193 287 13 100
134 170 394 373 430
399 2 20 431 261
358 11 116 185 0
285 284 474 312 485
7 286 225 422 91
486 487 166 327 352
493 16 457 38 47
478 88 224 232 401
57 36 61 72 302
345 158 492 497 102
3 499 420 407 311
367 270 320 405 246
467 429 473 162 130
177 442 408 216 491
403 160 126 335 303
354 43 453 297 46
484 280 462 362 119
392 375 165 389 454
475 254 255 322 74
391 78 489 371 146
395 190 410 37 293
53 110 360 210 452
68 258 260 197 90
481 469 459 383 63
205 161 298 186 267
101 145 248 81 251
179 411 220 446 390
456 155 240 127 188
428 103 413 55 175
12 208 213 25 203
309 187 370 89 237
418 423 18 406 243
73 17 228 265 351
31 149 252 113 340
433 139 282 343 247
212 152 67 409 60
438 466 321 33 329
292 193 287 13 100
134 170 394 373 430
399 2 20 431 261
358 11 116 185 0
285 284 474 312 485
7 286 225 422 91
486 487 166 327 352
493 16 457 38 47
478 88 224 232 401
57 36 61 72 302
345 158 492 497 102
3 499 420 407 311
367 270 320 405 246
467 429 473 162 130
177 442 408 216 491
299 263 336 289 450
403 160 126 335 303
354 43 453 297 46
484 280 462 362 119
392 375 165 389 454
475 254 255 322 74
391 78 489 371 146
395 190 410 37 293
53 110 360 210 452
68 258 260 197 90
481 469 459 383 63
205 161 298 186 267
101 145 248 81 251
179 411 220 446 390
456 155 240 127 188
428 103 413 55 175
12 208 213 25 203
309 187 370 89 237
418 423 18 406 243
73 17 228 265 351
31 149 252 113 340
433 139 282 343 247
212 152 67 409 60
438 466 321 33 329
292 193 287 13 100
134 170 394 373 430
399 2 20 431 261
358 11 116 185 0
285 284 474 312 485
7 286 225 422 91
486 487 166 327 352
493 16 457 38 47
478 88 224 232 401
57 36 61 72 302
345 158 492 497 102
3 499 420 407 311
367 270 320 405 246
467 429 473 162 130
177 442 408 216 491
299 263 336 289 450
332 325 80 42 21
403 160 126 335 303
354 43 453 297 46
484 280 462 362 119
392 375 165 389 454
475 254 255 322 74
391 78 489 371 146
395 190 410 37 293
53 110 360 210 452
68 258 260 197 90
481 469 459 383 63
205 161 298 186 267
101 145 248 81 251
179 411 220 446 390
456 155 240 127 188
428 103 413 55 175
12 208 213 25 203
309 187 370 89 237
418 423 18 406 243
73 17 228 265 351
31 149 252 113 340
433 139 282 343 247
212 152 67 409 60
438 466 321 33 329
292 193 287 13 100
134 170 394 373 430
399 2 20 431 261
358 11 116 185 0
285 284 474 312 485
7 286 225 422 91
486 487 166 327 352
493 16 457 38 47
478 88 224 232 401
57 36 61 72 302
345 158 492 497 102
3 499 420 407 311
367 270 320 405 246
467 429 473 162 130
177 442 408 216 491
299 263 336 289 450
332 325 80 42 21
107 201 334 273 218
403 160 126 335 303
354 43 453 297 46
484 280 462 362 119
392 375 165 389 454
475 254 255 322 74
391 78 489 371 146
395 190 410 37 293
53 110 360 210 452
68 258 260 197 90
481 469 459 383 63
205 161 298 186 267
101 145 248 81 251
179 411 220 446 390
456 155 240 127 188
428 103 413 55 175
12 208 213 25 203
309 187 370 89 237
418 423 18 406 243
73 17 228 265 351
31 149 252 113 340
433 139 282 343 247
212 152 67 409 60
438 466 321 33 329
292 193 287 13 100
134 170 394 373 430
399 2 20 431 261
358 11 116 185 0
285 284 474 312 485
7 286 225 422 91
486 487 166 327 352
493 16 457 38 47
478 88 224 232 401
57 36 61 72 302
345 158 492 497 102
3 499 420 407 311
367 270 320 405 246
467 429 473 162 130
177 442 408 216 491
299 263 336 289 450
332 325 80 42 21
107 201 334 273 218
363 276 120 365 214
403 160 126 335 303
354 43 453 297 46
484 280 462 362 119
392 375 165 389 454
475 254 255 322 74
391 78 489 371 146
395 190 410 37 293
53 110 360 210 452
68 258 260 197 90
481 469 459 383 63
205 161 298 186 267
101 145 248 81 251
179 411 220 446 390
456 155 240 127 188
428 103 413 55 175
12 208 213 25 203
309 187 370 89 237
418 423 18 406 243
73 17 228 265 351
31 149 252 113 340
433 139 282 343 247
212 152 67 409 60
438 466 321 33 329
292 193 287 13 100
134 170 394 373 430
399 2 20 431 261
358 11 116 185 0
285 284 474 312 485
7 286 225 422 91
486 487 166 327 352
493 16 457 38 47
478 88 224 232 401
57 36 61 72 302
345 158 492 497 102
3 499 420 407 311
367 270 320 405 246
467 429 473 162 130
177 442 408 216 491
299 263 336 289 450
332 325 80 42 21
107 201 334 273 218
363 276 120 365 214
56 372 498 314 156
403 160 126 335 303
354 43 453 297 46
484 280 462 362 119
392 375 165 389 454
475 254 255 322 74
391 78 489 371 146
395 190 410 37 293
53 110 360 210 452
68 258 260 197 90
481 469 459 383 63
205 161 298 186 267
101 145 248 81 251
179 411 220 446 390
456 155 240 127 188
428 103 413 55 175
12 208 213 25 203
309 187 370 89 237
418 423 18 406 243
73 17 228 265 351
31 149 252 113 340
433 139 282 343 247
212 152 67 409 60
438 466 321 33 329
292 193 287 13 100
134 170 394 373 430
399 2 20 431 261
358 11 116 185 0
285 284 474 312 485
7 286 225 422 91
486 487 166 327 352
493 16 457 38 47
478 88 224 232 401
57 36 61 72 302
345 158 492 497 102
3 499 420 407 311
367 270 320 405 246
467 429 473 162 130
177 442 408 216 491
299 263 336 289 450
332 325 80 42 21
107 201 334 273 218
363 276 120 365 214
56 372 498 314 156
159 115 108 288 307
403 160 126 335 303
354 43 453 297 46
484 280 462 362 119
392 375 165 389 454
475 254 255 322 74
391 78 489 371 146
395 190 410 37 293
53 110 360 210 452
68 258 260 197 90
481 469 459 383 63
205 161 298 186 267
101 145 248 81 251
179 411 220 446 390
456 155 240 127 188
428 103 413 55 175
12 208 213 25 203
309 187 370 89 237
418 423 18 406 243
73 17 228 265 351
31 149 252 113 340
433 139 282 343 247
212 152 67 409 60
438 466 321 33 329
292 193 287 13 100
134 170 394 373 430
399 2 20 431 261
358 11 116 185 0
285 284 474 312 485
7 286 225 422 91
486 487 166 327 352
493 16 457 38 47
478 88 224 232 401
57 36 61 72 302
345 158 492 497 102
3 499 420 407 311
367 270 320 405 246
467 429 473 162 130
177 442 408 216 491
299 263 336 289 450
332 325 80 42 21
107 201 334 273 218
363 276 120 365 214
56 372 498 314 156
159 115 108 288 307
461 143 304 86 356
403 160 126 335 303
354 43 453 297 46
484 280 462 362 119
392 375 165 389 454
475 254 255 322 74
391 78 489 371 146
395 190 410 37 293
53 110 360 210 452
68 258 260 197 90
481 469 459 383 63
205 161 298 186 267
101 145 248 81 251
179 411 220 446 390
456 155 240 127 188
428 103 413 55 175
12 208 213 25 203
309 187 370 89 237
418 423 18 406 243
73 17 228 265 351
31 149 252 113 340
433 139 282 343 247
212 152 67 409 60
438 466 321 33 329
292 193 287 13 100
134 170 394 373 430
399 2 20 431 261
358 11 116 185 0
285 284 474 312 485
7 286 225 422 91
486 487 166 327 352
493 16 457 38 47
478 88 224 232 401
57 36 61 72 302
345 158 492 497 102
3 499 420 407 311
367 270 320 405 246
467 429 473 162 130
177 442 408 216 491
299 263 336 289 450
332 325 80 42 21
107 201 334 273 218
363 276 120 365 214
56 372 498 314 156
159 115 108 288 307
461 143 304 86 356
202 28 338 483 412
403 160 126 335 303
354 43 453 297 46
484 280 462 362 119
392 375 165 389 454
475 254 255 322 74
391 78 489 371 146
395 190 410 37 293
53 110 360 210 452
68 258 260 197 90
481 469 459 383 63
205 161 298 186 267
101 145 248 81 251
179 411 220 446 390
456 155 240 127 188
428 103 413 55 175
12 208 213 25 203
309 187 370 89 237
418 423 18 406 243
73 17 228 265 351
31 149 252 113 340
433 139 282 343 247
212 152 67 409 60
438 466 321 33 329
292 193 287 13 100
134 170 394 373 430
399 2 20 431 261
358 11 116 185 0
285 284 474 312 485
7 286 225 422 91
486 487 166 327 352
493 16 457 38 47
478 88 224 232 401
57 36 61 72 302
345 158 492 497 102
3 499 420 407 311
367 270 320 405 246
467 429 473 162 130
177 442 408 216 491
299 263 336 289 450
332 325 80 42 21
107 201 334 273 218
363 276 120 365 214
56 372 498 314 156
159 115 108 288 307
461 143 304 86 356
202 28 338 483 412
189 425 283 4 95
403 160 126 335 303
354 43 453 297 46
484 280 462 362 119
392 375 165 389 454
475 254 255 322 74
391 78 489 371 146
395 190 410 37 293
53 110 360 210 452
68 258 260 197 90
481 469 459 383 63
205 161 298 186 267
101 145 248 81 251
179 411 220 446 390
456 155 240 127 188
428 103 413 55 175
12 208 213 25 203
309 187 370 89 237
418 423 18 406 243
73 17 228 265 351
31 149 252 113 340
433 139 282 343 247
212 152 67 409 60
438 466 321 33 329
292 193 287 13 100
134 170 394 373 430
399 2 20 431 261
358 11 116 185 0
285 284 474 312 485
7 286 225 422 91
486 487 166 327 352
493 16 457 38 47
478 88 224 232 401
57 36 61 72 302
345 158 492 497 102
3 499 420 407 311
367 270 320 405 246
467 429 473 162 130
177 442 408 216 491
299 263 336 289 450
332 325 80 42 21
107 201 334 273 218
363 276 120 365 214
56 372 498 314 156
159 115 108 288 307
461 143 304 86 356
202 28 338 483 412
189 425 283 4 95
414 239 79 315 445
403 160 126 335 303
354 43 453 297 46
484 280 462 362 119
392 375 165 389 454
475 254 255 322 74
391 78 489 371 146
395 190 410 37 293
53 110 360 210 452
68 258 260 197 90
481 469 459 383 63
205 161 298 186 267
101 145 248 81 251
179 411 220 446 390
456 155 240 127 188
428 103 413 55 175
12 208 213 25 203
309 187 370 89 237
418 423 18 406 243
73 17 228 265 351
31 149 252 113 340
433 139 282 343 247
212 152 67 409 60
438 466 321 33 329
292 193 287 13 100
134 170 394 373 430
399 2 20 431 261
358 11 116 185 0
285 284 474 312 485
7 286 225 422 91
486 487 166 327 352
493 16 457 38 47
478 88 224 232 401
57 36 61 72 302
345 158 492 497 102
3 499 420 407 311
367 270 320 405 246
467 429 473 162 130
177 442 408 216 491
299 263 336 289 450
332 325 80 42 21
107 201 334 273 218
363 276 120 365 214
56 372 498 314 156
159 115 108 288 307
461 143 304 86 356
202 28 338 483 412
189 425 283 4 95
414 239 79 315 445
219 494 167 69 8
403 160 126 335 303
354 43 453 297 46
484 280 462 362 119
392 375 165 389 454
475 254 255 322 74
391 78 489 371 146
395 190 410 37 293
53 110 360 210 452
68 258 260 197 90
481 469 459 383 63
205 161 298 186 267
101 145 248 81 251
179 411 220 446 390
456 155 240 127 188
428 103 413 55 175
12 208 213 25 203
309 187 370 89 237
418 423 18 406 243
73 17 228 265 351
31 149 252 113 340
433 139 282 343 247
212 152 67 409 60
438 466 321 33 329
292 193 287 13 100
134 170 394 373 430
399 2 20 431 261
358 11 116 185 0
285 284 474 312 485
7 286 225 422 91
486 487 166 327 352
493 16 457 38 47
478 88 224 232 401
57 36 61 72 302
345 158 492 497 102
3 499 420 407 311
367 270 320 405 246
467 429 473 162 130
177 442 408 216 491
299 263 336 289 450
332 325 80 42 21
107 201 334 273 218
363 276 120 365 214
56 372 498 314 156
159 115 108 288 307
461 143 304 86 356
202 28 338 483 412
189 425 283 4 95
414 239 79 315 445
219 494 167 69 8
436 256 83 84 488
