203 58 453 283 10
203 58 453 283 10
320 171 140 272 386
203 58 453 283 10
320 171 140 272 386
73 388 1 229 157
203 58 453 283 10
320 171 140 272 386
73 388 1 229 157
63 125 239 104 92
203 58 453 283 10
320 171 140 272 386
73 388 1 229 157
63 125 239 104 92
410 497 120 188 451
203 58 453 283 10
320 171 140 272 386
73 388 1 229 157
63 125 239 104 92
410 497 120 188 451
492 186 470 478 216
203 58 453 283 10
320 171 140 272 386
73 388 1 229 157
63 125 239 104 92
410 497 120 188 451
492 186 470 478 216
397 224 263 382 184
203 58 453 283 10
320 171 140 272 386
73 388 1 229 157
63 125 239 104 92
410 497 120 188 451
492 186 470 478 216
397 224 263 382 184
329 108 28 123 79
203 58 453 283 10
320 171 140 272 386
73 388 1 229 157
63 125 239 104 92
410 497 120 188 451
492 186 470 478 216
397 224 263 382 184
329 108 28 123 79
326 390 338 132 450
203 58 453 283 10
320 171 140 272 386
73 388 1 229 157
63 125 239 104 92
410 497 120 188 451
492 186 470 478 216
397 224 263 382 184
329 108 28 123 79
326 390 338 132 450
432 23 8 277 103
203 58 453 283 10
320 171 140 272 386
73 388 1 229 157
63 125 239 104 92
410 497 120 188 451
492 186 470 478 216
397 224 263 382 184
329 108 28 123 79
326 390 338 132 450
432 23 8 277 103
368 261 198 303 122
203 58 453 283 10
320 171 140 272 386
73 388 1 229 157
63 125 239 104 92
410 497 120 188 451
492 186 470 478 216
397 224 263 382 184
329 108 28 123 79
326 390 338 132 450
432 23 8 277 103
368 261 198 303 122
173 15 219 294 45
203 58 453 283 10
320 171 140 272 386
73 388 1 229 157
63 125 239 104 92
410 497 120 188 451
492 186 470 478 216
397 224 263 382 184
329 108 28 123 79
326 390 338 132 450
432 23 8 277 103
368 261 198 303 122
173 15 219 294 45
242 480 477 360 295
203 58 453 283 10
320 171 140 272 386
73 388 1 229 157
63 125 239 104 92
410 497 120 188 451
492 186 470 478 216
397 224 263 382 184
329 108 28 123 79
326 390 338 132 450
432 23 8 277 103
368 261 198 303 122
173 15 219 294 45
242 480 477 360 295
362 399 207 77 39
203 58 453 283 10
320 171 140 272 386
73 388 1 229 157
63 125 239 104 92
410 497 120 188 451
492 186 470 478 216
397 224 263 382 184
329 108 28 123 79
326 390 338 132 450
432 23 8 277 103
368 261 198 303 122
173 15 219 294 45
242 480 477 360 295
362 399 207 77 39
351 69 135 476 128
203 58 453 283 10
320 171 140 272 386
73 388 1 229 157
63 125 239 104 92
410 497 120 188 451
492 186 470 478 216
397 224 263 382 184
329 108 28 123 79
326 390 338 132 450
432 23 8 277 103
368 261 198 303 122
173 15 219 294 45
242 480 477 360 295
362 399 207 77 39
351 69 135 476 128
59 109 256 93 161
203 58 453 283 10
320 171 140 272 386
73 388 1 229 157
63 125 239 104 92
410 497 120 188 451
492 186 470 478 216
397 224 263 382 184
329 108 28 123 79
326 390 338 132 450
432 23 8 277 103
368 261 198 303 122
173 15 219 294 45
242 480 477 360 295
362 399 207 77 39
351 69 135 476 128
59 109 256 93 161
344 7 354 464 252
203 58 453 283 10
320 171 140 272 386
73 388 1 229 157
63 125 239 104 92
410 497 120 188 451
492 186 470 478 216
397 224 263 382 184
329 108 28 123 79
326 390 338 132 450
432 23 8 277 103
368 261 198 303 122
173 15 219 294 45
242 480 477 360 295
362 399 207 77 39
351 69 135 476 128
59 109 256 93 161
344 7 354 464 252
366 345 22 209 422
203 58 453 283 10
320 171 140 272 386
73 388 1 229 157
63 125 239 104 92
410 497 120 188 451
492 186 470 478 216
397 224 263 382 184
329 108 28 123 79
326 390 338 132 450
432 23 8 277 103
368 261 198 303 122
173 15 219 294 45
242 480 477 360 295
362 399 207 77 39
351 69 135 476 128
59 109 256 93 161
344 7 354 464 252
366 345 22 209 422
358 119 102 84 3
203 58 453 283 10
320 171 140 272 386
73 388 1 229 157
63 125 239 104 92
410 497 120 188 451
492 186 470 478 216
397 224 263 382 184
329 108 28 123 79
326 390 338 132 450
432 23 8 277 103
368 261 198 303 122
173 15 219 294 45
242 480 477 360 295
362 399 207 77 39
351 69 135 476 128
59 109 256 93 161
344 7 354 464 252
366 345 22 209 422
358 119 102 84 3
308 350 282 149 452
203 58 453 283 10
320 171 140 272 386
73 388 1 229 157
63 125 239 104 92
410 497 120 188 451
492 186 470 478 216
397 224 263 382 184
329 108 28 123 79
326 390 338 132 450
432 23 8 277 103
368 261 198 303 122
173 15 219 294 45
242 480 477 360 295
362 399 207 77 39
351 69 135 476 128
59 109 256 93 161
344 7 354 464 252
366 345 22 209 422
358 119 102 84 3
308 350 282 149 452
153 310 402 227 472
203 58 453 283 10
320 171 140 272 386
73 388 1 229 157
63 125 239 104 92
410 497 120 188 451
492 186 470 478 216
397 224 263 382 184
329 108 28 123 79
326 390 338 132 450
432 23 8 277 103
368 261 198 303 122
173 15 219 294 45
242 480 477 360 295
362 399 207 77 39
351 69 135 476 128
59 109 256 93 161
344 7 354 464 252
366 345 22 209 422
358 119 102 84 3
308 350 282 149 452
153 310 402 227 472
147 313 139 85 83
203 58 453 283 10
320 171 140 272 386
73 388 1 229 157
63 125 239 104 92
410 497 120 188 451
492 186 470 478 216
397 224 263 382 184
329 108 28 123 79
326 390 338 132 450
432 23 8 277 103
368 261 198 303 122
173 15 219 294 45
242 480 477 360 295
362 399 207 77 39
351 69 135 476 128
59 109 256 93 161
344 7 354 464 252
366 345 22 209 422
358 119 102 84 3
308 350 282 149 452
153 310 402 227 472
147 313 139 85 83
238 70 369 164 469
203 58 453 283 10
320 171 140 272 386
73 388 1 229 157
63 125 239 104 92
410 497 120 188 451
492 186 470 478 216
397 224 263 382 184
329 108 28 123 79
326 390 338 132 450
432 23 8 277 103
368 261 198 303 122
173 15 219 294 45
242 480 477 360 295
362 399 207 77 39
351 69 135 476 128
59 109 256 93 161
344 7 354 464 252
366 345 22 209 422
358 119 102 84 3
308 350 282 149 452
153 310 402 227 472
147 313 139 85 83
238 70 369 164 469
14 403 117 475 138
203 58 453 283 10
320 171 140 272 386
73 388 1 229 157
63 125 239 104 92
410 497 120 188 451
492 186 470 478 216
397 224 263 382 184
329 108 28 123 79
326 390 338 132 450
432 23 8 277 103
368 261 198 303 122
173 15 219 294 45
242 480 477 360 295
362 399 207 77 39
351 69 135 476 128
59 109 256 93 161
344 7 354 464 252
366 345 22 209 422
358 119 102 84 3
308 350 282 149 452
153 310 402 227 472
147 313 139 85 83
238 70 369 164 469
14 403 117 475 138
75 71 264 27 105
203 58 453 283 10
320 171 140 272 386
73 388 1 229 157
63 125 239 104 92
410 497 120 188 451
492 186 470 478 216
397 224 263 382 184
329 108 28 123 79
326 390 338 132 450
432 23 8 277 103
368 261 198 303 122
173 15 219 294 45
242 480 477 360 295
362 399 207 77 39
351 69 135 476 128
59 109 256 93 161
344 7 354 464 252
366 345 22 209 422
358 119 102 84 3
308 350 282 149 452
153 310 402 227 472
147 313 139 85 83
238 70 369 164 469
14 403 117 475 138
75 71 264 27 105
167 421 249 490 340
203 58 453 283 10
320 171 140 272 386
73 388 1 229 157
63 125 239 104 92
410 497 120 188 451
492 186 470 478 216
397 224 263 382 184
329 108 28 123 79
326 390 338 132 450
432 23 8 277 103
368 261 198 303 122
173 15 219 294 45
242 480 477 360 295
362 399 207 77 39
351 69 135 476 128
59 109 256 93 161
344 7 354 464 252
366 345 22 209 422
358 119 102 84 3
308 350 282 149 452
153 310 402 227 472
147 313 139 85 83
238 70 369 164 469
14 403 117 475 138
75 71 264 27 105
167 421 249 490 340
106 425 94 377 214
203 58 453 283 10
320 171 140 272 386
73 388 1 229 157
63 125 239 104 92
410 497 120 188 451
492 186 470 478 216
397 224 263 382 184
329 108 28 123 79
326 390 338 132 450
432 23 8 277 103
368 261 198 303 122
173 15 219 294 45
242 480 477 360 295
362 399 207 77 39
351 69 135 476 128
59 109 256 93 161
344 7 354 464 252
366 345 22 209 422
358 119 102 84 3
308 350 282 149 452
153 310 402 227 472
147 313 139 85 83
238 70 369 164 469
14 403 117 475 138
75 71 264 27 105
167 421 249 490 340
106 425 94 377 214
323 13 130 152 267
203 58 453 283 10
320 171 140 272 386
73 388 1 229 157
63 125 239 104 92
410 497 120 188 451
492 186 470 478 216
397 224 263 382 184
329 108 28 123 79
326 390 338 132 450
432 23 8 277 103
368 261 198 303 122
173 15 219 294 45
242 480 477 360 295
362 399 207 77 39
351 69 135 476 128
59 109 256 93 161
344 7 354 464 252
366 345 22 209 422
358 119 102 84 3
308 350 282 149 452
153 310 402 227 472
147 313 139 85 83
238 70 369 164 469
14 403 117 475 138
75 71 264 27 105
167 421 249 490 340
106 425 94 377 214
323 13 130 152 267
449 396 233 111 57
203 58 453 283 10
320 171 140 272 386
73 388 1 229 157
63 125 239 104 92
410 497 120 188 451
492 186 470 478 216
397 224 263 382 184
329 108 28 123 79
326 390 338 132 450
432 23 8 277 103
368 261 198 303 122
173 15 219 294 45
242 480 477 360 295
362 399 207 77 39
351 69 135 476 128
59 109 256 93 161
344 7 354 464 252
366 345 22 209 422
358 119 102 84 3
308 350 282 149 452
153 310 402 227 472
147 313 139 85 83
238 70 369 164 469
14 403 117 475 138
75 71 264 27 105
167 421 249 490 340
106 425 94 377 214
323 13 130 152 267
449 396 233 111 57
375 408 76 426 279
203 58 453 283 10
320 171 140 272 386
73 388 1 229 157
63 125 239 104 92
410 497 120 188 451
492 186 470 478 216
397 224 263 382 184
329 108 28 123 79
326 390 338 132 450
432 23 8 277 103
368 261 198 303 122
173 15 219 294 45
242 480 477 360 295
362 399 207 77 39
351 69 135 476 128
59 109 256 93 161
344 7 354 464 252
366 345 22 209 422
358 119 102 84 3
308 350 282 149 452
153 310 402 227 472
147 313 139 85 83
238 70 369 164 469
14 403 117 475 138
75 71 264 27 105
167 421 249 490 340
106 425 94 377 214
323 13 130 152 267
449 396 233 111 57
375 408 76 426 279
424 185 234 436 427
203 58 453 283 10
320 171 140 272 386
73 388 1 229 157
63 125 239 104 92
410 497 120 188 451
492 186 470 478 216
397 224 263 382 184
329 108 28 123 79
326 390 338 132 450
432 23 8 277 103
368 261 198 303 122
173 15 219 294 45
242 480 477 360 295
362 399 207 77 39
351 69 135 476 128
59 109 256 93 161
344 7 354 464 252
366 345 22 209 422
358 119 102 84 3
308 350 282 149 452
153 310 402 227 472
147 313 139 85 83
238 70 369 164 469
14 403 117 475 138
75 71 264 27 105
167 421 249 490 340
106 425 94 377 214
323 13 130 152 267
449 396 233 111 57
375 408 76 426 279
424 185 234 436 427
292 281 150 387 165
203 58 453 283 10
320 171 140 272 386
73 388 1 229 157
63 125 239 104 92
410 497 120 188 451
492 186 470 478 216
397 224 263 382 184
329 108 28 123 79
326 390 338 132 450
432 23 8 277 103
368 261 198 303 122
173 15 219 294 45
242 480 477 360 295
362 399 207 77 39
351 69 135 476 128
59 109 256 93 161
344 7 354 464 252
366 345 22 209 422
358 119 102 84 3
308 350 282 149 452
153 310 402 227 472
147 313 139 85 83
238 70 369 164 469
14 403 117 475 138
75 71 264 27 105
167 421 249 490 340
106 425 94 377 214
323 13 130 152 267
449 396 233 111 57
375 408 76 426 279
424 185 234 436 427
292 281 150 387 165
312 19 316 457 266
203 58 453 283 10
320 171 140 272 386
73 388 1 229 157
63 125 239 104 92
410 497 120 188 451
492 186 470 478 216
397 224 263 382 184
329 108 28 123 79
326 390 338 132 450
432 23 8 277 103
368 261 198 303 122
173 15 219 294 45
242 480 477 360 295
362 399 207 77 39
351 69 135 476 128
59 109 256 93 161
344 7 354 464 252
366 345 22 209 422
358 119 102 84 3
308 350 282 149 452
153 310 402 227 472
147 313 139 85 83
238 70 369 164 469
14 403 117 475 138
75 71 264 27 105
167 421 249 490 340
106 425 94 377 214
323 13 130 152 267
449 396 233 111 57
375 408 76 426 279
424 185 234 436 427
292 281 150 387 165
312 19 316 457 266
86 228 385 220 482
203 58 453 283 10
320 171 140 272 386
73 388 1 229 157
63 125 239 104 92
410 497 120 188 451
492 186 470 478 216
397 224 263 382 184
329 108 28 123 79
326 390 338 132 450
432 23 8 277 103
368 261 198 303 122
173 15 219 294 45
242 480 477 360 295
362 399 207 77 39
351 69 135 476 128
59 109 256 93 161
344 7 354 464 252
366 345 22 209 422
358 119 102 84 3
308 350 282 149 452
153 310 402 227 472
147 313 139 85 83
238 70 369 164 469
14 403 117 475 138
75 71 264 27 105
167 421 249 490 340
106 425 94 377 214
323 13 130 152 267
449 396 233 111 57
375 408 76 426 279
424 185 234 436 427
292 281 150 387 165
312 19 316 457 266
86 228 385 220 482
293 175 359 181 309
203 58 453 283 10
320 171 140 272 386
73 388 1 229 157
63 125 239 104 92
410 497 120 188 451
492 186 470 478 216
397 224 263 382 184
329 108 28 123 79
326 390 338 132 450
432 23 8 277 103
368 261 198 303 122
173 15 219 294 45
242 480 477 360 295
362 399 207 77 39
351 69 135 476 128
59 109 256 93 161
344 7 354 464 252
366 345 22 209 422
358 119 102 84 3
308 350 282 149 452
153 310 402 227 472
147 313 139 85 83
238 70 369 164 469
14 403 117 475 138
75 71 264 27 105
167 421 249 490 340
106 425 94 377 214
323 13 130 152 267
449 396 233 111 57
375 408 76 426 279
424 185 234 436 427
292 281 150 387 165
312 19 316 457 266
86 228 385 220 482
293 175 359 181 309
328 384 52 412 356
203 58 453 283 10
320 171 140 272 386
73 388 1 229 157
63 125 239 104 92
410 497 120 188 451
492 186 470 478 216
397 224 263 382 184
329 108 28 123 79
326 390 338 132 450
432 23 8 277 103
368 261 198 303 122
173 15 219 294 45
242 480 477 360 295
362 399 207 77 39
351 69 135 476 128
59 109 256 93 161
344 7 354 464 252
366 345 22 209 422
358 119 102 84 3
308 350 282 149 452
153 310 402 227 472
147 313 139 85 83
238 70 369 164 469
14 403 117 475 138
75 71 264 27 105
167 421 249 490 340
106 425 94 377 214
323 13 130 152 267
449 396 233 111 57
375 408 76 426 279
424 185 234 436 427
292 281 150 387 165
312 19 316 457 266
86 228 385 220 482
293 175 359 181 309
328 384 52 412 356
278 115 254 347 159
203 58 453 283 10
320 171 140 272 386
73 388 1 229 157
63 125 239 104 92
410 497 120 188 451
492 186 470 478 216
397 224 263 382 184
329 108 28 123 79
326 390 338 132 450
432 23 8 277 103
368 261 198 303 122
173 15 219 294 45
242 480 477 360 295
362 399 207 77 39
351 69 135 476 128
59 109 256 93 161
344 7 354 464 252
366 345 22 209 422
358 119 102 84 3
308 350 282 149 452
153 310 402 227 472
147 313 139 85 83
238 70 369 164 469
14 403 117 475 138
75 71 264 27 105
167 421 249 490 340
106 425 94 377 214
323 13 130 152 267
449 396 233 111 57
375 408 76 426 279
424 185 234 436 427
292 281 150 387 165
312 19 316 457 266
86 228 385 220 482
293 175 359 181 309
328 384 52 412 356
278 115 254 347 159
262 468 101 88 334
203 58 453 283 10
320 171 140 272 386
73 388 1 229 157
63 125 239 104 92
410 497 120 188 451
492 186 470 478 216
397 224 263 382 184
329 108 28 123 79
326 390 338 132 450
432 23 8 277 103
368 261 198 303 122
173 15 219 294 45
242 480 477 360 295
362 399 207 77 39
351 69 135 476 128
59 109 256 93 161
344 7 354 464 252
366 345 22 209 422
358 119 102 84 3
308 350 282 149 452
153 310 402 227 472
147 313 139 85 83
238 70 369 164 469
14 403 117 475 138
75 71 264 27 105
167 421 249 490 340
106 425 94 377 214
323 13 130 152 267
449 396 233 111 57
375 408 76 426 279
424 185 234 436 427
292 281 150 387 165
312 19 316 457 266
86 228 385 220 482
293 175 359 181 309
328 384 52 412 356
278 115 254 347 159
262 468 101 88 334
90 389 235 439 414
203 58 453 283 10
320 171 140 272 386
73 388 1 229 157
63 125 239 104 92
410 497 120 188 451
492 186 470 478 216
397 224 263 382 184
329 108 28 123 79
326 390 338 132 450
432 23 8 277 103
368 261 198 303 122
173 15 219 294 45
242 480 477 360 295
362 399 207 77 39
351 69 135 476 128
59 109 256 93 161
344 7 354 464 252
366 345 22 209 422
358 119 102 84 3
308 350 282 149 452
153 310 402 227 472
147 313 139 85 83
238 70 369 164 469
14 403 117 475 138
75 71 264 27 105
167 421 249 490 340
106 425 94 377 214
323 13 130 152 267
449 396 233 111 57
375 408 76 426 279
424 185 234 436 427
292 281 150 387 165
312 19 316 457 266
86 228 385 220 482
293 175 359 181 309
328 384 52 412 356
278 115 254 347 159
262 468 101 88 334
90 389 235 439 414
250 257 284 489 496
203 58 453 283 10
320 171 140 272 386
73 388 1 229 157
63 125 239 104 92
410 497 120 188 451
492 186 470 478 216
397 224 263 382 184
329 108 28 123 79
326 390 338 132 450
432 23 8 277 103
368 261 198 303 122
173 15 219 294 45
242 480 477 360 295
362 399 207 77 39
351 69 135 476 128
59 109 256 93 161
344 7 354 464 252
366 345 22 209 422
358 119 102 84 3
308 350 282 149 452
153 310 402 227 472
147 313 139 85 83
238 70 369 164 469
14 403 117 475 138
75 71 264 27 105
167 421 249 490 340
106 425 94 377 214
323 13 130 152 267
449 396 233 111 57
375 408 76 426 279
424 185 234 436 427
292 281 150 387 165
312 19 316 457 266
86 228 385 220 482
293 175 359 181 309
328 384 52 412 356
278 115 254 347 159
262 468 101 88 334
90 389 235 439 414
250 257 284 489 496
145 82 99 259 276
203 58 453 283 10
320 171 140 272 386
73 388 1 229 157
63 125 239 104 92
410 497 120 188 451
492 186 470 478 216
397 224 263 382 184
329 108 28 123 79
326 390 338 132 450
432 23 8 277 103
368 261 198 303 122
173 15 219 294 45
242 480 477 360 295
362 399 207 77 39
351 69 135 476 128
59 109 256 93 161
344 7 354 464 252
366 345 22 209 422
358 119 102 84 3
308 350 282 149 452
153 310 402 227 472
147 313 139 85 83
238 70 369 164 469
14 403 117 475 138
75 71 264 27 105
167 421 249 490 340
106 425 94 377 214
323 13 130 152 267
449 396 233 111 57
375 408 76 426 279
424 185 234 436 427
292 281 150 387 165
312 19 316 457 266
86 228 385 220 482
293 175 359 181 309
328 384 52 412 356
278 115 254 347 159
262 468 101 88 334
90 389 235 439 414
250 257 284 489 496
145 82 99 259 276
400 419 241 251 336
203 58 453 283 10
320 171 140 272 386
73 388 1 229 157
63 125 239 104 92
410 497 120 188 451
492 186 470 478 216
397 224 263 382 184
329 108 28 123 79
326 390 338 132 450
432 23 8 277 103
368 261 198 303 122
173 15 219 294 45
242 480 477 360 295
362 399 207 77 39
351 69 135 476 128
59 109 256 93 161
344 7 354 464 252
366 345 22 209 422
358 119 102 84 3
308 350 282 149 452
153 310 402 227 472
147 313 139 85 83
238 70 369 164 469
14 403 117 475 138
75 71 264 27 105
167 421 249 490 340
106 425 94 377 214
323 13 130 152 267
449 396 233 111 57
375 408 76 426 279
424 185 234 436 427
292 281 150 387 165
312 19 316 457 266
86 228 385 220 482
293 175 359 181 309
328 384 52 412 356
278 115 254 347 159
262 468 101 88 334
90 389 235 439 414
250 257 284 489 496
145 82 99 259 276
400 419 241 251 336
339 154 415 200 236
203 58 453 283 10
320 171 140 272 386
73 388 1 229 157
63 125 239 104 92
410 497 120 188 451
492 186 470 478 216
397 224 263 382 184
329 108 28 123 79
326 390 338 132 450
432 23 8 277 103
368 261 198 303 122
173 15 219 294 45
242 480 477 360 295
362 399 207 77 39
351 69 135 476 128
59 109 256 93 161
344 7 354 464 252
366 345 22 209 422
358 119 102 84 3
308 350 282 149 452
153 310 402 227 472
147 313 139 85 83
238 70 369 164 469
14 403 117 475 138
75 71 264 27 105
167 421 249 490 340
106 425 94 377 214
323 13 130 152 267
449 396 233 111 57
375 408 76 426 279
424 185 234 436 427
292 281 150 387 165
312 19 316 457 266
86 228 385 220 482
293 175 359 181 309
328 384 52 412 356
278 115 254 347 159
262 468 101 88 334
90 389 235 439 414
250 257 284 489 496
145 82 99 259 276
400 419 241 251 336
339 154 415 200 236
374 445 168 443 246
203 58 453 283 10
320 171 140 272 386
73 388 1 229 157
63 125 239 104 92
410 497 120 188 451
492 186 470 478 216
397 224 263 382 184
329 108 28 123 79
326 390 338 132 450
432 23 8 277 103
368 261 198 303 122
173 15 219 294 45
242 480 477 360 295
362 399 207 77 39
351 69 135 476 128
59 109 256 93 161
344 7 354 464 252
366 345 22 209 422
358 119 102 84 3
308 350 282 149 452
153 310 402 227 472
147 313 139 85 83
238 70 369 164 469
14 403 117 475 138
75 71 264 27 105
167 421 249 490 340
106 425 94 377 214
323 13 130 152 267
449 396 233 111 57
375 408 76 426 279
424 185 234 436 427
292 281 150 387 165
312 19 316 457 266
86 228 385 220 482
293 175 359 181 309
328 384 52 412 356
278 115 254 347 159
262 468 101 88 334
90 389 235 439 414
250 257 284 489 496
145 82 99 259 276
400 419 241 251 336
339 154 415 200 236
374 445 168 443 246
311 321 288 466 54
203 58 453 283 10
320 171 140 272 386
73 388 1 229 157
63 125 239 104 92
410 497 120 188 451
492 186 470 478 216
397 224 263 382 184
329 108 28 123 79
326 390 338 132 450
432 23 8 277 103
368 261 198 303 122
173 15 219 294 45
242 480 477 360 295
362 399 207 77 39
351 69 135 476 128
59 109 256 93 161
344 7 354 464 252
366 345 22 209 422
358 119 102 84 3
308 350 282 149 452
153 310 402 227 472
147 313 139 85 83
238 70 369 164 469
14 403 117 475 138
75 71 264 27 105
167 421 249 490 340
106 425 94 377 214
323 13 130 152 267
449 396 233 111 57
375 408 76 426 279
424 185 234 436 427
292 281 150 387 165
312 19 316 457 266
86 228 385 220 482
293 175 359 181 309
328 384 52 412 356
278 115 254 347 159
262 468 101 88 334
90 389 235 439 414
250 257 284 489 496
145 82 99 259 276
400 419 241 251 336
339 154 415 200 236
374 445 168 443 246
311 321 288 466 54
479 371 486 398 306
203 58 453 283 10
320 171 140 272 386
73 388 1 229 157
63 125 239 104 92
410 497 120 188 451
492 186 470 478 216
397 224 263 382 184
329 108 28 123 79
326 390 338 132 450
432 23 8 277 103
368 261 198 303 122
173 15 219 294 45
242 480 477 360 295
362 399 207 77 39
351 69 135 476 128
59 109 256 93 161
344 7 354 464 252
366 345 22 209 422
358 119 102 84 3
308 350 282 149 452
153 310 402 227 472
147 313 139 85 83
238 70 369 164 469
14 403 117 475 138
75 71 264 27 105
167 421 249 490 340
106 425 94 377 214
323 13 130 152 267
449 396 233 111 57
375 408 76 426 279
424 185 234 436 427
292 281 150 387 165
312 19 316 457 266
86 228 385 220 482
293 175 359 181 309
328 384 52 412 356
278 115 254 347 159
262 468 101 88 334
90 389 235 439 414
250 257 284 489 496
145 82 99 259 276
400 419 241 251 336
339 154 415 200 236
374 445 168 443 246
311 321 288 466 54
479 371 486 398 306
223 458 287 455 199
203 58 453 283 10
320 171 140 272 386
73 388 1 229 157
63 125 239 104 92
410 497 120 188 451
492 186 470 478 216
397 224 263 382 184
329 108 28 123 79
326 390 338 132 450
432 23 8 277 103
368 261 198 303 122
173 15 219 294 45
242 480 477 360 295
362 399 207 77 39
351 69 135 476 128
59 109 256 93 161
344 7 354 464 252
366 345 22 209 422
358 119 102 84 3
308 350 282 149 452
153 310 402 227 472
147 313 139 85 83
238 70 369 164 469
14 403 117 475 138
75 71 264 27 105
167 421 249 490 340
106 425 94 377 214
323 13 130 152 267
449 396 233 111 57
375 408 76 426 279
424 185 234 436 427
292 281 150 387 165
312 19 316 457 266
86 228 385 220 482
293 175 359 181 309
328 384 52 412 356
278 115 254 347 159
262 468 101 88 334
90 389 235 439 414
250 257 284 489 496
145 82 99 259 276
400 419 241 251 336
339 154 415 200 236
374 445 168 443 246
311 321 288 466 54
479 371 486 398 306
223 458 287 455 199
16 136 270 72 112
203 58 453 283 10
320 171 140 272 386
73 388 1 229 157
63 125 239 104 92
410 497 120 188 451
492 186 470 478 216
397 224 263 382 184
329 108 28 123 79
326 390 338 132 450
432 23 8 277 103
368 261 198 303 122
173 15 219 294 45
242 480 477 360 295
362 399 207 77 39
351 69 135 476 128
59 109 256 93 161
344 7 354 464 252
366 345 22 209 422
358 119 102 84 3
308 350 282 149 452
153 310 402 227 472
147 313 139 85 83
238 70 369 164 469
14 403 117 475 138
75 71 264 27 105
167 421 249 490 340
106 425 94 377 214
323 13 130 152 267
449 396 233 111 57
375 408 76 426 279
424 185 234 436 427
292 281 150 387 165
312 19 316 457 266
86 228 385 220 482
293 175 359 181 309
328 384 52 412 356
278 115 254 347 159
262 468 101 88 334
90 389 235 439 414
250 257 284 489 496
145 82 99 259 276
400 419 241 251 336
339 154 415 200 236
374 445 168 443 246
311 321 288 466 54
479 371 486 398 306
223 458 287 455 199
16 136 270 72 112
97 41 465 498 21
203 58 453 283 10
320 171 140 272 386
73 388 1 229 157
63 125 239 104 92
410 497 120 188 451
492 186 470 478 216
397 224 263 382 184
329 108 28 123 79
326 390 338 132 450
432 23 8 277 103
368 261 198 303 122
173 15 219 294 45
242 480 477 360 295
362 399 207 77 39
351 69 135 476 128
59 109 256 93 161
344 7 354 464 252
366 345 22 209 422
358 119 102 84 3
308 350 282 149 452
153 310 402 227 472
147 313 139 85 83
238 70 369 164 469
14 403 117 475 138
75 71 264 27 105
167 421 249 490 340
106 425 94 377 214
323 13 130 152 267
449 396 233 111 57
375 408 76 426 279
424 185 234 436 427
292 281 150 387 165
312 19 316 457 266
86 228 385 220 482
293 175 359 181 309
328 384 52 412 356
278 115 254 347 159
262 468 101 88 334
90 389 235 439 414
250 257 284 489 496
145 82 99 259 276
400 419 241 251 336
339 154 415 200 236
374 445 168 443 246
311 321 288 466 54
479 371 486 398 306
223 458 287 455 199
16 136 270 72 112
97 41 465 498 21
201 37 74 177 208
