153 100 141 340 354
153 100 141 340 354
491 90 307 148 309
153 100 141 340 354
491 90 307 148 309
157 418 58 107 377
153 100 141 340 354
491 90 307 148 309
157 418 58 107 377
32 212 216 71 451
153 100 141 340 354
491 90 307 148 309
157 418 58 107 377
32 212 216 71 451
116 330 345 437 415
153 100 141 340 354
491 90 307 148 309
157 418 58 107 377
32 212 216 71 451
116 330 345 437 415
267 475 324 473 23
153 100 141 340 354
491 90 307 148 309
157 418 58 107 377
32 212 216 71 451
116 330 345 437 415
267 475 324 473 23
28 14 27 194 386
153 100 141 340 354
491 90 307 148 309
157 418 58 107 377
32 212 216 71 451
116 330 345 437 415
267 475 324 473 23
28 14 27 194 386
406 98 1 302
153 100 141 340 354
491 90 307 148 309
157 418 58 107 377
32 212 216 71 451
116 330 345 437 415
267 475 324 473 23
28 14 27 194 386
406 98 1 302
24 439 176 37 306
153 100 141 340 354
491 90 307 148 309
157 418 58 107 377
32 212 216 71 451
116 330 345 437 415
267 475 324 473 23
28 14 27 194 386
406 98 1 302
24 439 176 37 306
254 21 409 185
153 100 141 340 354
491 90 307 148 309
157 418 58 107 377
32 212 216 71 451
116 330 345 437 415
267 475 324 473 23
28 14 27 194 386
406 98 1 302
24 439 176 37 306
254 21 409 185
132 20 400 131 61
153 100 141 340 354
491 90 307 148 309
157 418 58 107 377
32 212 216 71 451
116 330 345 437 415
267 475 324 473 23
28 14 27 194 386
406 98 1 302
24 439 176 37 306
254 21 409 185
132 20 400 131 61
365 427 466 60 99
153 100 141 340 354
491 90 307 148 309
157 418 58 107 377
32 212 216 71 451
116 330 345 437 415
267 475 324 473 23
28 14 27 194 386
406 98 1 302
24 439 176 37 306
254 21 409 185
132 20 400 131 61
365 427 466 60 99
5 228 86 456 229
153 100 141 340 354
491 90 307 148 309
157 418 58 107 377
32 212 216 71 451
116 330 345 437 415
267 475 324 473 23
28 14 27 194 386
406 98 1 302
24 439 176 37 306
254 21 409 185
132 20 400 131 61
365 427 466 60 99
5 228 86 456 229
445 232 319 30
153 100 141 340 354
491 90 307 148 309
157 418 58 107 377
32 212 216 71 451
116 330 345 437 415
267 475 324 473 23
28 14 27 194 386
406 98 1 302
24 439 176 37 306
254 21 409 185
132 20 400 131 61
365 427 466 60 99
5 228 86 456 229
445 232 319 30
408 258 195 57
153 100 141 340 354
491 90 307 148 309
157 418 58 107 377
32 212 216 71 451
116 330 345 437 415
267 475 324 473 23
28 14 27 194 386
406 98 1 302
24 439 176 37 306
254 21 409 185
132 20 400 131 61
365 427 466 60 99
5 228 86 456 229
445 232 319 30
408 258 195 57
366 490 236 251 348
153 100 141 340 354
491 90 307 148 309
157 418 58 107 377
32 212 216 71 451
116 330 345 437 415
267 475 324 473 23
28 14 27 194 386
406 98 1 302
24 439 176 37 306
254 21 409 185
132 20 400 131 61
365 427 466 60 99
5 228 86 456 229
445 232 319 30
408 258 195 57
366 490 236 251 348
338 168 271
153 100 141 340 354
491 90 307 148 309
157 418 58 107 377
32 212 216 71 451
116 330 345 437 415
267 475 324 473 23
28 14 27 194 386
406 98 1 302
24 439 176 37 306
254 21 409 185
132 20 400 131 61
365 427 466 60 99
5 228 86 456 229
445 232 319 30
408 258 195 57
366 490 236 251 348
338 168 271
52 273 321
153 100 141 340 354
491 90 307 148 309
157 418 58 107 377
32 212 216 71 451
116 330 345 437 415
267 475 324 473 23
28 14 27 194 386
406 98 1 302
24 439 176 37 306
254 21 409 185
132 20 400 131 61
365 427 466 60 99
5 228 86 456 229
445 232 319 30
408 258 195 57
366 490 236 251 348
338 168 271
52 273 321
239 3 443 139 45
153 100 141 340 354
491 90 307 148 309
157 418 58 107 377
32 212 216 71 451
116 330 345 437 415
267 475 324 473 23
28 14 27 194 386
406 98 1 302
24 439 176 37 306
254 21 409 185
132 20 400 131 61
365 427 466 60 99
5 228 86 456 229
445 232 319 30
408 258 195 57
366 490 236 251 348
338 168 271
52 273 321
239 3 443 139 45
173 114 69 53
153 100 141 340 354
491 90 307 148 309
157 418 58 107 377
32 212 216 71 451
116 330 345 437 415
267 475 324 473 23
28 14 27 194 386
406 98 1 302
24 439 176 37 306
254 21 409 185
132 20 400 131 61
365 427 466 60 99
5 228 86 456 229
445 232 319 30
408 258 195 57
366 490 236 251 348
338 168 271
52 273 321
239 3 443 139 45
173 114 69 53
26 178 289 241
153 100 141 340 354
491 90 307 148 309
157 418 58 107 377
32 212 216 71 451
116 330 345 437 415
267 475 324 473 23
28 14 27 194 386
406 98 1 302
24 439 176 37 306
254 21 409 185
132 20 400 131 61
365 427 466 60 99
5 228 86 456 229
445 232 319 30
408 258 195 57
366 490 236 251 348
338 168 271
52 273 321
239 3 443 139 45
173 114 69 53
26 178 289 241
430 125 303
153 100 141 340 354
491 90 307 148 309
157 418 58 107 377
32 212 216 71 451
116 330 345 437 415
267 475 324 473 23
28 14 27 194 386
406 98 1 302
24 439 176 37 306
254 21 409 185
132 20 400 131 61
365 427 466 60 99
5 228 86 456 229
445 232 319 30
408 258 195 57
366 490 236 251 348
338 168 271
52 273 321
239 3 443 139 45
173 114 69 53
26 178 289 241
430 125 303
467 272 92 398
153 100 141 340 354
491 90 307 148 309
157 418 58 107 377
32 212 216 71 451
116 330 345 437 415
267 475 324 473 23
28 14 27 194 386
406 98 1 302
24 439 176 37 306
254 21 409 185
132 20 400 131 61
365 427 466 60 99
5 228 86 456 229
445 232 319 30
408 258 195 57
366 490 236 251 348
338 168 271
52 273 321
239 3 443 139 45
173 114 69 53
26 178 289 241
430 125 303
467 272 92 398
493 39 155 325
153 100 141 340 354
491 90 307 148 309
157 418 58 107 377
32 212 216 71 451
116 330 345 437 415
267 475 324 473 23
28 14 27 194 386
406 98 1 302
24 439 176 37 306
254 21 409 185
132 20 400 131 61
365 427 466 60 99
5 228 86 456 229
445 232 319 30
408 258 195 57
366 490 236 251 348
338 168 271
52 273 321
239 3 443 139 45
173 114 69 53
26 178 289 241
430 125 303
467 272 92 398
493 39 155 325
56 269 13 226
153 100 141 340 354
491 90 307 148 309
157 418 58 107 377
32 212 216 71 451
116 330 345 437 415
267 475 324 473 23
28 14 27 194 386
406 98 1 302
24 439 176 37 306
254 21 409 185
132 20 400 131 61
365 427 466 60 99
5 228 86 456 229
445 232 319 30
408 258 195 57
366 490 236 251 348
338 168 271
52 273 321
239 3 443 139 45
173 114 69 53
26 178 289 241
430 125 303
467 272 92 398
493 39 155 325
56 269 13 226
401 63 270 49
153 100 141 340 354
491 90 307 148 309
157 418 58 107 377
32 212 216 71 451
116 330 345 437 415
267 475 324 473 23
28 14 27 194 386
406 98 1 302
24 439 176 37 306
254 21 409 185
132 20 400 131 61
365 427 466 60 99
5 228 86 456 229
445 232 319 30
408 258 195 57
366 490 236 251 348
338 168 271
52 273 321
239 3 443 139 45
173 114 69 53
26 178 289 241
430 125 303
467 272 92 398
493 39 155 325
56 269 13 226
401 63 270 49
93 316 396
153 100 141 340 354
491 90 307 148 309
157 418 58 107 377
32 212 216 71 451
116 330 345 437 415
267 475 324 473 23
28 14 27 194 386
406 98 1 302
24 439 176 37 306
254 21 409 185
132 20 400 131 61
365 427 466 60 99
5 228 86 456 229
445 232 319 30
408 258 195 57
366 490 236 251 348
338 168 271
52 273 321
239 3 443 139 45
173 114 69 53
26 178 289 241
430 125 303
467 272 92 398
493 39 155 325
56 269 13 226
401 63 270 49
93 316 396
429 470 230 362 223
153 100 141 340 354
491 90 307 148 309
157 418 58 107 377
32 212 216 71 451
116 330 345 437 415
267 475 324 473 23
28 14 27 194 386
406 98 1 302
24 439 176 37 306
254 21 409 185
132 20 400 131 61
365 427 466 60 99
5 228 86 456 229
445 232 319 30
408 258 195 57
366 490 236 251 348
338 168 271
52 273 321
239 3 443 139 45
173 114 69 53
26 178 289 241
430 125 303
467 272 92 398
493 39 155 325
56 269 13 226
401 63 270 49
93 316 396
429 470 230 362 223
462 276 109 342
153 100 141 340 354
491 90 307 148 309
157 418 58 107 377
32 212 216 71 451
116 330 345 437 415
267 475 324 473 23
28 14 27 194 386
406 98 1 302
24 439 176 37 306
254 21 409 185
132 20 400 131 61
365 427 466 60 99
5 228 86 456 229
445 232 319 30
408 258 195 57
366 490 236 251 348
338 168 271
52 273 321
239 3 443 139 45
173 114 69 53
26 178 289 241
430 125 303
467 272 92 398
493 39 155 325
56 269 13 226
401 63 270 49
93 316 396
429 470 230 362 223
462 276 109 342
10 480 235 314
153 100 141 340 354
491 90 307 148 309
157 418 58 107 377
32 212 216 71 451
116 330 345 437 415
267 475 324 473 23
28 14 27 194 386
406 98 1 302
24 439 176 37 306
254 21 409 185
132 20 400 131 61
365 427 466 60 99
5 228 86 456 229
445 232 319 30
408 258 195 57
366 490 236 251 348
338 168 271
52 273 321
239 3 443 139 45
173 114 69 53
26 178 289 241
430 125 303
467 272 92 398
493 39 155 325
56 269 13 226
401 63 270 49
93 316 396
429 470 230 362 223
462 276 109 342
10 480 235 314
75 355 332 320
153 100 141 340 354
491 90 307 148 309
157 418 58 107 377
32 212 216 71 451
116 330 345 437 415
267 475 324 473 23
28 14 27 194 386
406 98 1 302
24 439 176 37 306
254 21 409 185
132 20 400 131 61
365 427 466 60 99
5 228 86 456 229
445 232 319 30
408 258 195 57
366 490 236 251 348
338 168 271
52 273 321
239 3 443 139 45
173 114 69 53
26 178 289 241
430 125 303
467 272 92 398
493 39 155 325
56 269 13 226
401 63 270 49
93 316 396
429 470 230 362 223
462 276 109 342
10 480 235 314
75 355 332 320
388 59 124
153 100 141 340 354
491 90 307 148 309
157 418 58 107 377
32 212 216 71 451
116 330 345 437 415
267 475 324 473 23
28 14 27 194 386
406 98 1 302
24 439 176 37 306
254 21 409 185
132 20 400 131 61
365 427 466 60 99
5 228 86 456 229
445 232 319 30
408 258 195 57
366 490 236 251 348
338 168 271
52 273 321
239 3 443 139 45
173 114 69 53
26 178 289 241
430 125 303
467 272 92 398
493 39 155 325
56 269 13 226
401 63 270 49
93 316 396
429 470 230 362 223
462 276 109 342
10 480 235 314
75 355 332 320
388 59 124
64 87 48 204
153 100 141 340 354
491 90 307 148 309
157 418 58 107 377
32 212 216 71 451
116 330 345 437 415
267 475 324 473 23
28 14 27 194 386
406 98 1 302
24 439 176 37 306
254 21 409 185
132 20 400 131 61
365 427 466 60 99
5 228 86 456 229
445 232 319 30
408 258 195 57
366 490 236 251 348
338 168 271
52 273 321
239 3 443 139 45
173 114 69 53
26 178 289 241
430 125 303
467 272 92 398
493 39 155 325
56 269 13 226
401 63 270 49
93 316 396
429 470 230 362 223
462 276 109 342
10 480 235 314
75 355 332 320
388 59 124
64 87 48 204
328 180 280
153 100 141 340 354
491 90 307 148 309
157 418 58 107 377
32 212 216 71 451
116 330 345 437 415
267 475 324 473 23
28 14 27 194 386
406 98 1 302
24 439 176 37 306
254 21 409 185
132 20 400 131 61
365 427 466 60 99
5 228 86 456 229
445 232 319 30
408 258 195 57
366 490 236 251 348
338 168 271
52 273 321
239 3 443 139 45
173 114 69 53
26 178 289 241
430 125 303
467 272 92 398
493 39 155 325
56 269 13 226
401 63 270 49
93 316 396
429 470 230 362 223
462 276 109 342
10 480 235 314
75 355 332 320
388 59 124
64 87 48 204
328 180 280
62 184 89
153 100 141 340 354
491 90 307 148 309
157 418 58 107 377
32 212 216 71 451
116 330 345 437 415
267 475 324 473 23
28 14 27 194 386
406 98 1 302
24 439 176 37 306
254 21 409 185
132 20 400 131 61
365 427 466 60 99
5 228 86 456 229
445 232 319 30
408 258 195 57
366 490 236 251 348
338 168 271
52 273 321
239 3 443 139 45
173 114 69 53
26 178 289 241
430 125 303
467 272 92 398
493 39 155 325
56 269 13 226
401 63 270 49
93 316 396
429 470 230 362 223
462 276 109 342
10 480 235 314
75 355 332 320
388 59 124
64 87 48 204
328 180 280
62 184 89
499 117 4 431
153 100 141 340 354
491 90 307 148 309
157 418 58 107 377
32 212 216 71 451
116 330 345 437 415
267 475 324 473 23
28 14 27 194 386
406 98 1 302
24 439 176 37 306
254 21 409 185
132 20 400 131 61
365 427 466 60 99
5 228 86 456 229
445 232 319 30
408 258 195 57
366 490 236 251 348
338 168 271
52 273 321
239 3 443 139 45
173 114 69 53
26 178 289 241
430 125 303
467 272 92 398
493 39 155 325
56 269 13 226
401 63 270 49
93 316 396
429 470 230 362 223
462 276 109 342
10 480 235 314
75 355 332 320
388 59 124
64 87 48 204
328 180 280
62 184 89
499 117 4 431
290 301 165 179
153 100 141 340 354
491 90 307 148 309
157 418 58 107 377
32 212 216 71 451
116 330 345 437 415
267 475 324 473 23
28 14 27 194 386
406 98 1 302
24 439 176 37 306
254 21 409 185
132 20 400 131 61
365 427 466 60 99
5 228 86 456 229
445 232 319 30
408 258 195 57
366 490 236 251 348
338 168 271
52 273 321
239 3 443 139 45
173 114 69 53
26 178 289 241
430 125 303
467 272 92 398
493 39 155 325
56 269 13 226
401 63 270 49
93 316 396
429 470 230 362 223
462 276 109 342
10 480 235 314
75 355 332 320
388 59 124
64 87 48 204
328 180 280
62 184 89
499 117 4 431
290 301 165 179
144 266 95 469
153 100 141 340 354
491 90 307 148 309
157 418 58 107 377
32 212 216 71 451
116 330 345 437 415
267 475 324 473 23
28 14 27 194 386
406 98 1 302
24 439 176 37 306
254 21 409 185
132 20 400 131 61
365 427 466 60 99
5 228 86 456 229
445 232 319 30
408 258 195 57
366 490 236 251 348
338 168 271
52 273 321
239 3 443 139 45
173 114 69 53
26 178 289 241
430 125 303
467 272 92 398
493 39 155 325
56 269 13 226
401 63 270 49
93 316 396
429 470 230 362 223
462 276 109 342
10 480 235 314
75 355 332 320
388 59 124
64 87 48 204
328 180 280
62 184 89
499 117 4 431
290 301 165 179
144 266 95 469
374 435
153 100 141 340 354
491 90 307 148 309
157 418 58 107 377
32 212 216 71 451
116 330 345 437 415
267 475 324 473 23
28 14 27 194 386
406 98 1 302
24 439 176 37 306
254 21 409 185
132 20 400 131 61
365 427 466 60 99
5 228 86 456 229
445 232 319 30
408 258 195 57
366 490 236 251 348
338 168 271
52 273 321
239 3 443 139 45
173 114 69 53
26 178 289 241
430 125 303
467 272 92 398
493 39 155 325
56 269 13 226
401 63 270 49
93 316 396
429 470 230 362 223
462 276 109 342
10 480 235 314
75 355 332 320
388 59 124
64 87 48 204
328 180 280
62 184 89
499 117 4 431
290 301 165 179
144 266 95 469
374 435
215 380
153 100 141 340 354
491 90 307 148 309
157 418 58 107 377
32 212 216 71 451
116 330 345 437 415
267 475 324 473 23
28 14 27 194 386
406 98 1 302
24 439 176 37 306
254 21 409 185
132 20 400 131 61
365 427 466 60 99
5 228 86 456 229
445 232 319 30
408 258 195 57
366 490 236 251 348
338 168 271
52 273 321
239 3 443 139 45
173 114 69 53
26 178 289 241
430 125 303
467 272 92 398
493 39 155 325
56 269 13 226
401 63 270 49
93 316 396
429 470 230 362 223
462 276 109 342
10 480 235 314
75 355 332 320
388 59 124
64 87 48 204
328 180 280
62 184 89
499 117 4 431
290 301 165 179
144 266 95 469
374 435
215 380
248 7 250
153 100 141 340 354
491 90 307 148 309
157 418 58 107 377
32 212 216 71 451
116 330 345 437 415
267 475 324 473 23
28 14 27 194 386
406 98 1 302
24 439 176 37 306
254 21 409 185
132 20 400 131 61
365 427 466 60 99
5 228 86 456 229
445 232 319 30
408 258 195 57
366 490 236 251 348
338 168 271
52 273 321
239 3 443 139 45
173 114 69 53
26 178 289 241
430 125 303
467 272 92 398
493 39 155 325
56 269 13 226
401 63 270 49
93 316 396
429 470 230 362 223
462 276 109 342
10 480 235 314
75 355 332 320
388 59 124
64 87 48 204
328 180 280
62 184 89
499 117 4 431
290 301 165 179
144 266 95 469
374 435
215 380
248 7 250
261 483 128
153 100 141 340 354
491 90 307 148 309
157 418 58 107 377
32 212 216 71 451
116 330 345 437 415
267 475 324 473 23
28 14 27 194 386
406 98 1 302
24 439 176 37 306
254 21 409 185
132 20 400 131 61
365 427 466 60 99
5 228 86 456 229
445 232 319 30
408 258 195 57
366 490 236 251 348
338 168 271
52 273 321
239 3 443 139 45
173 114 69 53
26 178 289 241
430 125 303
467 272 92 398
493 39 155 325
56 269 13 226
401 63 270 49
93 316 396
429 470 230 362 223
462 276 109 342
10 480 235 314
75 355 332 320
388 59 124
64 87 48 204
328 180 280
62 184 89
499 117 4 431
290 301 165 179
144 266 95 469
374 435
215 380
248 7 250
261 483 128
15 188
153 100 141 340 354
491 90 307 148 309
157 418 58 107 377
32 212 216 71 451
116 330 345 437 415
267 475 324 473 23
28 14 27 194 386
406 98 1 302
24 439 176 37 306
254 21 409 185
132 20 400 131 61
365 427 466 60 99
5 228 86 456 229
445 232 319 30
408 258 195 57
366 490 236 251 348
338 168 271
52 273 321
239 3 443 139 45
173 114 69 53
26 178 289 241
430 125 303
467 272 92 398
493 39 155 325
56 269 13 226
401 63 270 49
93 316 396
429 470 230 362 223
462 276 109 342
10 480 235 314
75 355 332 320
388 59 124
64 87 48 204
328 180 280
62 184 89
499 117 4 431
290 301 165 179
144 266 95 469
374 435
215 380
248 7 250
261 483 128
15 188
122 329 167
153 100 141 340 354
491 90 307 148 309
157 418 58 107 377
32 212 216 71 451
116 330 345 437 415
267 475 324 473 23
28 14 27 194 386
406 98 1 302
24 439 176 37 306
254 21 409 185
132 20 400 131 61
365 427 466 60 99
5 228 86 456 229
445 232 319 30
408 258 195 57
366 490 236 251 348
338 168 271
52 273 321
239 3 443 139 45
173 114 69 53
26 178 289 241
430 125 303
467 272 92 398
493 39 155 325
56 269 13 226
401 63 270 49
93 316 396
429 470 230 362 223
462 276 109 342
10 480 235 314
75 355 332 320
388 59 124
64 87 48 204
328 180 280
62 184 89
499 117 4 431
290 301 165 179
144 266 95 469
374 435
215 380
248 7 250
261 483 128
15 188
122 329 167
392 163 279
153 100 141 340 354
491 90 307 148 309
157 418 58 107 377
32 212 216 71 451
116 330 345 437 415
267 475 324 473 23
28 14 27 194 386
406 98 1 302
24 439 176 37 306
254 21 409 185
132 20 400 131 61
365 427 466 60 99
5 228 86 456 229
445 232 319 30
408 258 195 57
366 490 236 251 348
338 168 271
52 273 321
239 3 443 139 45
173 114 69 53
26 178 289 241
430 125 303
467 272 92 398
493 39 155 325
56 269 13 226
401 63 270 49
93 316 396
429 470 230 362 223
462 276 109 342
10 480 235 314
75 355 332 320
388 59 124
64 87 48 204
328 180 280
62 184 89
499 117 4 431
290 301 165 179
144 266 95 469
374 435
215 380
248 7 250
261 483 128
15 188
122 329 167
392 163 279
146 421
153 100 141 340 354
491 90 307 148 309
157 418 58 107 377
32 212 216 71 451
116 330 345 437 415
267 475 324 473 23
28 14 27 194 386
406 98 1 302
24 439 176 37 306
254 21 409 185
132 20 400 131 61
365 427 466 60 99
5 228 86 456 229
445 232 319 30
408 258 195 57
366 490 236 251 348
338 168 271
52 273 321
239 3 443 139 45
173 114 69 53
26 178 289 241
430 125 303
467 272 92 398
493 39 155 325
56 269 13 226
401 63 270 49
93 316 396
429 470 230 362 223
462 276 109 342
10 480 235 314
75 355 332 320
388 59 124
64 87 48 204
328 180 280
62 184 89
499 117 4 431
290 301 165 179
144 266 95 469
374 435
215 380
248 7 250
261 483 128
15 188
122 329 167
392 163 279
146 421
311 94 102
153 100 141 340 354
491 90 307 148 309
157 418 58 107 377
32 212 216 71 451
116 330 345 437 415
267 475 324 473 23
28 14 27 194 386
406 98 1 302
24 439 176 37 306
254 21 409 185
132 20 400 131 61
365 427 466 60 99
5 228 86 456 229
445 232 319 30
408 258 195 57
366 490 236 251 348
338 168 271
52 273 321
239 3 443 139 45
173 114 69 53
26 178 289 241
430 125 303
467 272 92 398
493 39 155 325
56 269 13 226
401 63 270 49
93 316 396
429 470 230 362 223
462 276 109 342
10 480 235 314
75 355 332 320
388 59 124
64 87 48 204
328 180 280
62 184 89
499 117 4 431
290 301 165 179
144 266 95 469
374 435
215 380
248 7 250
261 483 128
15 188
122 329 167
392 163 279
146 421
311 94 102
190 489
153 100 141 340 354
491 90 307 148 309
157 418 58 107 377
32 212 216 71 451
116 330 345 437 415
267 475 324 473 23
28 14 27 194 386
406 98 1 302
24 439 176 37 306
254 21 409 185
132 20 400 131 61
365 427 466 60 99
5 228 86 456 229
445 232 319 30
408 258 195 57
366 490 236 251 348
338 168 271
52 273 321
239 3 443 139 45
173 114 69 53
26 178 289 241
430 125 303
467 272 92 398
493 39 155 325
56 269 13 226
401 63 270 49
93 316 396
429 470 230 362 223
462 276 109 342
10 480 235 314
75 355 332 320
388 59 124
64 87 48 204
328 180 280
62 184 89
499 117 4 431
290 301 165 179
144 266 95 469
374 435
215 380
248 7 250
261 483 128
15 188
122 329 167
392 163 279
146 421
311 94 102
190 489
331 221
153 100 141 340 354
491 90 307 148 309
157 418 58 107 377
32 212 216 71 451
116 330 345 437 415
267 475 324 473 23
28 14 27 194 386
406 98 1 302
24 439 176 37 306
254 21 409 185
132 20 400 131 61
365 427 466 60 99
5 228 86 456 229
445 232 319 30
408 258 195 57
366 490 236 251 348
338 168 271
52 273 321
239 3 443 139 45
173 114 69 53
26 178 289 241
430 125 303
467 272 92 398
493 39 155 325
56 269 13 226
401 63 270 49
93 316 396
429 470 230 362 223
462 276 109 342
10 480 235 314
75 355 332 320
388 59 124
64 87 48 204
328 180 280
62 184 89
499 117 4 431
290 301 165 179
144 266 95 469
374 435
215 380
248 7 250
261 483 128
15 188
122 329 167
392 163 279
146 421
311 94 102
190 489
331 221
350 369 278
153 100 141 340 354
491 90 307 148 309
157 418 58 107 377
32 212 216 71 451
116 330 345 437 415
267 475 324 473 23
28 14 27 194 386
406 98 1 302
24 439 176 37 306
254 21 409 185
132 20 400 131 61
365 427 466 60 99
5 228 86 456 229
445 232 319 30
408 258 195 57
366 490 236 251 348
338 168 271
52 273 321
239 3 443 139 45
173 114 69 53
26 178 289 241
430 125 303
467 272 92 398
493 39 155 325
56 269 13 226
401 63 270 49
93 316 396
429 470 230 362 223
462 276 109 342
10 480 235 314
75 355 332 320
388 59 124
64 87 48 204
328 180 280
62 184 89
499 117 4 431
290 301 165 179
144 266 95 469
374 435
215 380
248 7 250
261 483 128
15 188
122 329 167
392 163 279
146 421
311 94 102
190 489
331 221
350 369 278
55 199
153 100 141 340 354
491 90 307 148 309
157 418 58 107 377
32 212 216 71 451
116 330 345 437 415
267 475 324 473 23
28 14 27 194 386
406 98 1 302
24 439 176 37 306
254 21 409 185
132 20 400 131 61
365 427 466 60 99
5 228 86 456 229
445 232 319 30
408 258 195 57
366 490 236 251 348
338 168 271
52 273 321
239 3 443 139 45
173 114 69 53
26 178 289 241
430 125 303
467 272 92 398
493 39 155 325
56 269 13 226
401 63 270 49
93 316 396
429 470 230 362 223
462 276 109 342
10 480 235 314
75 355 332 320
388 59 124
64 87 48 204
328 180 280
62 184 89
499 117 4 431
290 301 165 179
144 266 95 469
374 435
215 380
248 7 250
261 483 128
15 188
122 329 167
392 163 279
146 421
311 94 102
190 489
331 221
350 369 278
55 199
17 453
153 100 141 340 354
491 90 307 148 309
157 418 58 107 377
32 212 216 71 451
116 330 345 437 415
267 475 324 473 23
28 14 27 194 386
406 98 1 302
24 439 176 37 306
254 21 409 185
132 20 400 131 61
365 427 466 60 99
5 228 86 456 229
445 232 319 30
408 258 195 57
366 490 236 251 348
338 168 271
52 273 321
239 3 443 139 45
173 114 69 53
26 178 289 241
430 125 303
467 272 92 398
493 39 155 325
56 269 13 226
401 63 270 49
93 316 396
429 470 230 362 223
462 276 109 342
10 480 235 314
75 355 332 320
388 59 124
64 87 48 204
328 180 280
62 184 89
499 117 4 431
290 301 165 179
144 266 95 469
374 435
215 380
248 7 250
261 483 128
15 188
122 329 167
392 163 279
146 421
311 94 102
190 489
331 221
350 369 278
55 199
17 453
187 197
153 100 141 340 354
491 90 307 148 309
157 418 58 107 377
32 212 216 71 451
116 330 345 437 415
267 475 324 473 23
28 14 27 194 386
406 98 1 302
24 439 176 37 306
254 21 409 185
132 20 400 131 61
365 427 466 60 99
5 228 86 456 229
445 232 319 30
408 258 195 57
366 490 236 251 348
338 168 271
52 273 321
239 3 443 139 45
173 114 69 53
26 178 289 241
430 125 303
467 272 92 398
493 39 155 325
56 269 13 226
401 63 270 49
93 316 396
429 470 230 362 223
462 276 109 342
10 480 235 314
75 355 332 320
388 59 124
64 87 48 204
328 180 280
62 184 89
499 117 4 431
290 301 165 179
144 266 95 469
374 435
215 380
248 7 250
261 483 128
15 188
122 329 167
392 163 279
146 421
311 94 102
190 489
331 221
350 369 278
55 199
17 453
187 197
81 133
153 100 141 340 354
491 90 307 148 309
157 418 58 107 377
32 212 216 71 451
116 330 345 437 415
267 475 324 473 23
28 14 27 194 386
406 98 1 302
24 439 176 37 306
254 21 409 185
132 20 400 131 61
365 427 466 60 99
5 228 86 456 229
445 232 319 30
408 258 195 57
366 490 236 251 348
338 168 271
52 273 321
239 3 443 139 45
173 114 69 53
26 178 289 241
430 125 303
467 272 92 398
493 39 155 325
56 269 13 226
401 63 270 49
93 316 396
429 470 230 362 223
462 276 109 342
10 480 235 314
75 355 332 320
388 59 124
64 87 48 204
328 180 280
62 184 89
499 117 4 431
290 301 165 179
144 266 95 469
374 435
215 380
248 7 250
261 483 128
15 188
122 329 167
392 163 279
146 421
311 94 102
190 489
331 221
350 369 278
55 199
17 453
187 197
81 133
110 310
153 100 141 340 354
491 90 307 148 309
157 418 58 107 377
32 212 216 71 451
116 330 345 437 415
267 475 324 473 23
28 14 27 194 386
406 98 1 302
24 439 176 37 306
254 21 409 185
132 20 400 131 61
365 427 466 60 99
5 228 86 456 229
445 232 319 30
408 258 195 57
366 490 236 251 348
338 168 271
52 273 321
239 3 443 139 45
173 114 69 53
26 178 289 241
430 125 303
467 272 92 398
493 39 155 325
56 269 13 226
401 63 270 49
93 316 396
429 470 230 362 223
462 276 109 342
10 480 235 314
75 355 332 320
388 59 124
64 87 48 204
328 180 280
62 184 89
499 117 4 431
290 301 165 179
144 266 95 469
374 435
215 380
248 7 250
261 483 128
15 188
122 329 167
392 163 279
146 421
311 94 102
190 489
331 221
350 369 278
55 199
17 453
187 197
81 133
110 310
399 214
153 100 141 340 354
491 90 307 148 309
157 418 58 107 377
32 212 216 71 451
116 330 345 437 415
267 475 324 473 23
28 14 27 194 386
406 98 1 302
24 439 176 37 306
254 21 409 185
132 20 400 131 61
365 427 466 60 99
5 228 86 456 229
445 232 319 30
408 258 195 57
366 490 236 251 348
338 168 271
52 273 321
239 3 443 139 45
173 114 69 53
26 178 289 241
430 125 303
467 272 92 398
493 39 155 325
56 269 13 226
401 63 270 49
93 316 396
429 470 230 362 223
462 276 109 342
10 480 235 314
75 355 332 320
388 59 124
64 87 48 204
328 180 280
62 184 89
499 117 4 431
290 301 165 179
144 266 95 469
374 435
215 380
248 7 250
261 483 128
15 188
122 329 167
392 163 279
146 421
311 94 102
190 489
331 221
350 369 278
55 199
17 453
187 197
81 133
110 310
399 214
341 207
153 100 141 340 354
491 90 307 148 309
157 418 58 107 377
32 212 216 71 451
116 330 345 437 415
267 475 324 473 23
28 14 27 194 386
406 98 1 302
24 439 176 37 306
254 21 409 185
132 20 400 131 61
365 427 466 60 99
5 228 86 456 229
445 232 319 30
408 258 195 57
366 490 236 251 348
338 168 271
52 273 321
239 3 443 139 45
173 114 69 53
26 178 289 241
430 125 303
467 272 92 398
493 39 155 325
56 269 13 226
401 63 270 49
93 316 396
429 470 230 362 223
462 276 109 342
10 480 235 314
75 355 332 320
388 59 124
64 87 48 204
328 180 280
62 184 89
499 117 4 431
290 301 165 179
144 266 95 469
374 435
215 380
248 7 250
261 483 128
15 188
122 329 167
392 163 279
146 421
311 94 102
190 489
331 221
350 369 278
55 199
17 453
187 197
81 133
110 310
399 214
341 207
36 172
