57 62 69 4 48
57 62 69 4 48
16 60 30 98 31
57 62 69 4 48
16 60 30 98 31
21 88 92 83 41
57 62 69 4 48
16 60 30 98 31
21 88 92 83 41
19 72 86 95 1
57 62 69 4 48
16 60 30 98 31
21 88 92 83 41
19 72 86 95 1
70 23 13 5 24
57 62 69 4 48
16 60 30 98 31
21 88 92 83 41
19 72 86 95 1
70 23 13 5 24
12 87 9 74 27
57 62 69 4 48
16 60 30 98 31
21 88 92 83 41
19 72 86 95 1
70 23 13 5 24
12 87 9 74 27
59 14 61 29 80
57 62 69 4 48
16 60 30 98 31
21 88 92 83 41
19 72 86 95 1
70 23 13 5 24
12 87 9 74 27
59 14 61 29 80
33 11 28 44 37
57 62 69 4 48
16 60 30 98 31
21 88 92 83 41
19 72 86 95 1
70 23 13 5 24
12 87 9 74 27
59 14 61 29 80
33 11 28 44 37
51 94 52 89 47
57 62 69 4 48
16 60 30 98 31
21 88 92 83 41
19 72 86 95 1
70 23 13 5 24
12 87 9 74 27
59 14 61 29 80
33 11 28 44 37
51 94 52 89 47
50 79 22 90 0
