49 176 80 101 390
49 176 80 101 390
261 338 384 167 354
49 176 80 101 390
261 338 384 167 354
178 486 186 349 477
49 176 80 101 390
261 338 384 167 354
178 486 186 349 477
27 399 6 351 406
49 176 80 101 390
261 338 384 167 354
178 486 186 349 477
27 399 6 351 406
292 62 350 344 50
49 176 80 101 390
261 338 384 167 354
178 486 186 349 477
27 399 6 351 406
292 62 350 344 50
454 249 295 150 5
49 176 80 101 390
261 338 384 167 354
178 486 186 349 477
27 399 6 351 406
292 62 350 344 50
454 249 295 150 5
274 171 453 60 61
49 176 80 101 390
261 338 384 167 354
178 486 186 349 477
27 399 6 351 406
292 62 350 344 50
454 249 295 150 5
274 171 453 60 61
445 240 223 110 20
49 176 80 101 390
261 338 384 167 354
178 486 186 349 477
27 399 6 351 406
292 62 350 344 50
454 249 295 150 5
274 171 453 60 61
445 240 223 110 20
288 394 200 227 352
49 176 80 101 390
261 338 384 167 354
178 486 186 349 477
27 399 6 351 406
292 62 350 344 50
454 249 295 150 5
274 171 453 60 61
445 240 223 110 20
288 394 200 227 352
153 86 131 469 362
49 176 80 101 390
261 338 384 167 354
178 486 186 349 477
27 399 6 351 406
292 62 350 344 50
454 249 295 150 5
274 171 453 60 61
445 240 223 110 20
288 394 200 227 352
153 86 131 469 362
228 298 393 411 166
49 176 80 101 390
261 338 384 167 354
178 486 186 349 477
27 399 6 351 406
292 62 350 344 50
454 249 295 150 5
274 171 453 60 61
445 240 223 110 20
288 394 200 227 352
153 86 131 469 362
228 298 393 411 166
229 237 157 381 208
49 176 80 101 390
261 338 384 167 354
178 486 186 349 477
27 399 6 351 406
292 62 350 344 50
454 249 295 150 5
274 171 453 60 61
445 240 223 110 20
288 394 200 227 352
153 86 131 469 362
228 298 393 411 166
229 237 157 381 208
413 479 43 163 198
49 176 80 101 390
261 338 384 167 354
178 486 186 349 477
27 399 6 351 406
292 62 350 344 50
454 249 295 150 5
274 171 453 60 61
445 240 223 110 20
288 394 200 227 352
153 86 131 469 362
228 298 393 411 166
229 237 157 381 208
413 479 43 163 198
97 277 429 256 15
49 176 80 101 390
261 338 384 167 354
178 486 186 349 477
27 399 6 351 406
292 62 350 344 50
454 249 295 150 5
274 171 453 60 61
445 240 223 110 20
288 394 200 227 352
153 86 131 469 362
228 298 393 411 166
229 237 157 381 208
413 479 43 163 198
97 277 429 256 15
331 57 45 425 68
49 176 80 101 390
261 338 384 167 354
178 486 186 349 477
27 399 6 351 406
292 62 350 344 50
454 249 295 150 5
274 171 453 60 61
445 240 223 110 20
288 394 200 227 352
153 86 131 469 362
228 298 393 411 166
229 237 157 381 208
413 479 43 163 198
97 277 429 256 15
331 57 45 425 68
212 78 238 127 137
49 176 80 101 390
261 338 384 167 354
178 486 186 349 477
27 399 6 351 406
292 62 350 344 50
454 249 295 150 5
274 171 453 60 61
445 240 223 110 20
288 394 200 227 352
153 86 131 469 362
228 298 393 411 166
229 237 157 381 208
413 479 43 163 198
97 277 429 256 15
331 57 45 425 68
212 78 238 127 137
151 70 301 426 468
49 176 80 101 390
261 338 384 167 354
178 486 186 349 477
27 399 6 351 406
292 62 350 344 50
454 249 295 150 5
274 171 453 60 61
445 240 223 110 20
288 394 200 227 352
153 86 131 469 362
228 298 393 411 166
229 237 157 381 208
413 479 43 163 198
97 277 429 256 15
331 57 45 425 68
212 78 238 127 137
151 70 301 426 468
28 108 37 310 17
49 176 80 101 390
261 338 384 167 354
178 486 186 349 477
27 399 6 351 406
292 62 350 344 50
454 249 295 150 5
274 171 453 60 61
445 240 223 110 20
288 394 200 227 352
153 86 131 469 362
228 298 393 411 166
229 237 157 381 208
413 479 43 163 198
97 277 429 256 15
331 57 45 425 68
212 78 238 127 137
151 70 301 426 468
28 108 37 310 17
473 133 492 204 206
49 176 80 101 390
261 338 384 167 354
178 486 186 349 477
27 399 6 351 406
292 62 350 344 50
454 249 295 150 5
274 171 453 60 61
445 240 223 110 20
288 394 200 227 352
153 86 131 469 362
228 298 393 411 166
229 237 157 381 208
413 479 43 163 198
97 277 429 256 15
331 57 45 425 68
212 78 238 127 137
151 70 301 426 468
28 108 37 310 17
473 133 492 204 206
182 420 465 105 337
49 176 80 101 390
261 338 384 167 354
178 486 186 349 477
27 399 6 351 406
292 62 350 344 50
454 249 295 150 5
274 171 453 60 61
445 240 223 110 20
288 394 200 227 352
153 86 131 469 362
228 298 393 411 166
229 237 157 381 208
413 479 43 163 198
97 277 429 256 15
331 57 45 425 68
212 78 238 127 137
151 70 301 426 468
28 108 37 310 17
473 133 492 204 206
182 420 465 105 337
493 291 128 459 497
49 176 80 101 390
261 338 384 167 354
178 486 186 349 477
27 399 6 351 406
292 62 350 344 50
454 249 295 150 5
274 171 453 60 61
445 240 223 110 20
288 394 200 227 352
153 86 131 469 362
228 298 393 411 166
229 237 157 381 208
413 479 43 163 198
97 277 429 256 15
331 57 45 425 68
212 78 238 127 137
151 70 301 426 468
28 108 37 310 17
473 133 492 204 206
182 420 465 105 337
493 291 128 459 497
343 339 316 84 335
49 176 80 101 390
261 338 384 167 354
178 486 186 349 477
27 399 6 351 406
292 62 350 344 50
454 249 295 150 5
274 171 453 60 61
445 240 223 110 20
288 394 200 227 352
153 86 131 469 362
228 298 393 411 166
229 237 157 381 208
413 479 43 163 198
97 277 429 256 15
331 57 45 425 68
212 78 238 127 137
151 70 301 426 468
28 108 37 310 17
473 133 492 204 206
182 420 465 105 337
493 291 128 459 497
343 339 316 84 335
345 181 315 416 2
49 176 80 101 390
261 338 384 167 354
178 486 186 349 477
27 399 6 351 406
292 62 350 344 50
454 249 295 150 5
274 171 453 60 61
445 240 223 110 20
288 394 200 227 352
153 86 131 469 362
228 298 393 411 166
229 237 157 381 208
413 479 43 163 198
97 277 429 256 15
331 57 45 425 68
212 78 238 127 137
151 70 301 426 468
28 108 37 310 17
473 133 492 204 206
182 420 465 105 337
493 291 128 459 497
343 339 316 84 335
345 181 315 416 2
58 22 185 90 483
49 176 80 101 390
261 338 384 167 354
178 486 186 349 477
27 399 6 351 406
292 62 350 344 50
454 249 295 150 5
274 171 453 60 61
445 240 223 110 20
288 394 200 227 352
153 86 131 469 362
228 298 393 411 166
229 237 157 381 208
413 479 43 163 198
97 277 429 256 15
331 57 45 425 68
212 78 238 127 137
151 70 301 426 468
28 108 37 310 17
473 133 492 204 206
182 420 465 105 337
493 291 128 459 497
343 339 316 84 335
345 181 315 416 2
58 22 185 90 483
474 320 74 308 333
49 176 80 101 390
261 338 384 167 354
178 486 186 349 477
27 399 6 351 406
292 62 350 344 50
454 249 295 150 5
274 171 453 60 61
445 240 223 110 20
288 394 200 227 352
153 86 131 469 362
228 298 393 411 166
229 237 157 381 208
413 479 43 163 198
97 277 429 256 15
331 57 45 425 68
212 78 238 127 137
151 70 301 426 468
28 108 37 310 17
473 133 492 204 206
182 420 465 105 337
493 291 128 459 497
343 339 316 84 335
345 181 315 416 2
58 22 185 90 483
474 320 74 308 333
386 387 172 18 116
49 176 80 101 390
261 338 384 167 354
178 486 186 349 477
27 399 6 351 406
292 62 350 344 50
454 249 295 150 5
274 171 453 60 61
445 240 223 110 20
288 394 200 227 352
153 86 131 469 362
228 298 393 411 166
229 237 157 381 208
413 479 43 163 198
97 277 429 256 15
331 57 45 425 68
212 78 238 127 137
151 70 301 426 468
28 108 37 310 17
473 133 492 204 206
182 420 465 105 337
493 291 128 459 497
343 339 316 84 335
345 181 315 416 2
58 22 185 90 483
474 320 74 308 333
386 387 172 18 116
209 24 218 485 38
49 176 80 101 390
261 338 384 167 354
178 486 186 349 477
27 399 6 351 406
292 62 350 344 50
454 249 295 150 5
274 171 453 60 61
445 240 223 110 20
288 394 200 227 352
153 86 131 469 362
228 298 393 411 166
229 237 157 381 208
413 479 43 163 198
97 277 429 256 15
331 57 45 425 68
212 78 238 127 137
151 70 301 426 468
28 108 37 310 17
473 133 492 204 206
182 420 465 105 337
493 291 128 459 497
343 339 316 84 335
345 181 315 416 2
58 22 185 90 483
474 320 74 308 333
386 387 172 18 116
209 24 218 485 38
48 328 259 52 451
49 176 80 101 390
261 338 384 167 354
178 486 186 349 477
27 399 6 351 406
292 62 350 344 50
454 249 295 150 5
274 171 453 60 61
445 240 223 110 20
288 394 200 227 352
153 86 131 469 362
228 298 393 411 166
229 237 157 381 208
413 479 43 163 198
97 277 429 256 15
331 57 45 425 68
212 78 238 127 137
151 70 301 426 468
28 108 37 310 17
473 133 492 204 206
182 420 465 105 337
493 291 128 459 497
343 339 316 84 335
345 181 315 416 2
58 22 185 90 483
474 320 74 308 333
386 387 172 18 116
209 24 218 485 38
48 328 259 52 451
353 235 431 326 33
49 176 80 101 390
261 338 384 167 354
178 486 186 349 477
27 399 6 351 406
292 62 350 344 50
454 249 295 150 5
274 171 453 60 61
445 240 223 110 20
288 394 200 227 352
153 86 131 469 362
228 298 393 411 166
229 237 157 381 208
413 479 43 163 198
97 277 429 256 15
331 57 45 425 68
212 78 238 127 137
151 70 301 426 468
28 108 37 310 17
473 133 492 204 206
182 420 465 105 337
493 291 128 459 497
343 339 316 84 335
345 181 315 416 2
58 22 185 90 483
474 320 74 308 333
386 387 172 18 116
209 24 218 485 38
48 328 259 52 451
353 235 431 326 33
341 197 132 134 313
49 176 80 101 390
261 338 384 167 354
178 486 186 349 477
27 399 6 351 406
292 62 350 344 50
454 249 295 150 5
274 171 453 60 61
445 240 223 110 20
288 394 200 227 352
153 86 131 469 362
228 298 393 411 166
229 237 157 381 208
413 479 43 163 198
97 277 429 256 15
331 57 45 425 68
212 78 238 127 137
151 70 301 426 468
28 108 37 310 17
473 133 492 204 206
182 420 465 105 337
493 291 128 459 497
343 339 316 84 335
345 181 315 416 2
58 22 185 90 483
474 320 74 308 333
386 387 172 18 116
209 24 218 485 38
48 328 259 52 451
353 235 431 326 33
341 197 132 134 313
35 258 385 415 202
49 176 80 101 390
261 338 384 167 354
178 486 186 349 477
27 399 6 351 406
292 62 350 344 50
454 249 295 150 5
274 171 453 60 61
445 240 223 110 20
288 394 200 227 352
153 86 131 469 362
228 298 393 411 166
229 237 157 381 208
413 479 43 163 198
97 277 429 256 15
331 57 45 425 68
212 78 238 127 137
151 70 301 426 468
28 108 37 310 17
473 133 492 204 206
182 420 465 105 337
493 291 128 459 497
343 339 316 84 335
345 181 315 416 2
58 22 185 90 483
474 320 74 308 333
386 387 172 18 116
209 24 218 485 38
48 328 259 52 451
353 235 431 326 33
341 197 132 134 313
35 258 385 415 202
8 467 205 405 481
49 176 80 101 390
261 338 384 167 354
178 486 186 349 477
27 399 6 351 406
292 62 350 344 50
454 249 295 150 5
274 171 453 60 61
445 240 223 110 20
288 394 200 227 352
153 86 131 469 362
228 298 393 411 166
229 237 157 381 208
413 479 43 163 198
97 277 429 256 15
331 57 45 425 68
212 78 238 127 137
151 70 301 426 468
28 108 37 310 17
473 133 492 204 206
182 420 465 105 337
493 291 128 459 497
343 339 316 84 335
345 181 315 416 2
58 22 185 90 483
474 320 74 308 333
386 387 172 18 116
209 24 218 485 38
48 328 259 52 451
353 235 431 326 33
341 197 132 134 313
35 258 385 415 202
8 467 205 405 481
104 203 75 19 452
49 176 80 101 390
261 338 384 167 354
178 486 186 349 477
27 399 6 351 406
292 62 350 344 50
454 249 295 150 5
274 171 453 60 61
445 240 223 110 20
288 394 200 227 352
153 86 131 469 362
228 298 393 411 166
229 237 157 381 208
413 479 43 163 198
97 277 429 256 15
331 57 45 425 68
212 78 238 127 137
151 70 301 426 468
28 108 37 310 17
473 133 492 204 206
182 420 465 105 337
493 291 128 459 497
343 339 316 84 335
345 181 315 416 2
58 22 185 90 483
474 320 74 308 333
386 387 172 18 116
209 24 218 485 38
48 328 259 52 451
353 235 431 326 33
341 197 132 134 313
35 258 385 415 202
8 467 205 405 481
104 203 75 19 452
428 378 392 434 422
49 176 80 101 390
261 338 384 167 354
178 486 186 349 477
27 399 6 351 406
292 62 350 344 50
454 249 295 150 5
274 171 453 60 61
445 240 223 110 20
288 394 200 227 352
153 86 131 469 362
228 298 393 411 166
229 237 157 381 208
413 479 43 163 198
97 277 429 256 15
331 57 45 425 68
212 78 238 127 137
151 70 301 426 468
28 108 37 310 17
473 133 492 204 206
182 420 465 105 337
493 291 128 459 497
343 339 316 84 335
345 181 315 416 2
58 22 185 90 483
474 320 74 308 333
386 387 172 18 116
209 24 218 485 38
48 328 259 52 451
353 235 431 326 33
341 197 132 134 313
35 258 385 415 202
8 467 205 405 481
104 203 75 19 452
428 378 392 434 422
245 296 125 370 46
49 176 80 101 390
261 338 384 167 354
178 486 186 349 477
27 399 6 351 406
292 62 350 344 50
454 249 295 150 5
274 171 453 60 61
445 240 223 110 20
288 394 200 227 352
153 86 131 469 362
228 298 393 411 166
229 237 157 381 208
413 479 43 163 198
97 277 429 256 15
331 57 45 425 68
212 78 238 127 137
151 70 301 426 468
28 108 37 310 17
473 133 492 204 206
182 420 465 105 337
493 291 128 459 497
343 339 316 84 335
345 181 315 416 2
58 22 185 90 483
474 320 74 308 333
386 387 172 18 116
209 24 218 485 38
48 328 259 52 451
353 235 431 326 33
341 197 132 134 313
35 258 385 415 202
8 467 205 405 481
104 203 75 19 452
428 378 392 434 422
245 296 125 370 46
225 41 180 14 491
49 176 80 101 390
261 338 384 167 354
178 486 186 349 477
27 399 6 351 406
292 62 350 344 50
454 249 295 150 5
274 171 453 60 61
445 240 223 110 20
288 394 200 227 352
153 86 131 469 362
228 298 393 411 166
229 237 157 381 208
413 479 43 163 198
97 277 429 256 15
331 57 45 425 68
212 78 238 127 137
151 70 301 426 468
28 108 37 310 17
473 133 492 204 206
182 420 465 105 337
493 291 128 459 497
343 339 316 84 335
345 181 315 416 2
58 22 185 90 483
474 320 74 308 333
386 387 172 18 116
209 24 218 485 38
48 328 259 52 451
353 235 431 326 33
341 197 132 134 313
35 258 385 415 202
8 467 205 405 481
104 203 75 19 452
428 378 392 434 422
245 296 125 370 46
225 41 180 14 491
438 177 397 152 32
49 176 80 101 390
261 338 384 167 354
178 486 186 349 477
27 399 6 351 406
292 62 350 344 50
454 249 295 150 5
274 171 453 60 61
445 240 223 110 20
288 394 200 227 352
153 86 131 469 362
228 298 393 411 166
229 237 157 381 208
413 479 43 163 198
97 277 429 256 15
331 57 45 425 68
212 78 238 127 137
151 70 301 426 468
28 108 37 310 17
473 133 492 204 206
182 420 465 105 337
493 291 128 459 497
343 339 316 84 335
345 181 315 416 2
58 22 185 90 483
474 320 74 308 333
386 387 172 18 116
209 24 218 485 38
48 328 259 52 451
353 235 431 326 33
341 197 132 134 313
35 258 385 415 202
8 467 205 405 481
104 203 75 19 452
428 378 392 434 422
245 296 125 370 46
225 41 180 14 491
438 177 397 152 32
348 111 273 266 144
49 176 80 101 390
261 338 384 167 354
178 486 186 349 477
27 399 6 351 406
292 62 350 344 50
454 249 295 150 5
274 171 453 60 61
445 240 223 110 20
288 394 200 227 352
153 86 131 469 362
228 298 393 411 166
229 237 157 381 208
413 479 43 163 198
97 277 429 256 15
331 57 45 425 68
212 78 238 127 137
151 70 301 426 468
28 108 37 310 17
473 133 492 204 206
182 420 465 105 337
493 291 128 459 497
343 339 316 84 335
345 181 315 416 2
58 22 185 90 483
474 320 74 308 333
386 387 172 18 116
209 24 218 485 38
48 328 259 52 451
353 235 431 326 33
341 197 132 134 313
35 258 385 415 202
8 467 205 405 481
104 203 75 19 452
428 378 392 434 422
245 296 125 370 46
225 41 180 14 491
438 177 397 152 32
348 111 273 266 144
73 408 439 322 495
49 176 80 101 390
261 338 384 167 354
178 486 186 349 477
27 399 6 351 406
292 62 350 344 50
454 249 295 150 5
274 171 453 60 61
445 240 223 110 20
288 394 200 227 352
153 86 131 469 362
228 298 393 411 166
229 237 157 381 208
413 479 43 163 198
97 277 429 256 15
331 57 45 425 68
212 78 238 127 137
151 70 301 426 468
28 108 37 310 17
473 133 492 204 206
182 420 465 105 337
493 291 128 459 497
343 339 316 84 335
345 181 315 416 2
58 22 185 90 483
474 320 74 308 333
386 387 172 18 116
209 24 218 485 38
48 328 259 52 451
353 235 431 326 33
341 197 132 134 313
35 258 385 415 202
8 467 205 405 481
104 203 75 19 452
428 378 392 434 422
245 296 125 370 46
225 41 180 14 491
438 177 397 152 32
348 111 273 266 144
73 408 439 322 495
213 395 289 388 364
49 176 80 101 390
261 338 384 167 354
178 486 186 349 477
27 399 6 351 406
292 62 350 344 50
454 249 295 150 5
274 171 453 60 61
445 240 223 110 20
288 394 200 227 352
153 86 131 469 362
228 298 393 411 166
229 237 157 381 208
413 479 43 163 198
97 277 429 256 15
331 57 45 425 68
212 78 238 127 137
151 70 301 426 468
28 108 37 310 17
473 133 492 204 206
182 420 465 105 337
493 291 128 459 497
343 339 316 84 335
345 181 315 416 2
58 22 185 90 483
474 320 74 308 333
386 387 172 18 116
209 24 218 485 38
48 328 259 52 451
353 235 431 326 33
341 197 132 134 313
35 258 385 415 202
8 467 205 405 481
104 203 75 19 452
428 378 392 434 422
245 296 125 370 46
225 41 180 14 491
438 177 397 152 32
348 111 273 266 144
73 408 439 322 495
213 395 289 388 364
423 361 484 334 373
49 176 80 101 390
261 338 384 167 354
178 486 186 349 477
27 399 6 351 406
292 62 350 344 50
454 249 295 150 5
274 171 453 60 61
445 240 223 110 20
288 394 200 227 352
153 86 131 469 362
228 298 393 411 166
229 237 157 381 208
413 479 43 163 198
97 277 429 256 15
331 57 45 425 68
212 78 238 127 137
151 70 301 426 468
28 108 37 310 17
473 133 492 204 206
182 420 465 105 337
493 291 128 459 497
343 339 316 84 335
345 181 315 416 2
58 22 185 90 483
474 320 74 308 333
386 387 172 18 116
209 24 218 485 38
48 328 259 52 451
353 235 431 326 33
341 197 132 134 313
35 258 385 415 202
8 467 205 405 481
104 203 75 19 452
428 378 392 434 422
245 296 125 370 46
225 41 180 14 491
438 177 397 152 32
348 111 273 266 144
73 408 439 322 495
213 395 289 388 364
423 361 484 334 373
230 217 371 224 64
49 176 80 101 390
261 338 384 167 354
178 486 186 349 477
27 399 6 351 406
292 62 350 344 50
454 249 295 150 5
274 171 453 60 61
445 240 223 110 20
288 394 200 227 352
153 86 131 469 362
228 298 393 411 166
229 237 157 381 208
413 479 43 163 198
97 277 429 256 15
331 57 45 425 68
212 78 238 127 137
151 70 301 426 468
28 108 37 310 17
473 133 492 204 206
182 420 465 105 337
493 291 128 459 497
343 339 316 84 335
345 181 315 416 2
58 22 185 90 483
474 320 74 308 333
386 387 172 18 116
209 24 218 485 38
48 328 259 52 451
353 235 431 326 33
341 197 132 134 313
35 258 385 415 202
8 467 205 405 481
104 203 75 19 452
428 378 392 434 422
245 296 125 370 46
225 41 180 14 491
438 177 397 152 32
348 111 273 266 144
73 408 439 322 495
213 395 289 388 364
423 361 484 334 373
230 217 371 224 64
231 283 103 138 463
49 176 80 101 390
261 338 384 167 354
178 486 186 349 477
27 399 6 351 406
292 62 350 344 50
454 249 295 150 5
274 171 453 60 61
445 240 223 110 20
288 394 200 227 352
153 86 131 469 362
228 298 393 411 166
229 237 157 381 208
413 479 43 163 198
97 277 429 256 15
331 57 45 425 68
212 78 238 127 137
151 70 301 426 468
28 108 37 310 17
473 133 492 204 206
182 420 465 105 337
493 291 128 459 497
343 339 316 84 335
345 181 315 416 2
58 22 185 90 483
474 320 74 308 333
386 387 172 18 116
209 24 218 485 38
48 328 259 52 451
353 235 431 326 33
341 197 132 134 313
35 258 385 415 202
8 467 205 405 481
104 203 75 19 452
428 378 392 434 422
245 296 125 370 46
225 41 180 14 491
438 177 397 152 32
348 111 273 266 144
73 408 439 322 495
213 395 289 388 364
423 361 484 334 373
230 217 371 224 64
231 283 103 138 463
63 148 107 318 300
49 176 80 101 390
261 338 384 167 354
178 486 186 349 477
27 399 6 351 406
292 62 350 344 50
454 249 295 150 5
274 171 453 60 61
445 240 223 110 20
288 394 200 227 352
153 86 131 469 362
228 298 393 411 166
229 237 157 381 208
413 479 43 163 198
97 277 429 256 15
331 57 45 425 68
212 78 238 127 137
151 70 301 426 468
28 108 37 310 17
473 133 492 204 206
182 420 465 105 337
493 291 128 459 497
343 339 316 84 335
345 181 315 416 2
58 22 185 90 483
474 320 74 308 333
386 387 172 18 116
209 24 218 485 38
48 328 259 52 451
353 235 431 326 33
341 197 132 134 313
35 258 385 415 202
8 467 205 405 481
104 203 75 19 452
428 378 392 434 422
245 296 125 370 46
225 41 180 14 491
438 177 397 152 32
348 111 273 266 144
73 408 439 322 495
213 395 289 388 364
423 361 484 334 373
230 217 371 224 64
231 283 103 138 463
63 148 107 318 300
414 419 221 499 169
49 176 80 101 390
261 338 384 167 354
178 486 186 349 477
27 399 6 351 406
292 62 350 344 50
454 249 295 150 5
274 171 453 60 61
445 240 223 110 20
288 394 200 227 352
153 86 131 469 362
228 298 393 411 166
229 237 157 381 208
413 479 43 163 198
97 277 429 256 15
331 57 45 425 68
212 78 238 127 137
151 70 301 426 468
28 108 37 310 17
473 133 492 204 206
182 420 465 105 337
493 291 128 459 497
343 339 316 84 335
345 181 315 416 2
58 22 185 90 483
474 320 74 308 333
386 387 172 18 116
209 24 218 485 38
48 328 259 52 451
353 235 431 326 33
341 197 132 134 313
35 258 385 415 202
8 467 205 405 481
104 203 75 19 452
428 378 392 434 422
245 296 125 370 46
225 41 180 14 491
438 177 397 152 32
348 111 273 266 144
73 408 439 322 495
213 395 289 388 364
423 361 484 334 373
230 217 371 224 64
231 283 103 138 463
63 148 107 318 300
414 419 221 499 169
476 216 233 92 402
49 176 80 101 390
261 338 384 167 354
178 486 186 349 477
27 399 6 351 406
292 62 350 344 50
454 249 295 150 5
274 171 453 60 61
445 240 223 110 20
288 394 200 227 352
153 86 131 469 362
228 298 393 411 166
229 237 157 381 208
413 479 43 163 198
97 277 429 256 15
331 57 45 425 68
212 78 238 127 137
151 70 301 426 468
28 108 37 310 17
473 133 492 204 206
182 420 465 105 337
493 291 128 459 497
343 339 316 84 335
345 181 315 416 2
58 22 185 90 483
474 320 74 308 333
386 387 172 18 116
209 24 218 485 38
48 328 259 52 451
353 235 431 326 33
341 197 132 134 313
35 258 385 415 202
8 467 205 405 481
104 203 75 19 452
428 378 392 434 422
245 296 125 370 46
225 41 180 14 491
438 177 397 152 32
348 111 273 266 144
73 408 439 322 495
213 395 289 388 364
423 361 484 334 373
230 217 371 224 64
231 283 103 138 463
63 148 107 318 300
414 419 221 499 169
476 216 233 92 402
475 146 195 122 376
49 176 80 101 390
261 338 384 167 354
178 486 186 349 477
27 399 6 351 406
292 62 350 344 50
454 249 295 150 5
274 171 453 60 61
445 240 223 110 20
288 394 200 227 352
153 86 131 469 362
228 298 393 411 166
229 237 157 381 208
413 479 43 163 198
97 277 429 256 15
331 57 45 425 68
212 78 238 127 137
151 70 301 426 468
28 108 37 310 17
473 133 492 204 206
182 420 465 105 337
493 291 128 459 497
343 339 316 84 335
345 181 315 416 2
58 22 185 90 483
474 320 74 308 333
386 387 172 18 116
209 24 218 485 38
48 328 259 52 451
353 235 431 326 33
341 197 132 134 313
35 258 385 415 202
8 467 205 405 481
104 203 75 19 452
428 378 392 434 422
245 296 125 370 46
225 41 180 14 491
438 177 397 152 32
348 111 273 266 144
73 408 439 322 495
213 395 289 388 364
423 361 484 334 373
230 217 371 224 64
231 283 103 138 463
63 148 107 318 300
414 419 221 499 169
476 216 233 92 402
475 146 195 122 376
10 284 214 93 7
49 176 80 101 390
261 338 384 167 354
178 486 186 349 477
27 399 6 351 406
292 62 350 344 50
454 249 295 150 5
274 171 453 60 61
445 240 223 110 20
288 394 200 227 352
153 86 131 469 362
228 298 393 411 166
229 237 157 381 208
413 479 43 163 198
97 277 429 256 15
331 57 45 425 68
212 78 238 127 137
151 70 301 426 468
28 108 37 310 17
473 133 492 204 206
182 420 465 105 337
493 291 128 459 497
343 339 316 84 335
345 181 315 416 2
58 22 185 90 483
474 320 74 308 333
386 387 172 18 116
209 24 218 485 38
48 328 259 52 451
353 235 431 326 33
341 197 132 134 313
35 258 385 415 202
8 467 205 405 481
104 203 75 19 452
428 378 392 434 422
245 296 125 370 46
225 41 180 14 491
438 177 397 152 32
348 111 273 266 144
73 408 439 322 495
213 395 289 388 364
423 361 484 334 373
230 217 371 224 64
231 283 103 138 463
63 148 107 318 300
414 419 221 499 169
476 216 233 92 402
475 146 195 122 376
10 284 214 93 7
173 42 280 23 26
49 176 80 101 390
261 338 384 167 354
178 486 186 349 477
27 399 6 351 406
292 62 350 344 50
454 249 295 150 5
274 171 453 60 61
445 240 223 110 20
288 394 200 227 352
153 86 131 469 362
228 298 393 411 166
229 237 157 381 208
413 479 43 163 198
97 277 429 256 15
331 57 45 425 68
212 78 238 127 137
151 70 301 426 468
28 108 37 310 17
473 133 492 204 206
182 420 465 105 337
493 291 128 459 497
343 339 316 84 335
345 181 315 416 2
58 22 185 90 483
474 320 74 308 333
386 387 172 18 116
209 24 218 485 38
48 328 259 52 451
353 235 431 326 33
341 197 132 134 313
35 258 385 415 202
8 467 205 405 481
104 203 75 19 452
428 378 392 434 422
245 296 125 370 46
225 41 180 14 491
438 177 397 152 32
348 111 273 266 144
73 408 439 322 495
213 395 289 388 364
423 361 484 334 373
230 217 371 224 64
231 283 103 138 463
63 148 107 318 300
414 419 221 499 169
476 216 233 92 402
475 146 195 122 376
10 284 214 93 7
173 42 280 23 26
114 464 494 325 285
