90 224 443 295 421
90 224 443 295 421
263 101 174 159
90 224 443 295 421
263 101 174 159
352 294 365
90 224 443 295 421
263 101 174 159
352 294 365
82 212 227
90 224 443 295 421
263 101 174 159
352 294 365
82 212 227
145 289 220
90 224 443 295 421
263 101 174 159
352 294 365
82 212 227
145 289 220
218 314 60
90 224 443 295 421
263 101 174 159
352 294 365
82 212 227
145 289 220
218 314 60
410 133 278
90 224 443 295 421
263 101 174 159
352 294 365
82 212 227
145 289 220
218 314 60
410 133 278
416 377 287
90 224 443 295 421
263 101 174 159
352 294 365
82 212 227
145 289 220
218 314 60
410 133 278
416 377 287
405 249
90 224 443 295 421
263 101 174 159
352 294 365
82 212 227
145 289 220
218 314 60
410 133 278
416 377 287
405 249
284 374
90 224 443 295 421
263 101 174 159
352 294 365
82 212 227
145 289 220
218 314 60
410 133 278
416 377 287
405 249
284 374
399 200
90 224 443 295 421
263 101 174 159
352 294 365
82 212 227
145 289 220
218 314 60
410 133 278
416 377 287
405 249
284 374
399 200
449 107
90 224 443 295 421
263 101 174 159
352 294 365
82 212 227
145 289 220
218 314 60
410 133 278
416 377 287
405 249
284 374
399 200
449 107
388 303
90 224 443 295 421
263 101 174 159
352 294 365
82 212 227
145 289 220
218 314 60
410 133 278
416 377 287
405 249
284 374
399 200
449 107
388 303
270 98
