221 196 147 397 453
151 97 193 376 396
224 225 92 262 134
277 356 434 317 391
437 478 441 68 293
451 85 34 60 405
495 446 197 484 253
341 401 27 64 50
318 59 360 219 3
180 207 365 179 202
129 51 487 93
333 203 240 400 410
308 171 276 124 71
110 431 432 133 87
84 289 261 191 458
445 10 306 301 296
315 119 454 216 443
286 270 17 343
66 269 256 183 300
305 358 354 213 460
238 386 415 482 114
316 468 499 89 329
392 350 309 70 63
302 44 334 490 30
413 2 0 73 456
259 79 48 246 155
442 116 178
424 250 231 428
65 38 36 220
355 69 141 117
346 407 492 244
385 421 427 107
466 369 366 109
254 159 19 255
166 323 280 194
467 47 475 382
271 35 348 122
217 77 331 43
237 160 298
118 438 380
319 489 45
387 374
223 22 335
326 498
76 156
161 204
412 349
170 108
200 135
486 290
408 491
472 257
