164 127 484 416 82
31 316 198 81 0
372 272 45 254 301
439 320 467 363 324
394 103 465 78 368
92 69 186 362 388
395 304 457 138
181 105 77 253 266
442 399 291 417 240
350 219 244 287 315
359 224 68 248 210
255 292 132 115 306
421 435 73 488 351
140 55 319 166
208 47 381 355 48
392 238 175 276 273
87 149 192 277
172 165 344 262 447
349 471 307 367
365 151 12 332
377 390 288
451 26 331
401 170 479 382 114
444 11 182 60
234 477 221
86 41 139 321
441 409 274 495 299
462 241 379 308
83 481 157 236
464 207 2 117
137 147 159
371 212 168
443 338
357 396
314 203 249
33 67
38 235 323
171 385 425
232 429 111
280 3
163 22
281 169 297
7 174 80
239 227
230 411
59 144
317 70
493 135
445 364
400 24
15 483
456 337
39 36
154 200
413 44
21 13
162 27
4 369
231 109
