270 168 261 491 304
270 168 261 491 304
370 201 269 239 461
270 168 261 491 304
370 201 269 239 461
195 330 218 290 181
270 168 261 491 304
370 201 269 239 461
195 330 218 290 181
301 256 416 107 393
270 168 261 491 304
370 201 269 239 461
195 330 218 290 181
301 256 416 107 393
367 399 390 95 318
270 168 261 491 304
370 201 269 239 461
195 330 218 290 181
301 256 416 107 393
367 399 390 95 318
124 80 194 456 424
270 168 261 491 304
370 201 269 239 461
195 330 218 290 181
301 256 416 107 393
367 399 390 95 318
124 80 194 456 424
160 78 313 402 248
270 168 261 491 304
370 201 269 239 461
195 330 218 290 181
301 256 416 107 393
367 399 390 95 318
124 80 194 456 424
160 78 313 402 248
373 97 237 21 336
270 168 261 491 304
370 201 269 239 461
195 330 218 290 181
301 256 416 107 393
367 399 390 95 318
124 80 194 456 424
160 78 313 402 248
373 97 237 21 336
6 64 325 417 205
270 168 261 491 304
370 201 269 239 461
195 330 218 290 181
301 256 416 107 393
367 399 390 95 318
124 80 194 456 424
160 78 313 402 248
373 97 237 21 336
6 64 325 417 205
395 19 235 67 291
270 168 261 491 304
370 201 269 239 461
195 330 218 290 181
301 256 416 107 393
367 399 390 95 318
124 80 194 456 424
160 78 313 402 248
373 97 237 21 336
6 64 325 417 205
395 19 235 67 291
72 459 342 493 368
270 168 261 491 304
370 201 269 239 461
195 330 218 290 181
301 256 416 107 393
367 399 390 95 318
124 80 194 456 424
160 78 313 402 248
373 97 237 21 336
6 64 325 417 205
395 19 235 67 291
72 459 342 493 368
245 403 92 111 84
270 168 261 491 304
370 201 269 239 461
195 330 218 290 181
301 256 416 107 393
367 399 390 95 318
124 80 194 456 424
160 78 313 402 248
373 97 237 21 336
6 64 325 417 205
395 19 235 67 291
72 459 342 493 368
245 403 92 111 84
143 298 432 199 229
270 168 261 491 304
370 201 269 239 461
195 330 218 290 181
301 256 416 107 393
367 399 390 95 318
124 80 194 456 424
160 78 313 402 248
373 97 237 21 336
6 64 325 417 205
395 19 235 67 291
72 459 342 493 368
245 403 92 111 84
143 298 432 199 229
204 101 264 341 487
270 168 261 491 304
370 201 269 239 461
195 330 218 290 181
301 256 416 107 393
367 399 390 95 318
124 80 194 456 424
160 78 313 402 248
373 97 237 21 336
6 64 325 417 205
395 19 235 67 291
72 459 342 493 368
245 403 92 111 84
143 298 432 199 229
204 101 264 341 487
454 75 88 183 157
270 168 261 491 304
370 201 269 239 461
195 330 218 290 181
301 256 416 107 393
367 399 390 95 318
124 80 194 456 424
160 78 313 402 248
373 97 237 21 336
6 64 325 417 205
395 19 235 67 291
72 459 342 493 368
245 403 92 111 84
143 298 432 199 229
204 101 264 341 487
454 75 88 183 157
7 396 443 3 455
270 168 261 491 304
370 201 269 239 461
195 330 218 290 181
301 256 416 107 393
367 399 390 95 318
124 80 194 456 424
160 78 313 402 248
373 97 237 21 336
6 64 325 417 205
395 19 235 67 291
72 459 342 493 368
245 403 92 111 84
143 298 432 199 229
204 101 264 341 487
454 75 88 183 157
7 396 443 3 455
241 83 268 227 289
270 168 261 491 304
370 201 269 239 461
195 330 218 290 181
301 256 416 107 393
367 399 390 95 318
124 80 194 456 424
160 78 313 402 248
373 97 237 21 336
6 64 325 417 205
395 19 235 67 291
72 459 342 493 368
245 403 92 111 84
143 298 432 199 229
204 101 264 341 487
454 75 88 183 157
7 396 443 3 455
241 83 268 227 289
94 480 254 277 369
270 168 261 491 304
370 201 269 239 461
195 330 218 290 181
301 256 416 107 393
367 399 390 95 318
124 80 194 456 424
160 78 313 402 248
373 97 237 21 336
6 64 325 417 205
395 19 235 67 291
72 459 342 493 368
245 403 92 111 84
143 298 432 199 229
204 101 264 341 487
454 75 88 183 157
7 396 443 3 455
241 83 268 227 289
94 480 254 277 369
472 280 273 187 117
270 168 261 491 304
370 201 269 239 461
195 330 218 290 181
301 256 416 107 393
367 399 390 95 318
124 80 194 456 424
160 78 313 402 248
373 97 237 21 336
6 64 325 417 205
395 19 235 67 291
72 459 342 493 368
245 403 92 111 84
143 298 432 199 229
204 101 264 341 487
454 75 88 183 157
7 396 443 3 455
241 83 268 227 289
94 480 254 277 369
472 280 273 187 117
271 331 171 479 197
270 168 261 491 304
370 201 269 239 461
195 330 218 290 181
301 256 416 107 393
367 399 390 95 318
124 80 194 456 424
160 78 313 402 248
373 97 237 21 336
6 64 325 417 205
395 19 235 67 291
72 459 342 493 368
245 403 92 111 84
143 298 432 199 229
204 101 264 341 487
454 75 88 183 157
7 396 443 3 455
241 83 268 227 289
94 480 254 277 369
472 280 273 187 117
271 331 171 479 197
156 279 286 69 257
270 168 261 491 304
370 201 269 239 461
195 330 218 290 181
301 256 416 107 393
367 399 390 95 318
124 80 194 456 424
160 78 313 402 248
373 97 237 21 336
6 64 325 417 205
395 19 235 67 291
72 459 342 493 368
245 403 92 111 84
143 298 432 199 229
204 101 264 341 487
454 75 88 183 157
7 396 443 3 455
241 83 268 227 289
94 480 254 277 369
472 280 273 187 117
271 331 171 479 197
156 279 286 69 257
225 176 478 192 364
270 168 261 491 304
370 201 269 239 461
195 330 218 290 181
301 256 416 107 393
367 399 390 95 318
124 80 194 456 424
160 78 313 402 248
373 97 237 21 336
6 64 325 417 205
395 19 235 67 291
72 459 342 493 368
245 403 92 111 84
143 298 432 199 229
204 101 264 341 487
454 75 88 183 157
7 396 443 3 455
241 83 268 227 289
94 480 254 277 369
472 280 273 187 117
271 331 171 479 197
156 279 286 69 257
225 176 478 192 364
380 93 294 86 1
270 168 261 491 304
370 201 269 239 461
195 330 218 290 181
301 256 416 107 393
367 399 390 95 318
124 80 194 456 424
160 78 313 402 248
373 97 237 21 336
6 64 325 417 205
395 19 235 67 291
72 459 342 493 368
245 403 92 111 84
143 298 432 199 229
204 101 264 341 487
454 75 88 183 157
7 396 443 3 455
241 83 268 227 289
94 480 254 277 369
472 280 273 187 117
271 331 171 479 197
156 279 286 69 257
225 176 478 192 364
380 93 294 86 1
230 150 329 259 473
270 168 261 491 304
370 201 269 239 461
195 330 218 290 181
301 256 416 107 393
367 399 390 95 318
124 80 194 456 424
160 78 313 402 248
373 97 237 21 336
6 64 325 417 205
395 19 235 67 291
72 459 342 493 368
245 403 92 111 84
143 298 432 199 229
204 101 264 341 487
454 75 88 183 157
7 396 443 3 455
241 83 268 227 289
94 480 254 277 369
472 280 273 187 117
271 331 171 479 197
156 279 286 69 257
225 176 478 192 364
380 93 294 86 1
230 150 329 259 473
481 139 361 244 308
270 168 261 491 304
370 201 269 239 461
195 330 218 290 181
301 256 416 107 393
367 399 390 95 318
124 80 194 456 424
160 78 313 402 248
373 97 237 21 336
6 64 325 417 205
395 19 235 67 291
72 459 342 493 368
245 403 92 111 84
143 298 432 199 229
204 101 264 341 487
454 75 88 183 157
7 396 443 3 455
241 83 268 227 289
94 480 254 277 369
472 280 273 187 117
271 331 171 479 197
156 279 286 69 257
225 176 478 192 364
380 93 294 86 1
230 150 329 259 473
481 139 361 244 308
182 24 338 90 496
270 168 261 491 304
370 201 269 239 461
195 330 218 290 181
301 256 416 107 393
367 399 390 95 318
124 80 194 456 424
160 78 313 402 248
373 97 237 21 336
6 64 325 417 205
395 19 235 67 291
72 459 342 493 368
245 403 92 111 84
143 298 432 199 229
204 101 264 341 487
454 75 88 183 157
7 396 443 3 455
241 83 268 227 289
94 480 254 277 369
472 280 273 187 117
271 331 171 479 197
156 279 286 69 257
225 176 478 192 364
380 93 294 86 1
230 150 329 259 473
481 139 361 244 308
182 24 338 90 496
60 307 409 314 17
270 168 261 491 304
370 201 269 239 461
195 330 218 290 181
301 256 416 107 393
367 399 390 95 318
124 80 194 456 424
160 78 313 402 248
373 97 237 21 336
6 64 325 417 205
395 19 235 67 291
72 459 342 493 368
245 403 92 111 84
143 298 432 199 229
204 101 264 341 487
454 75 88 183 157
7 396 443 3 455
241 83 268 227 289
94 480 254 277 369
472 280 273 187 117
271 331 171 479 197
156 279 286 69 257
225 176 478 192 364
380 93 294 86 1
230 150 329 259 473
481 139 361 244 308
182 24 338 90 496
60 307 409 314 17
221 129 215 58 226
270 168 261 491 304
370 201 269 239 461
195 330 218 290 181
301 256 416 107 393
367 399 390 95 318
124 80 194 456 424
160 78 313 402 248
373 97 237 21 336
6 64 325 417 205
395 19 235 67 291
72 459 342 493 368
245 403 92 111 84
143 298 432 199 229
204 101 264 341 487
454 75 88 183 157
7 396 443 3 455
241 83 268 227 289
94 480 254 277 369
472 280 273 187 117
271 331 171 479 197
156 279 286 69 257
225 176 478 192 364
380 93 294 86 1
230 150 329 259 473
481 139 361 244 308
182 24 338 90 496
60 307 409 314 17
221 129 215 58 226
300 166 389 251 232
270 168 261 491 304
370 201 269 239 461
195 330 218 290 181
301 256 416 107 393
367 399 390 95 318
124 80 194 456 424
160 78 313 402 248
373 97 237 21 336
6 64 325 417 205
395 19 235 67 291
72 459 342 493 368
245 403 92 111 84
143 298 432 199 229
204 101 264 341 487
454 75 88 183 157
7 396 443 3 455
241 83 268 227 289
94 480 254 277 369
472 280 273 187 117
271 331 171 479 197
156 279 286 69 257
225 176 478 192 364
380 93 294 86 1
230 150 329 259 473
481 139 361 244 308
182 24 338 90 496
60 307 409 314 17
221 129 215 58 226
300 166 389 251 232
37 346 429 490 68
270 168 261 491 304
370 201 269 239 461
195 330 218 290 181
301 256 416 107 393
367 399 390 95 318
124 80 194 456 424
160 78 313 402 248
373 97 237 21 336
6 64 325 417 205
395 19 235 67 291
72 459 342 493 368
245 403 92 111 84
143 298 432 199 229
204 101 264 341 487
454 75 88 183 157
7 396 443 3 455
241 83 268 227 289
94 480 254 277 369
472 280 273 187 117
271 331 171 479 197
156 279 286 69 257
225 176 478 192 364
380 93 294 86 1
230 150 329 259 473
481 139 361 244 308
182 24 338 90 496
60 307 409 314 17
221 129 215 58 226
300 166 389 251 232
37 346 429 490 68
372 0 41 112 249
270 168 261 491 304
370 201 269 239 461
195 330 218 290 181
301 256 416 107 393
367 399 390 95 318
124 80 194 456 424
160 78 313 402 248
373 97 237 21 336
6 64 325 417 205
395 19 235 67 291
72 459 342 493 368
245 403 92 111 84
143 298 432 199 229
204 101 264 341 487
454 75 88 183 157
7 396 443 3 455
241 83 268 227 289
94 480 254 277 369
472 280 273 187 117
271 331 171 479 197
156 279 286 69 257
225 176 478 192 364
380 93 294 86 1
230 150 329 259 473
481 139 361 244 308
182 24 338 90 496
60 307 409 314 17
221 129 215 58 226
300 166 389 251 232
37 346 429 490 68
372 0 41 112 249
170 356 186 319 381
270 168 261 491 304
370 201 269 239 461
195 330 218 290 181
301 256 416 107 393
367 399 390 95 318
124 80 194 456 424
160 78 313 402 248
373 97 237 21 336
6 64 325 417 205
395 19 235 67 291
72 459 342 493 368
245 403 92 111 84
143 298 432 199 229
204 101 264 341 487
454 75 88 183 157
7 396 443 3 455
241 83 268 227 289
94 480 254 277 369
472 280 273 187 117
271 331 171 479 197
156 279 286 69 257
225 176 478 192 364
380 93 294 86 1
230 150 329 259 473
481 139 361 244 308
182 24 338 90 496
60 307 409 314 17
221 129 215 58 226
300 166 389 251 232
37 346 429 490 68
372 0 41 112 249
170 356 186 319 381
453 135 223 276 344
270 168 261 491 304
370 201 269 239 461
195 330 218 290 181
301 256 416 107 393
367 399 390 95 318
124 80 194 456 424
160 78 313 402 248
373 97 237 21 336
6 64 325 417 205
395 19 235 67 291
72 459 342 493 368
245 403 92 111 84
143 298 432 199 229
204 101 264 341 487
454 75 88 183 157
7 396 443 3 455
241 83 268 227 289
94 480 254 277 369
472 280 273 187 117
271 331 171 479 197
156 279 286 69 257
225 176 478 192 364
380 93 294 86 1
230 150 329 259 473
481 139 361 244 308
182 24 338 90 496
60 307 409 314 17
221 129 215 58 226
300 166 389 251 232
37 346 429 490 68
372 0 41 112 249
170 356 186 319 381
453 135 223 276 344
162 483 475 365 498
270 168 261 491 304
370 201 269 239 461
195 330 218 290 181
301 256 416 107 393
367 399 390 95 318
124 80 194 456 424
160 78 313 402 248
373 97 237 21 336
6 64 325 417 205
395 19 235 67 291
72 459 342 493 368
245 403 92 111 84
143 298 432 199 229
204 101 264 341 487
454 75 88 183 157
7 396 443 3 455
241 83 268 227 289
94 480 254 277 369
472 280 273 187 117
271 331 171 479 197
156 279 286 69 257
225 176 478 192 364
380 93 294 86 1
230 150 329 259 473
481 139 361 244 308
182 24 338 90 496
60 307 409 314 17
221 129 215 58 226
300 166 389 251 232
37 346 429 490 68
372 0 41 112 249
170 356 186 319 381
453 135 223 276 344
162 483 475 365 498
385 360 240 233 236
270 168 261 491 304
370 201 269 239 461
195 330 218 290 181
301 256 416 107 393
367 399 390 95 318
124 80 194 456 424
160 78 313 402 248
373 97 237 21 336
6 64 325 417 205
395 19 235 67 291
72 459 342 493 368
245 403 92 111 84
143 298 432 199 229
204 101 264 341 487
454 75 88 183 157
7 396 443 3 455
241 83 268 227 289
94 480 254 277 369
472 280 273 187 117
271 331 171 479 197
156 279 286 69 257
225 176 478 192 364
380 93 294 86 1
230 150 329 259 473
481 139 361 244 308
182 24 338 90 496
60 307 409 314 17
221 129 215 58 226
300 166 389 251 232
37 346 429 490 68
372 0 41 112 249
170 356 186 319 381
453 135 223 276 344
162 483 475 365 498
385 360 240 233 236
391 38 18 185 203
270 168 261 491 304
370 201 269 239 461
195 330 218 290 181
301 256 416 107 393
367 399 390 95 318
124 80 194 456 424
160 78 313 402 248
373 97 237 21 336
6 64 325 417 205
395 19 235 67 291
72 459 342 493 368
245 403 92 111 84
143 298 432 199 229
204 101 264 341 487
454 75 88 183 157
7 396 443 3 455
241 83 268 227 289
94 480 254 277 369
472 280 273 187 117
271 331 171 479 197
156 279 286 69 257
225 176 478 192 364
380 93 294 86 1
230 150 329 259 473
481 139 361 244 308
182 24 338 90 496
60 307 409 314 17
221 129 215 58 226
300 166 389 251 232
37 346 429 490 68
372 0 41 112 249
170 356 186 319 381
453 135 223 276 344
162 483 475 365 498
385 360 240 233 236
391 38 18 185 203
8 178 378 295 352
270 168 261 491 304
370 201 269 239 461
195 330 218 290 181
301 256 416 107 393
367 399 390 95 318
124 80 194 456 424
160 78 313 402 248
373 97 237 21 336
6 64 325 417 205
395 19 235 67 291
72 459 342 493 368
245 403 92 111 84
143 298 432 199 229
204 101 264 341 487
454 75 88 183 157
7 396 443 3 455
241 83 268 227 289
94 480 254 277 369
472 280 273 187 117
271 331 171 479 197
156 279 286 69 257
225 176 478 192 364
380 93 294 86 1
230 150 329 259 473
481 139 361 244 308
182 24 338 90 496
60 307 409 314 17
221 129 215 58 226
300 166 389 251 232
37 346 429 490 68
372 0 41 112 249
170 356 186 319 381
453 135 223 276 344
162 483 475 365 498
385 360 240 233 236
391 38 18 185 203
8 178 378 295 352
104 377 262 224 65
270 168 261 491 304
370 201 269 239 461
195 330 218 290 181
301 256 416 107 393
367 399 390 95 318
124 80 194 456 424
160 78 313 402 248
373 97 237 21 336
6 64 325 417 205
395 19 235 67 291
72 459 342 493 368
245 403 92 111 84
143 298 432 199 229
204 101 264 341 487
454 75 88 183 157
7 396 443 3 455
241 83 268 227 289
94 480 254 277 369
472 280 273 187 117
271 331 171 479 197
156 279 286 69 257
225 176 478 192 364
380 93 294 86 1
230 150 329 259 473
481 139 361 244 308
182 24 338 90 496
60 307 409 314 17
221 129 215 58 226
300 166 389 251 232
37 346 429 490 68
372 0 41 112 249
170 356 186 319 381
453 135 223 276 344
162 483 475 365 498
385 360 240 233 236
391 38 18 185 203
8 178 378 295 352
104 377 262 224 65
387 208 109 4 326
270 168 261 491 304
370 201 269 239 461
195 330 218 290 181
301 256 416 107 393
367 399 390 95 318
124 80 194 456 424
160 78 313 402 248
373 97 237 21 336
6 64 325 417 205
395 19 235 67 291
72 459 342 493 368
245 403 92 111 84
143 298 432 199 229
204 101 264 341 487
454 75 88 183 157
7 396 443 3 455
241 83 268 227 289
94 480 254 277 369
472 280 273 187 117
271 331 171 479 197
156 279 286 69 257
225 176 478 192 364
380 93 294 86 1
230 150 329 259 473
481 139 361 244 308
182 24 338 90 496
60 307 409 314 17
221 129 215 58 226
300 166 389 251 232
37 346 429 490 68
372 0 41 112 249
170 356 186 319 381
453 135 223 276 344
162 483 475 365 498
385 360 240 233 236
391 38 18 185 203
8 178 378 295 352
104 377 262 224 65
387 208 109 4 326
284 132 165 253 146
270 168 261 491 304
370 201 269 239 461
195 330 218 290 181
301 256 416 107 393
367 399 390 95 318
124 80 194 456 424
160 78 313 402 248
373 97 237 21 336
6 64 325 417 205
395 19 235 67 291
72 459 342 493 368
245 403 92 111 84
143 298 432 199 229
204 101 264 341 487
454 75 88 183 157
7 396 443 3 455
241 83 268 227 289
94 480 254 277 369
472 280 273 187 117
271 331 171 479 197
156 279 286 69 257
225 176 478 192 364
380 93 294 86 1
230 150 329 259 473
481 139 361 244 308
182 24 338 90 496
60 307 409 314 17
221 129 215 58 226
300 166 389 251 232
37 346 429 490 68
372 0 41 112 249
170 356 186 319 381
453 135 223 276 344
162 483 475 365 498
385 360 240 233 236
391 38 18 185 203
8 178 378 295 352
104 377 262 224 65
387 208 109 4 326
284 132 165 253 146
247 54 447 190 137
270 168 261 491 304
370 201 269 239 461
195 330 218 290 181
301 256 416 107 393
367 399 390 95 318
124 80 194 456 424
160 78 313 402 248
373 97 237 21 336
6 64 325 417 205
395 19 235 67 291
72 459 342 493 368
245 403 92 111 84
143 298 432 199 229
204 101 264 341 487
454 75 88 183 157
7 396 443 3 455
241 83 268 227 289
94 480 254 277 369
472 280 273 187 117
271 331 171 479 197
156 279 286 69 257
225 176 478 192 364
380 93 294 86 1
230 150 329 259 473
481 139 361 244 308
182 24 338 90 496
60 307 409 314 17
221 129 215 58 226
300 166 389 251 232
37 346 429 490 68
372 0 41 112 249
170 356 186 319 381
453 135 223 276 344
162 483 475 365 498
385 360 240 233 236
391 38 18 185 203
8 178 378 295 352
104 377 262 224 65
387 208 109 4 326
284 132 165 253 146
247 54 447 190 137
460 430 50 428 131
270 168 261 491 304
370 201 269 239 461
195 330 218 290 181
301 256 416 107 393
367 399 390 95 318
124 80 194 456 424
160 78 313 402 248
373 97 237 21 336
6 64 325 417 205
395 19 235 67 291
72 459 342 493 368
245 403 92 111 84
143 298 432 199 229
204 101 264 341 487
454 75 88 183 157
7 396 443 3 455
241 83 268 227 289
94 480 254 277 369
472 280 273 187 117
271 331 171 479 197
156 279 286 69 257
225 176 478 192 364
380 93 294 86 1
230 150 329 259 473
481 139 361 244 308
182 24 338 90 496
60 307 409 314 17
221 129 215 58 226
300 166 389 251 232
37 346 429 490 68
372 0 41 112 249
170 356 186 319 381
453 135 223 276 344
162 483 475 365 498
385 360 240 233 236
391 38 18 185 203
8 178 378 295 352
104 377 262 224 65
387 208 109 4 326
284 132 165 253 146
247 54 447 190 137
460 430 50 428 131
133 184 404 401 209
270 168 261 491 304
370 201 269 239 461
195 330 218 290 181
301 256 416 107 393
367 399 390 95 318
124 80 194 456 424
160 78 313 402 248
373 97 237 21 336
6 64 325 417 205
395 19 235 67 291
72 459 342 493 368
245 403 92 111 84
143 298 432 199 229
204 101 264 341 487
454 75 88 183 157
7 396 443 3 455
241 83 268 227 289
94 480 254 277 369
472 280 273 187 117
271 331 171 479 197
156 279 286 69 257
225 176 478 192 364
380 93 294 86 1
230 150 329 259 473
481 139 361 244 308
182 24 338 90 496
60 307 409 314 17
221 129 215 58 226
300 166 389 251 232
37 346 429 490 68
372 0 41 112 249
170 356 186 319 381
453 135 223 276 344
162 483 475 365 498
385 360 240 233 236
391 38 18 185 203
8 178 378 295 352
104 377 262 224 65
387 208 109 4 326
284 132 165 253 146
247 54 447 190 137
460 430 50 428 131
133 184 404 401 209
448 415 471 418 213
270 168 261 491 304
370 201 269 239 461
195 330 218 290 181
301 256 416 107 393
367 399 390 95 318
124 80 194 456 424
160 78 313 402 248
373 97 237 21 336
6 64 325 417 205
395 19 235 67 291
72 459 342 493 368
245 403 92 111 84
143 298 432 199 229
204 101 264 341 487
454 75 88 183 157
7 396 443 3 455
241 83 268 227 289
94 480 254 277 369
472 280 273 187 117
271 331 171 479 197
156 279 286 69 257
225 176 478 192 364
380 93 294 86 1
230 150 329 259 473
481 139 361 244 308
182 24 338 90 496
60 307 409 314 17
221 129 215 58 226
300 166 389 251 232
37 346 429 490 68
372 0 41 112 249
170 356 186 319 381
453 135 223 276 344
162 483 475 365 498
385 360 240 233 236
391 38 18 185 203
8 178 378 295 352
104 377 262 224 65
387 208 109 4 326
284 132 165 253 146
247 54 447 190 137
460 430 50 428 131
133 184 404 401 209
448 415 471 418 213
26 242 140 66 413
270 168 261 491 304
370 201 269 239 461
195 330 218 290 181
301 256 416 107 393
367 399 390 95 318
124 80 194 456 424
160 78 313 402 248
373 97 237 21 336
6 64 325 417 205
395 19 235 67 291
72 459 342 493 368
245 403 92 111 84
143 298 432 199 229
204 101 264 341 487
454 75 88 183 157
7 396 443 3 455
241 83 268 227 289
94 480 254 277 369
472 280 273 187 117
271 331 171 479 197
156 279 286 69 257
225 176 478 192 364
380 93 294 86 1
230 150 329 259 473
481 139 361 244 308
182 24 338 90 496
60 307 409 314 17
221 129 215 58 226
300 166 389 251 232
37 346 429 490 68
372 0 41 112 249
170 356 186 319 381
453 135 223 276 344
162 483 475 365 498
385 360 240 233 236
391 38 18 185 203
8 178 378 295 352
104 377 262 224 65
387 208 109 4 326
284 132 165 253 146
247 54 447 190 137
460 430 50 428 131
133 184 404 401 209
448 415 471 418 213
26 242 140 66 413
252 123 263 2 45
270 168 261 491 304
370 201 269 239 461
195 330 218 290 181
301 256 416 107 393
367 399 390 95 318
124 80 194 456 424
160 78 313 402 248
373 97 237 21 336
6 64 325 417 205
395 19 235 67 291
72 459 342 493 368
245 403 92 111 84
143 298 432 199 229
204 101 264 341 487
454 75 88 183 157
7 396 443 3 455
241 83 268 227 289
94 480 254 277 369
472 280 273 187 117
271 331 171 479 197
156 279 286 69 257
225 176 478 192 364
380 93 294 86 1
230 150 329 259 473
481 139 361 244 308
182 24 338 90 496
60 307 409 314 17
221 129 215 58 226
300 166 389 251 232
37 346 429 490 68
372 0 41 112 249
170 356 186 319 381
453 135 223 276 344
162 483 475 365 498
385 360 240 233 236
391 38 18 185 203
8 178 378 295 352
104 377 262 224 65
387 208 109 4 326
284 132 165 253 146
247 54 447 190 137
460 430 50 428 131
133 184 404 401 209
448 415 471 418 213
26 242 140 66 413
252 123 263 2 45
138 141 180 484 169
270 168 261 491 304
370 201 269 239 461
195 330 218 290 181
301 256 416 107 393
367 399 390 95 318
124 80 194 456 424
160 78 313 402 248
373 97 237 21 336
6 64 325 417 205
395 19 235 67 291
72 459 342 493 368
245 403 92 111 84
143 298 432 199 229
204 101 264 341 487
454 75 88 183 157
7 396 443 3 455
241 83 268 227 289
94 480 254 277 369
472 280 273 187 117
271 331 171 479 197
156 279 286 69 257
225 176 478 192 364
380 93 294 86 1
230 150 329 259 473
481 139 361 244 308
182 24 338 90 496
60 307 409 314 17
221 129 215 58 226
300 166 389 251 232
37 346 429 490 68
372 0 41 112 249
170 356 186 319 381
453 135 223 276 344
162 483 475 365 498
385 360 240 233 236
391 38 18 185 203
8 178 378 295 352
104 377 262 224 65
387 208 109 4 326
284 132 165 253 146
247 54 447 190 137
460 430 50 428 131
133 184 404 401 209
448 415 471 418 213
26 242 140 66 413
252 123 263 2 45
138 141 180 484 169
40 167 285 337 87
270 168 261 491 304
370 201 269 239 461
195 330 218 290 181
301 256 416 107 393
367 399 390 95 318
124 80 194 456 424
160 78 313 402 248
373 97 237 21 336
6 64 325 417 205
395 19 235 67 291
72 459 342 493 368
245 403 92 111 84
143 298 432 199 229
204 101 264 341 487
454 75 88 183 157
7 396 443 3 455
241 83 268 227 289
94 480 254 277 369
472 280 273 187 117
271 331 171 479 197
156 279 286 69 257
225 176 478 192 364
380 93 294 86 1
230 150 329 259 473
481 139 361 244 308
182 24 338 90 496
60 307 409 314 17
221 129 215 58 226
300 166 389 251 232
37 346 429 490 68
372 0 41 112 249
170 356 186 319 381
453 135 223 276 344
162 483 475 365 498
385 360 240 233 236
391 38 18 185 203
8 178 378 295 352
104 377 262 224 65
387 208 109 4 326
284 132 165 253 146
247 54 447 190 137
460 430 50 428 131
133 184 404 401 209
448 415 471 418 213
26 242 140 66 413
252 123 263 2 45
138 141 180 484 169
40 167 285 337 87
61 267 435 142 23
270 168 261 491 304
370 201 269 239 461
195 330 218 290 181
301 256 416 107 393
367 399 390 95 318
124 80 194 456 424
160 78 313 402 248
373 97 237 21 336
6 64 325 417 205
395 19 235 67 291
72 459 342 493 368
245 403 92 111 84
143 298 432 199 229
204 101 264 341 487
454 75 88 183 157
7 396 443 3 455
241 83 268 227 289
94 480 254 277 369
472 280 273 187 117
271 331 171 479 197
156 279 286 69 257
225 176 478 192 364
380 93 294 86 1
230 150 329 259 473
481 139 361 244 308
182 24 338 90 496
60 307 409 314 17
221 129 215 58 226
300 166 389 251 232
37 346 429 490 68
372 0 41 112 249
170 356 186 319 381
453 135 223 276 344
162 483 475 365 498
385 360 240 233 236
391 38 18 185 203
8 178 378 295 352
104 377 262 224 65
387 208 109 4 326
284 132 165 253 146
247 54 447 190 137
460 430 50 428 131
133 184 404 401 209
448 415 471 418 213
26 242 140 66 413
252 123 263 2 45
138 141 180 484 169
40 167 285 337 87
61 267 435 142 23
243 467 458 255 89
