95 146 266 181 41
95 146 266 181 41
136 48 234 250 368
95 146 266 181 41
136 48 234 250 368
377 207 39 19 398
95 146 266 181 41
136 48 234 250 368
377 207 39 19 398
375 98 11 299 131
95 146 266 181 41
136 48 234 250 368
377 207 39 19 398
375 98 11 299 131
371 33 384 77 57
95 146 266 181 41
136 48 234 250 368
377 207 39 19 398
375 98 11 299 131
371 33 384 77 57
75 195 117 247 360
95 146 266 181 41
136 48 234 250 368
377 207 39 19 398
375 98 11 299 131
371 33 384 77 57
75 195 117 247 360
323 190 335 7 63
95 146 266 181 41
136 48 234 250 368
377 207 39 19 398
375 98 11 299 131
371 33 384 77 57
75 195 117 247 360
323 190 335 7 63
180 149 309 184 182
95 146 266 181 41
136 48 234 250 368
377 207 39 19 398
375 98 11 299 131
371 33 384 77 57
75 195 117 247 360
323 190 335 7 63
180 149 309 184 182
28 339 276 334 99
95 146 266 181 41
136 48 234 250 368
377 207 39 19 398
375 98 11 299 131
371 33 384 77 57
75 195 117 247 360
323 190 335 7 63
180 149 309 184 182
28 339 276 334 99
249 34 345 139 177
95 146 266 181 41
136 48 234 250 368
377 207 39 19 398
375 98 11 299 131
371 33 384 77 57
75 195 117 247 360
323 190 335 7 63
180 149 309 184 182
28 339 276 334 99
249 34 345 139 177
166 38 200 399 50
95 146 266 181 41
136 48 234 250 368
377 207 39 19 398
375 98 11 299 131
371 33 384 77 57
75 195 117 247 360
323 190 335 7 63
180 149 309 184 182
28 339 276 334 99
249 34 345 139 177
166 38 200 399 50
228 307 46 374 216
95 146 266 181 41
136 48 234 250 368
377 207 39 19 398
375 98 11 299 131
371 33 384 77 57
75 195 117 247 360
323 190 335 7 63
180 149 309 184 182
28 339 276 334 99
249 34 345 139 177
166 38 200 399 50
228 307 46 374 216
366 74 64 302 191
95 146 266 181 41
136 48 234 250 368
377 207 39 19 398
375 98 11 299 131
371 33 384 77 57
75 195 117 247 360
323 190 335 7 63
180 149 309 184 182
28 339 276 334 99
249 34 345 139 177
166 38 200 399 50
228 307 46 374 216
366 74 64 302 191
120 235 246 290 209
95 146 266 181 41
136 48 234 250 368
377 207 39 19 398
375 98 11 299 131
371 33 384 77 57
75 195 117 247 360
323 190 335 7 63
180 149 309 184 182
28 339 276 334 99
249 34 345 139 177
166 38 200 399 50
228 307 46 374 216
366 74 64 302 191
120 235 246 290 209
227 126 354 23 27
95 146 266 181 41
136 48 234 250 368
377 207 39 19 398
375 98 11 299 131
371 33 384 77 57
75 195 117 247 360
323 190 335 7 63
180 149 309 184 182
28 339 276 334 99
249 34 345 139 177
166 38 200 399 50
228 307 46 374 216
366 74 64 302 191
120 235 246 290 209
227 126 354 23 27
185 304 333 150 113
95 146 266 181 41
136 48 234 250 368
377 207 39 19 398
375 98 11 299 131
371 33 384 77 57
75 195 117 247 360
323 190 335 7 63
180 149 309 184 182
28 339 276 334 99
249 34 345 139 177
166 38 200 399 50
228 307 46 374 216
366 74 64 302 191
120 235 246 290 209
227 126 354 23 27
185 304 333 150 113
130 350 111 220 78
95 146 266 181 41
136 48 234 250 368
377 207 39 19 398
375 98 11 299 131
371 33 384 77 57
75 195 117 247 360
323 190 335 7 63
180 149 309 184 182
28 339 276 334 99
249 34 345 139 177
166 38 200 399 50
228 307 46 374 216
366 74 64 302 191
120 235 246 290 209
227 126 354 23 27
185 304 333 150 113
130 350 111 220 78
199 353 288 205 351
95 146 266 181 41
136 48 234 250 368
377 207 39 19 398
375 98 11 299 131
371 33 384 77 57
75 195 117 247 360
323 190 335 7 63
180 149 309 184 182
28 339 276 334 99
249 34 345 139 177
166 38 200 399 50
228 307 46 374 216
366 74 64 302 191
120 235 246 290 209
227 126 354 23 27
185 304 333 150 113
130 350 111 220 78
199 353 288 205 351
320 391 305 88 192
95 146 266 181 41
136 48 234 250 368
377 207 39 19 398
375 98 11 299 131
371 33 384 77 57
75 195 117 247 360
323 190 335 7 63
180 149 309 184 182
28 339 276 334 99
249 34 345 139 177
166 38 200 399 50
228 307 46 374 216
366 74 64 302 191
120 235 246 290 209
227 126 354 23 27
185 304 333 150 113
130 350 111 220 78
199 353 288 205 351
320 391 305 88 192
170 73 224 68 151
95 146 266 181 41
136 48 234 250 368
377 207 39 19 398
375 98 11 299 131
371 33 384 77 57
75 195 117 247 360
323 190 335 7 63
180 149 309 184 182
28 339 276 334 99
249 34 345 139 177
166 38 200 399 50
228 307 46 374 216
366 74 64 302 191
120 235 246 290 209
227 126 354 23 27
185 304 333 150 113
130 350 111 220 78
199 353 288 205 351
320 391 305 88 192
170 73 224 68 151
229 252 217 36 253
95 146 266 181 41
136 48 234 250 368
377 207 39 19 398
375 98 11 299 131
371 33 384 77 57
75 195 117 247 360
323 190 335 7 63
180 149 309 184 182
28 339 276 334 99
249 34 345 139 177
166 38 200 399 50
228 307 46 374 216
366 74 64 302 191
120 235 246 290 209
227 126 354 23 27
185 304 333 150 113
130 350 111 220 78
199 353 288 205 351
320 391 305 88 192
170 73 224 68 151
229 252 217 36 253
237 112 169 385 128
95 146 266 181 41
136 48 234 250 368
377 207 39 19 398
375 98 11 299 131
371 33 384 77 57
75 195 117 247 360
323 190 335 7 63
180 149 309 184 182
28 339 276 334 99
249 34 345 139 177
166 38 200 399 50
228 307 46 374 216
366 74 64 302 191
120 235 246 290 209
227 126 354 23 27
185 304 333 150 113
130 350 111 220 78
199 353 288 205 351
320 391 305 88 192
170 73 224 68 151
229 252 217 36 253
237 112 169 385 128
275 31 256 393 241
95 146 266 181 41
136 48 234 250 368
377 207 39 19 398
375 98 11 299 131
371 33 384 77 57
75 195 117 247 360
323 190 335 7 63
180 149 309 184 182
28 339 276 334 99
249 34 345 139 177
166 38 200 399 50
228 307 46 374 216
366 74 64 302 191
120 235 246 290 209
227 126 354 23 27
185 304 333 150 113
130 350 111 220 78
199 353 288 205 351
320 391 305 88 192
170 73 224 68 151
229 252 217 36 253
237 112 169 385 128
275 31 256 393 241
161 56 271 362 331
95 146 266 181 41
136 48 234 250 368
377 207 39 19 398
375 98 11 299 131
371 33 384 77 57
75 195 117 247 360
323 190 335 7 63
180 149 309 184 182
28 339 276 334 99
249 34 345 139 177
166 38 200 399 50
228 307 46 374 216
366 74 64 302 191
120 235 246 290 209
227 126 354 23 27
185 304 333 150 113
130 350 111 220 78
199 353 288 205 351
320 391 305 88 192
170 73 224 68 151
229 252 217 36 253
237 112 169 385 128
275 31 256 393 241
161 56 271 362 331
397 317 238 310 155
95 146 266 181 41
136 48 234 250 368
377 207 39 19 398
375 98 11 299 131
371 33 384 77 57
75 195 117 247 360
323 190 335 7 63
180 149 309 184 182
28 339 276 334 99
249 34 345 139 177
166 38 200 399 50
228 307 46 374 216
366 74 64 302 191
120 235 246 290 209
227 126 354 23 27
185 304 333 150 113
130 350 111 220 78
199 353 288 205 351
320 391 305 88 192
170 73 224 68 151
229 252 217 36 253
237 112 169 385 128
275 31 256 393 241
161 56 271 362 331
397 317 238 310 155
259 372 8 187 104
95 146 266 181 41
136 48 234 250 368
377 207 39 19 398
375 98 11 299 131
371 33 384 77 57
75 195 117 247 360
323 190 335 7 63
180 149 309 184 182
28 339 276 334 99
249 34 345 139 177
166 38 200 399 50
228 307 46 374 216
366 74 64 302 191
120 235 246 290 209
227 126 354 23 27
185 304 333 150 113
130 350 111 220 78
199 353 288 205 351
320 391 305 88 192
170 73 224 68 151
229 252 217 36 253
237 112 169 385 128
275 31 256 393 241
161 56 271 362 331
397 317 238 310 155
259 372 8 187 104
287 103 129 394 133
95 146 266 181 41
136 48 234 250 368
377 207 39 19 398
375 98 11 299 131
371 33 384 77 57
75 195 117 247 360
323 190 335 7 63
180 149 309 184 182
28 339 276 334 99
249 34 345 139 177
166 38 200 399 50
228 307 46 374 216
366 74 64 302 191
120 235 246 290 209
227 126 354 23 27
185 304 333 150 113
130 350 111 220 78
199 353 288 205 351
320 391 305 88 192
170 73 224 68 151
229 252 217 36 253
237 112 169 385 128
275 31 256 393 241
161 56 271 362 331
397 317 238 310 155
259 372 8 187 104
287 103 129 394 133
66 145 67 329 348
95 146 266 181 41
136 48 234 250 368
377 207 39 19 398
375 98 11 299 131
371 33 384 77 57
75 195 117 247 360
323 190 335 7 63
180 149 309 184 182
28 339 276 334 99
249 34 345 139 177
166 38 200 399 50
228 307 46 374 216
366 74 64 302 191
120 235 246 290 209
227 126 354 23 27
185 304 333 150 113
130 350 111 220 78
199 353 288 205 351
320 391 305 88 192
170 73 224 68 151
229 252 217 36 253
237 112 169 385 128
275 31 256 393 241
161 56 271 362 331
397 317 238 310 155
259 372 8 187 104
287 103 129 394 133
66 145 67 329 348
358 392 312 219 123
95 146 266 181 41
136 48 234 250 368
377 207 39 19 398
375 98 11 299 131
371 33 384 77 57
75 195 117 247 360
323 190 335 7 63
180 149 309 184 182
28 339 276 334 99
249 34 345 139 177
166 38 200 399 50
228 307 46 374 216
366 74 64 302 191
120 235 246 290 209
227 126 354 23 27
185 304 333 150 113
130 350 111 220 78
199 353 288 205 351
320 391 305 88 192
170 73 224 68 151
229 252 217 36 253
237 112 169 385 128
275 31 256 393 241
161 56 271 362 331
397 317 238 310 155
259 372 8 187 104
287 103 129 394 133
66 145 67 329 348
358 392 312 219 123
9 79 284 370 51
95 146 266 181 41
136 48 234 250 368
377 207 39 19 398
375 98 11 299 131
371 33 384 77 57
75 195 117 247 360
323 190 335 7 63
180 149 309 184 182
28 339 276 334 99
249 34 345 139 177
166 38 200 399 50
228 307 46 374 216
366 74 64 302 191
120 235 246 290 209
227 126 354 23 27
185 304 333 150 113
130 350 111 220 78
199 353 288 205 351
320 391 305 88 192
170 73 224 68 151
229 252 217 36 253
237 112 169 385 128
275 31 256 393 241
161 56 271 362 331
397 317 238 310 155
259 372 8 187 104
287 103 129 394 133
66 145 67 329 348
358 392 312 219 123
9 79 284 370 51
242 55 173 286 32
95 146 266 181 41
136 48 234 250 368
377 207 39 19 398
375 98 11 299 131
371 33 384 77 57
75 195 117 247 360
323 190 335 7 63
180 149 309 184 182
28 339 276 334 99
249 34 345 139 177
166 38 200 399 50
228 307 46 374 216
366 74 64 302 191
120 235 246 290 209
227 126 354 23 27
185 304 333 150 113
130 350 111 220 78
199 353 288 205 351
320 391 305 88 192
170 73 224 68 151
229 252 217 36 253
237 112 169 385 128
275 31 256 393 241
161 56 271 362 331
397 317 238 310 155
259 372 8 187 104
287 103 129 394 133
66 145 67 329 348
358 392 312 219 123
9 79 284 370 51
242 55 173 286 32
315 2 336 337 45
95 146 266 181 41
136 48 234 250 368
377 207 39 19 398
375 98 11 299 131
371 33 384 77 57
75 195 117 247 360
323 190 335 7 63
180 149 309 184 182
28 339 276 334 99
249 34 345 139 177
166 38 200 399 50
228 307 46 374 216
366 74 64 302 191
120 235 246 290 209
227 126 354 23 27
185 304 333 150 113
130 350 111 220 78
199 353 288 205 351
320 391 305 88 192
170 73 224 68 151
229 252 217 36 253
237 112 169 385 128
275 31 256 393 241
161 56 271 362 331
397 317 238 310 155
259 372 8 187 104
287 103 129 394 133
66 145 67 329 348
358 392 312 219 123
9 79 284 370 51
242 55 173 286 32
315 2 336 337 45
137 43 89 254 96
95 146 266 181 41
136 48 234 250 368
377 207 39 19 398
375 98 11 299 131
371 33 384 77 57
75 195 117 247 360
323 190 335 7 63
180 149 309 184 182
28 339 276 334 99
249 34 345 139 177
166 38 200 399 50
228 307 46 374 216
366 74 64 302 191
120 235 246 290 209
227 126 354 23 27
185 304 333 150 113
130 350 111 220 78
199 353 288 205 351
320 391 305 88 192
170 73 224 68 151
229 252 217 36 253
237 112 169 385 128
275 31 256 393 241
161 56 271 362 331
397 317 238 310 155
259 372 8 187 104
287 103 129 394 133
66 145 67 329 348
358 392 312 219 123
9 79 284 370 51
242 55 173 286 32
315 2 336 337 45
137 43 89 254 96
101 314 118 355 127
95 146 266 181 41
136 48 234 250 368
377 207 39 19 398
375 98 11 299 131
371 33 384 77 57
75 195 117 247 360
323 190 335 7 63
180 149 309 184 182
28 339 276 334 99
249 34 345 139 177
166 38 200 399 50
228 307 46 374 216
366 74 64 302 191
120 235 246 290 209
227 126 354 23 27
185 304 333 150 113
130 350 111 220 78
199 353 288 205 351
320 391 305 88 192
170 73 224 68 151
229 252 217 36 253
237 112 169 385 128
275 31 256 393 241
161 56 271 362 331
397 317 238 310 155
259 372 8 187 104
287 103 129 394 133
66 145 67 329 348
358 392 312 219 123
9 79 284 370 51
242 55 173 286 32
315 2 336 337 45
137 43 89 254 96
101 314 118 355 127
109 59 188 260 248
95 146 266 181 41
136 48 234 250 368
377 207 39 19 398
375 98 11 299 131
371 33 384 77 57
75 195 117 247 360
323 190 335 7 63
180 149 309 184 182
28 339 276 334 99
249 34 345 139 177
166 38 200 399 50
228 307 46 374 216
366 74 64 302 191
120 235 246 290 209
227 126 354 23 27
185 304 333 150 113
130 350 111 220 78
199 353 288 205 351
320 391 305 88 192
170 73 224 68 151
229 252 217 36 253
237 112 169 385 128
275 31 256 393 241
161 56 271 362 331
397 317 238 310 155
259 372 8 187 104
287 103 129 394 133
66 145 67 329 348
358 392 312 219 123
9 79 284 370 51
242 55 173 286 32
315 2 336 337 45
137 43 89 254 96
101 314 118 355 127
109 59 188 260 248
82 347 154 160 226
95 146 266 181 41
136 48 234 250 368
377 207 39 19 398
375 98 11 299 131
371 33 384 77 57
75 195 117 247 360
323 190 335 7 63
180 149 309 184 182
28 339 276 334 99
249 34 345 139 177
166 38 200 399 50
228 307 46 374 216
366 74 64 302 191
120 235 246 290 209
227 126 354 23 27
185 304 333 150 113
130 350 111 220 78
199 353 288 205 351
320 391 305 88 192
170 73 224 68 151
229 252 217 36 253
237 112 169 385 128
275 31 256 393 241
161 56 271 362 331
397 317 238 310 155
259 372 8 187 104
287 103 129 394 133
66 145 67 329 348
358 392 312 219 123
9 79 284 370 51
242 55 173 286 32
315 2 336 337 45
137 43 89 254 96
101 314 118 355 127
109 59 188 260 248
82 347 154 160 226
70 62 268 135 232
95 146 266 181 41
136 48 234 250 368
377 207 39 19 398
375 98 11 299 131
371 33 384 77 57
75 195 117 247 360
323 190 335 7 63
180 149 309 184 182
28 339 276 334 99
249 34 345 139 177
166 38 200 399 50
228 307 46 374 216
366 74 64 302 191
120 235 246 290 209
227 126 354 23 27
185 304 333 150 113
130 350 111 220 78
199 353 288 205 351
320 391 305 88 192
170 73 224 68 151
229 252 217 36 253
237 112 169 385 128
275 31 256 393 241
161 56 271 362 331
397 317 238 310 155
259 372 8 187 104
287 103 129 394 133
66 145 67 329 348
358 392 312 219 123
9 79 284 370 51
242 55 173 286 32
315 2 336 337 45
137 43 89 254 96
101 314 118 355 127
109 59 188 260 248
82 347 154 160 226
70 62 268 135 232
44 144 94 367 328
95 146 266 181 41
136 48 234 250 368
377 207 39 19 398
375 98 11 299 131
371 33 384 77 57
75 195 117 247 360
323 190 335 7 63
180 149 309 184 182
28 339 276 334 99
249 34 345 139 177
166 38 200 399 50
228 307 46 374 216
366 74 64 302 191
120 235 246 290 209
227 126 354 23 27
185 304 333 150 113
130 350 111 220 78
199 353 288 205 351
320 391 305 88 192
170 73 224 68 151
229 252 217 36 253
237 112 169 385 128
275 31 256 393 241
161 56 271 362 331
397 317 238 310 155
259 372 8 187 104
287 103 129 394 133
66 145 67 329 348
358 392 312 219 123
9 79 284 370 51
242 55 173 286 32
315 2 336 337 45
137 43 89 254 96
101 314 118 355 127
109 59 188 260 248
82 347 154 160 226
70 62 268 135 232
44 144 94 367 328
208 162 115 383 364
95 146 266 181 41
136 48 234 250 368
377 207 39 19 398
375 98 11 299 131
371 33 384 77 57
75 195 117 247 360
323 190 335 7 63
180 149 309 184 182
28 339 276 334 99
249 34 345 139 177
166 38 200 399 50
228 307 46 374 216
366 74 64 302 191
120 235 246 290 209
227 126 354 23 27
185 304 333 150 113
130 350 111 220 78
199 353 288 205 351
320 391 305 88 192
170 73 224 68 151
229 252 217 36 253
237 112 169 385 128
275 31 256 393 241
161 56 271 362 331
397 317 238 310 155
259 372 8 187 104
287 103 129 394 133
66 145 67 329 348
358 392 312 219 123
9 79 284 370 51
242 55 173 286 32
315 2 336 337 45
137 43 89 254 96
101 314 118 355 127
109 59 188 260 248
82 347 154 160 226
70 62 268 135 232
44 144 94 367 328
208 162 115 383 364
3 167 387 243 164
