301 151 253 263 258
170 122 248 147 39
367 333 267 346 457
159 357 497 324 229
162 288 447 29 282
398 435 379 321 41
114 325 472 495 350
452 455 178 182 23
111 294 494 433 308
145 270 326 184 416
295 245 33 161 268
78 115 276 127 377
102 315 3 211 320
434 183 444 286 153
436 129 420 56 358
487 72 237 169 87
11 73 9 450 480
21 181 228 418 290
46 13 323 199 328
225 422 372 160 91
409 254 152 22 361
382 283 438 360 60
344 164 271 126 303
387 239 413 351 235
214 163 204 373 458
89 167 174 451 219
256 304 421 69 217
137 261 334 490 71
61 112 50 0 277
116 353 65 338 499
479 309 148 140 468
142 25 195 390 347
179 440 136 233 374
489 154 299 19 43
327 257 173 265 141
98 291 394 6 343
212 378 185 68 101
466 197 395 465 419
2 138 473 220 7
306 143 105 144 476
45 10 223 93 28
467 469 206 189 118
275 37 424 26 352
18 59 293 454 79
431 53 423 445 36
240 384 190 135 355
429 389 40 376 67
58 54 57 165 345
356 401 5 483 99
442 24 180 158 201
485 437
