59 160 129 117 226
59 160 129 117 226
470 453 118 245 2
59 160 129 117 226
470 453 118 245 2
62 73 330 133 140
59 160 129 117 226
470 453 118 245 2
62 73 330 133 140
293 348 15 420 467
59 160 129 117 226
470 453 118 245 2
62 73 330 133 140
293 348 15 420 467
443 315 162 269 243
59 160 129 117 226
470 453 118 245 2
62 73 330 133 140
293 348 15 420 467
443 315 162 269 243
479 273 39 186 124
59 160 129 117 226
470 453 118 245 2
62 73 330 133 140
293 348 15 420 467
443 315 162 269 243
479 273 39 186 124
21 112 130 64 3
59 160 129 117 226
470 453 118 245 2
62 73 330 133 140
293 348 15 420 467
443 315 162 269 243
479 273 39 186 124
21 112 130 64 3
210 152 113 134 214
59 160 129 117 226
470 453 118 245 2
62 73 330 133 140
293 348 15 420 467
443 315 162 269 243
479 273 39 186 124
21 112 130 64 3
210 152 113 134 214
52 102 94 181 321
59 160 129 117 226
470 453 118 245 2
62 73 330 133 140
293 348 15 420 467
443 315 162 269 243
479 273 39 186 124
21 112 130 64 3
210 152 113 134 214
52 102 94 181 321
455 45 466 475 338
59 160 129 117 226
470 453 118 245 2
62 73 330 133 140
293 348 15 420 467
443 315 162 269 243
479 273 39 186 124
21 112 130 64 3
210 152 113 134 214
52 102 94 181 321
455 45 466 475 338
114 476 23 263 115
59 160 129 117 226
470 453 118 245 2
62 73 330 133 140
293 348 15 420 467
443 315 162 269 243
479 273 39 186 124
21 112 130 64 3
210 152 113 134 214
52 102 94 181 321
455 45 466 475 338
114 476 23 263 115
219 291 459 95 79
59 160 129 117 226
470 453 118 245 2
62 73 330 133 140
293 348 15 420 467
443 315 162 269 243
479 273 39 186 124
21 112 130 64 3
210 152 113 134 214
52 102 94 181 321
455 45 466 475 338
114 476 23 263 115
219 291 459 95 79
239 487 436 191 334
59 160 129 117 226
470 453 118 245 2
62 73 330 133 140
293 348 15 420 467
443 315 162 269 243
479 273 39 186 124
21 112 130 64 3
210 152 113 134 214
52 102 94 181 321
455 45 466 475 338
114 476 23 263 115
219 291 459 95 79
239 487 436 191 334
197 85 199 75 18
59 160 129 117 226
470 453 118 245 2
62 73 330 133 140
293 348 15 420 467
443 315 162 269 243
479 273 39 186 124
21 112 130 64 3
210 152 113 134 214
52 102 94 181 321
455 45 466 475 338
114 476 23 263 115
219 291 459 95 79
239 487 436 191 334
197 85 199 75 18
139 246 105 383 207
59 160 129 117 226
470 453 118 245 2
62 73 330 133 140
293 348 15 420 467
443 315 162 269 243
479 273 39 186 124
21 112 130 64 3
210 152 113 134 214
52 102 94 181 321
455 45 466 475 338
114 476 23 263 115
219 291 459 95 79
239 487 436 191 334
197 85 199 75 18
139 246 105 383 207
97 13 51 368 350
59 160 129 117 226
470 453 118 245 2
62 73 330 133 140
293 348 15 420 467
443 315 162 269 243
479 273 39 186 124
21 112 130 64 3
210 152 113 134 214
52 102 94 181 321
455 45 466 475 338
114 476 23 263 115
219 291 459 95 79
239 487 436 191 334
197 85 199 75 18
139 246 105 383 207
97 13 51 368 350
303 126 125 318 477
59 160 129 117 226
470 453 118 245 2
62 73 330 133 140
293 348 15 420 467
443 315 162 269 243
479 273 39 186 124
21 112 130 64 3
210 152 113 134 214
52 102 94 181 321
455 45 466 475 338
114 476 23 263 115
219 291 459 95 79
239 487 436 191 334
197 85 199 75 18
139 246 105 383 207
97 13 51 368 350
303 126 125 318 477
83 177 406 461 399
59 160 129 117 226
470 453 118 245 2
62 73 330 133 140
293 348 15 420 467
443 315 162 269 243
479 273 39 186 124
21 112 130 64 3
210 152 113 134 214
52 102 94 181 321
455 45 466 475 338
114 476 23 263 115
219 291 459 95 79
239 487 436 191 334
197 85 199 75 18
139 246 105 383 207
97 13 51 368 350
303 126 125 318 477
83 177 406 461 399
387 352 253 366 317
59 160 129 117 226
470 453 118 245 2
62 73 330 133 140
293 348 15 420 467
443 315 162 269 243
479 273 39 186 124
21 112 130 64 3
210 152 113 134 214
52 102 94 181 321
455 45 466 475 338
114 476 23 263 115
219 291 459 95 79
239 487 436 191 334
197 85 199 75 18
139 246 105 383 207
97 13 51 368 350
303 126 125 318 477
83 177 406 461 399
387 352 253 366 317
28 369 374 416 104
59 160 129 117 226
470 453 118 245 2
62 73 330 133 140
293 348 15 420 467
443 315 162 269 243
479 273 39 186 124
21 112 130 64 3
210 152 113 134 214
52 102 94 181 321
455 45 466 475 338
114 476 23 263 115
219 291 459 95 79
239 487 436 191 334
197 85 199 75 18
139 246 105 383 207
97 13 51 368 350
303 126 125 318 477
83 177 406 461 399
387 352 253 366 317
28 369 374 416 104
297 490 250 331 373
59 160 129 117 226
470 453 118 245 2
62 73 330 133 140
293 348 15 420 467
443 315 162 269 243
479 273 39 186 124
21 112 130 64 3
210 152 113 134 214
52 102 94 181 321
455 45 466 475 338
114 476 23 263 115
219 291 459 95 79
239 487 436 191 334
197 85 199 75 18
139 246 105 383 207
97 13 51 368 350
303 126 125 318 477
83 177 406 461 399
387 352 253 366 317
28 369 374 416 104
297 490 250 331 373
353 170 389 270 307
59 160 129 117 226
470 453 118 245 2
62 73 330 133 140
293 348 15 420 467
443 315 162 269 243
479 273 39 186 124
21 112 130 64 3
210 152 113 134 214
52 102 94 181 321
455 45 466 475 338
114 476 23 263 115
219 291 459 95 79
239 487 436 191 334
197 85 199 75 18
139 246 105 383 207
97 13 51 368 350
303 126 125 318 477
83 177 406 461 399
387 352 253 366 317
28 369 374 416 104
297 490 250 331 373
353 170 389 270 307
311 264 242 391 179
59 160 129 117 226
470 453 118 245 2
62 73 330 133 140
293 348 15 420 467
443 315 162 269 243
479 273 39 186 124
21 112 130 64 3
210 152 113 134 214
52 102 94 181 321
455 45 466 475 338
114 476 23 263 115
219 291 459 95 79
239 487 436 191 334
197 85 199 75 18
139 246 105 383 207
97 13 51 368 350
303 126 125 318 477
83 177 406 461 399
387 352 253 366 317
28 369 374 416 104
297 490 250 331 373
353 170 389 270 307
311 264 242 391 179
454 302 462 278 156
59 160 129 117 226
470 453 118 245 2
62 73 330 133 140
293 348 15 420 467
443 315 162 269 243
479 273 39 186 124
21 112 130 64 3
210 152 113 134 214
52 102 94 181 321
455 45 466 475 338
114 476 23 263 115
219 291 459 95 79
239 487 436 191 334
197 85 199 75 18
139 246 105 383 207
97 13 51 368 350
303 126 125 318 477
83 177 406 461 399
387 352 253 366 317
28 369 374 416 104
297 490 250 331 373
353 170 389 270 307
311 264 242 391 179
454 302 462 278 156
17 122 229 237 468
59 160 129 117 226
470 453 118 245 2
62 73 330 133 140
293 348 15 420 467
443 315 162 269 243
479 273 39 186 124
21 112 130 64 3
210 152 113 134 214
52 102 94 181 321
455 45 466 475 338
114 476 23 263 115
219 291 459 95 79
239 487 436 191 334
197 85 199 75 18
139 246 105 383 207
97 13 51 368 350
303 126 125 318 477
83 177 406 461 399
387 352 253 366 317
28 369 374 416 104
297 490 250 331 373
353 170 389 270 307
311 264 242 391 179
454 302 462 278 156
17 122 229 237 468
183 35 423 132 96
59 160 129 117 226
470 453 118 245 2
62 73 330 133 140
293 348 15 420 467
443 315 162 269 243
479 273 39 186 124
21 112 130 64 3
210 152 113 134 214
52 102 94 181 321
455 45 466 475 338
114 476 23 263 115
219 291 459 95 79
239 487 436 191 334
197 85 199 75 18
139 246 105 383 207
97 13 51 368 350
303 126 125 318 477
83 177 406 461 399
387 352 253 366 317
28 369 374 416 104
297 490 250 331 373
353 170 389 270 307
311 264 242 391 179
454 302 462 278 156
17 122 229 237 468
183 35 423 132 96
425 428 37 251 316
59 160 129 117 226
470 453 118 245 2
62 73 330 133 140
293 348 15 420 467
443 315 162 269 243
479 273 39 186 124
21 112 130 64 3
210 152 113 134 214
52 102 94 181 321
455 45 466 475 338
114 476 23 263 115
219 291 459 95 79
239 487 436 191 334
197 85 199 75 18
139 246 105 383 207
97 13 51 368 350
303 126 125 318 477
83 177 406 461 399
387 352 253 366 317
28 369 374 416 104
297 490 250 331 373
353 170 389 270 307
311 264 242 391 179
454 302 462 278 156
17 122 229 237 468
183 35 423 132 96
425 428 37 251 316
99 195 295 419 240
59 160 129 117 226
470 453 118 245 2
62 73 330 133 140
293 348 15 420 467
443 315 162 269 243
479 273 39 186 124
21 112 130 64 3
210 152 113 134 214
52 102 94 181 321
455 45 466 475 338
114 476 23 263 115
219 291 459 95 79
239 487 436 191 334
197 85 199 75 18
139 246 105 383 207
97 13 51 368 350
303 126 125 318 477
83 177 406 461 399
387 352 253 366 317
28 369 374 416 104
297 490 250 331 373
353 170 389 270 307
311 264 242 391 179
454 302 462 278 156
17 122 229 237 468
183 35 423 132 96
425 428 37 251 316
99 195 295 419 240
397 346 108 308 265
59 160 129 117 226
470 453 118 245 2
62 73 330 133 140
293 348 15 420 467
443 315 162 269 243
479 273 39 186 124
21 112 130 64 3
210 152 113 134 214
52 102 94 181 321
455 45 466 475 338
114 476 23 263 115
219 291 459 95 79
239 487 436 191 334
197 85 199 75 18
139 246 105 383 207
97 13 51 368 350
303 126 125 318 477
83 177 406 461 399
387 352 253 366 317
28 369 374 416 104
297 490 250 331 373
353 170 389 270 307
311 264 242 391 179
454 302 462 278 156
17 122 229 237 468
183 35 423 132 96
425 428 37 251 316
99 195 295 419 240
397 346 108 308 265
402 4 54 218 19
59 160 129 117 226
470 453 118 245 2
62 73 330 133 140
293 348 15 420 467
443 315 162 269 243
479 273 39 186 124
21 112 130 64 3
210 152 113 134 214
52 102 94 181 321
455 45 466 475 338
114 476 23 263 115
219 291 459 95 79
239 487 436 191 334
197 85 199 75 18
139 246 105 383 207
97 13 51 368 350
303 126 125 318 477
83 177 406 461 399
387 352 253 366 317
28 369 374 416 104
297 490 250 331 373
353 170 389 270 307
311 264 242 391 179
454 302 462 278 156
17 122 229 237 468
183 35 423 132 96
425 428 37 251 316
99 195 295 419 240
397 346 108 308 265
402 4 54 218 19
203 280 472 107 87
59 160 129 117 226
470 453 118 245 2
62 73 330 133 140
293 348 15 420 467
443 315 162 269 243
479 273 39 186 124
21 112 130 64 3
210 152 113 134 214
52 102 94 181 321
455 45 466 475 338
114 476 23 263 115
219 291 459 95 79
239 487 436 191 334
197 85 199 75 18
139 246 105 383 207
97 13 51 368 350
303 126 125 318 477
83 177 406 461 399
387 352 253 366 317
28 369 374 416 104
297 490 250 331 373
353 170 389 270 307
311 264 242 391 179
454 302 462 278 156
17 122 229 237 468
183 35 423 132 96
425 428 37 251 316
99 195 295 419 240
397 346 108 308 265
402 4 54 218 19
203 280 472 107 87
241 192 256 131 55
59 160 129 117 226
470 453 118 245 2
62 73 330 133 140
293 348 15 420 467
443 315 162 269 243
479 273 39 186 124
21 112 130 64 3
210 152 113 134 214
52 102 94 181 321
455 45 466 475 338
114 476 23 263 115
219 291 459 95 79
239 487 436 191 334
197 85 199 75 18
139 246 105 383 207
97 13 51 368 350
303 126 125 318 477
83 177 406 461 399
387 352 253 366 317
28 369 374 416 104
297 490 250 331 373
353 170 389 270 307
311 264 242 391 179
454 302 462 278 156
17 122 229 237 468
183 35 423 132 96
425 428 37 251 316
99 195 295 419 240
397 346 108 308 265
402 4 54 218 19
203 280 472 107 87
241 192 256 131 55
81 206 473 430 208
59 160 129 117 226
470 453 118 245 2
62 73 330 133 140
293 348 15 420 467
443 315 162 269 243
479 273 39 186 124
21 112 130 64 3
210 152 113 134 214
52 102 94 181 321
455 45 466 475 338
114 476 23 263 115
219 291 459 95 79
239 487 436 191 334
197 85 199 75 18
139 246 105 383 207
97 13 51 368 350
303 126 125 318 477
83 177 406 461 399
387 352 253 366 317
28 369 374 416 104
297 490 250 331 373
353 170 389 270 307
311 264 242 391 179
454 302 462 278 156
17 122 229 237 468
183 35 423 132 96
425 428 37 251 316
99 195 295 419 240
397 346 108 308 265
402 4 54 218 19
203 280 472 107 87
241 192 256 131 55
81 206 473 430 208
412 304 365 258 447
59 160 129 117 226
470 453 118 245 2
62 73 330 133 140
293 348 15 420 467
443 315 162 269 243
479 273 39 186 124
21 112 130 64 3
210 152 113 134 214
52 102 94 181 321
455 45 466 475 338
114 476 23 263 115
219 291 459 95 79
239 487 436 191 334
197 85 199 75 18
139 246 105 383 207
97 13 51 368 350
303 126 125 318 477
83 177 406 461 399
387 352 253 366 317
28 369 374 416 104
297 490 250 331 373
353 170 389 270 307
311 264 242 391 179
454 302 462 278 156
17 122 229 237 468
183 35 423 132 96
425 428 37 251 316
99 195 295 419 240
397 346 108 308 265
402 4 54 218 19
203 280 472 107 87
241 192 256 131 55
81 206 473 430 208
412 304 365 258 447
173 92 355 480 384
59 160 129 117 226
470 453 118 245 2
62 73 330 133 140
293 348 15 420 467
443 315 162 269 243
479 273 39 186 124
21 112 130 64 3
210 152 113 134 214
52 102 94 181 321
455 45 466 475 338
114 476 23 263 115
219 291 459 95 79
239 487 436 191 334
197 85 199 75 18
139 246 105 383 207
97 13 51 368 350
303 126 125 318 477
83 177 406 461 399
387 352 253 366 317
28 369 374 416 104
297 490 250 331 373
353 170 389 270 307
311 264 242 391 179
454 302 462 278 156
17 122 229 237 468
183 35 423 132 96
425 428 37 251 316
99 195 295 419 240
397 346 108 308 265
402 4 54 218 19
203 280 472 107 87
241 192 256 131 55
81 206 473 430 208
412 304 365 258 447
173 92 355 480 384
375 403 386 329 281
59 160 129 117 226
470 453 118 245 2
62 73 330 133 140
293 348 15 420 467
443 315 162 269 243
479 273 39 186 124
21 112 130 64 3
210 152 113 134 214
52 102 94 181 321
455 45 466 475 338
114 476 23 263 115
219 291 459 95 79
239 487 436 191 334
197 85 199 75 18
139 246 105 383 207
97 13 51 368 350
303 126 125 318 477
83 177 406 461 399
387 352 253 366 317
28 369 374 416 104
297 490 250 331 373
353 170 389 270 307
311 264 242 391 179
454 302 462 278 156
17 122 229 237 468
183 35 423 132 96
425 428 37 251 316
99 195 295 419 240
397 346 108 308 265
402 4 54 218 19
203 280 472 107 87
241 192 256 131 55
81 206 473 430 208
412 304 365 258 447
173 92 355 480 384
375 403 386 329 281
445 301 449 305 205
59 160 129 117 226
470 453 118 245 2
62 73 330 133 140
293 348 15 420 467
443 315 162 269 243
479 273 39 186 124
21 112 130 64 3
210 152 113 134 214
52 102 94 181 321
455 45 466 475 338
114 476 23 263 115
219 291 459 95 79
239 487 436 191 334
197 85 199 75 18
139 246 105 383 207
97 13 51 368 350
303 126 125 318 477
83 177 406 461 399
387 352 253 366 317
28 369 374 416 104
297 490 250 331 373
353 170 389 270 307
311 264 242 391 179
454 302 462 278 156
17 122 229 237 468
183 35 423 132 96
425 428 37 251 316
99 195 295 419 240
397 346 108 308 265
402 4 54 218 19
203 280 472 107 87
241 192 256 131 55
81 206 473 430 208
412 304 365 258 447
173 92 355 480 384
375 403 386 329 281
445 301 449 305 205
146 236 463 46 230
59 160 129 117 226
470 453 118 245 2
62 73 330 133 140
293 348 15 420 467
443 315 162 269 243
479 273 39 186 124
21 112 130 64 3
210 152 113 134 214
52 102 94 181 321
455 45 466 475 338
114 476 23 263 115
219 291 459 95 79
239 487 436 191 334
197 85 199 75 18
139 246 105 383 207
97 13 51 368 350
303 126 125 318 477
83 177 406 461 399
387 352 253 366 317
28 369 374 416 104
297 490 250 331 373
353 170 389 270 307
311 264 242 391 179
454 302 462 278 156
17 122 229 237 468
183 35 423 132 96
425 428 37 251 316
99 195 295 419 240
397 346 108 308 265
402 4 54 218 19
203 280 472 107 87
241 192 256 131 55
81 206 473 430 208
412 304 365 258 447
173 92 355 480 384
375 403 386 329 281
445 301 449 305 205
146 236 463 46 230
285 145 356 166 362
59 160 129 117 226
470 453 118 245 2
62 73 330 133 140
293 348 15 420 467
443 315 162 269 243
479 273 39 186 124
21 112 130 64 3
210 152 113 134 214
52 102 94 181 321
455 45 466 475 338
114 476 23 263 115
219 291 459 95 79
239 487 436 191 334
197 85 199 75 18
139 246 105 383 207
97 13 51 368 350
303 126 125 318 477
83 177 406 461 399
387 352 253 366 317
28 369 374 416 104
297 490 250 331 373
353 170 389 270 307
311 264 242 391 179
454 302 462 278 156
17 122 229 237 468
183 35 423 132 96
425 428 37 251 316
99 195 295 419 240
397 346 108 308 265
402 4 54 218 19
203 280 472 107 87
241 192 256 131 55
81 206 473 430 208
412 304 365 258 447
173 92 355 480 384
375 403 386 329 281
445 301 449 305 205
146 236 463 46 230
285 145 356 166 362
452 209 27 244 426
59 160 129 117 226
470 453 118 245 2
62 73 330 133 140
293 348 15 420 467
443 315 162 269 243
479 273 39 186 124
21 112 130 64 3
210 152 113 134 214
52 102 94 181 321
455 45 466 475 338
114 476 23 263 115
219 291 459 95 79
239 487 436 191 334
197 85 199 75 18
139 246 105 383 207
97 13 51 368 350
303 126 125 318 477
83 177 406 461 399
387 352 253 366 317
28 369 374 416 104
297 490 250 331 373
353 170 389 270 307
311 264 242 391 179
454 302 462 278 156
17 122 229 237 468
183 35 423 132 96
425 428 37 251 316
99 195 295 419 240
397 346 108 308 265
402 4 54 218 19
203 280 472 107 87
241 192 256 131 55
81 206 473 430 208
412 304 365 258 447
173 92 355 480 384
375 403 386 329 281
445 301 449 305 205
146 236 463 46 230
285 145 356 166 362
452 209 27 244 426
434 482 417 435 266
59 160 129 117 226
470 453 118 245 2
62 73 330 133 140
293 348 15 420 467
443 315 162 269 243
479 273 39 186 124
21 112 130 64 3
210 152 113 134 214
52 102 94 181 321
455 45 466 475 338
114 476 23 263 115
219 291 459 95 79
239 487 436 191 334
197 85 199 75 18
139 246 105 383 207
97 13 51 368 350
303 126 125 318 477
83 177 406 461 399
387 352 253 366 317
28 369 374 416 104
297 490 250 331 373
353 170 389 270 307
311 264 242 391 179
454 302 462 278 156
17 122 229 237 468
183 35 423 132 96
425 428 37 251 316
99 195 295 419 240
397 346 108 308 265
402 4 54 218 19
203 280 472 107 87
241 192 256 131 55
81 206 473 430 208
412 304 365 258 447
173 92 355 480 384
375 403 386 329 281
445 301 449 305 205
146 236 463 46 230
285 145 356 166 362
452 209 27 244 426
434 482 417 435 266
41 396 275 300 319
59 160 129 117 226
470 453 118 245 2
62 73 330 133 140
293 348 15 420 467
443 315 162 269 243
479 273 39 186 124
21 112 130 64 3
210 152 113 134 214
52 102 94 181 321
455 45 466 475 338
114 476 23 263 115
219 291 459 95 79
239 487 436 191 334
197 85 199 75 18
139 246 105 383 207
97 13 51 368 350
303 126 125 318 477
83 177 406 461 399
387 352 253 366 317
28 369 374 416 104
297 490 250 331 373
353 170 389 270 307
311 264 242 391 179
454 302 462 278 156
17 122 229 237 468
183 35 423 132 96
425 428 37 251 316
99 195 295 419 240
397 346 108 308 265
402 4 54 218 19
203 280 472 107 87
241 192 256 131 55
81 206 473 430 208
412 304 365 258 447
173 92 355 480 384
375 403 386 329 281
445 301 449 305 205
146 236 463 46 230
285 145 356 166 362
452 209 27 244 426
434 482 417 435 266
41 396 275 300 319
154 441 363 257 70
59 160 129 117 226
470 453 118 245 2
62 73 330 133 140
293 348 15 420 467
443 315 162 269 243
479 273 39 186 124
21 112 130 64 3
210 152 113 134 214
52 102 94 181 321
455 45 466 475 338
114 476 23 263 115
219 291 459 95 79
239 487 436 191 334
197 85 199 75 18
139 246 105 383 207
97 13 51 368 350
303 126 125 318 477
83 177 406 461 399
387 352 253 366 317
28 369 374 416 104
297 490 250 331 373
353 170 389 270 307
311 264 242 391 179
454 302 462 278 156
17 122 229 237 468
183 35 423 132 96
425 428 37 251 316
99 195 295 419 240
397 346 108 308 265
402 4 54 218 19
203 280 472 107 87
241 192 256 131 55
81 206 473 430 208
412 304 365 258 447
173 92 355 480 384
375 403 386 329 281
445 301 449 305 205
146 236 463 46 230
285 145 356 166 362
452 209 27 244 426
434 482 417 435 266
41 396 275 300 319
154 441 363 257 70
371 290 392 149 98
59 160 129 117 226
470 453 118 245 2
62 73 330 133 140
293 348 15 420 467
443 315 162 269 243
479 273 39 186 124
21 112 130 64 3
210 152 113 134 214
52 102 94 181 321
455 45 466 475 338
114 476 23 263 115
219 291 459 95 79
239 487 436 191 334
197 85 199 75 18
139 246 105 383 207
97 13 51 368 350
303 126 125 318 477
83 177 406 461 399
387 352 253 366 317
28 369 374 416 104
297 490 250 331 373
353 170 389 270 307
311 264 242 391 179
454 302 462 278 156
17 122 229 237 468
183 35 423 132 96
425 428 37 251 316
99 195 295 419 240
397 346 108 308 265
402 4 54 218 19
203 280 472 107 87
241 192 256 131 55
81 206 473 430 208
412 304 365 258 447
173 92 355 480 384
375 403 386 329 281
445 301 449 305 205
146 236 463 46 230
285 145 356 166 362
452 209 27 244 426
434 482 417 435 266
41 396 275 300 319
154 441 363 257 70
371 290 392 149 98
184 80 326 30 136
59 160 129 117 226
470 453 118 245 2
62 73 330 133 140
293 348 15 420 467
443 315 162 269 243
479 273 39 186 124
21 112 130 64 3
210 152 113 134 214
52 102 94 181 321
455 45 466 475 338
114 476 23 263 115
219 291 459 95 79
239 487 436 191 334
197 85 199 75 18
139 246 105 383 207
97 13 51 368 350
303 126 125 318 477
83 177 406 461 399
387 352 253 366 317
28 369 374 416 104
297 490 250 331 373
353 170 389 270 307
311 264 242 391 179
454 302 462 278 156
17 122 229 237 468
183 35 423 132 96
425 428 37 251 316
99 195 295 419 240
397 346 108 308 265
402 4 54 218 19
203 280 472 107 87
241 192 256 131 55
81 206 473 430 208
412 304 365 258 447
173 92 355 480 384
375 403 386 329 281
445 301 449 305 205
146 236 463 46 230
285 145 356 166 362
452 209 27 244 426
434 482 417 435 266
41 396 275 300 319
154 441 363 257 70
371 290 392 149 98
184 80 326 30 136
217 38 339 260 193
59 160 129 117 226
470 453 118 245 2
62 73 330 133 140
293 348 15 420 467
443 315 162 269 243
479 273 39 186 124
21 112 130 64 3
210 152 113 134 214
52 102 94 181 321
455 45 466 475 338
114 476 23 263 115
219 291 459 95 79
239 487 436 191 334
197 85 199 75 18
139 246 105 383 207
97 13 51 368 350
303 126 125 318 477
83 177 406 461 399
387 352 253 366 317
28 369 374 416 104
297 490 250 331 373
353 170 389 270 307
311 264 242 391 179
454 302 462 278 156
17 122 229 237 468
183 35 423 132 96
425 428 37 251 316
99 195 295 419 240
397 346 108 308 265
402 4 54 218 19
203 280 472 107 87
241 192 256 131 55
81 206 473 430 208
412 304 365 258 447
173 92 355 480 384
375 403 386 329 281
445 301 449 305 205
146 236 463 46 230
285 145 356 166 362
452 209 27 244 426
434 482 417 435 266
41 396 275 300 319
154 441 363 257 70
371 290 392 149 98
184 80 326 30 136
217 38 339 260 193
255 223 69 157 424
59 160 129 117 226
470 453 118 245 2
62 73 330 133 140
293 348 15 420 467
443 315 162 269 243
479 273 39 186 124
21 112 130 64 3
210 152 113 134 214
52 102 94 181 321
455 45 466 475 338
114 476 23 263 115
219 291 459 95 79
239 487 436 191 334
197 85 199 75 18
139 246 105 383 207
97 13 51 368 350
303 126 125 318 477
83 177 406 461 399
387 352 253 366 317
28 369 374 416 104
297 490 250 331 373
353 170 389 270 307
311 264 242 391 179
454 302 462 278 156
17 122 229 237 468
183 35 423 132 96
425 428 37 251 316
99 195 295 419 240
397 346 108 308 265
402 4 54 218 19
203 280 472 107 87
241 192 256 131 55
81 206 473 430 208
412 304 365 258 447
173 92 355 480 384
375 403 386 329 281
445 301 449 305 205
146 236 463 46 230
285 145 356 166 362
452 209 27 244 426
434 482 417 435 266
41 396 275 300 319
154 441 363 257 70
371 290 392 149 98
184 80 326 30 136
217 38 339 260 193
255 223 69 157 424
376 29 58 100 213
59 160 129 117 226
470 453 118 245 2
62 73 330 133 140
293 348 15 420 467
443 315 162 269 243
479 273 39 186 124
21 112 130 64 3
210 152 113 134 214
52 102 94 181 321
455 45 466 475 338
114 476 23 263 115
219 291 459 95 79
239 487 436 191 334
197 85 199 75 18
139 246 105 383 207
97 13 51 368 350
303 126 125 318 477
83 177 406 461 399
387 352 253 366 317
28 369 374 416 104
297 490 250 331 373
353 170 389 270 307
311 264 242 391 179
454 302 462 278 156
17 122 229 237 468
183 35 423 132 96
425 428 37 251 316
99 195 295 419 240
397 346 108 308 265
402 4 54 218 19
203 280 472 107 87
241 192 256 131 55
81 206 473 430 208
412 304 365 258 447
173 92 355 480 384
375 403 386 329 281
445 301 449 305 205
146 236 463 46 230
285 145 356 166 362
452 209 27 244 426
434 482 417 435 266
41 396 275 300 319
154 441 363 257 70
371 290 392 149 98
184 80 326 30 136
217 38 339 260 193
255 223 69 157 424
376 29 58 100 213
78 408 483 204 474
59 160 129 117 226
470 453 118 245 2
62 73 330 133 140
293 348 15 420 467
443 315 162 269 243
479 273 39 186 124
21 112 130 64 3
210 152 113 134 214
52 102 94 181 321
455 45 466 475 338
114 476 23 263 115
219 291 459 95 79
239 487 436 191 334
197 85 199 75 18
139 246 105 383 207
97 13 51 368 350
303 126 125 318 477
83 177 406 461 399
387 352 253 366 317
28 369 374 416 104
297 490 250 331 373
353 170 389 270 307
311 264 242 391 179
454 302 462 278 156
17 122 229 237 468
183 35 423 132 96
425 428 37 251 316
99 195 295 419 240
397 346 108 308 265
402 4 54 218 19
203 280 472 107 87
241 192 256 131 55
81 206 473 430 208
412 304 365 258 447
173 92 355 480 384
375 403 386 329 281
445 301 449 305 205
146 236 463 46 230
285 145 356 166 362
452 209 27 244 426
434 482 417 435 266
41 396 275 300 319
154 441 363 257 70
371 290 392 149 98
184 80 326 30 136
217 38 339 260 193
255 223 69 157 424
376 29 58 100 213
78 408 483 204 474
127 289 457 431 44
