379 32 0 369 275
473 294 331 279 70
172 383 346 164 251
59 212 259 409 436
205 4 15 443 316
36 216 498 494 413
178 269 469 102 419
86 386 84 433 88
340 344 393 229 90
209 43 333 223 128
40 445 127 310 151
371 260 387 361 135
368 483 28 176 337
388 239 107 152 137
219 291 232 156 270
320 41 155 104 418
488 159 39 236 56
305 325 375 315 470
363 108 481 33 287
96 458 54 189 284
281 404 499 126 348
367 262 95 330 338
466 158 355 98 303
217 415 147 267 11
289 25 130 64 30
200 203 47 380 240
184 449 53 254 68
45 83 351 51 79
171 312 221 75 227
132 10 329 6 321
248 179 245 311 360
143 231 283 435 352
23 282 16 407 111
261 218 490 444 257
358 428 187 224 298
192 167 162 339 384
452 390 306 141 307
405 230 72 468 373
177 31 286 263 63
144 65 85 37 211
476 188 13 401 268
350 277 77 173 370
237 199 482 309 93
202 81 119 462 183
451 120 9 400 376
460 29 18 327 207
389 425 89 253 213
197 381 109 446 276
194 163 60 134 271
292 332 225 153 113
