355 407 179 181 188
337 316 233 102 358
132 237 385 73 482
250 72 194 43
492 271 154 299
249 357 218 129
472 288 338 418 66
389 286 244 393
49 96 298 217 22
404 220 253 157
155 405 438 219
383 150 23 238
297 175 451 468 315
290 400 9 379 93
448 81 200
278 13 285 38
354 63 362
420 263 68 59
189 413 128
209 317 76
11 127 185
144 377 319
160 380 477 131
199 228 113
135 225 246
121 442 143
434 346 192
54 441 381
216 87 44
172 17 25
35 183 203
313 395 487
210 109
235 429
171 82
198 430
479 360
104 39
148 289
423 421
139 177
232 204
387 335
56 195
