21 44 162 139 152
34 134 17 140 126
302 12 62 98 6
108 119 67 269 117
5 457 116 1 125
355 9 114 60 10
54 26 200 14 124
428 58 50 158 13
337 7 25 63 3
311 70 49 81 27
347 29 115 101 145
363 153 141 110 133
482 93 66 159 151
35 86 484 24 32
452 112 56 91 39
301 96 109 100 160
361 2 46 18 30
75 329 129 48 19
358 120 154 72 53
203 132 45 95 157
224 97 107 77 103
473 118 136 440 165
130 404 123 305 135
406 106 196 15 74
181 144 242 105 147
22 0 256 78 202
491 84 342 111 28
243 164 61 69 338
99 293 113 128 239
362 346 148 40 92
475 248 121 51 59
142 90 352 364 418
321 161 174 456 102
481 87 229 432 150
373 68 167 94 260
228 43 434 88 286
201 493 65 333 20
376 131 485 436 71
190 487 354 79 80
183 188 104 272 89
31 316 23 169 175
479 38 398 127 235
483 143 255 4 238
495 37 204 377 8
455 177 426 331 146
429 273 64 265 205
453 413 194 195 73
318 313 307 138 253
216 223 394 11 252
454 137 166 263 192
