214 235 56 114 276
214 235 56 114 276
209 358 32 237 318
214 235 56 114 276
209 358 32 237 318
340 89 359 238 203
214 235 56 114 276
209 358 32 237 318
340 89 359 238 203
269 360 184 64 188
214 235 56 114 276
209 358 32 237 318
340 89 359 238 203
269 360 184 64 188
80 138 406 470 468
214 235 56 114 276
209 358 32 237 318
340 89 359 238 203
269 360 184 64 188
80 138 406 470 468
287 174 236 385 250
214 235 56 114 276
209 358 32 237 318
340 89 359 238 203
269 360 184 64 188
80 138 406 470 468
287 174 236 385 250
435 26 4 267 207
214 235 56 114 276
209 358 32 237 318
340 89 359 238 203
269 360 184 64 188
80 138 406 470 468
287 174 236 385 250
435 26 4 267 207
153 74 71 119 400
214 235 56 114 276
209 358 32 237 318
340 89 359 238 203
269 360 184 64 188
80 138 406 470 468
287 174 236 385 250
435 26 4 267 207
153 74 71 119 400
76 176 433 25 112
214 235 56 114 276
209 358 32 237 318
340 89 359 238 203
269 360 184 64 188
80 138 406 470 468
287 174 236 385 250
435 26 4 267 207
153 74 71 119 400
76 176 433 25 112
68 497 279 159 413
214 235 56 114 276
209 358 32 237 318
340 89 359 238 203
269 360 184 64 188
80 138 406 470 468
287 174 236 385 250
435 26 4 267 207
153 74 71 119 400
76 176 433 25 112
68 497 279 159 413
434 418 335 91 252
214 235 56 114 276
209 358 32 237 318
340 89 359 238 203
269 360 184 64 188
80 138 406 470 468
287 174 236 385 250
435 26 4 267 207
153 74 71 119 400
76 176 433 25 112
68 497 279 159 413
434 418 335 91 252
86 498 316 100 350
214 235 56 114 276
209 358 32 237 318
340 89 359 238 203
269 360 184 64 188
80 138 406 470 468
287 174 236 385 250
435 26 4 267 207
153 74 71 119 400
76 176 433 25 112
68 497 279 159 413
434 418 335 91 252
86 498 316 100 350
124 2 390 427 478
214 235 56 114 276
209 358 32 237 318
340 89 359 238 203
269 360 184 64 188
80 138 406 470 468
287 174 236 385 250
435 26 4 267 207
153 74 71 119 400
76 176 433 25 112
68 497 279 159 413
434 418 335 91 252
86 498 316 100 350
124 2 390 427 478
40 425 260 262 24
214 235 56 114 276
209 358 32 237 318
340 89 359 238 203
269 360 184 64 188
80 138 406 470 468
287 174 236 385 250
435 26 4 267 207
153 74 71 119 400
76 176 433 25 112
68 497 279 159 413
434 418 335 91 252
86 498 316 100 350
124 2 390 427 478
40 425 260 262 24
117 163 391 424 6
214 235 56 114 276
209 358 32 237 318
340 89 359 238 203
269 360 184 64 188
80 138 406 470 468
287 174 236 385 250
435 26 4 267 207
153 74 71 119 400
76 176 433 25 112
68 497 279 159 413
434 418 335 91 252
86 498 316 100 350
124 2 390 427 478
40 425 260 262 24
117 163 391 424 6
246 45 172 467 407
214 235 56 114 276
209 358 32 237 318
340 89 359 238 203
269 360 184 64 188
80 138 406 470 468
287 174 236 385 250
435 26 4 267 207
153 74 71 119 400
76 176 433 25 112
68 497 279 159 413
434 418 335 91 252
86 498 316 100 350
124 2 390 427 478
40 425 260 262 24
117 163 391 424 6
246 45 172 467 407
268 73 374 264 196
214 235 56 114 276
209 358 32 237 318
340 89 359 238 203
269 360 184 64 188
80 138 406 470 468
287 174 236 385 250
435 26 4 267 207
153 74 71 119 400
76 176 433 25 112
68 497 279 159 413
434 418 335 91 252
86 498 316 100 350
124 2 390 427 478
40 425 260 262 24
117 163 391 424 6
246 45 172 467 407
268 73 374 264 196
204 490 72 5 437
214 235 56 114 276
209 358 32 237 318
340 89 359 238 203
269 360 184 64 188
80 138 406 470 468
287 174 236 385 250
435 26 4 267 207
153 74 71 119 400
76 176 433 25 112
68 497 279 159 413
434 418 335 91 252
86 498 316 100 350
124 2 390 427 478
40 425 260 262 24
117 163 391 424 6
246 45 172 467 407
268 73 374 264 196
204 490 72 5 437
488 165 67 354 35
214 235 56 114 276
209 358 32 237 318
340 89 359 238 203
269 360 184 64 188
80 138 406 470 468
287 174 236 385 250
435 26 4 267 207
153 74 71 119 400
76 176 433 25 112
68 497 279 159 413
434 418 335 91 252
86 498 316 100 350
124 2 390 427 478
40 425 260 262 24
117 163 391 424 6
246 45 172 467 407
268 73 374 264 196
204 490 72 5 437
488 165 67 354 35
197 171 366 193 15
214 235 56 114 276
209 358 32 237 318
340 89 359 238 203
269 360 184 64 188
80 138 406 470 468
287 174 236 385 250
435 26 4 267 207
153 74 71 119 400
76 176 433 25 112
68 497 279 159 413
434 418 335 91 252
86 498 316 100 350
124 2 390 427 478
40 425 260 262 24
117 163 391 424 6
246 45 172 467 407
268 73 374 264 196
204 490 72 5 437
488 165 67 354 35
197 171 366 193 15
330 380 448 59 492
214 235 56 114 276
209 358 32 237 318
340 89 359 238 203
269 360 184 64 188
80 138 406 470 468
287 174 236 385 250
435 26 4 267 207
153 74 71 119 400
76 176 433 25 112
68 497 279 159 413
434 418 335 91 252
86 498 316 100 350
124 2 390 427 478
40 425 260 262 24
117 163 391 424 6
246 45 172 467 407
268 73 374 264 196
204 490 72 5 437
488 165 67 354 35
197 171 366 193 15
330 380 448 59 492
154 52 411 314 338
214 235 56 114 276
209 358 32 237 318
340 89 359 238 203
269 360 184 64 188
80 138 406 470 468
287 174 236 385 250
435 26 4 267 207
153 74 71 119 400
76 176 433 25 112
68 497 279 159 413
434 418 335 91 252
86 498 316 100 350
124 2 390 427 478
40 425 260 262 24
117 163 391 424 6
246 45 172 467 407
268 73 374 264 196
204 490 72 5 437
488 165 67 354 35
197 171 366 193 15
330 380 448 59 492
154 52 411 314 338
370 247 101 265 288
214 235 56 114 276
209 358 32 237 318
340 89 359 238 203
269 360 184 64 188
80 138 406 470 468
287 174 236 385 250
435 26 4 267 207
153 74 71 119 400
76 176 433 25 112
68 497 279 159 413
434 418 335 91 252
86 498 316 100 350
124 2 390 427 478
40 425 260 262 24
117 163 391 424 6
246 45 172 467 407
268 73 374 264 196
204 490 72 5 437
488 165 67 354 35
197 171 366 193 15
330 380 448 59 492
154 52 411 314 338
370 247 101 265 288
95 348 127 44 220
214 235 56 114 276
209 358 32 237 318
340 89 359 238 203
269 360 184 64 188
80 138 406 470 468
287 174 236 385 250
435 26 4 267 207
153 74 71 119 400
76 176 433 25 112
68 497 279 159 413
434 418 335 91 252
86 498 316 100 350
124 2 390 427 478
40 425 260 262 24
117 163 391 424 6
246 45 172 467 407
268 73 374 264 196
204 490 72 5 437
488 165 67 354 35
197 171 366 193 15
330 380 448 59 492
154 52 411 314 338
370 247 101 265 288
95 348 127 44 220
429 234 241 128 430
214 235 56 114 276
209 358 32 237 318
340 89 359 238 203
269 360 184 64 188
80 138 406 470 468
287 174 236 385 250
435 26 4 267 207
153 74 71 119 400
76 176 433 25 112
68 497 279 159 413
434 418 335 91 252
86 498 316 100 350
124 2 390 427 478
40 425 260 262 24
117 163 391 424 6
246 45 172 467 407
268 73 374 264 196
204 490 72 5 437
488 165 67 354 35
197 171 366 193 15
330 380 448 59 492
154 52 411 314 338
370 247 101 265 288
95 348 127 44 220
429 234 241 128 430
36 224 90 66 397
214 235 56 114 276
209 358 32 237 318
340 89 359 238 203
269 360 184 64 188
80 138 406 470 468
287 174 236 385 250
435 26 4 267 207
153 74 71 119 400
76 176 433 25 112
68 497 279 159 413
434 418 335 91 252
86 498 316 100 350
124 2 390 427 478
40 425 260 262 24
117 163 391 424 6
246 45 172 467 407
268 73 374 264 196
204 490 72 5 437
488 165 67 354 35
197 171 366 193 15
330 380 448 59 492
154 52 411 314 338
370 247 101 265 288
95 348 127 44 220
429 234 241 128 430
36 224 90 66 397
256 292 343 371 41
214 235 56 114 276
209 358 32 237 318
340 89 359 238 203
269 360 184 64 188
80 138 406 470 468
287 174 236 385 250
435 26 4 267 207
153 74 71 119 400
76 176 433 25 112
68 497 279 159 413
434 418 335 91 252
86 498 316 100 350
124 2 390 427 478
40 425 260 262 24
117 163 391 424 6
246 45 172 467 407
268 73 374 264 196
204 490 72 5 437
488 165 67 354 35
197 171 366 193 15
330 380 448 59 492
154 52 411 314 338
370 247 101 265 288
95 348 127 44 220
429 234 241 128 430
36 224 90 66 397
256 292 343 371 41
21 123 161 218 158
214 235 56 114 276
209 358 32 237 318
340 89 359 238 203
269 360 184 64 188
80 138 406 470 468
287 174 236 385 250
435 26 4 267 207
153 74 71 119 400
76 176 433 25 112
68 497 279 159 413
434 418 335 91 252
86 498 316 100 350
124 2 390 427 478
40 425 260 262 24
117 163 391 424 6
246 45 172 467 407
268 73 374 264 196
204 490 72 5 437
488 165 67 354 35
197 171 366 193 15
330 380 448 59 492
154 52 411 314 338
370 247 101 265 288
95 348 127 44 220
429 234 241 128 430
36 224 90 66 397
256 292 343 371 41
21 123 161 218 158
420 62 93 473 325
214 235 56 114 276
209 358 32 237 318
340 89 359 238 203
269 360 184 64 188
80 138 406 470 468
287 174 236 385 250
435 26 4 267 207
153 74 71 119 400
76 176 433 25 112
68 497 279 159 413
434 418 335 91 252
86 498 316 100 350
124 2 390 427 478
40 425 260 262 24
117 163 391 424 6
246 45 172 467 407
268 73 374 264 196
204 490 72 5 437
488 165 67 354 35
197 171 366 193 15
330 380 448 59 492
154 52 411 314 338
370 247 101 265 288
95 348 127 44 220
429 234 241 128 430
36 224 90 66 397
256 292 343 371 41
21 123 161 218 158
420 62 93 473 325
108 410 248 168 231
214 235 56 114 276
209 358 32 237 318
340 89 359 238 203
269 360 184 64 188
80 138 406 470 468
287 174 236 385 250
435 26 4 267 207
153 74 71 119 400
76 176 433 25 112
68 497 279 159 413
434 418 335 91 252
86 498 316 100 350
124 2 390 427 478
40 425 260 262 24
117 163 391 424 6
246 45 172 467 407
268 73 374 264 196
204 490 72 5 437
488 165 67 354 35
197 171 366 193 15
330 380 448 59 492
154 52 411 314 338
370 247 101 265 288
95 348 127 44 220
429 234 241 128 430
36 224 90 66 397
256 292 343 371 41
21 123 161 218 158
420 62 93 473 325
108 410 248 168 231
499 458 141 266 442
214 235 56 114 276
209 358 32 237 318
340 89 359 238 203
269 360 184 64 188
80 138 406 470 468
287 174 236 385 250
435 26 4 267 207
153 74 71 119 400
76 176 433 25 112
68 497 279 159 413
434 418 335 91 252
86 498 316 100 350
124 2 390 427 478
40 425 260 262 24
117 163 391 424 6
246 45 172 467 407
268 73 374 264 196
204 490 72 5 437
488 165 67 354 35
197 171 366 193 15
330 380 448 59 492
154 52 411 314 338
370 247 101 265 288
95 348 127 44 220
429 234 241 128 430
36 224 90 66 397
256 292 343 371 41
21 123 161 218 158
420 62 93 473 325
108 410 248 168 231
499 458 141 266 442
489 233 297 244 198
214 235 56 114 276
209 358 32 237 318
340 89 359 238 203
269 360 184 64 188
80 138 406 470 468
287 174 236 385 250
435 26 4 267 207
153 74 71 119 400
76 176 433 25 112
68 497 279 159 413
434 418 335 91 252
86 498 316 100 350
124 2 390 427 478
40 425 260 262 24
117 163 391 424 6
246 45 172 467 407
268 73 374 264 196
204 490 72 5 437
488 165 67 354 35
197 171 366 193 15
330 380 448 59 492
154 52 411 314 338
370 247 101 265 288
95 348 127 44 220
429 234 241 128 430
36 224 90 66 397
256 292 343 371 41
21 123 161 218 158
420 62 93 473 325
108 410 248 168 231
499 458 141 266 442
489 233 297 244 198
151 339 351 403 181
214 235 56 114 276
209 358 32 237 318
340 89 359 238 203
269 360 184 64 188
80 138 406 470 468
287 174 236 385 250
435 26 4 267 207
153 74 71 119 400
76 176 433 25 112
68 497 279 159 413
434 418 335 91 252
86 498 316 100 350
124 2 390 427 478
40 425 260 262 24
117 163 391 424 6
246 45 172 467 407
268 73 374 264 196
204 490 72 5 437
488 165 67 354 35
197 171 366 193 15
330 380 448 59 492
154 52 411 314 338
370 247 101 265 288
95 348 127 44 220
429 234 241 128 430
36 224 90 66 397
256 292 343 371 41
21 123 161 218 158
420 62 93 473 325
108 410 248 168 231
499 458 141 266 442
489 233 297 244 198
151 339 351 403 181
10 0 272 191 302
214 235 56 114 276
209 358 32 237 318
340 89 359 238 203
269 360 184 64 188
80 138 406 470 468
287 174 236 385 250
435 26 4 267 207
153 74 71 119 400
76 176 433 25 112
68 497 279 159 413
434 418 335 91 252
86 498 316 100 350
124 2 390 427 478
40 425 260 262 24
117 163 391 424 6
246 45 172 467 407
268 73 374 264 196
204 490 72 5 437
488 165 67 354 35
197 171 366 193 15
330 380 448 59 492
154 52 411 314 338
370 247 101 265 288
95 348 127 44 220
429 234 241 128 430
36 224 90 66 397
256 292 343 371 41
21 123 161 218 158
420 62 93 473 325
108 410 248 168 231
499 458 141 266 442
489 233 297 244 198
151 339 351 403 181
10 0 272 191 302
239 296 81 43 170
214 235 56 114 276
209 358 32 237 318
340 89 359 238 203
269 360 184 64 188
80 138 406 470 468
287 174 236 385 250
435 26 4 267 207
153 74 71 119 400
76 176 433 25 112
68 497 279 159 413
434 418 335 91 252
86 498 316 100 350
124 2 390 427 478
40 425 260 262 24
117 163 391 424 6
246 45 172 467 407
268 73 374 264 196
204 490 72 5 437
488 165 67 354 35
197 171 366 193 15
330 380 448 59 492
154 52 411 314 338
370 247 101 265 288
95 348 127 44 220
429 234 241 128 430
36 224 90 66 397
256 292 343 371 41
21 123 161 218 158
420 62 93 473 325
108 410 248 168 231
499 458 141 266 442
489 233 297 244 198
151 339 351 403 181
10 0 272 191 302
239 296 81 43 170
443 77 54 79 364
214 235 56 114 276
209 358 32 237 318
340 89 359 238 203
269 360 184 64 188
80 138 406 470 468
287 174 236 385 250
435 26 4 267 207
153 74 71 119 400
76 176 433 25 112
68 497 279 159 413
434 418 335 91 252
86 498 316 100 350
124 2 390 427 478
40 425 260 262 24
117 163 391 424 6
246 45 172 467 407
268 73 374 264 196
204 490 72 5 437
488 165 67 354 35
197 171 366 193 15
330 380 448 59 492
154 52 411 314 338
370 247 101 265 288
95 348 127 44 220
429 234 241 128 430
36 224 90 66 397
256 292 343 371 41
21 123 161 218 158
420 62 93 473 325
108 410 248 168 231
499 458 141 266 442
489 233 297 244 198
151 339 351 403 181
10 0 272 191 302
239 296 81 43 170
443 77 54 79 364
398 213 328 303 493
214 235 56 114 276
209 358 32 237 318
340 89 359 238 203
269 360 184 64 188
80 138 406 470 468
287 174 236 385 250
435 26 4 267 207
153 74 71 119 400
76 176 433 25 112
68 497 279 159 413
434 418 335 91 252
86 498 316 100 350
124 2 390 427 478
40 425 260 262 24
117 163 391 424 6
246 45 172 467 407
268 73 374 264 196
204 490 72 5 437
488 165 67 354 35
197 171 366 193 15
330 380 448 59 492
154 52 411 314 338
370 247 101 265 288
95 348 127 44 220
429 234 241 128 430
36 224 90 66 397
256 292 343 371 41
21 123 161 218 158
420 62 93 473 325
108 410 248 168 231
499 458 141 266 442
489 233 297 244 198
151 339 351 403 181
10 0 272 191 302
239 296 81 43 170
443 77 54 79 364
398 213 328 303 493
243 182 372 130 111
214 235 56 114 276
209 358 32 237 318
340 89 359 238 203
269 360 184 64 188
80 138 406 470 468
287 174 236 385 250
435 26 4 267 207
153 74 71 119 400
76 176 433 25 112
68 497 279 159 413
434 418 335 91 252
86 498 316 100 350
124 2 390 427 478
40 425 260 262 24
117 163 391 424 6
246 45 172 467 407
268 73 374 264 196
204 490 72 5 437
488 165 67 354 35
197 171 366 193 15
330 380 448 59 492
154 52 411 314 338
370 247 101 265 288
95 348 127 44 220
429 234 241 128 430
36 224 90 66 397
256 292 343 371 41
21 123 161 218 158
420 62 93 473 325
108 410 248 168 231
499 458 141 266 442
489 233 297 244 198
151 339 351 403 181
10 0 272 191 302
239 296 81 43 170
443 77 54 79 364
398 213 328 303 493
243 182 372 130 111
452 94 48 202 126
214 235 56 114 276
209 358 32 237 318
340 89 359 238 203
269 360 184 64 188
80 138 406 470 468
287 174 236 385 250
435 26 4 267 207
153 74 71 119 400
76 176 433 25 112
68 497 279 159 413
434 418 335 91 252
86 498 316 100 350
124 2 390 427 478
40 425 260 262 24
117 163 391 424 6
246 45 172 467 407
268 73 374 264 196
204 490 72 5 437
488 165 67 354 35
197 171 366 193 15
330 380 448 59 492
154 52 411 314 338
370 247 101 265 288
95 348 127 44 220
429 234 241 128 430
36 224 90 66 397
256 292 343 371 41
21 123 161 218 158
420 62 93 473 325
108 410 248 168 231
499 458 141 266 442
489 233 297 244 198
151 339 351 403 181
10 0 272 191 302
239 296 81 43 170
443 77 54 79 364
398 213 328 303 493
243 182 372 130 111
452 94 48 202 126
428 278 50 396 22
214 235 56 114 276
209 358 32 237 318
340 89 359 238 203
269 360 184 64 188
80 138 406 470 468
287 174 236 385 250
435 26 4 267 207
153 74 71 119 400
76 176 433 25 112
68 497 279 159 413
434 418 335 91 252
86 498 316 100 350
124 2 390 427 478
40 425 260 262 24
117 163 391 424 6
246 45 172 467 407
268 73 374 264 196
204 490 72 5 437
488 165 67 354 35
197 171 366 193 15
330 380 448 59 492
154 52 411 314 338
370 247 101 265 288
95 348 127 44 220
429 234 241 128 430
36 224 90 66 397
256 292 343 371 41
21 123 161 218 158
420 62 93 473 325
108 410 248 168 231
499 458 141 266 442
489 233 297 244 198
151 339 351 403 181
10 0 272 191 302
239 296 81 43 170
443 77 54 79 364
398 213 328 303 493
243 182 372 130 111
452 94 48 202 126
428 278 50 396 22
17 144 242 49 160
214 235 56 114 276
209 358 32 237 318
340 89 359 238 203
269 360 184 64 188
80 138 406 470 468
287 174 236 385 250
435 26 4 267 207
153 74 71 119 400
76 176 433 25 112
68 497 279 159 413
434 418 335 91 252
86 498 316 100 350
124 2 390 427 478
40 425 260 262 24
117 163 391 424 6
246 45 172 467 407
268 73 374 264 196
204 490 72 5 437
488 165 67 354 35
197 171 366 193 15
330 380 448 59 492
154 52 411 314 338
370 247 101 265 288
95 348 127 44 220
429 234 241 128 430
36 224 90 66 397
256 292 343 371 41
21 123 161 218 158
420 62 93 473 325
108 410 248 168 231
499 458 141 266 442
489 233 297 244 198
151 339 351 403 181
10 0 272 191 302
239 296 81 43 170
443 77 54 79 364
398 213 328 303 493
243 182 372 130 111
452 94 48 202 126
428 278 50 396 22
17 144 242 49 160
65 308 383 42 192
214 235 56 114 276
209 358 32 237 318
340 89 359 238 203
269 360 184 64 188
80 138 406 470 468
287 174 236 385 250
435 26 4 267 207
153 74 71 119 400
76 176 433 25 112
68 497 279 159 413
434 418 335 91 252
86 498 316 100 350
124 2 390 427 478
40 425 260 262 24
117 163 391 424 6
246 45 172 467 407
268 73 374 264 196
204 490 72 5 437
488 165 67 354 35
197 171 366 193 15
330 380 448 59 492
154 52 411 314 338
370 247 101 265 288
95 348 127 44 220
429 234 241 128 430
36 224 90 66 397
256 292 343 371 41
21 123 161 218 158
420 62 93 473 325
108 410 248 168 231
499 458 141 266 442
489 233 297 244 198
151 339 351 403 181
10 0 272 191 302
239 296 81 43 170
443 77 54 79 364
398 213 328 303 493
243 182 372 130 111
452 94 48 202 126
428 278 50 396 22
17 144 242 49 160
65 308 383 42 192
27 440 309 109 412
214 235 56 114 276
209 358 32 237 318
340 89 359 238 203
269 360 184 64 188
80 138 406 470 468
287 174 236 385 250
435 26 4 267 207
153 74 71 119 400
76 176 433 25 112
68 497 279 159 413
434 418 335 91 252
86 498 316 100 350
124 2 390 427 478
40 425 260 262 24
117 163 391 424 6
246 45 172 467 407
268 73 374 264 196
204 490 72 5 437
488 165 67 354 35
197 171 366 193 15
330 380 448 59 492
154 52 411 314 338
370 247 101 265 288
95 348 127 44 220
429 234 241 128 430
36 224 90 66 397
256 292 343 371 41
21 123 161 218 158
420 62 93 473 325
108 410 248 168 231
499 458 141 266 442
489 233 297 244 198
151 339 351 403 181
10 0 272 191 302
239 296 81 43 170
443 77 54 79 364
398 213 328 303 493
243 182 372 130 111
452 94 48 202 126
428 278 50 396 22
17 144 242 49 160
65 308 383 42 192
27 440 309 109 412
439 122 51 323 317
214 235 56 114 276
209 358 32 237 318
340 89 359 238 203
269 360 184 64 188
80 138 406 470 468
287 174 236 385 250
435 26 4 267 207
153 74 71 119 400
76 176 433 25 112
68 497 279 159 413
434 418 335 91 252
86 498 316 100 350
124 2 390 427 478
40 425 260 262 24
117 163 391 424 6
246 45 172 467 407
268 73 374 264 196
204 490 72 5 437
488 165 67 354 35
197 171 366 193 15
330 380 448 59 492
154 52 411 314 338
370 247 101 265 288
95 348 127 44 220
429 234 241 128 430
36 224 90 66 397
256 292 343 371 41
21 123 161 218 158
420 62 93 473 325
108 410 248 168 231
499 458 141 266 442
489 233 297 244 198
151 339 351 403 181
10 0 272 191 302
239 296 81 43 170
443 77 54 79 364
398 213 328 303 493
243 182 372 130 111
452 94 48 202 126
428 278 50 396 22
17 144 242 49 160
65 308 383 42 192
27 440 309 109 412
439 122 51 323 317
212 211 481 31 486
214 235 56 114 276
209 358 32 237 318
340 89 359 238 203
269 360 184 64 188
80 138 406 470 468
287 174 236 385 250
435 26 4 267 207
153 74 71 119 400
76 176 433 25 112
68 497 279 159 413
434 418 335 91 252
86 498 316 100 350
124 2 390 427 478
40 425 260 262 24
117 163 391 424 6
246 45 172 467 407
268 73 374 264 196
204 490 72 5 437
488 165 67 354 35
197 171 366 193 15
330 380 448 59 492
154 52 411 314 338
370 247 101 265 288
95 348 127 44 220
429 234 241 128 430
36 224 90 66 397
256 292 343 371 41
21 123 161 218 158
420 62 93 473 325
108 410 248 168 231
499 458 141 266 442
489 233 297 244 198
151 339 351 403 181
10 0 272 191 302
239 296 81 43 170
443 77 54 79 364
398 213 328 303 493
243 182 372 130 111
452 94 48 202 126
428 278 50 396 22
17 144 242 49 160
65 308 383 42 192
27 440 309 109 412
439 122 51 323 317
212 211 481 31 486
475 149 175 263 479
214 235 56 114 276
209 358 32 237 318
340 89 359 238 203
269 360 184 64 188
80 138 406 470 468
287 174 236 385 250
435 26 4 267 207
153 74 71 119 400
76 176 433 25 112
68 497 279 159 413
434 418 335 91 252
86 498 316 100 350
124 2 390 427 478
40 425 260 262 24
117 163 391 424 6
246 45 172 467 407
268 73 374 264 196
204 490 72 5 437
488 165 67 354 35
197 171 366 193 15
330 380 448 59 492
154 52 411 314 338
370 247 101 265 288
95 348 127 44 220
429 234 241 128 430
36 224 90 66 397
256 292 343 371 41
21 123 161 218 158
420 62 93 473 325
108 410 248 168 231
499 458 141 266 442
489 233 297 244 198
151 339 351 403 181
10 0 272 191 302
239 296 81 43 170
443 77 54 79 364
398 213 328 303 493
243 182 372 130 111
452 94 48 202 126
428 278 50 396 22
17 144 242 49 160
65 308 383 42 192
27 440 309 109 412
439 122 51 323 317
212 211 481 31 486
475 149 175 263 479
273 223 259 201 401
214 235 56 114 276
209 358 32 237 318
340 89 359 238 203
269 360 184 64 188
80 138 406 470 468
287 174 236 385 250
435 26 4 267 207
153 74 71 119 400
76 176 433 25 112
68 497 279 159 413
434 418 335 91 252
86 498 316 100 350
124 2 390 427 478
40 425 260 262 24
117 163 391 424 6
246 45 172 467 407
268 73 374 264 196
204 490 72 5 437
488 165 67 354 35
197 171 366 193 15
330 380 448 59 492
154 52 411 314 338
370 247 101 265 288
95 348 127 44 220
429 234 241 128 430
36 224 90 66 397
256 292 343 371 41
21 123 161 218 158
420 62 93 473 325
108 410 248 168 231
499 458 141 266 442
489 233 297 244 198
151 339 351 403 181
10 0 272 191 302
239 296 81 43 170
443 77 54 79 364
398 213 328 303 493
243 182 372 130 111
452 94 48 202 126
428 278 50 396 22
17 144 242 49 160
65 308 383 42 192
27 440 309 109 412
439 122 51 323 317
212 211 481 31 486
475 149 175 263 479
273 223 259 201 401
392 30 446 133 414
214 235 56 114 276
209 358 32 237 318
340 89 359 238 203
269 360 184 64 188
80 138 406 470 468
287 174 236 385 250
435 26 4 267 207
153 74 71 119 400
76 176 433 25 112
68 497 279 159 413
434 418 335 91 252
86 498 316 100 350
124 2 390 427 478
40 425 260 262 24
117 163 391 424 6
246 45 172 467 407
268 73 374 264 196
204 490 72 5 437
488 165 67 354 35
197 171 366 193 15
330 380 448 59 492
154 52 411 314 338
370 247 101 265 288
95 348 127 44 220
429 234 241 128 430
36 224 90 66 397
256 292 343 371 41
21 123 161 218 158
420 62 93 473 325
108 410 248 168 231
499 458 141 266 442
489 233 297 244 198
151 339 351 403 181
10 0 272 191 302
239 296 81 43 170
443 77 54 79 364
398 213 328 303 493
243 182 372 130 111
452 94 48 202 126
428 278 50 396 22
17 144 242 49 160
65 308 383 42 192
27 440 309 109 412
439 122 51 323 317
212 211 481 31 486
475 149 175 263 479
273 223 259 201 401
392 30 446 133 414
217 445 121 7 156
214 235 56 114 276
209 358 32 237 318
340 89 359 238 203
269 360 184 64 188
80 138 406 470 468
287 174 236 385 250
435 26 4 267 207
153 74 71 119 400
76 176 433 25 112
68 497 279 159 413
434 418 335 91 252
86 498 316 100 350
124 2 390 427 478
40 425 260 262 24
117 163 391 424 6
246 45 172 467 407
268 73 374 264 196
204 490 72 5 437
488 165 67 354 35
197 171 366 193 15
330 380 448 59 492
154 52 411 314 338
370 247 101 265 288
95 348 127 44 220
429 234 241 128 430
36 224 90 66 397
256 292 343 371 41
21 123 161 218 158
420 62 93 473 325
108 410 248 168 231
499 458 141 266 442
489 233 297 244 198
151 339 351 403 181
10 0 272 191 302
239 296 81 43 170
443 77 54 79 364
398 213 328 303 493
243 182 372 130 111
452 94 48 202 126
428 278 50 396 22
17 144 242 49 160
65 308 383 42 192
27 440 309 109 412
439 122 51 323 317
212 211 481 31 486
475 149 175 263 479
273 223 259 201 401
392 30 446 133 414
217 445 121 7 156
432 474 216 462 92
