357 74 315 62 209
357 74 315 62 209
72 453 139 103 331
357 74 315 62 209
72 453 139 103 331
173 216 246 284 445
357 74 315 62 209
72 453 139 103 331
173 216 246 284 445
31 466 217 243 398
357 74 315 62 209
72 453 139 103 331
173 216 246 284 445
31 466 217 243 398
263 104 386 5 324
357 74 315 62 209
72 453 139 103 331
173 216 246 284 445
31 466 217 243 398
263 104 386 5 324
369 311 290 379 259
357 74 315 62 209
72 453 139 103 331
173 216 246 284 445
31 466 217 243 398
263 104 386 5 324
369 311 290 379 259
160 333 151 410 392
357 74 315 62 209
72 453 139 103 331
173 216 246 284 445
31 466 217 243 398
263 104 386 5 324
369 311 290 379 259
160 333 151 410 392
274 142 446 152 489
357 74 315 62 209
72 453 139 103 331
173 216 246 284 445
31 466 217 243 398
263 104 386 5 324
369 311 290 379 259
160 333 151 410 392
274 142 446 152 489
17 227 172 177 138
357 74 315 62 209
72 453 139 103 331
173 216 246 284 445
31 466 217 243 398
263 104 386 5 324
369 311 290 379 259
160 333 151 410 392
274 142 446 152 489
17 227 172 177 138
14 9 202 282 124
357 74 315 62 209
72 453 139 103 331
173 216 246 284 445
31 466 217 243 398
263 104 386 5 324
369 311 290 379 259
160 333 151 410 392
274 142 446 152 489
17 227 172 177 138
14 9 202 282 124
476 83 488 339 56
357 74 315 62 209
72 453 139 103 331
173 216 246 284 445
31 466 217 243 398
263 104 386 5 324
369 311 290 379 259
160 333 151 410 392
274 142 446 152 489
17 227 172 177 138
14 9 202 282 124
476 83 488 339 56
380 303 215 253 362
357 74 315 62 209
72 453 139 103 331
173 216 246 284 445
31 466 217 243 398
263 104 386 5 324
369 311 290 379 259
160 333 151 410 392
274 142 446 152 489
17 227 172 177 138
14 9 202 282 124
476 83 488 339 56
380 303 215 253 362
165 92 399 373 420
357 74 315 62 209
72 453 139 103 331
173 216 246 284 445
31 466 217 243 398
263 104 386 5 324
369 311 290 379 259
160 333 151 410 392
274 142 446 152 489
17 227 172 177 138
14 9 202 282 124
476 83 488 339 56
380 303 215 253 362
165 92 399 373 420
458 293 171 235 323
357 74 315 62 209
72 453 139 103 331
173 216 246 284 445
31 466 217 243 398
263 104 386 5 324
369 311 290 379 259
160 333 151 410 392
274 142 446 152 489
17 227 172 177 138
14 9 202 282 124
476 83 488 339 56
380 303 215 253 362
165 92 399 373 420
458 293 171 235 323
167 268 34 277 192
357 74 315 62 209
72 453 139 103 331
173 216 246 284 445
31 466 217 243 398
263 104 386 5 324
369 311 290 379 259
160 333 151 410 392
274 142 446 152 489
17 227 172 177 138
14 9 202 282 124
476 83 488 339 56
380 303 215 253 362
165 92 399 373 420
458 293 171 235 323
167 268 34 277 192
405 346 254 361 472
357 74 315 62 209
72 453 139 103 331
173 216 246 284 445
31 466 217 243 398
263 104 386 5 324
369 311 290 379 259
160 333 151 410 392
274 142 446 152 489
17 227 172 177 138
14 9 202 282 124
476 83 488 339 56
380 303 215 253 362
165 92 399 373 420
458 293 171 235 323
167 268 34 277 192
405 346 254 361 472
181 244 220 318 366
357 74 315 62 209
72 453 139 103 331
173 216 246 284 445
31 466 217 243 398
263 104 386 5 324
369 311 290 379 259
160 333 151 410 392
274 142 446 152 489
17 227 172 177 138
14 9 202 282 124
476 83 488 339 56
380 303 215 253 362
165 92 399 373 420
458 293 171 235 323
167 268 34 277 192
405 346 254 361 472
181 244 220 318 366
164 407 190 127 10
357 74 315 62 209
72 453 139 103 331
173 216 246 284 445
31 466 217 243 398
263 104 386 5 324
369 311 290 379 259
160 333 151 410 392
274 142 446 152 489
17 227 172 177 138
14 9 202 282 124
476 83 488 339 56
380 303 215 253 362
165 92 399 373 420
458 293 171 235 323
167 268 34 277 192
405 346 254 361 472
181 244 220 318 366
164 407 190 127 10
440 22 267 304 32
357 74 315 62 209
72 453 139 103 331
173 216 246 284 445
31 466 217 243 398
263 104 386 5 324
369 311 290 379 259
160 333 151 410 392
274 142 446 152 489
17 227 172 177 138
14 9 202 282 124
476 83 488 339 56
380 303 215 253 362
165 92 399 373 420
458 293 171 235 323
167 268 34 277 192
405 346 254 361 472
181 244 220 318 366
164 407 190 127 10
440 22 267 304 32
382 350 363 54 193
357 74 315 62 209
72 453 139 103 331
173 216 246 284 445
31 466 217 243 398
263 104 386 5 324
369 311 290 379 259
160 333 151 410 392
274 142 446 152 489
17 227 172 177 138
14 9 202 282 124
476 83 488 339 56
380 303 215 253 362
165 92 399 373 420
458 293 171 235 323
167 268 34 277 192
405 346 254 361 472
181 244 220 318 366
164 407 190 127 10
440 22 267 304 32
382 350 363 54 193
228 44 375 149 221
357 74 315 62 209
72 453 139 103 331
173 216 246 284 445
31 466 217 243 398
263 104 386 5 324
369 311 290 379 259
160 333 151 410 392
274 142 446 152 489
17 227 172 177 138
14 9 202 282 124
476 83 488 339 56
380 303 215 253 362
165 92 399 373 420
458 293 171 235 323
167 268 34 277 192
405 346 254 361 472
181 244 220 318 366
164 407 190 127 10
440 22 267 304 32
382 350 363 54 193
228 44 375 149 221
189 336 80 113 122
357 74 315 62 209
72 453 139 103 331
173 216 246 284 445
31 466 217 243 398
263 104 386 5 324
369 311 290 379 259
160 333 151 410 392
274 142 446 152 489
17 227 172 177 138
14 9 202 282 124
476 83 488 339 56
380 303 215 253 362
165 92 399 373 420
458 293 171 235 323
167 268 34 277 192
405 346 254 361 472
181 244 220 318 366
164 407 190 127 10
440 22 267 304 32
382 350 363 54 193
228 44 375 149 221
189 336 80 113 122
483 238 417 495 50
357 74 315 62 209
72 453 139 103 331
173 216 246 284 445
31 466 217 243 398
263 104 386 5 324
369 311 290 379 259
160 333 151 410 392
274 142 446 152 489
17 227 172 177 138
14 9 202 282 124
476 83 488 339 56
380 303 215 253 362
165 92 399 373 420
458 293 171 235 323
167 268 34 277 192
405 346 254 361 472
181 244 220 318 366
164 407 190 127 10
440 22 267 304 32
382 350 363 54 193
228 44 375 149 221
189 336 80 113 122
483 238 417 495 50
400 30 146 218 413
357 74 315 62 209
72 453 139 103 331
173 216 246 284 445
31 466 217 243 398
263 104 386 5 324
369 311 290 379 259
160 333 151 410 392
274 142 446 152 489
17 227 172 177 138
14 9 202 282 124
476 83 488 339 56
380 303 215 253 362
165 92 399 373 420
458 293 171 235 323
167 268 34 277 192
405 346 254 361 472
181 244 220 318 366
164 407 190 127 10
440 22 267 304 32
382 350 363 54 193
228 44 375 149 221
189 336 80 113 122
483 238 417 495 50
400 30 146 218 413
213 90 201 27 474
357 74 315 62 209
72 453 139 103 331
173 216 246 284 445
31 466 217 243 398
263 104 386 5 324
369 311 290 379 259
160 333 151 410 392
274 142 446 152 489
17 227 172 177 138
14 9 202 282 124
476 83 488 339 56
380 303 215 253 362
165 92 399 373 420
458 293 171 235 323
167 268 34 277 192
405 346 254 361 472
181 244 220 318 366
164 407 190 127 10
440 22 267 304 32
382 350 363 54 193
228 44 375 149 221
189 336 80 113 122
483 238 417 495 50
400 30 146 218 413
213 90 201 27 474
493 137 482 26 240
357 74 315 62 209
72 453 139 103 331
173 216 246 284 445
31 466 217 243 398
263 104 386 5 324
369 311 290 379 259
160 333 151 410 392
274 142 446 152 489
17 227 172 177 138
14 9 202 282 124
476 83 488 339 56
380 303 215 253 362
165 92 399 373 420
458 293 171 235 323
167 268 34 277 192
405 346 254 361 472
181 244 220 318 366
164 407 190 127 10
440 22 267 304 32
382 350 363 54 193
228 44 375 149 221
189 336 80 113 122
483 238 417 495 50
400 30 146 218 413
213 90 201 27 474
493 137 482 26 240
456 332 57 49 4
357 74 315 62 209
72 453 139 103 331
173 216 246 284 445
31 466 217 243 398
263 104 386 5 324
369 311 290 379 259
160 333 151 410 392
274 142 446 152 489
17 227 172 177 138
14 9 202 282 124
476 83 488 339 56
380 303 215 253 362
165 92 399 373 420
458 293 171 235 323
167 268 34 277 192
405 346 254 361 472
181 244 220 318 366
164 407 190 127 10
440 22 267 304 32
382 350 363 54 193
228 44 375 149 221
189 336 80 113 122
483 238 417 495 50
400 30 146 218 413
213 90 201 27 474
493 137 482 26 240
456 332 57 49 4
343 308 85 47 206
357 74 315 62 209
72 453 139 103 331
173 216 246 284 445
31 466 217 243 398
263 104 386 5 324
369 311 290 379 259
160 333 151 410 392
274 142 446 152 489
17 227 172 177 138
14 9 202 282 124
476 83 488 339 56
380 303 215 253 362
165 92 399 373 420
458 293 171 235 323
167 268 34 277 192
405 346 254 361 472
181 244 220 318 366
164 407 190 127 10
440 22 267 304 32
382 350 363 54 193
228 44 375 149 221
189 336 80 113 122
483 238 417 495 50
400 30 146 218 413
213 90 201 27 474
493 137 482 26 240
456 332 57 49 4
343 308 85 47 206
81 196 211 406 328
357 74 315 62 209
72 453 139 103 331
173 216 246 284 445
31 466 217 243 398
263 104 386 5 324
369 311 290 379 259
160 333 151 410 392
274 142 446 152 489
17 227 172 177 138
14 9 202 282 124
476 83 488 339 56
380 303 215 253 362
165 92 399 373 420
458 293 171 235 323
167 268 34 277 192
405 346 254 361 472
181 244 220 318 366
164 407 190 127 10
440 22 267 304 32
382 350 363 54 193
228 44 375 149 221
189 336 80 113 122
483 238 417 495 50
400 30 146 218 413
213 90 201 27 474
493 137 482 26 240
456 332 57 49 4
343 308 85 47 206
81 196 211 406 328
273 18 33 423 473
357 74 315 62 209
72 453 139 103 331
173 216 246 284 445
31 466 217 243 398
263 104 386 5 324
369 311 290 379 259
160 333 151 410 392
274 142 446 152 489
17 227 172 177 138
14 9 202 282 124
476 83 488 339 56
380 303 215 253 362
165 92 399 373 420
458 293 171 235 323
167 268 34 277 192
405 346 254 361 472
181 244 220 318 366
164 407 190 127 10
440 22 267 304 32
382 350 363 54 193
228 44 375 149 221
189 336 80 113 122
483 238 417 495 50
400 30 146 218 413
213 90 201 27 474
493 137 482 26 240
456 332 57 49 4
343 308 85 47 206
81 196 211 406 328
273 18 33 423 473
210 2 46 465 285
357 74 315 62 209
72 453 139 103 331
173 216 246 284 445
31 466 217 243 398
263 104 386 5 324
369 311 290 379 259
160 333 151 410 392
274 142 446 152 489
17 227 172 177 138
14 9 202 282 124
476 83 488 339 56
380 303 215 253 362
165 92 399 373 420
458 293 171 235 323
167 268 34 277 192
405 346 254 361 472
181 244 220 318 366
164 407 190 127 10
440 22 267 304 32
382 350 363 54 193
228 44 375 149 221
189 336 80 113 122
483 238 417 495 50
400 30 146 218 413
213 90 201 27 474
493 137 482 26 240
456 332 57 49 4
343 308 85 47 206
81 196 211 406 328
273 18 33 423 473
210 2 46 465 285
118 257 280 135 468
357 74 315 62 209
72 453 139 103 331
173 216 246 284 445
31 466 217 243 398
263 104 386 5 324
369 311 290 379 259
160 333 151 410 392
274 142 446 152 489
17 227 172 177 138
14 9 202 282 124
476 83 488 339 56
380 303 215 253 362
165 92 399 373 420
458 293 171 235 323
167 268 34 277 192
405 346 254 361 472
181 244 220 318 366
164 407 190 127 10
440 22 267 304 32
382 350 363 54 193
228 44 375 149 221
189 336 80 113 122
483 238 417 495 50
400 30 146 218 413
213 90 201 27 474
493 137 482 26 240
456 332 57 49 4
343 308 85 47 206
81 196 211 406 328
273 18 33 423 473
210 2 46 465 285
118 257 280 135 468
388 233 13 182 335
357 74 315 62 209
72 453 139 103 331
173 216 246 284 445
31 466 217 243 398
263 104 386 5 324
369 311 290 379 259
160 333 151 410 392
274 142 446 152 489
17 227 172 177 138
14 9 202 282 124
476 83 488 339 56
380 303 215 253 362
165 92 399 373 420
458 293 171 235 323
167 268 34 277 192
405 346 254 361 472
181 244 220 318 366
164 407 190 127 10
440 22 267 304 32
382 350 363 54 193
228 44 375 149 221
189 336 80 113 122
483 238 417 495 50
400 30 146 218 413
213 90 201 27 474
493 137 482 26 240
456 332 57 49 4
343 308 85 47 206
81 196 211 406 328
273 18 33 423 473
210 2 46 465 285
118 257 280 135 468
388 233 13 182 335
441 144 297 349 421
357 74 315 62 209
72 453 139 103 331
173 216 246 284 445
31 466 217 243 398
263 104 386 5 324
369 311 290 379 259
160 333 151 410 392
274 142 446 152 489
17 227 172 177 138
14 9 202 282 124
476 83 488 339 56
380 303 215 253 362
165 92 399 373 420
458 293 171 235 323
167 268 34 277 192
405 346 254 361 472
181 244 220 318 366
164 407 190 127 10
440 22 267 304 32
382 350 363 54 193
228 44 375 149 221
189 336 80 113 122
483 238 417 495 50
400 30 146 218 413
213 90 201 27 474
493 137 482 26 240
456 332 57 49 4
343 308 85 47 206
81 196 211 406 328
273 18 33 423 473
210 2 46 465 285
118 257 280 135 468
388 233 13 182 335
441 144 297 349 421
411 175 247 442 276
357 74 315 62 209
72 453 139 103 331
173 216 246 284 445
31 466 217 243 398
263 104 386 5 324
369 311 290 379 259
160 333 151 410 392
274 142 446 152 489
17 227 172 177 138
14 9 202 282 124
476 83 488 339 56
380 303 215 253 362
165 92 399 373 420
458 293 171 235 323
167 268 34 277 192
405 346 254 361 472
181 244 220 318 366
164 407 190 127 10
440 22 267 304 32
382 350 363 54 193
228 44 375 149 221
189 336 80 113 122
483 238 417 495 50
400 30 146 218 413
213 90 201 27 474
493 137 482 26 240
456 332 57 49 4
343 308 85 47 206
81 196 211 406 328
273 18 33 423 473
210 2 46 465 285
118 257 280 135 468
388 233 13 182 335
441 144 297 349 421
411 175 247 442 276
330 168 314 131 128
357 74 315 62 209
72 453 139 103 331
173 216 246 284 445
31 466 217 243 398
263 104 386 5 324
369 311 290 379 259
160 333 151 410 392
274 142 446 152 489
17 227 172 177 138
14 9 202 282 124
476 83 488 339 56
380 303 215 253 362
165 92 399 373 420
458 293 171 235 323
167 268 34 277 192
405 346 254 361 472
181 244 220 318 366
164 407 190 127 10
440 22 267 304 32
382 350 363 54 193
228 44 375 149 221
189 336 80 113 122
483 238 417 495 50
400 30 146 218 413
213 90 201 27 474
493 137 482 26 240
456 332 57 49 4
343 308 85 47 206
81 196 211 406 328
273 18 33 423 473
210 2 46 465 285
118 257 280 135 468
388 233 13 182 335
441 144 297 349 421
411 175 247 442 276
330 168 314 131 128
320 166 391 317 43
357 74 315 62 209
72 453 139 103 331
173 216 246 284 445
31 466 217 243 398
263 104 386 5 324
369 311 290 379 259
160 333 151 410 392
274 142 446 152 489
17 227 172 177 138
14 9 202 282 124
476 83 488 339 56
380 303 215 253 362
165 92 399 373 420
458 293 171 235 323
167 268 34 277 192
405 346 254 361 472
181 244 220 318 366
164 407 190 127 10
440 22 267 304 32
382 350 363 54 193
228 44 375 149 221
189 336 80 113 122
483 238 417 495 50
400 30 146 218 413
213 90 201 27 474
493 137 482 26 240
456 332 57 49 4
343 308 85 47 206
81 196 211 406 328
273 18 33 423 473
210 2 46 465 285
118 257 280 135 468
388 233 13 182 335
441 144 297 349 421
411 175 247 442 276
330 168 314 131 128
320 166 391 317 43
159 486 223 58 107
357 74 315 62 209
72 453 139 103 331
173 216 246 284 445
31 466 217 243 398
263 104 386 5 324
369 311 290 379 259
160 333 151 410 392
274 142 446 152 489
17 227 172 177 138
14 9 202 282 124
476 83 488 339 56
380 303 215 253 362
165 92 399 373 420
458 293 171 235 323
167 268 34 277 192
405 346 254 361 472
181 244 220 318 366
164 407 190 127 10
440 22 267 304 32
382 350 363 54 193
228 44 375 149 221
189 336 80 113 122
483 238 417 495 50
400 30 146 218 413
213 90 201 27 474
493 137 482 26 240
456 332 57 49 4
343 308 85 47 206
81 196 211 406 328
273 18 33 423 473
210 2 46 465 285
118 257 280 135 468
388 233 13 182 335
441 144 297 349 421
411 175 247 442 276
330 168 314 131 128
320 166 391 317 43
159 486 223 58 107
205 322 326 270 260
357 74 315 62 209
72 453 139 103 331
173 216 246 284 445
31 466 217 243 398
263 104 386 5 324
369 311 290 379 259
160 333 151 410 392
274 142 446 152 489
17 227 172 177 138
14 9 202 282 124
476 83 488 339 56
380 303 215 253 362
165 92 399 373 420
458 293 171 235 323
167 268 34 277 192
405 346 254 361 472
181 244 220 318 366
164 407 190 127 10
440 22 267 304 32
382 350 363 54 193
228 44 375 149 221
189 336 80 113 122
483 238 417 495 50
400 30 146 218 413
213 90 201 27 474
493 137 482 26 240
456 332 57 49 4
343 308 85 47 206
81 196 211 406 328
273 18 33 423 473
210 2 46 465 285
118 257 280 135 468
388 233 13 182 335
441 144 297 349 421
411 175 247 442 276
330 168 314 131 128
320 166 391 317 43
159 486 223 58 107
205 322 326 270 260
40 348 178 422 191
357 74 315 62 209
72 453 139 103 331
173 216 246 284 445
31 466 217 243 398
263 104 386 5 324
369 311 290 379 259
160 333 151 410 392
274 142 446 152 489
17 227 172 177 138
14 9 202 282 124
476 83 488 339 56
380 303 215 253 362
165 92 399 373 420
458 293 171 235 323
167 268 34 277 192
405 346 254 361 472
181 244 220 318 366
164 407 190 127 10
440 22 267 304 32
382 350 363 54 193
228 44 375 149 221
189 336 80 113 122
483 238 417 495 50
400 30 146 218 413
213 90 201 27 474
493 137 482 26 240
456 332 57 49 4
343 308 85 47 206
81 196 211 406 328
273 18 33 423 473
210 2 46 465 285
118 257 280 135 468
388 233 13 182 335
441 144 297 349 421
411 175 247 442 276
330 168 314 131 128
320 166 391 317 43
159 486 223 58 107
205 322 326 270 260
40 348 178 422 191
184 341 59 105 484
357 74 315 62 209
72 453 139 103 331
173 216 246 284 445
31 466 217 243 398
263 104 386 5 324
369 311 290 379 259
160 333 151 410 392
274 142 446 152 489
17 227 172 177 138
14 9 202 282 124
476 83 488 339 56
380 303 215 253 362
165 92 399 373 420
458 293 171 235 323
167 268 34 277 192
405 346 254 361 472
181 244 220 318 366
164 407 190 127 10
440 22 267 304 32
382 350 363 54 193
228 44 375 149 221
189 336 80 113 122
483 238 417 495 50
400 30 146 218 413
213 90 201 27 474
493 137 482 26 240
456 332 57 49 4
343 308 85 47 206
81 196 211 406 328
273 18 33 423 473
210 2 46 465 285
118 257 280 135 468
388 233 13 182 335
441 144 297 349 421
411 175 247 442 276
330 168 314 131 128
320 166 391 317 43
159 486 223 58 107
205 322 326 270 260
40 348 178 422 191
184 341 59 105 484
360 431 158 340 29
357 74 315 62 209
72 453 139 103 331
173 216 246 284 445
31 466 217 243 398
263 104 386 5 324
369 311 290 379 259
160 333 151 410 392
274 142 446 152 489
17 227 172 177 138
14 9 202 282 124
476 83 488 339 56
380 303 215 253 362
165 92 399 373 420
458 293 171 235 323
167 268 34 277 192
405 346 254 361 472
181 244 220 318 366
164 407 190 127 10
440 22 267 304 32
382 350 363 54 193
228 44 375 149 221
189 336 80 113 122
483 238 417 495 50
400 30 146 218 413
213 90 201 27 474
493 137 482 26 240
456 332 57 49 4
343 308 85 47 206
81 196 211 406 328
273 18 33 423 473
210 2 46 465 285
118 257 280 135 468
388 233 13 182 335
441 144 297 349 421
411 175 247 442 276
330 168 314 131 128
320 166 391 317 43
159 486 223 58 107
205 322 326 270 260
40 348 178 422 191
184 341 59 105 484
360 431 158 340 29
385 494 459 199 48
357 74 315 62 209
72 453 139 103 331
173 216 246 284 445
31 466 217 243 398
263 104 386 5 324
369 311 290 379 259
160 333 151 410 392
274 142 446 152 489
17 227 172 177 138
14 9 202 282 124
476 83 488 339 56
380 303 215 253 362
165 92 399 373 420
458 293 171 235 323
167 268 34 277 192
405 346 254 361 472
181 244 220 318 366
164 407 190 127 10
440 22 267 304 32
382 350 363 54 193
228 44 375 149 221
189 336 80 113 122
483 238 417 495 50
400 30 146 218 413
213 90 201 27 474
493 137 482 26 240
456 332 57 49 4
343 308 85 47 206
81 196 211 406 328
273 18 33 423 473
210 2 46 465 285
118 257 280 135 468
388 233 13 182 335
441 144 297 349 421
411 175 247 442 276
330 168 314 131 128
320 166 391 317 43
159 486 223 58 107
205 322 326 270 260
40 348 178 422 191
184 341 59 105 484
360 431 158 340 29
385 494 459 199 48
0 143 1 207 250
357 74 315 62 209
72 453 139 103 331
173 216 246 284 445
31 466 217 243 398
263 104 386 5 324
369 311 290 379 259
160 333 151 410 392
274 142 446 152 489
17 227 172 177 138
14 9 202 282 124
476 83 488 339 56
380 303 215 253 362
165 92 399 373 420
458 293 171 235 323
167 268 34 277 192
405 346 254 361 472
181 244 220 318 366
164 407 190 127 10
440 22 267 304 32
382 350 363 54 193
228 44 375 149 221
189 336 80 113 122
483 238 417 495 50
400 30 146 218 413
213 90 201 27 474
493 137 482 26 240
456 332 57 49 4
343 308 85 47 206
81 196 211 406 328
273 18 33 423 473
210 2 46 465 285
118 257 280 135 468
388 233 13 182 335
441 144 297 349 421
411 175 247 442 276
330 168 314 131 128
320 166 391 317 43
159 486 223 58 107
205 322 326 270 260
40 348 178 422 191
184 341 59 105 484
360 431 158 340 29
385 494 459 199 48
0 143 1 207 250
251 140 78 208 230
357 74 315 62 209
72 453 139 103 331
173 216 246 284 445
31 466 217 243 398
263 104 386 5 324
369 311 290 379 259
160 333 151 410 392
274 142 446 152 489
17 227 172 177 138
14 9 202 282 124
476 83 488 339 56
380 303 215 253 362
165 92 399 373 420
458 293 171 235 323
167 268 34 277 192
405 346 254 361 472
181 244 220 318 366
164 407 190 127 10
440 22 267 304 32
382 350 363 54 193
228 44 375 149 221
189 336 80 113 122
483 238 417 495 50
400 30 146 218 413
213 90 201 27 474
493 137 482 26 240
456 332 57 49 4
343 308 85 47 206
81 196 211 406 328
273 18 33 423 473
210 2 46 465 285
118 257 280 135 468
388 233 13 182 335
441 144 297 349 421
411 175 247 442 276
330 168 314 131 128
320 166 391 317 43
159 486 223 58 107
205 322 326 270 260
40 348 178 422 191
184 341 59 105 484
360 431 158 340 29
385 494 459 199 48
0 143 1 207 250
251 140 78 208 230
283 261 237 271 358
357 74 315 62 209
72 453 139 103 331
173 216 246 284 445
31 466 217 243 398
263 104 386 5 324
369 311 290 379 259
160 333 151 410 392
274 142 446 152 489
17 227 172 177 138
14 9 202 282 124
476 83 488 339 56
380 303 215 253 362
165 92 399 373 420
458 293 171 235 323
167 268 34 277 192
405 346 254 361 472
181 244 220 318 366
164 407 190 127 10
440 22 267 304 32
382 350 363 54 193
228 44 375 149 221
189 336 80 113 122
483 238 417 495 50
400 30 146 218 413
213 90 201 27 474
493 137 482 26 240
456 332 57 49 4
343 308 85 47 206
81 196 211 406 328
273 18 33 423 473
210 2 46 465 285
118 257 280 135 468
388 233 13 182 335
441 144 297 349 421
411 175 247 442 276
330 168 314 131 128
320 166 391 317 43
159 486 223 58 107
205 322 326 270 260
40 348 178 422 191
184 341 59 105 484
360 431 158 340 29
385 494 459 199 48
0 143 1 207 250
251 140 78 208 230
283 261 237 271 358
374 60 179 12 404
357 74 315 62 209
72 453 139 103 331
173 216 246 284 445
31 466 217 243 398
263 104 386 5 324
369 311 290 379 259
160 333 151 410 392
274 142 446 152 489
17 227 172 177 138
14 9 202 282 124
476 83 488 339 56
380 303 215 253 362
165 92 399 373 420
458 293 171 235 323
167 268 34 277 192
405 346 254 361 472
181 244 220 318 366
164 407 190 127 10
440 22 267 304 32
382 350 363 54 193
228 44 375 149 221
189 336 80 113 122
483 238 417 495 50
400 30 146 218 413
213 90 201 27 474
493 137 482 26 240
456 332 57 49 4
343 308 85 47 206
81 196 211 406 328
273 18 33 423 473
210 2 46 465 285
118 257 280 135 468
388 233 13 182 335
441 144 297 349 421
411 175 247 442 276
330 168 314 131 128
320 166 391 317 43
159 486 223 58 107
205 322 326 270 260
40 348 178 422 191
184 341 59 105 484
360 431 158 340 29
385 494 459 199 48
0 143 1 207 250
251 140 78 208 230
283 261 237 271 358
374 60 179 12 404
381 359 312 265 35
357 74 315 62 209
72 453 139 103 331
173 216 246 284 445
31 466 217 243 398
263 104 386 5 324
369 311 290 379 259
160 333 151 410 392
274 142 446 152 489
17 227 172 177 138
14 9 202 282 124
476 83 488 339 56
380 303 215 253 362
165 92 399 373 420
458 293 171 235 323
167 268 34 277 192
405 346 254 361 472
181 244 220 318 366
164 407 190 127 10
440 22 267 304 32
382 350 363 54 193
228 44 375 149 221
189 336 80 113 122
483 238 417 495 50
400 30 146 218 413
213 90 201 27 474
493 137 482 26 240
456 332 57 49 4
343 308 85 47 206
81 196 211 406 328
273 18 33 423 473
210 2 46 465 285
118 257 280 135 468
388 233 13 182 335
441 144 297 349 421
411 175 247 442 276
330 168 314 131 128
320 166 391 317 43
159 486 223 58 107
205 322 326 270 260
40 348 178 422 191
184 341 59 105 484
360 431 158 340 29
385 494 459 199 48
0 143 1 207 250
251 140 78 208 230
283 261 237 271 358
374 60 179 12 404
381 359 312 265 35
436 393 449 65 424
357 74 315 62 209
72 453 139 103 331
173 216 246 284 445
31 466 217 243 398
263 104 386 5 324
369 311 290 379 259
160 333 151 410 392
274 142 446 152 489
17 227 172 177 138
14 9 202 282 124
476 83 488 339 56
380 303 215 253 362
165 92 399 373 420
458 293 171 235 323
167 268 34 277 192
405 346 254 361 472
181 244 220 318 366
164 407 190 127 10
440 22 267 304 32
382 350 363 54 193
228 44 375 149 221
189 336 80 113 122
483 238 417 495 50
400 30 146 218 413
213 90 201 27 474
493 137 482 26 240
456 332 57 49 4
343 308 85 47 206
81 196 211 406 328
273 18 33 423 473
210 2 46 465 285
118 257 280 135 468
388 233 13 182 335
441 144 297 349 421
411 175 247 442 276
330 168 314 131 128
320 166 391 317 43
159 486 223 58 107
205 322 326 270 260
40 348 178 422 191
184 341 59 105 484
360 431 158 340 29
385 494 459 199 48
0 143 1 207 250
251 140 78 208 230
283 261 237 271 358
374 60 179 12 404
381 359 312 265 35
436 393 449 65 424
198 307 195 125 266
