229 238 239 240
229 238 239 240
145 154 155 156
229 238 239 240
145 154 155 156
13 22 23 24
229 238 239 240
145 154 155 156
13 22 23 24
25 34 35 36
229 238 239 240
145 154 155 156
13 22 23 24
25 34 35 36
37 46 47 48
229 238 239 240
145 154 155 156
13 22 23 24
25 34 35 36
37 46 47 48
49 58 59 60
229 238 239 240
145 154 155 156
13 22 23 24
25 34 35 36
37 46 47 48
49 58 59 60
61 70 71 72
229 238 239 240
145 154 155 156
13 22 23 24
25 34 35 36
37 46 47 48
49 58 59 60
61 70 71 72
73 82 83 84
229 238 239 240
145 154 155 156
13 22 23 24
25 34 35 36
37 46 47 48
49 58 59 60
61 70 71 72
73 82 83 84
85 94 95 96
229 238 239 240
145 154 155 156
13 22 23 24
25 34 35 36
37 46 47 48
49 58 59 60
61 70 71 72
73 82 83 84
85 94 95 96
97 106 107 108
229 238 239 240
145 154 155 156
13 22 23 24
25 34 35 36
37 46 47 48
49 58 59 60
61 70 71 72
73 82 83 84
85 94 95 96
97 106 107 108
121 130 131 132
229 238 239 240
145 154 155 156
13 22 23 24
25 34 35 36
37 46 47 48
49 58 59 60
61 70 71 72
73 82 83 84
85 94 95 96
97 106 107 108
121 130 131 132
133 142 143 144
229 238 239 240
145 154 155 156
13 22 23 24
25 34 35 36
37 46 47 48
49 58 59 60
61 70 71 72
73 82 83 84
85 94 95 96
97 106 107 108
121 130 131 132
133 142 143 144
109 118 119 120
229 238 239 240
145 154 155 156
13 22 23 24
25 34 35 36
37 46 47 48
49 58 59 60
61 70 71 72
73 82 83 84
85 94 95 96
97 106 107 108
121 130 131 132
133 142 143 144
109 118 119 120
1 10 11 12
229 238 239 240
145 154 155 156
13 22 23 24
25 34 35 36
37 46 47 48
49 58 59 60
61 70 71 72
73 82 83 84
85 94 95 96
97 106 107 108
121 130 131 132
133 142 143 144
109 118 119 120
1 10 11 12
157 166 167 168
229 238 239 240
145 154 155 156
13 22 23 24
25 34 35 36
37 46 47 48
49 58 59 60
61 70 71 72
73 82 83 84
85 94 95 96
97 106 107 108
121 130 131 132
133 142 143 144
109 118 119 120
1 10 11 12
157 166 167 168
169 178 179 180
229 238 239 240
145 154 155 156
13 22 23 24
25 34 35 36
37 46 47 48
49 58 59 60
61 70 71 72
73 82 83 84
85 94 95 96
97 106 107 108
121 130 131 132
133 142 143 144
109 118 119 120
1 10 11 12
157 166 167 168
169 178 179 180
217 226 227 228
229 238 239 240
145 154 155 156
13 22 23 24
25 34 35 36
37 46 47 48
49 58 59 60
61 70 71 72
73 82 83 84
85 94 95 96
97 106 107 108
121 130 131 132
133 142 143 144
109 118 119 120
1 10 11 12
157 166 167 168
169 178 179 180
217 226 227 228
205 214 215 216
229 238 239 240
145 154 155 156
13 22 23 24
25 34 35 36
37 46 47 48
49 58 59 60
61 70 71 72
73 82 83 84
85 94 95 96
97 106 107 108
121 130 131 132
133 142 143 144
109 118 119 120
1 10 11 12
157 166 167 168
169 178 179 180
217 226 227 228
205 214 215 216
181 190 191 192
229 238 239 240
145 154 155 156
13 22 23 24
25 34 35 36
37 46 47 48
49 58 59 60
61 70 71 72
73 82 83 84
85 94 95 96
97 106 107 108
121 130 131 132
133 142 143 144
109 118 119 120
1 10 11 12
157 166 167 168
169 178 179 180
217 226 227 228
205 214 215 216
181 190 191 192
193 202 203 204
