7 74 282 64 65
7 74 282 64 65
143 294 271 291 362
7 74 282 64 65
143 294 271 291 362
265 182 382 18 158
7 74 282 64 65
143 294 271 291 362
265 182 382 18 158
150 134 267 72 141
7 74 282 64 65
143 294 271 291 362
265 182 382 18 158
150 134 267 72 141
5 124 239 370 240
7 74 282 64 65
143 294 271 291 362
265 182 382 18 158
150 134 267 72 141
5 124 239 370 240
153 380 55 155 229
7 74 282 64 65
143 294 271 291 362
265 182 382 18 158
150 134 267 72 141
5 124 239 370 240
153 380 55 155 229
98 33 366 17 159
7 74 282 64 65
143 294 271 291 362
265 182 382 18 158
150 134 267 72 141
5 124 239 370 240
153 380 55 155 229
98 33 366 17 159
248 225 232
7 74 282 64 65
143 294 271 291 362
265 182 382 18 158
150 134 267 72 141
5 124 239 370 240
153 380 55 155 229
98 33 366 17 159
248 225 232
167 87 302 184 42
7 74 282 64 65
143 294 271 291 362
265 182 382 18 158
150 134 267 72 141
5 124 239 370 240
153 380 55 155 229
98 33 366 17 159
248 225 232
167 87 302 184 42
328 92 318
7 74 282 64 65
143 294 271 291 362
265 182 382 18 158
150 134 267 72 141
5 124 239 370 240
153 380 55 155 229
98 33 366 17 159
248 225 232
167 87 302 184 42
328 92 318
160 202 45 54
7 74 282 64 65
143 294 271 291 362
265 182 382 18 158
150 134 267 72 141
5 124 239 370 240
153 380 55 155 229
98 33 366 17 159
248 225 232
167 87 302 184 42
328 92 318
160 202 45 54
60 230 181
7 74 282 64 65
143 294 271 291 362
265 182 382 18 158
150 134 267 72 141
5 124 239 370 240
153 380 55 155 229
98 33 366 17 159
248 225 232
167 87 302 184 42
328 92 318
160 202 45 54
60 230 181
96 103
7 74 282 64 65
143 294 271 291 362
265 182 382 18 158
150 134 267 72 141
5 124 239 370 240
153 380 55 155 229
98 33 366 17 159
248 225 232
167 87 302 184 42
328 92 318
160 202 45 54
60 230 181
96 103
325 15
7 74 282 64 65
143 294 271 291 362
265 182 382 18 158
150 134 267 72 141
5 124 239 370 240
153 380 55 155 229
98 33 366 17 159
248 225 232
167 87 302 184 42
328 92 318
160 202 45 54
60 230 181
96 103
325 15
207 286 379
7 74 282 64 65
143 294 271 291 362
265 182 382 18 158
150 134 267 72 141
5 124 239 370 240
153 380 55 155 229
98 33 366 17 159
248 225 232
167 87 302 184 42
328 92 318
160 202 45 54
60 230 181
96 103
325 15
207 286 379
169 114 339
7 74 282 64 65
143 294 271 291 362
265 182 382 18 158
150 134 267 72 141
5 124 239 370 240
153 380 55 155 229
98 33 366 17 159
248 225 232
167 87 302 184 42
328 92 318
160 202 45 54
60 230 181
96 103
325 15
207 286 379
169 114 339
1 262
7 74 282 64 65
143 294 271 291 362
265 182 382 18 158
150 134 267 72 141
5 124 239 370 240
153 380 55 155 229
98 33 366 17 159
248 225 232
167 87 302 184 42
328 92 318
160 202 45 54
60 230 181
96 103
325 15
207 286 379
169 114 339
1 262
309 53
7 74 282 64 65
143 294 271 291 362
265 182 382 18 158
150 134 267 72 141
5 124 239 370 240
153 380 55 155 229
98 33 366 17 159
248 225 232
167 87 302 184 42
328 92 318
160 202 45 54
60 230 181
96 103
325 15
207 286 379
169 114 339
1 262
309 53
316 190
7 74 282 64 65
143 294 271 291 362
265 182 382 18 158
150 134 267 72 141
5 124 239 370 240
153 380 55 155 229
98 33 366 17 159
248 225 232
167 87 302 184 42
328 92 318
160 202 45 54
60 230 181
96 103
325 15
207 286 379
169 114 339
1 262
309 53
316 190
218 301
7 74 282 64 65
143 294 271 291 362
265 182 382 18 158
150 134 267 72 141
5 124 239 370 240
153 380 55 155 229
98 33 366 17 159
248 225 232
167 87 302 184 42
328 92 318
160 202 45 54
60 230 181
96 103
325 15
207 286 379
169 114 339
1 262
309 53
316 190
218 301
62 118
7 74 282 64 65
143 294 271 291 362
265 182 382 18 158
150 134 267 72 141
5 124 239 370 240
153 380 55 155 229
98 33 366 17 159
248 225 232
167 87 302 184 42
328 92 318
160 202 45 54
60 230 181
96 103
325 15
207 286 379
169 114 339
1 262
309 53
316 190
218 301
62 118
383 123
7 74 282 64 65
143 294 271 291 362
265 182 382 18 158
150 134 267 72 141
5 124 239 370 240
153 380 55 155 229
98 33 366 17 159
248 225 232
167 87 302 184 42
328 92 318
160 202 45 54
60 230 181
96 103
325 15
207 286 379
169 114 339
1 262
309 53
316 190
218 301
62 118
383 123
269 109
7 74 282 64 65
143 294 271 291 362
265 182 382 18 158
150 134 267 72 141
5 124 239 370 240
153 380 55 155 229
98 33 366 17 159
248 225 232
167 87 302 184 42
328 92 318
160 202 45 54
60 230 181
96 103
325 15
207 286 379
169 114 339
1 262
309 53
316 190
218 301
62 118
383 123
269 109
364 28
7 74 282 64 65
143 294 271 291 362
265 182 382 18 158
150 134 267 72 141
5 124 239 370 240
153 380 55 155 229
98 33 366 17 159
248 225 232
167 87 302 184 42
328 92 318
160 202 45 54
60 230 181
96 103
325 15
207 286 379
169 114 339
1 262
309 53
316 190
218 301
62 118
383 123
269 109
364 28
115 165
7 74 282 64 65
143 294 271 291 362
265 182 382 18 158
150 134 267 72 141
5 124 239 370 240
153 380 55 155 229
98 33 366 17 159
248 225 232
167 87 302 184 42
328 92 318
160 202 45 54
60 230 181
96 103
325 15
207 286 379
169 114 339
1 262
309 53
316 190
218 301
62 118
383 123
269 109
364 28
115 165
215 208
7 74 282 64 65
143 294 271 291 362
265 182 382 18 158
150 134 267 72 141
5 124 239 370 240
153 380 55 155 229
98 33 366 17 159
248 225 232
167 87 302 184 42
328 92 318
160 202 45 54
60 230 181
96 103
325 15
207 286 379
169 114 339
1 262
309 53
316 190
218 301
62 118
383 123
269 109
364 28
115 165
215 208
331 223
