338 298 494 142 87
338 298 494 142 87
49 238 21 29 260
338 298 494 142 87
49 238 21 29 260
469 370 32 328 188
338 298 494 142 87
49 238 21 29 260
469 370 32 328 188
126 3 419 38 40
338 298 494 142 87
49 238 21 29 260
469 370 32 328 188
126 3 419 38 40
165 335 159 42 200
338 298 494 142 87
49 238 21 29 260
469 370 32 328 188
126 3 419 38 40
165 335 159 42 200
340 5 363 459 378
338 298 494 142 87
49 238 21 29 260
469 370 32 328 188
126 3 419 38 40
165 335 159 42 200
340 5 363 459 378
404 149 167 395
338 298 494 142 87
49 238 21 29 260
469 370 32 328 188
126 3 419 38 40
165 335 159 42 200
340 5 363 459 378
404 149 167 395
245 497 465 498
338 298 494 142 87
49 238 21 29 260
469 370 32 328 188
126 3 419 38 40
165 335 159 42 200
340 5 363 459 378
404 149 167 395
245 497 465 498
69 304 127 279
338 298 494 142 87
49 238 21 29 260
469 370 32 328 188
126 3 419 38 40
165 335 159 42 200
340 5 363 459 378
404 149 167 395
245 497 465 498
69 304 127 279
210 45 243 474
338 298 494 142 87
49 238 21 29 260
469 370 32 328 188
126 3 419 38 40
165 335 159 42 200
340 5 363 459 378
404 149 167 395
245 497 465 498
69 304 127 279
210 45 243 474
481 457 48 486 231
338 298 494 142 87
49 238 21 29 260
469 370 32 328 188
126 3 419 38 40
165 335 159 42 200
340 5 363 459 378
404 149 167 395
245 497 465 498
69 304 127 279
210 45 243 474
481 457 48 486 231
95 156 435
338 298 494 142 87
49 238 21 29 260
469 370 32 328 188
126 3 419 38 40
165 335 159 42 200
340 5 363 459 378
404 149 167 395
245 497 465 498
69 304 127 279
210 45 243 474
481 457 48 486 231
95 156 435
485 216 467 108 60
338 298 494 142 87
49 238 21 29 260
469 370 32 328 188
126 3 419 38 40
165 335 159 42 200
340 5 363 459 378
404 149 167 395
245 497 465 498
69 304 127 279
210 45 243 474
481 457 48 486 231
95 156 435
485 216 467 108 60
172 324 118 308
338 298 494 142 87
49 238 21 29 260
469 370 32 328 188
126 3 419 38 40
165 335 159 42 200
340 5 363 459 378
404 149 167 395
245 497 465 498
69 304 127 279
210 45 243 474
481 457 48 486 231
95 156 435
485 216 467 108 60
172 324 118 308
59 105 16 176
338 298 494 142 87
49 238 21 29 260
469 370 32 328 188
126 3 419 38 40
165 335 159 42 200
340 5 363 459 378
404 149 167 395
245 497 465 498
69 304 127 279
210 45 243 474
481 457 48 486 231
95 156 435
485 216 467 108 60
172 324 118 308
59 105 16 176
368 164 356 312
338 298 494 142 87
49 238 21 29 260
469 370 32 328 188
126 3 419 38 40
165 335 159 42 200
340 5 363 459 378
404 149 167 395
245 497 465 498
69 304 127 279
210 45 243 474
481 457 48 486 231
95 156 435
485 216 467 108 60
172 324 118 308
59 105 16 176
368 164 356 312
276 262 88
338 298 494 142 87
49 238 21 29 260
469 370 32 328 188
126 3 419 38 40
165 335 159 42 200
340 5 363 459 378
404 149 167 395
245 497 465 498
69 304 127 279
210 45 243 474
481 457 48 486 231
95 156 435
485 216 467 108 60
172 324 118 308
59 105 16 176
368 164 356 312
276 262 88
51 369 224
338 298 494 142 87
49 238 21 29 260
469 370 32 328 188
126 3 419 38 40
165 335 159 42 200
340 5 363 459 378
404 149 167 395
245 497 465 498
69 304 127 279
210 45 243 474
481 457 48 486 231
95 156 435
485 216 467 108 60
172 324 118 308
59 105 16 176
368 164 356 312
276 262 88
51 369 224
353 175 266
338 298 494 142 87
49 238 21 29 260
469 370 32 328 188
126 3 419 38 40
165 335 159 42 200
340 5 363 459 378
404 149 167 395
245 497 465 498
69 304 127 279
210 45 243 474
481 457 48 486 231
95 156 435
485 216 467 108 60
172 324 118 308
59 105 16 176
368 164 356 312
276 262 88
51 369 224
353 175 266
30 332 436
338 298 494 142 87
49 238 21 29 260
469 370 32 328 188
126 3 419 38 40
165 335 159 42 200
340 5 363 459 378
404 149 167 395
245 497 465 498
69 304 127 279
210 45 243 474
481 457 48 486 231
95 156 435
485 216 467 108 60
172 324 118 308
59 105 16 176
368 164 356 312
276 262 88
51 369 224
353 175 266
30 332 436
442 309 302 146
338 298 494 142 87
49 238 21 29 260
469 370 32 328 188
126 3 419 38 40
165 335 159 42 200
340 5 363 459 378
404 149 167 395
245 497 465 498
69 304 127 279
210 45 243 474
481 457 48 486 231
95 156 435
485 216 467 108 60
172 324 118 308
59 105 16 176
368 164 356 312
276 262 88
51 369 224
353 175 266
30 332 436
442 309 302 146
392 237 236
338 298 494 142 87
49 238 21 29 260
469 370 32 328 188
126 3 419 38 40
165 335 159 42 200
340 5 363 459 378
404 149 167 395
245 497 465 498
69 304 127 279
210 45 243 474
481 457 48 486 231
95 156 435
485 216 467 108 60
172 324 118 308
59 105 16 176
368 164 356 312
276 262 88
51 369 224
353 175 266
30 332 436
442 309 302 146
392 237 236
258 147 466
338 298 494 142 87
49 238 21 29 260
469 370 32 328 188
126 3 419 38 40
165 335 159 42 200
340 5 363 459 378
404 149 167 395
245 497 465 498
69 304 127 279
210 45 243 474
481 457 48 486 231
95 156 435
485 216 467 108 60
172 324 118 308
59 105 16 176
368 164 356 312
276 262 88
51 369 224
353 175 266
30 332 436
442 309 302 146
392 237 236
258 147 466
292 355
338 298 494 142 87
49 238 21 29 260
469 370 32 328 188
126 3 419 38 40
165 335 159 42 200
340 5 363 459 378
404 149 167 395
245 497 465 498
69 304 127 279
210 45 243 474
481 457 48 486 231
95 156 435
485 216 467 108 60
172 324 118 308
59 105 16 176
368 164 356 312
276 262 88
51 369 224
353 175 266
30 332 436
442 309 302 146
392 237 236
258 147 466
292 355
80 191 333 78
338 298 494 142 87
49 238 21 29 260
469 370 32 328 188
126 3 419 38 40
165 335 159 42 200
340 5 363 459 378
404 149 167 395
245 497 465 498
69 304 127 279
210 45 243 474
481 457 48 486 231
95 156 435
485 216 467 108 60
172 324 118 308
59 105 16 176
368 164 356 312
276 262 88
51 369 224
353 175 266
30 332 436
442 309 302 146
392 237 236
258 147 466
292 355
80 191 333 78
222 65
338 298 494 142 87
49 238 21 29 260
469 370 32 328 188
126 3 419 38 40
165 335 159 42 200
340 5 363 459 378
404 149 167 395
245 497 465 498
69 304 127 279
210 45 243 474
481 457 48 486 231
95 156 435
485 216 467 108 60
172 324 118 308
59 105 16 176
368 164 356 312
276 262 88
51 369 224
353 175 266
30 332 436
442 309 302 146
392 237 236
258 147 466
292 355
80 191 333 78
222 65
341 241 117
338 298 494 142 87
49 238 21 29 260
469 370 32 328 188
126 3 419 38 40
165 335 159 42 200
340 5 363 459 378
404 149 167 395
245 497 465 498
69 304 127 279
210 45 243 474
481 457 48 486 231
95 156 435
485 216 467 108 60
172 324 118 308
59 105 16 176
368 164 356 312
276 262 88
51 369 224
353 175 266
30 332 436
442 309 302 146
392 237 236
258 147 466
292 355
80 191 333 78
222 65
341 241 117
371 268
338 298 494 142 87
49 238 21 29 260
469 370 32 328 188
126 3 419 38 40
165 335 159 42 200
340 5 363 459 378
404 149 167 395
245 497 465 498
69 304 127 279
210 45 243 474
481 457 48 486 231
95 156 435
485 216 467 108 60
172 324 118 308
59 105 16 176
368 164 356 312
276 262 88
51 369 224
353 175 266
30 332 436
442 309 302 146
392 237 236
258 147 466
292 355
80 191 333 78
222 65
341 241 117
371 268
41 211
338 298 494 142 87
49 238 21 29 260
469 370 32 328 188
126 3 419 38 40
165 335 159 42 200
340 5 363 459 378
404 149 167 395
245 497 465 498
69 304 127 279
210 45 243 474
481 457 48 486 231
95 156 435
485 216 467 108 60
172 324 118 308
59 105 16 176
368 164 356 312
276 262 88
51 369 224
353 175 266
30 332 436
442 309 302 146
392 237 236
258 147 466
292 355
80 191 333 78
222 65
341 241 117
371 268
41 211
233 433
338 298 494 142 87
49 238 21 29 260
469 370 32 328 188
126 3 419 38 40
165 335 159 42 200
340 5 363 459 378
404 149 167 395
245 497 465 498
69 304 127 279
210 45 243 474
481 457 48 486 231
95 156 435
485 216 467 108 60
172 324 118 308
59 105 16 176
368 164 356 312
276 262 88
51 369 224
353 175 266
30 332 436
442 309 302 146
392 237 236
258 147 466
292 355
80 191 333 78
222 65
341 241 117
371 268
41 211
233 433
301 94
338 298 494 142 87
49 238 21 29 260
469 370 32 328 188
126 3 419 38 40
165 335 159 42 200
340 5 363 459 378
404 149 167 395
245 497 465 498
69 304 127 279
210 45 243 474
481 457 48 486 231
95 156 435
485 216 467 108 60
172 324 118 308
59 105 16 176
368 164 356 312
276 262 88
51 369 224
353 175 266
30 332 436
442 309 302 146
392 237 236
258 147 466
292 355
80 191 333 78
222 65
341 241 117
371 268
41 211
233 433
301 94
199 484
338 298 494 142 87
49 238 21 29 260
469 370 32 328 188
126 3 419 38 40
165 335 159 42 200
340 5 363 459 378
404 149 167 395
245 497 465 498
69 304 127 279
210 45 243 474
481 457 48 486 231
95 156 435
485 216 467 108 60
172 324 118 308
59 105 16 176
368 164 356 312
276 262 88
51 369 224
353 175 266
30 332 436
442 309 302 146
392 237 236
258 147 466
292 355
80 191 333 78
222 65
341 241 117
371 268
41 211
233 433
301 94
199 484
61 203
338 298 494 142 87
49 238 21 29 260
469 370 32 328 188
126 3 419 38 40
165 335 159 42 200
340 5 363 459 378
404 149 167 395
245 497 465 498
69 304 127 279
210 45 243 474
481 457 48 486 231
95 156 435
485 216 467 108 60
172 324 118 308
59 105 16 176
368 164 356 312
276 262 88
51 369 224
353 175 266
30 332 436
442 309 302 146
392 237 236
258 147 466
292 355
80 191 333 78
222 65
341 241 117
371 268
41 211
233 433
301 94
199 484
61 203
125 46
338 298 494 142 87
49 238 21 29 260
469 370 32 328 188
126 3 419 38 40
165 335 159 42 200
340 5 363 459 378
404 149 167 395
245 497 465 498
69 304 127 279
210 45 243 474
481 457 48 486 231
95 156 435
485 216 467 108 60
172 324 118 308
59 105 16 176
368 164 356 312
276 262 88
51 369 224
353 175 266
30 332 436
442 309 302 146
392 237 236
258 147 466
292 355
80 191 333 78
222 65
341 241 117
371 268
41 211
233 433
301 94
199 484
61 203
125 46
495 20 74
338 298 494 142 87
49 238 21 29 260
469 370 32 328 188
126 3 419 38 40
165 335 159 42 200
340 5 363 459 378
404 149 167 395
245 497 465 498
69 304 127 279
210 45 243 474
481 457 48 486 231
95 156 435
485 216 467 108 60
172 324 118 308
59 105 16 176
368 164 356 312
276 262 88
51 369 224
353 175 266
30 332 436
442 309 302 146
392 237 236
258 147 466
292 355
80 191 333 78
222 65
341 241 117
371 268
41 211
233 433
301 94
199 484
61 203
125 46
495 20 74
454 26
338 298 494 142 87
49 238 21 29 260
469 370 32 328 188
126 3 419 38 40
165 335 159 42 200
340 5 363 459 378
404 149 167 395
245 497 465 498
69 304 127 279
210 45 243 474
481 457 48 486 231
95 156 435
485 216 467 108 60
172 324 118 308
59 105 16 176
368 164 356 312
276 262 88
51 369 224
353 175 266
30 332 436
442 309 302 146
392 237 236
258 147 466
292 355
80 191 333 78
222 65
341 241 117
371 268
41 211
233 433
301 94
199 484
61 203
125 46
495 20 74
454 26
161 122
338 298 494 142 87
49 238 21 29 260
469 370 32 328 188
126 3 419 38 40
165 335 159 42 200
340 5 363 459 378
404 149 167 395
245 497 465 498
69 304 127 279
210 45 243 474
481 457 48 486 231
95 156 435
485 216 467 108 60
172 324 118 308
59 105 16 176
368 164 356 312
276 262 88
51 369 224
353 175 266
30 332 436
442 309 302 146
392 237 236
258 147 466
292 355
80 191 333 78
222 65
341 241 117
371 268
41 211
233 433
301 94
199 484
61 203
125 46
495 20 74
454 26
161 122
379 235
338 298 494 142 87
49 238 21 29 260
469 370 32 328 188
126 3 419 38 40
165 335 159 42 200
340 5 363 459 378
404 149 167 395
245 497 465 498
69 304 127 279
210 45 243 474
481 457 48 486 231
95 156 435
485 216 467 108 60
172 324 118 308
59 105 16 176
368 164 356 312
276 262 88
51 369 224
353 175 266
30 332 436
442 309 302 146
392 237 236
258 147 466
292 355
80 191 333 78
222 65
341 241 117
371 268
41 211
233 433
301 94
199 484
61 203
125 46
495 20 74
454 26
161 122
379 235
438 22
338 298 494 142 87
49 238 21 29 260
469 370 32 328 188
126 3 419 38 40
165 335 159 42 200
340 5 363 459 378
404 149 167 395
245 497 465 498
69 304 127 279
210 45 243 474
481 457 48 486 231
95 156 435
485 216 467 108 60
172 324 118 308
59 105 16 176
368 164 356 312
276 262 88
51 369 224
353 175 266
30 332 436
442 309 302 146
392 237 236
258 147 466
292 355
80 191 333 78
222 65
341 241 117
371 268
41 211
233 433
301 94
199 484
61 203
125 46
495 20 74
454 26
161 122
379 235
438 22
455 2
338 298 494 142 87
49 238 21 29 260
469 370 32 328 188
126 3 419 38 40
165 335 159 42 200
340 5 363 459 378
404 149 167 395
245 497 465 498
69 304 127 279
210 45 243 474
481 457 48 486 231
95 156 435
485 216 467 108 60
172 324 118 308
59 105 16 176
368 164 356 312
276 262 88
51 369 224
353 175 266
30 332 436
442 309 302 146
392 237 236
258 147 466
292 355
80 191 333 78
222 65
341 241 117
371 268
41 211
233 433
301 94
199 484
61 203
125 46
495 20 74
454 26
161 122
379 235
438 22
455 2
10 248
338 298 494 142 87
49 238 21 29 260
469 370 32 328 188
126 3 419 38 40
165 335 159 42 200
340 5 363 459 378
404 149 167 395
245 497 465 498
69 304 127 279
210 45 243 474
481 457 48 486 231
95 156 435
485 216 467 108 60
172 324 118 308
59 105 16 176
368 164 356 312
276 262 88
51 369 224
353 175 266
30 332 436
442 309 302 146
392 237 236
258 147 466
292 355
80 191 333 78
222 65
341 241 117
371 268
41 211
233 433
301 94
199 484
61 203
125 46
495 20 74
454 26
161 122
379 235
438 22
455 2
10 248
461 220
338 298 494 142 87
49 238 21 29 260
469 370 32 328 188
126 3 419 38 40
165 335 159 42 200
340 5 363 459 378
404 149 167 395
245 497 465 498
69 304 127 279
210 45 243 474
481 457 48 486 231
95 156 435
485 216 467 108 60
172 324 118 308
59 105 16 176
368 164 356 312
276 262 88
51 369 224
353 175 266
30 332 436
442 309 302 146
392 237 236
258 147 466
292 355
80 191 333 78
222 65
341 241 117
371 268
41 211
233 433
301 94
199 484
61 203
125 46
495 20 74
454 26
161 122
379 235
438 22
455 2
10 248
461 220
450 15
338 298 494 142 87
49 238 21 29 260
469 370 32 328 188
126 3 419 38 40
165 335 159 42 200
340 5 363 459 378
404 149 167 395
245 497 465 498
69 304 127 279
210 45 243 474
481 457 48 486 231
95 156 435
485 216 467 108 60
172 324 118 308
59 105 16 176
368 164 356 312
276 262 88
51 369 224
353 175 266
30 332 436
442 309 302 146
392 237 236
258 147 466
292 355
80 191 333 78
222 65
341 241 117
371 268
41 211
233 433
301 94
199 484
61 203
125 46
495 20 74
454 26
161 122
379 235
438 22
455 2
10 248
461 220
450 15
230 361
