179 7
179 7
5 133
179 7
5 133
2 186
179 7
5 133
2 186
125 57
179 7
5 133
2 186
125 57
191 197
179 7
5 133
2 186
125 57
191 197
58 116
179 7
5 133
2 186
125 57
191 197
58 116
4 56
179 7
5 133
2 186
125 57
191 197
58 116
4 56
99 61
179 7
5 133
2 186
125 57
191 197
58 116
4 56
99 61
170 157
179 7
5 133
2 186
125 57
191 197
58 116
4 56
99 61
170 157
97 73
179 7
5 133
2 186
125 57
191 197
58 116
4 56
99 61
170 157
97 73
48 59
179 7
5 133
2 186
125 57
191 197
58 116
4 56
99 61
170 157
97 73
48 59
76 149
179 7
5 133
2 186
125 57
191 197
58 116
4 56
99 61
170 157
97 73
48 59
76 149
39 19
179 7
5 133
2 186
125 57
191 197
58 116
4 56
99 61
170 157
97 73
48 59
76 149
39 19
16 10
179 7
5 133
2 186
125 57
191 197
58 116
4 56
99 61
170 157
97 73
48 59
76 149
39 19
16 10
93 188
179 7
5 133
2 186
125 57
191 197
58 116
4 56
99 61
170 157
97 73
48 59
76 149
39 19
16 10
93 188
101 117
179 7
5 133
2 186
125 57
191 197
58 116
4 56
99 61
170 157
97 73
48 59
76 149
39 19
16 10
93 188
101 117
120 193
179 7
5 133
2 186
125 57
191 197
58 116
4 56
99 61
170 157
97 73
48 59
76 149
39 19
16 10
93 188
101 117
120 193
68 166
179 7
5 133
2 186
125 57
191 197
58 116
4 56
99 61
170 157
97 73
48 59
76 149
39 19
16 10
93 188
101 117
120 193
68 166
161 150
179 7
5 133
2 186
125 57
191 197
58 116
4 56
99 61
170 157
97 73
48 59
76 149
39 19
16 10
93 188
101 117
120 193
68 166
161 150
129 146
179 7
5 133
2 186
125 57
191 197
58 116
4 56
99 61
170 157
97 73
48 59
76 149
39 19
16 10
93 188
101 117
120 193
68 166
161 150
129 146
159 21
179 7
5 133
2 186
125 57
191 197
58 116
4 56
99 61
170 157
97 73
48 59
76 149
39 19
16 10
93 188
101 117
120 193
68 166
161 150
129 146
159 21
121 65
