172 200 263 55 271
91 44 449 85 292
219 267 73 188 129
420 302 105 61 136
374 484 284 225 372
125 38 327 336 111
259 491 203 340 409
208 262 201 97 480
301 181 421 405 227
313 2 212 89 450
41 311 27 314 23
5 33 132 371 415
443 103 173 69 332
163 274 356 364 100
28 493 213 205 166
140 66 419 59 57
121 251 195 16 447
241 497 270 416 295
373 462 333 478 1
468 238 40 495 10
17 344 92 101 477
22 293 324 365 486
261 391 362 150 11
346 142 51 432 394
133 118 341 21 34
334 159 276 211 165
485 369 433 210 413
197 253 483 474 254
277 319 406 177 138
360 408 395 42 182
430 114 437 361 70
326 81 148 444 231
380 363 127 26 469
37 422 457 186 86
418 115 206 323 106
229 473 228 104 435
222 309 350 321 342
281 183 134 494 252
90 236 273 113 110
358 247 144 434 232
451 290 25 153 174
460 410 329 268 94
306 160 149 343 58
312 266 288 14 169
161 87 337 436 50
269 217 158 65 230
264 45 152 239 93
471 151 180 29
71 297 384
124 459
257 112
