208 364 286 139 115
315 182 386 241 172
383 230 267 381 118
270 281 76 268 96
179 9 207 124 263
89 60 49 245 46
119 261 102 372 108
293 327 435 363 262
204 167 48 239 210
149 10 50 314 84
138 77 74 255 29
171 64 330 385 73
345 51 305 361 157
26 438 183 211 349
411 134 335 402 405
4 36 99 291 163
130 177 13 412 199
14 337 187 449 409
283 23 127 81 271
333 343 161 117 256
368 27 125 67 95
41 1 237 320 111
192 38 222 195 358
33 120 142 397 370
430 350 378 225 442
148 147 296 164 168
429 285 196 186 332
103 15 441 288 220
62 224 365 244 312
8 297 379 422 94
347 443 287 384 190
47 55 85 447 424
229 382 284 223 425
87 30 106 231 209
133 246 403 78 166
122 242 198 323 69
162 91 228 319 61
2 39 24 114 339
150 260 428 19 31
227 16 344 236 215
40 299 396 282 121
110 140 200 292 444
238 79 116 75 301
146 391 433 3 233
206 131 254 317 66
