359 202 262 421
359 202 262 421
75 233 54
359 202 262 421
75 233 54
23 291 471
359 202 262 421
75 233 54
23 291 471
99 174 35 143
359 202 262 421
75 233 54
23 291 471
99 174 35 143
402 127 331 33
359 202 262 421
75 233 54
23 291 471
99 174 35 143
402 127 331 33
440 447
359 202 262 421
75 233 54
23 291 471
99 174 35 143
402 127 331 33
440 447
474 113
359 202 262 421
75 233 54
23 291 471
99 174 35 143
402 127 331 33
440 447
474 113
47 382
359 202 262 421
75 233 54
23 291 471
99 174 35 143
402 127 331 33
440 447
474 113
47 382
467 53
359 202 262 421
75 233 54
23 291 471
99 174 35 143
402 127 331 33
440 447
474 113
47 382
467 53
308 478 470
359 202 262 421
75 233 54
23 291 471
99 174 35 143
402 127 331 33
440 447
474 113
47 382
467 53
308 478 470
97 225 56
359 202 262 421
75 233 54
23 291 471
99 174 35 143
402 127 331 33
440 447
474 113
47 382
467 53
308 478 470
97 225 56
414 458 180
359 202 262 421
75 233 54
23 291 471
99 174 35 143
402 127 331 33
440 447
474 113
47 382
467 53
308 478 470
97 225 56
414 458 180
189 157
359 202 262 421
75 233 54
23 291 471
99 174 35 143
402 127 331 33
440 447
474 113
47 382
467 53
308 478 470
97 225 56
414 458 180
189 157
30 315
359 202 262 421
75 233 54
23 291 471
99 174 35 143
402 127 331 33
440 447
474 113
47 382
467 53
308 478 470
97 225 56
414 458 180
189 157
30 315
390 239
359 202 262 421
75 233 54
23 291 471
99 174 35 143
402 127 331 33
440 447
474 113
47 382
467 53
308 478 470
97 225 56
414 458 180
189 157
30 315
390 239
236 367
359 202 262 421
75 233 54
23 291 471
99 174 35 143
402 127 331 33
440 447
474 113
47 382
467 53
308 478 470
97 225 56
414 458 180
189 157
30 315
390 239
236 367
80 253
