80 144 146 1 216
80 144 146 1 216
82 186 72 160 111
80 144 146 1 216
82 186 72 160 111
93 14 34 232 205
80 144 146 1 216
82 186 72 160 111
93 14 34 232 205
159 141 17 23 49
80 144 146 1 216
82 186 72 160 111
93 14 34 232 205
159 141 17 23 49
171 7 87 235 213
80 144 146 1 216
82 186 72 160 111
93 14 34 232 205
159 141 17 23 49
171 7 87 235 213
192 124 238 197
80 144 146 1 216
82 186 72 160 111
93 14 34 232 205
159 141 17 23 49
171 7 87 235 213
192 124 238 197
46 147 130 227
80 144 146 1 216
82 186 72 160 111
93 14 34 232 205
159 141 17 23 49
171 7 87 235 213
192 124 238 197
46 147 130 227
5 241 194 45
80 144 146 1 216
82 186 72 160 111
93 14 34 232 205
159 141 17 23 49
171 7 87 235 213
192 124 238 197
46 147 130 227
5 241 194 45
52 170 41 44
80 144 146 1 216
82 186 72 160 111
93 14 34 232 205
159 141 17 23 49
171 7 87 235 213
192 124 238 197
46 147 130 227
5 241 194 45
52 170 41 44
230 26 161 200
80 144 146 1 216
82 186 72 160 111
93 14 34 232 205
159 141 17 23 49
171 7 87 235 213
192 124 238 197
46 147 130 227
5 241 194 45
52 170 41 44
230 26 161 200
252 16 168 259 73
80 144 146 1 216
82 186 72 160 111
93 14 34 232 205
159 141 17 23 49
171 7 87 235 213
192 124 238 197
46 147 130 227
5 241 194 45
52 170 41 44
230 26 161 200
252 16 168 259 73
59 92 178 254
80 144 146 1 216
82 186 72 160 111
93 14 34 232 205
159 141 17 23 49
171 7 87 235 213
192 124 238 197
46 147 130 227
5 241 194 45
52 170 41 44
230 26 161 200
252 16 168 259 73
59 92 178 254
183 223 225
80 144 146 1 216
82 186 72 160 111
93 14 34 232 205
159 141 17 23 49
171 7 87 235 213
192 124 238 197
46 147 130 227
5 241 194 45
52 170 41 44
230 26 161 200
252 16 168 259 73
59 92 178 254
183 223 225
246 47 250
80 144 146 1 216
82 186 72 160 111
93 14 34 232 205
159 141 17 23 49
171 7 87 235 213
192 124 238 197
46 147 130 227
5 241 194 45
52 170 41 44
230 26 161 200
252 16 168 259 73
59 92 178 254
183 223 225
246 47 250
113 215 84
80 144 146 1 216
82 186 72 160 111
93 14 34 232 205
159 141 17 23 49
171 7 87 235 213
192 124 238 197
46 147 130 227
5 241 194 45
52 170 41 44
230 26 161 200
252 16 168 259 73
59 92 178 254
183 223 225
246 47 250
113 215 84
10 176 207 164
80 144 146 1 216
82 186 72 160 111
93 14 34 232 205
159 141 17 23 49
171 7 87 235 213
192 124 238 197
46 147 130 227
5 241 194 45
52 170 41 44
230 26 161 200
252 16 168 259 73
59 92 178 254
183 223 225
246 47 250
113 215 84
10 176 207 164
133 209 179
80 144 146 1 216
82 186 72 160 111
93 14 34 232 205
159 141 17 23 49
171 7 87 235 213
192 124 238 197
46 147 130 227
5 241 194 45
52 170 41 44
230 26 161 200
252 16 168 259 73
59 92 178 254
183 223 225
246 47 250
113 215 84
10 176 207 164
133 209 179
70 140 86
80 144 146 1 216
82 186 72 160 111
93 14 34 232 205
159 141 17 23 49
171 7 87 235 213
192 124 238 197
46 147 130 227
5 241 194 45
52 170 41 44
230 26 161 200
252 16 168 259 73
59 92 178 254
183 223 225
246 47 250
113 215 84
10 176 207 164
133 209 179
70 140 86
53 63 202
80 144 146 1 216
82 186 72 160 111
93 14 34 232 205
159 141 17 23 49
171 7 87 235 213
192 124 238 197
46 147 130 227
5 241 194 45
52 170 41 44
230 26 161 200
252 16 168 259 73
59 92 178 254
183 223 225
246 47 250
113 215 84
10 176 207 164
133 209 179
70 140 86
53 63 202
112 110
80 144 146 1 216
82 186 72 160 111
93 14 34 232 205
159 141 17 23 49
171 7 87 235 213
192 124 238 197
46 147 130 227
5 241 194 45
52 170 41 44
230 26 161 200
252 16 168 259 73
59 92 178 254
183 223 225
246 47 250
113 215 84
10 176 207 164
133 209 179
70 140 86
53 63 202
112 110
226 22
80 144 146 1 216
82 186 72 160 111
93 14 34 232 205
159 141 17 23 49
171 7 87 235 213
192 124 238 197
46 147 130 227
5 241 194 45
52 170 41 44
230 26 161 200
252 16 168 259 73
59 92 178 254
183 223 225
246 47 250
113 215 84
10 176 207 164
133 209 179
70 140 86
53 63 202
112 110
226 22
71 240
80 144 146 1 216
82 186 72 160 111
93 14 34 232 205
159 141 17 23 49
171 7 87 235 213
192 124 238 197
46 147 130 227
5 241 194 45
52 170 41 44
230 26 161 200
252 16 168 259 73
59 92 178 254
183 223 225
246 47 250
113 215 84
10 176 207 164
133 209 179
70 140 86
53 63 202
112 110
226 22
71 240
125 156
80 144 146 1 216
82 186 72 160 111
93 14 34 232 205
159 141 17 23 49
171 7 87 235 213
192 124 238 197
46 147 130 227
5 241 194 45
52 170 41 44
230 26 161 200
252 16 168 259 73
59 92 178 254
183 223 225
246 47 250
113 215 84
10 176 207 164
133 209 179
70 140 86
53 63 202
112 110
226 22
71 240
125 156
172 102
80 144 146 1 216
82 186 72 160 111
93 14 34 232 205
159 141 17 23 49
171 7 87 235 213
192 124 238 197
46 147 130 227
5 241 194 45
52 170 41 44
230 26 161 200
252 16 168 259 73
59 92 178 254
183 223 225
246 47 250
113 215 84
10 176 207 164
133 209 179
70 140 86
53 63 202
112 110
226 22
71 240
125 156
172 102
11 126
80 144 146 1 216
82 186 72 160 111
93 14 34 232 205
159 141 17 23 49
171 7 87 235 213
192 124 238 197
46 147 130 227
5 241 194 45
52 170 41 44
230 26 161 200
252 16 168 259 73
59 92 178 254
183 223 225
246 47 250
113 215 84
10 176 207 164
133 209 179
70 140 86
53 63 202
112 110
226 22
71 240
125 156
172 102
11 126
157 89
80 144 146 1 216
82 186 72 160 111
93 14 34 232 205
159 141 17 23 49
171 7 87 235 213
192 124 238 197
46 147 130 227
5 241 194 45
52 170 41 44
230 26 161 200
252 16 168 259 73
59 92 178 254
183 223 225
246 47 250
113 215 84
10 176 207 164
133 209 179
70 140 86
53 63 202
112 110
226 22
71 240
125 156
172 102
11 126
157 89
42 123
80 144 146 1 216
82 186 72 160 111
93 14 34 232 205
159 141 17 23 49
171 7 87 235 213
192 124 238 197
46 147 130 227
5 241 194 45
52 170 41 44
230 26 161 200
252 16 168 259 73
59 92 178 254
183 223 225
246 47 250
113 215 84
10 176 207 164
133 209 179
70 140 86
53 63 202
112 110
226 22
71 240
125 156
172 102
11 126
157 89
42 123
145 231
80 144 146 1 216
82 186 72 160 111
93 14 34 232 205
159 141 17 23 49
171 7 87 235 213
192 124 238 197
46 147 130 227
5 241 194 45
52 170 41 44
230 26 161 200
252 16 168 259 73
59 92 178 254
183 223 225
246 47 250
113 215 84
10 176 207 164
133 209 179
70 140 86
53 63 202
112 110
226 22
71 240
125 156
172 102
11 126
157 89
42 123
145 231
128 162
80 144 146 1 216
82 186 72 160 111
93 14 34 232 205
159 141 17 23 49
171 7 87 235 213
192 124 238 197
46 147 130 227
5 241 194 45
52 170 41 44
230 26 161 200
252 16 168 259 73
59 92 178 254
183 223 225
246 47 250
113 215 84
10 176 207 164
133 209 179
70 140 86
53 63 202
112 110
226 22
71 240
125 156
172 102
11 126
157 89
42 123
145 231
128 162
103 51
