17 117 195 177 141
17 117 195 177 141
219 238 38 237 248
17 117 195 177 141
219 238 38 237 248
228 112 216 95 102
17 117 195 177 141
219 238 38 237 248
228 112 216 95 102
220 190 60 144 1
17 117 195 177 141
219 238 38 237 248
228 112 216 95 102
220 190 60 144 1
173 186 149 245 217
17 117 195 177 141
219 238 38 237 248
228 112 216 95 102
220 190 60 144 1
173 186 149 245 217
21 66 84 90 201
17 117 195 177 141
219 238 38 237 248
228 112 216 95 102
220 190 60 144 1
173 186 149 245 217
21 66 84 90 201
40 154 75 113 192
17 117 195 177 141
219 238 38 237 248
228 112 216 95 102
220 190 60 144 1
173 186 149 245 217
21 66 84 90 201
40 154 75 113 192
121 205 232 239 48
17 117 195 177 141
219 238 38 237 248
228 112 216 95 102
220 190 60 144 1
173 186 149 245 217
21 66 84 90 201
40 154 75 113 192
121 205 232 239 48
208 42 193 59 153
17 117 195 177 141
219 238 38 237 248
228 112 216 95 102
220 190 60 144 1
173 186 149 245 217
21 66 84 90 201
40 154 75 113 192
121 205 232 239 48
208 42 193 59 153
83 202 34 231 106
17 117 195 177 141
219 238 38 237 248
228 112 216 95 102
220 190 60 144 1
173 186 149 245 217
21 66 84 90 201
40 154 75 113 192
121 205 232 239 48
208 42 193 59 153
83 202 34 231 106
233 30 47 125 2
17 117 195 177 141
219 238 38 237 248
228 112 216 95 102
220 190 60 144 1
173 186 149 245 217
21 66 84 90 201
40 154 75 113 192
121 205 232 239 48
208 42 193 59 153
83 202 34 231 106
233 30 47 125 2
222 137 23 185 118
17 117 195 177 141
219 238 38 237 248
228 112 216 95 102
220 190 60 144 1
173 186 149 245 217
21 66 84 90 201
40 154 75 113 192
121 205 232 239 48
208 42 193 59 153
83 202 34 231 106
233 30 47 125 2
222 137 23 185 118
215 28 179 53 225
17 117 195 177 141
219 238 38 237 248
228 112 216 95 102
220 190 60 144 1
173 186 149 245 217
21 66 84 90 201
40 154 75 113 192
121 205 232 239 48
208 42 193 59 153
83 202 34 231 106
233 30 47 125 2
222 137 23 185 118
215 28 179 53 225
132 69 97 22 247
17 117 195 177 141
219 238 38 237 248
228 112 216 95 102
220 190 60 144 1
173 186 149 245 217
21 66 84 90 201
40 154 75 113 192
121 205 232 239 48
208 42 193 59 153
83 202 34 231 106
233 30 47 125 2
222 137 23 185 118
215 28 179 53 225
132 69 97 22 247
230 151 136 227 158
17 117 195 177 141
219 238 38 237 248
228 112 216 95 102
220 190 60 144 1
173 186 149 245 217
21 66 84 90 201
40 154 75 113 192
121 205 232 239 48
208 42 193 59 153
83 202 34 231 106
233 30 47 125 2
222 137 23 185 118
215 28 179 53 225
132 69 97 22 247
230 151 136 227 158
116 78 3 143 138
17 117 195 177 141
219 238 38 237 248
228 112 216 95 102
220 190 60 144 1
173 186 149 245 217
21 66 84 90 201
40 154 75 113 192
121 205 232 239 48
208 42 193 59 153
83 202 34 231 106
233 30 47 125 2
222 137 23 185 118
215 28 179 53 225
132 69 97 22 247
230 151 136 227 158
116 78 3 143 138
188 62 169 103 214
17 117 195 177 141
219 238 38 237 248
228 112 216 95 102
220 190 60 144 1
173 186 149 245 217
21 66 84 90 201
40 154 75 113 192
121 205 232 239 48
208 42 193 59 153
83 202 34 231 106
233 30 47 125 2
222 137 23 185 118
215 28 179 53 225
132 69 97 22 247
230 151 136 227 158
116 78 3 143 138
188 62 169 103 214
89 210 26 91
17 117 195 177 141
219 238 38 237 248
228 112 216 95 102
220 190 60 144 1
173 186 149 245 217
21 66 84 90 201
40 154 75 113 192
121 205 232 239 48
208 42 193 59 153
83 202 34 231 106
233 30 47 125 2
222 137 23 185 118
215 28 179 53 225
132 69 97 22 247
230 151 136 227 158
116 78 3 143 138
188 62 169 103 214
89 210 26 91
157 10 159 92 44
17 117 195 177 141
219 238 38 237 248
228 112 216 95 102
220 190 60 144 1
173 186 149 245 217
21 66 84 90 201
40 154 75 113 192
121 205 232 239 48
208 42 193 59 153
83 202 34 231 106
233 30 47 125 2
222 137 23 185 118
215 28 179 53 225
132 69 97 22 247
230 151 136 227 158
116 78 3 143 138
188 62 169 103 214
89 210 26 91
157 10 159 92 44
109 223 145 139 165
17 117 195 177 141
219 238 38 237 248
228 112 216 95 102
220 190 60 144 1
173 186 149 245 217
21 66 84 90 201
40 154 75 113 192
121 205 232 239 48
208 42 193 59 153
83 202 34 231 106
233 30 47 125 2
222 137 23 185 118
215 28 179 53 225
132 69 97 22 247
230 151 136 227 158
116 78 3 143 138
188 62 169 103 214
89 210 26 91
157 10 159 92 44
109 223 145 139 165
87 82 130 6
17 117 195 177 141
219 238 38 237 248
228 112 216 95 102
220 190 60 144 1
173 186 149 245 217
21 66 84 90 201
40 154 75 113 192
121 205 232 239 48
208 42 193 59 153
83 202 34 231 106
233 30 47 125 2
222 137 23 185 118
215 28 179 53 225
132 69 97 22 247
230 151 136 227 158
116 78 3 143 138
188 62 169 103 214
89 210 26 91
157 10 159 92 44
109 223 145 139 165
87 82 130 6
24 49 0 123 119
17 117 195 177 141
219 238 38 237 248
228 112 216 95 102
220 190 60 144 1
173 186 149 245 217
21 66 84 90 201
40 154 75 113 192
121 205 232 239 48
208 42 193 59 153
83 202 34 231 106
233 30 47 125 2
222 137 23 185 118
215 28 179 53 225
132 69 97 22 247
230 151 136 227 158
116 78 3 143 138
188 62 169 103 214
89 210 26 91
157 10 159 92 44
109 223 145 139 165
87 82 130 6
24 49 0 123 119
13 197
17 117 195 177 141
219 238 38 237 248
228 112 216 95 102
220 190 60 144 1
173 186 149 245 217
21 66 84 90 201
40 154 75 113 192
121 205 232 239 48
208 42 193 59 153
83 202 34 231 106
233 30 47 125 2
222 137 23 185 118
215 28 179 53 225
132 69 97 22 247
230 151 136 227 158
116 78 3 143 138
188 62 169 103 214
89 210 26 91
157 10 159 92 44
109 223 145 139 165
87 82 130 6
24 49 0 123 119
13 197
76 128 52 166
17 117 195 177 141
219 238 38 237 248
228 112 216 95 102
220 190 60 144 1
173 186 149 245 217
21 66 84 90 201
40 154 75 113 192
121 205 232 239 48
208 42 193 59 153
83 202 34 231 106
233 30 47 125 2
222 137 23 185 118
215 28 179 53 225
132 69 97 22 247
230 151 136 227 158
116 78 3 143 138
188 62 169 103 214
89 210 26 91
157 10 159 92 44
109 223 145 139 165
87 82 130 6
24 49 0 123 119
13 197
76 128 52 166
19 51
17 117 195 177 141
219 238 38 237 248
228 112 216 95 102
220 190 60 144 1
173 186 149 245 217
21 66 84 90 201
40 154 75 113 192
121 205 232 239 48
208 42 193 59 153
83 202 34 231 106
233 30 47 125 2
222 137 23 185 118
215 28 179 53 225
132 69 97 22 247
230 151 136 227 158
116 78 3 143 138
188 62 169 103 214
89 210 26 91
157 10 159 92 44
109 223 145 139 165
87 82 130 6
24 49 0 123 119
13 197
76 128 52 166
19 51
156 86 46
