51 39 88 56 30
51 39 88 56 30
74 44 59 47 14
51 39 88 56 30
74 44 59 47 14
79 62 91 8 63
51 39 88 56 30
74 44 59 47 14
79 62 91 8 63
6 72 1 76 93
51 39 88 56 30
74 44 59 47 14
79 62 91 8 63
6 72 1 76 93
54 32 60 31 53
51 39 88 56 30
74 44 59 47 14
79 62 91 8 63
6 72 1 76 93
54 32 60 31 53
17 18 67 78 25
51 39 88 56 30
74 44 59 47 14
79 62 91 8 63
6 72 1 76 93
54 32 60 31 53
17 18 67 78 25
28 15 7 23 13
51 39 88 56 30
74 44 59 47 14
79 62 91 8 63
6 72 1 76 93
54 32 60 31 53
17 18 67 78 25
28 15 7 23 13
16 92 29 81 49
51 39 88 56 30
74 44 59 47 14
79 62 91 8 63
6 72 1 76 93
54 32 60 31 53
17 18 67 78 25
28 15 7 23 13
16 92 29 81 49
96 58 38 46 94
51 39 88 56 30
74 44 59 47 14
79 62 91 8 63
6 72 1 76 93
54 32 60 31 53
17 18 67 78 25
28 15 7 23 13
16 92 29 81 49
96 58 38 46 94
77 89 55 33 82
