36 18 77 52 10
36 18 77 52 10
28 70 81 67 17
36 18 77 52 10
28 70 81 67 17
35 58 91 50 48
36 18 77 52 10
28 70 81 67 17
35 58 91 50 48
62 76 82 69 87
36 18 77 52 10
28 70 81 67 17
35 58 91 50 48
62 76 82 69 87
55 14 46 7 16
36 18 77 52 10
28 70 81 67 17
35 58 91 50 48
62 76 82 69 87
55 14 46 7 16
94 78 92 96 31
36 18 77 52 10
28 70 81 67 17
35 58 91 50 48
62 76 82 69 87
55 14 46 7 16
94 78 92 96 31
68 88 25 12 20
36 18 77 52 10
28 70 81 67 17
35 58 91 50 48
62 76 82 69 87
55 14 46 7 16
94 78 92 96 31
68 88 25 12 20
43 19 72 6 74
36 18 77 52 10
28 70 81 67 17
35 58 91 50 48
62 76 82 69 87
55 14 46 7 16
94 78 92 96 31
68 88 25 12 20
43 19 72 6 74
33 93 99 64 21
36 18 77 52 10
28 70 81 67 17
35 58 91 50 48
62 76 82 69 87
55 14 46 7 16
94 78 92 96 31
68 88 25 12 20
43 19 72 6 74
33 93 99 64 21
75 80 60 3 85
