281 187 38 132 218
400 351 137 205 425
113 47 93 328 389
217 48 264 51 474
114 49 138 365 225
94 367 194 5 358
167 449 102 458 478
58 314 81 404 123
3 57 182 377 20
321 148 257 260 439
484 296 63 371 312
461 0 313 298 411
282 10 349 406 385
306 476 231 490 276
115 53 170 17 161
401 424 432 300 447
36 350 43 262 185
180 270 175 279 413
64 28 30 8 237
392 318 421 253 382
200 397 451 79 40
405 241 197 122 1
25 280 420 163 308
295 450 71 27 477
467 256 68 15 431
435 430 443 409 147
362 363 453 11 271
499 204 370 133 293
307 487 18 100 66
485 284 288 210 309
373 493 77 361 249
255 391 31 454 329
357 330 483 339 65
83 109 492 286 368
311 41 396 333 174
84 456 345 130 258
44 98 393 342 33
245 452 19 380 150
117 473 169 74 254
224 136 7 211 275
35 436 141 326 45
494 444 119 155 157
446 269 220 390 460
305 317 369 29 162
104 69 464 221 12
410 360 471 46 263
359 90 189 466 142
34 498 319 179 497
172 469 438 414 448
121 76 299 201 23
