191 344 84 81 182
191 344 84 81 182
313 263 10 383 177
191 344 84 81 182
313 263 10 383 177
120 221 369 75 251
191 344 84 81 182
313 263 10 383 177
120 221 369 75 251
133 325 300 17 155
191 344 84 81 182
313 263 10 383 177
120 221 369 75 251
133 325 300 17 155
245 301 278 377 232
191 344 84 81 182
313 263 10 383 177
120 221 369 75 251
133 325 300 17 155
245 301 278 377 232
131 51 438 118 499
191 344 84 81 182
313 263 10 383 177
120 221 369 75 251
133 325 300 17 155
245 301 278 377 232
131 51 438 118 499
335 222 137 367 441
191 344 84 81 182
313 263 10 383 177
120 221 369 75 251
133 325 300 17 155
245 301 278 377 232
131 51 438 118 499
335 222 137 367 441
321 119 283 463 380
191 344 84 81 182
313 263 10 383 177
120 221 369 75 251
133 325 300 17 155
245 301 278 377 232
131 51 438 118 499
335 222 137 367 441
321 119 283 463 380
384 162 12 315 365
191 344 84 81 182
313 263 10 383 177
120 221 369 75 251
133 325 300 17 155
245 301 278 377 232
131 51 438 118 499
335 222 137 367 441
321 119 283 463 380
384 162 12 315 365
405 8 381 483 477
191 344 84 81 182
313 263 10 383 177
120 221 369 75 251
133 325 300 17 155
245 301 278 377 232
131 51 438 118 499
335 222 137 367 441
321 119 283 463 380
384 162 12 315 365
405 8 381 483 477
196 39 57 132 166
191 344 84 81 182
313 263 10 383 177
120 221 369 75 251
133 325 300 17 155
245 301 278 377 232
131 51 438 118 499
335 222 137 367 441
321 119 283 463 380
384 162 12 315 365
405 8 381 483 477
196 39 57 132 166
480 243 295 339 445
191 344 84 81 182
313 263 10 383 177
120 221 369 75 251
133 325 300 17 155
245 301 278 377 232
131 51 438 118 499
335 222 137 367 441
321 119 283 463 380
384 162 12 315 365
405 8 381 483 477
196 39 57 132 166
480 243 295 339 445
375 211 272 2 20
191 344 84 81 182
313 263 10 383 177
120 221 369 75 251
133 325 300 17 155
245 301 278 377 232
131 51 438 118 499
335 222 137 367 441
321 119 283 463 380
384 162 12 315 365
405 8 381 483 477
196 39 57 132 166
480 243 295 339 445
375 211 272 2 20
173 210 274 329 77
191 344 84 81 182
313 263 10 383 177
120 221 369 75 251
133 325 300 17 155
245 301 278 377 232
131 51 438 118 499
335 222 137 367 441
321 119 283 463 380
384 162 12 315 365
405 8 381 483 477
196 39 57 132 166
480 243 295 339 445
375 211 272 2 20
173 210 274 329 77
352 7 389 366 128
191 344 84 81 182
313 263 10 383 177
120 221 369 75 251
133 325 300 17 155
245 301 278 377 232
131 51 438 118 499
335 222 137 367 441
321 119 283 463 380
384 162 12 315 365
405 8 381 483 477
196 39 57 132 166
480 243 295 339 445
375 211 272 2 20
173 210 274 329 77
352 7 389 366 128
346 85 458 38 149
191 344 84 81 182
313 263 10 383 177
120 221 369 75 251
133 325 300 17 155
245 301 278 377 232
131 51 438 118 499
335 222 137 367 441
321 119 283 463 380
384 162 12 315 365
405 8 381 483 477
196 39 57 132 166
480 243 295 339 445
375 211 272 2 20
173 210 274 329 77
352 7 389 366 128
346 85 458 38 149
351 40 76 453 164
191 344 84 81 182
313 263 10 383 177
120 221 369 75 251
133 325 300 17 155
245 301 278 377 232
131 51 438 118 499
335 222 137 367 441
321 119 283 463 380
384 162 12 315 365
405 8 381 483 477
196 39 57 132 166
480 243 295 339 445
375 211 272 2 20
173 210 274 329 77
352 7 389 366 128
346 85 458 38 149
351 40 76 453 164
355 370 332 486 271
191 344 84 81 182
313 263 10 383 177
120 221 369 75 251
133 325 300 17 155
245 301 278 377 232
131 51 438 118 499
335 222 137 367 441
321 119 283 463 380
384 162 12 315 365
405 8 381 483 477
196 39 57 132 166
480 243 295 339 445
375 211 272 2 20
173 210 274 329 77
352 7 389 366 128
346 85 458 38 149
351 40 76 453 164
355 370 332 486 271
65 424 24 224 461
191 344 84 81 182
313 263 10 383 177
120 221 369 75 251
133 325 300 17 155
245 301 278 377 232
131 51 438 118 499
335 222 137 367 441
321 119 283 463 380
384 162 12 315 365
405 8 381 483 477
196 39 57 132 166
480 243 295 339 445
375 211 272 2 20
173 210 274 329 77
352 7 389 366 128
346 85 458 38 149
351 40 76 453 164
355 370 332 486 271
65 424 24 224 461
469 341 229 487 491
191 344 84 81 182
313 263 10 383 177
120 221 369 75 251
133 325 300 17 155
245 301 278 377 232
131 51 438 118 499
335 222 137 367 441
321 119 283 463 380
384 162 12 315 365
405 8 381 483 477
196 39 57 132 166
480 243 295 339 445
375 211 272 2 20
173 210 274 329 77
352 7 389 366 128
346 85 458 38 149
351 40 76 453 164
355 370 332 486 271
65 424 24 224 461
469 341 229 487 491
471 142 236 421 336
191 344 84 81 182
313 263 10 383 177
120 221 369 75 251
133 325 300 17 155
245 301 278 377 232
131 51 438 118 499
335 222 137 367 441
321 119 283 463 380
384 162 12 315 365
405 8 381 483 477
196 39 57 132 166
480 243 295 339 445
375 211 272 2 20
173 210 274 329 77
352 7 389 366 128
346 85 458 38 149
351 40 76 453 164
355 370 332 486 271
65 424 24 224 461
469 341 229 487 491
471 142 236 421 336
330 5 393 286 136
191 344 84 81 182
313 263 10 383 177
120 221 369 75 251
133 325 300 17 155
245 301 278 377 232
131 51 438 118 499
335 222 137 367 441
321 119 283 463 380
384 162 12 315 365
405 8 381 483 477
196 39 57 132 166
480 243 295 339 445
375 211 272 2 20
173 210 274 329 77
352 7 389 366 128
346 85 458 38 149
351 40 76 453 164
355 370 332 486 271
65 424 24 224 461
469 341 229 487 491
471 142 236 421 336
330 5 393 286 136
474 264 281 430 297
191 344 84 81 182
313 263 10 383 177
120 221 369 75 251
133 325 300 17 155
245 301 278 377 232
131 51 438 118 499
335 222 137 367 441
321 119 283 463 380
384 162 12 315 365
405 8 381 483 477
196 39 57 132 166
480 243 295 339 445
375 211 272 2 20
173 210 274 329 77
352 7 389 366 128
346 85 458 38 149
351 40 76 453 164
355 370 332 486 271
65 424 24 224 461
469 341 229 487 491
471 142 236 421 336
330 5 393 286 136
474 264 281 430 297
21 88 409 31 103
191 344 84 81 182
313 263 10 383 177
120 221 369 75 251
133 325 300 17 155
245 301 278 377 232
131 51 438 118 499
335 222 137 367 441
321 119 283 463 380
384 162 12 315 365
405 8 381 483 477
196 39 57 132 166
480 243 295 339 445
375 211 272 2 20
173 210 274 329 77
352 7 389 366 128
346 85 458 38 149
351 40 76 453 164
355 370 332 486 271
65 424 24 224 461
469 341 229 487 491
471 142 236 421 336
330 5 393 286 136
474 264 281 430 297
21 88 409 31 103
107 314 231 422 199
191 344 84 81 182
313 263 10 383 177
120 221 369 75 251
133 325 300 17 155
245 301 278 377 232
131 51 438 118 499
335 222 137 367 441
321 119 283 463 380
384 162 12 315 365
405 8 381 483 477
196 39 57 132 166
480 243 295 339 445
375 211 272 2 20
173 210 274 329 77
352 7 389 366 128
346 85 458 38 149
351 40 76 453 164
355 370 332 486 271
65 424 24 224 461
469 341 229 487 491
471 142 236 421 336
330 5 393 286 136
474 264 281 430 297
21 88 409 31 103
107 314 231 422 199
115 3 415 320 1
191 344 84 81 182
313 263 10 383 177
120 221 369 75 251
133 325 300 17 155
245 301 278 377 232
131 51 438 118 499
335 222 137 367 441
321 119 283 463 380
384 162 12 315 365
405 8 381 483 477
196 39 57 132 166
480 243 295 339 445
375 211 272 2 20
173 210 274 329 77
352 7 389 366 128
346 85 458 38 149
351 40 76 453 164
355 370 332 486 271
65 424 24 224 461
469 341 229 487 491
471 142 236 421 336
330 5 393 286 136
474 264 281 430 297
21 88 409 31 103
107 314 231 422 199
115 3 415 320 1
206 71 72 484 33
191 344 84 81 182
313 263 10 383 177
120 221 369 75 251
133 325 300 17 155
245 301 278 377 232
131 51 438 118 499
335 222 137 367 441
321 119 283 463 380
384 162 12 315 365
405 8 381 483 477
196 39 57 132 166
480 243 295 339 445
375 211 272 2 20
173 210 274 329 77
352 7 389 366 128
346 85 458 38 149
351 40 76 453 164
355 370 332 486 271
65 424 24 224 461
469 341 229 487 491
471 142 236 421 336
330 5 393 286 136
474 264 281 430 297
21 88 409 31 103
107 314 231 422 199
115 3 415 320 1
206 71 72 484 33
254 235 392 147 253
191 344 84 81 182
313 263 10 383 177
120 221 369 75 251
133 325 300 17 155
245 301 278 377 232
131 51 438 118 499
335 222 137 367 441
321 119 283 463 380
384 162 12 315 365
405 8 381 483 477
196 39 57 132 166
480 243 295 339 445
375 211 272 2 20
173 210 274 329 77
352 7 389 366 128
346 85 458 38 149
351 40 76 453 164
355 370 332 486 271
65 424 24 224 461
469 341 229 487 491
471 142 236 421 336
330 5 393 286 136
474 264 281 430 297
21 88 409 31 103
107 314 231 422 199
115 3 415 320 1
206 71 72 484 33
254 235 392 147 253
324 447 108 83 390
191 344 84 81 182
313 263 10 383 177
120 221 369 75 251
133 325 300 17 155
245 301 278 377 232
131 51 438 118 499
335 222 137 367 441
321 119 283 463 380
384 162 12 315 365
405 8 381 483 477
196 39 57 132 166
480 243 295 339 445
375 211 272 2 20
173 210 274 329 77
352 7 389 366 128
346 85 458 38 149
351 40 76 453 164
355 370 332 486 271
65 424 24 224 461
469 341 229 487 491
471 142 236 421 336
330 5 393 286 136
474 264 281 430 297
21 88 409 31 103
107 314 231 422 199
115 3 415 320 1
206 71 72 484 33
254 235 392 147 253
324 447 108 83 390
218 55 444 476 403
191 344 84 81 182
313 263 10 383 177
120 221 369 75 251
133 325 300 17 155
245 301 278 377 232
131 51 438 118 499
335 222 137 367 441
321 119 283 463 380
384 162 12 315 365
405 8 381 483 477
196 39 57 132 166
480 243 295 339 445
375 211 272 2 20
173 210 274 329 77
352 7 389 366 128
346 85 458 38 149
351 40 76 453 164
355 370 332 486 271
65 424 24 224 461
469 341 229 487 491
471 142 236 421 336
330 5 393 286 136
474 264 281 430 297
21 88 409 31 103
107 314 231 422 199
115 3 415 320 1
206 71 72 484 33
254 235 392 147 253
324 447 108 83 390
218 55 444 476 403
174 69 194 443 214
191 344 84 81 182
313 263 10 383 177
120 221 369 75 251
133 325 300 17 155
245 301 278 377 232
131 51 438 118 499
335 222 137 367 441
321 119 283 463 380
384 162 12 315 365
405 8 381 483 477
196 39 57 132 166
480 243 295 339 445
375 211 272 2 20
173 210 274 329 77
352 7 389 366 128
346 85 458 38 149
351 40 76 453 164
355 370 332 486 271
65 424 24 224 461
469 341 229 487 491
471 142 236 421 336
330 5 393 286 136
474 264 281 430 297
21 88 409 31 103
107 314 231 422 199
115 3 415 320 1
206 71 72 484 33
254 235 392 147 253
324 447 108 83 390
218 55 444 476 403
174 69 194 443 214
52 493 152 193 349
191 344 84 81 182
313 263 10 383 177
120 221 369 75 251
133 325 300 17 155
245 301 278 377 232
131 51 438 118 499
335 222 137 367 441
321 119 283 463 380
384 162 12 315 365
405 8 381 483 477
196 39 57 132 166
480 243 295 339 445
375 211 272 2 20
173 210 274 329 77
352 7 389 366 128
346 85 458 38 149
351 40 76 453 164
355 370 332 486 271
65 424 24 224 461
469 341 229 487 491
471 142 236 421 336
330 5 393 286 136
474 264 281 430 297
21 88 409 31 103
107 314 231 422 199
115 3 415 320 1
206 71 72 484 33
254 235 392 147 253
324 447 108 83 390
218 55 444 476 403
174 69 194 443 214
52 493 152 193 349
481 259 109 90 448
191 344 84 81 182
313 263 10 383 177
120 221 369 75 251
133 325 300 17 155
245 301 278 377 232
131 51 438 118 499
335 222 137 367 441
321 119 283 463 380
384 162 12 315 365
405 8 381 483 477
196 39 57 132 166
480 243 295 339 445
375 211 272 2 20
173 210 274 329 77
352 7 389 366 128
346 85 458 38 149
351 40 76 453 164
355 370 332 486 271
65 424 24 224 461
469 341 229 487 491
471 142 236 421 336
330 5 393 286 136
474 264 281 430 297
21 88 409 31 103
107 314 231 422 199
115 3 415 320 1
206 71 72 484 33
254 235 392 147 253
324 447 108 83 390
218 55 444 476 403
174 69 194 443 214
52 493 152 193 349
481 259 109 90 448
53 451 412 331 265
191 344 84 81 182
313 263 10 383 177
120 221 369 75 251
133 325 300 17 155
245 301 278 377 232
131 51 438 118 499
335 222 137 367 441
321 119 283 463 380
384 162 12 315 365
405 8 381 483 477
196 39 57 132 166
480 243 295 339 445
375 211 272 2 20
173 210 274 329 77
352 7 389 366 128
346 85 458 38 149
351 40 76 453 164
355 370 332 486 271
65 424 24 224 461
469 341 229 487 491
471 142 236 421 336
330 5 393 286 136
474 264 281 430 297
21 88 409 31 103
107 314 231 422 199
115 3 415 320 1
206 71 72 484 33
254 235 392 147 253
324 447 108 83 390
218 55 444 476 403
174 69 194 443 214
52 493 152 193 349
481 259 109 90 448
53 451 412 331 265
294 364 359 255 105
191 344 84 81 182
313 263 10 383 177
120 221 369 75 251
133 325 300 17 155
245 301 278 377 232
131 51 438 118 499
335 222 137 367 441
321 119 283 463 380
384 162 12 315 365
405 8 381 483 477
196 39 57 132 166
480 243 295 339 445
375 211 272 2 20
173 210 274 329 77
352 7 389 366 128
346 85 458 38 149
351 40 76 453 164
355 370 332 486 271
65 424 24 224 461
469 341 229 487 491
471 142 236 421 336
330 5 393 286 136
474 264 281 430 297
21 88 409 31 103
107 314 231 422 199
115 3 415 320 1
206 71 72 484 33
254 235 392 147 253
324 447 108 83 390
218 55 444 476 403
174 69 194 443 214
52 493 152 193 349
481 259 109 90 448
53 451 412 331 265
294 364 359 255 105
348 126 150 439 478
191 344 84 81 182
313 263 10 383 177
120 221 369 75 251
133 325 300 17 155
245 301 278 377 232
131 51 438 118 499
335 222 137 367 441
321 119 283 463 380
384 162 12 315 365
405 8 381 483 477
196 39 57 132 166
480 243 295 339 445
375 211 272 2 20
173 210 274 329 77
352 7 389 366 128
346 85 458 38 149
351 40 76 453 164
355 370 332 486 271
65 424 24 224 461
469 341 229 487 491
471 142 236 421 336
330 5 393 286 136
474 264 281 430 297
21 88 409 31 103
107 314 231 422 199
115 3 415 320 1
206 71 72 484 33
254 235 392 147 253
324 447 108 83 390
218 55 444 476 403
174 69 194 443 214
52 493 152 193 349
481 259 109 90 448
53 451 412 331 265
294 364 359 255 105
348 126 150 439 478
299 452 457 437 284
191 344 84 81 182
313 263 10 383 177
120 221 369 75 251
133 325 300 17 155
245 301 278 377 232
131 51 438 118 499
335 222 137 367 441
321 119 283 463 380
384 162 12 315 365
405 8 381 483 477
196 39 57 132 166
480 243 295 339 445
375 211 272 2 20
173 210 274 329 77
352 7 389 366 128
346 85 458 38 149
351 40 76 453 164
355 370 332 486 271
65 424 24 224 461
469 341 229 487 491
471 142 236 421 336
330 5 393 286 136
474 264 281 430 297
21 88 409 31 103
107 314 231 422 199
115 3 415 320 1
206 71 72 484 33
254 235 392 147 253
324 447 108 83 390
218 55 444 476 403
174 69 194 443 214
52 493 152 193 349
481 259 109 90 448
53 451 412 331 265
294 364 359 255 105
348 126 150 439 478
299 452 457 437 284
192 423 460 158 285
191 344 84 81 182
313 263 10 383 177
120 221 369 75 251
133 325 300 17 155
245 301 278 377 232
131 51 438 118 499
335 222 137 367 441
321 119 283 463 380
384 162 12 315 365
405 8 381 483 477
196 39 57 132 166
480 243 295 339 445
375 211 272 2 20
173 210 274 329 77
352 7 389 366 128
346 85 458 38 149
351 40 76 453 164
355 370 332 486 271
65 424 24 224 461
469 341 229 487 491
471 142 236 421 336
330 5 393 286 136
474 264 281 430 297
21 88 409 31 103
107 314 231 422 199
115 3 415 320 1
206 71 72 484 33
254 235 392 147 253
324 447 108 83 390
218 55 444 476 403
174 69 194 443 214
52 493 152 193 349
481 259 109 90 448
53 451 412 331 265
294 364 359 255 105
348 126 150 439 478
299 452 457 437 284
192 423 460 158 285
386 456 178 111 276
191 344 84 81 182
313 263 10 383 177
120 221 369 75 251
133 325 300 17 155
245 301 278 377 232
131 51 438 118 499
335 222 137 367 441
321 119 283 463 380
384 162 12 315 365
405 8 381 483 477
196 39 57 132 166
480 243 295 339 445
375 211 272 2 20
173 210 274 329 77
352 7 389 366 128
346 85 458 38 149
351 40 76 453 164
355 370 332 486 271
65 424 24 224 461
469 341 229 487 491
471 142 236 421 336
330 5 393 286 136
474 264 281 430 297
21 88 409 31 103
107 314 231 422 199
115 3 415 320 1
206 71 72 484 33
254 235 392 147 253
324 447 108 83 390
218 55 444 476 403
174 69 194 443 214
52 493 152 193 349
481 259 109 90 448
53 451 412 331 265
294 364 359 255 105
348 126 150 439 478
299 452 457 437 284
192 423 460 158 285
386 456 178 111 276
420 134 353 188 170
191 344 84 81 182
313 263 10 383 177
120 221 369 75 251
133 325 300 17 155
245 301 278 377 232
131 51 438 118 499
335 222 137 367 441
321 119 283 463 380
384 162 12 315 365
405 8 381 483 477
196 39 57 132 166
480 243 295 339 445
375 211 272 2 20
173 210 274 329 77
352 7 389 366 128
346 85 458 38 149
351 40 76 453 164
355 370 332 486 271
65 424 24 224 461
469 341 229 487 491
471 142 236 421 336
330 5 393 286 136
474 264 281 430 297
21 88 409 31 103
107 314 231 422 199
115 3 415 320 1
206 71 72 484 33
254 235 392 147 253
324 447 108 83 390
218 55 444 476 403
174 69 194 443 214
52 493 152 193 349
481 259 109 90 448
53 451 412 331 265
294 364 359 255 105
348 126 150 439 478
299 452 457 437 284
192 423 460 158 285
386 456 178 111 276
420 134 353 188 170
93 298 387 47 498
191 344 84 81 182
313 263 10 383 177
120 221 369 75 251
133 325 300 17 155
245 301 278 377 232
131 51 438 118 499
335 222 137 367 441
321 119 283 463 380
384 162 12 315 365
405 8 381 483 477
196 39 57 132 166
480 243 295 339 445
375 211 272 2 20
173 210 274 329 77
352 7 389 366 128
346 85 458 38 149
351 40 76 453 164
355 370 332 486 271
65 424 24 224 461
469 341 229 487 491
471 142 236 421 336
330 5 393 286 136
474 264 281 430 297
21 88 409 31 103
107 314 231 422 199
115 3 415 320 1
206 71 72 484 33
254 235 392 147 253
324 447 108 83 390
218 55 444 476 403
174 69 194 443 214
52 493 152 193 349
481 259 109 90 448
53 451 412 331 265
294 364 359 255 105
348 126 150 439 478
299 452 457 437 284
192 423 460 158 285
386 456 178 111 276
420 134 353 188 170
93 298 387 47 498
124 454 473 19 86
191 344 84 81 182
313 263 10 383 177
120 221 369 75 251
133 325 300 17 155
245 301 278 377 232
131 51 438 118 499
335 222 137 367 441
321 119 283 463 380
384 162 12 315 365
405 8 381 483 477
196 39 57 132 166
480 243 295 339 445
375 211 272 2 20
173 210 274 329 77
352 7 389 366 128
346 85 458 38 149
351 40 76 453 164
355 370 332 486 271
65 424 24 224 461
469 341 229 487 491
471 142 236 421 336
330 5 393 286 136
474 264 281 430 297
21 88 409 31 103
107 314 231 422 199
115 3 415 320 1
206 71 72 484 33
254 235 392 147 253
324 447 108 83 390
218 55 444 476 403
174 69 194 443 214
52 493 152 193 349
481 259 109 90 448
53 451 412 331 265
294 364 359 255 105
348 126 150 439 478
299 452 457 437 284
192 423 460 158 285
386 456 178 111 276
420 134 353 188 170
93 298 387 47 498
124 454 473 19 86
267 465 426 360 327
191 344 84 81 182
313 263 10 383 177
120 221 369 75 251
133 325 300 17 155
245 301 278 377 232
131 51 438 118 499
335 222 137 367 441
321 119 283 463 380
384 162 12 315 365
405 8 381 483 477
196 39 57 132 166
480 243 295 339 445
375 211 272 2 20
173 210 274 329 77
352 7 389 366 128
346 85 458 38 149
351 40 76 453 164
355 370 332 486 271
65 424 24 224 461
469 341 229 487 491
471 142 236 421 336
330 5 393 286 136
474 264 281 430 297
21 88 409 31 103
107 314 231 422 199
115 3 415 320 1
206 71 72 484 33
254 235 392 147 253
324 447 108 83 390
218 55 444 476 403
174 69 194 443 214
52 493 152 193 349
481 259 109 90 448
53 451 412 331 265
294 364 359 255 105
348 126 150 439 478
299 452 457 437 284
192 423 460 158 285
386 456 178 111 276
420 134 353 188 170
93 298 387 47 498
124 454 473 19 86
267 465 426 360 327
36 98 195 13 99
191 344 84 81 182
313 263 10 383 177
120 221 369 75 251
133 325 300 17 155
245 301 278 377 232
131 51 438 118 499
335 222 137 367 441
321 119 283 463 380
384 162 12 315 365
405 8 381 483 477
196 39 57 132 166
480 243 295 339 445
375 211 272 2 20
173 210 274 329 77
352 7 389 366 128
346 85 458 38 149
351 40 76 453 164
355 370 332 486 271
65 424 24 224 461
469 341 229 487 491
471 142 236 421 336
330 5 393 286 136
474 264 281 430 297
21 88 409 31 103
107 314 231 422 199
115 3 415 320 1
206 71 72 484 33
254 235 392 147 253
324 447 108 83 390
218 55 444 476 403
174 69 194 443 214
52 493 152 193 349
481 259 109 90 448
53 451 412 331 265
294 364 359 255 105
348 126 150 439 478
299 452 457 437 284
192 423 460 158 285
386 456 178 111 276
420 134 353 188 170
93 298 387 47 498
124 454 473 19 86
267 465 426 360 327
36 98 195 13 99
201 160 96 208 306
191 344 84 81 182
313 263 10 383 177
120 221 369 75 251
133 325 300 17 155
245 301 278 377 232
131 51 438 118 499
335 222 137 367 441
321 119 283 463 380
384 162 12 315 365
405 8 381 483 477
196 39 57 132 166
480 243 295 339 445
375 211 272 2 20
173 210 274 329 77
352 7 389 366 128
346 85 458 38 149
351 40 76 453 164
355 370 332 486 271
65 424 24 224 461
469 341 229 487 491
471 142 236 421 336
330 5 393 286 136
474 264 281 430 297
21 88 409 31 103
107 314 231 422 199
115 3 415 320 1
206 71 72 484 33
254 235 392 147 253
324 447 108 83 390
218 55 444 476 403
174 69 194 443 214
52 493 152 193 349
481 259 109 90 448
53 451 412 331 265
294 364 359 255 105
348 126 150 439 478
299 452 457 437 284
192 423 460 158 285
386 456 178 111 276
420 134 353 188 170
93 298 387 47 498
124 454 473 19 86
267 465 426 360 327
36 98 195 13 99
201 160 96 208 306
30 167 230 74 411
191 344 84 81 182
313 263 10 383 177
120 221 369 75 251
133 325 300 17 155
245 301 278 377 232
131 51 438 118 499
335 222 137 367 441
321 119 283 463 380
384 162 12 315 365
405 8 381 483 477
196 39 57 132 166
480 243 295 339 445
375 211 272 2 20
173 210 274 329 77
352 7 389 366 128
346 85 458 38 149
351 40 76 453 164
355 370 332 486 271
65 424 24 224 461
469 341 229 487 491
471 142 236 421 336
330 5 393 286 136
474 264 281 430 297
21 88 409 31 103
107 314 231 422 199
115 3 415 320 1
206 71 72 484 33
254 235 392 147 253
324 447 108 83 390
218 55 444 476 403
174 69 194 443 214
52 493 152 193 349
481 259 109 90 448
53 451 412 331 265
294 364 359 255 105
348 126 150 439 478
299 452 457 437 284
192 423 460 158 285
386 456 178 111 276
420 134 353 188 170
93 298 387 47 498
124 454 473 19 86
267 465 426 360 327
36 98 195 13 99
201 160 96 208 306
30 167 230 74 411
368 226 455 305 129
191 344 84 81 182
313 263 10 383 177
120 221 369 75 251
133 325 300 17 155
245 301 278 377 232
131 51 438 118 499
335 222 137 367 441
321 119 283 463 380
384 162 12 315 365
405 8 381 483 477
196 39 57 132 166
480 243 295 339 445
375 211 272 2 20
173 210 274 329 77
352 7 389 366 128
346 85 458 38 149
351 40 76 453 164
355 370 332 486 271
65 424 24 224 461
469 341 229 487 491
471 142 236 421 336
330 5 393 286 136
474 264 281 430 297
21 88 409 31 103
107 314 231 422 199
115 3 415 320 1
206 71 72 484 33
254 235 392 147 253
324 447 108 83 390
218 55 444 476 403
174 69 194 443 214
52 493 152 193 349
481 259 109 90 448
53 451 412 331 265
294 364 359 255 105
348 126 150 439 478
299 452 457 437 284
192 423 460 158 285
386 456 178 111 276
420 134 353 188 170
93 298 387 47 498
124 454 473 19 86
267 465 426 360 327
36 98 195 13 99
201 160 96 208 306
30 167 230 74 411
368 226 455 305 129
45 79 362 138 414
191 344 84 81 182
313 263 10 383 177
120 221 369 75 251
133 325 300 17 155
245 301 278 377 232
131 51 438 118 499
335 222 137 367 441
321 119 283 463 380
384 162 12 315 365
405 8 381 483 477
196 39 57 132 166
480 243 295 339 445
375 211 272 2 20
173 210 274 329 77
352 7 389 366 128
346 85 458 38 149
351 40 76 453 164
355 370 332 486 271
65 424 24 224 461
469 341 229 487 491
471 142 236 421 336
330 5 393 286 136
474 264 281 430 297
21 88 409 31 103
107 314 231 422 199
115 3 415 320 1
206 71 72 484 33
254 235 392 147 253
324 447 108 83 390
218 55 444 476 403
174 69 194 443 214
52 493 152 193 349
481 259 109 90 448
53 451 412 331 265
294 364 359 255 105
348 126 150 439 478
299 452 457 437 284
192 423 460 158 285
386 456 178 111 276
420 134 353 188 170
93 298 387 47 498
124 454 473 19 86
267 465 426 360 327
36 98 195 13 99
201 160 96 208 306
30 167 230 74 411
368 226 455 305 129
45 79 362 138 414
189 322 338 59 256
191 344 84 81 182
313 263 10 383 177
120 221 369 75 251
133 325 300 17 155
245 301 278 377 232
131 51 438 118 499
335 222 137 367 441
321 119 283 463 380
384 162 12 315 365
405 8 381 483 477
196 39 57 132 166
480 243 295 339 445
375 211 272 2 20
173 210 274 329 77
352 7 389 366 128
346 85 458 38 149
351 40 76 453 164
355 370 332 486 271
65 424 24 224 461
469 341 229 487 491
471 142 236 421 336
330 5 393 286 136
474 264 281 430 297
21 88 409 31 103
107 314 231 422 199
115 3 415 320 1
206 71 72 484 33
254 235 392 147 253
324 447 108 83 390
218 55 444 476 403
174 69 194 443 214
52 493 152 193 349
481 259 109 90 448
53 451 412 331 265
294 364 359 255 105
348 126 150 439 478
299 452 457 437 284
192 423 460 158 285
386 456 178 111 276
420 134 353 188 170
93 298 387 47 498
124 454 473 19 86
267 465 426 360 327
36 98 195 13 99
201 160 96 208 306
30 167 230 74 411
368 226 455 305 129
45 79 362 138 414
189 322 338 59 256
61 400
191 344 84 81 182
313 263 10 383 177
120 221 369 75 251
133 325 300 17 155
245 301 278 377 232
131 51 438 118 499
335 222 137 367 441
321 119 283 463 380
384 162 12 315 365
405 8 381 483 477
196 39 57 132 166
480 243 295 339 445
375 211 272 2 20
173 210 274 329 77
352 7 389 366 128
346 85 458 38 149
351 40 76 453 164
355 370 332 486 271
65 424 24 224 461
469 341 229 487 491
471 142 236 421 336
330 5 393 286 136
474 264 281 430 297
21 88 409 31 103
107 314 231 422 199
115 3 415 320 1
206 71 72 484 33
254 235 392 147 253
324 447 108 83 390
218 55 444 476 403
174 69 194 443 214
52 493 152 193 349
481 259 109 90 448
53 451 412 331 265
294 364 359 255 105
348 126 150 439 478
299 452 457 437 284
192 423 460 158 285
386 456 178 111 276
420 134 353 188 170
93 298 387 47 498
124 454 473 19 86
267 465 426 360 327
36 98 195 13 99
201 160 96 208 306
30 167 230 74 411
368 226 455 305 129
45 79 362 138 414
189 322 338 59 256
61 400
198 159 382
