46 114 11 116 12
91 97 153 45 87
25 80 137 142 145
101 160 26 179 144
146 157 123 47 93
38 106 10 27 34
15 66 69 323 14
147 429 56 151 23
110 476 35 51 8
431 188 4 126 148
139 444 20 103 105
165 182 412 6 21
134 410 184 17 36
158 498 78 92 130
357 122 99 119 166
231 29 32 74 176
202 135 5 22 161
79 33 61 159 226
273 41 88 18 70
98 173 473 43 136
331 111 81 59 63
332 189 62 24 177
84 190 435 124 181
327 75 115 125 131
264 424 143 172 16
322 28 156 163 248
358 375 68 117 37
361 460 19 85 96
310 360 42 132 187
235 317 3 71 196
394 416 2 141 162
214 254 7 52 199
399 149 152 233 60
337 246 109 140 192
112 216 118 277 108
340 169 185 76 213
334 418 154 94 72
477 336 58 121 170
462 330 49 113 194
268 150 423 427 178
261 343 447 31 64
201 467 120 237 30
283 468 186 193 255
487 259 195 82 270
407 183 219 247 167
450 67 127 496 245
191 306 309 95 282
86 354 395 449 492
274 221 333 482 128
328 374 478 325 83
65 73 164
400 425
