250 268 333 101 177
250 268 333 101 177
277 29 293 211 262
250 268 333 101 177
277 29 293 211 262
26 35 260 283 3
250 268 333 101 177
277 29 293 211 262
26 35 260 283 3
212 53 389 287 411
250 268 333 101 177
277 29 293 211 262
26 35 260 283 3
212 53 389 287 411
472 450 236 52 463
250 268 333 101 177
277 29 293 211 262
26 35 260 283 3
212 53 389 287 411
472 450 236 52 463
42 494 81 328 93
250 268 333 101 177
277 29 293 211 262
26 35 260 283 3
212 53 389 287 411
472 450 236 52 463
42 494 81 328 93
32 102 294 216 105
250 268 333 101 177
277 29 293 211 262
26 35 260 283 3
212 53 389 287 411
472 450 236 52 463
42 494 81 328 93
32 102 294 216 105
231 7 291 281 12
250 268 333 101 177
277 29 293 211 262
26 35 260 283 3
212 53 389 287 411
472 450 236 52 463
42 494 81 328 93
32 102 294 216 105
231 7 291 281 12
189 429 435 194 384
250 268 333 101 177
277 29 293 211 262
26 35 260 283 3
212 53 389 287 411
472 450 236 52 463
42 494 81 328 93
32 102 294 216 105
231 7 291 281 12
189 429 435 194 384
302 273 312 8 0
250 268 333 101 177
277 29 293 211 262
26 35 260 283 3
212 53 389 287 411
472 450 236 52 463
42 494 81 328 93
32 102 294 216 105
231 7 291 281 12
189 429 435 194 384
302 273 312 8 0
347 267 219 223 451
250 268 333 101 177
277 29 293 211 262
26 35 260 283 3
212 53 389 287 411
472 450 236 52 463
42 494 81 328 93
32 102 294 216 105
231 7 291 281 12
189 429 435 194 384
302 273 312 8 0
347 267 219 223 451
62 348 190 109 77
250 268 333 101 177
277 29 293 211 262
26 35 260 283 3
212 53 389 287 411
472 450 236 52 463
42 494 81 328 93
32 102 294 216 105
231 7 291 281 12
189 429 435 194 384
302 273 312 8 0
347 267 219 223 451
62 348 190 109 77
313 439 464 462 469
250 268 333 101 177
277 29 293 211 262
26 35 260 283 3
212 53 389 287 411
472 450 236 52 463
42 494 81 328 93
32 102 294 216 105
231 7 291 281 12
189 429 435 194 384
302 273 312 8 0
347 267 219 223 451
62 348 190 109 77
313 439 464 462 469
108 86 309 473 432
250 268 333 101 177
277 29 293 211 262
26 35 260 283 3
212 53 389 287 411
472 450 236 52 463
42 494 81 328 93
32 102 294 216 105
231 7 291 281 12
189 429 435 194 384
302 273 312 8 0
347 267 219 223 451
62 348 190 109 77
313 439 464 462 469
108 86 309 473 432
5 80 356 402 405
250 268 333 101 177
277 29 293 211 262
26 35 260 283 3
212 53 389 287 411
472 450 236 52 463
42 494 81 328 93
32 102 294 216 105
231 7 291 281 12
189 429 435 194 384
302 273 312 8 0
347 267 219 223 451
62 348 190 109 77
313 439 464 462 469
108 86 309 473 432
5 80 356 402 405
149 157 480 73 89
250 268 333 101 177
277 29 293 211 262
26 35 260 283 3
212 53 389 287 411
472 450 236 52 463
42 494 81 328 93
32 102 294 216 105
231 7 291 281 12
189 429 435 194 384
302 273 312 8 0
347 267 219 223 451
62 348 190 109 77
313 439 464 462 469
108 86 309 473 432
5 80 356 402 405
149 157 480 73 89
234 372 100 171 129
250 268 333 101 177
277 29 293 211 262
26 35 260 283 3
212 53 389 287 411
472 450 236 52 463
42 494 81 328 93
32 102 294 216 105
231 7 291 281 12
189 429 435 194 384
302 273 312 8 0
347 267 219 223 451
62 348 190 109 77
313 439 464 462 469
108 86 309 473 432
5 80 356 402 405
149 157 480 73 89
234 372 100 171 129
393 452 467 479 445
250 268 333 101 177
277 29 293 211 262
26 35 260 283 3
212 53 389 287 411
472 450 236 52 463
42 494 81 328 93
32 102 294 216 105
231 7 291 281 12
189 429 435 194 384
302 273 312 8 0
347 267 219 223 451
62 348 190 109 77
313 439 464 462 469
108 86 309 473 432
5 80 356 402 405
149 157 480 73 89
234 372 100 171 129
393 452 467 479 445
120 449 391 24 319
250 268 333 101 177
277 29 293 211 262
26 35 260 283 3
212 53 389 287 411
472 450 236 52 463
42 494 81 328 93
32 102 294 216 105
231 7 291 281 12
189 429 435 194 384
302 273 312 8 0
347 267 219 223 451
62 348 190 109 77
313 439 464 462 469
108 86 309 473 432
5 80 356 402 405
149 157 480 73 89
234 372 100 171 129
393 452 467 479 445
120 449 391 24 319
221 369 249 349 55
250 268 333 101 177
277 29 293 211 262
26 35 260 283 3
212 53 389 287 411
472 450 236 52 463
42 494 81 328 93
32 102 294 216 105
231 7 291 281 12
189 429 435 194 384
302 273 312 8 0
347 267 219 223 451
62 348 190 109 77
313 439 464 462 469
108 86 309 473 432
5 80 356 402 405
149 157 480 73 89
234 372 100 171 129
393 452 467 479 445
120 449 391 24 319
221 369 249 349 55
478 418 329 470 143
250 268 333 101 177
277 29 293 211 262
26 35 260 283 3
212 53 389 287 411
472 450 236 52 463
42 494 81 328 93
32 102 294 216 105
231 7 291 281 12
189 429 435 194 384
302 273 312 8 0
347 267 219 223 451
62 348 190 109 77
313 439 464 462 469
108 86 309 473 432
5 80 356 402 405
149 157 480 73 89
234 372 100 171 129
393 452 467 479 445
120 449 391 24 319
221 369 249 349 55
478 418 329 470 143
27 182 346 251 184
250 268 333 101 177
277 29 293 211 262
26 35 260 283 3
212 53 389 287 411
472 450 236 52 463
42 494 81 328 93
32 102 294 216 105
231 7 291 281 12
189 429 435 194 384
302 273 312 8 0
347 267 219 223 451
62 348 190 109 77
313 439 464 462 469
108 86 309 473 432
5 80 356 402 405
149 157 480 73 89
234 372 100 171 129
393 452 467 479 445
120 449 391 24 319
221 369 249 349 55
478 418 329 470 143
27 182 346 251 184
422 60 265 377 195
250 268 333 101 177
277 29 293 211 262
26 35 260 283 3
212 53 389 287 411
472 450 236 52 463
42 494 81 328 93
32 102 294 216 105
231 7 291 281 12
189 429 435 194 384
302 273 312 8 0
347 267 219 223 451
62 348 190 109 77
313 439 464 462 469
108 86 309 473 432
5 80 356 402 405
149 157 480 73 89
234 372 100 171 129
393 452 467 479 445
120 449 391 24 319
221 369 249 349 55
478 418 329 470 143
27 182 346 251 184
422 60 265 377 195
172 484 373 425 193
250 268 333 101 177
277 29 293 211 262
26 35 260 283 3
212 53 389 287 411
472 450 236 52 463
42 494 81 328 93
32 102 294 216 105
231 7 291 281 12
189 429 435 194 384
302 273 312 8 0
347 267 219 223 451
62 348 190 109 77
313 439 464 462 469
108 86 309 473 432
5 80 356 402 405
149 157 480 73 89
234 372 100 171 129
393 452 467 479 445
120 449 391 24 319
221 369 249 349 55
478 418 329 470 143
27 182 346 251 184
422 60 265 377 195
172 484 373 425 193
130 257 247 34 315
250 268 333 101 177
277 29 293 211 262
26 35 260 283 3
212 53 389 287 411
472 450 236 52 463
42 494 81 328 93
32 102 294 216 105
231 7 291 281 12
189 429 435 194 384
302 273 312 8 0
347 267 219 223 451
62 348 190 109 77
313 439 464 462 469
108 86 309 473 432
5 80 356 402 405
149 157 480 73 89
234 372 100 171 129
393 452 467 479 445
120 449 391 24 319
221 369 249 349 55
478 418 329 470 143
27 182 346 251 184
422 60 265 377 195
172 484 373 425 193
130 257 247 34 315
152 441 30 325 351
250 268 333 101 177
277 29 293 211 262
26 35 260 283 3
212 53 389 287 411
472 450 236 52 463
42 494 81 328 93
32 102 294 216 105
231 7 291 281 12
189 429 435 194 384
302 273 312 8 0
347 267 219 223 451
62 348 190 109 77
313 439 464 462 469
108 86 309 473 432
5 80 356 402 405
149 157 480 73 89
234 372 100 171 129
393 452 467 479 445
120 449 391 24 319
221 369 249 349 55
478 418 329 470 143
27 182 346 251 184
422 60 265 377 195
172 484 373 425 193
130 257 247 34 315
152 441 30 325 351
76 362 444 275 392
250 268 333 101 177
277 29 293 211 262
26 35 260 283 3
212 53 389 287 411
472 450 236 52 463
42 494 81 328 93
32 102 294 216 105
231 7 291 281 12
189 429 435 194 384
302 273 312 8 0
347 267 219 223 451
62 348 190 109 77
313 439 464 462 469
108 86 309 473 432
5 80 356 402 405
149 157 480 73 89
234 372 100 171 129
393 452 467 479 445
120 449 391 24 319
221 369 249 349 55
478 418 329 470 143
27 182 346 251 184
422 60 265 377 195
172 484 373 425 193
130 257 247 34 315
152 441 30 325 351
76 362 444 275 392
246 285 82 483 388
250 268 333 101 177
277 29 293 211 262
26 35 260 283 3
212 53 389 287 411
472 450 236 52 463
42 494 81 328 93
32 102 294 216 105
231 7 291 281 12
189 429 435 194 384
302 273 312 8 0
347 267 219 223 451
62 348 190 109 77
313 439 464 462 469
108 86 309 473 432
5 80 356 402 405
149 157 480 73 89
234 372 100 171 129
393 452 467 479 445
120 449 391 24 319
221 369 249 349 55
478 418 329 470 143
27 182 346 251 184
422 60 265 377 195
172 484 373 425 193
130 257 247 34 315
152 441 30 325 351
76 362 444 275 392
246 285 82 483 388
151 366 361 493 68
250 268 333 101 177
277 29 293 211 262
26 35 260 283 3
212 53 389 287 411
472 450 236 52 463
42 494 81 328 93
32 102 294 216 105
231 7 291 281 12
189 429 435 194 384
302 273 312 8 0
347 267 219 223 451
62 348 190 109 77
313 439 464 462 469
108 86 309 473 432
5 80 356 402 405
149 157 480 73 89
234 372 100 171 129
393 452 467 479 445
120 449 391 24 319
221 369 249 349 55
478 418 329 470 143
27 182 346 251 184
422 60 265 377 195
172 484 373 425 193
130 257 247 34 315
152 441 30 325 351
76 362 444 275 392
246 285 82 483 388
151 366 361 493 68
301 154 181 87 343
250 268 333 101 177
277 29 293 211 262
26 35 260 283 3
212 53 389 287 411
472 450 236 52 463
42 494 81 328 93
32 102 294 216 105
231 7 291 281 12
189 429 435 194 384
302 273 312 8 0
347 267 219 223 451
62 348 190 109 77
313 439 464 462 469
108 86 309 473 432
5 80 356 402 405
149 157 480 73 89
234 372 100 171 129
393 452 467 479 445
120 449 391 24 319
221 369 249 349 55
478 418 329 470 143
27 182 346 251 184
422 60 265 377 195
172 484 373 425 193
130 257 247 34 315
152 441 30 325 351
76 362 444 275 392
246 285 82 483 388
151 366 361 493 68
301 154 181 87 343
300 169 197 365 352
250 268 333 101 177
277 29 293 211 262
26 35 260 283 3
212 53 389 287 411
472 450 236 52 463
42 494 81 328 93
32 102 294 216 105
231 7 291 281 12
189 429 435 194 384
302 273 312 8 0
347 267 219 223 451
62 348 190 109 77
313 439 464 462 469
108 86 309 473 432
5 80 356 402 405
149 157 480 73 89
234 372 100 171 129
393 452 467 479 445
120 449 391 24 319
221 369 249 349 55
478 418 329 470 143
27 182 346 251 184
422 60 265 377 195
172 484 373 425 193
130 257 247 34 315
152 441 30 325 351
76 362 444 275 392
246 285 82 483 388
151 366 361 493 68
301 154 181 87 343
300 169 197 365 352
345 252 44 338 404
250 268 333 101 177
277 29 293 211 262
26 35 260 283 3
212 53 389 287 411
472 450 236 52 463
42 494 81 328 93
32 102 294 216 105
231 7 291 281 12
189 429 435 194 384
302 273 312 8 0
347 267 219 223 451
62 348 190 109 77
313 439 464 462 469
108 86 309 473 432
5 80 356 402 405
149 157 480 73 89
234 372 100 171 129
393 452 467 479 445
120 449 391 24 319
221 369 249 349 55
478 418 329 470 143
27 182 346 251 184
422 60 265 377 195
172 484 373 425 193
130 257 247 34 315
152 441 30 325 351
76 362 444 275 392
246 285 82 483 388
151 366 361 493 68
301 154 181 87 343
300 169 197 365 352
345 252 44 338 404
289 299 241 180 198
250 268 333 101 177
277 29 293 211 262
26 35 260 283 3
212 53 389 287 411
472 450 236 52 463
42 494 81 328 93
32 102 294 216 105
231 7 291 281 12
189 429 435 194 384
302 273 312 8 0
347 267 219 223 451
62 348 190 109 77
313 439 464 462 469
108 86 309 473 432
5 80 356 402 405
149 157 480 73 89
234 372 100 171 129
393 452 467 479 445
120 449 391 24 319
221 369 249 349 55
478 418 329 470 143
27 182 346 251 184
422 60 265 377 195
172 484 373 425 193
130 257 247 34 315
152 441 30 325 351
76 362 444 275 392
246 285 82 483 388
151 366 361 493 68
301 154 181 87 343
300 169 197 365 352
345 252 44 338 404
289 299 241 180 198
482 203 492 21 91
250 268 333 101 177
277 29 293 211 262
26 35 260 283 3
212 53 389 287 411
472 450 236 52 463
42 494 81 328 93
32 102 294 216 105
231 7 291 281 12
189 429 435 194 384
302 273 312 8 0
347 267 219 223 451
62 348 190 109 77
313 439 464 462 469
108 86 309 473 432
5 80 356 402 405
149 157 480 73 89
234 372 100 171 129
393 452 467 479 445
120 449 391 24 319
221 369 249 349 55
478 418 329 470 143
27 182 346 251 184
422 60 265 377 195
172 484 373 425 193
130 257 247 34 315
152 441 30 325 351
76 362 444 275 392
246 285 82 483 388
151 366 361 493 68
301 154 181 87 343
300 169 197 365 352
345 252 44 338 404
289 299 241 180 198
482 203 492 21 91
403 426 488 245 354
250 268 333 101 177
277 29 293 211 262
26 35 260 283 3
212 53 389 287 411
472 450 236 52 463
42 494 81 328 93
32 102 294 216 105
231 7 291 281 12
189 429 435 194 384
302 273 312 8 0
347 267 219 223 451
62 348 190 109 77
313 439 464 462 469
108 86 309 473 432
5 80 356 402 405
149 157 480 73 89
234 372 100 171 129
393 452 467 479 445
120 449 391 24 319
221 369 249 349 55
478 418 329 470 143
27 182 346 251 184
422 60 265 377 195
172 484 373 425 193
130 257 247 34 315
152 441 30 325 351
76 362 444 275 392
246 285 82 483 388
151 366 361 493 68
301 154 181 87 343
300 169 197 365 352
345 252 44 338 404
289 299 241 180 198
482 203 492 21 91
403 426 488 245 354
367 167 97 321 433
250 268 333 101 177
277 29 293 211 262
26 35 260 283 3
212 53 389 287 411
472 450 236 52 463
42 494 81 328 93
32 102 294 216 105
231 7 291 281 12
189 429 435 194 384
302 273 312 8 0
347 267 219 223 451
62 348 190 109 77
313 439 464 462 469
108 86 309 473 432
5 80 356 402 405
149 157 480 73 89
234 372 100 171 129
393 452 467 479 445
120 449 391 24 319
221 369 249 349 55
478 418 329 470 143
27 182 346 251 184
422 60 265 377 195
172 484 373 425 193
130 257 247 34 315
152 441 30 325 351
76 362 444 275 392
246 285 82 483 388
151 366 361 493 68
301 154 181 87 343
300 169 197 365 352
345 252 44 338 404
289 299 241 180 198
482 203 492 21 91
403 426 488 245 354
367 167 97 321 433
94 13 350 4 150
250 268 333 101 177
277 29 293 211 262
26 35 260 283 3
212 53 389 287 411
472 450 236 52 463
42 494 81 328 93
32 102 294 216 105
231 7 291 281 12
189 429 435 194 384
302 273 312 8 0
347 267 219 223 451
62 348 190 109 77
313 439 464 462 469
108 86 309 473 432
5 80 356 402 405
149 157 480 73 89
234 372 100 171 129
393 452 467 479 445
120 449 391 24 319
221 369 249 349 55
478 418 329 470 143
27 182 346 251 184
422 60 265 377 195
172 484 373 425 193
130 257 247 34 315
152 441 30 325 351
76 362 444 275 392
246 285 82 483 388
151 366 361 493 68
301 154 181 87 343
300 169 197 365 352
345 252 44 338 404
289 299 241 180 198
482 203 492 21 91
403 426 488 245 354
367 167 97 321 433
94 13 350 4 150
413 175 142 239 399
250 268 333 101 177
277 29 293 211 262
26 35 260 283 3
212 53 389 287 411
472 450 236 52 463
42 494 81 328 93
32 102 294 216 105
231 7 291 281 12
189 429 435 194 384
302 273 312 8 0
347 267 219 223 451
62 348 190 109 77
313 439 464 462 469
108 86 309 473 432
5 80 356 402 405
149 157 480 73 89
234 372 100 171 129
393 452 467 479 445
120 449 391 24 319
221 369 249 349 55
478 418 329 470 143
27 182 346 251 184
422 60 265 377 195
172 484 373 425 193
130 257 247 34 315
152 441 30 325 351
76 362 444 275 392
246 285 82 483 388
151 366 361 493 68
301 154 181 87 343
300 169 197 365 352
345 252 44 338 404
289 299 241 180 198
482 203 492 21 91
403 426 488 245 354
367 167 97 321 433
94 13 350 4 150
413 175 142 239 399
342 57 290 331 468
250 268 333 101 177
277 29 293 211 262
26 35 260 283 3
212 53 389 287 411
472 450 236 52 463
42 494 81 328 93
32 102 294 216 105
231 7 291 281 12
189 429 435 194 384
302 273 312 8 0
347 267 219 223 451
62 348 190 109 77
313 439 464 462 469
108 86 309 473 432
5 80 356 402 405
149 157 480 73 89
234 372 100 171 129
393 452 467 479 445
120 449 391 24 319
221 369 249 349 55
478 418 329 470 143
27 182 346 251 184
422 60 265 377 195
172 484 373 425 193
130 257 247 34 315
152 441 30 325 351
76 362 444 275 392
246 285 82 483 388
151 366 361 493 68
301 154 181 87 343
300 169 197 365 352
345 252 44 338 404
289 299 241 180 198
482 203 492 21 91
403 426 488 245 354
367 167 97 321 433
94 13 350 4 150
413 175 142 239 399
342 57 290 331 468
459 206 110 337 117
250 268 333 101 177
277 29 293 211 262
26 35 260 283 3
212 53 389 287 411
472 450 236 52 463
42 494 81 328 93
32 102 294 216 105
231 7 291 281 12
189 429 435 194 384
302 273 312 8 0
347 267 219 223 451
62 348 190 109 77
313 439 464 462 469
108 86 309 473 432
5 80 356 402 405
149 157 480 73 89
234 372 100 171 129
393 452 467 479 445
120 449 391 24 319
221 369 249 349 55
478 418 329 470 143
27 182 346 251 184
422 60 265 377 195
172 484 373 425 193
130 257 247 34 315
152 441 30 325 351
76 362 444 275 392
246 285 82 483 388
151 366 361 493 68
301 154 181 87 343
300 169 197 365 352
345 252 44 338 404
289 299 241 180 198
482 203 492 21 91
403 426 488 245 354
367 167 97 321 433
94 13 350 4 150
413 175 142 239 399
342 57 290 331 468
459 206 110 337 117
486 178 144 17 305
250 268 333 101 177
277 29 293 211 262
26 35 260 283 3
212 53 389 287 411
472 450 236 52 463
42 494 81 328 93
32 102 294 216 105
231 7 291 281 12
189 429 435 194 384
302 273 312 8 0
347 267 219 223 451
62 348 190 109 77
313 439 464 462 469
108 86 309 473 432
5 80 356 402 405
149 157 480 73 89
234 372 100 171 129
393 452 467 479 445
120 449 391 24 319
221 369 249 349 55
478 418 329 470 143
27 182 346 251 184
422 60 265 377 195
172 484 373 425 193
130 257 247 34 315
152 441 30 325 351
76 362 444 275 392
246 285 82 483 388
151 366 361 493 68
301 154 181 87 343
300 169 197 365 352
345 252 44 338 404
289 299 241 180 198
482 203 492 21 91
403 426 488 245 354
367 167 97 321 433
94 13 350 4 150
413 175 142 239 399
342 57 290 331 468
459 206 110 337 117
486 178 144 17 305
61 124 128 50 475
250 268 333 101 177
277 29 293 211 262
26 35 260 283 3
212 53 389 287 411
472 450 236 52 463
42 494 81 328 93
32 102 294 216 105
231 7 291 281 12
189 429 435 194 384
302 273 312 8 0
347 267 219 223 451
62 348 190 109 77
313 439 464 462 469
108 86 309 473 432
5 80 356 402 405
149 157 480 73 89
234 372 100 171 129
393 452 467 479 445
120 449 391 24 319
221 369 249 349 55
478 418 329 470 143
27 182 346 251 184
422 60 265 377 195
172 484 373 425 193
130 257 247 34 315
152 441 30 325 351
76 362 444 275 392
246 285 82 483 388
151 366 361 493 68
301 154 181 87 343
300 169 197 365 352
345 252 44 338 404
289 299 241 180 198
482 203 492 21 91
403 426 488 245 354
367 167 97 321 433
94 13 350 4 150
413 175 142 239 399
342 57 290 331 468
459 206 110 337 117
486 178 144 17 305
61 124 128 50 475
303 200 409 487 127
250 268 333 101 177
277 29 293 211 262
26 35 260 283 3
212 53 389 287 411
472 450 236 52 463
42 494 81 328 93
32 102 294 216 105
231 7 291 281 12
189 429 435 194 384
302 273 312 8 0
347 267 219 223 451
62 348 190 109 77
313 439 464 462 469
108 86 309 473 432
5 80 356 402 405
149 157 480 73 89
234 372 100 171 129
393 452 467 479 445
120 449 391 24 319
221 369 249 349 55
478 418 329 470 143
27 182 346 251 184
422 60 265 377 195
172 484 373 425 193
130 257 247 34 315
152 441 30 325 351
76 362 444 275 392
246 285 82 483 388
151 366 361 493 68
301 154 181 87 343
300 169 197 365 352
345 252 44 338 404
289 299 241 180 198
482 203 492 21 91
403 426 488 245 354
367 167 97 321 433
94 13 350 4 150
413 175 142 239 399
342 57 290 331 468
459 206 110 337 117
486 178 144 17 305
61 124 128 50 475
303 200 409 487 127
320 160 141 330 307
250 268 333 101 177
277 29 293 211 262
26 35 260 283 3
212 53 389 287 411
472 450 236 52 463
42 494 81 328 93
32 102 294 216 105
231 7 291 281 12
189 429 435 194 384
302 273 312 8 0
347 267 219 223 451
62 348 190 109 77
313 439 464 462 469
108 86 309 473 432
5 80 356 402 405
149 157 480 73 89
234 372 100 171 129
393 452 467 479 445
120 449 391 24 319
221 369 249 349 55
478 418 329 470 143
27 182 346 251 184
422 60 265 377 195
172 484 373 425 193
130 257 247 34 315
152 441 30 325 351
76 362 444 275 392
246 285 82 483 388
151 366 361 493 68
301 154 181 87 343
300 169 197 365 352
345 252 44 338 404
289 299 241 180 198
482 203 492 21 91
403 426 488 245 354
367 167 97 321 433
94 13 350 4 150
413 175 142 239 399
342 57 290 331 468
459 206 110 337 117
486 178 144 17 305
61 124 128 50 475
303 200 409 487 127
320 160 141 330 307
394 271 11 227 72
250 268 333 101 177
277 29 293 211 262
26 35 260 283 3
212 53 389 287 411
472 450 236 52 463
42 494 81 328 93
32 102 294 216 105
231 7 291 281 12
189 429 435 194 384
302 273 312 8 0
347 267 219 223 451
62 348 190 109 77
313 439 464 462 469
108 86 309 473 432
5 80 356 402 405
149 157 480 73 89
234 372 100 171 129
393 452 467 479 445
120 449 391 24 319
221 369 249 349 55
478 418 329 470 143
27 182 346 251 184
422 60 265 377 195
172 484 373 425 193
130 257 247 34 315
152 441 30 325 351
76 362 444 275 392
246 285 82 483 388
151 366 361 493 68
301 154 181 87 343
300 169 197 365 352
345 252 44 338 404
289 299 241 180 198
482 203 492 21 91
403 426 488 245 354
367 167 97 321 433
94 13 350 4 150
413 175 142 239 399
342 57 290 331 468
459 206 110 337 117
486 178 144 17 305
61 124 128 50 475
303 200 409 487 127
320 160 141 330 307
394 271 11 227 72
226 431 18 46 208
250 268 333 101 177
277 29 293 211 262
26 35 260 283 3
212 53 389 287 411
472 450 236 52 463
42 494 81 328 93
32 102 294 216 105
231 7 291 281 12
189 429 435 194 384
302 273 312 8 0
347 267 219 223 451
62 348 190 109 77
313 439 464 462 469
108 86 309 473 432
5 80 356 402 405
149 157 480 73 89
234 372 100 171 129
393 452 467 479 445
120 449 391 24 319
221 369 249 349 55
478 418 329 470 143
27 182 346 251 184
422 60 265 377 195
172 484 373 425 193
130 257 247 34 315
152 441 30 325 351
76 362 444 275 392
246 285 82 483 388
151 366 361 493 68
301 154 181 87 343
300 169 197 365 352
345 252 44 338 404
289 299 241 180 198
482 203 492 21 91
403 426 488 245 354
367 167 97 321 433
94 13 350 4 150
413 175 142 239 399
342 57 290 331 468
459 206 110 337 117
486 178 144 17 305
61 124 128 50 475
303 200 409 487 127
320 160 141 330 307
394 271 11 227 72
226 431 18 46 208
10 165 136 400 205
250 268 333 101 177
277 29 293 211 262
26 35 260 283 3
212 53 389 287 411
472 450 236 52 463
42 494 81 328 93
32 102 294 216 105
231 7 291 281 12
189 429 435 194 384
302 273 312 8 0
347 267 219 223 451
62 348 190 109 77
313 439 464 462 469
108 86 309 473 432
5 80 356 402 405
149 157 480 73 89
234 372 100 171 129
393 452 467 479 445
120 449 391 24 319
221 369 249 349 55
478 418 329 470 143
27 182 346 251 184
422 60 265 377 195
172 484 373 425 193
130 257 247 34 315
152 441 30 325 351
76 362 444 275 392
246 285 82 483 388
151 366 361 493 68
301 154 181 87 343
300 169 197 365 352
345 252 44 338 404
289 299 241 180 198
482 203 492 21 91
403 426 488 245 354
367 167 97 321 433
94 13 350 4 150
413 175 142 239 399
342 57 290 331 468
459 206 110 337 117
486 178 144 17 305
61 124 128 50 475
303 200 409 487 127
320 160 141 330 307
394 271 11 227 72
226 431 18 46 208
10 165 136 400 205
140 428 214 119 19
250 268 333 101 177
277 29 293 211 262
26 35 260 283 3
212 53 389 287 411
472 450 236 52 463
42 494 81 328 93
32 102 294 216 105
231 7 291 281 12
189 429 435 194 384
302 273 312 8 0
347 267 219 223 451
62 348 190 109 77
313 439 464 462 469
108 86 309 473 432
5 80 356 402 405
149 157 480 73 89
234 372 100 171 129
393 452 467 479 445
120 449 391 24 319
221 369 249 349 55
478 418 329 470 143
27 182 346 251 184
422 60 265 377 195
172 484 373 425 193
130 257 247 34 315
152 441 30 325 351
76 362 444 275 392
246 285 82 483 388
151 366 361 493 68
301 154 181 87 343
300 169 197 365 352
345 252 44 338 404
289 299 241 180 198
482 203 492 21 91
403 426 488 245 354
367 167 97 321 433
94 13 350 4 150
413 175 142 239 399
342 57 290 331 468
459 206 110 337 117
486 178 144 17 305
61 124 128 50 475
303 200 409 487 127
320 160 141 330 307
394 271 11 227 72
226 431 18 46 208
10 165 136 400 205
140 428 214 119 19
232 116 344 447 243
250 268 333 101 177
277 29 293 211 262
26 35 260 283 3
212 53 389 287 411
472 450 236 52 463
42 494 81 328 93
32 102 294 216 105
231 7 291 281 12
189 429 435 194 384
302 273 312 8 0
347 267 219 223 451
62 348 190 109 77
313 439 464 462 469
108 86 309 473 432
5 80 356 402 405
149 157 480 73 89
234 372 100 171 129
393 452 467 479 445
120 449 391 24 319
221 369 249 349 55
478 418 329 470 143
27 182 346 251 184
422 60 265 377 195
172 484 373 425 193
130 257 247 34 315
152 441 30 325 351
76 362 444 275 392
246 285 82 483 388
151 366 361 493 68
301 154 181 87 343
300 169 197 365 352
345 252 44 338 404
289 299 241 180 198
482 203 492 21 91
403 426 488 245 354
367 167 97 321 433
94 13 350 4 150
413 175 142 239 399
342 57 290 331 468
459 206 110 337 117
486 178 144 17 305
61 124 128 50 475
303 200 409 487 127
320 160 141 330 307
394 271 11 227 72
226 431 18 46 208
10 165 136 400 205
140 428 214 119 19
232 116 344 447 243
499 229 359 14 112
