201 95 39
201 95 39
71 56 103
201 95 39
71 56 103
179 120 175
201 95 39
71 56 103
179 120 175
116 118
201 95 39
71 56 103
179 120 175
116 118
17 21
201 95 39
71 56 103
179 120 175
116 118
17 21
337 58
201 95 39
71 56 103
179 120 175
116 118
17 21
337 58
147 187
201 95 39
71 56 103
179 120 175
116 118
17 21
337 58
147 187
317 361
201 95 39
71 56 103
179 120 175
116 118
17 21
337 58
147 187
317 361
412 241
201 95 39
71 56 103
179 120 175
116 118
17 21
337 58
147 187
317 361
412 241
16 64
201 95 39
71 56 103
179 120 175
116 118
17 21
337 58
147 187
317 361
412 241
16 64
198 170
201 95 39
71 56 103
179 120 175
116 118
17 21
337 58
147 187
317 361
412 241
16 64
198 170
367 190
201 95 39
71 56 103
179 120 175
116 118
17 21
337 58
147 187
317 361
412 241
16 64
198 170
367 190
238 223
201 95 39
71 56 103
179 120 175
116 118
17 21
337 58
147 187
317 361
412 241
16 64
198 170
367 190
238 223
166 132
201 95 39
71 56 103
179 120 175
116 118
17 21
337 58
147 187
317 361
412 241
16 64
198 170
367 190
238 223
166 132
211 293
201 95 39
71 56 103
179 120 175
116 118
17 21
337 58
147 187
317 361
412 241
16 64
198 170
367 190
238 223
166 132
211 293
296 282
201 95 39
71 56 103
179 120 175
116 118
17 21
337 58
147 187
317 361
412 241
16 64
198 170
367 190
238 223
166 132
211 293
296 282
22 63
201 95 39
71 56 103
179 120 175
116 118
17 21
337 58
147 187
317 361
412 241
16 64
198 170
367 190
238 223
166 132
211 293
296 282
22 63
236 272
201 95 39
71 56 103
179 120 175
116 118
17 21
337 58
147 187
317 361
412 241
16 64
198 170
367 190
238 223
166 132
211 293
296 282
22 63
236 272
10 82
201 95 39
71 56 103
179 120 175
116 118
17 21
337 58
147 187
317 361
412 241
16 64
198 170
367 190
238 223
166 132
211 293
296 282
22 63
236 272
10 82
4 15
201 95 39
71 56 103
179 120 175
116 118
17 21
337 58
147 187
317 361
412 241
16 64
198 170
367 190
238 223
166 132
211 293
296 282
22 63
236 272
10 82
4 15
48 79
