139 328 326 210 186
66 259 201 47 344
465 361 42 466 208
479 415 53 164 276
78 485 100 426 417
81 110 292 20 339
446 408 97 29 127
143 269 333 38 252
291 14 383 282 382
400 159 245 272 416
50 37 7 104 114
226 451 256 399 134
331 146 311 320 108
70 93 132 9 379
94 435 262 138 434
494 203 489 350 75
413 316 439 463 337
145 125 386 206 472
86 178 265 368 263
367 301 77 266 202
348 409 398 135 166
307 260 105 162 231
74 469 454 403 79
445 80 51 423 431
187 461 429 119 149
43 394 360 197 89
498 392 76 117 56
284 175 343 35 22
314 470 377 352 33
196 299 157 40 325
351 455 490 304 118
242 223 495 224 270
250 480 349 122 249
34 257 103 102 106
167 16 357 217 55
248 341 18 191 484
471 131 354 147 156
290 59 254 241 436
330 407 308 69 133
397 264 278 218 194
6 380 144 83 419
317 230 319 2 57
192 182 199 335 28
171 219 376 233 283
411 432 180 491 173
246 388 363 342 32
128 444 67 153 151
26 54 327 205 46
492 65 41 477 72
364 487 296 12 391
