388 65 406 114
388 65 406 114
204 421 140 173
388 65 406 114
204 421 140 173
72 402 181 200
388 65 406 114
204 421 140 173
72 402 181 200
291 54 57
388 65 406 114
204 421 140 173
72 402 181 200
291 54 57
168 0 55 294
388 65 406 114
204 421 140 173
72 402 181 200
291 54 57
168 0 55 294
28 39 289
388 65 406 114
204 421 140 173
72 402 181 200
291 54 57
168 0 55 294
28 39 289
217 185
388 65 406 114
204 421 140 173
72 402 181 200
291 54 57
168 0 55 294
28 39 289
217 185
328 393
388 65 406 114
204 421 140 173
72 402 181 200
291 54 57
168 0 55 294
28 39 289
217 185
328 393
223 337
388 65 406 114
204 421 140 173
72 402 181 200
291 54 57
168 0 55 294
28 39 289
217 185
328 393
223 337
163 127 387
388 65 406 114
204 421 140 173
72 402 181 200
291 54 57
168 0 55 294
28 39 289
217 185
328 393
223 337
163 127 387
485 142
388 65 406 114
204 421 140 173
72 402 181 200
291 54 57
168 0 55 294
28 39 289
217 185
328 393
223 337
163 127 387
485 142
243 327 132
388 65 406 114
204 421 140 173
72 402 181 200
291 54 57
168 0 55 294
28 39 289
217 185
328 393
223 337
163 127 387
485 142
243 327 132
25 119
388 65 406 114
204 421 140 173
72 402 181 200
291 54 57
168 0 55 294
28 39 289
217 185
328 393
223 337
163 127 387
485 142
243 327 132
25 119
190 349
388 65 406 114
204 421 140 173
72 402 181 200
291 54 57
168 0 55 294
28 39 289
217 185
328 393
223 337
163 127 387
485 142
243 327 132
25 119
190 349
56 286
388 65 406 114
204 421 140 173
72 402 181 200
291 54 57
168 0 55 294
28 39 289
217 185
328 393
223 337
163 127 387
485 142
243 327 132
25 119
190 349
56 286
305 94
388 65 406 114
204 421 140 173
72 402 181 200
291 54 57
168 0 55 294
28 39 289
217 185
328 393
223 337
163 127 387
485 142
243 327 132
25 119
190 349
56 286
305 94
271 355
388 65 406 114
204 421 140 173
72 402 181 200
291 54 57
168 0 55 294
28 39 289
217 185
328 393
223 337
163 127 387
485 142
243 327 132
25 119
190 349
56 286
305 94
271 355
209 50
388 65 406 114
204 421 140 173
72 402 181 200
291 54 57
168 0 55 294
28 39 289
217 185
328 393
223 337
163 127 387
485 142
243 327 132
25 119
190 349
56 286
305 94
271 355
209 50
375 97
388 65 406 114
204 421 140 173
72 402 181 200
291 54 57
168 0 55 294
28 39 289
217 185
328 393
223 337
163 127 387
485 142
243 327 132
25 119
190 349
56 286
305 94
271 355
209 50
375 97
102 301
388 65 406 114
204 421 140 173
72 402 181 200
291 54 57
168 0 55 294
28 39 289
217 185
328 393
223 337
163 127 387
485 142
243 327 132
25 119
190 349
56 286
305 94
271 355
209 50
375 97
102 301
1 7
388 65 406 114
204 421 140 173
72 402 181 200
291 54 57
168 0 55 294
28 39 289
217 185
328 393
223 337
163 127 387
485 142
243 327 132
25 119
190 349
56 286
305 94
271 355
209 50
375 97
102 301
1 7
43 68
388 65 406 114
204 421 140 173
72 402 181 200
291 54 57
168 0 55 294
28 39 289
217 185
328 393
223 337
163 127 387
485 142
243 327 132
25 119
190 349
56 286
305 94
271 355
209 50
375 97
102 301
1 7
43 68
196 236
388 65 406 114
204 421 140 173
72 402 181 200
291 54 57
168 0 55 294
28 39 289
217 185
328 393
223 337
163 127 387
485 142
243 327 132
25 119
190 349
56 286
305 94
271 355
209 50
375 97
102 301
1 7
43 68
196 236
115 324
388 65 406 114
204 421 140 173
72 402 181 200
291 54 57
168 0 55 294
28 39 289
217 185
328 393
223 337
163 127 387
485 142
243 327 132
25 119
190 349
56 286
305 94
271 355
209 50
375 97
102 301
1 7
43 68
196 236
115 324
265 96
388 65 406 114
204 421 140 173
72 402 181 200
291 54 57
168 0 55 294
28 39 289
217 185
328 393
223 337
163 127 387
485 142
243 327 132
25 119
190 349
56 286
305 94
271 355
209 50
375 97
102 301
1 7
43 68
196 236
115 324
265 96
261 332
388 65 406 114
204 421 140 173
72 402 181 200
291 54 57
168 0 55 294
28 39 289
217 185
328 393
223 337
163 127 387
485 142
243 327 132
25 119
190 349
56 286
305 94
271 355
209 50
375 97
102 301
1 7
43 68
196 236
115 324
265 96
261 332
177 358
388 65 406 114
204 421 140 173
72 402 181 200
291 54 57
168 0 55 294
28 39 289
217 185
328 393
223 337
163 127 387
485 142
243 327 132
25 119
190 349
56 286
305 94
271 355
209 50
375 97
102 301
1 7
43 68
196 236
115 324
265 96
261 332
177 358
382 365
