171 284 72 97 9
171 284 72 97 9
449 222 114 179 237
171 284 72 97 9
449 222 114 179 237
184 311 363 434 426
171 284 72 97 9
449 222 114 179 237
184 311 363 434 426
325 217 290 204 50
171 284 72 97 9
449 222 114 179 237
184 311 363 434 426
325 217 290 204 50
17 386 104 372 341
171 284 72 97 9
449 222 114 179 237
184 311 363 434 426
325 217 290 204 50
17 386 104 372 341
435 278 322 194 74
171 284 72 97 9
449 222 114 179 237
184 311 363 434 426
325 217 290 204 50
17 386 104 372 341
435 278 322 194 74
399 406 295 476 239
171 284 72 97 9
449 222 114 179 237
184 311 363 434 426
325 217 290 204 50
17 386 104 372 341
435 278 322 194 74
399 406 295 476 239
23 175 119 0 46
171 284 72 97 9
449 222 114 179 237
184 311 363 434 426
325 217 290 204 50
17 386 104 372 341
435 278 322 194 74
399 406 295 476 239
23 175 119 0 46
441 297 457 35 154
171 284 72 97 9
449 222 114 179 237
184 311 363 434 426
325 217 290 204 50
17 386 104 372 341
435 278 322 194 74
399 406 295 476 239
23 175 119 0 46
441 297 457 35 154
491 214 123 124 420
171 284 72 97 9
449 222 114 179 237
184 311 363 434 426
325 217 290 204 50
17 386 104 372 341
435 278 322 194 74
399 406 295 476 239
23 175 119 0 46
441 297 457 35 154
491 214 123 124 420
469 268 294 152 61
171 284 72 97 9
449 222 114 179 237
184 311 363 434 426
325 217 290 204 50
17 386 104 372 341
435 278 322 194 74
399 406 295 476 239
23 175 119 0 46
441 297 457 35 154
491 214 123 124 420
469 268 294 152 61
165 446 127 405 106
171 284 72 97 9
449 222 114 179 237
184 311 363 434 426
325 217 290 204 50
17 386 104 372 341
435 278 322 194 74
399 406 295 476 239
23 175 119 0 46
441 297 457 35 154
491 214 123 124 420
469 268 294 152 61
165 446 127 405 106
494 371 421 86 256
171 284 72 97 9
449 222 114 179 237
184 311 363 434 426
325 217 290 204 50
17 386 104 372 341
435 278 322 194 74
399 406 295 476 239
23 175 119 0 46
441 297 457 35 154
491 214 123 124 420
469 268 294 152 61
165 446 127 405 106
494 371 421 86 256
141 212 334 307 223
171 284 72 97 9
449 222 114 179 237
184 311 363 434 426
325 217 290 204 50
17 386 104 372 341
435 278 322 194 74
399 406 295 476 239
23 175 119 0 46
441 297 457 35 154
491 214 123 124 420
469 268 294 152 61
165 446 127 405 106
494 371 421 86 256
141 212 334 307 223
367 49 344 139 190
171 284 72 97 9
449 222 114 179 237
184 311 363 434 426
325 217 290 204 50
17 386 104 372 341
435 278 322 194 74
399 406 295 476 239
23 175 119 0 46
441 297 457 35 154
491 214 123 124 420
469 268 294 152 61
165 446 127 405 106
494 371 421 86 256
141 212 334 307 223
367 49 344 139 190
196 163 58 270 257
171 284 72 97 9
449 222 114 179 237
184 311 363 434 426
325 217 290 204 50
17 386 104 372 341
435 278 322 194 74
399 406 295 476 239
23 175 119 0 46
441 297 457 35 154
491 214 123 124 420
469 268 294 152 61
165 446 127 405 106
494 371 421 86 256
141 212 334 307 223
367 49 344 139 190
196 163 58 270 257
201 439 354 433 392
171 284 72 97 9
449 222 114 179 237
184 311 363 434 426
325 217 290 204 50
17 386 104 372 341
435 278 322 194 74
399 406 295 476 239
23 175 119 0 46
441 297 457 35 154
491 214 123 124 420
469 268 294 152 61
165 446 127 405 106
494 371 421 86 256
141 212 334 307 223
367 49 344 139 190
196 163 58 270 257
201 439 354 433 392
18 60 428 478 293
171 284 72 97 9
449 222 114 179 237
184 311 363 434 426
325 217 290 204 50
17 386 104 372 341
435 278 322 194 74
399 406 295 476 239
23 175 119 0 46
441 297 457 35 154
491 214 123 124 420
469 268 294 152 61
165 446 127 405 106
494 371 421 86 256
141 212 334 307 223
367 49 344 139 190
196 163 58 270 257
201 439 354 433 392
18 60 428 478 293
385 415 85 410 111
171 284 72 97 9
449 222 114 179 237
184 311 363 434 426
325 217 290 204 50
17 386 104 372 341
435 278 322 194 74
399 406 295 476 239
23 175 119 0 46
441 297 457 35 154
491 214 123 124 420
469 268 294 152 61
165 446 127 405 106
494 371 421 86 256
141 212 334 307 223
367 49 344 139 190
196 163 58 270 257
201 439 354 433 392
18 60 428 478 293
385 415 85 410 111
4 158 1 186 332
171 284 72 97 9
449 222 114 179 237
184 311 363 434 426
325 217 290 204 50
17 386 104 372 341
435 278 322 194 74
399 406 295 476 239
23 175 119 0 46
441 297 457 35 154
491 214 123 124 420
469 268 294 152 61
165 446 127 405 106
494 371 421 86 256
141 212 334 307 223
367 49 344 139 190
196 163 58 270 257
201 439 354 433 392
18 60 428 478 293
385 415 85 410 111
4 158 1 186 332
135 368 94 315 156
171 284 72 97 9
449 222 114 179 237
184 311 363 434 426
325 217 290 204 50
17 386 104 372 341
435 278 322 194 74
399 406 295 476 239
23 175 119 0 46
441 297 457 35 154
491 214 123 124 420
469 268 294 152 61
165 446 127 405 106
494 371 421 86 256
141 212 334 307 223
367 49 344 139 190
196 163 58 270 257
201 439 354 433 392
18 60 428 478 293
385 415 85 410 111
4 158 1 186 332
135 368 94 315 156
117 82 101 249 472
171 284 72 97 9
449 222 114 179 237
184 311 363 434 426
325 217 290 204 50
17 386 104 372 341
435 278 322 194 74
399 406 295 476 239
23 175 119 0 46
441 297 457 35 154
491 214 123 124 420
469 268 294 152 61
165 446 127 405 106
494 371 421 86 256
141 212 334 307 223
367 49 344 139 190
196 163 58 270 257
201 439 354 433 392
18 60 428 478 293
385 415 85 410 111
4 158 1 186 332
135 368 94 315 156
117 82 101 249 472
245 30 300 129 134
171 284 72 97 9
449 222 114 179 237
184 311 363 434 426
325 217 290 204 50
17 386 104 372 341
435 278 322 194 74
399 406 295 476 239
23 175 119 0 46
441 297 457 35 154
491 214 123 124 420
469 268 294 152 61
165 446 127 405 106
494 371 421 86 256
141 212 334 307 223
367 49 344 139 190
196 163 58 270 257
201 439 354 433 392
18 60 428 478 293
385 415 85 410 111
4 158 1 186 332
135 368 94 315 156
117 82 101 249 472
245 30 300 129 134
306 43 109 498 336
171 284 72 97 9
449 222 114 179 237
184 311 363 434 426
325 217 290 204 50
17 386 104 372 341
435 278 322 194 74
399 406 295 476 239
23 175 119 0 46
441 297 457 35 154
491 214 123 124 420
469 268 294 152 61
165 446 127 405 106
494 371 421 86 256
141 212 334 307 223
367 49 344 139 190
196 163 58 270 257
201 439 354 433 392
18 60 428 478 293
385 415 85 410 111
4 158 1 186 332
135 368 94 315 156
117 82 101 249 472
245 30 300 129 134
306 43 109 498 336
401 431 324 21 247
171 284 72 97 9
449 222 114 179 237
184 311 363 434 426
325 217 290 204 50
17 386 104 372 341
435 278 322 194 74
399 406 295 476 239
23 175 119 0 46
441 297 457 35 154
491 214 123 124 420
469 268 294 152 61
165 446 127 405 106
494 371 421 86 256
141 212 334 307 223
367 49 344 139 190
196 163 58 270 257
201 439 354 433 392
18 60 428 478 293
385 415 85 410 111
4 158 1 186 332
135 368 94 315 156
117 82 101 249 472
245 30 300 129 134
306 43 109 498 336
401 431 324 21 247
495 381 53 39 271
171 284 72 97 9
449 222 114 179 237
184 311 363 434 426
325 217 290 204 50
17 386 104 372 341
435 278 322 194 74
399 406 295 476 239
23 175 119 0 46
441 297 457 35 154
491 214 123 124 420
469 268 294 152 61
165 446 127 405 106
494 371 421 86 256
141 212 334 307 223
367 49 344 139 190
196 163 58 270 257
201 439 354 433 392
18 60 428 478 293
385 415 85 410 111
4 158 1 186 332
135 368 94 315 156
117 82 101 249 472
245 30 300 129 134
306 43 109 498 336
401 431 324 21 247
495 381 53 39 271
13 57 47 167 112
171 284 72 97 9
449 222 114 179 237
184 311 363 434 426
325 217 290 204 50
17 386 104 372 341
435 278 322 194 74
399 406 295 476 239
23 175 119 0 46
441 297 457 35 154
491 214 123 124 420
469 268 294 152 61
165 446 127 405 106
494 371 421 86 256
141 212 334 307 223
367 49 344 139 190
196 163 58 270 257
201 439 354 433 392
18 60 428 478 293
385 415 85 410 111
4 158 1 186 332
135 368 94 315 156
117 82 101 249 472
245 30 300 129 134
306 43 109 498 336
401 431 324 21 247
495 381 53 39 271
13 57 47 167 112
444 370 96 419 310
171 284 72 97 9
449 222 114 179 237
184 311 363 434 426
325 217 290 204 50
17 386 104 372 341
435 278 322 194 74
399 406 295 476 239
23 175 119 0 46
441 297 457 35 154
491 214 123 124 420
469 268 294 152 61
165 446 127 405 106
494 371 421 86 256
141 212 334 307 223
367 49 344 139 190
196 163 58 270 257
201 439 354 433 392
18 60 428 478 293
385 415 85 410 111
4 158 1 186 332
135 368 94 315 156
117 82 101 249 472
245 30 300 129 134
306 43 109 498 336
401 431 324 21 247
495 381 53 39 271
13 57 47 167 112
444 370 96 419 310
207 403 250 319 376
171 284 72 97 9
449 222 114 179 237
184 311 363 434 426
325 217 290 204 50
17 386 104 372 341
435 278 322 194 74
399 406 295 476 239
23 175 119 0 46
441 297 457 35 154
491 214 123 124 420
469 268 294 152 61
165 446 127 405 106
494 371 421 86 256
141 212 334 307 223
367 49 344 139 190
196 163 58 270 257
201 439 354 433 392
18 60 428 478 293
385 415 85 410 111
4 158 1 186 332
135 368 94 315 156
117 82 101 249 472
245 30 300 129 134
306 43 109 498 336
401 431 324 21 247
495 381 53 39 271
13 57 47 167 112
444 370 96 419 310
207 403 250 319 376
425 78 408 429 338
171 284 72 97 9
449 222 114 179 237
184 311 363 434 426
325 217 290 204 50
17 386 104 372 341
435 278 322 194 74
399 406 295 476 239
23 175 119 0 46
441 297 457 35 154
491 214 123 124 420
469 268 294 152 61
165 446 127 405 106
494 371 421 86 256
141 212 334 307 223
367 49 344 139 190
196 163 58 270 257
201 439 354 433 392
18 60 428 478 293
385 415 85 410 111
4 158 1 186 332
135 368 94 315 156
117 82 101 249 472
245 30 300 129 134
306 43 109 498 336
401 431 324 21 247
495 381 53 39 271
13 57 47 167 112
444 370 96 419 310
207 403 250 319 376
425 78 408 429 338
489 407 63 379 281
171 284 72 97 9
449 222 114 179 237
184 311 363 434 426
325 217 290 204 50
17 386 104 372 341
435 278 322 194 74
399 406 295 476 239
23 175 119 0 46
441 297 457 35 154
491 214 123 124 420
469 268 294 152 61
165 446 127 405 106
494 371 421 86 256
141 212 334 307 223
367 49 344 139 190
196 163 58 270 257
201 439 354 433 392
18 60 428 478 293
385 415 85 410 111
4 158 1 186 332
135 368 94 315 156
117 82 101 249 472
245 30 300 129 134
306 43 109 498 336
401 431 324 21 247
495 381 53 39 271
13 57 47 167 112
444 370 96 419 310
207 403 250 319 376
425 78 408 429 338
489 407 63 379 281
443 264 25 416 349
171 284 72 97 9
449 222 114 179 237
184 311 363 434 426
325 217 290 204 50
17 386 104 372 341
435 278 322 194 74
399 406 295 476 239
23 175 119 0 46
441 297 457 35 154
491 214 123 124 420
469 268 294 152 61
165 446 127 405 106
494 371 421 86 256
141 212 334 307 223
367 49 344 139 190
196 163 58 270 257
201 439 354 433 392
18 60 428 478 293
385 415 85 410 111
4 158 1 186 332
135 368 94 315 156
117 82 101 249 472
245 30 300 129 134
306 43 109 498 336
401 431 324 21 247
495 381 53 39 271
13 57 47 167 112
444 370 96 419 310
207 403 250 319 376
425 78 408 429 338
489 407 63 379 281
443 264 25 416 349
131 488 68 323 266
171 284 72 97 9
449 222 114 179 237
184 311 363 434 426
325 217 290 204 50
17 386 104 372 341
435 278 322 194 74
399 406 295 476 239
23 175 119 0 46
441 297 457 35 154
491 214 123 124 420
469 268 294 152 61
165 446 127 405 106
494 371 421 86 256
141 212 334 307 223
367 49 344 139 190
196 163 58 270 257
201 439 354 433 392
18 60 428 478 293
385 415 85 410 111
4 158 1 186 332
135 368 94 315 156
117 82 101 249 472
245 30 300 129 134
306 43 109 498 336
401 431 324 21 247
495 381 53 39 271
13 57 47 167 112
444 370 96 419 310
207 403 250 319 376
425 78 408 429 338
489 407 63 379 281
443 264 25 416 349
131 488 68 323 266
38 400 378 317 176
171 284 72 97 9
449 222 114 179 237
184 311 363 434 426
325 217 290 204 50
17 386 104 372 341
435 278 322 194 74
399 406 295 476 239
23 175 119 0 46
441 297 457 35 154
491 214 123 124 420
469 268 294 152 61
165 446 127 405 106
494 371 421 86 256
141 212 334 307 223
367 49 344 139 190
196 163 58 270 257
201 439 354 433 392
18 60 428 478 293
385 415 85 410 111
4 158 1 186 332
135 368 94 315 156
117 82 101 249 472
245 30 300 129 134
306 43 109 498 336
401 431 324 21 247
495 381 53 39 271
13 57 47 167 112
444 370 96 419 310
207 403 250 319 376
425 78 408 429 338
489 407 63 379 281
443 264 25 416 349
131 488 68 323 266
38 400 378 317 176
230 388 41 335 285
171 284 72 97 9
449 222 114 179 237
184 311 363 434 426
325 217 290 204 50
17 386 104 372 341
435 278 322 194 74
399 406 295 476 239
23 175 119 0 46
441 297 457 35 154
491 214 123 124 420
469 268 294 152 61
165 446 127 405 106
494 371 421 86 256
141 212 334 307 223
367 49 344 139 190
196 163 58 270 257
201 439 354 433 392
18 60 428 478 293
385 415 85 410 111
4 158 1 186 332
135 368 94 315 156
117 82 101 249 472
245 30 300 129 134
306 43 109 498 336
401 431 324 21 247
495 381 53 39 271
13 57 47 167 112
444 370 96 419 310
207 403 250 319 376
425 78 408 429 338
489 407 63 379 281
443 264 25 416 349
131 488 68 323 266
38 400 378 317 176
230 388 41 335 285
3 236 373 333 98
171 284 72 97 9
449 222 114 179 237
184 311 363 434 426
325 217 290 204 50
17 386 104 372 341
435 278 322 194 74
399 406 295 476 239
23 175 119 0 46
441 297 457 35 154
491 214 123 124 420
469 268 294 152 61
165 446 127 405 106
494 371 421 86 256
141 212 334 307 223
367 49 344 139 190
196 163 58 270 257
201 439 354 433 392
18 60 428 478 293
385 415 85 410 111
4 158 1 186 332
135 368 94 315 156
117 82 101 249 472
245 30 300 129 134
306 43 109 498 336
401 431 324 21 247
495 381 53 39 271
13 57 47 167 112
444 370 96 419 310
207 403 250 319 376
425 78 408 429 338
489 407 63 379 281
443 264 25 416 349
131 488 68 323 266
38 400 378 317 176
230 388 41 335 285
3 236 373 333 98
178 248 452 157 218
171 284 72 97 9
449 222 114 179 237
184 311 363 434 426
325 217 290 204 50
17 386 104 372 341
435 278 322 194 74
399 406 295 476 239
23 175 119 0 46
441 297 457 35 154
491 214 123 124 420
469 268 294 152 61
165 446 127 405 106
494 371 421 86 256
141 212 334 307 223
367 49 344 139 190
196 163 58 270 257
201 439 354 433 392
18 60 428 478 293
385 415 85 410 111
4 158 1 186 332
135 368 94 315 156
117 82 101 249 472
245 30 300 129 134
306 43 109 498 336
401 431 324 21 247
495 381 53 39 271
13 57 47 167 112
444 370 96 419 310
207 403 250 319 376
425 78 408 429 338
489 407 63 379 281
443 264 25 416 349
131 488 68 323 266
38 400 378 317 176
230 388 41 335 285
3 236 373 333 98
178 248 452 157 218
351 427 346 390 261
171 284 72 97 9
449 222 114 179 237
184 311 363 434 426
325 217 290 204 50
17 386 104 372 341
435 278 322 194 74
399 406 295 476 239
23 175 119 0 46
441 297 457 35 154
491 214 123 124 420
469 268 294 152 61
165 446 127 405 106
494 371 421 86 256
141 212 334 307 223
367 49 344 139 190
196 163 58 270 257
201 439 354 433 392
18 60 428 478 293
385 415 85 410 111
4 158 1 186 332
135 368 94 315 156
117 82 101 249 472
245 30 300 129 134
306 43 109 498 336
401 431 324 21 247
495 381 53 39 271
13 57 47 167 112
444 370 96 419 310
207 403 250 319 376
425 78 408 429 338
489 407 63 379 281
443 264 25 416 349
131 488 68 323 266
38 400 378 317 176
230 388 41 335 285
3 236 373 333 98
178 248 452 157 218
351 427 346 390 261
52 465 238 59 233
171 284 72 97 9
449 222 114 179 237
184 311 363 434 426
325 217 290 204 50
17 386 104 372 341
435 278 322 194 74
399 406 295 476 239
23 175 119 0 46
441 297 457 35 154
491 214 123 124 420
469 268 294 152 61
165 446 127 405 106
494 371 421 86 256
141 212 334 307 223
367 49 344 139 190
196 163 58 270 257
201 439 354 433 392
18 60 428 478 293
385 415 85 410 111
4 158 1 186 332
135 368 94 315 156
117 82 101 249 472
245 30 300 129 134
306 43 109 498 336
401 431 324 21 247
495 381 53 39 271
13 57 47 167 112
444 370 96 419 310
207 403 250 319 376
425 78 408 429 338
489 407 63 379 281
443 264 25 416 349
131 488 68 323 266
38 400 378 317 176
230 388 41 335 285
3 236 373 333 98
178 248 452 157 218
351 427 346 390 261
52 465 238 59 233
182 438 138 11 327
171 284 72 97 9
449 222 114 179 237
184 311 363 434 426
325 217 290 204 50
17 386 104 372 341
435 278 322 194 74
399 406 295 476 239
23 175 119 0 46
441 297 457 35 154
491 214 123 124 420
469 268 294 152 61
165 446 127 405 106
494 371 421 86 256
141 212 334 307 223
367 49 344 139 190
196 163 58 270 257
201 439 354 433 392
18 60 428 478 293
385 415 85 410 111
4 158 1 186 332
135 368 94 315 156
117 82 101 249 472
245 30 300 129 134
306 43 109 498 336
401 431 324 21 247
495 381 53 39 271
13 57 47 167 112
444 370 96 419 310
207 403 250 319 376
425 78 408 429 338
489 407 63 379 281
443 264 25 416 349
131 488 68 323 266
38 400 378 317 176
230 388 41 335 285
3 236 373 333 98
178 248 452 157 218
351 427 346 390 261
52 465 238 59 233
182 438 138 11 327
242 253 37 326 28
171 284 72 97 9
449 222 114 179 237
184 311 363 434 426
325 217 290 204 50
17 386 104 372 341
435 278 322 194 74
399 406 295 476 239
23 175 119 0 46
441 297 457 35 154
491 214 123 124 420
469 268 294 152 61
165 446 127 405 106
494 371 421 86 256
141 212 334 307 223
367 49 344 139 190
196 163 58 270 257
201 439 354 433 392
18 60 428 478 293
385 415 85 410 111
4 158 1 186 332
135 368 94 315 156
117 82 101 249 472
245 30 300 129 134
306 43 109 498 336
401 431 324 21 247
495 381 53 39 271
13 57 47 167 112
444 370 96 419 310
207 403 250 319 376
425 78 408 429 338
489 407 63 379 281
443 264 25 416 349
131 488 68 323 266
38 400 378 317 176
230 388 41 335 285
3 236 373 333 98
178 248 452 157 218
351 427 346 390 261
52 465 238 59 233
182 438 138 11 327
242 253 37 326 28
448 210 490 308 316
171 284 72 97 9
449 222 114 179 237
184 311 363 434 426
325 217 290 204 50
17 386 104 372 341
435 278 322 194 74
399 406 295 476 239
23 175 119 0 46
441 297 457 35 154
491 214 123 124 420
469 268 294 152 61
165 446 127 405 106
494 371 421 86 256
141 212 334 307 223
367 49 344 139 190
196 163 58 270 257
201 439 354 433 392
18 60 428 478 293
385 415 85 410 111
4 158 1 186 332
135 368 94 315 156
117 82 101 249 472
245 30 300 129 134
306 43 109 498 336
401 431 324 21 247
495 381 53 39 271
13 57 47 167 112
444 370 96 419 310
207 403 250 319 376
425 78 408 429 338
489 407 63 379 281
443 264 25 416 349
131 488 68 323 266
38 400 378 317 176
230 388 41 335 285
3 236 373 333 98
178 248 452 157 218
351 427 346 390 261
52 465 238 59 233
182 438 138 11 327
242 253 37 326 28
448 210 490 308 316
283 255 432 482 181
171 284 72 97 9
449 222 114 179 237
184 311 363 434 426
325 217 290 204 50
17 386 104 372 341
435 278 322 194 74
399 406 295 476 239
23 175 119 0 46
441 297 457 35 154
491 214 123 124 420
469 268 294 152 61
165 446 127 405 106
494 371 421 86 256
141 212 334 307 223
367 49 344 139 190
196 163 58 270 257
201 439 354 433 392
18 60 428 478 293
385 415 85 410 111
4 158 1 186 332
135 368 94 315 156
117 82 101 249 472
245 30 300 129 134
306 43 109 498 336
401 431 324 21 247
495 381 53 39 271
13 57 47 167 112
444 370 96 419 310
207 403 250 319 376
425 78 408 429 338
489 407 63 379 281
443 264 25 416 349
131 488 68 323 266
38 400 378 317 176
230 388 41 335 285
3 236 373 333 98
178 248 452 157 218
351 427 346 390 261
52 465 238 59 233
182 438 138 11 327
242 253 37 326 28
448 210 490 308 316
283 255 432 482 181
445 89 384 467 320
171 284 72 97 9
449 222 114 179 237
184 311 363 434 426
325 217 290 204 50
17 386 104 372 341
435 278 322 194 74
399 406 295 476 239
23 175 119 0 46
441 297 457 35 154
491 214 123 124 420
469 268 294 152 61
165 446 127 405 106
494 371 421 86 256
141 212 334 307 223
367 49 344 139 190
196 163 58 270 257
201 439 354 433 392
18 60 428 478 293
385 415 85 410 111
4 158 1 186 332
135 368 94 315 156
117 82 101 249 472
245 30 300 129 134
306 43 109 498 336
401 431 324 21 247
495 381 53 39 271
13 57 47 167 112
444 370 96 419 310
207 403 250 319 376
425 78 408 429 338
489 407 63 379 281
443 264 25 416 349
131 488 68 323 266
38 400 378 317 176
230 388 41 335 285
3 236 373 333 98
178 248 452 157 218
351 427 346 390 261
52 465 238 59 233
182 438 138 11 327
242 253 37 326 28
448 210 490 308 316
283 255 432 482 181
445 89 384 467 320
110 402 42 313 358
171 284 72 97 9
449 222 114 179 237
184 311 363 434 426
325 217 290 204 50
17 386 104 372 341
435 278 322 194 74
399 406 295 476 239
23 175 119 0 46
441 297 457 35 154
491 214 123 124 420
469 268 294 152 61
165 446 127 405 106
494 371 421 86 256
141 212 334 307 223
367 49 344 139 190
196 163 58 270 257
201 439 354 433 392
18 60 428 478 293
385 415 85 410 111
4 158 1 186 332
135 368 94 315 156
117 82 101 249 472
245 30 300 129 134
306 43 109 498 336
401 431 324 21 247
495 381 53 39 271
13 57 47 167 112
444 370 96 419 310
207 403 250 319 376
425 78 408 429 338
489 407 63 379 281
443 264 25 416 349
131 488 68 323 266
38 400 378 317 176
230 388 41 335 285
3 236 373 333 98
178 248 452 157 218
351 427 346 390 261
52 465 238 59 233
182 438 138 11 327
242 253 37 326 28
448 210 490 308 316
283 255 432 482 181
445 89 384 467 320
110 402 42 313 358
198 48 475 442 263
171 284 72 97 9
449 222 114 179 237
184 311 363 434 426
325 217 290 204 50
17 386 104 372 341
435 278 322 194 74
399 406 295 476 239
23 175 119 0 46
441 297 457 35 154
491 214 123 124 420
469 268 294 152 61
165 446 127 405 106
494 371 421 86 256
141 212 334 307 223
367 49 344 139 190
196 163 58 270 257
201 439 354 433 392
18 60 428 478 293
385 415 85 410 111
4 158 1 186 332
135 368 94 315 156
117 82 101 249 472
245 30 300 129 134
306 43 109 498 336
401 431 324 21 247
495 381 53 39 271
13 57 47 167 112
444 370 96 419 310
207 403 250 319 376
425 78 408 429 338
489 407 63 379 281
443 264 25 416 349
131 488 68 323 266
38 400 378 317 176
230 388 41 335 285
3 236 373 333 98
178 248 452 157 218
351 427 346 390 261
52 465 238 59 233
182 438 138 11 327
242 253 37 326 28
448 210 490 308 316
283 255 432 482 181
445 89 384 467 320
110 402 42 313 358
198 48 475 442 263
496 29 342 258 348
171 284 72 97 9
449 222 114 179 237
184 311 363 434 426
325 217 290 204 50
17 386 104 372 341
435 278 322 194 74
399 406 295 476 239
23 175 119 0 46
441 297 457 35 154
491 214 123 124 420
469 268 294 152 61
165 446 127 405 106
494 371 421 86 256
141 212 334 307 223
367 49 344 139 190
196 163 58 270 257
201 439 354 433 392
18 60 428 478 293
385 415 85 410 111
4 158 1 186 332
135 368 94 315 156
117 82 101 249 472
245 30 300 129 134
306 43 109 498 336
401 431 324 21 247
495 381 53 39 271
13 57 47 167 112
444 370 96 419 310
207 403 250 319 376
425 78 408 429 338
489 407 63 379 281
443 264 25 416 349
131 488 68 323 266
38 400 378 317 176
230 388 41 335 285
3 236 373 333 98
178 248 452 157 218
351 427 346 390 261
52 465 238 59 233
182 438 138 11 327
242 253 37 326 28
448 210 490 308 316
283 255 432 482 181
445 89 384 467 320
110 402 42 313 358
198 48 475 442 263
496 29 342 258 348
396 299 151 100 40
171 284 72 97 9
449 222 114 179 237
184 311 363 434 426
325 217 290 204 50
17 386 104 372 341
435 278 322 194 74
399 406 295 476 239
23 175 119 0 46
441 297 457 35 154
491 214 123 124 420
469 268 294 152 61
165 446 127 405 106
494 371 421 86 256
141 212 334 307 223
367 49 344 139 190
196 163 58 270 257
201 439 354 433 392
18 60 428 478 293
385 415 85 410 111
4 158 1 186 332
135 368 94 315 156
117 82 101 249 472
245 30 300 129 134
306 43 109 498 336
401 431 324 21 247
495 381 53 39 271
13 57 47 167 112
444 370 96 419 310
207 403 250 319 376
425 78 408 429 338
489 407 63 379 281
443 264 25 416 349
131 488 68 323 266
38 400 378 317 176
230 388 41 335 285
3 236 373 333 98
178 248 452 157 218
351 427 346 390 261
52 465 238 59 233
182 438 138 11 327
242 253 37 326 28
448 210 490 308 316
283 255 432 482 181
445 89 384 467 320
110 402 42 313 358
198 48 475 442 263
496 29 342 258 348
396 299 151 100 40
44 155 145 26 463
171 284 72 97 9
449 222 114 179 237
184 311 363 434 426
325 217 290 204 50
17 386 104 372 341
435 278 322 194 74
399 406 295 476 239
23 175 119 0 46
441 297 457 35 154
491 214 123 124 420
469 268 294 152 61
165 446 127 405 106
494 371 421 86 256
141 212 334 307 223
367 49 344 139 190
196 163 58 270 257
201 439 354 433 392
18 60 428 478 293
385 415 85 410 111
4 158 1 186 332
135 368 94 315 156
117 82 101 249 472
245 30 300 129 134
306 43 109 498 336
401 431 324 21 247
495 381 53 39 271
13 57 47 167 112
444 370 96 419 310
207 403 250 319 376
425 78 408 429 338
489 407 63 379 281
443 264 25 416 349
131 488 68 323 266
38 400 378 317 176
230 388 41 335 285
3 236 373 333 98
178 248 452 157 218
351 427 346 390 261
52 465 238 59 233
182 438 138 11 327
242 253 37 326 28
448 210 490 308 316
283 255 432 482 181
445 89 384 467 320
110 402 42 313 358
198 48 475 442 263
496 29 342 258 348
396 299 151 100 40
44 155 145 26 463
347 343 345 209 361
