143 395 355 136 420
143 395 355 136 420
379 336 171 487 449
143 395 355 136 420
379 336 171 487 449
125 459 270 376 492
143 395 355 136 420
379 336 171 487 449
125 459 270 376 492
343 377 286 193 267
143 395 355 136 420
379 336 171 487 449
125 459 270 376 492
343 377 286 193 267
234 157 197 441 367
143 395 355 136 420
379 336 171 487 449
125 459 270 376 492
343 377 286 193 267
234 157 197 441 367
263 464 233 332 24
143 395 355 136 420
379 336 171 487 449
125 459 270 376 492
343 377 286 193 267
234 157 197 441 367
263 464 233 332 24
347 302 51 287 187
143 395 355 136 420
379 336 171 487 449
125 459 270 376 492
343 377 286 193 267
234 157 197 441 367
263 464 233 332 24
347 302 51 287 187
167 86 112 295 38
143 395 355 136 420
379 336 171 487 449
125 459 270 376 492
343 377 286 193 267
234 157 197 441 367
263 464 233 332 24
347 302 51 287 187
167 86 112 295 38
320 220 55 309 56
143 395 355 136 420
379 336 171 487 449
125 459 270 376 492
343 377 286 193 267
234 157 197 441 367
263 464 233 332 24
347 302 51 287 187
167 86 112 295 38
320 220 55 309 56
476 93 129 300 68
143 395 355 136 420
379 336 171 487 449
125 459 270 376 492
343 377 286 193 267
234 157 197 441 367
263 464 233 332 24
347 302 51 287 187
167 86 112 295 38
320 220 55 309 56
476 93 129 300 68
368 18 389 475 228
143 395 355 136 420
379 336 171 487 449
125 459 270 376 492
343 377 286 193 267
234 157 197 441 367
263 464 233 332 24
347 302 51 287 187
167 86 112 295 38
320 220 55 309 56
476 93 129 300 68
368 18 389 475 228
230 357 321 162 370
143 395 355 136 420
379 336 171 487 449
125 459 270 376 492
343 377 286 193 267
234 157 197 441 367
263 464 233 332 24
347 302 51 287 187
167 86 112 295 38
320 220 55 309 56
476 93 129 300 68
368 18 389 475 228
230 357 321 162 370
462 252 434 102 151
143 395 355 136 420
379 336 171 487 449
125 459 270 376 492
343 377 286 193 267
234 157 197 441 367
263 464 233 332 24
347 302 51 287 187
167 86 112 295 38
320 220 55 309 56
476 93 129 300 68
368 18 389 475 228
230 357 321 162 370
462 252 434 102 151
165 255 269 425 358
143 395 355 136 420
379 336 171 487 449
125 459 270 376 492
343 377 286 193 267
234 157 197 441 367
263 464 233 332 24
347 302 51 287 187
167 86 112 295 38
320 220 55 309 56
476 93 129 300 68
368 18 389 475 228
230 357 321 162 370
462 252 434 102 151
165 255 269 425 358
417 188 467 235 232
143 395 355 136 420
379 336 171 487 449
125 459 270 376 492
343 377 286 193 267
234 157 197 441 367
263 464 233 332 24
347 302 51 287 187
167 86 112 295 38
320 220 55 309 56
476 93 129 300 68
368 18 389 475 228
230 357 321 162 370
462 252 434 102 151
165 255 269 425 358
417 188 467 235 232
307 469 433 209 477
143 395 355 136 420
379 336 171 487 449
125 459 270 376 492
343 377 286 193 267
234 157 197 441 367
263 464 233 332 24
347 302 51 287 187
167 86 112 295 38
320 220 55 309 56
476 93 129 300 68
368 18 389 475 228
230 357 321 162 370
462 252 434 102 151
165 255 269 425 358
417 188 467 235 232
307 469 433 209 477
359 488 466 210 353
143 395 355 136 420
379 336 171 487 449
125 459 270 376 492
343 377 286 193 267
234 157 197 441 367
263 464 233 332 24
347 302 51 287 187
167 86 112 295 38
320 220 55 309 56
476 93 129 300 68
368 18 389 475 228
230 357 321 162 370
462 252 434 102 151
165 255 269 425 358
417 188 467 235 232
307 469 433 209 477
359 488 466 210 353
79 173 168 259 253
143 395 355 136 420
379 336 171 487 449
125 459 270 376 492
343 377 286 193 267
234 157 197 441 367
263 464 233 332 24
347 302 51 287 187
167 86 112 295 38
320 220 55 309 56
476 93 129 300 68
368 18 389 475 228
230 357 321 162 370
462 252 434 102 151
165 255 269 425 358
417 188 467 235 232
307 469 433 209 477
359 488 466 210 353
79 173 168 259 253
8 137 152 471 147
143 395 355 136 420
379 336 171 487 449
125 459 270 376 492
343 377 286 193 267
234 157 197 441 367
263 464 233 332 24
347 302 51 287 187
167 86 112 295 38
320 220 55 309 56
476 93 129 300 68
368 18 389 475 228
230 357 321 162 370
462 252 434 102 151
165 255 269 425 358
417 188 467 235 232
307 469 433 209 477
359 488 466 210 353
79 173 168 259 253
8 137 152 471 147
7 100 95 192 104
143 395 355 136 420
379 336 171 487 449
125 459 270 376 492
343 377 286 193 267
234 157 197 441 367
263 464 233 332 24
347 302 51 287 187
167 86 112 295 38
320 220 55 309 56
476 93 129 300 68
368 18 389 475 228
230 357 321 162 370
462 252 434 102 151
165 255 269 425 358
417 188 467 235 232
307 469 433 209 477
359 488 466 210 353
79 173 168 259 253
8 137 152 471 147
7 100 95 192 104
236 483 12 130 484
143 395 355 136 420
379 336 171 487 449
125 459 270 376 492
343 377 286 193 267
234 157 197 441 367
263 464 233 332 24
347 302 51 287 187
167 86 112 295 38
320 220 55 309 56
476 93 129 300 68
368 18 389 475 228
230 357 321 162 370
462 252 434 102 151
165 255 269 425 358
417 188 467 235 232
307 469 433 209 477
359 488 466 210 353
79 173 168 259 253
8 137 152 471 147
7 100 95 192 104
236 483 12 130 484
297 457 28 472 486
143 395 355 136 420
379 336 171 487 449
125 459 270 376 492
343 377 286 193 267
234 157 197 441 367
263 464 233 332 24
347 302 51 287 187
167 86 112 295 38
320 220 55 309 56
476 93 129 300 68
368 18 389 475 228
230 357 321 162 370
462 252 434 102 151
165 255 269 425 358
417 188 467 235 232
307 469 433 209 477
359 488 466 210 353
79 173 168 259 253
8 137 152 471 147
7 100 95 192 104
236 483 12 130 484
297 457 28 472 486
238 305 470 243 375
143 395 355 136 420
379 336 171 487 449
125 459 270 376 492
343 377 286 193 267
234 157 197 441 367
263 464 233 332 24
347 302 51 287 187
167 86 112 295 38
320 220 55 309 56
476 93 129 300 68
368 18 389 475 228
230 357 321 162 370
462 252 434 102 151
165 255 269 425 358
417 188 467 235 232
307 469 433 209 477
359 488 466 210 353
79 173 168 259 253
8 137 152 471 147
7 100 95 192 104
236 483 12 130 484
297 457 28 472 486
238 305 470 243 375
456 345 413 435 0
143 395 355 136 420
379 336 171 487 449
125 459 270 376 492
343 377 286 193 267
234 157 197 441 367
263 464 233 332 24
347 302 51 287 187
167 86 112 295 38
320 220 55 309 56
476 93 129 300 68
368 18 389 475 228
230 357 321 162 370
462 252 434 102 151
165 255 269 425 358
417 188 467 235 232
307 469 433 209 477
359 488 466 210 353
79 173 168 259 253
8 137 152 471 147
7 100 95 192 104
236 483 12 130 484
297 457 28 472 486
238 305 470 243 375
456 345 413 435 0
237 306 348 14 491
143 395 355 136 420
379 336 171 487 449
125 459 270 376 492
343 377 286 193 267
234 157 197 441 367
263 464 233 332 24
347 302 51 287 187
167 86 112 295 38
320 220 55 309 56
476 93 129 300 68
368 18 389 475 228
230 357 321 162 370
462 252 434 102 151
165 255 269 425 358
417 188 467 235 232
307 469 433 209 477
359 488 466 210 353
79 173 168 259 253
8 137 152 471 147
7 100 95 192 104
236 483 12 130 484
297 457 28 472 486
238 305 470 243 375
456 345 413 435 0
237 306 348 14 491
120 385 69 36 261
143 395 355 136 420
379 336 171 487 449
125 459 270 376 492
343 377 286 193 267
234 157 197 441 367
263 464 233 332 24
347 302 51 287 187
167 86 112 295 38
320 220 55 309 56
476 93 129 300 68
368 18 389 475 228
230 357 321 162 370
462 252 434 102 151
165 255 269 425 358
417 188 467 235 232
307 469 433 209 477
359 488 466 210 353
79 173 168 259 253
8 137 152 471 147
7 100 95 192 104
236 483 12 130 484
297 457 28 472 486
238 305 470 243 375
456 345 413 435 0
237 306 348 14 491
120 385 69 36 261
338 200 159 275 172
143 395 355 136 420
379 336 171 487 449
125 459 270 376 492
343 377 286 193 267
234 157 197 441 367
263 464 233 332 24
347 302 51 287 187
167 86 112 295 38
320 220 55 309 56
476 93 129 300 68
368 18 389 475 228
230 357 321 162 370
462 252 434 102 151
165 255 269 425 358
417 188 467 235 232
307 469 433 209 477
359 488 466 210 353
79 173 168 259 253
8 137 152 471 147
7 100 95 192 104
236 483 12 130 484
297 457 28 472 486
238 305 470 243 375
456 345 413 435 0
237 306 348 14 491
120 385 69 36 261
338 200 159 275 172
452 245 384 479 407
143 395 355 136 420
379 336 171 487 449
125 459 270 376 492
343 377 286 193 267
234 157 197 441 367
263 464 233 332 24
347 302 51 287 187
167 86 112 295 38
320 220 55 309 56
476 93 129 300 68
368 18 389 475 228
230 357 321 162 370
462 252 434 102 151
165 255 269 425 358
417 188 467 235 232
307 469 433 209 477
359 488 466 210 353
79 173 168 259 253
8 137 152 471 147
7 100 95 192 104
236 483 12 130 484
297 457 28 472 486
238 305 470 243 375
456 345 413 435 0
237 306 348 14 491
120 385 69 36 261
338 200 159 275 172
452 245 384 479 407
446 274 364 145 411
143 395 355 136 420
379 336 171 487 449
125 459 270 376 492
343 377 286 193 267
234 157 197 441 367
263 464 233 332 24
347 302 51 287 187
167 86 112 295 38
320 220 55 309 56
476 93 129 300 68
368 18 389 475 228
230 357 321 162 370
462 252 434 102 151
165 255 269 425 358
417 188 467 235 232
307 469 433 209 477
359 488 466 210 353
79 173 168 259 253
8 137 152 471 147
7 100 95 192 104
236 483 12 130 484
297 457 28 472 486
238 305 470 243 375
456 345 413 435 0
237 306 348 14 491
120 385 69 36 261
338 200 159 275 172
452 245 384 479 407
446 274 364 145 411
414 218 122 397 468
143 395 355 136 420
379 336 171 487 449
125 459 270 376 492
343 377 286 193 267
234 157 197 441 367
263 464 233 332 24
347 302 51 287 187
167 86 112 295 38
320 220 55 309 56
476 93 129 300 68
368 18 389 475 228
230 357 321 162 370
462 252 434 102 151
165 255 269 425 358
417 188 467 235 232
307 469 433 209 477
359 488 466 210 353
79 173 168 259 253
8 137 152 471 147
7 100 95 192 104
236 483 12 130 484
297 457 28 472 486
238 305 470 243 375
456 345 413 435 0
237 306 348 14 491
120 385 69 36 261
338 200 159 275 172
452 245 384 479 407
446 274 364 145 411
414 218 122 397 468
74 23 25 412 381
143 395 355 136 420
379 336 171 487 449
125 459 270 376 492
343 377 286 193 267
234 157 197 441 367
263 464 233 332 24
347 302 51 287 187
167 86 112 295 38
320 220 55 309 56
476 93 129 300 68
368 18 389 475 228
230 357 321 162 370
462 252 434 102 151
165 255 269 425 358
417 188 467 235 232
307 469 433 209 477
359 488 466 210 353
79 173 168 259 253
8 137 152 471 147
7 100 95 192 104
236 483 12 130 484
297 457 28 472 486
238 305 470 243 375
456 345 413 435 0
237 306 348 14 491
120 385 69 36 261
338 200 159 275 172
452 245 384 479 407
446 274 364 145 411
414 218 122 397 468
74 23 25 412 381
319 31 493 340 315
143 395 355 136 420
379 336 171 487 449
125 459 270 376 492
343 377 286 193 267
234 157 197 441 367
263 464 233 332 24
347 302 51 287 187
167 86 112 295 38
320 220 55 309 56
476 93 129 300 68
368 18 389 475 228
230 357 321 162 370
462 252 434 102 151
165 255 269 425 358
417 188 467 235 232
307 469 433 209 477
359 488 466 210 353
79 173 168 259 253
8 137 152 471 147
7 100 95 192 104
236 483 12 130 484
297 457 28 472 486
238 305 470 243 375
456 345 413 435 0
237 306 348 14 491
120 385 69 36 261
338 200 159 275 172
452 245 384 479 407
446 274 364 145 411
414 218 122 397 468
74 23 25 412 381
319 31 493 340 315
378 176 127 170 260
143 395 355 136 420
379 336 171 487 449
125 459 270 376 492
343 377 286 193 267
234 157 197 441 367
263 464 233 332 24
347 302 51 287 187
167 86 112 295 38
320 220 55 309 56
476 93 129 300 68
368 18 389 475 228
230 357 321 162 370
462 252 434 102 151
165 255 269 425 358
417 188 467 235 232
307 469 433 209 477
359 488 466 210 353
79 173 168 259 253
8 137 152 471 147
7 100 95 192 104
236 483 12 130 484
297 457 28 472 486
238 305 470 243 375
456 345 413 435 0
237 306 348 14 491
120 385 69 36 261
338 200 159 275 172
452 245 384 479 407
446 274 364 145 411
414 218 122 397 468
74 23 25 412 381
319 31 493 340 315
378 176 127 170 260
405 217 30 283 113
143 395 355 136 420
379 336 171 487 449
125 459 270 376 492
343 377 286 193 267
234 157 197 441 367
263 464 233 332 24
347 302 51 287 187
167 86 112 295 38
320 220 55 309 56
476 93 129 300 68
368 18 389 475 228
230 357 321 162 370
462 252 434 102 151
165 255 269 425 358
417 188 467 235 232
307 469 433 209 477
359 488 466 210 353
79 173 168 259 253
8 137 152 471 147
7 100 95 192 104
236 483 12 130 484
297 457 28 472 486
238 305 470 243 375
456 345 413 435 0
237 306 348 14 491
120 385 69 36 261
338 200 159 275 172
452 245 384 479 407
446 274 364 145 411
414 218 122 397 468
74 23 25 412 381
319 31 493 340 315
378 176 127 170 260
405 217 30 283 113
88 439 424 427 178
143 395 355 136 420
379 336 171 487 449
125 459 270 376 492
343 377 286 193 267
234 157 197 441 367
263 464 233 332 24
347 302 51 287 187
167 86 112 295 38
320 220 55 309 56
476 93 129 300 68
368 18 389 475 228
230 357 321 162 370
462 252 434 102 151
165 255 269 425 358
417 188 467 235 232
307 469 433 209 477
359 488 466 210 353
79 173 168 259 253
8 137 152 471 147
7 100 95 192 104
236 483 12 130 484
297 457 28 472 486
238 305 470 243 375
456 345 413 435 0
237 306 348 14 491
120 385 69 36 261
338 200 159 275 172
452 245 384 479 407
446 274 364 145 411
414 218 122 397 468
74 23 25 412 381
319 31 493 340 315
378 176 127 170 260
405 217 30 283 113
88 439 424 427 178
107 216 328 428 5
143 395 355 136 420
379 336 171 487 449
125 459 270 376 492
343 377 286 193 267
234 157 197 441 367
263 464 233 332 24
347 302 51 287 187
167 86 112 295 38
320 220 55 309 56
476 93 129 300 68
368 18 389 475 228
230 357 321 162 370
462 252 434 102 151
165 255 269 425 358
417 188 467 235 232
307 469 433 209 477
359 488 466 210 353
79 173 168 259 253
8 137 152 471 147
7 100 95 192 104
236 483 12 130 484
297 457 28 472 486
238 305 470 243 375
456 345 413 435 0
237 306 348 14 491
120 385 69 36 261
338 200 159 275 172
452 245 384 479 407
446 274 364 145 411
414 218 122 397 468
74 23 25 412 381
319 31 493 340 315
378 176 127 170 260
405 217 30 283 113
88 439 424 427 178
107 216 328 428 5
455 208 46 316 185
143 395 355 136 420
379 336 171 487 449
125 459 270 376 492
343 377 286 193 267
234 157 197 441 367
263 464 233 332 24
347 302 51 287 187
167 86 112 295 38
320 220 55 309 56
476 93 129 300 68
368 18 389 475 228
230 357 321 162 370
462 252 434 102 151
165 255 269 425 358
417 188 467 235 232
307 469 433 209 477
359 488 466 210 353
79 173 168 259 253
8 137 152 471 147
7 100 95 192 104
236 483 12 130 484
297 457 28 472 486
238 305 470 243 375
456 345 413 435 0
237 306 348 14 491
120 385 69 36 261
338 200 159 275 172
452 245 384 479 407
446 274 364 145 411
414 218 122 397 468
74 23 25 412 381
319 31 493 340 315
378 176 127 170 260
405 217 30 283 113
88 439 424 427 178
107 216 328 428 5
455 208 46 316 185
72 126 374 1 33
143 395 355 136 420
379 336 171 487 449
125 459 270 376 492
343 377 286 193 267
234 157 197 441 367
263 464 233 332 24
347 302 51 287 187
167 86 112 295 38
320 220 55 309 56
476 93 129 300 68
368 18 389 475 228
230 357 321 162 370
462 252 434 102 151
165 255 269 425 358
417 188 467 235 232
307 469 433 209 477
359 488 466 210 353
79 173 168 259 253
8 137 152 471 147
7 100 95 192 104
236 483 12 130 484
297 457 28 472 486
238 305 470 243 375
456 345 413 435 0
237 306 348 14 491
120 385 69 36 261
338 200 159 275 172
452 245 384 479 407
446 274 364 145 411
414 218 122 397 468
74 23 25 412 381
319 31 493 340 315
378 176 127 170 260
405 217 30 283 113
88 439 424 427 178
107 216 328 428 5
455 208 46 316 185
72 126 374 1 33
282 108 186 82 402
143 395 355 136 420
379 336 171 487 449
125 459 270 376 492
343 377 286 193 267
234 157 197 441 367
263 464 233 332 24
347 302 51 287 187
167 86 112 295 38
320 220 55 309 56
476 93 129 300 68
368 18 389 475 228
230 357 321 162 370
462 252 434 102 151
165 255 269 425 358
417 188 467 235 232
307 469 433 209 477
359 488 466 210 353
79 173 168 259 253
8 137 152 471 147
7 100 95 192 104
236 483 12 130 484
297 457 28 472 486
238 305 470 243 375
456 345 413 435 0
237 306 348 14 491
120 385 69 36 261
338 200 159 275 172
452 245 384 479 407
446 274 364 145 411
414 218 122 397 468
74 23 25 412 381
319 31 493 340 315
378 176 127 170 260
405 217 30 283 113
88 439 424 427 178
107 216 328 428 5
455 208 46 316 185
72 126 374 1 33
282 108 186 82 402
63 426 191 114 133
143 395 355 136 420
379 336 171 487 449
125 459 270 376 492
343 377 286 193 267
234 157 197 441 367
263 464 233 332 24
347 302 51 287 187
167 86 112 295 38
320 220 55 309 56
476 93 129 300 68
368 18 389 475 228
230 357 321 162 370
462 252 434 102 151
165 255 269 425 358
417 188 467 235 232
307 469 433 209 477
359 488 466 210 353
79 173 168 259 253
8 137 152 471 147
7 100 95 192 104
236 483 12 130 484
297 457 28 472 486
238 305 470 243 375
456 345 413 435 0
237 306 348 14 491
120 385 69 36 261
338 200 159 275 172
452 245 384 479 407
446 274 364 145 411
414 218 122 397 468
74 23 25 412 381
319 31 493 340 315
378 176 127 170 260
405 217 30 283 113
88 439 424 427 178
107 216 328 428 5
455 208 46 316 185
72 126 374 1 33
282 108 186 82 402
63 426 191 114 133
225 91 447 339 451
143 395 355 136 420
379 336 171 487 449
125 459 270 376 492
343 377 286 193 267
234 157 197 441 367
263 464 233 332 24
347 302 51 287 187
167 86 112 295 38
320 220 55 309 56
476 93 129 300 68
368 18 389 475 228
230 357 321 162 370
462 252 434 102 151
165 255 269 425 358
417 188 467 235 232
307 469 433 209 477
359 488 466 210 353
79 173 168 259 253
8 137 152 471 147
7 100 95 192 104
236 483 12 130 484
297 457 28 472 486
238 305 470 243 375
456 345 413 435 0
237 306 348 14 491
120 385 69 36 261
338 200 159 275 172
452 245 384 479 407
446 274 364 145 411
414 218 122 397 468
74 23 25 412 381
319 31 493 340 315
378 176 127 170 260
405 217 30 283 113
88 439 424 427 178
107 216 328 428 5
455 208 46 316 185
72 126 374 1 33
282 108 186 82 402
63 426 191 114 133
225 91 447 339 451
423 346 158 116 334
143 395 355 136 420
379 336 171 487 449
125 459 270 376 492
343 377 286 193 267
234 157 197 441 367
263 464 233 332 24
347 302 51 287 187
167 86 112 295 38
320 220 55 309 56
476 93 129 300 68
368 18 389 475 228
230 357 321 162 370
462 252 434 102 151
165 255 269 425 358
417 188 467 235 232
307 469 433 209 477
359 488 466 210 353
79 173 168 259 253
8 137 152 471 147
7 100 95 192 104
236 483 12 130 484
297 457 28 472 486
238 305 470 243 375
456 345 413 435 0
237 306 348 14 491
120 385 69 36 261
338 200 159 275 172
452 245 384 479 407
446 274 364 145 411
414 218 122 397 468
74 23 25 412 381
319 31 493 340 315
378 176 127 170 260
405 217 30 283 113
88 439 424 427 178
107 216 328 428 5
455 208 46 316 185
72 126 374 1 33
282 108 186 82 402
63 426 191 114 133
225 91 447 339 451
423 346 158 116 334
430 135 84 311 29
143 395 355 136 420
379 336 171 487 449
125 459 270 376 492
343 377 286 193 267
234 157 197 441 367
263 464 233 332 24
347 302 51 287 187
167 86 112 295 38
320 220 55 309 56
476 93 129 300 68
368 18 389 475 228
230 357 321 162 370
462 252 434 102 151
165 255 269 425 358
417 188 467 235 232
307 469 433 209 477
359 488 466 210 353
79 173 168 259 253
8 137 152 471 147
7 100 95 192 104
236 483 12 130 484
297 457 28 472 486
238 305 470 243 375
456 345 413 435 0
237 306 348 14 491
120 385 69 36 261
338 200 159 275 172
452 245 384 479 407
446 274 364 145 411
414 218 122 397 468
74 23 25 412 381
319 31 493 340 315
378 176 127 170 260
405 217 30 283 113
88 439 424 427 178
107 216 328 428 5
455 208 46 316 185
72 126 374 1 33
282 108 186 82 402
63 426 191 114 133
225 91 447 339 451
423 346 158 116 334
430 135 84 311 29
39 291 62 442 76
143 395 355 136 420
379 336 171 487 449
125 459 270 376 492
343 377 286 193 267
234 157 197 441 367
263 464 233 332 24
347 302 51 287 187
167 86 112 295 38
320 220 55 309 56
476 93 129 300 68
368 18 389 475 228
230 357 321 162 370
462 252 434 102 151
165 255 269 425 358
417 188 467 235 232
307 469 433 209 477
359 488 466 210 353
79 173 168 259 253
8 137 152 471 147
7 100 95 192 104
236 483 12 130 484
297 457 28 472 486
238 305 470 243 375
456 345 413 435 0
237 306 348 14 491
120 385 69 36 261
338 200 159 275 172
452 245 384 479 407
446 274 364 145 411
414 218 122 397 468
74 23 25 412 381
319 31 493 340 315
378 176 127 170 260
405 217 30 283 113
88 439 424 427 178
107 216 328 428 5
455 208 46 316 185
72 126 374 1 33
282 108 186 82 402
63 426 191 114 133
225 91 447 339 451
423 346 158 116 334
430 135 84 311 29
39 291 62 442 76
64 280 155 9 146
143 395 355 136 420
379 336 171 487 449
125 459 270 376 492
343 377 286 193 267
234 157 197 441 367
263 464 233 332 24
347 302 51 287 187
167 86 112 295 38
320 220 55 309 56
476 93 129 300 68
368 18 389 475 228
230 357 321 162 370
462 252 434 102 151
165 255 269 425 358
417 188 467 235 232
307 469 433 209 477
359 488 466 210 353
79 173 168 259 253
8 137 152 471 147
7 100 95 192 104
236 483 12 130 484
297 457 28 472 486
238 305 470 243 375
456 345 413 435 0
237 306 348 14 491
120 385 69 36 261
338 200 159 275 172
452 245 384 479 407
446 274 364 145 411
414 218 122 397 468
74 23 25 412 381
319 31 493 340 315
378 176 127 170 260
405 217 30 283 113
88 439 424 427 178
107 216 328 428 5
455 208 46 316 185
72 126 374 1 33
282 108 186 82 402
63 426 191 114 133
225 91 447 339 451
423 346 158 116 334
430 135 84 311 29
39 291 62 442 76
64 280 155 9 146
277 294 460 77 410
143 395 355 136 420
379 336 171 487 449
125 459 270 376 492
343 377 286 193 267
234 157 197 441 367
263 464 233 332 24
347 302 51 287 187
167 86 112 295 38
320 220 55 309 56
476 93 129 300 68
368 18 389 475 228
230 357 321 162 370
462 252 434 102 151
165 255 269 425 358
417 188 467 235 232
307 469 433 209 477
359 488 466 210 353
79 173 168 259 253
8 137 152 471 147
7 100 95 192 104
236 483 12 130 484
297 457 28 472 486
238 305 470 243 375
456 345 413 435 0
237 306 348 14 491
120 385 69 36 261
338 200 159 275 172
452 245 384 479 407
446 274 364 145 411
414 218 122 397 468
74 23 25 412 381
319 31 493 340 315
378 176 127 170 260
405 217 30 283 113
88 439 424 427 178
107 216 328 428 5
455 208 46 316 185
72 126 374 1 33
282 108 186 82 402
63 426 191 114 133
225 91 447 339 451
423 346 158 116 334
430 135 84 311 29
39 291 62 442 76
64 280 155 9 146
277 294 460 77 410
394 6 141 341 49
143 395 355 136 420
379 336 171 487 449
125 459 270 376 492
343 377 286 193 267
234 157 197 441 367
263 464 233 332 24
347 302 51 287 187
167 86 112 295 38
320 220 55 309 56
476 93 129 300 68
368 18 389 475 228
230 357 321 162 370
462 252 434 102 151
165 255 269 425 358
417 188 467 235 232
307 469 433 209 477
359 488 466 210 353
79 173 168 259 253
8 137 152 471 147
7 100 95 192 104
236 483 12 130 484
297 457 28 472 486
238 305 470 243 375
456 345 413 435 0
237 306 348 14 491
120 385 69 36 261
338 200 159 275 172
452 245 384 479 407
446 274 364 145 411
414 218 122 397 468
74 23 25 412 381
319 31 493 340 315
378 176 127 170 260
405 217 30 283 113
88 439 424 427 178
107 216 328 428 5
455 208 46 316 185
72 126 374 1 33
282 108 186 82 402
63 426 191 114 133
225 91 447 339 451
423 346 158 116 334
430 135 84 311 29
39 291 62 442 76
64 280 155 9 146
277 294 460 77 410
394 6 141 341 49
13 214 262 304 271
143 395 355 136 420
379 336 171 487 449
125 459 270 376 492
343 377 286 193 267
234 157 197 441 367
263 464 233 332 24
347 302 51 287 187
167 86 112 295 38
320 220 55 309 56
476 93 129 300 68
368 18 389 475 228
230 357 321 162 370
462 252 434 102 151
165 255 269 425 358
417 188 467 235 232
307 469 433 209 477
359 488 466 210 353
79 173 168 259 253
8 137 152 471 147
7 100 95 192 104
236 483 12 130 484
297 457 28 472 486
238 305 470 243 375
456 345 413 435 0
237 306 348 14 491
120 385 69 36 261
338 200 159 275 172
452 245 384 479 407
446 274 364 145 411
414 218 122 397 468
74 23 25 412 381
319 31 493 340 315
378 176 127 170 260
405 217 30 283 113
88 439 424 427 178
107 216 328 428 5
455 208 46 316 185
72 126 374 1 33
282 108 186 82 402
63 426 191 114 133
225 91 447 339 451
423 346 158 116 334
430 135 84 311 29
39 291 62 442 76
64 280 155 9 146
277 294 460 77 410
394 6 141 341 49
13 214 262 304 271
419 296 132 75 369
143 395 355 136 420
379 336 171 487 449
125 459 270 376 492
343 377 286 193 267
234 157 197 441 367
263 464 233 332 24
347 302 51 287 187
167 86 112 295 38
320 220 55 309 56
476 93 129 300 68
368 18 389 475 228
230 357 321 162 370
462 252 434 102 151
165 255 269 425 358
417 188 467 235 232
307 469 433 209 477
359 488 466 210 353
79 173 168 259 253
8 137 152 471 147
7 100 95 192 104
236 483 12 130 484
297 457 28 472 486
238 305 470 243 375
456 345 413 435 0
237 306 348 14 491
120 385 69 36 261
338 200 159 275 172
452 245 384 479 407
446 274 364 145 411
414 218 122 397 468
74 23 25 412 381
319 31 493 340 315
378 176 127 170 260
405 217 30 283 113
88 439 424 427 178
107 216 328 428 5
455 208 46 316 185
72 126 374 1 33
282 108 186 82 402
63 426 191 114 133
225 91 447 339 451
423 346 158 116 334
430 135 84 311 29
39 291 62 442 76
64 280 155 9 146
277 294 460 77 410
394 6 141 341 49
13 214 262 304 271
419 296 132 75 369
465 222 289 432 244
