386 61 376 47 266
176 309 83 325 214
199 161 89 160 349
381 229 142 96 383
346 43 155 114 3
299 106 393 99 41
163 140 109 55 7
45 340 368 215 197
151 380 341 326 46
12 276 118 308 264
221 143 30 102 347
173 365 399 112 130
255 280 179 240 33
345 10 38 201 297
124 120 304 343 385
174 66 183 78 348
15 86 152 259 170
335 287 395 379 138
98 357 332 246 315
57 180 121 190 311
352 239 111 316 390
350 351 344 85 305
4 75 58 250 50
354 238 231 131 360
236 82 169 384 101
146 92 334 396 270
251 337 139 330 198
103 319 129 2 252
331 382 267 320 178
369 258 362 171 296
110 372 208 220 241
353 0 53 74 375
164 128 355 177 216
148 19 28 172 307
387 187 271 233 192
185 67 227 6 313
64 97 269 27 224
257 242 77 391 26
56 301 63 228 158
191 21 70 219 361
