315 272 201 155 293
315 272 201 155 293
215 13 190 328 186
315 272 201 155 293
215 13 190 328 186
300 173 359 74 110
315 272 201 155 293
215 13 190 328 186
300 173 359 74 110
485 4 51 85 341
315 272 201 155 293
215 13 190 328 186
300 173 359 74 110
485 4 51 85 341
404 492 483 246 255
315 272 201 155 293
215 13 190 328 186
300 173 359 74 110
485 4 51 85 341
404 492 483 246 255
154 221 340 214 113
315 272 201 155 293
215 13 190 328 186
300 173 359 74 110
485 4 51 85 341
404 492 483 246 255
154 221 340 214 113
79 109 364 407 286
315 272 201 155 293
215 13 190 328 186
300 173 359 74 110
485 4 51 85 341
404 492 483 246 255
154 221 340 214 113
79 109 364 407 286
281 484 497 14 129
315 272 201 155 293
215 13 190 328 186
300 173 359 74 110
485 4 51 85 341
404 492 483 246 255
154 221 340 214 113
79 109 364 407 286
281 484 497 14 129
381 151 71 189 308
315 272 201 155 293
215 13 190 328 186
300 173 359 74 110
485 4 51 85 341
404 492 483 246 255
154 221 340 214 113
79 109 364 407 286
281 484 497 14 129
381 151 71 189 308
199 46 477 1 34
315 272 201 155 293
215 13 190 328 186
300 173 359 74 110
485 4 51 85 341
404 492 483 246 255
154 221 340 214 113
79 109 364 407 286
281 484 497 14 129
381 151 71 189 308
199 46 477 1 34
117 224 38 203
315 272 201 155 293
215 13 190 328 186
300 173 359 74 110
485 4 51 85 341
404 492 483 246 255
154 221 340 214 113
79 109 364 407 286
281 484 497 14 129
381 151 71 189 308
199 46 477 1 34
117 224 38 203
182 488 279 403 167
315 272 201 155 293
215 13 190 328 186
300 173 359 74 110
485 4 51 85 341
404 492 483 246 255
154 221 340 214 113
79 109 364 407 286
281 484 497 14 129
381 151 71 189 308
199 46 477 1 34
117 224 38 203
182 488 279 403 167
368 140 491 313
315 272 201 155 293
215 13 190 328 186
300 173 359 74 110
485 4 51 85 341
404 492 483 246 255
154 221 340 214 113
79 109 364 407 286
281 484 497 14 129
381 151 71 189 308
199 46 477 1 34
117 224 38 203
182 488 279 403 167
368 140 491 313
211 448 160 454 399
315 272 201 155 293
215 13 190 328 186
300 173 359 74 110
485 4 51 85 341
404 492 483 246 255
154 221 340 214 113
79 109 364 407 286
281 484 497 14 129
381 151 71 189 308
199 46 477 1 34
117 224 38 203
182 488 279 403 167
368 140 491 313
211 448 160 454 399
5 194 262 468 57
315 272 201 155 293
215 13 190 328 186
300 173 359 74 110
485 4 51 85 341
404 492 483 246 255
154 221 340 214 113
79 109 364 407 286
281 484 497 14 129
381 151 71 189 308
199 46 477 1 34
117 224 38 203
182 488 279 403 167
368 140 491 313
211 448 160 454 399
5 194 262 468 57
330 105 216 250 494
315 272 201 155 293
215 13 190 328 186
300 173 359 74 110
485 4 51 85 341
404 492 483 246 255
154 221 340 214 113
79 109 364 407 286
281 484 497 14 129
381 151 71 189 308
199 46 477 1 34
117 224 38 203
182 488 279 403 167
368 140 491 313
211 448 160 454 399
5 194 262 468 57
330 105 216 250 494
227 412 333 252 277
315 272 201 155 293
215 13 190 328 186
300 173 359 74 110
485 4 51 85 341
404 492 483 246 255
154 221 340 214 113
79 109 364 407 286
281 484 497 14 129
381 151 71 189 308
199 46 477 1 34
117 224 38 203
182 488 279 403 167
368 140 491 313
211 448 160 454 399
5 194 262 468 57
330 105 216 250 494
227 412 333 252 277
433 442 346 103 417
315 272 201 155 293
215 13 190 328 186
300 173 359 74 110
485 4 51 85 341
404 492 483 246 255
154 221 340 214 113
79 109 364 407 286
281 484 497 14 129
381 151 71 189 308
199 46 477 1 34
117 224 38 203
182 488 279 403 167
368 140 491 313
211 448 160 454 399
5 194 262 468 57
330 105 216 250 494
227 412 333 252 277
433 442 346 103 417
230 309 453 305 371
315 272 201 155 293
215 13 190 328 186
300 173 359 74 110
485 4 51 85 341
404 492 483 246 255
154 221 340 214 113
79 109 364 407 286
281 484 497 14 129
381 151 71 189 308
199 46 477 1 34
117 224 38 203
182 488 279 403 167
368 140 491 313
211 448 160 454 399
5 194 262 468 57
330 105 216 250 494
227 412 333 252 277
433 442 346 103 417
230 309 453 305 371
126 208 70 124 80
315 272 201 155 293
215 13 190 328 186
300 173 359 74 110
485 4 51 85 341
404 492 483 246 255
154 221 340 214 113
79 109 364 407 286
281 484 497 14 129
381 151 71 189 308
199 46 477 1 34
117 224 38 203
182 488 279 403 167
368 140 491 313
211 448 160 454 399
5 194 262 468 57
330 105 216 250 494
227 412 333 252 277
433 442 346 103 417
230 309 453 305 371
126 208 70 124 80
0 329 499 217 114
315 272 201 155 293
215 13 190 328 186
300 173 359 74 110
485 4 51 85 341
404 492 483 246 255
154 221 340 214 113
79 109 364 407 286
281 484 497 14 129
381 151 71 189 308
199 46 477 1 34
117 224 38 203
182 488 279 403 167
368 140 491 313
211 448 160 454 399
5 194 262 468 57
330 105 216 250 494
227 412 333 252 277
433 442 346 103 417
230 309 453 305 371
126 208 70 124 80
0 329 499 217 114
444 59 326 228 336
315 272 201 155 293
215 13 190 328 186
300 173 359 74 110
485 4 51 85 341
404 492 483 246 255
154 221 340 214 113
79 109 364 407 286
281 484 497 14 129
381 151 71 189 308
199 46 477 1 34
117 224 38 203
182 488 279 403 167
368 140 491 313
211 448 160 454 399
5 194 262 468 57
330 105 216 250 494
227 412 333 252 277
433 442 346 103 417
230 309 453 305 371
126 208 70 124 80
0 329 499 217 114
444 59 326 228 336
273 418 295 118 165
315 272 201 155 293
215 13 190 328 186
300 173 359 74 110
485 4 51 85 341
404 492 483 246 255
154 221 340 214 113
79 109 364 407 286
281 484 497 14 129
381 151 71 189 308
199 46 477 1 34
117 224 38 203
182 488 279 403 167
368 140 491 313
211 448 160 454 399
5 194 262 468 57
330 105 216 250 494
227 412 333 252 277
433 442 346 103 417
230 309 453 305 371
126 208 70 124 80
0 329 499 217 114
444 59 326 228 336
273 418 295 118 165
106 394 257 347 35
315 272 201 155 293
215 13 190 328 186
300 173 359 74 110
485 4 51 85 341
404 492 483 246 255
154 221 340 214 113
79 109 364 407 286
281 484 497 14 129
381 151 71 189 308
199 46 477 1 34
117 224 38 203
182 488 279 403 167
368 140 491 313
211 448 160 454 399
5 194 262 468 57
330 105 216 250 494
227 412 333 252 277
433 442 346 103 417
230 309 453 305 371
126 208 70 124 80
0 329 499 217 114
444 59 326 228 336
273 418 295 118 165
106 394 257 347 35
400 243 209 439 17
315 272 201 155 293
215 13 190 328 186
300 173 359 74 110
485 4 51 85 341
404 492 483 246 255
154 221 340 214 113
79 109 364 407 286
281 484 497 14 129
381 151 71 189 308
199 46 477 1 34
117 224 38 203
182 488 279 403 167
368 140 491 313
211 448 160 454 399
5 194 262 468 57
330 105 216 250 494
227 412 333 252 277
433 442 346 103 417
230 309 453 305 371
126 208 70 124 80
0 329 499 217 114
444 59 326 228 336
273 418 295 118 165
106 394 257 347 35
400 243 209 439 17
473 276 470 422 450
315 272 201 155 293
215 13 190 328 186
300 173 359 74 110
485 4 51 85 341
404 492 483 246 255
154 221 340 214 113
79 109 364 407 286
281 484 497 14 129
381 151 71 189 308
199 46 477 1 34
117 224 38 203
182 488 279 403 167
368 140 491 313
211 448 160 454 399
5 194 262 468 57
330 105 216 250 494
227 412 333 252 277
433 442 346 103 417
230 309 453 305 371
126 208 70 124 80
0 329 499 217 114
444 59 326 228 336
273 418 295 118 165
106 394 257 347 35
400 243 209 439 17
473 276 470 422 450
29 332 374 253 261
315 272 201 155 293
215 13 190 328 186
300 173 359 74 110
485 4 51 85 341
404 492 483 246 255
154 221 340 214 113
79 109 364 407 286
281 484 497 14 129
381 151 71 189 308
199 46 477 1 34
117 224 38 203
182 488 279 403 167
368 140 491 313
211 448 160 454 399
5 194 262 468 57
330 105 216 250 494
227 412 333 252 277
433 442 346 103 417
230 309 453 305 371
126 208 70 124 80
0 329 499 217 114
444 59 326 228 336
273 418 295 118 165
106 394 257 347 35
400 243 209 439 17
473 276 470 422 450
29 332 374 253 261
401 131 267 269 480
315 272 201 155 293
215 13 190 328 186
300 173 359 74 110
485 4 51 85 341
404 492 483 246 255
154 221 340 214 113
79 109 364 407 286
281 484 497 14 129
381 151 71 189 308
199 46 477 1 34
117 224 38 203
182 488 279 403 167
368 140 491 313
211 448 160 454 399
5 194 262 468 57
330 105 216 250 494
227 412 333 252 277
433 442 346 103 417
230 309 453 305 371
126 208 70 124 80
0 329 499 217 114
444 59 326 228 336
273 418 295 118 165
106 394 257 347 35
400 243 209 439 17
473 276 470 422 450
29 332 374 253 261
401 131 267 269 480
91 132 142 28 213
315 272 201 155 293
215 13 190 328 186
300 173 359 74 110
485 4 51 85 341
404 492 483 246 255
154 221 340 214 113
79 109 364 407 286
281 484 497 14 129
381 151 71 189 308
199 46 477 1 34
117 224 38 203
182 488 279 403 167
368 140 491 313
211 448 160 454 399
5 194 262 468 57
330 105 216 250 494
227 412 333 252 277
433 442 346 103 417
230 309 453 305 371
126 208 70 124 80
0 329 499 217 114
444 59 326 228 336
273 418 295 118 165
106 394 257 347 35
400 243 209 439 17
473 276 470 422 450
29 332 374 253 261
401 131 267 269 480
91 132 142 28 213
259 345 356 18 141
315 272 201 155 293
215 13 190 328 186
300 173 359 74 110
485 4 51 85 341
404 492 483 246 255
154 221 340 214 113
79 109 364 407 286
281 484 497 14 129
381 151 71 189 308
199 46 477 1 34
117 224 38 203
182 488 279 403 167
368 140 491 313
211 448 160 454 399
5 194 262 468 57
330 105 216 250 494
227 412 333 252 277
433 442 346 103 417
230 309 453 305 371
126 208 70 124 80
0 329 499 217 114
444 59 326 228 336
273 418 295 118 165
106 394 257 347 35
400 243 209 439 17
473 276 470 422 450
29 332 374 253 261
401 131 267 269 480
91 132 142 28 213
259 345 356 18 141
334 360 7 244
315 272 201 155 293
215 13 190 328 186
300 173 359 74 110
485 4 51 85 341
404 492 483 246 255
154 221 340 214 113
79 109 364 407 286
281 484 497 14 129
381 151 71 189 308
199 46 477 1 34
117 224 38 203
182 488 279 403 167
368 140 491 313
211 448 160 454 399
5 194 262 468 57
330 105 216 250 494
227 412 333 252 277
433 442 346 103 417
230 309 453 305 371
126 208 70 124 80
0 329 499 217 114
444 59 326 228 336
273 418 295 118 165
106 394 257 347 35
400 243 209 439 17
473 276 470 422 450
29 332 374 253 261
401 131 267 269 480
91 132 142 28 213
259 345 356 18 141
334 360 7 244
185 294 339 25
315 272 201 155 293
215 13 190 328 186
300 173 359 74 110
485 4 51 85 341
404 492 483 246 255
154 221 340 214 113
79 109 364 407 286
281 484 497 14 129
381 151 71 189 308
199 46 477 1 34
117 224 38 203
182 488 279 403 167
368 140 491 313
211 448 160 454 399
5 194 262 468 57
330 105 216 250 494
227 412 333 252 277
433 442 346 103 417
230 309 453 305 371
126 208 70 124 80
0 329 499 217 114
444 59 326 228 336
273 418 295 118 165
106 394 257 347 35
400 243 209 439 17
473 276 470 422 450
29 332 374 253 261
401 131 267 269 480
91 132 142 28 213
259 345 356 18 141
334 360 7 244
185 294 339 25
461 218 83 372
315 272 201 155 293
215 13 190 328 186
300 173 359 74 110
485 4 51 85 341
404 492 483 246 255
154 221 340 214 113
79 109 364 407 286
281 484 497 14 129
381 151 71 189 308
199 46 477 1 34
117 224 38 203
182 488 279 403 167
368 140 491 313
211 448 160 454 399
5 194 262 468 57
330 105 216 250 494
227 412 333 252 277
433 442 346 103 417
230 309 453 305 371
126 208 70 124 80
0 329 499 217 114
444 59 326 228 336
273 418 295 118 165
106 394 257 347 35
400 243 209 439 17
473 276 470 422 450
29 332 374 253 261
401 131 267 269 480
91 132 142 28 213
259 345 356 18 141
334 360 7 244
185 294 339 25
461 218 83 372
428 325 464 379
315 272 201 155 293
215 13 190 328 186
300 173 359 74 110
485 4 51 85 341
404 492 483 246 255
154 221 340 214 113
79 109 364 407 286
281 484 497 14 129
381 151 71 189 308
199 46 477 1 34
117 224 38 203
182 488 279 403 167
368 140 491 313
211 448 160 454 399
5 194 262 468 57
330 105 216 250 494
227 412 333 252 277
433 442 346 103 417
230 309 453 305 371
126 208 70 124 80
0 329 499 217 114
444 59 326 228 336
273 418 295 118 165
106 394 257 347 35
400 243 209 439 17
473 276 470 422 450
29 332 374 253 261
401 131 267 269 480
91 132 142 28 213
259 345 356 18 141
334 360 7 244
185 294 339 25
461 218 83 372
428 325 464 379
471 16 385 391
315 272 201 155 293
215 13 190 328 186
300 173 359 74 110
485 4 51 85 341
404 492 483 246 255
154 221 340 214 113
79 109 364 407 286
281 484 497 14 129
381 151 71 189 308
199 46 477 1 34
117 224 38 203
182 488 279 403 167
368 140 491 313
211 448 160 454 399
5 194 262 468 57
330 105 216 250 494
227 412 333 252 277
433 442 346 103 417
230 309 453 305 371
126 208 70 124 80
0 329 499 217 114
444 59 326 228 336
273 418 295 118 165
106 394 257 347 35
400 243 209 439 17
473 276 470 422 450
29 332 374 253 261
401 131 267 269 480
91 132 142 28 213
259 345 356 18 141
334 360 7 244
185 294 339 25
461 218 83 372
428 325 464 379
471 16 385 391
284 458 148
315 272 201 155 293
215 13 190 328 186
300 173 359 74 110
485 4 51 85 341
404 492 483 246 255
154 221 340 214 113
79 109 364 407 286
281 484 497 14 129
381 151 71 189 308
199 46 477 1 34
117 224 38 203
182 488 279 403 167
368 140 491 313
211 448 160 454 399
5 194 262 468 57
330 105 216 250 494
227 412 333 252 277
433 442 346 103 417
230 309 453 305 371
126 208 70 124 80
0 329 499 217 114
444 59 326 228 336
273 418 295 118 165
106 394 257 347 35
400 243 209 439 17
473 276 470 422 450
29 332 374 253 261
401 131 267 269 480
91 132 142 28 213
259 345 356 18 141
334 360 7 244
185 294 339 25
461 218 83 372
428 325 464 379
471 16 385 391
284 458 148
489 115 446
315 272 201 155 293
215 13 190 328 186
300 173 359 74 110
485 4 51 85 341
404 492 483 246 255
154 221 340 214 113
79 109 364 407 286
281 484 497 14 129
381 151 71 189 308
199 46 477 1 34
117 224 38 203
182 488 279 403 167
368 140 491 313
211 448 160 454 399
5 194 262 468 57
330 105 216 250 494
227 412 333 252 277
433 442 346 103 417
230 309 453 305 371
126 208 70 124 80
0 329 499 217 114
444 59 326 228 336
273 418 295 118 165
106 394 257 347 35
400 243 209 439 17
473 276 470 422 450
29 332 374 253 261
401 131 267 269 480
91 132 142 28 213
259 345 356 18 141
334 360 7 244
185 294 339 25
461 218 83 372
428 325 464 379
471 16 385 391
284 458 148
489 115 446
282 68
315 272 201 155 293
215 13 190 328 186
300 173 359 74 110
485 4 51 85 341
404 492 483 246 255
154 221 340 214 113
79 109 364 407 286
281 484 497 14 129
381 151 71 189 308
199 46 477 1 34
117 224 38 203
182 488 279 403 167
368 140 491 313
211 448 160 454 399
5 194 262 468 57
330 105 216 250 494
227 412 333 252 277
433 442 346 103 417
230 309 453 305 371
126 208 70 124 80
0 329 499 217 114
444 59 326 228 336
273 418 295 118 165
106 394 257 347 35
400 243 209 439 17
473 276 470 422 450
29 332 374 253 261
401 131 267 269 480
91 132 142 28 213
259 345 356 18 141
334 360 7 244
185 294 339 25
461 218 83 372
428 325 464 379
471 16 385 391
284 458 148
489 115 446
282 68
239 414 133
315 272 201 155 293
215 13 190 328 186
300 173 359 74 110
485 4 51 85 341
404 492 483 246 255
154 221 340 214 113
79 109 364 407 286
281 484 497 14 129
381 151 71 189 308
199 46 477 1 34
117 224 38 203
182 488 279 403 167
368 140 491 313
211 448 160 454 399
5 194 262 468 57
330 105 216 250 494
227 412 333 252 277
433 442 346 103 417
230 309 453 305 371
126 208 70 124 80
0 329 499 217 114
444 59 326 228 336
273 418 295 118 165
106 394 257 347 35
400 243 209 439 17
473 276 470 422 450
29 332 374 253 261
401 131 267 269 480
91 132 142 28 213
259 345 356 18 141
334 360 7 244
185 294 339 25
461 218 83 372
428 325 464 379
471 16 385 391
284 458 148
489 115 446
282 68
239 414 133
179 443 122
315 272 201 155 293
215 13 190 328 186
300 173 359 74 110
485 4 51 85 341
404 492 483 246 255
154 221 340 214 113
79 109 364 407 286
281 484 497 14 129
381 151 71 189 308
199 46 477 1 34
117 224 38 203
182 488 279 403 167
368 140 491 313
211 448 160 454 399
5 194 262 468 57
330 105 216 250 494
227 412 333 252 277
433 442 346 103 417
230 309 453 305 371
126 208 70 124 80
0 329 499 217 114
444 59 326 228 336
273 418 295 118 165
106 394 257 347 35
400 243 209 439 17
473 276 470 422 450
29 332 374 253 261
401 131 267 269 480
91 132 142 28 213
259 345 356 18 141
334 360 7 244
185 294 339 25
461 218 83 372
428 325 464 379
471 16 385 391
284 458 148
489 115 446
282 68
239 414 133
179 443 122
316 312 413
315 272 201 155 293
215 13 190 328 186
300 173 359 74 110
485 4 51 85 341
404 492 483 246 255
154 221 340 214 113
79 109 364 407 286
281 484 497 14 129
381 151 71 189 308
199 46 477 1 34
117 224 38 203
182 488 279 403 167
368 140 491 313
211 448 160 454 399
5 194 262 468 57
330 105 216 250 494
227 412 333 252 277
433 442 346 103 417
230 309 453 305 371
126 208 70 124 80
0 329 499 217 114
444 59 326 228 336
273 418 295 118 165
106 394 257 347 35
400 243 209 439 17
473 276 470 422 450
29 332 374 253 261
401 131 267 269 480
91 132 142 28 213
259 345 356 18 141
334 360 7 244
185 294 339 25
461 218 83 372
428 325 464 379
471 16 385 391
284 458 148
489 115 446
282 68
239 414 133
179 443 122
316 312 413
474 69 135
315 272 201 155 293
215 13 190 328 186
300 173 359 74 110
485 4 51 85 341
404 492 483 246 255
154 221 340 214 113
79 109 364 407 286
281 484 497 14 129
381 151 71 189 308
199 46 477 1 34
117 224 38 203
182 488 279 403 167
368 140 491 313
211 448 160 454 399
5 194 262 468 57
330 105 216 250 494
227 412 333 252 277
433 442 346 103 417
230 309 453 305 371
126 208 70 124 80
0 329 499 217 114
444 59 326 228 336
273 418 295 118 165
106 394 257 347 35
400 243 209 439 17
473 276 470 422 450
29 332 374 253 261
401 131 267 269 480
91 132 142 28 213
259 345 356 18 141
334 360 7 244
185 294 339 25
461 218 83 372
428 325 464 379
471 16 385 391
284 458 148
489 115 446
282 68
239 414 133
179 443 122
316 312 413
474 69 135
49 207 398
315 272 201 155 293
215 13 190 328 186
300 173 359 74 110
485 4 51 85 341
404 492 483 246 255
154 221 340 214 113
79 109 364 407 286
281 484 497 14 129
381 151 71 189 308
199 46 477 1 34
117 224 38 203
182 488 279 403 167
368 140 491 313
211 448 160 454 399
5 194 262 468 57
330 105 216 250 494
227 412 333 252 277
433 442 346 103 417
230 309 453 305 371
126 208 70 124 80
0 329 499 217 114
444 59 326 228 336
273 418 295 118 165
106 394 257 347 35
400 243 209 439 17
473 276 470 422 450
29 332 374 253 261
401 131 267 269 480
91 132 142 28 213
259 345 356 18 141
334 360 7 244
185 294 339 25
461 218 83 372
428 325 464 379
471 16 385 391
284 458 148
489 115 446
282 68
239 414 133
179 443 122
316 312 413
474 69 135
49 207 398
73 378 283
315 272 201 155 293
215 13 190 328 186
300 173 359 74 110
485 4 51 85 341
404 492 483 246 255
154 221 340 214 113
79 109 364 407 286
281 484 497 14 129
381 151 71 189 308
199 46 477 1 34
117 224 38 203
182 488 279 403 167
368 140 491 313
211 448 160 454 399
5 194 262 468 57
330 105 216 250 494
227 412 333 252 277
433 442 346 103 417
230 309 453 305 371
126 208 70 124 80
0 329 499 217 114
444 59 326 228 336
273 418 295 118 165
106 394 257 347 35
400 243 209 439 17
473 276 470 422 450
29 332 374 253 261
401 131 267 269 480
91 132 142 28 213
259 345 356 18 141
334 360 7 244
185 294 339 25
461 218 83 372
428 325 464 379
471 16 385 391
284 458 148
489 115 446
282 68
239 414 133
179 443 122
316 312 413
474 69 135
49 207 398
73 378 283
452 338 437
315 272 201 155 293
215 13 190 328 186
300 173 359 74 110
485 4 51 85 341
404 492 483 246 255
154 221 340 214 113
79 109 364 407 286
281 484 497 14 129
381 151 71 189 308
199 46 477 1 34
117 224 38 203
182 488 279 403 167
368 140 491 313
211 448 160 454 399
5 194 262 468 57
330 105 216 250 494
227 412 333 252 277
433 442 346 103 417
230 309 453 305 371
126 208 70 124 80
0 329 499 217 114
444 59 326 228 336
273 418 295 118 165
106 394 257 347 35
400 243 209 439 17
473 276 470 422 450
29 332 374 253 261
401 131 267 269 480
91 132 142 28 213
259 345 356 18 141
334 360 7 244
185 294 339 25
461 218 83 372
428 325 464 379
471 16 385 391
284 458 148
489 115 446
282 68
239 414 133
179 443 122
316 312 413
474 69 135
49 207 398
73 378 283
452 338 437
424 220
315 272 201 155 293
215 13 190 328 186
300 173 359 74 110
485 4 51 85 341
404 492 483 246 255
154 221 340 214 113
79 109 364 407 286
281 484 497 14 129
381 151 71 189 308
199 46 477 1 34
117 224 38 203
182 488 279 403 167
368 140 491 313
211 448 160 454 399
5 194 262 468 57
330 105 216 250 494
227 412 333 252 277
433 442 346 103 417
230 309 453 305 371
126 208 70 124 80
0 329 499 217 114
444 59 326 228 336
273 418 295 118 165
106 394 257 347 35
400 243 209 439 17
473 276 470 422 450
29 332 374 253 261
401 131 267 269 480
91 132 142 28 213
259 345 356 18 141
334 360 7 244
185 294 339 25
461 218 83 372
428 325 464 379
471 16 385 391
284 458 148
489 115 446
282 68
239 414 133
179 443 122
316 312 413
474 69 135
49 207 398
73 378 283
452 338 437
424 220
408 410
315 272 201 155 293
215 13 190 328 186
300 173 359 74 110
485 4 51 85 341
404 492 483 246 255
154 221 340 214 113
79 109 364 407 286
281 484 497 14 129
381 151 71 189 308
199 46 477 1 34
117 224 38 203
182 488 279 403 167
368 140 491 313
211 448 160 454 399
5 194 262 468 57
330 105 216 250 494
227 412 333 252 277
433 442 346 103 417
230 309 453 305 371
126 208 70 124 80
0 329 499 217 114
444 59 326 228 336
273 418 295 118 165
106 394 257 347 35
400 243 209 439 17
473 276 470 422 450
29 332 374 253 261
401 131 267 269 480
91 132 142 28 213
259 345 356 18 141
334 360 7 244
185 294 339 25
461 218 83 372
428 325 464 379
471 16 385 391
284 458 148
489 115 446
282 68
239 414 133
179 443 122
316 312 413
474 69 135
49 207 398
73 378 283
452 338 437
424 220
408 410
94 411
315 272 201 155 293
215 13 190 328 186
300 173 359 74 110
485 4 51 85 341
404 492 483 246 255
154 221 340 214 113
79 109 364 407 286
281 484 497 14 129
381 151 71 189 308
199 46 477 1 34
117 224 38 203
182 488 279 403 167
368 140 491 313
211 448 160 454 399
5 194 262 468 57
330 105 216 250 494
227 412 333 252 277
433 442 346 103 417
230 309 453 305 371
126 208 70 124 80
0 329 499 217 114
444 59 326 228 336
273 418 295 118 165
106 394 257 347 35
400 243 209 439 17
473 276 470 422 450
29 332 374 253 261
401 131 267 269 480
91 132 142 28 213
259 345 356 18 141
334 360 7 244
185 294 339 25
461 218 83 372
428 325 464 379
471 16 385 391
284 458 148
489 115 446
282 68
239 414 133
179 443 122
316 312 413
474 69 135
49 207 398
73 378 283
452 338 437
424 220
408 410
94 411
429 198
315 272 201 155 293
215 13 190 328 186
300 173 359 74 110
485 4 51 85 341
404 492 483 246 255
154 221 340 214 113
79 109 364 407 286
281 484 497 14 129
381 151 71 189 308
199 46 477 1 34
117 224 38 203
182 488 279 403 167
368 140 491 313
211 448 160 454 399
5 194 262 468 57
330 105 216 250 494
227 412 333 252 277
433 442 346 103 417
230 309 453 305 371
126 208 70 124 80
0 329 499 217 114
444 59 326 228 336
273 418 295 118 165
106 394 257 347 35
400 243 209 439 17
473 276 470 422 450
29 332 374 253 261
401 131 267 269 480
91 132 142 28 213
259 345 356 18 141
334 360 7 244
185 294 339 25
461 218 83 372
428 325 464 379
471 16 385 391
284 458 148
489 115 446
282 68
239 414 133
179 443 122
316 312 413
474 69 135
49 207 398
73 378 283
452 338 437
424 220
408 410
94 411
429 198
98 342
315 272 201 155 293
215 13 190 328 186
300 173 359 74 110
485 4 51 85 341
404 492 483 246 255
154 221 340 214 113
79 109 364 407 286
281 484 497 14 129
381 151 71 189 308
199 46 477 1 34
117 224 38 203
182 488 279 403 167
368 140 491 313
211 448 160 454 399
5 194 262 468 57
330 105 216 250 494
227 412 333 252 277
433 442 346 103 417
230 309 453 305 371
126 208 70 124 80
0 329 499 217 114
444 59 326 228 336
273 418 295 118 165
106 394 257 347 35
400 243 209 439 17
473 276 470 422 450
29 332 374 253 261
401 131 267 269 480
91 132 142 28 213
259 345 356 18 141
334 360 7 244
185 294 339 25
461 218 83 372
428 325 464 379
471 16 385 391
284 458 148
489 115 446
282 68
239 414 133
179 443 122
316 312 413
474 69 135
49 207 398
73 378 283
452 338 437
424 220
408 410
94 411
429 198
98 342
301 100
315 272 201 155 293
215 13 190 328 186
300 173 359 74 110
485 4 51 85 341
404 492 483 246 255
154 221 340 214 113
79 109 364 407 286
281 484 497 14 129
381 151 71 189 308
199 46 477 1 34
117 224 38 203
182 488 279 403 167
368 140 491 313
211 448 160 454 399
5 194 262 468 57
330 105 216 250 494
227 412 333 252 277
433 442 346 103 417
230 309 453 305 371
126 208 70 124 80
0 329 499 217 114
444 59 326 228 336
273 418 295 118 165
106 394 257 347 35
400 243 209 439 17
473 276 470 422 450
29 332 374 253 261
401 131 267 269 480
91 132 142 28 213
259 345 356 18 141
334 360 7 244
185 294 339 25
461 218 83 372
428 325 464 379
471 16 385 391
284 458 148
489 115 446
282 68
239 414 133
179 443 122
316 312 413
474 69 135
49 207 398
73 378 283
452 338 437
424 220
408 410
94 411
429 198
98 342
301 100
39 20
315 272 201 155 293
215 13 190 328 186
300 173 359 74 110
485 4 51 85 341
404 492 483 246 255
154 221 340 214 113
79 109 364 407 286
281 484 497 14 129
381 151 71 189 308
199 46 477 1 34
117 224 38 203
182 488 279 403 167
368 140 491 313
211 448 160 454 399
5 194 262 468 57
330 105 216 250 494
227 412 333 252 277
433 442 346 103 417
230 309 453 305 371
126 208 70 124 80
0 329 499 217 114
444 59 326 228 336
273 418 295 118 165
106 394 257 347 35
400 243 209 439 17
473 276 470 422 450
29 332 374 253 261
401 131 267 269 480
91 132 142 28 213
259 345 356 18 141
334 360 7 244
185 294 339 25
461 218 83 372
428 325 464 379
471 16 385 391
284 458 148
489 115 446
282 68
239 414 133
179 443 122
316 312 413
474 69 135
49 207 398
73 378 283
452 338 437
424 220
408 410
94 411
429 198
98 342
301 100
39 20
289 420
315 272 201 155 293
215 13 190 328 186
300 173 359 74 110
485 4 51 85 341
404 492 483 246 255
154 221 340 214 113
79 109 364 407 286
281 484 497 14 129
381 151 71 189 308
199 46 477 1 34
117 224 38 203
182 488 279 403 167
368 140 491 313
211 448 160 454 399
5 194 262 468 57
330 105 216 250 494
227 412 333 252 277
433 442 346 103 417
230 309 453 305 371
126 208 70 124 80
0 329 499 217 114
444 59 326 228 336
273 418 295 118 165
106 394 257 347 35
400 243 209 439 17
473 276 470 422 450
29 332 374 253 261
401 131 267 269 480
91 132 142 28 213
259 345 356 18 141
334 360 7 244
185 294 339 25
461 218 83 372
428 325 464 379
471 16 385 391
284 458 148
489 115 446
282 68
239 414 133
179 443 122
316 312 413
474 69 135
49 207 398
73 378 283
452 338 437
424 220
408 410
94 411
429 198
98 342
301 100
39 20
289 420
212 393
315 272 201 155 293
215 13 190 328 186
300 173 359 74 110
485 4 51 85 341
404 492 483 246 255
154 221 340 214 113
79 109 364 407 286
281 484 497 14 129
381 151 71 189 308
199 46 477 1 34
117 224 38 203
182 488 279 403 167
368 140 491 313
211 448 160 454 399
5 194 262 468 57
330 105 216 250 494
227 412 333 252 277
433 442 346 103 417
230 309 453 305 371
126 208 70 124 80
0 329 499 217 114
444 59 326 228 336
273 418 295 118 165
106 394 257 347 35
400 243 209 439 17
473 276 470 422 450
29 332 374 253 261
401 131 267 269 480
91 132 142 28 213
259 345 356 18 141
334 360 7 244
185 294 339 25
461 218 83 372
428 325 464 379
471 16 385 391
284 458 148
489 115 446
282 68
239 414 133
179 443 122
316 312 413
474 69 135
49 207 398
73 378 283
452 338 437
424 220
408 410
94 411
429 198
98 342
301 100
39 20
289 420
212 393
288 292
