116 302 12 8 171
32 56 147 204 241
267 156 92 71 68
173 55 225 75 13
249 301 197 269 108
179 349 268 94 354
202 109 287 46 234
11 257 123 128 323
243 242 122 47 159
203 110 0 96 272
198 252 342 260 294
278 17 139 255 150
296 15 282 125 205
167 223 113 328 285
189 276 295 280 93
42 63 40 359 298
253 112 220 39 281
226 235 194 357 58
73 72 300 1 351
244 105 284 100 165
20 345 221 355 192
48 107 277 196 239
28 309 50 350 138
144 74 45 211 263
152 126 133 19 4
258 88 134 321 319
76 106 215 318 264
343 210 238 271 77
49 168 161 26 141
206 157 79 31 212
85 254 180 162 102
250 146 218 24 59
320 119 303 317 177
259 60 283 273 245
178 222 236 362 21
305 136 163 158 279
70 353 80 190 331
