163 228 145 122 139
10 212 206 221 245
437 398 130 489 311
11 144 447 419 170
492 436 331 257 348
339 286 497 201 287
316 318 395 175 322
173 283 36 424 27
249 269 378 12 136
380 220 261 284 470
26 332 272 46 359
251 465 64 469 459
493 22 16 21 325
174 89 234 317 383
1 293 230 84 66
433 195 54 350 86
30 41 56 240 464
472 307 49 457 124
180 260 248 385 434
188 137 182 67 58
356 386 320 405 150
407 430 189 74 254
438 94 343 355 176
485 76 25 141 372
194 158 119 167 135
358 361 252 165 62
80 129 151 143 13
266 306 391 53 216
109 471 448 296 238
4 235 223 125 264
370 55 204 401 258
233 178 411 409 341
48 148 308 404 454
273 482 295 373 499
117 32 113 426 198
362 432 365 166 466
450 396 2 131 478
71 474 451 19 34
52 488 439 142 214
443 70 218 82 327
479 444 494 83 369
329 309 157 115 314
38 241 274 480 476
410 486 421 449 390
347 392 281 354 473
50 116 186 196 402
168 244 246 60 342
288 126 3 9 461
298 88 278 181 40
209 224 357 237 428
