25 404 497 57 346
25 404 497 57 346
243 225 106 293 239
25 404 497 57 346
243 225 106 293 239
266 370 288 455 228
25 404 497 57 346
243 225 106 293 239
266 370 288 455 228
50 202 374 326 46
25 404 497 57 346
243 225 106 293 239
266 370 288 455 228
50 202 374 326 46
449 378 186 150 338
25 404 497 57 346
243 225 106 293 239
266 370 288 455 228
50 202 374 326 46
449 378 186 150 338
157 368 352 132 436
25 404 497 57 346
243 225 106 293 239
266 370 288 455 228
50 202 374 326 46
449 378 186 150 338
157 368 352 132 436
204 450 410 30 366
25 404 497 57 346
243 225 106 293 239
266 370 288 455 228
50 202 374 326 46
449 378 186 150 338
157 368 352 132 436
204 450 410 30 366
336 393 116 10 161
25 404 497 57 346
243 225 106 293 239
266 370 288 455 228
50 202 374 326 46
449 378 186 150 338
157 368 352 132 436
204 450 410 30 366
336 393 116 10 161
192 457 233 453 35
25 404 497 57 346
243 225 106 293 239
266 370 288 455 228
50 202 374 326 46
449 378 186 150 338
157 368 352 132 436
204 450 410 30 366
336 393 116 10 161
192 457 233 453 35
273 445 217 210 3
25 404 497 57 346
243 225 106 293 239
266 370 288 455 228
50 202 374 326 46
449 378 186 150 338
157 368 352 132 436
204 450 410 30 366
336 393 116 10 161
192 457 233 453 35
273 445 217 210 3
341 333 229 235 40
25 404 497 57 346
243 225 106 293 239
266 370 288 455 228
50 202 374 326 46
449 378 186 150 338
157 368 352 132 436
204 450 410 30 366
336 393 116 10 161
192 457 233 453 35
273 445 217 210 3
341 333 229 235 40
376 218 245 384 141
25 404 497 57 346
243 225 106 293 239
266 370 288 455 228
50 202 374 326 46
449 378 186 150 338
157 368 352 132 436
204 450 410 30 366
336 393 116 10 161
192 457 233 453 35
273 445 217 210 3
341 333 229 235 40
376 218 245 384 141
493 216 108 56 462
25 404 497 57 346
243 225 106 293 239
266 370 288 455 228
50 202 374 326 46
449 378 186 150 338
157 368 352 132 436
204 450 410 30 366
336 393 116 10 161
192 457 233 453 35
273 445 217 210 3
341 333 229 235 40
376 218 245 384 141
493 216 108 56 462
313 169 327 160 391
25 404 497 57 346
243 225 106 293 239
266 370 288 455 228
50 202 374 326 46
449 378 186 150 338
157 368 352 132 436
204 450 410 30 366
336 393 116 10 161
192 457 233 453 35
273 445 217 210 3
341 333 229 235 40
376 218 245 384 141
493 216 108 56 462
313 169 327 160 391
329 240 104 4 53
25 404 497 57 346
243 225 106 293 239
266 370 288 455 228
50 202 374 326 46
449 378 186 150 338
157 368 352 132 436
204 450 410 30 366
336 393 116 10 161
192 457 233 453 35
273 445 217 210 3
341 333 229 235 40
376 218 245 384 141
493 216 108 56 462
313 169 327 160 391
329 240 104 4 53
261 339 48 446 409
25 404 497 57 346
243 225 106 293 239
266 370 288 455 228
50 202 374 326 46
449 378 186 150 338
157 368 352 132 436
204 450 410 30 366
336 393 116 10 161
192 457 233 453 35
273 445 217 210 3
341 333 229 235 40
376 218 245 384 141
493 216 108 56 462
313 169 327 160 391
329 240 104 4 53
261 339 48 446 409
443 131 303 301 475
25 404 497 57 346
243 225 106 293 239
266 370 288 455 228
50 202 374 326 46
449 378 186 150 338
157 368 352 132 436
204 450 410 30 366
336 393 116 10 161
192 457 233 453 35
273 445 217 210 3
341 333 229 235 40
376 218 245 384 141
493 216 108 56 462
313 169 327 160 391
329 240 104 4 53
261 339 48 446 409
443 131 303 301 475
5 81 20 153 6
25 404 497 57 346
243 225 106 293 239
266 370 288 455 228
50 202 374 326 46
449 378 186 150 338
157 368 352 132 436
204 450 410 30 366
336 393 116 10 161
192 457 233 453 35
273 445 217 210 3
341 333 229 235 40
376 218 245 384 141
493 216 108 56 462
313 169 327 160 391
329 240 104 4 53
261 339 48 446 409
443 131 303 301 475
5 81 20 153 6
149 389 253 66 144
25 404 497 57 346
243 225 106 293 239
266 370 288 455 228
50 202 374 326 46
449 378 186 150 338
157 368 352 132 436
204 450 410 30 366
336 393 116 10 161
192 457 233 453 35
273 445 217 210 3
341 333 229 235 40
376 218 245 384 141
493 216 108 56 462
313 169 327 160 391
329 240 104 4 53
261 339 48 446 409
443 131 303 301 475
5 81 20 153 6
149 389 253 66 144
32 208 283 360 172
25 404 497 57 346
243 225 106 293 239
266 370 288 455 228
50 202 374 326 46
449 378 186 150 338
157 368 352 132 436
204 450 410 30 366
336 393 116 10 161
192 457 233 453 35
273 445 217 210 3
341 333 229 235 40
376 218 245 384 141
493 216 108 56 462
313 169 327 160 391
329 240 104 4 53
261 339 48 446 409
443 131 303 301 475
5 81 20 153 6
149 389 253 66 144
32 208 283 360 172
159 263 67 117 390
25 404 497 57 346
243 225 106 293 239
266 370 288 455 228
50 202 374 326 46
449 378 186 150 338
157 368 352 132 436
204 450 410 30 366
336 393 116 10 161
192 457 233 453 35
273 445 217 210 3
341 333 229 235 40
376 218 245 384 141
493 216 108 56 462
313 169 327 160 391
329 240 104 4 53
261 339 48 446 409
443 131 303 301 475
5 81 20 153 6
149 389 253 66 144
32 208 283 360 172
159 263 67 117 390
143 158 211 402 43
25 404 497 57 346
243 225 106 293 239
266 370 288 455 228
50 202 374 326 46
449 378 186 150 338
157 368 352 132 436
204 450 410 30 366
336 393 116 10 161
192 457 233 453 35
273 445 217 210 3
341 333 229 235 40
376 218 245 384 141
493 216 108 56 462
313 169 327 160 391
329 240 104 4 53
261 339 48 446 409
443 131 303 301 475
5 81 20 153 6
149 389 253 66 144
32 208 283 360 172
159 263 67 117 390
143 158 211 402 43
308 257 295 203 291
25 404 497 57 346
243 225 106 293 239
266 370 288 455 228
50 202 374 326 46
449 378 186 150 338
157 368 352 132 436
204 450 410 30 366
336 393 116 10 161
192 457 233 453 35
273 445 217 210 3
341 333 229 235 40
376 218 245 384 141
493 216 108 56 462
313 169 327 160 391
329 240 104 4 53
261 339 48 446 409
443 131 303 301 475
5 81 20 153 6
149 389 253 66 144
32 208 283 360 172
159 263 67 117 390
143 158 211 402 43
308 257 295 203 291
178 78 486 49 126
25 404 497 57 346
243 225 106 293 239
266 370 288 455 228
50 202 374 326 46
449 378 186 150 338
157 368 352 132 436
204 450 410 30 366
336 393 116 10 161
192 457 233 453 35
273 445 217 210 3
341 333 229 235 40
376 218 245 384 141
493 216 108 56 462
313 169 327 160 391
329 240 104 4 53
261 339 48 446 409
443 131 303 301 475
5 81 20 153 6
149 389 253 66 144
32 208 283 360 172
159 263 67 117 390
143 158 211 402 43
308 257 295 203 291
178 78 486 49 126
416 176 123 39 237
25 404 497 57 346
243 225 106 293 239
266 370 288 455 228
50 202 374 326 46
449 378 186 150 338
157 368 352 132 436
204 450 410 30 366
336 393 116 10 161
192 457 233 453 35
273 445 217 210 3
341 333 229 235 40
376 218 245 384 141
493 216 108 56 462
313 169 327 160 391
329 240 104 4 53
261 339 48 446 409
443 131 303 301 475
5 81 20 153 6
149 389 253 66 144
32 208 283 360 172
159 263 67 117 390
143 158 211 402 43
308 257 295 203 291
178 78 486 49 126
416 176 123 39 237
481 425 489 174 133
25 404 497 57 346
243 225 106 293 239
266 370 288 455 228
50 202 374 326 46
449 378 186 150 338
157 368 352 132 436
204 450 410 30 366
336 393 116 10 161
192 457 233 453 35
273 445 217 210 3
341 333 229 235 40
376 218 245 384 141
493 216 108 56 462
313 169 327 160 391
329 240 104 4 53
261 339 48 446 409
443 131 303 301 475
5 81 20 153 6
149 389 253 66 144
32 208 283 360 172
159 263 67 117 390
143 158 211 402 43
308 257 295 203 291
178 78 486 49 126
416 176 123 39 237
481 425 489 174 133
259 484 107 276 183
25 404 497 57 346
243 225 106 293 239
266 370 288 455 228
50 202 374 326 46
449 378 186 150 338
157 368 352 132 436
204 450 410 30 366
336 393 116 10 161
192 457 233 453 35
273 445 217 210 3
341 333 229 235 40
376 218 245 384 141
493 216 108 56 462
313 169 327 160 391
329 240 104 4 53
261 339 48 446 409
443 131 303 301 475
5 81 20 153 6
149 389 253 66 144
32 208 283 360 172
159 263 67 117 390
143 158 211 402 43
308 257 295 203 291
178 78 486 49 126
416 176 123 39 237
481 425 489 174 133
259 484 107 276 183
155 125 454 101 147
25 404 497 57 346
243 225 106 293 239
266 370 288 455 228
50 202 374 326 46
449 378 186 150 338
157 368 352 132 436
204 450 410 30 366
336 393 116 10 161
192 457 233 453 35
273 445 217 210 3
341 333 229 235 40
376 218 245 384 141
493 216 108 56 462
313 169 327 160 391
329 240 104 4 53
261 339 48 446 409
443 131 303 301 475
5 81 20 153 6
149 389 253 66 144
32 208 283 360 172
159 263 67 117 390
143 158 211 402 43
308 257 295 203 291
178 78 486 49 126
416 176 123 39 237
481 425 489 174 133
259 484 107 276 183
155 125 454 101 147
441 38 54 357 265
25 404 497 57 346
243 225 106 293 239
266 370 288 455 228
50 202 374 326 46
449 378 186 150 338
157 368 352 132 436
204 450 410 30 366
336 393 116 10 161
192 457 233 453 35
273 445 217 210 3
341 333 229 235 40
376 218 245 384 141
493 216 108 56 462
313 169 327 160 391
329 240 104 4 53
261 339 48 446 409
443 131 303 301 475
5 81 20 153 6
149 389 253 66 144
32 208 283 360 172
159 263 67 117 390
143 158 211 402 43
308 257 295 203 291
178 78 486 49 126
416 176 123 39 237
481 425 489 174 133
259 484 107 276 183
155 125 454 101 147
441 38 54 357 265
164 197 168 422 271
25 404 497 57 346
243 225 106 293 239
266 370 288 455 228
50 202 374 326 46
449 378 186 150 338
157 368 352 132 436
204 450 410 30 366
336 393 116 10 161
192 457 233 453 35
273 445 217 210 3
341 333 229 235 40
376 218 245 384 141
493 216 108 56 462
313 169 327 160 391
329 240 104 4 53
261 339 48 446 409
443 131 303 301 475
5 81 20 153 6
149 389 253 66 144
32 208 283 360 172
159 263 67 117 390
143 158 211 402 43
308 257 295 203 291
178 78 486 49 126
416 176 123 39 237
481 425 489 174 133
259 484 107 276 183
155 125 454 101 147
441 38 54 357 265
164 197 168 422 271
448 381 196 62 219
25 404 497 57 346
243 225 106 293 239
266 370 288 455 228
50 202 374 326 46
449 378 186 150 338
157 368 352 132 436
204 450 410 30 366
336 393 116 10 161
192 457 233 453 35
273 445 217 210 3
341 333 229 235 40
376 218 245 384 141
493 216 108 56 462
313 169 327 160 391
329 240 104 4 53
261 339 48 446 409
443 131 303 301 475
5 81 20 153 6
149 389 253 66 144
32 208 283 360 172
159 263 67 117 390
143 158 211 402 43
308 257 295 203 291
178 78 486 49 126
416 176 123 39 237
481 425 489 174 133
259 484 107 276 183
155 125 454 101 147
441 38 54 357 265
164 197 168 422 271
448 381 196 62 219
206 60 335 456 100
25 404 497 57 346
243 225 106 293 239
266 370 288 455 228
50 202 374 326 46
449 378 186 150 338
157 368 352 132 436
204 450 410 30 366
336 393 116 10 161
192 457 233 453 35
273 445 217 210 3
341 333 229 235 40
376 218 245 384 141
493 216 108 56 462
313 169 327 160 391
329 240 104 4 53
261 339 48 446 409
443 131 303 301 475
5 81 20 153 6
149 389 253 66 144
32 208 283 360 172
159 263 67 117 390
143 158 211 402 43
308 257 295 203 291
178 78 486 49 126
416 176 123 39 237
481 425 489 174 133
259 484 107 276 183
155 125 454 101 147
441 38 54 357 265
164 197 168 422 271
448 381 196 62 219
206 60 335 456 100
274 51 483 21 113
25 404 497 57 346
243 225 106 293 239
266 370 288 455 228
50 202 374 326 46
449 378 186 150 338
157 368 352 132 436
204 450 410 30 366
336 393 116 10 161
192 457 233 453 35
273 445 217 210 3
341 333 229 235 40
376 218 245 384 141
493 216 108 56 462
313 169 327 160 391
329 240 104 4 53
261 339 48 446 409
443 131 303 301 475
5 81 20 153 6
149 389 253 66 144
32 208 283 360 172
159 263 67 117 390
143 158 211 402 43
308 257 295 203 291
178 78 486 49 126
416 176 123 39 237
481 425 489 174 133
259 484 107 276 183
155 125 454 101 147
441 38 54 357 265
164 197 168 422 271
448 381 196 62 219
206 60 335 456 100
274 51 483 21 113
98 193 498 414 146
25 404 497 57 346
243 225 106 293 239
266 370 288 455 228
50 202 374 326 46
449 378 186 150 338
157 368 352 132 436
204 450 410 30 366
336 393 116 10 161
192 457 233 453 35
273 445 217 210 3
341 333 229 235 40
376 218 245 384 141
493 216 108 56 462
313 169 327 160 391
329 240 104 4 53
261 339 48 446 409
443 131 303 301 475
5 81 20 153 6
149 389 253 66 144
32 208 283 360 172
159 263 67 117 390
143 158 211 402 43
308 257 295 203 291
178 78 486 49 126
416 176 123 39 237
481 425 489 174 133
259 484 107 276 183
155 125 454 101 147
441 38 54 357 265
164 197 168 422 271
448 381 196 62 219
206 60 335 456 100
274 51 483 21 113
98 193 498 414 146
29 298 285 396 19
25 404 497 57 346
243 225 106 293 239
266 370 288 455 228
50 202 374 326 46
449 378 186 150 338
157 368 352 132 436
204 450 410 30 366
336 393 116 10 161
192 457 233 453 35
273 445 217 210 3
341 333 229 235 40
376 218 245 384 141
493 216 108 56 462
313 169 327 160 391
329 240 104 4 53
261 339 48 446 409
443 131 303 301 475
5 81 20 153 6
149 389 253 66 144
32 208 283 360 172
159 263 67 117 390
143 158 211 402 43
308 257 295 203 291
178 78 486 49 126
416 176 123 39 237
481 425 489 174 133
259 484 107 276 183
155 125 454 101 147
441 38 54 357 265
164 197 168 422 271
448 381 196 62 219
206 60 335 456 100
274 51 483 21 113
98 193 498 414 146
29 298 285 396 19
386 99 474 460 209
25 404 497 57 346
243 225 106 293 239
266 370 288 455 228
50 202 374 326 46
449 378 186 150 338
157 368 352 132 436
204 450 410 30 366
336 393 116 10 161
192 457 233 453 35
273 445 217 210 3
341 333 229 235 40
376 218 245 384 141
493 216 108 56 462
313 169 327 160 391
329 240 104 4 53
261 339 48 446 409
443 131 303 301 475
5 81 20 153 6
149 389 253 66 144
32 208 283 360 172
159 263 67 117 390
143 158 211 402 43
308 257 295 203 291
178 78 486 49 126
416 176 123 39 237
481 425 489 174 133
259 484 107 276 183
155 125 454 101 147
441 38 54 357 265
164 197 168 422 271
448 381 196 62 219
206 60 335 456 100
274 51 483 21 113
98 193 498 414 146
29 298 285 396 19
386 99 474 460 209
59 312 473 383 171
25 404 497 57 346
243 225 106 293 239
266 370 288 455 228
50 202 374 326 46
449 378 186 150 338
157 368 352 132 436
204 450 410 30 366
336 393 116 10 161
192 457 233 453 35
273 445 217 210 3
341 333 229 235 40
376 218 245 384 141
493 216 108 56 462
313 169 327 160 391
329 240 104 4 53
261 339 48 446 409
443 131 303 301 475
5 81 20 153 6
149 389 253 66 144
32 208 283 360 172
159 263 67 117 390
143 158 211 402 43
308 257 295 203 291
178 78 486 49 126
416 176 123 39 237
481 425 489 174 133
259 484 107 276 183
155 125 454 101 147
441 38 54 357 265
164 197 168 422 271
448 381 196 62 219
206 60 335 456 100
274 51 483 21 113
98 193 498 414 146
29 298 285 396 19
386 99 474 460 209
59 312 473 383 171
320 463 435 290 418
25 404 497 57 346
243 225 106 293 239
266 370 288 455 228
50 202 374 326 46
449 378 186 150 338
157 368 352 132 436
204 450 410 30 366
336 393 116 10 161
192 457 233 453 35
273 445 217 210 3
341 333 229 235 40
376 218 245 384 141
493 216 108 56 462
313 169 327 160 391
329 240 104 4 53
261 339 48 446 409
443 131 303 301 475
5 81 20 153 6
149 389 253 66 144
32 208 283 360 172
159 263 67 117 390
143 158 211 402 43
308 257 295 203 291
178 78 486 49 126
416 176 123 39 237
481 425 489 174 133
259 484 107 276 183
155 125 454 101 147
441 38 54 357 265
164 197 168 422 271
448 381 196 62 219
206 60 335 456 100
274 51 483 21 113
98 193 498 414 146
29 298 285 396 19
386 99 474 460 209
59 312 473 383 171
320 463 435 290 418
324 479 447 426 292
25 404 497 57 346
243 225 106 293 239
266 370 288 455 228
50 202 374 326 46
449 378 186 150 338
157 368 352 132 436
204 450 410 30 366
336 393 116 10 161
192 457 233 453 35
273 445 217 210 3
341 333 229 235 40
376 218 245 384 141
493 216 108 56 462
313 169 327 160 391
329 240 104 4 53
261 339 48 446 409
443 131 303 301 475
5 81 20 153 6
149 389 253 66 144
32 208 283 360 172
159 263 67 117 390
143 158 211 402 43
308 257 295 203 291
178 78 486 49 126
416 176 123 39 237
481 425 489 174 133
259 484 107 276 183
155 125 454 101 147
441 38 54 357 265
164 197 168 422 271
448 381 196 62 219
206 60 335 456 100
274 51 483 21 113
98 193 498 414 146
29 298 285 396 19
386 99 474 460 209
59 312 473 383 171
320 463 435 290 418
324 479 447 426 292
79 34 340 76 42
25 404 497 57 346
243 225 106 293 239
266 370 288 455 228
50 202 374 326 46
449 378 186 150 338
157 368 352 132 436
204 450 410 30 366
336 393 116 10 161
192 457 233 453 35
273 445 217 210 3
341 333 229 235 40
376 218 245 384 141
493 216 108 56 462
313 169 327 160 391
329 240 104 4 53
261 339 48 446 409
443 131 303 301 475
5 81 20 153 6
149 389 253 66 144
32 208 283 360 172
159 263 67 117 390
143 158 211 402 43
308 257 295 203 291
178 78 486 49 126
416 176 123 39 237
481 425 489 174 133
259 484 107 276 183
155 125 454 101 147
441 38 54 357 265
164 197 168 422 271
448 381 196 62 219
206 60 335 456 100
274 51 483 21 113
98 193 498 414 146
29 298 285 396 19
386 99 474 460 209
59 312 473 383 171
320 463 435 290 418
324 479 447 426 292
79 34 340 76 42
175 72 139 200 45
25 404 497 57 346
243 225 106 293 239
266 370 288 455 228
50 202 374 326 46
449 378 186 150 338
157 368 352 132 436
204 450 410 30 366
336 393 116 10 161
192 457 233 453 35
273 445 217 210 3
341 333 229 235 40
376 218 245 384 141
493 216 108 56 462
313 169 327 160 391
329 240 104 4 53
261 339 48 446 409
443 131 303 301 475
5 81 20 153 6
149 389 253 66 144
32 208 283 360 172
159 263 67 117 390
143 158 211 402 43
308 257 295 203 291
178 78 486 49 126
416 176 123 39 237
481 425 489 174 133
259 484 107 276 183
155 125 454 101 147
441 38 54 357 265
164 197 168 422 271
448 381 196 62 219
206 60 335 456 100
274 51 483 21 113
98 193 498 414 146
29 298 285 396 19
386 99 474 460 209
59 312 473 383 171
320 463 435 290 418
324 479 447 426 292
79 34 340 76 42
175 72 139 200 45
307 222 343 451 75
25 404 497 57 346
243 225 106 293 239
266 370 288 455 228
50 202 374 326 46
449 378 186 150 338
157 368 352 132 436
204 450 410 30 366
336 393 116 10 161
192 457 233 453 35
273 445 217 210 3
341 333 229 235 40
376 218 245 384 141
493 216 108 56 462
313 169 327 160 391
329 240 104 4 53
261 339 48 446 409
443 131 303 301 475
5 81 20 153 6
149 389 253 66 144
32 208 283 360 172
159 263 67 117 390
143 158 211 402 43
308 257 295 203 291
178 78 486 49 126
416 176 123 39 237
481 425 489 174 133
259 484 107 276 183
155 125 454 101 147
441 38 54 357 265
164 197 168 422 271
448 381 196 62 219
206 60 335 456 100
274 51 483 21 113
98 193 498 414 146
29 298 285 396 19
386 99 474 460 209
59 312 473 383 171
320 463 435 290 418
324 479 447 426 292
79 34 340 76 42
175 72 139 200 45
307 222 343 451 75
490 0 154 412 226
25 404 497 57 346
243 225 106 293 239
266 370 288 455 228
50 202 374 326 46
449 378 186 150 338
157 368 352 132 436
204 450 410 30 366
336 393 116 10 161
192 457 233 453 35
273 445 217 210 3
341 333 229 235 40
376 218 245 384 141
493 216 108 56 462
313 169 327 160 391
329 240 104 4 53
261 339 48 446 409
443 131 303 301 475
5 81 20 153 6
149 389 253 66 144
32 208 283 360 172
159 263 67 117 390
143 158 211 402 43
308 257 295 203 291
178 78 486 49 126
416 176 123 39 237
481 425 489 174 133
259 484 107 276 183
155 125 454 101 147
441 38 54 357 265
164 197 168 422 271
448 381 196 62 219
206 60 335 456 100
274 51 483 21 113
98 193 498 414 146
29 298 285 396 19
386 99 474 460 209
59 312 473 383 171
320 463 435 290 418
324 479 447 426 292
79 34 340 76 42
175 72 139 200 45
307 222 343 451 75
490 0 154 412 226
277 377 494 185 251
25 404 497 57 346
243 225 106 293 239
266 370 288 455 228
50 202 374 326 46
449 378 186 150 338
157 368 352 132 436
204 450 410 30 366
336 393 116 10 161
192 457 233 453 35
273 445 217 210 3
341 333 229 235 40
376 218 245 384 141
493 216 108 56 462
313 169 327 160 391
329 240 104 4 53
261 339 48 446 409
443 131 303 301 475
5 81 20 153 6
149 389 253 66 144
32 208 283 360 172
159 263 67 117 390
143 158 211 402 43
308 257 295 203 291
178 78 486 49 126
416 176 123 39 237
481 425 489 174 133
259 484 107 276 183
155 125 454 101 147
441 38 54 357 265
164 197 168 422 271
448 381 196 62 219
206 60 335 456 100
274 51 483 21 113
98 193 498 414 146
29 298 285 396 19
386 99 474 460 209
59 312 473 383 171
320 463 435 290 418
324 479 447 426 292
79 34 340 76 42
175 72 139 200 45
307 222 343 451 75
490 0 154 412 226
277 377 494 185 251
470 7 471 399 47
25 404 497 57 346
243 225 106 293 239
266 370 288 455 228
50 202 374 326 46
449 378 186 150 338
157 368 352 132 436
204 450 410 30 366
336 393 116 10 161
192 457 233 453 35
273 445 217 210 3
341 333 229 235 40
376 218 245 384 141
493 216 108 56 462
313 169 327 160 391
329 240 104 4 53
261 339 48 446 409
443 131 303 301 475
5 81 20 153 6
149 389 253 66 144
32 208 283 360 172
159 263 67 117 390
143 158 211 402 43
308 257 295 203 291
178 78 486 49 126
416 176 123 39 237
481 425 489 174 133
259 484 107 276 183
155 125 454 101 147
441 38 54 357 265
164 197 168 422 271
448 381 196 62 219
206 60 335 456 100
274 51 483 21 113
98 193 498 414 146
29 298 285 396 19
386 99 474 460 209
59 312 473 383 171
320 463 435 290 418
324 479 447 426 292
79 34 340 76 42
175 72 139 200 45
307 222 343 451 75
490 0 154 412 226
277 377 494 185 251
470 7 471 399 47
300 180 284 221 212
25 404 497 57 346
243 225 106 293 239
266 370 288 455 228
50 202 374 326 46
449 378 186 150 338
157 368 352 132 436
204 450 410 30 366
336 393 116 10 161
192 457 233 453 35
273 445 217 210 3
341 333 229 235 40
376 218 245 384 141
493 216 108 56 462
313 169 327 160 391
329 240 104 4 53
261 339 48 446 409
443 131 303 301 475
5 81 20 153 6
149 389 253 66 144
32 208 283 360 172
159 263 67 117 390
143 158 211 402 43
308 257 295 203 291
178 78 486 49 126
416 176 123 39 237
481 425 489 174 133
259 484 107 276 183
155 125 454 101 147
441 38 54 357 265
164 197 168 422 271
448 381 196 62 219
206 60 335 456 100
274 51 483 21 113
98 193 498 414 146
29 298 285 396 19
386 99 474 460 209
59 312 473 383 171
320 463 435 290 418
324 479 447 426 292
79 34 340 76 42
175 72 139 200 45
307 222 343 451 75
490 0 154 412 226
277 377 494 185 251
470 7 471 399 47
300 180 284 221 212
23 11 234 286 165
25 404 497 57 346
243 225 106 293 239
266 370 288 455 228
50 202 374 326 46
449 378 186 150 338
157 368 352 132 436
204 450 410 30 366
336 393 116 10 161
192 457 233 453 35
273 445 217 210 3
341 333 229 235 40
376 218 245 384 141
493 216 108 56 462
313 169 327 160 391
329 240 104 4 53
261 339 48 446 409
443 131 303 301 475
5 81 20 153 6
149 389 253 66 144
32 208 283 360 172
159 263 67 117 390
143 158 211 402 43
308 257 295 203 291
178 78 486 49 126
416 176 123 39 237
481 425 489 174 133
259 484 107 276 183
155 125 454 101 147
441 38 54 357 265
164 197 168 422 271
448 381 196 62 219
206 60 335 456 100
274 51 483 21 113
98 193 498 414 146
29 298 285 396 19
386 99 474 460 209
59 312 473 383 171
320 463 435 290 418
324 479 447 426 292
79 34 340 76 42
175 72 139 200 45
307 222 343 451 75
490 0 154 412 226
277 377 494 185 251
470 7 471 399 47
300 180 284 221 212
23 11 234 286 165
423 26 194 262 428
25 404 497 57 346
243 225 106 293 239
266 370 288 455 228
50 202 374 326 46
449 378 186 150 338
157 368 352 132 436
204 450 410 30 366
336 393 116 10 161
192 457 233 453 35
273 445 217 210 3
341 333 229 235 40
376 218 245 384 141
493 216 108 56 462
313 169 327 160 391
329 240 104 4 53
261 339 48 446 409
443 131 303 301 475
5 81 20 153 6
149 389 253 66 144
32 208 283 360 172
159 263 67 117 390
143 158 211 402 43
308 257 295 203 291
178 78 486 49 126
416 176 123 39 237
481 425 489 174 133
259 484 107 276 183
155 125 454 101 147
441 38 54 357 265
164 197 168 422 271
448 381 196 62 219
206 60 335 456 100
274 51 483 21 113
98 193 498 414 146
29 298 285 396 19
386 99 474 460 209
59 312 473 383 171
320 463 435 290 418
324 479 447 426 292
79 34 340 76 42
175 72 139 200 45
307 222 343 451 75
490 0 154 412 226
277 377 494 185 251
470 7 471 399 47
300 180 284 221 212
23 11 234 286 165
423 26 194 262 428
467 332 254 242 14
25 404 497 57 346
243 225 106 293 239
266 370 288 455 228
50 202 374 326 46
449 378 186 150 338
157 368 352 132 436
204 450 410 30 366
336 393 116 10 161
192 457 233 453 35
273 445 217 210 3
341 333 229 235 40
376 218 245 384 141
493 216 108 56 462
313 169 327 160 391
329 240 104 4 53
261 339 48 446 409
443 131 303 301 475
5 81 20 153 6
149 389 253 66 144
32 208 283 360 172
159 263 67 117 390
143 158 211 402 43
308 257 295 203 291
178 78 486 49 126
416 176 123 39 237
481 425 489 174 133
259 484 107 276 183
155 125 454 101 147
441 38 54 357 265
164 197 168 422 271
448 381 196 62 219
206 60 335 456 100
274 51 483 21 113
98 193 498 414 146
29 298 285 396 19
386 99 474 460 209
59 312 473 383 171
320 463 435 290 418
324 479 447 426 292
79 34 340 76 42
175 72 139 200 45
307 222 343 451 75
490 0 154 412 226
277 377 494 185 251
470 7 471 399 47
300 180 284 221 212
23 11 234 286 165
423 26 194 262 428
467 332 254 242 14
27 405 22 15 461
25 404 497 57 346
243 225 106 293 239
266 370 288 455 228
50 202 374 326 46
449 378 186 150 338
157 368 352 132 436
204 450 410 30 366
336 393 116 10 161
192 457 233 453 35
273 445 217 210 3
341 333 229 235 40
376 218 245 384 141
493 216 108 56 462
313 169 327 160 391
329 240 104 4 53
261 339 48 446 409
443 131 303 301 475
5 81 20 153 6
149 389 253 66 144
32 208 283 360 172
159 263 67 117 390
143 158 211 402 43
308 257 295 203 291
178 78 486 49 126
416 176 123 39 237
481 425 489 174 133
259 484 107 276 183
155 125 454 101 147
441 38 54 357 265
164 197 168 422 271
448 381 196 62 219
206 60 335 456 100
274 51 483 21 113
98 193 498 414 146
29 298 285 396 19
386 99 474 460 209
59 312 473 383 171
320 463 435 290 418
324 479 447 426 292
79 34 340 76 42
175 72 139 200 45
307 222 343 451 75
490 0 154 412 226
277 377 494 185 251
470 7 471 399 47
300 180 284 221 212
23 11 234 286 165
423 26 194 262 428
467 332 254 242 14
27 405 22 15 461
297 413
25 404 497 57 346
243 225 106 293 239
266 370 288 455 228
50 202 374 326 46
449 378 186 150 338
157 368 352 132 436
204 450 410 30 366
336 393 116 10 161
192 457 233 453 35
273 445 217 210 3
341 333 229 235 40
376 218 245 384 141
493 216 108 56 462
313 169 327 160 391
329 240 104 4 53
261 339 48 446 409
443 131 303 301 475
5 81 20 153 6
149 389 253 66 144
32 208 283 360 172
159 263 67 117 390
143 158 211 402 43
308 257 295 203 291
178 78 486 49 126
416 176 123 39 237
481 425 489 174 133
259 484 107 276 183
155 125 454 101 147
441 38 54 357 265
164 197 168 422 271
448 381 196 62 219
206 60 335 456 100
274 51 483 21 113
98 193 498 414 146
29 298 285 396 19
386 99 474 460 209
59 312 473 383 171
320 463 435 290 418
324 479 447 426 292
79 34 340 76 42
175 72 139 200 45
307 222 343 451 75
490 0 154 412 226
277 377 494 185 251
470 7 471 399 47
300 180 284 221 212
23 11 234 286 165
423 26 194 262 428
467 332 254 242 14
27 405 22 15 461
297 413
440 431
