296 434 63 453 213
339 398 250 105 306
244 294 410 319 55
387 84 237 9 58
46 286 11 359 422
10 88 331 444 259
481 311 408 26 433
114 248 357 308 399
216 445 44 242 326
494 489 281 324 458
456 210 85 495 120
354 496 352 479 452
39 203 266 480 389
223 47 137 409 370
344 333 474 429 75
157 431 189 297 295
149 64 475 421 407
279 337 271 253 193
341 395 230 24 211
42 116 140 143 238
287 206 67 424 366
350 377 74 194 464
20 93 45 262 108
289 3 103 364 214
375 425 303 332 29
302 305 180 22 488
468 491 14 256 95
314 349 460 229 72
280 147 264 208 102
68 415 439 383 300
107 402 233 104 379
97 368 37 35 57
128 426 195 40 309
119 403 78 467 412
77 322 162 80 328
241 138 484 199 299
435 209 338 86
470 62 293 423
144 438 462 122 33
478 325 414 131
2 486
497 123 499
90 336 278
373 48 178
1 448 186
493 315 277
34 466
367 8
