457 246 255 402 463
268 321 370 120 335
422 283 342 61 469
307 166 286 261 33
243 340 130 212 377
329 137 363 12 320
98 233 88 227 245
201 305 337 248 435
355 374 114 174 407
105 334 158 94 357
481 396 448 84 316
143 202 23 410 213
266 53 14 56 279
230 360 488 272 150
186 129 79 252 454
211 62 113 281 354
299 361 123 477 322
388 235 464 387 39
41 439 441 264 73
133 376 476 13 206
313 176 28 169 185
78 57 317 91 291
446 54 173 371 381
195 294 25 215 302
295 421 423 499 326
177 237 241 375 353
42 339 429 466 251
489 149 443 210 140
391 442 253 254 231
11 293 257 60 86
487 384 408 115 34
155 21 399 445 263
364 15 453 319 284
470 216 43 420 455
496 48 406 167 483
121 64 416 81 92
490 311 183 298 152
110 310 379 480 46
495 244 275 232 218
270 276 333 148 493
36 461 491 229 392
260 17 418 366 180
118 350 433 330 380
22 345 475 219 351
331 0 403 247 103
486 411 414 126 288
116 462 151 181 193
85 38 156 458 209
16 50 31 492 473
184 428 165 146 456
