50 461 315 236 400
50 461 315 236 400
2 246 308 476 182
50 461 315 236 400
2 246 308 476 182
471 264 349 353 263
50 461 315 236 400
2 246 308 476 182
471 264 349 353 263
330 472 441 404 214
50 461 315 236 400
2 246 308 476 182
471 264 349 353 263
330 472 441 404 214
72 87 22 133 470
50 461 315 236 400
2 246 308 476 182
471 264 349 353 263
330 472 441 404 214
72 87 22 133 470
83 123 73 271 259
50 461 315 236 400
2 246 308 476 182
471 264 349 353 263
330 472 441 404 214
72 87 22 133 470
83 123 73 271 259
247 302 238 151 390
50 461 315 236 400
2 246 308 476 182
471 264 349 353 263
330 472 441 404 214
72 87 22 133 470
83 123 73 271 259
247 302 238 151 390
131 104 482 389 490
50 461 315 236 400
2 246 308 476 182
471 264 349 353 263
330 472 441 404 214
72 87 22 133 470
83 123 73 271 259
247 302 238 151 390
131 104 482 389 490
124 420 110 340 323
50 461 315 236 400
2 246 308 476 182
471 264 349 353 263
330 472 441 404 214
72 87 22 133 470
83 123 73 271 259
247 302 238 151 390
131 104 482 389 490
124 420 110 340 323
496 397 141 437 195
50 461 315 236 400
2 246 308 476 182
471 264 349 353 263
330 472 441 404 214
72 87 22 133 470
83 123 73 271 259
247 302 238 151 390
131 104 482 389 490
124 420 110 340 323
496 397 141 437 195
298 409 377 147 8
50 461 315 236 400
2 246 308 476 182
471 264 349 353 263
330 472 441 404 214
72 87 22 133 470
83 123 73 271 259
247 302 238 151 390
131 104 482 389 490
124 420 110 340 323
496 397 141 437 195
298 409 377 147 8
220 100 453 92 401
50 461 315 236 400
2 246 308 476 182
471 264 349 353 263
330 472 441 404 214
72 87 22 133 470
83 123 73 271 259
247 302 238 151 390
131 104 482 389 490
124 420 110 340 323
496 397 141 437 195
298 409 377 147 8
220 100 453 92 401
201 197 375 306 486
50 461 315 236 400
2 246 308 476 182
471 264 349 353 263
330 472 441 404 214
72 87 22 133 470
83 123 73 271 259
247 302 238 151 390
131 104 482 389 490
124 420 110 340 323
496 397 141 437 195
298 409 377 147 8
220 100 453 92 401
201 197 375 306 486
321 20 19 465 218
50 461 315 236 400
2 246 308 476 182
471 264 349 353 263
330 472 441 404 214
72 87 22 133 470
83 123 73 271 259
247 302 238 151 390
131 104 482 389 490
124 420 110 340 323
496 397 141 437 195
298 409 377 147 8
220 100 453 92 401
201 197 375 306 486
321 20 19 465 218
227 483 193 488 68
50 461 315 236 400
2 246 308 476 182
471 264 349 353 263
330 472 441 404 214
72 87 22 133 470
83 123 73 271 259
247 302 238 151 390
131 104 482 389 490
124 420 110 340 323
496 397 141 437 195
298 409 377 147 8
220 100 453 92 401
201 197 375 306 486
321 20 19 465 218
227 483 193 488 68
191 368 239 492 179
50 461 315 236 400
2 246 308 476 182
471 264 349 353 263
330 472 441 404 214
72 87 22 133 470
83 123 73 271 259
247 302 238 151 390
131 104 482 389 490
124 420 110 340 323
496 397 141 437 195
298 409 377 147 8
220 100 453 92 401
201 197 375 306 486
321 20 19 465 218
227 483 193 488 68
191 368 239 492 179
240 228 416 235 250
50 461 315 236 400
2 246 308 476 182
471 264 349 353 263
330 472 441 404 214
72 87 22 133 470
83 123 73 271 259
247 302 238 151 390
131 104 482 389 490
124 420 110 340 323
496 397 141 437 195
298 409 377 147 8
220 100 453 92 401
201 197 375 306 486
321 20 19 465 218
227 483 193 488 68
191 368 239 492 179
240 228 416 235 250
378 411 62 466 24
50 461 315 236 400
2 246 308 476 182
471 264 349 353 263
330 472 441 404 214
72 87 22 133 470
83 123 73 271 259
247 302 238 151 390
131 104 482 389 490
124 420 110 340 323
496 397 141 437 195
298 409 377 147 8
220 100 453 92 401
201 197 375 306 486
321 20 19 465 218
227 483 193 488 68
191 368 239 492 179
240 228 416 235 250
378 411 62 466 24
433 436 53 186 495
50 461 315 236 400
2 246 308 476 182
471 264 349 353 263
330 472 441 404 214
72 87 22 133 470
83 123 73 271 259
247 302 238 151 390
131 104 482 389 490
124 420 110 340 323
496 397 141 437 195
298 409 377 147 8
220 100 453 92 401
201 197 375 306 486
321 20 19 465 218
227 483 193 488 68
191 368 239 492 179
240 228 416 235 250
378 411 62 466 24
433 436 53 186 495
211 399 21 446 135
50 461 315 236 400
2 246 308 476 182
471 264 349 353 263
330 472 441 404 214
72 87 22 133 470
83 123 73 271 259
247 302 238 151 390
131 104 482 389 490
124 420 110 340 323
496 397 141 437 195
298 409 377 147 8
220 100 453 92 401
201 197 375 306 486
321 20 19 465 218
227 483 193 488 68
191 368 239 492 179
240 228 416 235 250
378 411 62 466 24
433 436 53 186 495
211 399 21 446 135
64 253 77 103 96
50 461 315 236 400
2 246 308 476 182
471 264 349 353 263
330 472 441 404 214
72 87 22 133 470
83 123 73 271 259
247 302 238 151 390
131 104 482 389 490
124 420 110 340 323
496 397 141 437 195
298 409 377 147 8
220 100 453 92 401
201 197 375 306 486
321 20 19 465 218
227 483 193 488 68
191 368 239 492 179
240 228 416 235 250
378 411 62 466 24
433 436 53 186 495
211 399 21 446 135
64 253 77 103 96
198 274 410 379 226
50 461 315 236 400
2 246 308 476 182
471 264 349 353 263
330 472 441 404 214
72 87 22 133 470
83 123 73 271 259
247 302 238 151 390
131 104 482 389 490
124 420 110 340 323
496 397 141 437 195
298 409 377 147 8
220 100 453 92 401
201 197 375 306 486
321 20 19 465 218
227 483 193 488 68
191 368 239 492 179
240 228 416 235 250
378 411 62 466 24
433 436 53 186 495
211 399 21 446 135
64 253 77 103 96
198 274 410 379 226
244 209 314 150 329
50 461 315 236 400
2 246 308 476 182
471 264 349 353 263
330 472 441 404 214
72 87 22 133 470
83 123 73 271 259
247 302 238 151 390
131 104 482 389 490
124 420 110 340 323
496 397 141 437 195
298 409 377 147 8
220 100 453 92 401
201 197 375 306 486
321 20 19 465 218
227 483 193 488 68
191 368 239 492 179
240 228 416 235 250
378 411 62 466 24
433 436 53 186 495
211 399 21 446 135
64 253 77 103 96
198 274 410 379 226
244 209 314 150 329
387 169 177 130 6
50 461 315 236 400
2 246 308 476 182
471 264 349 353 263
330 472 441 404 214
72 87 22 133 470
83 123 73 271 259
247 302 238 151 390
131 104 482 389 490
124 420 110 340 323
496 397 141 437 195
298 409 377 147 8
220 100 453 92 401
201 197 375 306 486
321 20 19 465 218
227 483 193 488 68
191 368 239 492 179
240 228 416 235 250
378 411 62 466 24
433 436 53 186 495
211 399 21 446 135
64 253 77 103 96
198 274 410 379 226
244 209 314 150 329
387 169 177 130 6
59 4 122 170 478
50 461 315 236 400
2 246 308 476 182
471 264 349 353 263
330 472 441 404 214
72 87 22 133 470
83 123 73 271 259
247 302 238 151 390
131 104 482 389 490
124 420 110 340 323
496 397 141 437 195
298 409 377 147 8
220 100 453 92 401
201 197 375 306 486
321 20 19 465 218
227 483 193 488 68
191 368 239 492 179
240 228 416 235 250
378 411 62 466 24
433 436 53 186 495
211 399 21 446 135
64 253 77 103 96
198 274 410 379 226
244 209 314 150 329
387 169 177 130 6
59 4 122 170 478
443 427 0 49 248
50 461 315 236 400
2 246 308 476 182
471 264 349 353 263
330 472 441 404 214
72 87 22 133 470
83 123 73 271 259
247 302 238 151 390
131 104 482 389 490
124 420 110 340 323
496 397 141 437 195
298 409 377 147 8
220 100 453 92 401
201 197 375 306 486
321 20 19 465 218
227 483 193 488 68
191 368 239 492 179
240 228 416 235 250
378 411 62 466 24
433 436 53 186 495
211 399 21 446 135
64 253 77 103 96
198 274 410 379 226
244 209 314 150 329
387 169 177 130 6
59 4 122 170 478
443 427 0 49 248
278 18 381 275 282
50 461 315 236 400
2 246 308 476 182
471 264 349 353 263
330 472 441 404 214
72 87 22 133 470
83 123 73 271 259
247 302 238 151 390
131 104 482 389 490
124 420 110 340 323
496 397 141 437 195
298 409 377 147 8
220 100 453 92 401
201 197 375 306 486
321 20 19 465 218
227 483 193 488 68
191 368 239 492 179
240 228 416 235 250
378 411 62 466 24
433 436 53 186 495
211 399 21 446 135
64 253 77 103 96
198 274 410 379 226
244 209 314 150 329
387 169 177 130 6
59 4 122 170 478
443 427 0 49 248
278 18 381 275 282
173 138 477 65 17
50 461 315 236 400
2 246 308 476 182
471 264 349 353 263
330 472 441 404 214
72 87 22 133 470
83 123 73 271 259
247 302 238 151 390
131 104 482 389 490
124 420 110 340 323
496 397 141 437 195
298 409 377 147 8
220 100 453 92 401
201 197 375 306 486
321 20 19 465 218
227 483 193 488 68
191 368 239 492 179
240 228 416 235 250
378 411 62 466 24
433 436 53 186 495
211 399 21 446 135
64 253 77 103 96
198 274 410 379 226
244 209 314 150 329
387 169 177 130 6
59 4 122 170 478
443 427 0 49 248
278 18 381 275 282
173 138 477 65 17
291 459 251 188 224
50 461 315 236 400
2 246 308 476 182
471 264 349 353 263
330 472 441 404 214
72 87 22 133 470
83 123 73 271 259
247 302 238 151 390
131 104 482 389 490
124 420 110 340 323
496 397 141 437 195
298 409 377 147 8
220 100 453 92 401
201 197 375 306 486
321 20 19 465 218
227 483 193 488 68
191 368 239 492 179
240 228 416 235 250
378 411 62 466 24
433 436 53 186 495
211 399 21 446 135
64 253 77 103 96
198 274 410 379 226
244 209 314 150 329
387 169 177 130 6
59 4 122 170 478
443 427 0 49 248
278 18 381 275 282
173 138 477 65 17
291 459 251 188 224
270 219 383 216 341
50 461 315 236 400
2 246 308 476 182
471 264 349 353 263
330 472 441 404 214
72 87 22 133 470
83 123 73 271 259
247 302 238 151 390
131 104 482 389 490
124 420 110 340 323
496 397 141 437 195
298 409 377 147 8
220 100 453 92 401
201 197 375 306 486
321 20 19 465 218
227 483 193 488 68
191 368 239 492 179
240 228 416 235 250
378 411 62 466 24
433 436 53 186 495
211 399 21 446 135
64 253 77 103 96
198 274 410 379 226
244 209 314 150 329
387 169 177 130 6
59 4 122 170 478
443 427 0 49 248
278 18 381 275 282
173 138 477 65 17
291 459 251 188 224
270 219 383 216 341
480 42 134 196 14
50 461 315 236 400
2 246 308 476 182
471 264 349 353 263
330 472 441 404 214
72 87 22 133 470
83 123 73 271 259
247 302 238 151 390
131 104 482 389 490
124 420 110 340 323
496 397 141 437 195
298 409 377 147 8
220 100 453 92 401
201 197 375 306 486
321 20 19 465 218
227 483 193 488 68
191 368 239 492 179
240 228 416 235 250
378 411 62 466 24
433 436 53 186 495
211 399 21 446 135
64 253 77 103 96
198 274 410 379 226
244 209 314 150 329
387 169 177 130 6
59 4 122 170 478
443 427 0 49 248
278 18 381 275 282
173 138 477 65 17
291 459 251 188 224
270 219 383 216 341
480 42 134 196 14
331 354 202 342 142
50 461 315 236 400
2 246 308 476 182
471 264 349 353 263
330 472 441 404 214
72 87 22 133 470
83 123 73 271 259
247 302 238 151 390
131 104 482 389 490
124 420 110 340 323
496 397 141 437 195
298 409 377 147 8
220 100 453 92 401
201 197 375 306 486
321 20 19 465 218
227 483 193 488 68
191 368 239 492 179
240 228 416 235 250
378 411 62 466 24
433 436 53 186 495
211 399 21 446 135
64 253 77 103 96
198 274 410 379 226
244 209 314 150 329
387 169 177 130 6
59 4 122 170 478
443 427 0 49 248
278 18 381 275 282
173 138 477 65 17
291 459 251 188 224
270 219 383 216 341
480 42 134 196 14
331 354 202 342 142
107 322 357 91 212
50 461 315 236 400
2 246 308 476 182
471 264 349 353 263
330 472 441 404 214
72 87 22 133 470
83 123 73 271 259
247 302 238 151 390
131 104 482 389 490
124 420 110 340 323
496 397 141 437 195
298 409 377 147 8
220 100 453 92 401
201 197 375 306 486
321 20 19 465 218
227 483 193 488 68
191 368 239 492 179
240 228 416 235 250
378 411 62 466 24
433 436 53 186 495
211 399 21 446 135
64 253 77 103 96
198 274 410 379 226
244 209 314 150 329
387 169 177 130 6
59 4 122 170 478
443 427 0 49 248
278 18 381 275 282
173 138 477 65 17
291 459 251 188 224
270 219 383 216 341
480 42 134 196 14
331 354 202 342 142
107 322 357 91 212
78 467 126 144 192
50 461 315 236 400
2 246 308 476 182
471 264 349 353 263
330 472 441 404 214
72 87 22 133 470
83 123 73 271 259
247 302 238 151 390
131 104 482 389 490
124 420 110 340 323
496 397 141 437 195
298 409 377 147 8
220 100 453 92 401
201 197 375 306 486
321 20 19 465 218
227 483 193 488 68
191 368 239 492 179
240 228 416 235 250
378 411 62 466 24
433 436 53 186 495
211 399 21 446 135
64 253 77 103 96
198 274 410 379 226
244 209 314 150 329
387 169 177 130 6
59 4 122 170 478
443 427 0 49 248
278 18 381 275 282
173 138 477 65 17
291 459 251 188 224
270 219 383 216 341
480 42 134 196 14
331 354 202 342 142
107 322 357 91 212
78 467 126 144 192
121 343 61 69 232
50 461 315 236 400
2 246 308 476 182
471 264 349 353 263
330 472 441 404 214
72 87 22 133 470
83 123 73 271 259
247 302 238 151 390
131 104 482 389 490
124 420 110 340 323
496 397 141 437 195
298 409 377 147 8
220 100 453 92 401
201 197 375 306 486
321 20 19 465 218
227 483 193 488 68
191 368 239 492 179
240 228 416 235 250
378 411 62 466 24
433 436 53 186 495
211 399 21 446 135
64 253 77 103 96
198 274 410 379 226
244 209 314 150 329
387 169 177 130 6
59 4 122 170 478
443 427 0 49 248
278 18 381 275 282
173 138 477 65 17
291 459 251 188 224
270 219 383 216 341
480 42 134 196 14
331 354 202 342 142
107 322 357 91 212
78 467 126 144 192
121 343 61 69 232
339 279 48 345 154
50 461 315 236 400
2 246 308 476 182
471 264 349 353 263
330 472 441 404 214
72 87 22 133 470
83 123 73 271 259
247 302 238 151 390
131 104 482 389 490
124 420 110 340 323
496 397 141 437 195
298 409 377 147 8
220 100 453 92 401
201 197 375 306 486
321 20 19 465 218
227 483 193 488 68
191 368 239 492 179
240 228 416 235 250
378 411 62 466 24
433 436 53 186 495
211 399 21 446 135
64 253 77 103 96
198 274 410 379 226
244 209 314 150 329
387 169 177 130 6
59 4 122 170 478
443 427 0 49 248
278 18 381 275 282
173 138 477 65 17
291 459 251 188 224
270 219 383 216 341
480 42 134 196 14
331 354 202 342 142
107 322 357 91 212
78 467 126 144 192
121 343 61 69 232
339 279 48 345 154
225 415 81 41 305
50 461 315 236 400
2 246 308 476 182
471 264 349 353 263
330 472 441 404 214
72 87 22 133 470
83 123 73 271 259
247 302 238 151 390
131 104 482 389 490
124 420 110 340 323
496 397 141 437 195
298 409 377 147 8
220 100 453 92 401
201 197 375 306 486
321 20 19 465 218
227 483 193 488 68
191 368 239 492 179
240 228 416 235 250
378 411 62 466 24
433 436 53 186 495
211 399 21 446 135
64 253 77 103 96
198 274 410 379 226
244 209 314 150 329
387 169 177 130 6
59 4 122 170 478
443 427 0 49 248
278 18 381 275 282
173 138 477 65 17
291 459 251 188 224
270 219 383 216 341
480 42 134 196 14
331 354 202 342 142
107 322 357 91 212
78 467 126 144 192
121 343 61 69 232
339 279 48 345 154
225 415 81 41 305
46 473 189 372 258
50 461 315 236 400
2 246 308 476 182
471 264 349 353 263
330 472 441 404 214
72 87 22 133 470
83 123 73 271 259
247 302 238 151 390
131 104 482 389 490
124 420 110 340 323
496 397 141 437 195
298 409 377 147 8
220 100 453 92 401
201 197 375 306 486
321 20 19 465 218
227 483 193 488 68
191 368 239 492 179
240 228 416 235 250
378 411 62 466 24
433 436 53 186 495
211 399 21 446 135
64 253 77 103 96
198 274 410 379 226
244 209 314 150 329
387 169 177 130 6
59 4 122 170 478
443 427 0 49 248
278 18 381 275 282
173 138 477 65 17
291 459 251 188 224
270 219 383 216 341
480 42 134 196 14
331 354 202 342 142
107 322 357 91 212
78 467 126 144 192
121 343 61 69 232
339 279 48 345 154
225 415 81 41 305
46 473 189 372 258
31 241 40 295 451
50 461 315 236 400
2 246 308 476 182
471 264 349 353 263
330 472 441 404 214
72 87 22 133 470
83 123 73 271 259
247 302 238 151 390
131 104 482 389 490
124 420 110 340 323
496 397 141 437 195
298 409 377 147 8
220 100 453 92 401
201 197 375 306 486
321 20 19 465 218
227 483 193 488 68
191 368 239 492 179
240 228 416 235 250
378 411 62 466 24
433 436 53 186 495
211 399 21 446 135
64 253 77 103 96
198 274 410 379 226
244 209 314 150 329
387 169 177 130 6
59 4 122 170 478
443 427 0 49 248
278 18 381 275 282
173 138 477 65 17
291 459 251 188 224
270 219 383 216 341
480 42 134 196 14
331 354 202 342 142
107 322 357 91 212
78 467 126 144 192
121 343 61 69 232
339 279 48 345 154
225 415 81 41 305
46 473 189 372 258
31 241 40 295 451
304 299 370 47 55
50 461 315 236 400
2 246 308 476 182
471 264 349 353 263
330 472 441 404 214
72 87 22 133 470
83 123 73 271 259
247 302 238 151 390
131 104 482 389 490
124 420 110 340 323
496 397 141 437 195
298 409 377 147 8
220 100 453 92 401
201 197 375 306 486
321 20 19 465 218
227 483 193 488 68
191 368 239 492 179
240 228 416 235 250
378 411 62 466 24
433 436 53 186 495
211 399 21 446 135
64 253 77 103 96
198 274 410 379 226
244 209 314 150 329
387 169 177 130 6
59 4 122 170 478
443 427 0 49 248
278 18 381 275 282
173 138 477 65 17
291 459 251 188 224
270 219 383 216 341
480 42 134 196 14
331 354 202 342 142
107 322 357 91 212
78 467 126 144 192
121 343 61 69 232
339 279 48 345 154
225 415 81 41 305
46 473 189 372 258
31 241 40 295 451
304 299 370 47 55
311 11 140 181 489
50 461 315 236 400
2 246 308 476 182
471 264 349 353 263
330 472 441 404 214
72 87 22 133 470
83 123 73 271 259
247 302 238 151 390
131 104 482 389 490
124 420 110 340 323
496 397 141 437 195
298 409 377 147 8
220 100 453 92 401
201 197 375 306 486
321 20 19 465 218
227 483 193 488 68
191 368 239 492 179
240 228 416 235 250
378 411 62 466 24
433 436 53 186 495
211 399 21 446 135
64 253 77 103 96
198 274 410 379 226
244 209 314 150 329
387 169 177 130 6
59 4 122 170 478
443 427 0 49 248
278 18 381 275 282
173 138 477 65 17
291 459 251 188 224
270 219 383 216 341
480 42 134 196 14
331 354 202 342 142
107 322 357 91 212
78 467 126 144 192
121 343 61 69 232
339 279 48 345 154
225 415 81 41 305
46 473 189 372 258
31 241 40 295 451
304 299 370 47 55
311 11 140 181 489
269 468 376 493
50 461 315 236 400
2 246 308 476 182
471 264 349 353 263
330 472 441 404 214
72 87 22 133 470
83 123 73 271 259
247 302 238 151 390
131 104 482 389 490
124 420 110 340 323
496 397 141 437 195
298 409 377 147 8
220 100 453 92 401
201 197 375 306 486
321 20 19 465 218
227 483 193 488 68
191 368 239 492 179
240 228 416 235 250
378 411 62 466 24
433 436 53 186 495
211 399 21 446 135
64 253 77 103 96
198 274 410 379 226
244 209 314 150 329
387 169 177 130 6
59 4 122 170 478
443 427 0 49 248
278 18 381 275 282
173 138 477 65 17
291 459 251 188 224
270 219 383 216 341
480 42 134 196 14
331 354 202 342 142
107 322 357 91 212
78 467 126 144 192
121 343 61 69 232
339 279 48 345 154
225 415 81 41 305
46 473 189 372 258
31 241 40 295 451
304 299 370 47 55
311 11 140 181 489
269 468 376 493
45 160 413 97 79
50 461 315 236 400
2 246 308 476 182
471 264 349 353 263
330 472 441 404 214
72 87 22 133 470
83 123 73 271 259
247 302 238 151 390
131 104 482 389 490
124 420 110 340 323
496 397 141 437 195
298 409 377 147 8
220 100 453 92 401
201 197 375 306 486
321 20 19 465 218
227 483 193 488 68
191 368 239 492 179
240 228 416 235 250
378 411 62 466 24
433 436 53 186 495
211 399 21 446 135
64 253 77 103 96
198 274 410 379 226
244 209 314 150 329
387 169 177 130 6
59 4 122 170 478
443 427 0 49 248
278 18 381 275 282
173 138 477 65 17
291 459 251 188 224
270 219 383 216 341
480 42 134 196 14
331 354 202 342 142
107 322 357 91 212
78 467 126 144 192
121 343 61 69 232
339 279 48 345 154
225 415 81 41 305
46 473 189 372 258
31 241 40 295 451
304 299 370 47 55
311 11 140 181 489
269 468 376 493
45 160 413 97 79
438 425 152 405 412
50 461 315 236 400
2 246 308 476 182
471 264 349 353 263
330 472 441 404 214
72 87 22 133 470
83 123 73 271 259
247 302 238 151 390
131 104 482 389 490
124 420 110 340 323
496 397 141 437 195
298 409 377 147 8
220 100 453 92 401
201 197 375 306 486
321 20 19 465 218
227 483 193 488 68
191 368 239 492 179
240 228 416 235 250
378 411 62 466 24
433 436 53 186 495
211 399 21 446 135
64 253 77 103 96
198 274 410 379 226
244 209 314 150 329
387 169 177 130 6
59 4 122 170 478
443 427 0 49 248
278 18 381 275 282
173 138 477 65 17
291 459 251 188 224
270 219 383 216 341
480 42 134 196 14
331 354 202 342 142
107 322 357 91 212
78 467 126 144 192
121 343 61 69 232
339 279 48 345 154
225 415 81 41 305
46 473 189 372 258
31 241 40 295 451
304 299 370 47 55
311 11 140 181 489
269 468 376 493
45 160 413 97 79
438 425 152 405 412
337 444 125 25 313
50 461 315 236 400
2 246 308 476 182
471 264 349 353 263
330 472 441 404 214
72 87 22 133 470
83 123 73 271 259
247 302 238 151 390
131 104 482 389 490
124 420 110 340 323
496 397 141 437 195
298 409 377 147 8
220 100 453 92 401
201 197 375 306 486
321 20 19 465 218
227 483 193 488 68
191 368 239 492 179
240 228 416 235 250
378 411 62 466 24
433 436 53 186 495
211 399 21 446 135
64 253 77 103 96
198 274 410 379 226
244 209 314 150 329
387 169 177 130 6
59 4 122 170 478
443 427 0 49 248
278 18 381 275 282
173 138 477 65 17
291 459 251 188 224
270 219 383 216 341
480 42 134 196 14
331 354 202 342 142
107 322 357 91 212
78 467 126 144 192
121 343 61 69 232
339 279 48 345 154
225 415 81 41 305
46 473 189 372 258
31 241 40 295 451
304 299 370 47 55
311 11 140 181 489
269 468 376 493
45 160 413 97 79
438 425 152 405 412
337 444 125 25 313
434 101 145
50 461 315 236 400
2 246 308 476 182
471 264 349 353 263
330 472 441 404 214
72 87 22 133 470
83 123 73 271 259
247 302 238 151 390
131 104 482 389 490
124 420 110 340 323
496 397 141 437 195
298 409 377 147 8
220 100 453 92 401
201 197 375 306 486
321 20 19 465 218
227 483 193 488 68
191 368 239 492 179
240 228 416 235 250
378 411 62 466 24
433 436 53 186 495
211 399 21 446 135
64 253 77 103 96
198 274 410 379 226
244 209 314 150 329
387 169 177 130 6
59 4 122 170 478
443 427 0 49 248
278 18 381 275 282
173 138 477 65 17
291 459 251 188 224
270 219 383 216 341
480 42 134 196 14
331 354 202 342 142
107 322 357 91 212
78 467 126 144 192
121 343 61 69 232
339 279 48 345 154
225 415 81 41 305
46 473 189 372 258
31 241 40 295 451
304 299 370 47 55
311 11 140 181 489
269 468 376 493
45 160 413 97 79
438 425 152 405 412
337 444 125 25 313
434 101 145
320 398 222 464 447
50 461 315 236 400
2 246 308 476 182
471 264 349 353 263
330 472 441 404 214
72 87 22 133 470
83 123 73 271 259
247 302 238 151 390
131 104 482 389 490
124 420 110 340 323
496 397 141 437 195
298 409 377 147 8
220 100 453 92 401
201 197 375 306 486
321 20 19 465 218
227 483 193 488 68
191 368 239 492 179
240 228 416 235 250
378 411 62 466 24
433 436 53 186 495
211 399 21 446 135
64 253 77 103 96
198 274 410 379 226
244 209 314 150 329
387 169 177 130 6
59 4 122 170 478
443 427 0 49 248
278 18 381 275 282
173 138 477 65 17
291 459 251 188 224
270 219 383 216 341
480 42 134 196 14
331 354 202 342 142
107 322 357 91 212
78 467 126 144 192
121 343 61 69 232
339 279 48 345 154
225 415 81 41 305
46 473 189 372 258
31 241 40 295 451
304 299 370 47 55
311 11 140 181 489
269 468 376 493
45 160 413 97 79
438 425 152 405 412
337 444 125 25 313
434 101 145
320 398 222 464 447
71 421 361 391 440
50 461 315 236 400
2 246 308 476 182
471 264 349 353 263
330 472 441 404 214
72 87 22 133 470
83 123 73 271 259
247 302 238 151 390
131 104 482 389 490
124 420 110 340 323
496 397 141 437 195
298 409 377 147 8
220 100 453 92 401
201 197 375 306 486
321 20 19 465 218
227 483 193 488 68
191 368 239 492 179
240 228 416 235 250
378 411 62 466 24
433 436 53 186 495
211 399 21 446 135
64 253 77 103 96
198 274 410 379 226
244 209 314 150 329
387 169 177 130 6
59 4 122 170 478
443 427 0 49 248
278 18 381 275 282
173 138 477 65 17
291 459 251 188 224
270 219 383 216 341
480 42 134 196 14
331 354 202 342 142
107 322 357 91 212
78 467 126 144 192
121 343 61 69 232
339 279 48 345 154
225 415 81 41 305
46 473 189 372 258
31 241 40 295 451
304 299 370 47 55
311 11 140 181 489
269 468 376 493
45 160 413 97 79
438 425 152 405 412
337 444 125 25 313
434 101 145
320 398 222 464 447
71 421 361 391 440
84 419
50 461 315 236 400
2 246 308 476 182
471 264 349 353 263
330 472 441 404 214
72 87 22 133 470
83 123 73 271 259
247 302 238 151 390
131 104 482 389 490
124 420 110 340 323
496 397 141 437 195
298 409 377 147 8
220 100 453 92 401
201 197 375 306 486
321 20 19 465 218
227 483 193 488 68
191 368 239 492 179
240 228 416 235 250
378 411 62 466 24
433 436 53 186 495
211 399 21 446 135
64 253 77 103 96
198 274 410 379 226
244 209 314 150 329
387 169 177 130 6
59 4 122 170 478
443 427 0 49 248
278 18 381 275 282
173 138 477 65 17
291 459 251 188 224
270 219 383 216 341
480 42 134 196 14
331 354 202 342 142
107 322 357 91 212
78 467 126 144 192
121 343 61 69 232
339 279 48 345 154
225 415 81 41 305
46 473 189 372 258
31 241 40 295 451
304 299 370 47 55
311 11 140 181 489
269 468 376 493
45 160 413 97 79
438 425 152 405 412
337 444 125 25 313
434 101 145
320 398 222 464 447
71 421 361 391 440
84 419
39 12
