168 176 160 98 115
117 11 45 8 183
18 42 191 13 3
35 195 6 58 171
77 178 62 173 148
33 200 123 56 205
79 165 121 182 161
75 167 83 69 103
91 67 149 250 162
150 106 159 401 163
96 142 124 132 486
153 63 226 15 201
304 49 26 197 127
319 76 209 43 85
353 51 70 74 175
186 437 185 22 206
207 211 204 84 78
170 97 194 101 279
136 196 14 388 64
199 40 430 180 113
247 52 138 36 130
442 190 155 181 16
7 497 188 5 198
213 41 105 109 34
477 471 133 66 53
241 193 92 107 210
375 71 467 30 192
230 87 345 141 169
290 48 39 99 338
433 158 208 94 228
306 10 55 327 114
334 32 68 365 202
174 122 400 90 453
80 110 298 389 54
100 261 4 366 166
9 93 287 373 184
367 172 223 147 128
275 426 143 23 203
88 480 424 217 37
27 255 273 82 254
314 140 463 24 371
257 0 81 451 301
21 303 326 57 302
156 410 95 295 276
311 229 151 351 47
460 119 417 46 363
485 294 20 349 60
384 378 323 339 19
44 403 492 386 444
299 282 329 491 72
