376 393 87 6 203
251 196 473 133 27
170 276 356 396 63
483 494 157 299 265
225 469 29 247 317
351 65 490 369 321
310 373 187 340 390
354 113 197 441 286
405 110 134 394 385
125 267 377 295 417
386 453 334 349 493
49 22 439 263 232
158 379 188 489 476
88 389 149 301 79
155 329 448 78 388
470 119 408 205 257
335 102 46 355 148
96 498 185 12 104
381 73 11 217 422
279 31 277 401 284
332 143 323 129 228
460 159 5 75 160
81 326 230 83 150
246 240 429 85 345
414 278 39 395 211
243 348 268 358 237
305 130 318 458 37
341 28 3 137 325
440 84 175 19 397
1 193 327 164 474
428 375 320 44 342
219 25 206 298 416
15 80 58 290 365
445 194 306 152 479
424 105 114 292 123
108 245 331 486 212
450 496 171 224 30
127 357 352 499 242
312 66 86 492 26
482 24 215 274 163
402 313 418 55 367
135 466 410 344 244
239 398 128 136 336
56 359 120 303 199
281 156 400 47 59
249 487 21 333 192
97 442 179 90 273
168 250 347 322 452
222 463 302 162 464
252 457 43 438 141
