283 181 366 153 106
358 271 238 182 348
299 27 260 150 323
33 222 95 2 193
212 167 216 42 80
102 97 116 91 305
307 41 26 274 263
256 300 168 124 169
202 221 319 196 175
83 136 37 200 8
32 284 268 186 328
275 173 165 117 149
100 189 337 28 344
253 265 242 308 199
156 129 114 330 326
63 289 158 353 282
43 104 333 225 345
103 6 321 64 270
209 341 18 246 347
164 259 287 219 232
163 82 0 51 291
338 65 11 320 339
303 191 134 273 217
335 85 314 48 315
237 250 205 66 281
290 354 215 12 108
154 5 4 142 22
7 152 252 272 40
185 73 172 201 359
110 251 30 13 214
161 126 141 327 277
52 76 35 87 39
192 176 276 75 105
122 88 363 166 206
367 355 304 362 269
135 236 107 1 297
78 178 89 179 213
