94 10 142 108 46
94 10 142 108 46
151 178 198 195 114
94 10 142 108 46
151 178 198 195 114
105 87 66 193 51
94 10 142 108 46
151 178 198 195 114
105 87 66 193 51
192 137 124 153 29
94 10 142 108 46
151 178 198 195 114
105 87 66 193 51
192 137 124 153 29
1 67 180 88 189
94 10 142 108 46
151 178 198 195 114
105 87 66 193 51
192 137 124 153 29
1 67 180 88 189
104 75 19 70
94 10 142 108 46
151 178 198 195 114
105 87 66 193 51
192 137 124 153 29
1 67 180 88 189
104 75 19 70
186 157 109 85
94 10 142 108 46
151 178 198 195 114
105 87 66 193 51
192 137 124 153 29
1 67 180 88 189
104 75 19 70
186 157 109 85
4 5 44 41 146
94 10 142 108 46
151 178 198 195 114
105 87 66 193 51
192 137 124 153 29
1 67 180 88 189
104 75 19 70
186 157 109 85
4 5 44 41 146
48 185
94 10 142 108 46
151 178 198 195 114
105 87 66 193 51
192 137 124 153 29
1 67 180 88 189
104 75 19 70
186 157 109 85
4 5 44 41 146
48 185
25 24 194
94 10 142 108 46
151 178 198 195 114
105 87 66 193 51
192 137 124 153 29
1 67 180 88 189
104 75 19 70
186 157 109 85
4 5 44 41 146
48 185
25 24 194
40 68
94 10 142 108 46
151 178 198 195 114
105 87 66 193 51
192 137 124 153 29
1 67 180 88 189
104 75 19 70
186 157 109 85
4 5 44 41 146
48 185
25 24 194
40 68
163 130
94 10 142 108 46
151 178 198 195 114
105 87 66 193 51
192 137 124 153 29
1 67 180 88 189
104 75 19 70
186 157 109 85
4 5 44 41 146
48 185
25 24 194
40 68
163 130
125 63
94 10 142 108 46
151 178 198 195 114
105 87 66 193 51
192 137 124 153 29
1 67 180 88 189
104 75 19 70
186 157 109 85
4 5 44 41 146
48 185
25 24 194
40 68
163 130
125 63
183 148
94 10 142 108 46
151 178 198 195 114
105 87 66 193 51
192 137 124 153 29
1 67 180 88 189
104 75 19 70
186 157 109 85
4 5 44 41 146
48 185
25 24 194
40 68
163 130
125 63
183 148
111 112
94 10 142 108 46
151 178 198 195 114
105 87 66 193 51
192 137 124 153 29
1 67 180 88 189
104 75 19 70
186 157 109 85
4 5 44 41 146
48 185
25 24 194
40 68
163 130
125 63
183 148
111 112
120 45
