150 151 152 153 154
150 151 152 153 154
0 1 2 3 4
150 151 152 153 154
0 1 2 3 4
375 376 377 378 379
150 151 152 153 154
0 1 2 3 4
375 376 377 378 379
200 201 202 203 204
150 151 152 153 154
0 1 2 3 4
375 376 377 378 379
200 201 202 203 204
250 251 252 253 254
150 151 152 153 154
0 1 2 3 4
375 376 377 378 379
200 201 202 203 204
250 251 252 253 254
275 276 277 278 279
150 151 152 153 154
0 1 2 3 4
375 376 377 378 379
200 201 202 203 204
250 251 252 253 254
275 276 277 278 279
175 176 177 178 179
150 151 152 153 154
0 1 2 3 4
375 376 377 378 379
200 201 202 203 204
250 251 252 253 254
275 276 277 278 279
175 176 177 178 179
325 326 327 328 329
150 151 152 153 154
0 1 2 3 4
375 376 377 378 379
200 201 202 203 204
250 251 252 253 254
275 276 277 278 279
175 176 177 178 179
325 326 327 328 329
400 401 402 403 404
150 151 152 153 154
0 1 2 3 4
375 376 377 378 379
200 201 202 203 204
250 251 252 253 254
275 276 277 278 279
175 176 177 178 179
325 326 327 328 329
400 401 402 403 404
125 126 127 128 129
150 151 152 153 154
0 1 2 3 4
375 376 377 378 379
200 201 202 203 204
250 251 252 253 254
275 276 277 278 279
175 176 177 178 179
325 326 327 328 329
400 401 402 403 404
125 126 127 128 129
350 351 352 353 354
150 151 152 153 154
0 1 2 3 4
375 376 377 378 379
200 201 202 203 204
250 251 252 253 254
275 276 277 278 279
175 176 177 178 179
325 326 327 328 329
400 401 402 403 404
125 126 127 128 129
350 351 352 353 354
425 426 427 428 429
150 151 152 153 154
0 1 2 3 4
375 376 377 378 379
200 201 202 203 204
250 251 252 253 254
275 276 277 278 279
175 176 177 178 179
325 326 327 328 329
400 401 402 403 404
125 126 127 128 129
350 351 352 353 354
425 426 427 428 429
100 101 102 103 104
150 151 152 153 154
0 1 2 3 4
375 376 377 378 379
200 201 202 203 204
250 251 252 253 254
275 276 277 278 279
175 176 177 178 179
325 326 327 328 329
400 401 402 403 404
125 126 127 128 129
350 351 352 353 354
425 426 427 428 429
100 101 102 103 104
450 451 452 453 454
150 151 152 153 154
0 1 2 3 4
375 376 377 378 379
200 201 202 203 204
250 251 252 253 254
275 276 277 278 279
175 176 177 178 179
325 326 327 328 329
400 401 402 403 404
125 126 127 128 129
350 351 352 353 354
425 426 427 428 429
100 101 102 103 104
450 451 452 453 454
75 76 77 78 79
150 151 152 153 154
0 1 2 3 4
375 376 377 378 379
200 201 202 203 204
250 251 252 253 254
275 276 277 278 279
175 176 177 178 179
325 326 327 328 329
400 401 402 403 404
125 126 127 128 129
350 351 352 353 354
425 426 427 428 429
100 101 102 103 104
450 451 452 453 454
75 76 77 78 79
50 51 52 53 54
150 151 152 153 154
0 1 2 3 4
375 376 377 378 379
200 201 202 203 204
250 251 252 253 254
275 276 277 278 279
175 176 177 178 179
325 326 327 328 329
400 401 402 403 404
125 126 127 128 129
350 351 352 353 354
425 426 427 428 429
100 101 102 103 104
450 451 452 453 454
75 76 77 78 79
50 51 52 53 54
300 301 302 303 304
150 151 152 153 154
0 1 2 3 4
375 376 377 378 379
200 201 202 203 204
250 251 252 253 254
275 276 277 278 279
175 176 177 178 179
325 326 327 328 329
400 401 402 403 404
125 126 127 128 129
350 351 352 353 354
425 426 427 428 429
100 101 102 103 104
450 451 452 453 454
75 76 77 78 79
50 51 52 53 54
300 301 302 303 304
25 26 27 28 29
150 151 152 153 154
0 1 2 3 4
375 376 377 378 379
200 201 202 203 204
250 251 252 253 254
275 276 277 278 279
175 176 177 178 179
325 326 327 328 329
400 401 402 403 404
125 126 127 128 129
350 351 352 353 354
425 426 427 428 429
100 101 102 103 104
450 451 452 453 454
75 76 77 78 79
50 51 52 53 54
300 301 302 303 304
25 26 27 28 29
475 476 477 478 479
150 151 152 153 154
0 1 2 3 4
375 376 377 378 379
200 201 202 203 204
250 251 252 253 254
275 276 277 278 279
175 176 177 178 179
325 326 327 328 329
400 401 402 403 404
125 126 127 128 129
350 351 352 353 354
425 426 427 428 429
100 101 102 103 104
450 451 452 453 454
75 76 77 78 79
50 51 52 53 54
300 301 302 303 304
25 26 27 28 29
475 476 477 478 479
225 226 227 228 229
