428 426 242 105 356
20 400 98 250 166
410 488 467 394 344
442 114 48 280 121
306 481 76 172 343
209 3 176 103 376
62 186 431 111 471
201 40 15 446 328
317 266 191 232 200
212 407 87 437
352 237 482 123 305
282 458 434 112 279
292 24 393 134 271
318 187 184 456
100 447 484 1 256
93 478 125 284 300
173 294 13 142 58
128 417 459 227
440 44 68 332 54
180 379 119
139 288 214 4
359 202 253 425 154
216 113 325 433 43
465 8 496
497 206 230 470 355
340 169 181 304
495 441 281 158
412 164 224 64
35 339 381 207
174 499 34
472 422 46 136
451 308 194 267
122 0 373
429 404 278 205
366 233 7 152
454 477 363
449 421 257 273
203 185 274
375 115 83
148 22 416
342 117 69
457 23 26
293 444 104
208 307 238
345 445 179
413 231 53
215 371 483
260 42
153 45
129 455
60 235
