147 173 91 463 165
147 173 91 463 165
195 88 212 210 112
147 173 91 463 165
195 88 212 210 112
350 131 121 481 444
147 173 91 463 165
195 88 212 210 112
350 131 121 481 444
207 249 51 13
147 173 91 463 165
195 88 212 210 112
350 131 121 481 444
207 249 51 13
417 305 392
147 173 91 463 165
195 88 212 210 112
350 131 121 481 444
207 249 51 13
417 305 392
291 309 66 281
147 173 91 463 165
195 88 212 210 112
350 131 121 481 444
207 249 51 13
417 305 392
291 309 66 281
334 274 241
147 173 91 463 165
195 88 212 210 112
350 131 121 481 444
207 249 51 13
417 305 392
291 309 66 281
334 274 241
292 109 300
147 173 91 463 165
195 88 212 210 112
350 131 121 481 444
207 249 51 13
417 305 392
291 309 66 281
334 274 241
292 109 300
327 279 397
147 173 91 463 165
195 88 212 210 112
350 131 121 481 444
207 249 51 13
417 305 392
291 309 66 281
334 274 241
292 109 300
327 279 397
482 442 471
147 173 91 463 165
195 88 212 210 112
350 131 121 481 444
207 249 51 13
417 305 392
291 309 66 281
334 274 241
292 109 300
327 279 397
482 442 471
422 420
147 173 91 463 165
195 88 212 210 112
350 131 121 481 444
207 249 51 13
417 305 392
291 309 66 281
334 274 241
292 109 300
327 279 397
482 442 471
422 420
462 485
147 173 91 463 165
195 88 212 210 112
350 131 121 481 444
207 249 51 13
417 305 392
291 309 66 281
334 274 241
292 109 300
327 279 397
482 442 471
422 420
462 485
31 328 101
147 173 91 463 165
195 88 212 210 112
350 131 121 481 444
207 249 51 13
417 305 392
291 309 66 281
334 274 241
292 109 300
327 279 397
482 442 471
422 420
462 485
31 328 101
330 246
147 173 91 463 165
195 88 212 210 112
350 131 121 481 444
207 249 51 13
417 305 392
291 309 66 281
334 274 241
292 109 300
327 279 397
482 442 471
422 420
462 485
31 328 101
330 246
402 393
147 173 91 463 165
195 88 212 210 112
350 131 121 481 444
207 249 51 13
417 305 392
291 309 66 281
334 274 241
292 109 300
327 279 397
482 442 471
422 420
462 485
31 328 101
330 246
402 393
105 202
147 173 91 463 165
195 88 212 210 112
350 131 121 481 444
207 249 51 13
417 305 392
291 309 66 281
334 274 241
292 109 300
327 279 397
482 442 471
422 420
462 485
31 328 101
330 246
402 393
105 202
387 71
147 173 91 463 165
195 88 212 210 112
350 131 121 481 444
207 249 51 13
417 305 392
291 309 66 281
334 274 241
292 109 300
327 279 397
482 442 471
422 420
462 485
31 328 101
330 246
402 393
105 202
387 71
197 342 245
147 173 91 463 165
195 88 212 210 112
350 131 121 481 444
207 249 51 13
417 305 392
291 309 66 281
334 274 241
292 109 300
327 279 397
482 442 471
422 420
462 485
31 328 101
330 246
402 393
105 202
387 71
197 342 245
364 453
147 173 91 463 165
195 88 212 210 112
350 131 121 481 444
207 249 51 13
417 305 392
291 309 66 281
334 274 241
292 109 300
327 279 397
482 442 471
422 420
462 485
31 328 101
330 246
402 393
105 202
387 71
197 342 245
364 453
472 68 135
147 173 91 463 165
195 88 212 210 112
350 131 121 481 444
207 249 51 13
417 305 392
291 309 66 281
334 274 241
292 109 300
327 279 397
482 442 471
422 420
462 485
31 328 101
330 246
402 393
105 202
387 71
197 342 245
364 453
472 68 135
324 48
147 173 91 463 165
195 88 212 210 112
350 131 121 481 444
207 249 51 13
417 305 392
291 309 66 281
334 274 241
292 109 300
327 279 397
482 442 471
422 420
462 485
31 328 101
330 246
402 393
105 202
387 71
197 342 245
364 453
472 68 135
324 48
118 268
147 173 91 463 165
195 88 212 210 112
350 131 121 481 444
207 249 51 13
417 305 392
291 309 66 281
334 274 241
292 109 300
327 279 397
482 442 471
422 420
462 485
31 328 101
330 246
402 393
105 202
387 71
197 342 245
364 453
472 68 135
324 48
118 268
322 113
147 173 91 463 165
195 88 212 210 112
350 131 121 481 444
207 249 51 13
417 305 392
291 309 66 281
334 274 241
292 109 300
327 279 397
482 442 471
422 420
462 485
31 328 101
330 246
402 393
105 202
387 71
197 342 245
364 453
472 68 135
324 48
118 268
322 113
308 178
147 173 91 463 165
195 88 212 210 112
350 131 121 481 444
207 249 51 13
417 305 392
291 309 66 281
334 274 241
292 109 300
327 279 397
482 442 471
422 420
462 485
31 328 101
330 246
402 393
105 202
387 71
197 342 245
364 453
472 68 135
324 48
118 268
322 113
308 178
218 50
147 173 91 463 165
195 88 212 210 112
350 131 121 481 444
207 249 51 13
417 305 392
291 309 66 281
334 274 241
292 109 300
327 279 397
482 442 471
422 420
462 485
31 328 101
330 246
402 393
105 202
387 71
197 342 245
364 453
472 68 135
324 48
118 268
322 113
308 178
218 50
351 153
147 173 91 463 165
195 88 212 210 112
350 131 121 481 444
207 249 51 13
417 305 392
291 309 66 281
334 274 241
292 109 300
327 279 397
482 442 471
422 420
462 485
31 328 101
330 246
402 393
105 202
387 71
197 342 245
364 453
472 68 135
324 48
118 268
322 113
308 178
218 50
351 153
203 16
