386 10 177 441 489
228 317 111 125 463
289 42 345 96 451
188 337 321 484 202
162 122 63 112 371
465 204 142 499 33
462 359 210 2 295
395 449 410 29 91
370 251 368 319 69
230 439 166 50 200
138 82 437 406 311
466 487 307 206 426
435 342 73 256 309
385 266 176 222 443
377 338 8 219 340
282 120 1 165 313
153 267 78 254 100
344 237 271 39 355
225 68 0 190 27
469 389 121 99 16
398 447 303 156 353
196 392 110 397 180
292 269 249 404 56
117 44 446 347 159
477 218 199 283 442
212 393 235 318 203
152 169 36 40 139
113 32 297 322 158
239 486 453 185 83
23 64 334 126 238
192 193 411 391 378
333 108 47 207 362
294 301 253 472 51
261 372 419 103 118
450 217 130 38 45
314 54 197 402 80
74 17 274 48 129
79 346 49 428 444
144 298 37 242 467
278 348 488 481 178
306 458 339 157 184
241 155 310 260 363
329 133 434 304 9
175 13 15 128 35
460 189 216 375 380
198 430 407 323 492
145 245 445 57 265
43 84 233 495 12
493 97 288 390 215
369 312 399 167 115
