389 162 137 376 135
389 162 137 376 135
131 417 496 398 425
389 162 137 376 135
131 417 496 398 425
467 246 68 220 48
389 162 137 376 135
131 417 496 398 425
467 246 68 220 48
445 173 200 47 351
389 162 137 376 135
131 417 496 398 425
467 246 68 220 48
445 173 200 47 351
54 300 321 406 492
389 162 137 376 135
131 417 496 398 425
467 246 68 220 48
445 173 200 47 351
54 300 321 406 492
1 44 374 69 86
389 162 137 376 135
131 417 496 398 425
467 246 68 220 48
445 173 200 47 351
54 300 321 406 492
1 44 374 69 86
407 184 39 20 429
389 162 137 376 135
131 417 496 398 425
467 246 68 220 48
445 173 200 47 351
54 300 321 406 492
1 44 374 69 86
407 184 39 20 429
187 413 95 155 161
389 162 137 376 135
131 417 496 398 425
467 246 68 220 48
445 173 200 47 351
54 300 321 406 492
1 44 374 69 86
407 184 39 20 429
187 413 95 155 161
8 56 327 302 107
389 162 137 376 135
131 417 496 398 425
467 246 68 220 48
445 173 200 47 351
54 300 321 406 492
1 44 374 69 86
407 184 39 20 429
187 413 95 155 161
8 56 327 302 107
52 70 227 309 329
389 162 137 376 135
131 417 496 398 425
467 246 68 220 48
445 173 200 47 351
54 300 321 406 492
1 44 374 69 86
407 184 39 20 429
187 413 95 155 161
8 56 327 302 107
52 70 227 309 329
224 153 264 229 23
389 162 137 376 135
131 417 496 398 425
467 246 68 220 48
445 173 200 47 351
54 300 321 406 492
1 44 374 69 86
407 184 39 20 429
187 413 95 155 161
8 56 327 302 107
52 70 227 309 329
224 153 264 229 23
191 231 235 454 185
389 162 137 376 135
131 417 496 398 425
467 246 68 220 48
445 173 200 47 351
54 300 321 406 492
1 44 374 69 86
407 184 39 20 429
187 413 95 155 161
8 56 327 302 107
52 70 227 309 329
224 153 264 229 23
191 231 235 454 185
67 444 490 269 22
389 162 137 376 135
131 417 496 398 425
467 246 68 220 48
445 173 200 47 351
54 300 321 406 492
1 44 374 69 86
407 184 39 20 429
187 413 95 155 161
8 56 327 302 107
52 70 227 309 329
224 153 264 229 23
191 231 235 454 185
67 444 490 269 22
188 367 415 363 121
389 162 137 376 135
131 417 496 398 425
467 246 68 220 48
445 173 200 47 351
54 300 321 406 492
1 44 374 69 86
407 184 39 20 429
187 413 95 155 161
8 56 327 302 107
52 70 227 309 329
224 153 264 229 23
191 231 235 454 185
67 444 490 269 22
188 367 415 363 121
290 392 228 357 4
389 162 137 376 135
131 417 496 398 425
467 246 68 220 48
445 173 200 47 351
54 300 321 406 492
1 44 374 69 86
407 184 39 20 429
187 413 95 155 161
8 56 327 302 107
52 70 227 309 329
224 153 264 229 23
191 231 235 454 185
67 444 490 269 22
188 367 415 363 121
290 392 228 357 4
245 305 225 432 143
389 162 137 376 135
131 417 496 398 425
467 246 68 220 48
445 173 200 47 351
54 300 321 406 492
1 44 374 69 86
407 184 39 20 429
187 413 95 155 161
8 56 327 302 107
52 70 227 309 329
224 153 264 229 23
191 231 235 454 185
67 444 490 269 22
188 367 415 363 121
290 392 228 357 4
245 305 225 432 143
43 472 215 230 10
389 162 137 376 135
131 417 496 398 425
467 246 68 220 48
445 173 200 47 351
54 300 321 406 492
1 44 374 69 86
407 184 39 20 429
187 413 95 155 161
8 56 327 302 107
52 70 227 309 329
224 153 264 229 23
191 231 235 454 185
67 444 490 269 22
188 367 415 363 121
290 392 228 357 4
245 305 225 432 143
43 472 215 230 10
364 473 98 314 358
389 162 137 376 135
131 417 496 398 425
467 246 68 220 48
445 173 200 47 351
54 300 321 406 492
1 44 374 69 86
407 184 39 20 429
187 413 95 155 161
8 56 327 302 107
52 70 227 309 329
224 153 264 229 23
191 231 235 454 185
67 444 490 269 22
188 367 415 363 121
290 392 228 357 4
245 305 225 432 143
43 472 215 230 10
364 473 98 314 358
30 212 278 427 11
389 162 137 376 135
131 417 496 398 425
467 246 68 220 48
445 173 200 47 351
54 300 321 406 492
1 44 374 69 86
407 184 39 20 429
187 413 95 155 161
8 56 327 302 107
52 70 227 309 329
224 153 264 229 23
191 231 235 454 185
67 444 490 269 22
188 367 415 363 121
290 392 228 357 4
245 305 225 432 143
43 472 215 230 10
364 473 98 314 358
30 212 278 427 11
208 266 132 296 348
389 162 137 376 135
131 417 496 398 425
467 246 68 220 48
445 173 200 47 351
54 300 321 406 492
1 44 374 69 86
407 184 39 20 429
187 413 95 155 161
8 56 327 302 107
52 70 227 309 329
224 153 264 229 23
191 231 235 454 185
67 444 490 269 22
188 367 415 363 121
290 392 228 357 4
245 305 225 432 143
43 472 215 230 10
364 473 98 314 358
30 212 278 427 11
208 266 132 296 348
355 84 75 198 110
389 162 137 376 135
131 417 496 398 425
467 246 68 220 48
445 173 200 47 351
54 300 321 406 492
1 44 374 69 86
407 184 39 20 429
187 413 95 155 161
8 56 327 302 107
52 70 227 309 329
224 153 264 229 23
191 231 235 454 185
67 444 490 269 22
188 367 415 363 121
290 392 228 357 4
245 305 225 432 143
43 472 215 230 10
364 473 98 314 358
30 212 278 427 11
208 266 132 296 348
355 84 75 198 110
152 334 60 449 344
389 162 137 376 135
131 417 496 398 425
467 246 68 220 48
445 173 200 47 351
54 300 321 406 492
1 44 374 69 86
407 184 39 20 429
187 413 95 155 161
8 56 327 302 107
52 70 227 309 329
224 153 264 229 23
191 231 235 454 185
67 444 490 269 22
188 367 415 363 121
290 392 228 357 4
245 305 225 432 143
43 472 215 230 10
364 473 98 314 358
30 212 278 427 11
208 266 132 296 348
355 84 75 198 110
152 334 60 449 344
464 471 434 353 448
389 162 137 376 135
131 417 496 398 425
467 246 68 220 48
445 173 200 47 351
54 300 321 406 492
1 44 374 69 86
407 184 39 20 429
187 413 95 155 161
8 56 327 302 107
52 70 227 309 329
224 153 264 229 23
191 231 235 454 185
67 444 490 269 22
188 367 415 363 121
290 392 228 357 4
245 305 225 432 143
43 472 215 230 10
364 473 98 314 358
30 212 278 427 11
208 266 132 296 348
355 84 75 198 110
152 334 60 449 344
464 471 434 353 448
158 175 122 338 195
389 162 137 376 135
131 417 496 398 425
467 246 68 220 48
445 173 200 47 351
54 300 321 406 492
1 44 374 69 86
407 184 39 20 429
187 413 95 155 161
8 56 327 302 107
52 70 227 309 329
224 153 264 229 23
191 231 235 454 185
67 444 490 269 22
188 367 415 363 121
290 392 228 357 4
245 305 225 432 143
43 472 215 230 10
364 473 98 314 358
30 212 278 427 11
208 266 132 296 348
355 84 75 198 110
152 334 60 449 344
464 471 434 353 448
158 175 122 338 195
214 462 240 99 176
389 162 137 376 135
131 417 496 398 425
467 246 68 220 48
445 173 200 47 351
54 300 321 406 492
1 44 374 69 86
407 184 39 20 429
187 413 95 155 161
8 56 327 302 107
52 70 227 309 329
224 153 264 229 23
191 231 235 454 185
67 444 490 269 22
188 367 415 363 121
290 392 228 357 4
245 305 225 432 143
43 472 215 230 10
364 473 98 314 358
30 212 278 427 11
208 266 132 296 348
355 84 75 198 110
152 334 60 449 344
464 471 434 353 448
158 175 122 338 195
214 462 240 99 176
431 450 477 257 396
389 162 137 376 135
131 417 496 398 425
467 246 68 220 48
445 173 200 47 351
54 300 321 406 492
1 44 374 69 86
407 184 39 20 429
187 413 95 155 161
8 56 327 302 107
52 70 227 309 329
224 153 264 229 23
191 231 235 454 185
67 444 490 269 22
188 367 415 363 121
290 392 228 357 4
245 305 225 432 143
43 472 215 230 10
364 473 98 314 358
30 212 278 427 11
208 266 132 296 348
355 84 75 198 110
152 334 60 449 344
464 471 434 353 448
158 175 122 338 195
214 462 240 99 176
431 450 477 257 396
2 420 148 372 16
389 162 137 376 135
131 417 496 398 425
467 246 68 220 48
445 173 200 47 351
54 300 321 406 492
1 44 374 69 86
407 184 39 20 429
187 413 95 155 161
8 56 327 302 107
52 70 227 309 329
224 153 264 229 23
191 231 235 454 185
67 444 490 269 22
188 367 415 363 121
290 392 228 357 4
245 305 225 432 143
43 472 215 230 10
364 473 98 314 358
30 212 278 427 11
208 266 132 296 348
355 84 75 198 110
152 334 60 449 344
464 471 434 353 448
158 175 122 338 195
214 462 240 99 176
431 450 477 257 396
2 420 148 372 16
491 29 410 251 268
389 162 137 376 135
131 417 496 398 425
467 246 68 220 48
445 173 200 47 351
54 300 321 406 492
1 44 374 69 86
407 184 39 20 429
187 413 95 155 161
8 56 327 302 107
52 70 227 309 329
224 153 264 229 23
191 231 235 454 185
67 444 490 269 22
188 367 415 363 121
290 392 228 357 4
245 305 225 432 143
43 472 215 230 10
364 473 98 314 358
30 212 278 427 11
208 266 132 296 348
355 84 75 198 110
152 334 60 449 344
464 471 434 353 448
158 175 122 338 195
214 462 240 99 176
431 450 477 257 396
2 420 148 372 16
491 29 410 251 268
26 156 204 466 150
389 162 137 376 135
131 417 496 398 425
467 246 68 220 48
445 173 200 47 351
54 300 321 406 492
1 44 374 69 86
407 184 39 20 429
187 413 95 155 161
8 56 327 302 107
52 70 227 309 329
224 153 264 229 23
191 231 235 454 185
67 444 490 269 22
188 367 415 363 121
290 392 228 357 4
245 305 225 432 143
43 472 215 230 10
364 473 98 314 358
30 212 278 427 11
208 266 132 296 348
355 84 75 198 110
152 334 60 449 344
464 471 434 353 448
158 175 122 338 195
214 462 240 99 176
431 450 477 257 396
2 420 148 372 16
491 29 410 251 268
26 156 204 466 150
272 49 50 89 352
389 162 137 376 135
131 417 496 398 425
467 246 68 220 48
445 173 200 47 351
54 300 321 406 492
1 44 374 69 86
407 184 39 20 429
187 413 95 155 161
8 56 327 302 107
52 70 227 309 329
224 153 264 229 23
191 231 235 454 185
67 444 490 269 22
188 367 415 363 121
290 392 228 357 4
245 305 225 432 143
43 472 215 230 10
364 473 98 314 358
30 212 278 427 11
208 266 132 296 348
355 84 75 198 110
152 334 60 449 344
464 471 434 353 448
158 175 122 338 195
214 462 240 99 176
431 450 477 257 396
2 420 148 372 16
491 29 410 251 268
26 156 204 466 150
272 49 50 89 352
308 458 481 106 149
389 162 137 376 135
131 417 496 398 425
467 246 68 220 48
445 173 200 47 351
54 300 321 406 492
1 44 374 69 86
407 184 39 20 429
187 413 95 155 161
8 56 327 302 107
52 70 227 309 329
224 153 264 229 23
191 231 235 454 185
67 444 490 269 22
188 367 415 363 121
290 392 228 357 4
245 305 225 432 143
43 472 215 230 10
364 473 98 314 358
30 212 278 427 11
208 266 132 296 348
355 84 75 198 110
152 334 60 449 344
464 471 434 353 448
158 175 122 338 195
214 462 240 99 176
431 450 477 257 396
2 420 148 372 16
491 29 410 251 268
26 156 204 466 150
272 49 50 89 352
308 458 481 106 149
375 350 369 6 371
389 162 137 376 135
131 417 496 398 425
467 246 68 220 48
445 173 200 47 351
54 300 321 406 492
1 44 374 69 86
407 184 39 20 429
187 413 95 155 161
8 56 327 302 107
52 70 227 309 329
224 153 264 229 23
191 231 235 454 185
67 444 490 269 22
188 367 415 363 121
290 392 228 357 4
245 305 225 432 143
43 472 215 230 10
364 473 98 314 358
30 212 278 427 11
208 266 132 296 348
355 84 75 198 110
152 334 60 449 344
464 471 434 353 448
158 175 122 338 195
214 462 240 99 176
431 450 477 257 396
2 420 148 372 16
491 29 410 251 268
26 156 204 466 150
272 49 50 89 352
308 458 481 106 149
375 350 369 6 371
465 168 87 202 399
389 162 137 376 135
131 417 496 398 425
467 246 68 220 48
445 173 200 47 351
54 300 321 406 492
1 44 374 69 86
407 184 39 20 429
187 413 95 155 161
8 56 327 302 107
52 70 227 309 329
224 153 264 229 23
191 231 235 454 185
67 444 490 269 22
188 367 415 363 121
290 392 228 357 4
245 305 225 432 143
43 472 215 230 10
364 473 98 314 358
30 212 278 427 11
208 266 132 296 348
355 84 75 198 110
152 334 60 449 344
464 471 434 353 448
158 175 122 338 195
214 462 240 99 176
431 450 477 257 396
2 420 148 372 16
491 29 410 251 268
26 156 204 466 150
272 49 50 89 352
308 458 481 106 149
375 350 369 6 371
465 168 87 202 399
242 404 456 379
389 162 137 376 135
131 417 496 398 425
467 246 68 220 48
445 173 200 47 351
54 300 321 406 492
1 44 374 69 86
407 184 39 20 429
187 413 95 155 161
8 56 327 302 107
52 70 227 309 329
224 153 264 229 23
191 231 235 454 185
67 444 490 269 22
188 367 415 363 121
290 392 228 357 4
245 305 225 432 143
43 472 215 230 10
364 473 98 314 358
30 212 278 427 11
208 266 132 296 348
355 84 75 198 110
152 334 60 449 344
464 471 434 353 448
158 175 122 338 195
214 462 240 99 176
431 450 477 257 396
2 420 148 372 16
491 29 410 251 268
26 156 204 466 150
272 49 50 89 352
308 458 481 106 149
375 350 369 6 371
465 168 87 202 399
242 404 456 379
151 441 146 74
389 162 137 376 135
131 417 496 398 425
467 246 68 220 48
445 173 200 47 351
54 300 321 406 492
1 44 374 69 86
407 184 39 20 429
187 413 95 155 161
8 56 327 302 107
52 70 227 309 329
224 153 264 229 23
191 231 235 454 185
67 444 490 269 22
188 367 415 363 121
290 392 228 357 4
245 305 225 432 143
43 472 215 230 10
364 473 98 314 358
30 212 278 427 11
208 266 132 296 348
355 84 75 198 110
152 334 60 449 344
464 471 434 353 448
158 175 122 338 195
214 462 240 99 176
431 450 477 257 396
2 420 148 372 16
491 29 410 251 268
26 156 204 466 150
272 49 50 89 352
308 458 481 106 149
375 350 369 6 371
465 168 87 202 399
242 404 456 379
151 441 146 74
390 218 58 127
389 162 137 376 135
131 417 496 398 425
467 246 68 220 48
445 173 200 47 351
54 300 321 406 492
1 44 374 69 86
407 184 39 20 429
187 413 95 155 161
8 56 327 302 107
52 70 227 309 329
224 153 264 229 23
191 231 235 454 185
67 444 490 269 22
188 367 415 363 121
290 392 228 357 4
245 305 225 432 143
43 472 215 230 10
364 473 98 314 358
30 212 278 427 11
208 266 132 296 348
355 84 75 198 110
152 334 60 449 344
464 471 434 353 448
158 175 122 338 195
214 462 240 99 176
431 450 477 257 396
2 420 148 372 16
491 29 410 251 268
26 156 204 466 150
272 49 50 89 352
308 458 481 106 149
375 350 369 6 371
465 168 87 202 399
242 404 456 379
151 441 146 74
390 218 58 127
42 101 163 40
389 162 137 376 135
131 417 496 398 425
467 246 68 220 48
445 173 200 47 351
54 300 321 406 492
1 44 374 69 86
407 184 39 20 429
187 413 95 155 161
8 56 327 302 107
52 70 227 309 329
224 153 264 229 23
191 231 235 454 185
67 444 490 269 22
188 367 415 363 121
290 392 228 357 4
245 305 225 432 143
43 472 215 230 10
364 473 98 314 358
30 212 278 427 11
208 266 132 296 348
355 84 75 198 110
152 334 60 449 344
464 471 434 353 448
158 175 122 338 195
214 462 240 99 176
431 450 477 257 396
2 420 148 372 16
491 29 410 251 268
26 156 204 466 150
272 49 50 89 352
308 458 481 106 149
375 350 369 6 371
465 168 87 202 399
242 404 456 379
151 441 146 74
390 218 58 127
42 101 163 40
83 248 342 409
389 162 137 376 135
131 417 496 398 425
467 246 68 220 48
445 173 200 47 351
54 300 321 406 492
1 44 374 69 86
407 184 39 20 429
187 413 95 155 161
8 56 327 302 107
52 70 227 309 329
224 153 264 229 23
191 231 235 454 185
67 444 490 269 22
188 367 415 363 121
290 392 228 357 4
245 305 225 432 143
43 472 215 230 10
364 473 98 314 358
30 212 278 427 11
208 266 132 296 348
355 84 75 198 110
152 334 60 449 344
464 471 434 353 448
158 175 122 338 195
214 462 240 99 176
431 450 477 257 396
2 420 148 372 16
491 29 410 251 268
26 156 204 466 150
272 49 50 89 352
308 458 481 106 149
375 350 369 6 371
465 168 87 202 399
242 404 456 379
151 441 146 74
390 218 58 127
42 101 163 40
83 248 342 409
291 373 243 303
389 162 137 376 135
131 417 496 398 425
467 246 68 220 48
445 173 200 47 351
54 300 321 406 492
1 44 374 69 86
407 184 39 20 429
187 413 95 155 161
8 56 327 302 107
52 70 227 309 329
224 153 264 229 23
191 231 235 454 185
67 444 490 269 22
188 367 415 363 121
290 392 228 357 4
245 305 225 432 143
43 472 215 230 10
364 473 98 314 358
30 212 278 427 11
208 266 132 296 348
355 84 75 198 110
152 334 60 449 344
464 471 434 353 448
158 175 122 338 195
214 462 240 99 176
431 450 477 257 396
2 420 148 372 16
491 29 410 251 268
26 156 204 466 150
272 49 50 89 352
308 458 481 106 149
375 350 369 6 371
465 168 87 202 399
242 404 456 379
151 441 146 74
390 218 58 127
42 101 163 40
83 248 342 409
291 373 243 303
430 128 170 254
389 162 137 376 135
131 417 496 398 425
467 246 68 220 48
445 173 200 47 351
54 300 321 406 492
1 44 374 69 86
407 184 39 20 429
187 413 95 155 161
8 56 327 302 107
52 70 227 309 329
224 153 264 229 23
191 231 235 454 185
67 444 490 269 22
188 367 415 363 121
290 392 228 357 4
245 305 225 432 143
43 472 215 230 10
364 473 98 314 358
30 212 278 427 11
208 266 132 296 348
355 84 75 198 110
152 334 60 449 344
464 471 434 353 448
158 175 122 338 195
214 462 240 99 176
431 450 477 257 396
2 420 148 372 16
491 29 410 251 268
26 156 204 466 150
272 49 50 89 352
308 458 481 106 149
375 350 369 6 371
465 168 87 202 399
242 404 456 379
151 441 146 74
390 218 58 127
42 101 163 40
83 248 342 409
291 373 243 303
430 128 170 254
470 474 255 440
389 162 137 376 135
131 417 496 398 425
467 246 68 220 48
445 173 200 47 351
54 300 321 406 492
1 44 374 69 86
407 184 39 20 429
187 413 95 155 161
8 56 327 302 107
52 70 227 309 329
224 153 264 229 23
191 231 235 454 185
67 444 490 269 22
188 367 415 363 121
290 392 228 357 4
245 305 225 432 143
43 472 215 230 10
364 473 98 314 358
30 212 278 427 11
208 266 132 296 348
355 84 75 198 110
152 334 60 449 344
464 471 434 353 448
158 175 122 338 195
214 462 240 99 176
431 450 477 257 396
2 420 148 372 16
491 29 410 251 268
26 156 204 466 150
272 49 50 89 352
308 458 481 106 149
375 350 369 6 371
465 168 87 202 399
242 404 456 379
151 441 146 74
390 218 58 127
42 101 163 40
83 248 342 409
291 373 243 303
430 128 170 254
470 474 255 440
322 14 366 13
389 162 137 376 135
131 417 496 398 425
467 246 68 220 48
445 173 200 47 351
54 300 321 406 492
1 44 374 69 86
407 184 39 20 429
187 413 95 155 161
8 56 327 302 107
52 70 227 309 329
224 153 264 229 23
191 231 235 454 185
67 444 490 269 22
188 367 415 363 121
290 392 228 357 4
245 305 225 432 143
43 472 215 230 10
364 473 98 314 358
30 212 278 427 11
208 266 132 296 348
355 84 75 198 110
152 334 60 449 344
464 471 434 353 448
158 175 122 338 195
214 462 240 99 176
431 450 477 257 396
2 420 148 372 16
491 29 410 251 268
26 156 204 466 150
272 49 50 89 352
308 458 481 106 149
375 350 369 6 371
465 168 87 202 399
242 404 456 379
151 441 146 74
390 218 58 127
42 101 163 40
83 248 342 409
291 373 243 303
430 128 170 254
470 474 255 440
322 14 366 13
139 217 258
389 162 137 376 135
131 417 496 398 425
467 246 68 220 48
445 173 200 47 351
54 300 321 406 492
1 44 374 69 86
407 184 39 20 429
187 413 95 155 161
8 56 327 302 107
52 70 227 309 329
224 153 264 229 23
191 231 235 454 185
67 444 490 269 22
188 367 415 363 121
290 392 228 357 4
245 305 225 432 143
43 472 215 230 10
364 473 98 314 358
30 212 278 427 11
208 266 132 296 348
355 84 75 198 110
152 334 60 449 344
464 471 434 353 448
158 175 122 338 195
214 462 240 99 176
431 450 477 257 396
2 420 148 372 16
491 29 410 251 268
26 156 204 466 150
272 49 50 89 352
308 458 481 106 149
375 350 369 6 371
465 168 87 202 399
242 404 456 379
151 441 146 74
390 218 58 127
42 101 163 40
83 248 342 409
291 373 243 303
430 128 170 254
470 474 255 440
322 14 366 13
139 217 258
276 306 452
389 162 137 376 135
131 417 496 398 425
467 246 68 220 48
445 173 200 47 351
54 300 321 406 492
1 44 374 69 86
407 184 39 20 429
187 413 95 155 161
8 56 327 302 107
52 70 227 309 329
224 153 264 229 23
191 231 235 454 185
67 444 490 269 22
188 367 415 363 121
290 392 228 357 4
245 305 225 432 143
43 472 215 230 10
364 473 98 314 358
30 212 278 427 11
208 266 132 296 348
355 84 75 198 110
152 334 60 449 344
464 471 434 353 448
158 175 122 338 195
214 462 240 99 176
431 450 477 257 396
2 420 148 372 16
491 29 410 251 268
26 156 204 466 150
272 49 50 89 352
308 458 481 106 149
375 350 369 6 371
465 168 87 202 399
242 404 456 379
151 441 146 74
390 218 58 127
42 101 163 40
83 248 342 409
291 373 243 303
430 128 170 254
470 474 255 440
322 14 366 13
139 217 258
276 306 452
332 419 179
389 162 137 376 135
131 417 496 398 425
467 246 68 220 48
445 173 200 47 351
54 300 321 406 492
1 44 374 69 86
407 184 39 20 429
187 413 95 155 161
8 56 327 302 107
52 70 227 309 329
224 153 264 229 23
191 231 235 454 185
67 444 490 269 22
188 367 415 363 121
290 392 228 357 4
245 305 225 432 143
43 472 215 230 10
364 473 98 314 358
30 212 278 427 11
208 266 132 296 348
355 84 75 198 110
152 334 60 449 344
464 471 434 353 448
158 175 122 338 195
214 462 240 99 176
431 450 477 257 396
2 420 148 372 16
491 29 410 251 268
26 156 204 466 150
272 49 50 89 352
308 458 481 106 149
375 350 369 6 371
465 168 87 202 399
242 404 456 379
151 441 146 74
390 218 58 127
42 101 163 40
83 248 342 409
291 373 243 303
430 128 170 254
470 474 255 440
322 14 366 13
139 217 258
276 306 452
332 419 179
41 480 411
389 162 137 376 135
131 417 496 398 425
467 246 68 220 48
445 173 200 47 351
54 300 321 406 492
1 44 374 69 86
407 184 39 20 429
187 413 95 155 161
8 56 327 302 107
52 70 227 309 329
224 153 264 229 23
191 231 235 454 185
67 444 490 269 22
188 367 415 363 121
290 392 228 357 4
245 305 225 432 143
43 472 215 230 10
364 473 98 314 358
30 212 278 427 11
208 266 132 296 348
355 84 75 198 110
152 334 60 449 344
464 471 434 353 448
158 175 122 338 195
214 462 240 99 176
431 450 477 257 396
2 420 148 372 16
491 29 410 251 268
26 156 204 466 150
272 49 50 89 352
308 458 481 106 149
375 350 369 6 371
465 168 87 202 399
242 404 456 379
151 441 146 74
390 218 58 127
42 101 163 40
83 248 342 409
291 373 243 303
430 128 170 254
470 474 255 440
322 14 366 13
139 217 258
276 306 452
332 419 179
41 480 411
412 90 271
389 162 137 376 135
131 417 496 398 425
467 246 68 220 48
445 173 200 47 351
54 300 321 406 492
1 44 374 69 86
407 184 39 20 429
187 413 95 155 161
8 56 327 302 107
52 70 227 309 329
224 153 264 229 23
191 231 235 454 185
67 444 490 269 22
188 367 415 363 121
290 392 228 357 4
245 305 225 432 143
43 472 215 230 10
364 473 98 314 358
30 212 278 427 11
208 266 132 296 348
355 84 75 198 110
152 334 60 449 344
464 471 434 353 448
158 175 122 338 195
214 462 240 99 176
431 450 477 257 396
2 420 148 372 16
491 29 410 251 268
26 156 204 466 150
272 49 50 89 352
308 458 481 106 149
375 350 369 6 371
465 168 87 202 399
242 404 456 379
151 441 146 74
390 218 58 127
42 101 163 40
83 248 342 409
291 373 243 303
430 128 170 254
470 474 255 440
322 14 366 13
139 217 258
276 306 452
332 419 179
41 480 411
412 90 271
495 405 423
389 162 137 376 135
131 417 496 398 425
467 246 68 220 48
445 173 200 47 351
54 300 321 406 492
1 44 374 69 86
407 184 39 20 429
187 413 95 155 161
8 56 327 302 107
52 70 227 309 329
224 153 264 229 23
191 231 235 454 185
67 444 490 269 22
188 367 415 363 121
290 392 228 357 4
245 305 225 432 143
43 472 215 230 10
364 473 98 314 358
30 212 278 427 11
208 266 132 296 348
355 84 75 198 110
152 334 60 449 344
464 471 434 353 448
158 175 122 338 195
214 462 240 99 176
431 450 477 257 396
2 420 148 372 16
491 29 410 251 268
26 156 204 466 150
272 49 50 89 352
308 458 481 106 149
375 350 369 6 371
465 168 87 202 399
242 404 456 379
151 441 146 74
390 218 58 127
42 101 163 40
83 248 342 409
291 373 243 303
430 128 170 254
470 474 255 440
322 14 366 13
139 217 258
276 306 452
332 419 179
41 480 411
412 90 271
495 405 423
395 435 144
389 162 137 376 135
131 417 496 398 425
467 246 68 220 48
445 173 200 47 351
54 300 321 406 492
1 44 374 69 86
407 184 39 20 429
187 413 95 155 161
8 56 327 302 107
52 70 227 309 329
224 153 264 229 23
191 231 235 454 185
67 444 490 269 22
188 367 415 363 121
290 392 228 357 4
245 305 225 432 143
43 472 215 230 10
364 473 98 314 358
30 212 278 427 11
208 266 132 296 348
355 84 75 198 110
152 334 60 449 344
464 471 434 353 448
158 175 122 338 195
214 462 240 99 176
431 450 477 257 396
2 420 148 372 16
491 29 410 251 268
26 156 204 466 150
272 49 50 89 352
308 458 481 106 149
375 350 369 6 371
465 168 87 202 399
242 404 456 379
151 441 146 74
390 218 58 127
42 101 163 40
83 248 342 409
291 373 243 303
430 128 170 254
470 474 255 440
322 14 366 13
139 217 258
276 306 452
332 419 179
41 480 411
412 90 271
495 405 423
395 435 144
384 45
389 162 137 376 135
131 417 496 398 425
467 246 68 220 48
445 173 200 47 351
54 300 321 406 492
1 44 374 69 86
407 184 39 20 429
187 413 95 155 161
8 56 327 302 107
52 70 227 309 329
224 153 264 229 23
191 231 235 454 185
67 444 490 269 22
188 367 415 363 121
290 392 228 357 4
245 305 225 432 143
43 472 215 230 10
364 473 98 314 358
30 212 278 427 11
208 266 132 296 348
355 84 75 198 110
152 334 60 449 344
464 471 434 353 448
158 175 122 338 195
214 462 240 99 176
431 450 477 257 396
2 420 148 372 16
491 29 410 251 268
26 156 204 466 150
272 49 50 89 352
308 458 481 106 149
375 350 369 6 371
465 168 87 202 399
242 404 456 379
151 441 146 74
390 218 58 127
42 101 163 40
83 248 342 409
291 373 243 303
430 128 170 254
470 474 255 440
322 14 366 13
139 217 258
276 306 452
332 419 179
41 480 411
412 90 271
495 405 423
395 435 144
384 45
113 120
389 162 137 376 135
131 417 496 398 425
467 246 68 220 48
445 173 200 47 351
54 300 321 406 492
1 44 374 69 86
407 184 39 20 429
187 413 95 155 161
8 56 327 302 107
52 70 227 309 329
224 153 264 229 23
191 231 235 454 185
67 444 490 269 22
188 367 415 363 121
290 392 228 357 4
245 305 225 432 143
43 472 215 230 10
364 473 98 314 358
30 212 278 427 11
208 266 132 296 348
355 84 75 198 110
152 334 60 449 344
464 471 434 353 448
158 175 122 338 195
214 462 240 99 176
431 450 477 257 396
2 420 148 372 16
491 29 410 251 268
26 156 204 466 150
272 49 50 89 352
308 458 481 106 149
375 350 369 6 371
465 168 87 202 399
242 404 456 379
151 441 146 74
390 218 58 127
42 101 163 40
83 248 342 409
291 373 243 303
430 128 170 254
470 474 255 440
322 14 366 13
139 217 258
276 306 452
332 419 179
41 480 411
412 90 271
495 405 423
395 435 144
384 45
113 120
468 438
389 162 137 376 135
131 417 496 398 425
467 246 68 220 48
445 173 200 47 351
54 300 321 406 492
1 44 374 69 86
407 184 39 20 429
187 413 95 155 161
8 56 327 302 107
52 70 227 309 329
224 153 264 229 23
191 231 235 454 185
67 444 490 269 22
188 367 415 363 121
290 392 228 357 4
245 305 225 432 143
43 472 215 230 10
364 473 98 314 358
30 212 278 427 11
208 266 132 296 348
355 84 75 198 110
152 334 60 449 344
464 471 434 353 448
158 175 122 338 195
214 462 240 99 176
431 450 477 257 396
2 420 148 372 16
491 29 410 251 268
26 156 204 466 150
272 49 50 89 352
308 458 481 106 149
375 350 369 6 371
465 168 87 202 399
242 404 456 379
151 441 146 74
390 218 58 127
42 101 163 40
83 248 342 409
291 373 243 303
430 128 170 254
470 474 255 440
322 14 366 13
139 217 258
276 306 452
332 419 179
41 480 411
412 90 271
495 405 423
395 435 144
384 45
113 120
468 438
469 336
389 162 137 376 135
131 417 496 398 425
467 246 68 220 48
445 173 200 47 351
54 300 321 406 492
1 44 374 69 86
407 184 39 20 429
187 413 95 155 161
8 56 327 302 107
52 70 227 309 329
224 153 264 229 23
191 231 235 454 185
67 444 490 269 22
188 367 415 363 121
290 392 228 357 4
245 305 225 432 143
43 472 215 230 10
364 473 98 314 358
30 212 278 427 11
208 266 132 296 348
355 84 75 198 110
152 334 60 449 344
464 471 434 353 448
158 175 122 338 195
214 462 240 99 176
431 450 477 257 396
2 420 148 372 16
491 29 410 251 268
26 156 204 466 150
272 49 50 89 352
308 458 481 106 149
375 350 369 6 371
465 168 87 202 399
242 404 456 379
151 441 146 74
390 218 58 127
42 101 163 40
83 248 342 409
291 373 243 303
430 128 170 254
470 474 255 440
322 14 366 13
139 217 258
276 306 452
332 419 179
41 480 411
412 90 271
495 405 423
395 435 144
384 45
113 120
468 438
469 336
190 447
389 162 137 376 135
131 417 496 398 425
467 246 68 220 48
445 173 200 47 351
54 300 321 406 492
1 44 374 69 86
407 184 39 20 429
187 413 95 155 161
8 56 327 302 107
52 70 227 309 329
224 153 264 229 23
191 231 235 454 185
67 444 490 269 22
188 367 415 363 121
290 392 228 357 4
245 305 225 432 143
43 472 215 230 10
364 473 98 314 358
30 212 278 427 11
208 266 132 296 348
355 84 75 198 110
152 334 60 449 344
464 471 434 353 448
158 175 122 338 195
214 462 240 99 176
431 450 477 257 396
2 420 148 372 16
491 29 410 251 268
26 156 204 466 150
272 49 50 89 352
308 458 481 106 149
375 350 369 6 371
465 168 87 202 399
242 404 456 379
151 441 146 74
390 218 58 127
42 101 163 40
83 248 342 409
291 373 243 303
430 128 170 254
470 474 255 440
322 14 366 13
139 217 258
276 306 452
332 419 179
41 480 411
412 90 271
495 405 423
395 435 144
384 45
113 120
468 438
469 336
190 447
157 323
389 162 137 376 135
131 417 496 398 425
467 246 68 220 48
445 173 200 47 351
54 300 321 406 492
1 44 374 69 86
407 184 39 20 429
187 413 95 155 161
8 56 327 302 107
52 70 227 309 329
224 153 264 229 23
191 231 235 454 185
67 444 490 269 22
188 367 415 363 121
290 392 228 357 4
245 305 225 432 143
43 472 215 230 10
364 473 98 314 358
30 212 278 427 11
208 266 132 296 348
355 84 75 198 110
152 334 60 449 344
464 471 434 353 448
158 175 122 338 195
214 462 240 99 176
431 450 477 257 396
2 420 148 372 16
491 29 410 251 268
26 156 204 466 150
272 49 50 89 352
308 458 481 106 149
375 350 369 6 371
465 168 87 202 399
242 404 456 379
151 441 146 74
390 218 58 127
42 101 163 40
83 248 342 409
291 373 243 303
430 128 170 254
470 474 255 440
322 14 366 13
139 217 258
276 306 452
332 419 179
41 480 411
412 90 271
495 405 423
395 435 144
384 45
113 120
468 438
469 336
190 447
157 323
5 73
