490 491 492
490 491 492
175 176 177
490 491 492
175 176 177
133 134 135
490 491 492
175 176 177
133 134 135
140 141 142
490 491 492
175 176 177
133 134 135
140 141 142
147 148 149
490 491 492
175 176 177
133 134 135
140 141 142
147 148 149
154 155 156
490 491 492
175 176 177
133 134 135
140 141 142
147 148 149
154 155 156
161 162 163
490 491 492
175 176 177
133 134 135
140 141 142
147 148 149
154 155 156
161 162 163
168 169 170
490 491 492
175 176 177
133 134 135
140 141 142
147 148 149
154 155 156
161 162 163
168 169 170
182 183 184
490 491 492
175 176 177
133 134 135
140 141 142
147 148 149
154 155 156
161 162 163
168 169 170
182 183 184
119 120 121
490 491 492
175 176 177
133 134 135
140 141 142
147 148 149
154 155 156
161 162 163
168 169 170
182 183 184
119 120 121
189 190 191
490 491 492
175 176 177
133 134 135
140 141 142
147 148 149
154 155 156
161 162 163
168 169 170
182 183 184
119 120 121
189 190 191
196 197 198
490 491 492
175 176 177
133 134 135
140 141 142
147 148 149
154 155 156
161 162 163
168 169 170
182 183 184
119 120 121
189 190 191
196 197 198
203 204 205
490 491 492
175 176 177
133 134 135
140 141 142
147 148 149
154 155 156
161 162 163
168 169 170
182 183 184
119 120 121
189 190 191
196 197 198
203 204 205
210 211 212
490 491 492
175 176 177
133 134 135
140 141 142
147 148 149
154 155 156
161 162 163
168 169 170
182 183 184
119 120 121
189 190 191
196 197 198
203 204 205
210 211 212
217 218 219
490 491 492
175 176 177
133 134 135
140 141 142
147 148 149
154 155 156
161 162 163
168 169 170
182 183 184
119 120 121
189 190 191
196 197 198
203 204 205
210 211 212
217 218 219
224 225 226
490 491 492
175 176 177
133 134 135
140 141 142
147 148 149
154 155 156
161 162 163
168 169 170
182 183 184
119 120 121
189 190 191
196 197 198
203 204 205
210 211 212
217 218 219
224 225 226
126 127 128
490 491 492
175 176 177
133 134 135
140 141 142
147 148 149
154 155 156
161 162 163
168 169 170
182 183 184
119 120 121
189 190 191
196 197 198
203 204 205
210 211 212
217 218 219
224 225 226
126 127 128
112 113 114
490 491 492
175 176 177
133 134 135
140 141 142
147 148 149
154 155 156
161 162 163
168 169 170
182 183 184
119 120 121
189 190 191
196 197 198
203 204 205
210 211 212
217 218 219
224 225 226
126 127 128
112 113 114
238 239 240
490 491 492
175 176 177
133 134 135
140 141 142
147 148 149
154 155 156
161 162 163
168 169 170
182 183 184
119 120 121
189 190 191
196 197 198
203 204 205
210 211 212
217 218 219
224 225 226
126 127 128
112 113 114
238 239 240
49 50 51
490 491 492
175 176 177
133 134 135
140 141 142
147 148 149
154 155 156
161 162 163
168 169 170
182 183 184
119 120 121
189 190 191
196 197 198
203 204 205
210 211 212
217 218 219
224 225 226
126 127 128
112 113 114
238 239 240
49 50 51
7 8 9
490 491 492
175 176 177
133 134 135
140 141 142
147 148 149
154 155 156
161 162 163
168 169 170
182 183 184
119 120 121
189 190 191
196 197 198
203 204 205
210 211 212
217 218 219
224 225 226
126 127 128
112 113 114
238 239 240
49 50 51
7 8 9
14 15 16
490 491 492
175 176 177
133 134 135
140 141 142
147 148 149
154 155 156
161 162 163
168 169 170
182 183 184
119 120 121
189 190 191
196 197 198
203 204 205
210 211 212
217 218 219
224 225 226
126 127 128
112 113 114
238 239 240
49 50 51
7 8 9
14 15 16
21 22 23
490 491 492
175 176 177
133 134 135
140 141 142
147 148 149
154 155 156
161 162 163
168 169 170
182 183 184
119 120 121
189 190 191
196 197 198
203 204 205
210 211 212
217 218 219
224 225 226
126 127 128
112 113 114
238 239 240
49 50 51
7 8 9
14 15 16
21 22 23
28 29 30
490 491 492
175 176 177
133 134 135
140 141 142
147 148 149
154 155 156
161 162 163
168 169 170
182 183 184
119 120 121
189 190 191
196 197 198
203 204 205
210 211 212
217 218 219
224 225 226
126 127 128
112 113 114
238 239 240
49 50 51
7 8 9
14 15 16
21 22 23
28 29 30
35 36 37
490 491 492
175 176 177
133 134 135
140 141 142
147 148 149
154 155 156
161 162 163
168 169 170
182 183 184
119 120 121
189 190 191
196 197 198
203 204 205
210 211 212
217 218 219
224 225 226
126 127 128
112 113 114
238 239 240
49 50 51
7 8 9
14 15 16
21 22 23
28 29 30
35 36 37
42 43 44
490 491 492
175 176 177
133 134 135
140 141 142
147 148 149
154 155 156
161 162 163
168 169 170
182 183 184
119 120 121
189 190 191
196 197 198
203 204 205
210 211 212
217 218 219
224 225 226
126 127 128
112 113 114
238 239 240
49 50 51
7 8 9
14 15 16
21 22 23
28 29 30
35 36 37
42 43 44
56 57 58
490 491 492
175 176 177
133 134 135
140 141 142
147 148 149
154 155 156
161 162 163
168 169 170
182 183 184
119 120 121
189 190 191
196 197 198
203 204 205
210 211 212
217 218 219
224 225 226
126 127 128
112 113 114
238 239 240
49 50 51
7 8 9
14 15 16
21 22 23
28 29 30
35 36 37
42 43 44
56 57 58
105 106 107
490 491 492
175 176 177
133 134 135
140 141 142
147 148 149
154 155 156
161 162 163
168 169 170
182 183 184
119 120 121
189 190 191
196 197 198
203 204 205
210 211 212
217 218 219
224 225 226
126 127 128
112 113 114
238 239 240
49 50 51
7 8 9
14 15 16
21 22 23
28 29 30
35 36 37
42 43 44
56 57 58
105 106 107
63 64 65
490 491 492
175 176 177
133 134 135
140 141 142
147 148 149
154 155 156
161 162 163
168 169 170
182 183 184
119 120 121
189 190 191
196 197 198
203 204 205
210 211 212
217 218 219
224 225 226
126 127 128
112 113 114
238 239 240
49 50 51
7 8 9
14 15 16
21 22 23
28 29 30
35 36 37
42 43 44
56 57 58
105 106 107
63 64 65
70 71 72
490 491 492
175 176 177
133 134 135
140 141 142
147 148 149
154 155 156
161 162 163
168 169 170
182 183 184
119 120 121
189 190 191
196 197 198
203 204 205
210 211 212
217 218 219
224 225 226
126 127 128
112 113 114
238 239 240
49 50 51
7 8 9
14 15 16
21 22 23
28 29 30
35 36 37
42 43 44
56 57 58
105 106 107
63 64 65
70 71 72
77 78 79
490 491 492
175 176 177
133 134 135
140 141 142
147 148 149
154 155 156
161 162 163
168 169 170
182 183 184
119 120 121
189 190 191
196 197 198
203 204 205
210 211 212
217 218 219
224 225 226
126 127 128
112 113 114
238 239 240
49 50 51
7 8 9
14 15 16
21 22 23
28 29 30
35 36 37
42 43 44
56 57 58
105 106 107
63 64 65
70 71 72
77 78 79
84 85 86
490 491 492
175 176 177
133 134 135
140 141 142
147 148 149
154 155 156
161 162 163
168 169 170
182 183 184
119 120 121
189 190 191
196 197 198
203 204 205
210 211 212
217 218 219
224 225 226
126 127 128
112 113 114
238 239 240
49 50 51
7 8 9
14 15 16
21 22 23
28 29 30
35 36 37
42 43 44
56 57 58
105 106 107
63 64 65
70 71 72
77 78 79
84 85 86
91 92 93
490 491 492
175 176 177
133 134 135
140 141 142
147 148 149
154 155 156
161 162 163
168 169 170
182 183 184
119 120 121
189 190 191
196 197 198
203 204 205
210 211 212
217 218 219
224 225 226
126 127 128
112 113 114
238 239 240
49 50 51
7 8 9
14 15 16
21 22 23
28 29 30
35 36 37
42 43 44
56 57 58
105 106 107
63 64 65
70 71 72
77 78 79
84 85 86
91 92 93
98 99 100
490 491 492
175 176 177
133 134 135
140 141 142
147 148 149
154 155 156
161 162 163
168 169 170
182 183 184
119 120 121
189 190 191
196 197 198
203 204 205
210 211 212
217 218 219
224 225 226
126 127 128
112 113 114
238 239 240
49 50 51
7 8 9
14 15 16
21 22 23
28 29 30
35 36 37
42 43 44
56 57 58
105 106 107
63 64 65
70 71 72
77 78 79
84 85 86
91 92 93
98 99 100
231 232 233
490 491 492
175 176 177
133 134 135
140 141 142
147 148 149
154 155 156
161 162 163
168 169 170
182 183 184
119 120 121
189 190 191
196 197 198
203 204 205
210 211 212
217 218 219
224 225 226
126 127 128
112 113 114
238 239 240
49 50 51
7 8 9
14 15 16
21 22 23
28 29 30
35 36 37
42 43 44
56 57 58
105 106 107
63 64 65
70 71 72
77 78 79
84 85 86
91 92 93
98 99 100
231 232 233
245 246 247
490 491 492
175 176 177
133 134 135
140 141 142
147 148 149
154 155 156
161 162 163
168 169 170
182 183 184
119 120 121
189 190 191
196 197 198
203 204 205
210 211 212
217 218 219
224 225 226
126 127 128
112 113 114
238 239 240
49 50 51
7 8 9
14 15 16
21 22 23
28 29 30
35 36 37
42 43 44
56 57 58
105 106 107
63 64 65
70 71 72
77 78 79
84 85 86
91 92 93
98 99 100
231 232 233
245 246 247
483 484 485
490 491 492
175 176 177
133 134 135
140 141 142
147 148 149
154 155 156
161 162 163
168 169 170
182 183 184
119 120 121
189 190 191
196 197 198
203 204 205
210 211 212
217 218 219
224 225 226
126 127 128
112 113 114
238 239 240
49 50 51
7 8 9
14 15 16
21 22 23
28 29 30
35 36 37
42 43 44
56 57 58
105 106 107
63 64 65
70 71 72
77 78 79
84 85 86
91 92 93
98 99 100
231 232 233
245 246 247
483 484 485
427 428 429
490 491 492
175 176 177
133 134 135
140 141 142
147 148 149
154 155 156
161 162 163
168 169 170
182 183 184
119 120 121
189 190 191
196 197 198
203 204 205
210 211 212
217 218 219
224 225 226
126 127 128
112 113 114
238 239 240
49 50 51
7 8 9
14 15 16
21 22 23
28 29 30
35 36 37
42 43 44
56 57 58
105 106 107
63 64 65
70 71 72
77 78 79
84 85 86
91 92 93
98 99 100
231 232 233
245 246 247
483 484 485
427 428 429
385 386 387
490 491 492
175 176 177
133 134 135
140 141 142
147 148 149
154 155 156
161 162 163
168 169 170
182 183 184
119 120 121
189 190 191
196 197 198
203 204 205
210 211 212
217 218 219
224 225 226
126 127 128
112 113 114
238 239 240
49 50 51
7 8 9
14 15 16
21 22 23
28 29 30
35 36 37
42 43 44
56 57 58
105 106 107
63 64 65
70 71 72
77 78 79
84 85 86
91 92 93
98 99 100
231 232 233
245 246 247
483 484 485
427 428 429
385 386 387
392 393 394
490 491 492
175 176 177
133 134 135
140 141 142
147 148 149
154 155 156
161 162 163
168 169 170
182 183 184
119 120 121
189 190 191
196 197 198
203 204 205
210 211 212
217 218 219
224 225 226
126 127 128
112 113 114
238 239 240
49 50 51
7 8 9
14 15 16
21 22 23
28 29 30
35 36 37
42 43 44
56 57 58
105 106 107
63 64 65
70 71 72
77 78 79
84 85 86
91 92 93
98 99 100
231 232 233
245 246 247
483 484 485
427 428 429
385 386 387
392 393 394
399 400 401
490 491 492
175 176 177
133 134 135
140 141 142
147 148 149
154 155 156
161 162 163
168 169 170
182 183 184
119 120 121
189 190 191
196 197 198
203 204 205
210 211 212
217 218 219
224 225 226
126 127 128
112 113 114
238 239 240
49 50 51
7 8 9
14 15 16
21 22 23
28 29 30
35 36 37
42 43 44
56 57 58
105 106 107
63 64 65
70 71 72
77 78 79
84 85 86
91 92 93
98 99 100
231 232 233
245 246 247
483 484 485
427 428 429
385 386 387
392 393 394
399 400 401
406 407 408
490 491 492
175 176 177
133 134 135
140 141 142
147 148 149
154 155 156
161 162 163
168 169 170
182 183 184
119 120 121
189 190 191
196 197 198
203 204 205
210 211 212
217 218 219
224 225 226
126 127 128
112 113 114
238 239 240
49 50 51
7 8 9
14 15 16
21 22 23
28 29 30
35 36 37
42 43 44
56 57 58
105 106 107
63 64 65
70 71 72
77 78 79
84 85 86
91 92 93
98 99 100
231 232 233
245 246 247
483 484 485
427 428 429
385 386 387
392 393 394
399 400 401
406 407 408
413 414 415
490 491 492
175 176 177
133 134 135
140 141 142
147 148 149
154 155 156
161 162 163
168 169 170
182 183 184
119 120 121
189 190 191
196 197 198
203 204 205
210 211 212
217 218 219
224 225 226
126 127 128
112 113 114
238 239 240
49 50 51
7 8 9
14 15 16
21 22 23
28 29 30
35 36 37
42 43 44
56 57 58
105 106 107
63 64 65
70 71 72
77 78 79
84 85 86
91 92 93
98 99 100
231 232 233
245 246 247
483 484 485
427 428 429
385 386 387
392 393 394
399 400 401
406 407 408
413 414 415
420 421 422
490 491 492
175 176 177
133 134 135
140 141 142
147 148 149
154 155 156
161 162 163
168 169 170
182 183 184
119 120 121
189 190 191
196 197 198
203 204 205
210 211 212
217 218 219
224 225 226
126 127 128
112 113 114
238 239 240
49 50 51
7 8 9
14 15 16
21 22 23
28 29 30
35 36 37
42 43 44
56 57 58
105 106 107
63 64 65
70 71 72
77 78 79
84 85 86
91 92 93
98 99 100
231 232 233
245 246 247
483 484 485
427 428 429
385 386 387
392 393 394
399 400 401
406 407 408
413 414 415
420 421 422
434 435 436
490 491 492
175 176 177
133 134 135
140 141 142
147 148 149
154 155 156
161 162 163
168 169 170
182 183 184
119 120 121
189 190 191
196 197 198
203 204 205
210 211 212
217 218 219
224 225 226
126 127 128
112 113 114
238 239 240
49 50 51
7 8 9
14 15 16
21 22 23
28 29 30
35 36 37
42 43 44
56 57 58
105 106 107
63 64 65
70 71 72
77 78 79
84 85 86
91 92 93
98 99 100
231 232 233
245 246 247
483 484 485
427 428 429
385 386 387
392 393 394
399 400 401
406 407 408
413 414 415
420 421 422
434 435 436
371 372 373
490 491 492
175 176 177
133 134 135
140 141 142
147 148 149
154 155 156
161 162 163
168 169 170
182 183 184
119 120 121
189 190 191
196 197 198
203 204 205
210 211 212
217 218 219
224 225 226
126 127 128
112 113 114
238 239 240
49 50 51
7 8 9
14 15 16
21 22 23
28 29 30
35 36 37
42 43 44
56 57 58
105 106 107
63 64 65
70 71 72
77 78 79
84 85 86
91 92 93
98 99 100
231 232 233
245 246 247
483 484 485
427 428 429
385 386 387
392 393 394
399 400 401
406 407 408
413 414 415
420 421 422
434 435 436
371 372 373
441 442 443
490 491 492
175 176 177
133 134 135
140 141 142
147 148 149
154 155 156
161 162 163
168 169 170
182 183 184
119 120 121
189 190 191
196 197 198
203 204 205
210 211 212
217 218 219
224 225 226
126 127 128
112 113 114
238 239 240
49 50 51
7 8 9
14 15 16
21 22 23
28 29 30
35 36 37
42 43 44
56 57 58
105 106 107
63 64 65
70 71 72
77 78 79
84 85 86
91 92 93
98 99 100
231 232 233
245 246 247
483 484 485
427 428 429
385 386 387
392 393 394
399 400 401
406 407 408
413 414 415
420 421 422
434 435 436
371 372 373
441 442 443
448 449 450
490 491 492
175 176 177
133 134 135
140 141 142
147 148 149
154 155 156
161 162 163
168 169 170
182 183 184
119 120 121
189 190 191
196 197 198
203 204 205
210 211 212
217 218 219
224 225 226
126 127 128
112 113 114
238 239 240
49 50 51
7 8 9
14 15 16
21 22 23
28 29 30
35 36 37
42 43 44
56 57 58
105 106 107
63 64 65
70 71 72
77 78 79
84 85 86
91 92 93
98 99 100
231 232 233
245 246 247
483 484 485
427 428 429
385 386 387
392 393 394
399 400 401
406 407 408
413 414 415
420 421 422
434 435 436
371 372 373
441 442 443
448 449 450
455 456 457
490 491 492
175 176 177
133 134 135
140 141 142
147 148 149
154 155 156
161 162 163
168 169 170
182 183 184
119 120 121
189 190 191
196 197 198
203 204 205
210 211 212
217 218 219
224 225 226
126 127 128
112 113 114
238 239 240
49 50 51
7 8 9
14 15 16
21 22 23
28 29 30
35 36 37
42 43 44
56 57 58
105 106 107
63 64 65
70 71 72
77 78 79
84 85 86
91 92 93
98 99 100
231 232 233
245 246 247
483 484 485
427 428 429
385 386 387
392 393 394
399 400 401
406 407 408
413 414 415
420 421 422
434 435 436
371 372 373
441 442 443
448 449 450
455 456 457
462 463 464
490 491 492
175 176 177
133 134 135
140 141 142
147 148 149
154 155 156
161 162 163
168 169 170
182 183 184
119 120 121
189 190 191
196 197 198
203 204 205
210 211 212
217 218 219
224 225 226
126 127 128
112 113 114
238 239 240
49 50 51
7 8 9
14 15 16
21 22 23
28 29 30
35 36 37
42 43 44
56 57 58
105 106 107
63 64 65
70 71 72
77 78 79
84 85 86
91 92 93
98 99 100
231 232 233
245 246 247
483 484 485
427 428 429
385 386 387
392 393 394
399 400 401
406 407 408
413 414 415
420 421 422
434 435 436
371 372 373
441 442 443
448 449 450
455 456 457
462 463 464
469 470 471
490 491 492
175 176 177
133 134 135
140 141 142
147 148 149
154 155 156
161 162 163
168 169 170
182 183 184
119 120 121
189 190 191
196 197 198
203 204 205
210 211 212
217 218 219
224 225 226
126 127 128
112 113 114
238 239 240
49 50 51
7 8 9
14 15 16
21 22 23
28 29 30
35 36 37
42 43 44
56 57 58
105 106 107
63 64 65
70 71 72
77 78 79
84 85 86
91 92 93
98 99 100
231 232 233
245 246 247
483 484 485
427 428 429
385 386 387
392 393 394
399 400 401
406 407 408
413 414 415
420 421 422
434 435 436
371 372 373
441 442 443
448 449 450
455 456 457
462 463 464
469 470 471
476 477 478
490 491 492
175 176 177
133 134 135
140 141 142
147 148 149
154 155 156
161 162 163
168 169 170
182 183 184
119 120 121
189 190 191
196 197 198
203 204 205
210 211 212
217 218 219
224 225 226
126 127 128
112 113 114
238 239 240
49 50 51
7 8 9
14 15 16
21 22 23
28 29 30
35 36 37
42 43 44
56 57 58
105 106 107
63 64 65
70 71 72
77 78 79
84 85 86
91 92 93
98 99 100
231 232 233
245 246 247
483 484 485
427 428 429
385 386 387
392 393 394
399 400 401
406 407 408
413 414 415
420 421 422
434 435 436
371 372 373
441 442 443
448 449 450
455 456 457
462 463 464
469 470 471
476 477 478
378 379 380
490 491 492
175 176 177
133 134 135
140 141 142
147 148 149
154 155 156
161 162 163
168 169 170
182 183 184
119 120 121
189 190 191
196 197 198
203 204 205
210 211 212
217 218 219
224 225 226
126 127 128
112 113 114
238 239 240
49 50 51
7 8 9
14 15 16
21 22 23
28 29 30
35 36 37
42 43 44
56 57 58
105 106 107
63 64 65
70 71 72
77 78 79
84 85 86
91 92 93
98 99 100
231 232 233
245 246 247
483 484 485
427 428 429
385 386 387
392 393 394
399 400 401
406 407 408
413 414 415
420 421 422
434 435 436
371 372 373
441 442 443
448 449 450
455 456 457
462 463 464
469 470 471
476 477 478
378 379 380
364 365 366
490 491 492
175 176 177
133 134 135
140 141 142
147 148 149
154 155 156
161 162 163
168 169 170
182 183 184
119 120 121
189 190 191
196 197 198
203 204 205
210 211 212
217 218 219
224 225 226
126 127 128
112 113 114
238 239 240
49 50 51
7 8 9
14 15 16
21 22 23
28 29 30
35 36 37
42 43 44
56 57 58
105 106 107
63 64 65
70 71 72
77 78 79
84 85 86
91 92 93
98 99 100
231 232 233
245 246 247
483 484 485
427 428 429
385 386 387
392 393 394
399 400 401
406 407 408
413 414 415
420 421 422
434 435 436
371 372 373
441 442 443
448 449 450
455 456 457
462 463 464
469 470 471
476 477 478
378 379 380
364 365 366
252 253 254
490 491 492
175 176 177
133 134 135
140 141 142
147 148 149
154 155 156
161 162 163
168 169 170
182 183 184
119 120 121
189 190 191
196 197 198
203 204 205
210 211 212
217 218 219
224 225 226
126 127 128
112 113 114
238 239 240
49 50 51
7 8 9
14 15 16
21 22 23
28 29 30
35 36 37
42 43 44
56 57 58
105 106 107
63 64 65
70 71 72
77 78 79
84 85 86
91 92 93
98 99 100
231 232 233
245 246 247
483 484 485
427 428 429
385 386 387
392 393 394
399 400 401
406 407 408
413 414 415
420 421 422
434 435 436
371 372 373
441 442 443
448 449 450
455 456 457
462 463 464
469 470 471
476 477 478
378 379 380
364 365 366
252 253 254
301 302 303
490 491 492
175 176 177
133 134 135
140 141 142
147 148 149
154 155 156
161 162 163
168 169 170
182 183 184
119 120 121
189 190 191
196 197 198
203 204 205
210 211 212
217 218 219
224 225 226
126 127 128
112 113 114
238 239 240
49 50 51
7 8 9
14 15 16
21 22 23
28 29 30
35 36 37
42 43 44
56 57 58
105 106 107
63 64 65
70 71 72
77 78 79
84 85 86
91 92 93
98 99 100
231 232 233
245 246 247
483 484 485
427 428 429
385 386 387
392 393 394
399 400 401
406 407 408
413 414 415
420 421 422
434 435 436
371 372 373
441 442 443
448 449 450
455 456 457
462 463 464
469 470 471
476 477 478
378 379 380
364 365 366
252 253 254
301 302 303
259 260 261
490 491 492
175 176 177
133 134 135
140 141 142
147 148 149
154 155 156
161 162 163
168 169 170
182 183 184
119 120 121
189 190 191
196 197 198
203 204 205
210 211 212
217 218 219
224 225 226
126 127 128
112 113 114
238 239 240
49 50 51
7 8 9
14 15 16
21 22 23
28 29 30
35 36 37
42 43 44
56 57 58
105 106 107
63 64 65
70 71 72
77 78 79
84 85 86
91 92 93
98 99 100
231 232 233
245 246 247
483 484 485
427 428 429
385 386 387
392 393 394
399 400 401
406 407 408
413 414 415
420 421 422
434 435 436
371 372 373
441 442 443
448 449 450
455 456 457
462 463 464
469 470 471
476 477 478
378 379 380
364 365 366
252 253 254
301 302 303
259 260 261
266 267 268
490 491 492
175 176 177
133 134 135
140 141 142
147 148 149
154 155 156
161 162 163
168 169 170
182 183 184
119 120 121
189 190 191
196 197 198
203 204 205
210 211 212
217 218 219
224 225 226
126 127 128
112 113 114
238 239 240
49 50 51
7 8 9
14 15 16
21 22 23
28 29 30
35 36 37
42 43 44
56 57 58
105 106 107
63 64 65
70 71 72
77 78 79
84 85 86
91 92 93
98 99 100
231 232 233
245 246 247
483 484 485
427 428 429
385 386 387
392 393 394
399 400 401
406 407 408
413 414 415
420 421 422
434 435 436
371 372 373
441 442 443
448 449 450
455 456 457
462 463 464
469 470 471
476 477 478
378 379 380
364 365 366
252 253 254
301 302 303
259 260 261
266 267 268
273 274 275
490 491 492
175 176 177
133 134 135
140 141 142
147 148 149
154 155 156
161 162 163
168 169 170
182 183 184
119 120 121
189 190 191
196 197 198
203 204 205
210 211 212
217 218 219
224 225 226
126 127 128
112 113 114
238 239 240
49 50 51
7 8 9
14 15 16
21 22 23
28 29 30
35 36 37
42 43 44
56 57 58
105 106 107
63 64 65
70 71 72
77 78 79
84 85 86
91 92 93
98 99 100
231 232 233
245 246 247
483 484 485
427 428 429
385 386 387
392 393 394
399 400 401
406 407 408
413 414 415
420 421 422
434 435 436
371 372 373
441 442 443
448 449 450
455 456 457
462 463 464
469 470 471
476 477 478
378 379 380
364 365 366
252 253 254
301 302 303
259 260 261
266 267 268
273 274 275
280 281 282
490 491 492
175 176 177
133 134 135
140 141 142
147 148 149
154 155 156
161 162 163
168 169 170
182 183 184
119 120 121
189 190 191
196 197 198
203 204 205
210 211 212
217 218 219
224 225 226
126 127 128
112 113 114
238 239 240
49 50 51
7 8 9
14 15 16
21 22 23
28 29 30
35 36 37
42 43 44
56 57 58
105 106 107
63 64 65
70 71 72
77 78 79
84 85 86
91 92 93
98 99 100
231 232 233
245 246 247
483 484 485
427 428 429
385 386 387
392 393 394
399 400 401
406 407 408
413 414 415
420 421 422
434 435 436
371 372 373
441 442 443
448 449 450
455 456 457
462 463 464
469 470 471
476 477 478
378 379 380
364 365 366
252 253 254
301 302 303
259 260 261
266 267 268
273 274 275
280 281 282
287 288 289
490 491 492
175 176 177
133 134 135
140 141 142
147 148 149
154 155 156
161 162 163
168 169 170
182 183 184
119 120 121
189 190 191
196 197 198
203 204 205
210 211 212
217 218 219
224 225 226
126 127 128
112 113 114
238 239 240
49 50 51
7 8 9
14 15 16
21 22 23
28 29 30
35 36 37
42 43 44
56 57 58
105 106 107
63 64 65
70 71 72
77 78 79
84 85 86
91 92 93
98 99 100
231 232 233
245 246 247
483 484 485
427 428 429
385 386 387
392 393 394
399 400 401
406 407 408
413 414 415
420 421 422
434 435 436
371 372 373
441 442 443
448 449 450
455 456 457
462 463 464
469 470 471
476 477 478
378 379 380
364 365 366
252 253 254
301 302 303
259 260 261
266 267 268
273 274 275
280 281 282
287 288 289
294 295 296
490 491 492
175 176 177
133 134 135
140 141 142
147 148 149
154 155 156
161 162 163
168 169 170
182 183 184
119 120 121
189 190 191
196 197 198
203 204 205
210 211 212
217 218 219
224 225 226
126 127 128
112 113 114
238 239 240
49 50 51
7 8 9
14 15 16
21 22 23
28 29 30
35 36 37
42 43 44
56 57 58
105 106 107
63 64 65
70 71 72
77 78 79
84 85 86
91 92 93
98 99 100
231 232 233
245 246 247
483 484 485
427 428 429
385 386 387
392 393 394
399 400 401
406 407 408
413 414 415
420 421 422
434 435 436
371 372 373
441 442 443
448 449 450
455 456 457
462 463 464
469 470 471
476 477 478
378 379 380
364 365 366
252 253 254
301 302 303
259 260 261
266 267 268
273 274 275
280 281 282
287 288 289
294 295 296
308 309 310
490 491 492
175 176 177
133 134 135
140 141 142
147 148 149
154 155 156
161 162 163
168 169 170
182 183 184
119 120 121
189 190 191
196 197 198
203 204 205
210 211 212
217 218 219
224 225 226
126 127 128
112 113 114
238 239 240
49 50 51
7 8 9
14 15 16
21 22 23
28 29 30
35 36 37
42 43 44
56 57 58
105 106 107
63 64 65
70 71 72
77 78 79
84 85 86
91 92 93
98 99 100
231 232 233
245 246 247
483 484 485
427 428 429
385 386 387
392 393 394
399 400 401
406 407 408
413 414 415
420 421 422
434 435 436
371 372 373
441 442 443
448 449 450
455 456 457
462 463 464
469 470 471
476 477 478
378 379 380
364 365 366
252 253 254
301 302 303
259 260 261
266 267 268
273 274 275
280 281 282
287 288 289
294 295 296
308 309 310
357 358 359
490 491 492
175 176 177
133 134 135
140 141 142
147 148 149
154 155 156
161 162 163
168 169 170
182 183 184
119 120 121
189 190 191
196 197 198
203 204 205
210 211 212
217 218 219
224 225 226
126 127 128
112 113 114
238 239 240
49 50 51
7 8 9
14 15 16
21 22 23
28 29 30
35 36 37
42 43 44
56 57 58
105 106 107
63 64 65
70 71 72
77 78 79
84 85 86
91 92 93
98 99 100
231 232 233
245 246 247
483 484 485
427 428 429
385 386 387
392 393 394
399 400 401
406 407 408
413 414 415
420 421 422
434 435 436
371 372 373
441 442 443
448 449 450
455 456 457
462 463 464
469 470 471
476 477 478
378 379 380
364 365 366
252 253 254
301 302 303
259 260 261
266 267 268
273 274 275
280 281 282
287 288 289
294 295 296
308 309 310
357 358 359
315 316 317
490 491 492
175 176 177
133 134 135
140 141 142
147 148 149
154 155 156
161 162 163
168 169 170
182 183 184
119 120 121
189 190 191
196 197 198
203 204 205
210 211 212
217 218 219
224 225 226
126 127 128
112 113 114
238 239 240
49 50 51
7 8 9
14 15 16
21 22 23
28 29 30
35 36 37
42 43 44
56 57 58
105 106 107
63 64 65
70 71 72
77 78 79
84 85 86
91 92 93
98 99 100
231 232 233
245 246 247
483 484 485
427 428 429
385 386 387
392 393 394
399 400 401
406 407 408
413 414 415
420 421 422
434 435 436
371 372 373
441 442 443
448 449 450
455 456 457
462 463 464
469 470 471
476 477 478
378 379 380
364 365 366
252 253 254
301 302 303
259 260 261
266 267 268
273 274 275
280 281 282
287 288 289
294 295 296
308 309 310
357 358 359
315 316 317
322 323 324
490 491 492
175 176 177
133 134 135
140 141 142
147 148 149
154 155 156
161 162 163
168 169 170
182 183 184
119 120 121
189 190 191
196 197 198
203 204 205
210 211 212
217 218 219
224 225 226
126 127 128
112 113 114
238 239 240
49 50 51
7 8 9
14 15 16
21 22 23
28 29 30
35 36 37
42 43 44
56 57 58
105 106 107
63 64 65
70 71 72
77 78 79
84 85 86
91 92 93
98 99 100
231 232 233
245 246 247
483 484 485
427 428 429
385 386 387
392 393 394
399 400 401
406 407 408
413 414 415
420 421 422
434 435 436
371 372 373
441 442 443
448 449 450
455 456 457
462 463 464
469 470 471
476 477 478
378 379 380
364 365 366
252 253 254
301 302 303
259 260 261
266 267 268
273 274 275
280 281 282
287 288 289
294 295 296
308 309 310
357 358 359
315 316 317
322 323 324
329 330 331
490 491 492
175 176 177
133 134 135
140 141 142
147 148 149
154 155 156
161 162 163
168 169 170
182 183 184
119 120 121
189 190 191
196 197 198
203 204 205
210 211 212
217 218 219
224 225 226
126 127 128
112 113 114
238 239 240
49 50 51
7 8 9
14 15 16
21 22 23
28 29 30
35 36 37
42 43 44
56 57 58
105 106 107
63 64 65
70 71 72
77 78 79
84 85 86
91 92 93
98 99 100
231 232 233
245 246 247
483 484 485
427 428 429
385 386 387
392 393 394
399 400 401
406 407 408
413 414 415
420 421 422
434 435 436
371 372 373
441 442 443
448 449 450
455 456 457
462 463 464
469 470 471
476 477 478
378 379 380
364 365 366
252 253 254
301 302 303
259 260 261
266 267 268
273 274 275
280 281 282
287 288 289
294 295 296
308 309 310
357 358 359
315 316 317
322 323 324
329 330 331
336 337 338
490 491 492
175 176 177
133 134 135
140 141 142
147 148 149
154 155 156
161 162 163
168 169 170
182 183 184
119 120 121
189 190 191
196 197 198
203 204 205
210 211 212
217 218 219
224 225 226
126 127 128
112 113 114
238 239 240
49 50 51
7 8 9
14 15 16
21 22 23
28 29 30
35 36 37
42 43 44
56 57 58
105 106 107
63 64 65
70 71 72
77 78 79
84 85 86
91 92 93
98 99 100
231 232 233
245 246 247
483 484 485
427 428 429
385 386 387
392 393 394
399 400 401
406 407 408
413 414 415
420 421 422
434 435 436
371 372 373
441 442 443
448 449 450
455 456 457
462 463 464
469 470 471
476 477 478
378 379 380
364 365 366
252 253 254
301 302 303
259 260 261
266 267 268
273 274 275
280 281 282
287 288 289
294 295 296
308 309 310
357 358 359
315 316 317
322 323 324
329 330 331
336 337 338
343 344 345
490 491 492
175 176 177
133 134 135
140 141 142
147 148 149
154 155 156
161 162 163
168 169 170
182 183 184
119 120 121
189 190 191
196 197 198
203 204 205
210 211 212
217 218 219
224 225 226
126 127 128
112 113 114
238 239 240
49 50 51
7 8 9
14 15 16
21 22 23
28 29 30
35 36 37
42 43 44
56 57 58
105 106 107
63 64 65
70 71 72
77 78 79
84 85 86
91 92 93
98 99 100
231 232 233
245 246 247
483 484 485
427 428 429
385 386 387
392 393 394
399 400 401
406 407 408
413 414 415
420 421 422
434 435 436
371 372 373
441 442 443
448 449 450
455 456 457
462 463 464
469 470 471
476 477 478
378 379 380
364 365 366
252 253 254
301 302 303
259 260 261
266 267 268
273 274 275
280 281 282
287 288 289
294 295 296
308 309 310
357 358 359
315 316 317
322 323 324
329 330 331
336 337 338
343 344 345
350 351 352
490 491 492
175 176 177
133 134 135
140 141 142
147 148 149
154 155 156
161 162 163
168 169 170
182 183 184
119 120 121
189 190 191
196 197 198
203 204 205
210 211 212
217 218 219
224 225 226
126 127 128
112 113 114
238 239 240
49 50 51
7 8 9
14 15 16
21 22 23
28 29 30
35 36 37
42 43 44
56 57 58
105 106 107
63 64 65
70 71 72
77 78 79
84 85 86
91 92 93
98 99 100
231 232 233
245 246 247
483 484 485
427 428 429
385 386 387
392 393 394
399 400 401
406 407 408
413 414 415
420 421 422
434 435 436
371 372 373
441 442 443
448 449 450
455 456 457
462 463 464
469 470 471
476 477 478
378 379 380
364 365 366
252 253 254
301 302 303
259 260 261
266 267 268
273 274 275
280 281 282
287 288 289
294 295 296
308 309 310
357 358 359
315 316 317
322 323 324
329 330 331
336 337 338
343 344 345
350 351 352
0 1 2
