62 81 100 109 60
62 81 100 109 60
144 33 176 156 153
62 81 100 109 60
144 33 176 156 153
63 111 154 51 34
62 81 100 109 60
144 33 176 156 153
63 111 154 51 34
149 151 31 174 116
62 81 100 109 60
144 33 176 156 153
63 111 154 51 34
149 151 31 174 116
16 40 102 21 12
62 81 100 109 60
144 33 176 156 153
63 111 154 51 34
149 151 31 174 116
16 40 102 21 12
32 71 141 37 28
62 81 100 109 60
144 33 176 156 153
63 111 154 51 34
149 151 31 174 116
16 40 102 21 12
32 71 141 37 28
87 132 38 175 67
62 81 100 109 60
144 33 176 156 153
63 111 154 51 34
149 151 31 174 116
16 40 102 21 12
32 71 141 37 28
87 132 38 175 67
91 115 59 69 10
62 81 100 109 60
144 33 176 156 153
63 111 154 51 34
149 151 31 174 116
16 40 102 21 12
32 71 141 37 28
87 132 38 175 67
91 115 59 69 10
93 18 53 108 187
62 81 100 109 60
144 33 176 156 153
63 111 154 51 34
149 151 31 174 116
16 40 102 21 12
32 71 141 37 28
87 132 38 175 67
91 115 59 69 10
93 18 53 108 187
77 25 84 158 79
62 81 100 109 60
144 33 176 156 153
63 111 154 51 34
149 151 31 174 116
16 40 102 21 12
32 71 141 37 28
87 132 38 175 67
91 115 59 69 10
93 18 53 108 187
77 25 84 158 79
57 114 148 76 165
62 81 100 109 60
144 33 176 156 153
63 111 154 51 34
149 151 31 174 116
16 40 102 21 12
32 71 141 37 28
87 132 38 175 67
91 115 59 69 10
93 18 53 108 187
77 25 84 158 79
57 114 148 76 165
185 73 179 23 54
62 81 100 109 60
144 33 176 156 153
63 111 154 51 34
149 151 31 174 116
16 40 102 21 12
32 71 141 37 28
87 132 38 175 67
91 115 59 69 10
93 18 53 108 187
77 25 84 158 79
57 114 148 76 165
185 73 179 23 54
184 112 82 83 41
62 81 100 109 60
144 33 176 156 153
63 111 154 51 34
149 151 31 174 116
16 40 102 21 12
32 71 141 37 28
87 132 38 175 67
91 115 59 69 10
93 18 53 108 187
77 25 84 158 79
57 114 148 76 165
185 73 179 23 54
184 112 82 83 41
121 0 29 49 171
62 81 100 109 60
144 33 176 156 153
63 111 154 51 34
149 151 31 174 116
16 40 102 21 12
32 71 141 37 28
87 132 38 175 67
91 115 59 69 10
93 18 53 108 187
77 25 84 158 79
57 114 148 76 165
185 73 179 23 54
184 112 82 83 41
121 0 29 49 171
152 11 68 48 125
62 81 100 109 60
144 33 176 156 153
63 111 154 51 34
149 151 31 174 116
16 40 102 21 12
32 71 141 37 28
87 132 38 175 67
91 115 59 69 10
93 18 53 108 187
77 25 84 158 79
57 114 148 76 165
185 73 179 23 54
184 112 82 83 41
121 0 29 49 171
152 11 68 48 125
70 107 56 101 103
62 81 100 109 60
144 33 176 156 153
63 111 154 51 34
149 151 31 174 116
16 40 102 21 12
32 71 141 37 28
87 132 38 175 67
91 115 59 69 10
93 18 53 108 187
77 25 84 158 79
57 114 148 76 165
185 73 179 23 54
184 112 82 83 41
121 0 29 49 171
152 11 68 48 125
70 107 56 101 103
8 46 140 159 44
62 81 100 109 60
144 33 176 156 153
63 111 154 51 34
149 151 31 174 116
16 40 102 21 12
32 71 141 37 28
87 132 38 175 67
91 115 59 69 10
93 18 53 108 187
77 25 84 158 79
57 114 148 76 165
185 73 179 23 54
184 112 82 83 41
121 0 29 49 171
152 11 68 48 125
70 107 56 101 103
8 46 140 159 44
127 17 129 110 119
62 81 100 109 60
144 33 176 156 153
63 111 154 51 34
149 151 31 174 116
16 40 102 21 12
32 71 141 37 28
87 132 38 175 67
91 115 59 69 10
93 18 53 108 187
77 25 84 158 79
57 114 148 76 165
185 73 179 23 54
184 112 82 83 41
121 0 29 49 171
152 11 68 48 125
70 107 56 101 103
8 46 140 159 44
127 17 129 110 119
128 64 98 138 80
62 81 100 109 60
144 33 176 156 153
63 111 154 51 34
149 151 31 174 116
16 40 102 21 12
32 71 141 37 28
87 132 38 175 67
91 115 59 69 10
93 18 53 108 187
77 25 84 158 79
57 114 148 76 165
185 73 179 23 54
184 112 82 83 41
121 0 29 49 171
152 11 68 48 125
70 107 56 101 103
8 46 140 159 44
127 17 129 110 119
128 64 98 138 80
97 131 30 35 22
