424 225 122 477 31
424 225 122 477 31
261 144 486 408 87
424 225 122 477 31
261 144 486 408 87
182 194 71 229 361
424 225 122 477 31
261 144 486 408 87
182 194 71 229 361
426 331 35 267 248
424 225 122 477 31
261 144 486 408 87
182 194 71 229 361
426 331 35 267 248
376 33 275 414 196
424 225 122 477 31
261 144 486 408 87
182 194 71 229 361
426 331 35 267 248
376 33 275 414 196
234 105 237 151 470
424 225 122 477 31
261 144 486 408 87
182 194 71 229 361
426 331 35 267 248
376 33 275 414 196
234 105 237 151 470
300 250 100 76 1
424 225 122 477 31
261 144 486 408 87
182 194 71 229 361
426 331 35 267 248
376 33 275 414 196
234 105 237 151 470
300 250 100 76 1
388 142 434 163 319
424 225 122 477 31
261 144 486 408 87
182 194 71 229 361
426 331 35 267 248
376 33 275 414 196
234 105 237 151 470
300 250 100 76 1
388 142 434 163 319
389 245 484 360 15
424 225 122 477 31
261 144 486 408 87
182 194 71 229 361
426 331 35 267 248
376 33 275 414 196
234 105 237 151 470
300 250 100 76 1
388 142 434 163 319
389 245 484 360 15
373 370 314 239 407
424 225 122 477 31
261 144 486 408 87
182 194 71 229 361
426 331 35 267 248
376 33 275 414 196
234 105 237 151 470
300 250 100 76 1
388 142 434 163 319
389 245 484 360 15
373 370 314 239 407
316 14 19 268 54
424 225 122 477 31
261 144 486 408 87
182 194 71 229 361
426 331 35 267 248
376 33 275 414 196
234 105 237 151 470
300 250 100 76 1
388 142 434 163 319
389 245 484 360 15
373 370 314 239 407
316 14 19 268 54
57 211 180 110 66
424 225 122 477 31
261 144 486 408 87
182 194 71 229 361
426 331 35 267 248
376 33 275 414 196
234 105 237 151 470
300 250 100 76 1
388 142 434 163 319
389 245 484 360 15
373 370 314 239 407
316 14 19 268 54
57 211 180 110 66
29 169 296 495 170
424 225 122 477 31
261 144 486 408 87
182 194 71 229 361
426 331 35 267 248
376 33 275 414 196
234 105 237 151 470
300 250 100 76 1
388 142 434 163 319
389 245 484 360 15
373 370 314 239 407
316 14 19 268 54
57 211 180 110 66
29 169 296 495 170
487 93 92 114 7
424 225 122 477 31
261 144 486 408 87
182 194 71 229 361
426 331 35 267 248
376 33 275 414 196
234 105 237 151 470
300 250 100 76 1
388 142 434 163 319
389 245 484 360 15
373 370 314 239 407
316 14 19 268 54
57 211 180 110 66
29 169 296 495 170
487 93 92 114 7
485 20 99 190 137
424 225 122 477 31
261 144 486 408 87
182 194 71 229 361
426 331 35 267 248
376 33 275 414 196
234 105 237 151 470
300 250 100 76 1
388 142 434 163 319
389 245 484 360 15
373 370 314 239 407
316 14 19 268 54
57 211 180 110 66
29 169 296 495 170
487 93 92 114 7
485 20 99 190 137
401 416 165 262 432
424 225 122 477 31
261 144 486 408 87
182 194 71 229 361
426 331 35 267 248
376 33 275 414 196
234 105 237 151 470
300 250 100 76 1
388 142 434 163 319
389 245 484 360 15
373 370 314 239 407
316 14 19 268 54
57 211 180 110 66
29 169 296 495 170
487 93 92 114 7
485 20 99 190 137
401 416 165 262 432
311 435 167 333 159
424 225 122 477 31
261 144 486 408 87
182 194 71 229 361
426 331 35 267 248
376 33 275 414 196
234 105 237 151 470
300 250 100 76 1
388 142 434 163 319
389 245 484 360 15
373 370 314 239 407
316 14 19 268 54
57 211 180 110 66
29 169 296 495 170
487 93 92 114 7
485 20 99 190 137
401 416 165 262 432
311 435 167 333 159
34 181 91 155 183
424 225 122 477 31
261 144 486 408 87
182 194 71 229 361
426 331 35 267 248
376 33 275 414 196
234 105 237 151 470
300 250 100 76 1
388 142 434 163 319
389 245 484 360 15
373 370 314 239 407
316 14 19 268 54
57 211 180 110 66
29 169 296 495 170
487 93 92 114 7
485 20 99 190 137
401 416 165 262 432
311 435 167 333 159
34 181 91 155 183
413 263 212 126 458
424 225 122 477 31
261 144 486 408 87
182 194 71 229 361
426 331 35 267 248
376 33 275 414 196
234 105 237 151 470
300 250 100 76 1
388 142 434 163 319
389 245 484 360 15
373 370 314 239 407
316 14 19 268 54
57 211 180 110 66
29 169 296 495 170
487 93 92 114 7
485 20 99 190 137
401 416 165 262 432
311 435 167 333 159
34 181 91 155 183
413 263 212 126 458
64 136 496 78 36
424 225 122 477 31
261 144 486 408 87
182 194 71 229 361
426 331 35 267 248
376 33 275 414 196
234 105 237 151 470
300 250 100 76 1
388 142 434 163 319
389 245 484 360 15
373 370 314 239 407
316 14 19 268 54
57 211 180 110 66
29 169 296 495 170
487 93 92 114 7
485 20 99 190 137
401 416 165 262 432
311 435 167 333 159
34 181 91 155 183
413 263 212 126 458
64 136 496 78 36
421 287 363 106 174
424 225 122 477 31
261 144 486 408 87
182 194 71 229 361
426 331 35 267 248
376 33 275 414 196
234 105 237 151 470
300 250 100 76 1
388 142 434 163 319
389 245 484 360 15
373 370 314 239 407
316 14 19 268 54
57 211 180 110 66
29 169 296 495 170
487 93 92 114 7
485 20 99 190 137
401 416 165 262 432
311 435 167 333 159
34 181 91 155 183
413 263 212 126 458
64 136 496 78 36
421 287 363 106 174
226 349 280 422 21
424 225 122 477 31
261 144 486 408 87
182 194 71 229 361
426 331 35 267 248
376 33 275 414 196
234 105 237 151 470
300 250 100 76 1
388 142 434 163 319
389 245 484 360 15
373 370 314 239 407
316 14 19 268 54
57 211 180 110 66
29 169 296 495 170
487 93 92 114 7
485 20 99 190 137
401 416 165 262 432
311 435 167 333 159
34 181 91 155 183
413 263 212 126 458
64 136 496 78 36
421 287 363 106 174
226 349 280 422 21
281 134 409 493 325
424 225 122 477 31
261 144 486 408 87
182 194 71 229 361
426 331 35 267 248
376 33 275 414 196
234 105 237 151 470
300 250 100 76 1
388 142 434 163 319
389 245 484 360 15
373 370 314 239 407
316 14 19 268 54
57 211 180 110 66
29 169 296 495 170
487 93 92 114 7
485 20 99 190 137
401 416 165 262 432
311 435 167 333 159
34 181 91 155 183
413 263 212 126 458
64 136 496 78 36
421 287 363 106 174
226 349 280 422 21
281 134 409 493 325
217 329 497 89 490
424 225 122 477 31
261 144 486 408 87
182 194 71 229 361
426 331 35 267 248
376 33 275 414 196
234 105 237 151 470
300 250 100 76 1
388 142 434 163 319
389 245 484 360 15
373 370 314 239 407
316 14 19 268 54
57 211 180 110 66
29 169 296 495 170
487 93 92 114 7
485 20 99 190 137
401 416 165 262 432
311 435 167 333 159
34 181 91 155 183
413 263 212 126 458
64 136 496 78 36
421 287 363 106 174
226 349 280 422 21
281 134 409 493 325
217 329 497 89 490
58 392 292 161 69
424 225 122 477 31
261 144 486 408 87
182 194 71 229 361
426 331 35 267 248
376 33 275 414 196
234 105 237 151 470
300 250 100 76 1
388 142 434 163 319
389 245 484 360 15
373 370 314 239 407
316 14 19 268 54
57 211 180 110 66
29 169 296 495 170
487 93 92 114 7
485 20 99 190 137
401 416 165 262 432
311 435 167 333 159
34 181 91 155 183
413 263 212 126 458
64 136 496 78 36
421 287 363 106 174
226 349 280 422 21
281 134 409 493 325
217 329 497 89 490
58 392 292 161 69
157 101 11 433 90
424 225 122 477 31
261 144 486 408 87
182 194 71 229 361
426 331 35 267 248
376 33 275 414 196
234 105 237 151 470
300 250 100 76 1
388 142 434 163 319
389 245 484 360 15
373 370 314 239 407
316 14 19 268 54
57 211 180 110 66
29 169 296 495 170
487 93 92 114 7
485 20 99 190 137
401 416 165 262 432
311 435 167 333 159
34 181 91 155 183
413 263 212 126 458
64 136 496 78 36
421 287 363 106 174
226 349 280 422 21
281 134 409 493 325
217 329 497 89 490
58 392 292 161 69
157 101 11 433 90
382 440 405 276 124
424 225 122 477 31
261 144 486 408 87
182 194 71 229 361
426 331 35 267 248
376 33 275 414 196
234 105 237 151 470
300 250 100 76 1
388 142 434 163 319
389 245 484 360 15
373 370 314 239 407
316 14 19 268 54
57 211 180 110 66
29 169 296 495 170
487 93 92 114 7
485 20 99 190 137
401 416 165 262 432
311 435 167 333 159
34 181 91 155 183
413 263 212 126 458
64 136 496 78 36
421 287 363 106 174
226 349 280 422 21
281 134 409 493 325
217 329 497 89 490
58 392 292 161 69
157 101 11 433 90
382 440 405 276 124
160 303 395 206 478
424 225 122 477 31
261 144 486 408 87
182 194 71 229 361
426 331 35 267 248
376 33 275 414 196
234 105 237 151 470
300 250 100 76 1
388 142 434 163 319
389 245 484 360 15
373 370 314 239 407
316 14 19 268 54
57 211 180 110 66
29 169 296 495 170
487 93 92 114 7
485 20 99 190 137
401 416 165 262 432
311 435 167 333 159
34 181 91 155 183
413 263 212 126 458
64 136 496 78 36
421 287 363 106 174
226 349 280 422 21
281 134 409 493 325
217 329 497 89 490
58 392 292 161 69
157 101 11 433 90
382 440 405 276 124
160 303 395 206 478
439 330 246 474 88
424 225 122 477 31
261 144 486 408 87
182 194 71 229 361
426 331 35 267 248
376 33 275 414 196
234 105 237 151 470
300 250 100 76 1
388 142 434 163 319
389 245 484 360 15
373 370 314 239 407
316 14 19 268 54
57 211 180 110 66
29 169 296 495 170
487 93 92 114 7
485 20 99 190 137
401 416 165 262 432
311 435 167 333 159
34 181 91 155 183
413 263 212 126 458
64 136 496 78 36
421 287 363 106 174
226 349 280 422 21
281 134 409 493 325
217 329 497 89 490
58 392 292 161 69
157 101 11 433 90
382 440 405 276 124
160 303 395 206 478
439 330 246 474 88
220 259 244 447 323
424 225 122 477 31
261 144 486 408 87
182 194 71 229 361
426 331 35 267 248
376 33 275 414 196
234 105 237 151 470
300 250 100 76 1
388 142 434 163 319
389 245 484 360 15
373 370 314 239 407
316 14 19 268 54
57 211 180 110 66
29 169 296 495 170
487 93 92 114 7
485 20 99 190 137
401 416 165 262 432
311 435 167 333 159
34 181 91 155 183
413 263 212 126 458
64 136 496 78 36
421 287 363 106 174
226 349 280 422 21
281 134 409 493 325
217 329 497 89 490
58 392 292 161 69
157 101 11 433 90
382 440 405 276 124
160 303 395 206 478
439 330 246 474 88
220 259 244 447 323
242 380 42 3 47
424 225 122 477 31
261 144 486 408 87
182 194 71 229 361
426 331 35 267 248
376 33 275 414 196
234 105 237 151 470
300 250 100 76 1
388 142 434 163 319
389 245 484 360 15
373 370 314 239 407
316 14 19 268 54
57 211 180 110 66
29 169 296 495 170
487 93 92 114 7
485 20 99 190 137
401 416 165 262 432
311 435 167 333 159
34 181 91 155 183
413 263 212 126 458
64 136 496 78 36
421 287 363 106 174
226 349 280 422 21
281 134 409 493 325
217 329 497 89 490
58 392 292 161 69
157 101 11 433 90
382 440 405 276 124
160 303 395 206 478
439 330 246 474 88
220 259 244 447 323
242 380 42 3 47
491 353 283 460 364
424 225 122 477 31
261 144 486 408 87
182 194 71 229 361
426 331 35 267 248
376 33 275 414 196
234 105 237 151 470
300 250 100 76 1
388 142 434 163 319
389 245 484 360 15
373 370 314 239 407
316 14 19 268 54
57 211 180 110 66
29 169 296 495 170
487 93 92 114 7
485 20 99 190 137
401 416 165 262 432
311 435 167 333 159
34 181 91 155 183
413 263 212 126 458
64 136 496 78 36
421 287 363 106 174
226 349 280 422 21
281 134 409 493 325
217 329 497 89 490
58 392 292 161 69
157 101 11 433 90
382 440 405 276 124
160 303 395 206 478
439 330 246 474 88
220 259 244 447 323
242 380 42 3 47
491 353 283 460 364
70 209 462 230 146
424 225 122 477 31
261 144 486 408 87
182 194 71 229 361
426 331 35 267 248
376 33 275 414 196
234 105 237 151 470
300 250 100 76 1
388 142 434 163 319
389 245 484 360 15
373 370 314 239 407
316 14 19 268 54
57 211 180 110 66
29 169 296 495 170
487 93 92 114 7
485 20 99 190 137
401 416 165 262 432
311 435 167 333 159
34 181 91 155 183
413 263 212 126 458
64 136 496 78 36
421 287 363 106 174
226 349 280 422 21
281 134 409 493 325
217 329 497 89 490
58 392 292 161 69
157 101 11 433 90
382 440 405 276 124
160 303 395 206 478
439 330 246 474 88
220 259 244 447 323
242 380 42 3 47
491 353 283 460 364
70 209 462 230 146
334 270 350 427 120
424 225 122 477 31
261 144 486 408 87
182 194 71 229 361
426 331 35 267 248
376 33 275 414 196
234 105 237 151 470
300 250 100 76 1
388 142 434 163 319
389 245 484 360 15
373 370 314 239 407
316 14 19 268 54
57 211 180 110 66
29 169 296 495 170
487 93 92 114 7
485 20 99 190 137
401 416 165 262 432
311 435 167 333 159
34 181 91 155 183
413 263 212 126 458
64 136 496 78 36
421 287 363 106 174
226 349 280 422 21
281 134 409 493 325
217 329 497 89 490
58 392 292 161 69
157 101 11 433 90
382 440 405 276 124
160 303 395 206 478
439 330 246 474 88
220 259 244 447 323
242 380 42 3 47
491 353 283 460 364
70 209 462 230 146
334 270 350 427 120
68 10 468 295 340
424 225 122 477 31
261 144 486 408 87
182 194 71 229 361
426 331 35 267 248
376 33 275 414 196
234 105 237 151 470
300 250 100 76 1
388 142 434 163 319
389 245 484 360 15
373 370 314 239 407
316 14 19 268 54
57 211 180 110 66
29 169 296 495 170
487 93 92 114 7
485 20 99 190 137
401 416 165 262 432
311 435 167 333 159
34 181 91 155 183
413 263 212 126 458
64 136 496 78 36
421 287 363 106 174
226 349 280 422 21
281 134 409 493 325
217 329 497 89 490
58 392 292 161 69
157 101 11 433 90
382 440 405 276 124
160 303 395 206 478
439 330 246 474 88
220 259 244 447 323
242 380 42 3 47
491 353 283 460 364
70 209 462 230 146
334 270 350 427 120
68 10 468 295 340
320 224 13 125 23
424 225 122 477 31
261 144 486 408 87
182 194 71 229 361
426 331 35 267 248
376 33 275 414 196
234 105 237 151 470
300 250 100 76 1
388 142 434 163 319
389 245 484 360 15
373 370 314 239 407
316 14 19 268 54
57 211 180 110 66
29 169 296 495 170
487 93 92 114 7
485 20 99 190 137
401 416 165 262 432
311 435 167 333 159
34 181 91 155 183
413 263 212 126 458
64 136 496 78 36
421 287 363 106 174
226 349 280 422 21
281 134 409 493 325
217 329 497 89 490
58 392 292 161 69
157 101 11 433 90
382 440 405 276 124
160 303 395 206 478
439 330 246 474 88
220 259 244 447 323
242 380 42 3 47
491 353 283 460 364
70 209 462 230 146
334 270 350 427 120
68 10 468 295 340
320 224 13 125 23
384 253 335 272 386
424 225 122 477 31
261 144 486 408 87
182 194 71 229 361
426 331 35 267 248
376 33 275 414 196
234 105 237 151 470
300 250 100 76 1
388 142 434 163 319
389 245 484 360 15
373 370 314 239 407
316 14 19 268 54
57 211 180 110 66
29 169 296 495 170
487 93 92 114 7
485 20 99 190 137
401 416 165 262 432
311 435 167 333 159
34 181 91 155 183
413 263 212 126 458
64 136 496 78 36
421 287 363 106 174
226 349 280 422 21
281 134 409 493 325
217 329 497 89 490
58 392 292 161 69
157 101 11 433 90
382 440 405 276 124
160 303 395 206 478
439 330 246 474 88
220 259 244 447 323
242 380 42 3 47
491 353 283 460 364
70 209 462 230 146
334 270 350 427 120
68 10 468 295 340
320 224 13 125 23
384 253 335 272 386
328 203 254 158 55
424 225 122 477 31
261 144 486 408 87
182 194 71 229 361
426 331 35 267 248
376 33 275 414 196
234 105 237 151 470
300 250 100 76 1
388 142 434 163 319
389 245 484 360 15
373 370 314 239 407
316 14 19 268 54
57 211 180 110 66
29 169 296 495 170
487 93 92 114 7
485 20 99 190 137
401 416 165 262 432
311 435 167 333 159
34 181 91 155 183
413 263 212 126 458
64 136 496 78 36
421 287 363 106 174
226 349 280 422 21
281 134 409 493 325
217 329 497 89 490
58 392 292 161 69
157 101 11 433 90
382 440 405 276 124
160 303 395 206 478
439 330 246 474 88
220 259 244 447 323
242 380 42 3 47
491 353 283 460 364
70 209 462 230 146
334 270 350 427 120
68 10 468 295 340
320 224 13 125 23
384 253 335 272 386
328 203 254 158 55
210 404 327 38 98
424 225 122 477 31
261 144 486 408 87
182 194 71 229 361
426 331 35 267 248
376 33 275 414 196
234 105 237 151 470
300 250 100 76 1
388 142 434 163 319
389 245 484 360 15
373 370 314 239 407
316 14 19 268 54
57 211 180 110 66
29 169 296 495 170
487 93 92 114 7
485 20 99 190 137
401 416 165 262 432
311 435 167 333 159
34 181 91 155 183
413 263 212 126 458
64 136 496 78 36
421 287 363 106 174
226 349 280 422 21
281 134 409 493 325
217 329 497 89 490
58 392 292 161 69
157 101 11 433 90
382 440 405 276 124
160 303 395 206 478
439 330 246 474 88
220 259 244 447 323
242 380 42 3 47
491 353 283 460 364
70 209 462 230 146
334 270 350 427 120
68 10 468 295 340
320 224 13 125 23
384 253 335 272 386
328 203 254 158 55
210 404 327 38 98
358 39 104 73 308
424 225 122 477 31
261 144 486 408 87
182 194 71 229 361
426 331 35 267 248
376 33 275 414 196
234 105 237 151 470
300 250 100 76 1
388 142 434 163 319
389 245 484 360 15
373 370 314 239 407
316 14 19 268 54
57 211 180 110 66
29 169 296 495 170
487 93 92 114 7
485 20 99 190 137
401 416 165 262 432
311 435 167 333 159
34 181 91 155 183
413 263 212 126 458
64 136 496 78 36
421 287 363 106 174
226 349 280 422 21
281 134 409 493 325
217 329 497 89 490
58 392 292 161 69
157 101 11 433 90
382 440 405 276 124
160 303 395 206 478
439 330 246 474 88
220 259 244 447 323
242 380 42 3 47
491 353 283 460 364
70 209 462 230 146
334 270 350 427 120
68 10 468 295 340
320 224 13 125 23
384 253 335 272 386
328 203 254 158 55
210 404 327 38 98
358 39 104 73 308
103 177 227 285 235
424 225 122 477 31
261 144 486 408 87
182 194 71 229 361
426 331 35 267 248
376 33 275 414 196
234 105 237 151 470
300 250 100 76 1
388 142 434 163 319
389 245 484 360 15
373 370 314 239 407
316 14 19 268 54
57 211 180 110 66
29 169 296 495 170
487 93 92 114 7
485 20 99 190 137
401 416 165 262 432
311 435 167 333 159
34 181 91 155 183
413 263 212 126 458
64 136 496 78 36
421 287 363 106 174
226 349 280 422 21
281 134 409 493 325
217 329 497 89 490
58 392 292 161 69
157 101 11 433 90
382 440 405 276 124
160 303 395 206 478
439 330 246 474 88
220 259 244 447 323
242 380 42 3 47
491 353 283 460 364
70 209 462 230 146
334 270 350 427 120
68 10 468 295 340
320 224 13 125 23
384 253 335 272 386
328 203 254 158 55
210 404 327 38 98
358 39 104 73 308
103 177 227 285 235
175 494 284 133 178
424 225 122 477 31
261 144 486 408 87
182 194 71 229 361
426 331 35 267 248
376 33 275 414 196
234 105 237 151 470
300 250 100 76 1
388 142 434 163 319
389 245 484 360 15
373 370 314 239 407
316 14 19 268 54
57 211 180 110 66
29 169 296 495 170
487 93 92 114 7
485 20 99 190 137
401 416 165 262 432
311 435 167 333 159
34 181 91 155 183
413 263 212 126 458
64 136 496 78 36
421 287 363 106 174
226 349 280 422 21
281 134 409 493 325
217 329 497 89 490
58 392 292 161 69
157 101 11 433 90
382 440 405 276 124
160 303 395 206 478
439 330 246 474 88
220 259 244 447 323
242 380 42 3 47
491 353 283 460 364
70 209 462 230 146
334 270 350 427 120
68 10 468 295 340
320 224 13 125 23
384 253 335 272 386
328 203 254 158 55
210 404 327 38 98
358 39 104 73 308
103 177 227 285 235
175 494 284 133 178
199 123 467 72 256
424 225 122 477 31
261 144 486 408 87
182 194 71 229 361
426 331 35 267 248
376 33 275 414 196
234 105 237 151 470
300 250 100 76 1
388 142 434 163 319
389 245 484 360 15
373 370 314 239 407
316 14 19 268 54
57 211 180 110 66
29 169 296 495 170
487 93 92 114 7
485 20 99 190 137
401 416 165 262 432
311 435 167 333 159
34 181 91 155 183
413 263 212 126 458
64 136 496 78 36
421 287 363 106 174
226 349 280 422 21
281 134 409 493 325
217 329 497 89 490
58 392 292 161 69
157 101 11 433 90
382 440 405 276 124
160 303 395 206 478
439 330 246 474 88
220 259 244 447 323
242 380 42 3 47
491 353 283 460 364
70 209 462 230 146
334 270 350 427 120
68 10 468 295 340
320 224 13 125 23
384 253 335 272 386
328 203 254 158 55
210 404 327 38 98
358 39 104 73 308
103 177 227 285 235
175 494 284 133 178
199 123 467 72 256
16 26 107 286 171
424 225 122 477 31
261 144 486 408 87
182 194 71 229 361
426 331 35 267 248
376 33 275 414 196
234 105 237 151 470
300 250 100 76 1
388 142 434 163 319
389 245 484 360 15
373 370 314 239 407
316 14 19 268 54
57 211 180 110 66
29 169 296 495 170
487 93 92 114 7
485 20 99 190 137
401 416 165 262 432
311 435 167 333 159
34 181 91 155 183
413 263 212 126 458
64 136 496 78 36
421 287 363 106 174
226 349 280 422 21
281 134 409 493 325
217 329 497 89 490
58 392 292 161 69
157 101 11 433 90
382 440 405 276 124
160 303 395 206 478
439 330 246 474 88
220 259 244 447 323
242 380 42 3 47
491 353 283 460 364
70 209 462 230 146
334 270 350 427 120
68 10 468 295 340
320 224 13 125 23
384 253 335 272 386
328 203 254 158 55
210 404 327 38 98
358 39 104 73 308
103 177 227 285 235
175 494 284 133 178
199 123 467 72 256
16 26 107 286 171
121 251 208 443 425
424 225 122 477 31
261 144 486 408 87
182 194 71 229 361
426 331 35 267 248
376 33 275 414 196
234 105 237 151 470
300 250 100 76 1
388 142 434 163 319
389 245 484 360 15
373 370 314 239 407
316 14 19 268 54
57 211 180 110 66
29 169 296 495 170
487 93 92 114 7
485 20 99 190 137
401 416 165 262 432
311 435 167 333 159
34 181 91 155 183
413 263 212 126 458
64 136 496 78 36
421 287 363 106 174
226 349 280 422 21
281 134 409 493 325
217 329 497 89 490
58 392 292 161 69
157 101 11 433 90
382 440 405 276 124
160 303 395 206 478
439 330 246 474 88
220 259 244 447 323
242 380 42 3 47
491 353 283 460 364
70 209 462 230 146
334 270 350 427 120
68 10 468 295 340
320 224 13 125 23
384 253 335 272 386
328 203 254 158 55
210 404 327 38 98
358 39 104 73 308
103 177 227 285 235
175 494 284 133 178
199 123 467 72 256
16 26 107 286 171
121 251 208 443 425
339 238 465 4 419
424 225 122 477 31
261 144 486 408 87
182 194 71 229 361
426 331 35 267 248
376 33 275 414 196
234 105 237 151 470
300 250 100 76 1
388 142 434 163 319
389 245 484 360 15
373 370 314 239 407
316 14 19 268 54
57 211 180 110 66
29 169 296 495 170
487 93 92 114 7
485 20 99 190 137
401 416 165 262 432
311 435 167 333 159
34 181 91 155 183
413 263 212 126 458
64 136 496 78 36
421 287 363 106 174
226 349 280 422 21
281 134 409 493 325
217 329 497 89 490
58 392 292 161 69
157 101 11 433 90
382 440 405 276 124
160 303 395 206 478
439 330 246 474 88
220 259 244 447 323
242 380 42 3 47
491 353 283 460 364
70 209 462 230 146
334 270 350 427 120
68 10 468 295 340
320 224 13 125 23
384 253 335 272 386
328 203 254 158 55
210 404 327 38 98
358 39 104 73 308
103 177 227 285 235
175 494 284 133 178
199 123 467 72 256
16 26 107 286 171
121 251 208 443 425
339 238 465 4 419
338 379 62 394 166
424 225 122 477 31
261 144 486 408 87
182 194 71 229 361
426 331 35 267 248
376 33 275 414 196
234 105 237 151 470
300 250 100 76 1
388 142 434 163 319
389 245 484 360 15
373 370 314 239 407
316 14 19 268 54
57 211 180 110 66
29 169 296 495 170
487 93 92 114 7
485 20 99 190 137
401 416 165 262 432
311 435 167 333 159
34 181 91 155 183
413 263 212 126 458
64 136 496 78 36
421 287 363 106 174
226 349 280 422 21
281 134 409 493 325
217 329 497 89 490
58 392 292 161 69
157 101 11 433 90
382 440 405 276 124
160 303 395 206 478
439 330 246 474 88
220 259 244 447 323
242 380 42 3 47
491 353 283 460 364
70 209 462 230 146
334 270 350 427 120
68 10 468 295 340
320 224 13 125 23
384 253 335 272 386
328 203 254 158 55
210 404 327 38 98
358 39 104 73 308
103 177 227 285 235
175 494 284 133 178
199 123 467 72 256
16 26 107 286 171
121 251 208 443 425
339 238 465 4 419
338 379 62 394 166
204 141 357 436 65
424 225 122 477 31
261 144 486 408 87
182 194 71 229 361
426 331 35 267 248
376 33 275 414 196
234 105 237 151 470
300 250 100 76 1
388 142 434 163 319
389 245 484 360 15
373 370 314 239 407
316 14 19 268 54
57 211 180 110 66
29 169 296 495 170
487 93 92 114 7
485 20 99 190 137
401 416 165 262 432
311 435 167 333 159
34 181 91 155 183
413 263 212 126 458
64 136 496 78 36
421 287 363 106 174
226 349 280 422 21
281 134 409 493 325
217 329 497 89 490
58 392 292 161 69
157 101 11 433 90
382 440 405 276 124
160 303 395 206 478
439 330 246 474 88
220 259 244 447 323
242 380 42 3 47
491 353 283 460 364
70 209 462 230 146
334 270 350 427 120
68 10 468 295 340
320 224 13 125 23
384 253 335 272 386
328 203 254 158 55
210 404 327 38 98
358 39 104 73 308
103 177 227 285 235
175 494 284 133 178
199 123 467 72 256
16 26 107 286 171
121 251 208 443 425
339 238 465 4 419
338 379 62 394 166
204 141 357 436 65
289 459 441 368 22
424 225 122 477 31
261 144 486 408 87
182 194 71 229 361
426 331 35 267 248
376 33 275 414 196
234 105 237 151 470
300 250 100 76 1
388 142 434 163 319
389 245 484 360 15
373 370 314 239 407
316 14 19 268 54
57 211 180 110 66
29 169 296 495 170
487 93 92 114 7
485 20 99 190 137
401 416 165 262 432
311 435 167 333 159
34 181 91 155 183
413 263 212 126 458
64 136 496 78 36
421 287 363 106 174
226 349 280 422 21
281 134 409 493 325
217 329 497 89 490
58 392 292 161 69
157 101 11 433 90
382 440 405 276 124
160 303 395 206 478
439 330 246 474 88
220 259 244 447 323
242 380 42 3 47
491 353 283 460 364
70 209 462 230 146
334 270 350 427 120
68 10 468 295 340
320 224 13 125 23
384 253 335 272 386
328 203 254 158 55
210 404 327 38 98
358 39 104 73 308
103 177 227 285 235
175 494 284 133 178
199 123 467 72 256
16 26 107 286 171
121 251 208 443 425
339 238 465 4 419
338 379 62 394 166
204 141 357 436 65
289 459 441 368 22
86 437 119 49 402
