40 453 159 165 216
40 453 159 165 216
29 228 309 104 425
40 453 159 165 216
29 228 309 104 425
9 86 229 452 154
40 453 159 165 216
29 228 309 104 425
9 86 229 452 154
67 376 98 393 412
40 453 159 165 216
29 228 309 104 425
9 86 229 452 154
67 376 98 393 412
238 258 319 460 424
40 453 159 165 216
29 228 309 104 425
9 86 229 452 154
67 376 98 393 412
238 258 319 460 424
79 431 124 225 191
40 453 159 165 216
29 228 309 104 425
9 86 229 452 154
67 376 98 393 412
238 258 319 460 424
79 431 124 225 191
75 210 442 436 194
40 453 159 165 216
29 228 309 104 425
9 86 229 452 154
67 376 98 393 412
238 258 319 460 424
79 431 124 225 191
75 210 442 436 194
88 463 390 314 158
40 453 159 165 216
29 228 309 104 425
9 86 229 452 154
67 376 98 393 412
238 258 319 460 424
79 431 124 225 191
75 210 442 436 194
88 463 390 314 158
54 282 236 343 58
40 453 159 165 216
29 228 309 104 425
9 86 229 452 154
67 376 98 393 412
238 258 319 460 424
79 431 124 225 191
75 210 442 436 194
88 463 390 314 158
54 282 236 343 58
47 415 296 99 418
40 453 159 165 216
29 228 309 104 425
9 86 229 452 154
67 376 98 393 412
238 258 319 460 424
79 431 124 225 191
75 210 442 436 194
88 463 390 314 158
54 282 236 343 58
47 415 296 99 418
117 180 289 345 275
40 453 159 165 216
29 228 309 104 425
9 86 229 452 154
67 376 98 393 412
238 258 319 460 424
79 431 124 225 191
75 210 442 436 194
88 463 390 314 158
54 282 236 343 58
47 415 296 99 418
117 180 289 345 275
121 190 459 447 265
40 453 159 165 216
29 228 309 104 425
9 86 229 452 154
67 376 98 393 412
238 258 319 460 424
79 431 124 225 191
75 210 442 436 194
88 463 390 314 158
54 282 236 343 58
47 415 296 99 418
117 180 289 345 275
121 190 459 447 265
6 95 247 175 387
40 453 159 165 216
29 228 309 104 425
9 86 229 452 154
67 376 98 393 412
238 258 319 460 424
79 431 124 225 191
75 210 442 436 194
88 463 390 314 158
54 282 236 343 58
47 415 296 99 418
117 180 289 345 275
121 190 459 447 265
6 95 247 175 387
0 324 274 163 283
40 453 159 165 216
29 228 309 104 425
9 86 229 452 154
67 376 98 393 412
238 258 319 460 424
79 431 124 225 191
75 210 442 436 194
88 463 390 314 158
54 282 236 343 58
47 415 296 99 418
117 180 289 345 275
121 190 459 447 265
6 95 247 175 387
0 324 274 163 283
136 366 433 430 144
40 453 159 165 216
29 228 309 104 425
9 86 229 452 154
67 376 98 393 412
238 258 319 460 424
79 431 124 225 191
75 210 442 436 194
88 463 390 314 158
54 282 236 343 58
47 415 296 99 418
117 180 289 345 275
121 190 459 447 265
6 95 247 175 387
0 324 274 163 283
136 366 433 430 144
22 231 214 417 356
40 453 159 165 216
29 228 309 104 425
9 86 229 452 154
67 376 98 393 412
238 258 319 460 424
79 431 124 225 191
75 210 442 436 194
88 463 390 314 158
54 282 236 343 58
47 415 296 99 418
117 180 289 345 275
121 190 459 447 265
6 95 247 175 387
0 324 274 163 283
136 366 433 430 144
22 231 214 417 356
174 413 379 244 380
40 453 159 165 216
29 228 309 104 425
9 86 229 452 154
67 376 98 393 412
238 258 319 460 424
79 431 124 225 191
75 210 442 436 194
88 463 390 314 158
54 282 236 343 58
47 415 296 99 418
117 180 289 345 275
121 190 459 447 265
6 95 247 175 387
0 324 274 163 283
136 366 433 430 144
22 231 214 417 356
174 413 379 244 380
78 338 197 461 186
40 453 159 165 216
29 228 309 104 425
9 86 229 452 154
67 376 98 393 412
238 258 319 460 424
79 431 124 225 191
75 210 442 436 194
88 463 390 314 158
54 282 236 343 58
47 415 296 99 418
117 180 289 345 275
121 190 459 447 265
6 95 247 175 387
0 324 274 163 283
136 366 433 430 144
22 231 214 417 356
174 413 379 244 380
78 338 197 461 186
28 155 300 353 37
40 453 159 165 216
29 228 309 104 425
9 86 229 452 154
67 376 98 393 412
238 258 319 460 424
79 431 124 225 191
75 210 442 436 194
88 463 390 314 158
54 282 236 343 58
47 415 296 99 418
117 180 289 345 275
121 190 459 447 265
6 95 247 175 387
0 324 274 163 283
136 366 433 430 144
22 231 214 417 356
174 413 379 244 380
78 338 197 461 186
28 155 300 353 37
5 52 448 107 462
40 453 159 165 216
29 228 309 104 425
9 86 229 452 154
67 376 98 393 412
238 258 319 460 424
79 431 124 225 191
75 210 442 436 194
88 463 390 314 158
54 282 236 343 58
47 415 296 99 418
117 180 289 345 275
121 190 459 447 265
6 95 247 175 387
0 324 274 163 283
136 366 433 430 144
22 231 214 417 356
174 413 379 244 380
78 338 197 461 186
28 155 300 353 37
5 52 448 107 462
44 336 371 242 138
40 453 159 165 216
29 228 309 104 425
9 86 229 452 154
67 376 98 393 412
238 258 319 460 424
79 431 124 225 191
75 210 442 436 194
88 463 390 314 158
54 282 236 343 58
47 415 296 99 418
117 180 289 345 275
121 190 459 447 265
6 95 247 175 387
0 324 274 163 283
136 366 433 430 144
22 231 214 417 356
174 413 379 244 380
78 338 197 461 186
28 155 300 353 37
5 52 448 107 462
44 336 371 242 138
45 105 223 94 103
40 453 159 165 216
29 228 309 104 425
9 86 229 452 154
67 376 98 393 412
238 258 319 460 424
79 431 124 225 191
75 210 442 436 194
88 463 390 314 158
54 282 236 343 58
47 415 296 99 418
117 180 289 345 275
121 190 459 447 265
6 95 247 175 387
0 324 274 163 283
136 366 433 430 144
22 231 214 417 356
174 413 379 244 380
78 338 197 461 186
28 155 300 353 37
5 52 448 107 462
44 336 371 242 138
45 105 223 94 103
25 203 133 348 220
40 453 159 165 216
29 228 309 104 425
9 86 229 452 154
67 376 98 393 412
238 258 319 460 424
79 431 124 225 191
75 210 442 436 194
88 463 390 314 158
54 282 236 343 58
47 415 296 99 418
117 180 289 345 275
121 190 459 447 265
6 95 247 175 387
0 324 274 163 283
136 366 433 430 144
22 231 214 417 356
174 413 379 244 380
78 338 197 461 186
28 155 300 353 37
5 52 448 107 462
44 336 371 242 138
45 105 223 94 103
25 203 133 348 220
8 207 375 264 276
40 453 159 165 216
29 228 309 104 425
9 86 229 452 154
67 376 98 393 412
238 258 319 460 424
79 431 124 225 191
75 210 442 436 194
88 463 390 314 158
54 282 236 343 58
47 415 296 99 418
117 180 289 345 275
121 190 459 447 265
6 95 247 175 387
0 324 274 163 283
136 366 433 430 144
22 231 214 417 356
174 413 379 244 380
78 338 197 461 186
28 155 300 353 37
5 52 448 107 462
44 336 371 242 138
45 105 223 94 103
25 203 133 348 220
8 207 375 264 276
35 57 233 408 61
40 453 159 165 216
29 228 309 104 425
9 86 229 452 154
67 376 98 393 412
238 258 319 460 424
79 431 124 225 191
75 210 442 436 194
88 463 390 314 158
54 282 236 343 58
47 415 296 99 418
117 180 289 345 275
121 190 459 447 265
6 95 247 175 387
0 324 274 163 283
136 366 433 430 144
22 231 214 417 356
174 413 379 244 380
78 338 197 461 186
28 155 300 353 37
5 52 448 107 462
44 336 371 242 138
45 105 223 94 103
25 203 133 348 220
8 207 375 264 276
35 57 233 408 61
21 115 297 134 257
40 453 159 165 216
29 228 309 104 425
9 86 229 452 154
67 376 98 393 412
238 258 319 460 424
79 431 124 225 191
75 210 442 436 194
88 463 390 314 158
54 282 236 343 58
47 415 296 99 418
117 180 289 345 275
121 190 459 447 265
6 95 247 175 387
0 324 274 163 283
136 366 433 430 144
22 231 214 417 356
174 413 379 244 380
78 338 197 461 186
28 155 300 353 37
5 52 448 107 462
44 336 371 242 138
45 105 223 94 103
25 203 133 348 220
8 207 375 264 276
35 57 233 408 61
21 115 297 134 257
63 368 372 378 263
40 453 159 165 216
29 228 309 104 425
9 86 229 452 154
67 376 98 393 412
238 258 319 460 424
79 431 124 225 191
75 210 442 436 194
88 463 390 314 158
54 282 236 343 58
47 415 296 99 418
117 180 289 345 275
121 190 459 447 265
6 95 247 175 387
0 324 274 163 283
136 366 433 430 144
22 231 214 417 356
174 413 379 244 380
78 338 197 461 186
28 155 300 353 37
5 52 448 107 462
44 336 371 242 138
45 105 223 94 103
25 203 133 348 220
8 207 375 264 276
35 57 233 408 61
21 115 297 134 257
63 368 372 378 263
64 278 373 445 458
40 453 159 165 216
29 228 309 104 425
9 86 229 452 154
67 376 98 393 412
238 258 319 460 424
79 431 124 225 191
75 210 442 436 194
88 463 390 314 158
54 282 236 343 58
47 415 296 99 418
117 180 289 345 275
121 190 459 447 265
6 95 247 175 387
0 324 274 163 283
136 366 433 430 144
22 231 214 417 356
174 413 379 244 380
78 338 197 461 186
28 155 300 353 37
5 52 448 107 462
44 336 371 242 138
45 105 223 94 103
25 203 133 348 220
8 207 375 264 276
35 57 233 408 61
21 115 297 134 257
63 368 372 378 263
64 278 373 445 458
20 293 259 410 123
40 453 159 165 216
29 228 309 104 425
9 86 229 452 154
67 376 98 393 412
238 258 319 460 424
79 431 124 225 191
75 210 442 436 194
88 463 390 314 158
54 282 236 343 58
47 415 296 99 418
117 180 289 345 275
121 190 459 447 265
6 95 247 175 387
0 324 274 163 283
136 366 433 430 144
22 231 214 417 356
174 413 379 244 380
78 338 197 461 186
28 155 300 353 37
5 52 448 107 462
44 336 371 242 138
45 105 223 94 103
25 203 133 348 220
8 207 375 264 276
35 57 233 408 61
21 115 297 134 257
63 368 372 378 263
64 278 373 445 458
20 293 259 410 123
17 420 96 272 189
40 453 159 165 216
29 228 309 104 425
9 86 229 452 154
67 376 98 393 412
238 258 319 460 424
79 431 124 225 191
75 210 442 436 194
88 463 390 314 158
54 282 236 343 58
47 415 296 99 418
117 180 289 345 275
121 190 459 447 265
6 95 247 175 387
0 324 274 163 283
136 366 433 430 144
22 231 214 417 356
174 413 379 244 380
78 338 197 461 186
28 155 300 353 37
5 52 448 107 462
44 336 371 242 138
45 105 223 94 103
25 203 133 348 220
8 207 375 264 276
35 57 233 408 61
21 115 297 134 257
63 368 372 378 263
64 278 373 445 458
20 293 259 410 123
17 420 96 272 189
12 443 406 367 456
40 453 159 165 216
29 228 309 104 425
9 86 229 452 154
67 376 98 393 412
238 258 319 460 424
79 431 124 225 191
75 210 442 436 194
88 463 390 314 158
54 282 236 343 58
47 415 296 99 418
117 180 289 345 275
121 190 459 447 265
6 95 247 175 387
0 324 274 163 283
136 366 433 430 144
22 231 214 417 356
174 413 379 244 380
78 338 197 461 186
28 155 300 353 37
5 52 448 107 462
44 336 371 242 138
45 105 223 94 103
25 203 133 348 220
8 207 375 264 276
35 57 233 408 61
21 115 297 134 257
63 368 372 378 263
64 278 373 445 458
20 293 259 410 123
17 420 96 272 189
12 443 406 367 456
14 354 135 305 435
40 453 159 165 216
29 228 309 104 425
9 86 229 452 154
67 376 98 393 412
238 258 319 460 424
79 431 124 225 191
75 210 442 436 194
88 463 390 314 158
54 282 236 343 58
47 415 296 99 418
117 180 289 345 275
121 190 459 447 265
6 95 247 175 387
0 324 274 163 283
136 366 433 430 144
22 231 214 417 356
174 413 379 244 380
78 338 197 461 186
28 155 300 353 37
5 52 448 107 462
44 336 371 242 138
45 105 223 94 103
25 203 133 348 220
8 207 375 264 276
35 57 233 408 61
21 115 297 134 257
63 368 372 378 263
64 278 373 445 458
20 293 259 410 123
17 420 96 272 189
12 443 406 367 456
14 354 135 305 435
48 389 87 416 426
40 453 159 165 216
29 228 309 104 425
9 86 229 452 154
67 376 98 393 412
238 258 319 460 424
79 431 124 225 191
75 210 442 436 194
88 463 390 314 158
54 282 236 343 58
47 415 296 99 418
117 180 289 345 275
121 190 459 447 265
6 95 247 175 387
0 324 274 163 283
136 366 433 430 144
22 231 214 417 356
174 413 379 244 380
78 338 197 461 186
28 155 300 353 37
5 52 448 107 462
44 336 371 242 138
45 105 223 94 103
25 203 133 348 220
8 207 375 264 276
35 57 233 408 61
21 115 297 134 257
63 368 372 378 263
64 278 373 445 458
20 293 259 410 123
17 420 96 272 189
12 443 406 367 456
14 354 135 305 435
48 389 87 416 426
70 341 188 284 227
40 453 159 165 216
29 228 309 104 425
9 86 229 452 154
67 376 98 393 412
238 258 319 460 424
79 431 124 225 191
75 210 442 436 194
88 463 390 314 158
54 282 236 343 58
47 415 296 99 418
117 180 289 345 275
121 190 459 447 265
6 95 247 175 387
0 324 274 163 283
136 366 433 430 144
22 231 214 417 356
174 413 379 244 380
78 338 197 461 186
28 155 300 353 37
5 52 448 107 462
44 336 371 242 138
45 105 223 94 103
25 203 133 348 220
8 207 375 264 276
35 57 233 408 61
21 115 297 134 257
63 368 372 378 263
64 278 373 445 458
20 293 259 410 123
17 420 96 272 189
12 443 406 367 456
14 354 135 305 435
48 389 87 416 426
70 341 188 284 227
4 321 204 187 359
40 453 159 165 216
29 228 309 104 425
9 86 229 452 154
67 376 98 393 412
238 258 319 460 424
79 431 124 225 191
75 210 442 436 194
88 463 390 314 158
54 282 236 343 58
47 415 296 99 418
117 180 289 345 275
121 190 459 447 265
6 95 247 175 387
0 324 274 163 283
136 366 433 430 144
22 231 214 417 356
174 413 379 244 380
78 338 197 461 186
28 155 300 353 37
5 52 448 107 462
44 336 371 242 138
45 105 223 94 103
25 203 133 348 220
8 207 375 264 276
35 57 233 408 61
21 115 297 134 257
63 368 372 378 263
64 278 373 445 458
20 293 259 410 123
17 420 96 272 189
12 443 406 367 456
14 354 135 305 435
48 389 87 416 426
70 341 188 284 227
4 321 204 187 359
112 199 421 167 243
40 453 159 165 216
29 228 309 104 425
9 86 229 452 154
67 376 98 393 412
238 258 319 460 424
79 431 124 225 191
75 210 442 436 194
88 463 390 314 158
54 282 236 343 58
47 415 296 99 418
117 180 289 345 275
121 190 459 447 265
6 95 247 175 387
0 324 274 163 283
136 366 433 430 144
22 231 214 417 356
174 413 379 244 380
78 338 197 461 186
28 155 300 353 37
5 52 448 107 462
44 336 371 242 138
45 105 223 94 103
25 203 133 348 220
8 207 375 264 276
35 57 233 408 61
21 115 297 134 257
63 368 372 378 263
64 278 373 445 458
20 293 259 410 123
17 420 96 272 189
12 443 406 367 456
14 354 135 305 435
48 389 87 416 426
70 341 188 284 227
4 321 204 187 359
112 199 421 167 243
1 93 222 385 195
40 453 159 165 216
29 228 309 104 425
9 86 229 452 154
67 376 98 393 412
238 258 319 460 424
79 431 124 225 191
75 210 442 436 194
88 463 390 314 158
54 282 236 343 58
47 415 296 99 418
117 180 289 345 275
121 190 459 447 265
6 95 247 175 387
0 324 274 163 283
136 366 433 430 144
22 231 214 417 356
174 413 379 244 380
78 338 197 461 186
28 155 300 353 37
5 52 448 107 462
44 336 371 242 138
45 105 223 94 103
25 203 133 348 220
8 207 375 264 276
35 57 233 408 61
21 115 297 134 257
63 368 372 378 263
64 278 373 445 458
20 293 259 410 123
17 420 96 272 189
12 443 406 367 456
14 354 135 305 435
48 389 87 416 426
70 341 188 284 227
4 321 204 187 359
112 199 421 167 243
1 93 222 385 195
218 344 316 422 268
40 453 159 165 216
29 228 309 104 425
9 86 229 452 154
67 376 98 393 412
238 258 319 460 424
79 431 124 225 191
75 210 442 436 194
88 463 390 314 158
54 282 236 343 58
47 415 296 99 418
117 180 289 345 275
121 190 459 447 265
6 95 247 175 387
0 324 274 163 283
136 366 433 430 144
22 231 214 417 356
174 413 379 244 380
78 338 197 461 186
28 155 300 353 37
5 52 448 107 462
44 336 371 242 138
45 105 223 94 103
25 203 133 348 220
8 207 375 264 276
35 57 233 408 61
21 115 297 134 257
63 368 372 378 263
64 278 373 445 458
20 293 259 410 123
17 420 96 272 189
12 443 406 367 456
14 354 135 305 435
48 389 87 416 426
70 341 188 284 227
4 321 204 187 359
112 199 421 167 243
1 93 222 385 195
218 344 316 422 268
82 382 179 114 139
40 453 159 165 216
29 228 309 104 425
9 86 229 452 154
67 376 98 393 412
238 258 319 460 424
79 431 124 225 191
75 210 442 436 194
88 463 390 314 158
54 282 236 343 58
47 415 296 99 418
117 180 289 345 275
121 190 459 447 265
6 95 247 175 387
0 324 274 163 283
136 366 433 430 144
22 231 214 417 356
174 413 379 244 380
78 338 197 461 186
28 155 300 353 37
5 52 448 107 462
44 336 371 242 138
45 105 223 94 103
25 203 133 348 220
8 207 375 264 276
35 57 233 408 61
21 115 297 134 257
63 368 372 378 263
64 278 373 445 458
20 293 259 410 123
17 420 96 272 189
12 443 406 367 456
14 354 135 305 435
48 389 87 416 426
70 341 188 284 227
4 321 204 187 359
112 199 421 167 243
1 93 222 385 195
218 344 316 422 268
82 382 179 114 139
85 256 100 295 391
40 453 159 165 216
29 228 309 104 425
9 86 229 452 154
67 376 98 393 412
238 258 319 460 424
79 431 124 225 191
75 210 442 436 194
88 463 390 314 158
54 282 236 343 58
47 415 296 99 418
117 180 289 345 275
121 190 459 447 265
6 95 247 175 387
0 324 274 163 283
136 366 433 430 144
22 231 214 417 356
174 413 379 244 380
78 338 197 461 186
28 155 300 353 37
5 52 448 107 462
44 336 371 242 138
45 105 223 94 103
25 203 133 348 220
8 207 375 264 276
35 57 233 408 61
21 115 297 134 257
63 368 372 378 263
64 278 373 445 458
20 293 259 410 123
17 420 96 272 189
12 443 406 367 456
14 354 135 305 435
48 389 87 416 426
70 341 188 284 227
4 321 204 187 359
112 199 421 167 243
1 93 222 385 195
218 344 316 422 268
82 382 179 114 139
85 256 100 295 391
132 140 196 332 339
40 453 159 165 216
29 228 309 104 425
9 86 229 452 154
67 376 98 393 412
238 258 319 460 424
79 431 124 225 191
75 210 442 436 194
88 463 390 314 158
54 282 236 343 58
47 415 296 99 418
117 180 289 345 275
121 190 459 447 265
6 95 247 175 387
0 324 274 163 283
136 366 433 430 144
22 231 214 417 356
174 413 379 244 380
78 338 197 461 186
28 155 300 353 37
5 52 448 107 462
44 336 371 242 138
45 105 223 94 103
25 203 133 348 220
8 207 375 264 276
35 57 233 408 61
21 115 297 134 257
63 368 372 378 263
64 278 373 445 458
20 293 259 410 123
17 420 96 272 189
12 443 406 367 456
14 354 135 305 435
48 389 87 416 426
70 341 188 284 227
4 321 204 187 359
112 199 421 167 243
1 93 222 385 195
218 344 316 422 268
82 382 179 114 139
85 256 100 295 391
132 140 196 332 339
89 388 302 347 166
40 453 159 165 216
29 228 309 104 425
9 86 229 452 154
67 376 98 393 412
238 258 319 460 424
79 431 124 225 191
75 210 442 436 194
88 463 390 314 158
54 282 236 343 58
47 415 296 99 418
117 180 289 345 275
121 190 459 447 265
6 95 247 175 387
0 324 274 163 283
136 366 433 430 144
22 231 214 417 356
174 413 379 244 380
78 338 197 461 186
28 155 300 353 37
5 52 448 107 462
44 336 371 242 138
45 105 223 94 103
25 203 133 348 220
8 207 375 264 276
35 57 233 408 61
21 115 297 134 257
63 368 372 378 263
64 278 373 445 458
20 293 259 410 123
17 420 96 272 189
12 443 406 367 456
14 354 135 305 435
48 389 87 416 426
70 341 188 284 227
4 321 204 187 359
112 199 421 167 243
1 93 222 385 195
218 344 316 422 268
82 382 179 114 139
85 256 100 295 391
132 140 196 332 339
89 388 302 347 166
102 250 286 252 152
40 453 159 165 216
29 228 309 104 425
9 86 229 452 154
67 376 98 393 412
238 258 319 460 424
79 431 124 225 191
75 210 442 436 194
88 463 390 314 158
54 282 236 343 58
47 415 296 99 418
117 180 289 345 275
121 190 459 447 265
6 95 247 175 387
0 324 274 163 283
136 366 433 430 144
22 231 214 417 356
174 413 379 244 380
78 338 197 461 186
28 155 300 353 37
5 52 448 107 462
44 336 371 242 138
45 105 223 94 103
25 203 133 348 220
8 207 375 264 276
35 57 233 408 61
21 115 297 134 257
63 368 372 378 263
64 278 373 445 458
20 293 259 410 123
17 420 96 272 189
12 443 406 367 456
14 354 135 305 435
48 389 87 416 426
70 341 188 284 227
4 321 204 187 359
112 199 421 167 243
1 93 222 385 195
218 344 316 422 268
82 382 179 114 139
85 256 100 295 391
132 140 196 332 339
89 388 302 347 166
102 250 286 252 152
119 239 245 386 399
40 453 159 165 216
29 228 309 104 425
9 86 229 452 154
67 376 98 393 412
238 258 319 460 424
79 431 124 225 191
75 210 442 436 194
88 463 390 314 158
54 282 236 343 58
47 415 296 99 418
117 180 289 345 275
121 190 459 447 265
6 95 247 175 387
0 324 274 163 283
136 366 433 430 144
22 231 214 417 356
174 413 379 244 380
78 338 197 461 186
28 155 300 353 37
5 52 448 107 462
44 336 371 242 138
45 105 223 94 103
25 203 133 348 220
8 207 375 264 276
35 57 233 408 61
21 115 297 134 257
63 368 372 378 263
64 278 373 445 458
20 293 259 410 123
17 420 96 272 189
12 443 406 367 456
14 354 135 305 435
48 389 87 416 426
70 341 188 284 227
4 321 204 187 359
112 199 421 167 243
1 93 222 385 195
218 344 316 422 268
82 382 179 114 139
85 256 100 295 391
132 140 196 332 339
89 388 302 347 166
102 250 286 252 152
119 239 245 386 399
118 254 161 273 428
40 453 159 165 216
29 228 309 104 425
9 86 229 452 154
67 376 98 393 412
238 258 319 460 424
79 431 124 225 191
75 210 442 436 194
88 463 390 314 158
54 282 236 343 58
47 415 296 99 418
117 180 289 345 275
121 190 459 447 265
6 95 247 175 387
0 324 274 163 283
136 366 433 430 144
22 231 214 417 356
174 413 379 244 380
78 338 197 461 186
28 155 300 353 37
5 52 448 107 462
44 336 371 242 138
45 105 223 94 103
25 203 133 348 220
8 207 375 264 276
35 57 233 408 61
21 115 297 134 257
63 368 372 378 263
64 278 373 445 458
20 293 259 410 123
17 420 96 272 189
12 443 406 367 456
14 354 135 305 435
48 389 87 416 426
70 341 188 284 227
4 321 204 187 359
112 199 421 167 243
1 93 222 385 195
218 344 316 422 268
82 382 179 114 139
85 256 100 295 391
132 140 196 332 339
89 388 302 347 166
102 250 286 252 152
119 239 245 386 399
118 254 161 273 428
160 403 322 333 171
40 453 159 165 216
29 228 309 104 425
9 86 229 452 154
67 376 98 393 412
238 258 319 460 424
79 431 124 225 191
75 210 442 436 194
88 463 390 314 158
54 282 236 343 58
47 415 296 99 418
117 180 289 345 275
121 190 459 447 265
6 95 247 175 387
0 324 274 163 283
136 366 433 430 144
22 231 214 417 356
174 413 379 244 380
78 338 197 461 186
28 155 300 353 37
5 52 448 107 462
44 336 371 242 138
45 105 223 94 103
25 203 133 348 220
8 207 375 264 276
35 57 233 408 61
21 115 297 134 257
63 368 372 378 263
64 278 373 445 458
20 293 259 410 123
17 420 96 272 189
12 443 406 367 456
14 354 135 305 435
48 389 87 416 426
70 341 188 284 227
4 321 204 187 359
112 199 421 167 243
1 93 222 385 195
218 344 316 422 268
82 382 179 114 139
85 256 100 295 391
132 140 196 332 339
89 388 302 347 166
102 250 286 252 152
119 239 245 386 399
118 254 161 273 428
160 403 322 333 171
116 361 208 409 217
40 453 159 165 216
29 228 309 104 425
9 86 229 452 154
67 376 98 393 412
238 258 319 460 424
79 431 124 225 191
75 210 442 436 194
88 463 390 314 158
54 282 236 343 58
47 415 296 99 418
117 180 289 345 275
121 190 459 447 265
6 95 247 175 387
0 324 274 163 283
136 366 433 430 144
22 231 214 417 356
174 413 379 244 380
78 338 197 461 186
28 155 300 353 37
5 52 448 107 462
44 336 371 242 138
45 105 223 94 103
25 203 133 348 220
8 207 375 264 276
35 57 233 408 61
21 115 297 134 257
63 368 372 378 263
64 278 373 445 458
20 293 259 410 123
17 420 96 272 189
12 443 406 367 456
14 354 135 305 435
48 389 87 416 426
70 341 188 284 227
4 321 204 187 359
112 199 421 167 243
1 93 222 385 195
218 344 316 422 268
82 382 179 114 139
85 256 100 295 391
132 140 196 332 339
89 388 302 347 166
102 250 286 252 152
119 239 245 386 399
118 254 161 273 428
160 403 322 333 171
116 361 208 409 217
7 362 437 176 331
40 453 159 165 216
29 228 309 104 425
9 86 229 452 154
67 376 98 393 412
238 258 319 460 424
79 431 124 225 191
75 210 442 436 194
88 463 390 314 158
54 282 236 343 58
47 415 296 99 418
117 180 289 345 275
121 190 459 447 265
6 95 247 175 387
0 324 274 163 283
136 366 433 430 144
22 231 214 417 356
174 413 379 244 380
78 338 197 461 186
28 155 300 353 37
5 52 448 107 462
44 336 371 242 138
45 105 223 94 103
25 203 133 348 220
8 207 375 264 276
35 57 233 408 61
21 115 297 134 257
63 368 372 378 263
64 278 373 445 458
20 293 259 410 123
17 420 96 272 189
12 443 406 367 456
14 354 135 305 435
48 389 87 416 426
70 341 188 284 227
4 321 204 187 359
112 199 421 167 243
1 93 222 385 195
218 344 316 422 268
82 382 179 114 139
85 256 100 295 391
132 140 196 332 339
89 388 302 347 166
102 250 286 252 152
119 239 245 386 399
118 254 161 273 428
160 403 322 333 171
116 361 208 409 217
7 362 437 176 331
143 269 396 177 369
40 453 159 165 216
29 228 309 104 425
9 86 229 452 154
67 376 98 393 412
238 258 319 460 424
79 431 124 225 191
75 210 442 436 194
88 463 390 314 158
54 282 236 343 58
47 415 296 99 418
117 180 289 345 275
121 190 459 447 265
6 95 247 175 387
0 324 274 163 283
136 366 433 430 144
22 231 214 417 356
174 413 379 244 380
78 338 197 461 186
28 155 300 353 37
5 52 448 107 462
44 336 371 242 138
45 105 223 94 103
25 203 133 348 220
8 207 375 264 276
35 57 233 408 61
21 115 297 134 257
63 368 372 378 263
64 278 373 445 458
20 293 259 410 123
17 420 96 272 189
12 443 406 367 456
14 354 135 305 435
48 389 87 416 426
70 341 188 284 227
4 321 204 187 359
112 199 421 167 243
1 93 222 385 195
218 344 316 422 268
82 382 179 114 139
85 256 100 295 391
132 140 196 332 339
89 388 302 347 166
102 250 286 252 152
119 239 245 386 399
118 254 161 273 428
160 403 322 333 171
116 361 208 409 217
7 362 437 176 331
143 269 396 177 369
27 62 46 401 192
40 453 159 165 216
29 228 309 104 425
9 86 229 452 154
67 376 98 393 412
238 258 319 460 424
79 431 124 225 191
75 210 442 436 194
88 463 390 314 158
54 282 236 343 58
47 415 296 99 418
117 180 289 345 275
121 190 459 447 265
6 95 247 175 387
0 324 274 163 283
136 366 433 430 144
22 231 214 417 356
174 413 379 244 380
78 338 197 461 186
28 155 300 353 37
5 52 448 107 462
44 336 371 242 138
45 105 223 94 103
25 203 133 348 220
8 207 375 264 276
35 57 233 408 61
21 115 297 134 257
63 368 372 378 263
64 278 373 445 458
20 293 259 410 123
17 420 96 272 189
12 443 406 367 456
14 354 135 305 435
48 389 87 416 426
70 341 188 284 227
4 321 204 187 359
112 199 421 167 243
1 93 222 385 195
218 344 316 422 268
82 382 179 114 139
85 256 100 295 391
132 140 196 332 339
89 388 302 347 166
102 250 286 252 152
119 239 245 386 399
118 254 161 273 428
160 403 322 333 171
116 361 208 409 217
7 362 437 176 331
143 269 396 177 369
27 62 46 401 192
81 326 182 129 419
40 453 159 165 216
29 228 309 104 425
9 86 229 452 154
67 376 98 393 412
238 258 319 460 424
79 431 124 225 191
75 210 442 436 194
88 463 390 314 158
54 282 236 343 58
47 415 296 99 418
117 180 289 345 275
121 190 459 447 265
6 95 247 175 387
0 324 274 163 283
136 366 433 430 144
22 231 214 417 356
174 413 379 244 380
78 338 197 461 186
28 155 300 353 37
5 52 448 107 462
44 336 371 242 138
45 105 223 94 103
25 203 133 348 220
8 207 375 264 276
35 57 233 408 61
21 115 297 134 257
63 368 372 378 263
64 278 373 445 458
20 293 259 410 123
17 420 96 272 189
12 443 406 367 456
14 354 135 305 435
48 389 87 416 426
70 341 188 284 227
4 321 204 187 359
112 199 421 167 243
1 93 222 385 195
218 344 316 422 268
82 382 179 114 139
85 256 100 295 391
132 140 196 332 339
89 388 302 347 166
102 250 286 252 152
119 239 245 386 399
118 254 161 273 428
160 403 322 333 171
116 361 208 409 217
7 362 437 176 331
143 269 396 177 369
27 62 46 401 192
81 326 182 129 419
148 432 292 291 183
40 453 159 165 216
29 228 309 104 425
9 86 229 452 154
67 376 98 393 412
238 258 319 460 424
79 431 124 225 191
75 210 442 436 194
88 463 390 314 158
54 282 236 343 58
47 415 296 99 418
117 180 289 345 275
121 190 459 447 265
6 95 247 175 387
0 324 274 163 283
136 366 433 430 144
22 231 214 417 356
174 413 379 244 380
78 338 197 461 186
28 155 300 353 37
5 52 448 107 462
44 336 371 242 138
45 105 223 94 103
25 203 133 348 220
8 207 375 264 276
35 57 233 408 61
21 115 297 134 257
63 368 372 378 263
64 278 373 445 458
20 293 259 410 123
17 420 96 272 189
12 443 406 367 456
14 354 135 305 435
48 389 87 416 426
70 341 188 284 227
4 321 204 187 359
112 199 421 167 243
1 93 222 385 195
218 344 316 422 268
82 382 179 114 139
85 256 100 295 391
132 140 196 332 339
89 388 302 347 166
102 250 286 252 152
119 239 245 386 399
118 254 161 273 428
160 403 322 333 171
116 361 208 409 217
7 362 437 176 331
143 269 396 177 369
27 62 46 401 192
81 326 182 129 419
148 432 292 291 183
32 280 270 266 358
40 453 159 165 216
29 228 309 104 425
9 86 229 452 154
67 376 98 393 412
238 258 319 460 424
79 431 124 225 191
75 210 442 436 194
88 463 390 314 158
54 282 236 343 58
47 415 296 99 418
117 180 289 345 275
121 190 459 447 265
6 95 247 175 387
0 324 274 163 283
136 366 433 430 144
22 231 214 417 356
174 413 379 244 380
78 338 197 461 186
28 155 300 353 37
5 52 448 107 462
44 336 371 242 138
45 105 223 94 103
25 203 133 348 220
8 207 375 264 276
35 57 233 408 61
21 115 297 134 257
63 368 372 378 263
64 278 373 445 458
20 293 259 410 123
17 420 96 272 189
12 443 406 367 456
14 354 135 305 435
48 389 87 416 426
70 341 188 284 227
4 321 204 187 359
112 199 421 167 243
1 93 222 385 195
218 344 316 422 268
82 382 179 114 139
85 256 100 295 391
132 140 196 332 339
89 388 302 347 166
102 250 286 252 152
119 239 245 386 399
118 254 161 273 428
160 403 322 333 171
116 361 208 409 217
7 362 437 176 331
143 269 396 177 369
27 62 46 401 192
81 326 182 129 419
148 432 292 291 183
32 280 270 266 358
24 232 137 149 306
40 453 159 165 216
29 228 309 104 425
9 86 229 452 154
67 376 98 393 412
238 258 319 460 424
79 431 124 225 191
75 210 442 436 194
88 463 390 314 158
54 282 236 343 58
47 415 296 99 418
117 180 289 345 275
121 190 459 447 265
6 95 247 175 387
0 324 274 163 283
136 366 433 430 144
22 231 214 417 356
174 413 379 244 380
78 338 197 461 186
28 155 300 353 37
5 52 448 107 462
44 336 371 242 138
45 105 223 94 103
25 203 133 348 220
8 207 375 264 276
35 57 233 408 61
21 115 297 134 257
63 368 372 378 263
64 278 373 445 458
20 293 259 410 123
17 420 96 272 189
12 443 406 367 456
14 354 135 305 435
48 389 87 416 426
70 341 188 284 227
4 321 204 187 359
112 199 421 167 243
1 93 222 385 195
218 344 316 422 268
82 382 179 114 139
85 256 100 295 391
132 140 196 332 339
89 388 302 347 166
102 250 286 252 152
119 239 245 386 399
118 254 161 273 428
160 403 322 333 171
116 361 208 409 217
7 362 437 176 331
143 269 396 177 369
27 62 46 401 192
81 326 182 129 419
148 432 292 291 183
32 280 270 266 358
24 232 137 149 306
170 411 455 315 253
40 453 159 165 216
29 228 309 104 425
9 86 229 452 154
67 376 98 393 412
238 258 319 460 424
79 431 124 225 191
75 210 442 436 194
88 463 390 314 158
54 282 236 343 58
47 415 296 99 418
117 180 289 345 275
121 190 459 447 265
6 95 247 175 387
0 324 274 163 283
136 366 433 430 144
22 231 214 417 356
174 413 379 244 380
78 338 197 461 186
28 155 300 353 37
5 52 448 107 462
44 336 371 242 138
45 105 223 94 103
25 203 133 348 220
8 207 375 264 276
35 57 233 408 61
21 115 297 134 257
63 368 372 378 263
64 278 373 445 458
20 293 259 410 123
17 420 96 272 189
12 443 406 367 456
14 354 135 305 435
48 389 87 416 426
70 341 188 284 227
4 321 204 187 359
112 199 421 167 243
1 93 222 385 195
218 344 316 422 268
82 382 179 114 139
85 256 100 295 391
132 140 196 332 339
89 388 302 347 166
102 250 286 252 152
119 239 245 386 399
118 254 161 273 428
160 403 322 333 171
116 361 208 409 217
7 362 437 176 331
143 269 396 177 369
27 62 46 401 192
81 326 182 129 419
148 432 292 291 183
32 280 270 266 358
24 232 137 149 306
170 411 455 315 253
185 198 261 206 337
40 453 159 165 216
29 228 309 104 425
9 86 229 452 154
67 376 98 393 412
238 258 319 460 424
79 431 124 225 191
75 210 442 436 194
88 463 390 314 158
54 282 236 343 58
47 415 296 99 418
117 180 289 345 275
121 190 459 447 265
6 95 247 175 387
0 324 274 163 283
136 366 433 430 144
22 231 214 417 356
174 413 379 244 380
78 338 197 461 186
28 155 300 353 37
5 52 448 107 462
44 336 371 242 138
45 105 223 94 103
25 203 133 348 220
8 207 375 264 276
35 57 233 408 61
21 115 297 134 257
63 368 372 378 263
64 278 373 445 458
20 293 259 410 123
17 420 96 272 189
12 443 406 367 456
14 354 135 305 435
48 389 87 416 426
70 341 188 284 227
4 321 204 187 359
112 199 421 167 243
1 93 222 385 195
218 344 316 422 268
82 382 179 114 139
85 256 100 295 391
132 140 196 332 339
89 388 302 347 166
102 250 286 252 152
119 239 245 386 399
118 254 161 273 428
160 403 322 333 171
116 361 208 409 217
7 362 437 176 331
143 269 396 177 369
27 62 46 401 192
81 326 182 129 419
148 432 292 291 183
32 280 270 266 358
24 232 137 149 306
170 411 455 315 253
185 198 261 206 337
19 335 51 323 56
40 453 159 165 216
29 228 309 104 425
9 86 229 452 154
67 376 98 393 412
238 258 319 460 424
79 431 124 225 191
75 210 442 436 194
88 463 390 314 158
54 282 236 343 58
47 415 296 99 418
117 180 289 345 275
121 190 459 447 265
6 95 247 175 387
0 324 274 163 283
136 366 433 430 144
22 231 214 417 356
174 413 379 244 380
78 338 197 461 186
28 155 300 353 37
5 52 448 107 462
44 336 371 242 138
45 105 223 94 103
25 203 133 348 220
8 207 375 264 276
35 57 233 408 61
21 115 297 134 257
63 368 372 378 263
64 278 373 445 458
20 293 259 410 123
17 420 96 272 189
12 443 406 367 456
14 354 135 305 435
48 389 87 416 426
70 341 188 284 227
4 321 204 187 359
112 199 421 167 243
1 93 222 385 195
218 344 316 422 268
82 382 179 114 139
85 256 100 295 391
132 140 196 332 339
89 388 302 347 166
102 250 286 252 152
119 239 245 386 399
118 254 161 273 428
160 403 322 333 171
116 361 208 409 217
7 362 437 176 331
143 269 396 177 369
27 62 46 401 192
81 326 182 129 419
148 432 292 291 183
32 280 270 266 358
24 232 137 149 306
170 411 455 315 253
185 198 261 206 337
19 335 51 323 56
202 351 299 449 288
40 453 159 165 216
29 228 309 104 425
9 86 229 452 154
67 376 98 393 412
238 258 319 460 424
79 431 124 225 191
75 210 442 436 194
88 463 390 314 158
54 282 236 343 58
47 415 296 99 418
117 180 289 345 275
121 190 459 447 265
6 95 247 175 387
0 324 274 163 283
136 366 433 430 144
22 231 214 417 356
174 413 379 244 380
78 338 197 461 186
28 155 300 353 37
5 52 448 107 462
44 336 371 242 138
45 105 223 94 103
25 203 133 348 220
8 207 375 264 276
35 57 233 408 61
21 115 297 134 257
63 368 372 378 263
64 278 373 445 458
20 293 259 410 123
17 420 96 272 189
12 443 406 367 456
14 354 135 305 435
48 389 87 416 426
70 341 188 284 227
4 321 204 187 359
112 199 421 167 243
1 93 222 385 195
218 344 316 422 268
82 382 179 114 139
85 256 100 295 391
132 140 196 332 339
89 388 302 347 166
102 250 286 252 152
119 239 245 386 399
118 254 161 273 428
160 403 322 333 171
116 361 208 409 217
7 362 437 176 331
143 269 396 177 369
27 62 46 401 192
81 326 182 129 419
148 432 292 291 183
32 280 270 266 358
24 232 137 149 306
170 411 455 315 253
185 198 261 206 337
19 335 51 323 56
202 351 299 449 288
11 262 157 454 363
40 453 159 165 216
29 228 309 104 425
9 86 229 452 154
67 376 98 393 412
238 258 319 460 424
79 431 124 225 191
75 210 442 436 194
88 463 390 314 158
54 282 236 343 58
47 415 296 99 418
117 180 289 345 275
121 190 459 447 265
6 95 247 175 387
0 324 274 163 283
136 366 433 430 144
22 231 214 417 356
174 413 379 244 380
78 338 197 461 186
28 155 300 353 37
5 52 448 107 462
44 336 371 242 138
45 105 223 94 103
25 203 133 348 220
8 207 375 264 276
35 57 233 408 61
21 115 297 134 257
63 368 372 378 263
64 278 373 445 458
20 293 259 410 123
17 420 96 272 189
12 443 406 367 456
14 354 135 305 435
48 389 87 416 426
70 341 188 284 227
4 321 204 187 359
112 199 421 167 243
1 93 222 385 195
218 344 316 422 268
82 382 179 114 139
85 256 100 295 391
132 140 196 332 339
89 388 302 347 166
102 250 286 252 152
119 239 245 386 399
118 254 161 273 428
160 403 322 333 171
116 361 208 409 217
7 362 437 176 331
143 269 396 177 369
27 62 46 401 192
81 326 182 129 419
148 432 292 291 183
32 280 270 266 358
24 232 137 149 306
170 411 455 315 253
185 198 261 206 337
19 335 51 323 56
202 351 299 449 288
11 262 157 454 363
130 205 246 221 279
40 453 159 165 216
29 228 309 104 425
9 86 229 452 154
67 376 98 393 412
238 258 319 460 424
79 431 124 225 191
75 210 442 436 194
88 463 390 314 158
54 282 236 343 58
47 415 296 99 418
117 180 289 345 275
121 190 459 447 265
6 95 247 175 387
0 324 274 163 283
136 366 433 430 144
22 231 214 417 356
174 413 379 244 380
78 338 197 461 186
28 155 300 353 37
5 52 448 107 462
44 336 371 242 138
45 105 223 94 103
25 203 133 348 220
8 207 375 264 276
35 57 233 408 61
21 115 297 134 257
63 368 372 378 263
64 278 373 445 458
20 293 259 410 123
17 420 96 272 189
12 443 406 367 456
14 354 135 305 435
48 389 87 416 426
70 341 188 284 227
4 321 204 187 359
112 199 421 167 243
1 93 222 385 195
218 344 316 422 268
82 382 179 114 139
85 256 100 295 391
132 140 196 332 339
89 388 302 347 166
102 250 286 252 152
119 239 245 386 399
118 254 161 273 428
160 403 322 333 171
116 361 208 409 217
7 362 437 176 331
143 269 396 177 369
27 62 46 401 192
81 326 182 129 419
148 432 292 291 183
32 280 270 266 358
24 232 137 149 306
170 411 455 315 253
185 198 261 206 337
19 335 51 323 56
202 351 299 449 288
11 262 157 454 363
130 205 246 221 279
126 439 303 407 255
40 453 159 165 216
29 228 309 104 425
9 86 229 452 154
67 376 98 393 412
238 258 319 460 424
79 431 124 225 191
75 210 442 436 194
88 463 390 314 158
54 282 236 343 58
47 415 296 99 418
117 180 289 345 275
121 190 459 447 265
6 95 247 175 387
0 324 274 163 283
136 366 433 430 144
22 231 214 417 356
174 413 379 244 380
78 338 197 461 186
28 155 300 353 37
5 52 448 107 462
44 336 371 242 138
45 105 223 94 103
25 203 133 348 220
8 207 375 264 276
35 57 233 408 61
21 115 297 134 257
63 368 372 378 263
64 278 373 445 458
20 293 259 410 123
17 420 96 272 189
12 443 406 367 456
14 354 135 305 435
48 389 87 416 426
70 341 188 284 227
4 321 204 187 359
112 199 421 167 243
1 93 222 385 195
218 344 316 422 268
82 382 179 114 139
85 256 100 295 391
132 140 196 332 339
89 388 302 347 166
102 250 286 252 152
119 239 245 386 399
118 254 161 273 428
160 403 322 333 171
116 361 208 409 217
7 362 437 176 331
143 269 396 177 369
27 62 46 401 192
81 326 182 129 419
148 432 292 291 183
32 280 270 266 358
24 232 137 149 306
170 411 455 315 253
185 198 261 206 337
19 335 51 323 56
202 351 299 449 288
11 262 157 454 363
130 205 246 221 279
126 439 303 407 255
127 397 128 151 271
40 453 159 165 216
29 228 309 104 425
9 86 229 452 154
67 376 98 393 412
238 258 319 460 424
79 431 124 225 191
75 210 442 436 194
88 463 390 314 158
54 282 236 343 58
47 415 296 99 418
117 180 289 345 275
121 190 459 447 265
6 95 247 175 387
0 324 274 163 283
136 366 433 430 144
22 231 214 417 356
174 413 379 244 380
78 338 197 461 186
28 155 300 353 37
5 52 448 107 462
44 336 371 242 138
45 105 223 94 103
25 203 133 348 220
8 207 375 264 276
35 57 233 408 61
21 115 297 134 257
63 368 372 378 263
64 278 373 445 458
20 293 259 410 123
17 420 96 272 189
12 443 406 367 456
14 354 135 305 435
48 389 87 416 426
70 341 188 284 227
4 321 204 187 359
112 199 421 167 243
1 93 222 385 195
218 344 316 422 268
82 382 179 114 139
85 256 100 295 391
132 140 196 332 339
89 388 302 347 166
102 250 286 252 152
119 239 245 386 399
118 254 161 273 428
160 403 322 333 171
116 361 208 409 217
7 362 437 176 331
143 269 396 177 369
27 62 46 401 192
81 326 182 129 419
148 432 292 291 183
32 280 270 266 358
24 232 137 149 306
170 411 455 315 253
185 198 261 206 337
19 335 51 323 56
202 351 299 449 288
11 262 157 454 363
130 205 246 221 279
126 439 303 407 255
127 397 128 151 271
36 178 211 392 404
40 453 159 165 216
29 228 309 104 425
9 86 229 452 154
67 376 98 393 412
238 258 319 460 424
79 431 124 225 191
75 210 442 436 194
88 463 390 314 158
54 282 236 343 58
47 415 296 99 418
117 180 289 345 275
121 190 459 447 265
6 95 247 175 387
0 324 274 163 283
136 366 433 430 144
22 231 214 417 356
174 413 379 244 380
78 338 197 461 186
28 155 300 353 37
5 52 448 107 462
44 336 371 242 138
45 105 223 94 103
25 203 133 348 220
8 207 375 264 276
35 57 233 408 61
21 115 297 134 257
63 368 372 378 263
64 278 373 445 458
20 293 259 410 123
17 420 96 272 189
12 443 406 367 456
14 354 135 305 435
48 389 87 416 426
70 341 188 284 227
4 321 204 187 359
112 199 421 167 243
1 93 222 385 195
218 344 316 422 268
82 382 179 114 139
85 256 100 295 391
132 140 196 332 339
89 388 302 347 166
102 250 286 252 152
119 239 245 386 399
118 254 161 273 428
160 403 322 333 171
116 361 208 409 217
7 362 437 176 331
143 269 396 177 369
27 62 46 401 192
81 326 182 129 419
148 432 292 291 183
32 280 270 266 358
24 232 137 149 306
170 411 455 315 253
185 198 261 206 337
19 335 51 323 56
202 351 299 449 288
11 262 157 454 363
130 205 246 221 279
126 439 303 407 255
127 397 128 151 271
36 178 211 392 404
84 125 172 240 181
40 453 159 165 216
29 228 309 104 425
9 86 229 452 154
67 376 98 393 412
238 258 319 460 424
79 431 124 225 191
75 210 442 436 194
88 463 390 314 158
54 282 236 343 58
47 415 296 99 418
117 180 289 345 275
121 190 459 447 265
6 95 247 175 387
0 324 274 163 283
136 366 433 430 144
22 231 214 417 356
174 413 379 244 380
78 338 197 461 186
28 155 300 353 37
5 52 448 107 462
44 336 371 242 138
45 105 223 94 103
25 203 133 348 220
8 207 375 264 276
35 57 233 408 61
21 115 297 134 257
63 368 372 378 263
64 278 373 445 458
20 293 259 410 123
17 420 96 272 189
12 443 406 367 456
14 354 135 305 435
48 389 87 416 426
70 341 188 284 227
4 321 204 187 359
112 199 421 167 243
1 93 222 385 195
218 344 316 422 268
82 382 179 114 139
85 256 100 295 391
132 140 196 332 339
89 388 302 347 166
102 250 286 252 152
119 239 245 386 399
118 254 161 273 428
160 403 322 333 171
116 361 208 409 217
7 362 437 176 331
143 269 396 177 369
27 62 46 401 192
81 326 182 129 419
148 432 292 291 183
32 280 270 266 358
24 232 137 149 306
170 411 455 315 253
185 198 261 206 337
19 335 51 323 56
202 351 299 449 288
11 262 157 454 363
130 205 246 221 279
126 439 303 407 255
127 397 128 151 271
36 178 211 392 404
84 125 172 240 181
74 92 355 224 400
40 453 159 165 216
29 228 309 104 425
9 86 229 452 154
67 376 98 393 412
238 258 319 460 424
79 431 124 225 191
75 210 442 436 194
88 463 390 314 158
54 282 236 343 58
47 415 296 99 418
117 180 289 345 275
121 190 459 447 265
6 95 247 175 387
0 324 274 163 283
136 366 433 430 144
22 231 214 417 356
174 413 379 244 380
78 338 197 461 186
28 155 300 353 37
5 52 448 107 462
44 336 371 242 138
45 105 223 94 103
25 203 133 348 220
8 207 375 264 276
35 57 233 408 61
21 115 297 134 257
63 368 372 378 263
64 278 373 445 458
20 293 259 410 123
17 420 96 272 189
12 443 406 367 456
14 354 135 305 435
48 389 87 416 426
70 341 188 284 227
4 321 204 187 359
112 199 421 167 243
1 93 222 385 195
218 344 316 422 268
82 382 179 114 139
85 256 100 295 391
132 140 196 332 339
89 388 302 347 166
102 250 286 252 152
119 239 245 386 399
118 254 161 273 428
160 403 322 333 171
116 361 208 409 217
7 362 437 176 331
143 269 396 177 369
27 62 46 401 192
81 326 182 129 419
148 432 292 291 183
32 280 270 266 358
24 232 137 149 306
170 411 455 315 253
185 198 261 206 337
19 335 51 323 56
202 351 299 449 288
11 262 157 454 363
130 205 246 221 279
126 439 303 407 255
127 397 128 151 271
36 178 211 392 404
84 125 172 240 181
74 92 355 224 400
72 260 377 77 320
40 453 159 165 216
29 228 309 104 425
9 86 229 452 154
67 376 98 393 412
238 258 319 460 424
79 431 124 225 191
75 210 442 436 194
88 463 390 314 158
54 282 236 343 58
47 415 296 99 418
117 180 289 345 275
121 190 459 447 265
6 95 247 175 387
0 324 274 163 283
136 366 433 430 144
22 231 214 417 356
174 413 379 244 380
78 338 197 461 186
28 155 300 353 37
5 52 448 107 462
44 336 371 242 138
45 105 223 94 103
25 203 133 348 220
8 207 375 264 276
35 57 233 408 61
21 115 297 134 257
63 368 372 378 263
64 278 373 445 458
20 293 259 410 123
17 420 96 272 189
12 443 406 367 456
14 354 135 305 435
48 389 87 416 426
70 341 188 284 227
4 321 204 187 359
112 199 421 167 243
1 93 222 385 195
218 344 316 422 268
82 382 179 114 139
85 256 100 295 391
132 140 196 332 339
89 388 302 347 166
102 250 286 252 152
119 239 245 386 399
118 254 161 273 428
160 403 322 333 171
116 361 208 409 217
7 362 437 176 331
143 269 396 177 369
27 62 46 401 192
81 326 182 129 419
148 432 292 291 183
32 280 270 266 358
24 232 137 149 306
170 411 455 315 253
185 198 261 206 337
19 335 51 323 56
202 351 299 449 288
11 262 157 454 363
130 205 246 221 279
126 439 303 407 255
127 397 128 151 271
36 178 211 392 404
84 125 172 240 181
74 92 355 224 400
72 260 377 77 320
71 76 113 308 398
40 453 159 165 216
29 228 309 104 425
9 86 229 452 154
67 376 98 393 412
238 258 319 460 424
79 431 124 225 191
75 210 442 436 194
88 463 390 314 158
54 282 236 343 58
47 415 296 99 418
117 180 289 345 275
121 190 459 447 265
6 95 247 175 387
0 324 274 163 283
136 366 433 430 144
22 231 214 417 356
174 413 379 244 380
78 338 197 461 186
28 155 300 353 37
5 52 448 107 462
44 336 371 242 138
45 105 223 94 103
25 203 133 348 220
8 207 375 264 276
35 57 233 408 61
21 115 297 134 257
63 368 372 378 263
64 278 373 445 458
20 293 259 410 123
17 420 96 272 189
12 443 406 367 456
14 354 135 305 435
48 389 87 416 426
70 341 188 284 227
4 321 204 187 359
112 199 421 167 243
1 93 222 385 195
218 344 316 422 268
82 382 179 114 139
85 256 100 295 391
132 140 196 332 339
89 388 302 347 166
102 250 286 252 152
119 239 245 386 399
118 254 161 273 428
160 403 322 333 171
116 361 208 409 217
7 362 437 176 331
143 269 396 177 369
27 62 46 401 192
81 326 182 129 419
148 432 292 291 183
32 280 270 266 358
24 232 137 149 306
170 411 455 315 253
185 198 261 206 337
19 335 51 323 56
202 351 299 449 288
11 262 157 454 363
130 205 246 221 279
126 439 303 407 255
127 397 128 151 271
36 178 211 392 404
84 125 172 240 181
74 92 355 224 400
72 260 377 77 320
71 76 113 308 398
69 325 131 212 334
40 453 159 165 216
29 228 309 104 425
9 86 229 452 154
67 376 98 393 412
238 258 319 460 424
79 431 124 225 191
75 210 442 436 194
88 463 390 314 158
54 282 236 343 58
47 415 296 99 418
117 180 289 345 275
121 190 459 447 265
6 95 247 175 387
0 324 274 163 283
136 366 433 430 144
22 231 214 417 356
174 413 379 244 380
78 338 197 461 186
28 155 300 353 37
5 52 448 107 462
44 336 371 242 138
45 105 223 94 103
25 203 133 348 220
8 207 375 264 276
35 57 233 408 61
21 115 297 134 257
63 368 372 378 263
64 278 373 445 458
20 293 259 410 123
17 420 96 272 189
12 443 406 367 456
14 354 135 305 435
48 389 87 416 426
70 341 188 284 227
4 321 204 187 359
112 199 421 167 243
1 93 222 385 195
218 344 316 422 268
82 382 179 114 139
85 256 100 295 391
132 140 196 332 339
89 388 302 347 166
102 250 286 252 152
119 239 245 386 399
118 254 161 273 428
160 403 322 333 171
116 361 208 409 217
7 362 437 176 331
143 269 396 177 369
27 62 46 401 192
81 326 182 129 419
148 432 292 291 183
32 280 270 266 358
24 232 137 149 306
170 411 455 315 253
185 198 261 206 337
19 335 51 323 56
202 351 299 449 288
11 262 157 454 363
130 205 246 221 279
126 439 303 407 255
127 397 128 151 271
36 178 211 392 404
84 125 172 240 181
74 92 355 224 400
72 260 377 77 320
71 76 113 308 398
69 325 131 212 334
65 169 162 68 340
40 453 159 165 216
29 228 309 104 425
9 86 229 452 154
67 376 98 393 412
238 258 319 460 424
79 431 124 225 191
75 210 442 436 194
88 463 390 314 158
54 282 236 343 58
47 415 296 99 418
117 180 289 345 275
121 190 459 447 265
6 95 247 175 387
0 324 274 163 283
136 366 433 430 144
22 231 214 417 356
174 413 379 244 380
78 338 197 461 186
28 155 300 353 37
5 52 448 107 462
44 336 371 242 138
45 105 223 94 103
25 203 133 348 220
8 207 375 264 276
35 57 233 408 61
21 115 297 134 257
63 368 372 378 263
64 278 373 445 458
20 293 259 410 123
17 420 96 272 189
12 443 406 367 456
14 354 135 305 435
48 389 87 416 426
70 341 188 284 227
4 321 204 187 359
112 199 421 167 243
1 93 222 385 195
218 344 316 422 268
82 382 179 114 139
85 256 100 295 391
132 140 196 332 339
89 388 302 347 166
102 250 286 252 152
119 239 245 386 399
118 254 161 273 428
160 403 322 333 171
116 361 208 409 217
7 362 437 176 331
143 269 396 177 369
27 62 46 401 192
81 326 182 129 419
148 432 292 291 183
32 280 270 266 358
24 232 137 149 306
170 411 455 315 253
185 198 261 206 337
19 335 51 323 56
202 351 299 449 288
11 262 157 454 363
130 205 246 221 279
126 439 303 407 255
127 397 128 151 271
36 178 211 392 404
84 125 172 240 181
74 92 355 224 400
72 260 377 77 320
71 76 113 308 398
69 325 131 212 334
65 169 162 68 340
106 310 251 301 434
40 453 159 165 216
29 228 309 104 425
9 86 229 452 154
67 376 98 393 412
238 258 319 460 424
79 431 124 225 191
75 210 442 436 194
88 463 390 314 158
54 282 236 343 58
47 415 296 99 418
117 180 289 345 275
121 190 459 447 265
6 95 247 175 387
0 324 274 163 283
136 366 433 430 144
22 231 214 417 356
174 413 379 244 380
78 338 197 461 186
28 155 300 353 37
5 52 448 107 462
44 336 371 242 138
45 105 223 94 103
25 203 133 348 220
8 207 375 264 276
35 57 233 408 61
21 115 297 134 257
63 368 372 378 263
64 278 373 445 458
20 293 259 410 123
17 420 96 272 189
12 443 406 367 456
14 354 135 305 435
48 389 87 416 426
70 341 188 284 227
4 321 204 187 359
112 199 421 167 243
1 93 222 385 195
218 344 316 422 268
82 382 179 114 139
85 256 100 295 391
132 140 196 332 339
89 388 302 347 166
102 250 286 252 152
119 239 245 386 399
118 254 161 273 428
160 403 322 333 171
116 361 208 409 217
7 362 437 176 331
143 269 396 177 369
27 62 46 401 192
81 326 182 129 419
148 432 292 291 183
32 280 270 266 358
24 232 137 149 306
170 411 455 315 253
185 198 261 206 337
19 335 51 323 56
202 351 299 449 288
11 262 157 454 363
130 205 246 221 279
126 439 303 407 255
127 397 128 151 271
36 178 211 392 404
84 125 172 240 181
74 92 355 224 400
72 260 377 77 320
71 76 113 308 398
69 325 131 212 334
65 169 162 68 340
106 310 251 301 434
108 330 329 111 290
40 453 159 165 216
29 228 309 104 425
9 86 229 452 154
67 376 98 393 412
238 258 319 460 424
79 431 124 225 191
75 210 442 436 194
88 463 390 314 158
54 282 236 343 58
47 415 296 99 418
117 180 289 345 275
121 190 459 447 265
6 95 247 175 387
0 324 274 163 283
136 366 433 430 144
22 231 214 417 356
174 413 379 244 380
78 338 197 461 186
28 155 300 353 37
5 52 448 107 462
44 336 371 242 138
45 105 223 94 103
25 203 133 348 220
8 207 375 264 276
35 57 233 408 61
21 115 297 134 257
63 368 372 378 263
64 278 373 445 458
20 293 259 410 123
17 420 96 272 189
12 443 406 367 456
14 354 135 305 435
48 389 87 416 426
70 341 188 284 227
4 321 204 187 359
112 199 421 167 243
1 93 222 385 195
218 344 316 422 268
82 382 179 114 139
85 256 100 295 391
132 140 196 332 339
89 388 302 347 166
102 250 286 252 152
119 239 245 386 399
118 254 161 273 428
160 403 322 333 171
116 361 208 409 217
7 362 437 176 331
143 269 396 177 369
27 62 46 401 192
81 326 182 129 419
148 432 292 291 183
32 280 270 266 358
24 232 137 149 306
170 411 455 315 253
185 198 261 206 337
19 335 51 323 56
202 351 299 449 288
11 262 157 454 363
130 205 246 221 279
126 439 303 407 255
127 397 128 151 271
36 178 211 392 404
84 125 172 240 181
74 92 355 224 400
72 260 377 77 320
71 76 113 308 398
69 325 131 212 334
65 169 162 68 340
106 310 251 301 434
108 330 329 111 290
53 215 150 304 450
40 453 159 165 216
29 228 309 104 425
9 86 229 452 154
67 376 98 393 412
238 258 319 460 424
79 431 124 225 191
75 210 442 436 194
88 463 390 314 158
54 282 236 343 58
47 415 296 99 418
117 180 289 345 275
121 190 459 447 265
6 95 247 175 387
0 324 274 163 283
136 366 433 430 144
22 231 214 417 356
174 413 379 244 380
78 338 197 461 186
28 155 300 353 37
5 52 448 107 462
44 336 371 242 138
45 105 223 94 103
25 203 133 348 220
8 207 375 264 276
35 57 233 408 61
21 115 297 134 257
63 368 372 378 263
64 278 373 445 458
20 293 259 410 123
17 420 96 272 189
12 443 406 367 456
14 354 135 305 435
48 389 87 416 426
70 341 188 284 227
4 321 204 187 359
112 199 421 167 243
1 93 222 385 195
218 344 316 422 268
82 382 179 114 139
85 256 100 295 391
132 140 196 332 339
89 388 302 347 166
102 250 286 252 152
119 239 245 386 399
118 254 161 273 428
160 403 322 333 171
116 361 208 409 217
7 362 437 176 331
143 269 396 177 369
27 62 46 401 192
81 326 182 129 419
148 432 292 291 183
32 280 270 266 358
24 232 137 149 306
170 411 455 315 253
185 198 261 206 337
19 335 51 323 56
202 351 299 449 288
11 262 157 454 363
130 205 246 221 279
126 439 303 407 255
127 397 128 151 271
36 178 211 392 404
84 125 172 240 181
74 92 355 224 400
72 260 377 77 320
71 76 113 308 398
69 325 131 212 334
65 169 162 68 340
106 310 251 301 434
108 330 329 111 290
53 215 150 304 450
50 234 360 423 213
40 453 159 165 216
29 228 309 104 425
9 86 229 452 154
67 376 98 393 412
238 258 319 460 424
79 431 124 225 191
75 210 442 436 194
88 463 390 314 158
54 282 236 343 58
47 415 296 99 418
117 180 289 345 275
121 190 459 447 265
6 95 247 175 387
0 324 274 163 283
136 366 433 430 144
22 231 214 417 356
174 413 379 244 380
78 338 197 461 186
28 155 300 353 37
5 52 448 107 462
44 336 371 242 138
45 105 223 94 103
25 203 133 348 220
8 207 375 264 276
35 57 233 408 61
21 115 297 134 257
63 368 372 378 263
64 278 373 445 458
20 293 259 410 123
17 420 96 272 189
12 443 406 367 456
14 354 135 305 435
48 389 87 416 426
70 341 188 284 227
4 321 204 187 359
112 199 421 167 243
1 93 222 385 195
218 344 316 422 268
82 382 179 114 139
85 256 100 295 391
132 140 196 332 339
89 388 302 347 166
102 250 286 252 152
119 239 245 386 399
118 254 161 273 428
160 403 322 333 171
116 361 208 409 217
7 362 437 176 331
143 269 396 177 369
27 62 46 401 192
81 326 182 129 419
148 432 292 291 183
32 280 270 266 358
24 232 137 149 306
170 411 455 315 253
185 198 261 206 337
19 335 51 323 56
202 351 299 449 288
11 262 157 454 363
130 205 246 221 279
126 439 303 407 255
127 397 128 151 271
36 178 211 392 404
84 125 172 240 181
74 92 355 224 400
72 260 377 77 320
71 76 113 308 398
69 325 131 212 334
65 169 162 68 340
106 310 251 301 434
108 330 329 111 290
53 215 150 304 450
50 234 360 423 213
42 60 146 193 184
40 453 159 165 216
29 228 309 104 425
9 86 229 452 154
67 376 98 393 412
238 258 319 460 424
79 431 124 225 191
75 210 442 436 194
88 463 390 314 158
54 282 236 343 58
47 415 296 99 418
117 180 289 345 275
121 190 459 447 265
6 95 247 175 387
0 324 274 163 283
136 366 433 430 144
22 231 214 417 356
174 413 379 244 380
78 338 197 461 186
28 155 300 353 37
5 52 448 107 462
44 336 371 242 138
45 105 223 94 103
25 203 133 348 220
8 207 375 264 276
35 57 233 408 61
21 115 297 134 257
63 368 372 378 263
64 278 373 445 458
20 293 259 410 123
17 420 96 272 189
12 443 406 367 456
14 354 135 305 435
48 389 87 416 426
70 341 188 284 227
4 321 204 187 359
112 199 421 167 243
1 93 222 385 195
218 344 316 422 268
82 382 179 114 139
85 256 100 295 391
132 140 196 332 339
89 388 302 347 166
102 250 286 252 152
119 239 245 386 399
118 254 161 273 428
160 403 322 333 171
116 361 208 409 217
7 362 437 176 331
143 269 396 177 369
27 62 46 401 192
81 326 182 129 419
148 432 292 291 183
32 280 270 266 358
24 232 137 149 306
170 411 455 315 253
185 198 261 206 337
19 335 51 323 56
202 351 299 449 288
11 262 157 454 363
130 205 246 221 279
126 439 303 407 255
127 397 128 151 271
36 178 211 392 404
84 125 172 240 181
74 92 355 224 400
72 260 377 77 320
71 76 113 308 398
69 325 131 212 334
65 169 162 68 340
106 310 251 301 434
108 330 329 111 290
53 215 150 304 450
50 234 360 423 213
42 60 146 193 184
41 383 73 350 209
40 453 159 165 216
29 228 309 104 425
9 86 229 452 154
67 376 98 393 412
238 258 319 460 424
79 431 124 225 191
75 210 442 436 194
88 463 390 314 158
54 282 236 343 58
47 415 296 99 418
117 180 289 345 275
121 190 459 447 265
6 95 247 175 387
0 324 274 163 283
136 366 433 430 144
22 231 214 417 356
174 413 379 244 380
78 338 197 461 186
28 155 300 353 37
5 52 448 107 462
44 336 371 242 138
45 105 223 94 103
25 203 133 348 220
8 207 375 264 276
35 57 233 408 61
21 115 297 134 257
63 368 372 378 263
64 278 373 445 458
20 293 259 410 123
17 420 96 272 189
12 443 406 367 456
14 354 135 305 435
48 389 87 416 426
70 341 188 284 227
4 321 204 187 359
112 199 421 167 243
1 93 222 385 195
218 344 316 422 268
82 382 179 114 139
85 256 100 295 391
132 140 196 332 339
89 388 302 347 166
102 250 286 252 152
119 239 245 386 399
118 254 161 273 428
160 403 322 333 171
116 361 208 409 217
7 362 437 176 331
143 269 396 177 369
27 62 46 401 192
81 326 182 129 419
148 432 292 291 183
32 280 270 266 358
24 232 137 149 306
170 411 455 315 253
185 198 261 206 337
19 335 51 323 56
202 351 299 449 288
11 262 157 454 363
130 205 246 221 279
126 439 303 407 255
127 397 128 151 271
36 178 211 392 404
84 125 172 240 181
74 92 355 224 400
72 260 377 77 320
71 76 113 308 398
69 325 131 212 334
65 169 162 68 340
106 310 251 301 434
108 330 329 111 290
53 215 150 304 450
50 234 360 423 213
42 60 146 193 184
41 383 73 350 209
39 241 342 230 349
40 453 159 165 216
29 228 309 104 425
9 86 229 452 154
67 376 98 393 412
238 258 319 460 424
79 431 124 225 191
75 210 442 436 194
88 463 390 314 158
54 282 236 343 58
47 415 296 99 418
117 180 289 345 275
121 190 459 447 265
6 95 247 175 387
0 324 274 163 283
136 366 433 430 144
22 231 214 417 356
174 413 379 244 380
78 338 197 461 186
28 155 300 353 37
5 52 448 107 462
44 336 371 242 138
45 105 223 94 103
25 203 133 348 220
8 207 375 264 276
35 57 233 408 61
21 115 297 134 257
63 368 372 378 263
64 278 373 445 458
20 293 259 410 123
17 420 96 272 189
12 443 406 367 456
14 354 135 305 435
48 389 87 416 426
70 341 188 284 227
4 321 204 187 359
112 199 421 167 243
1 93 222 385 195
218 344 316 422 268
82 382 179 114 139
85 256 100 295 391
132 140 196 332 339
89 388 302 347 166
102 250 286 252 152
119 239 245 386 399
118 254 161 273 428
160 403 322 333 171
116 361 208 409 217
7 362 437 176 331
143 269 396 177 369
27 62 46 401 192
81 326 182 129 419
148 432 292 291 183
32 280 270 266 358
24 232 137 149 306
170 411 455 315 253
185 198 261 206 337
19 335 51 323 56
202 351 299 449 288
11 262 157 454 363
130 205 246 221 279
126 439 303 407 255
127 397 128 151 271
36 178 211 392 404
84 125 172 240 181
74 92 355 224 400
72 260 377 77 320
71 76 113 308 398
69 325 131 212 334
65 169 162 68 340
106 310 251 301 434
108 330 329 111 290
53 215 150 304 450
50 234 360 423 213
42 60 146 193 184
41 383 73 350 209
39 241 342 230 349
13 327 91 90 38
40 453 159 165 216
29 228 309 104 425
9 86 229 452 154
67 376 98 393 412
238 258 319 460 424
79 431 124 225 191
75 210 442 436 194
88 463 390 314 158
54 282 236 343 58
47 415 296 99 418
117 180 289 345 275
121 190 459 447 265
6 95 247 175 387
0 324 274 163 283
136 366 433 430 144
22 231 214 417 356
174 413 379 244 380
78 338 197 461 186
28 155 300 353 37
5 52 448 107 462
44 336 371 242 138
45 105 223 94 103
25 203 133 348 220
8 207 375 264 276
35 57 233 408 61
21 115 297 134 257
63 368 372 378 263
64 278 373 445 458
20 293 259 410 123
17 420 96 272 189
12 443 406 367 456
14 354 135 305 435
48 389 87 416 426
70 341 188 284 227
4 321 204 187 359
112 199 421 167 243
1 93 222 385 195
218 344 316 422 268
82 382 179 114 139
85 256 100 295 391
132 140 196 332 339
89 388 302 347 166
102 250 286 252 152
119 239 245 386 399
118 254 161 273 428
160 403 322 333 171
116 361 208 409 217
7 362 437 176 331
143 269 396 177 369
27 62 46 401 192
81 326 182 129 419
148 432 292 291 183
32 280 270 266 358
24 232 137 149 306
170 411 455 315 253
185 198 261 206 337
19 335 51 323 56
202 351 299 449 288
11 262 157 454 363
130 205 246 221 279
126 439 303 407 255
127 397 128 151 271
36 178 211 392 404
84 125 172 240 181
74 92 355 224 400
72 260 377 77 320
71 76 113 308 398
69 325 131 212 334
65 169 162 68 340
106 310 251 301 434
108 330 329 111 290
53 215 150 304 450
50 234 360 423 213
42 60 146 193 184
41 383 73 350 209
39 241 342 230 349
13 327 91 90 38
2 429 313 281 317
40 453 159 165 216
29 228 309 104 425
9 86 229 452 154
67 376 98 393 412
238 258 319 460 424
79 431 124 225 191
75 210 442 436 194
88 463 390 314 158
54 282 236 343 58
47 415 296 99 418
117 180 289 345 275
121 190 459 447 265
6 95 247 175 387
0 324 274 163 283
136 366 433 430 144
22 231 214 417 356
174 413 379 244 380
78 338 197 461 186
28 155 300 353 37
5 52 448 107 462
44 336 371 242 138
45 105 223 94 103
25 203 133 348 220
8 207 375 264 276
35 57 233 408 61
21 115 297 134 257
63 368 372 378 263
64 278 373 445 458
20 293 259 410 123
17 420 96 272 189
12 443 406 367 456
14 354 135 305 435
48 389 87 416 426
70 341 188 284 227
4 321 204 187 359
112 199 421 167 243
1 93 222 385 195
218 344 316 422 268
82 382 179 114 139
85 256 100 295 391
132 140 196 332 339
89 388 302 347 166
102 250 286 252 152
119 239 245 386 399
118 254 161 273 428
160 403 322 333 171
116 361 208 409 217
7 362 437 176 331
143 269 396 177 369
27 62 46 401 192
81 326 182 129 419
148 432 292 291 183
32 280 270 266 358
24 232 137 149 306
170 411 455 315 253
185 198 261 206 337
19 335 51 323 56
202 351 299 449 288
11 262 157 454 363
130 205 246 221 279
126 439 303 407 255
127 397 128 151 271
36 178 211 392 404
84 125 172 240 181
74 92 355 224 400
72 260 377 77 320
71 76 113 308 398
69 325 131 212 334
65 169 162 68 340
106 310 251 301 434
108 330 329 111 290
53 215 150 304 450
50 234 360 423 213
42 60 146 193 184
41 383 73 350 209
39 241 342 230 349
13 327 91 90 38
2 429 313 281 317
3 101 201 145 446
40 453 159 165 216
29 228 309 104 425
9 86 229 452 154
67 376 98 393 412
238 258 319 460 424
79 431 124 225 191
75 210 442 436 194
88 463 390 314 158
54 282 236 343 58
47 415 296 99 418
117 180 289 345 275
121 190 459 447 265
6 95 247 175 387
0 324 274 163 283
136 366 433 430 144
22 231 214 417 356
174 413 379 244 380
78 338 197 461 186
28 155 300 353 37
5 52 448 107 462
44 336 371 242 138
45 105 223 94 103
25 203 133 348 220
8 207 375 264 276
35 57 233 408 61
21 115 297 134 257
63 368 372 378 263
64 278 373 445 458
20 293 259 410 123
17 420 96 272 189
12 443 406 367 456
14 354 135 305 435
48 389 87 416 426
70 341 188 284 227
4 321 204 187 359
112 199 421 167 243
1 93 222 385 195
218 344 316 422 268
82 382 179 114 139
85 256 100 295 391
132 140 196 332 339
89 388 302 347 166
102 250 286 252 152
119 239 245 386 399
118 254 161 273 428
160 403 322 333 171
116 361 208 409 217
7 362 437 176 331
143 269 396 177 369
27 62 46 401 192
81 326 182 129 419
148 432 292 291 183
32 280 270 266 358
24 232 137 149 306
170 411 455 315 253
185 198 261 206 337
19 335 51 323 56
202 351 299 449 288
11 262 157 454 363
130 205 246 221 279
126 439 303 407 255
127 397 128 151 271
36 178 211 392 404
84 125 172 240 181
74 92 355 224 400
72 260 377 77 320
71 76 113 308 398
69 325 131 212 334
65 169 162 68 340
106 310 251 301 434
108 330 329 111 290
53 215 150 304 450
50 234 360 423 213
42 60 146 193 184
41 383 73 350 209
39 241 342 230 349
13 327 91 90 38
2 429 313 281 317
3 101 201 145 446
10 66 110 23 226
40 453 159 165 216
29 228 309 104 425
9 86 229 452 154
67 376 98 393 412
238 258 319 460 424
79 431 124 225 191
75 210 442 436 194
88 463 390 314 158
54 282 236 343 58
47 415 296 99 418
117 180 289 345 275
121 190 459 447 265
6 95 247 175 387
0 324 274 163 283
136 366 433 430 144
22 231 214 417 356
174 413 379 244 380
78 338 197 461 186
28 155 300 353 37
5 52 448 107 462
44 336 371 242 138
45 105 223 94 103
25 203 133 348 220
8 207 375 264 276
35 57 233 408 61
21 115 297 134 257
63 368 372 378 263
64 278 373 445 458
20 293 259 410 123
17 420 96 272 189
12 443 406 367 456
14 354 135 305 435
48 389 87 416 426
70 341 188 284 227
4 321 204 187 359
112 199 421 167 243
1 93 222 385 195
218 344 316 422 268
82 382 179 114 139
85 256 100 295 391
132 140 196 332 339
89 388 302 347 166
102 250 286 252 152
119 239 245 386 399
118 254 161 273 428
160 403 322 333 171
116 361 208 409 217
7 362 437 176 331
143 269 396 177 369
27 62 46 401 192
81 326 182 129 419
148 432 292 291 183
32 280 270 266 358
24 232 137 149 306
170 411 455 315 253
185 198 261 206 337
19 335 51 323 56
202 351 299 449 288
11 262 157 454 363
130 205 246 221 279
126 439 303 407 255
127 397 128 151 271
36 178 211 392 404
84 125 172 240 181
74 92 355 224 400
72 260 377 77 320
71 76 113 308 398
69 325 131 212 334
65 169 162 68 340
106 310 251 301 434
108 330 329 111 290
53 215 150 304 450
50 234 360 423 213
42 60 146 193 184
41 383 73 350 209
39 241 342 230 349
13 327 91 90 38
2 429 313 281 317
3 101 201 145 446
10 66 110 23 226
248 364 287 311 370
40 453 159 165 216
29 228 309 104 425
9 86 229 452 154
67 376 98 393 412
238 258 319 460 424
79 431 124 225 191
75 210 442 436 194
88 463 390 314 158
54 282 236 343 58
47 415 296 99 418
117 180 289 345 275
121 190 459 447 265
6 95 247 175 387
0 324 274 163 283
136 366 433 430 144
22 231 214 417 356
174 413 379 244 380
78 338 197 461 186
28 155 300 353 37
5 52 448 107 462
44 336 371 242 138
45 105 223 94 103
25 203 133 348 220
8 207 375 264 276
35 57 233 408 61
21 115 297 134 257
63 368 372 378 263
64 278 373 445 458
20 293 259 410 123
17 420 96 272 189
12 443 406 367 456
14 354 135 305 435
48 389 87 416 426
70 341 188 284 227
4 321 204 187 359
112 199 421 167 243
1 93 222 385 195
218 344 316 422 268
82 382 179 114 139
85 256 100 295 391
132 140 196 332 339
89 388 302 347 166
102 250 286 252 152
119 239 245 386 399
118 254 161 273 428
160 403 322 333 171
116 361 208 409 217
7 362 437 176 331
143 269 396 177 369
27 62 46 401 192
81 326 182 129 419
148 432 292 291 183
32 280 270 266 358
24 232 137 149 306
170 411 455 315 253
185 198 261 206 337
19 335 51 323 56
202 351 299 449 288
11 262 157 454 363
130 205 246 221 279
126 439 303 407 255
127 397 128 151 271
36 178 211 392 404
84 125 172 240 181
74 92 355 224 400
72 260 377 77 320
71 76 113 308 398
69 325 131 212 334
65 169 162 68 340
106 310 251 301 434
108 330 329 111 290
53 215 150 304 450
50 234 360 423 213
42 60 146 193 184
41 383 73 350 209
39 241 342 230 349
13 327 91 90 38
2 429 313 281 317
3 101 201 145 446
10 66 110 23 226
248 364 287 311 370
15 352 405 164 153
40 453 159 165 216
29 228 309 104 425
9 86 229 452 154
67 376 98 393 412
238 258 319 460 424
79 431 124 225 191
75 210 442 436 194
88 463 390 314 158
54 282 236 343 58
47 415 296 99 418
117 180 289 345 275
121 190 459 447 265
6 95 247 175 387
0 324 274 163 283
136 366 433 430 144
22 231 214 417 356
174 413 379 244 380
78 338 197 461 186
28 155 300 353 37
5 52 448 107 462
44 336 371 242 138
45 105 223 94 103
25 203 133 348 220
8 207 375 264 276
35 57 233 408 61
21 115 297 134 257
63 368 372 378 263
64 278 373 445 458
20 293 259 410 123
17 420 96 272 189
12 443 406 367 456
14 354 135 305 435
48 389 87 416 426
70 341 188 284 227
4 321 204 187 359
112 199 421 167 243
1 93 222 385 195
218 344 316 422 268
82 382 179 114 139
85 256 100 295 391
132 140 196 332 339
89 388 302 347 166
102 250 286 252 152
119 239 245 386 399
118 254 161 273 428
160 403 322 333 171
116 361 208 409 217
7 362 437 176 331
143 269 396 177 369
27 62 46 401 192
81 326 182 129 419
148 432 292 291 183
32 280 270 266 358
24 232 137 149 306
170 411 455 315 253
185 198 261 206 337
19 335 51 323 56
202 351 299 449 288
11 262 157 454 363
130 205 246 221 279
126 439 303 407 255
127 397 128 151 271
36 178 211 392 404
84 125 172 240 181
74 92 355 224 400
72 260 377 77 320
71 76 113 308 398
69 325 131 212 334
65 169 162 68 340
106 310 251 301 434
108 330 329 111 290
53 215 150 304 450
50 234 360 423 213
42 60 146 193 184
41 383 73 350 209
39 241 342 230 349
13 327 91 90 38
2 429 313 281 317
3 101 201 145 446
10 66 110 23 226
248 364 287 311 370
15 352 405 164 153
16 141 83 457 365
40 453 159 165 216
29 228 309 104 425
9 86 229 452 154
67 376 98 393 412
238 258 319 460 424
79 431 124 225 191
75 210 442 436 194
88 463 390 314 158
54 282 236 343 58
47 415 296 99 418
117 180 289 345 275
121 190 459 447 265
6 95 247 175 387
0 324 274 163 283
136 366 433 430 144
22 231 214 417 356
174 413 379 244 380
78 338 197 461 186
28 155 300 353 37
5 52 448 107 462
44 336 371 242 138
45 105 223 94 103
25 203 133 348 220
8 207 375 264 276
35 57 233 408 61
21 115 297 134 257
63 368 372 378 263
64 278 373 445 458
20 293 259 410 123
17 420 96 272 189
12 443 406 367 456
14 354 135 305 435
48 389 87 416 426
70 341 188 284 227
4 321 204 187 359
112 199 421 167 243
1 93 222 385 195
218 344 316 422 268
82 382 179 114 139
85 256 100 295 391
132 140 196 332 339
89 388 302 347 166
102 250 286 252 152
119 239 245 386 399
118 254 161 273 428
160 403 322 333 171
116 361 208 409 217
7 362 437 176 331
143 269 396 177 369
27 62 46 401 192
81 326 182 129 419
148 432 292 291 183
32 280 270 266 358
24 232 137 149 306
170 411 455 315 253
185 198 261 206 337
19 335 51 323 56
202 351 299 449 288
11 262 157 454 363
130 205 246 221 279
126 439 303 407 255
127 397 128 151 271
36 178 211 392 404
84 125 172 240 181
74 92 355 224 400
72 260 377 77 320
71 76 113 308 398
69 325 131 212 334
65 169 162 68 340
106 310 251 301 434
108 330 329 111 290
53 215 150 304 450
50 234 360 423 213
42 60 146 193 184
41 383 73 350 209
39 241 342 230 349
13 327 91 90 38
2 429 313 281 317
3 101 201 145 446
10 66 110 23 226
248 364 287 311 370
15 352 405 164 153
16 141 83 457 365
18 80 49 59 402
40 453 159 165 216
29 228 309 104 425
9 86 229 452 154
67 376 98 393 412
238 258 319 460 424
79 431 124 225 191
75 210 442 436 194
88 463 390 314 158
54 282 236 343 58
47 415 296 99 418
117 180 289 345 275
121 190 459 447 265
6 95 247 175 387
0 324 274 163 283
136 366 433 430 144
22 231 214 417 356
174 413 379 244 380
78 338 197 461 186
28 155 300 353 37
5 52 448 107 462
44 336 371 242 138
45 105 223 94 103
25 203 133 348 220
8 207 375 264 276
35 57 233 408 61
21 115 297 134 257
63 368 372 378 263
64 278 373 445 458
20 293 259 410 123
17 420 96 272 189
12 443 406 367 456
14 354 135 305 435
48 389 87 416 426
70 341 188 284 227
4 321 204 187 359
112 199 421 167 243
1 93 222 385 195
218 344 316 422 268
82 382 179 114 139
85 256 100 295 391
132 140 196 332 339
89 388 302 347 166
102 250 286 252 152
119 239 245 386 399
118 254 161 273 428
160 403 322 333 171
116 361 208 409 217
7 362 437 176 331
143 269 396 177 369
27 62 46 401 192
81 326 182 129 419
148 432 292 291 183
32 280 270 266 358
24 232 137 149 306
170 411 455 315 253
185 198 261 206 337
19 335 51 323 56
202 351 299 449 288
11 262 157 454 363
130 205 246 221 279
126 439 303 407 255
127 397 128 151 271
36 178 211 392 404
84 125 172 240 181
74 92 355 224 400
72 260 377 77 320
71 76 113 308 398
69 325 131 212 334
65 169 162 68 340
106 310 251 301 434
108 330 329 111 290
53 215 150 304 450
50 234 360 423 213
42 60 146 193 184
41 383 73 350 209
39 241 342 230 349
13 327 91 90 38
2 429 313 281 317
3 101 201 145 446
10 66 110 23 226
248 364 287 311 370
15 352 405 164 153
16 141 83 457 365
18 80 49 59 402
26 438 33 374 34
40 453 159 165 216
29 228 309 104 425
9 86 229 452 154
67 376 98 393 412
238 258 319 460 424
79 431 124 225 191
75 210 442 436 194
88 463 390 314 158
54 282 236 343 58
47 415 296 99 418
117 180 289 345 275
121 190 459 447 265
6 95 247 175 387
0 324 274 163 283
136 366 433 430 144
22 231 214 417 356
174 413 379 244 380
78 338 197 461 186
28 155 300 353 37
5 52 448 107 462
44 336 371 242 138
45 105 223 94 103
25 203 133 348 220
8 207 375 264 276
35 57 233 408 61
21 115 297 134 257
63 368 372 378 263
64 278 373 445 458
20 293 259 410 123
17 420 96 272 189
12 443 406 367 456
14 354 135 305 435
48 389 87 416 426
70 341 188 284 227
4 321 204 187 359
112 199 421 167 243
1 93 222 385 195
218 344 316 422 268
82 382 179 114 139
85 256 100 295 391
132 140 196 332 339
89 388 302 347 166
102 250 286 252 152
119 239 245 386 399
118 254 161 273 428
160 403 322 333 171
116 361 208 409 217
7 362 437 176 331
143 269 396 177 369
27 62 46 401 192
81 326 182 129 419
148 432 292 291 183
32 280 270 266 358
24 232 137 149 306
170 411 455 315 253
185 198 261 206 337
19 335 51 323 56
202 351 299 449 288
11 262 157 454 363
130 205 246 221 279
126 439 303 407 255
127 397 128 151 271
36 178 211 392 404
84 125 172 240 181
74 92 355 224 400
72 260 377 77 320
71 76 113 308 398
69 325 131 212 334
65 169 162 68 340
106 310 251 301 434
108 330 329 111 290
53 215 150 304 450
50 234 360 423 213
42 60 146 193 184
41 383 73 350 209
39 241 342 230 349
13 327 91 90 38
2 429 313 281 317
3 101 201 145 446
10 66 110 23 226
248 364 287 311 370
15 352 405 164 153
16 141 83 457 365
18 80 49 59 402
26 438 33 374 34
30 384 307 168 235
40 453 159 165 216
29 228 309 104 425
9 86 229 452 154
67 376 98 393 412
238 258 319 460 424
79 431 124 225 191
75 210 442 436 194
88 463 390 314 158
54 282 236 343 58
47 415 296 99 418
117 180 289 345 275
121 190 459 447 265
6 95 247 175 387
0 324 274 163 283
136 366 433 430 144
22 231 214 417 356
174 413 379 244 380
78 338 197 461 186
28 155 300 353 37
5 52 448 107 462
44 336 371 242 138
45 105 223 94 103
25 203 133 348 220
8 207 375 264 276
35 57 233 408 61
21 115 297 134 257
63 368 372 378 263
64 278 373 445 458
20 293 259 410 123
17 420 96 272 189
12 443 406 367 456
14 354 135 305 435
48 389 87 416 426
70 341 188 284 227
4 321 204 187 359
112 199 421 167 243
1 93 222 385 195
218 344 316 422 268
82 382 179 114 139
85 256 100 295 391
132 140 196 332 339
89 388 302 347 166
102 250 286 252 152
119 239 245 386 399
118 254 161 273 428
160 403 322 333 171
116 361 208 409 217
7 362 437 176 331
143 269 396 177 369
27 62 46 401 192
81 326 182 129 419
148 432 292 291 183
32 280 270 266 358
24 232 137 149 306
170 411 455 315 253
185 198 261 206 337
19 335 51 323 56
202 351 299 449 288
11 262 157 454 363
130 205 246 221 279
126 439 303 407 255
127 397 128 151 271
36 178 211 392 404
84 125 172 240 181
74 92 355 224 400
72 260 377 77 320
71 76 113 308 398
69 325 131 212 334
65 169 162 68 340
106 310 251 301 434
108 330 329 111 290
53 215 150 304 450
50 234 360 423 213
42 60 146 193 184
41 383 73 350 209
39 241 342 230 349
13 327 91 90 38
2 429 313 281 317
3 101 201 145 446
10 66 110 23 226
248 364 287 311 370
15 352 405 164 153
16 141 83 457 365
18 80 49 59 402
26 438 33 374 34
30 384 307 168 235
31 249 346 147 122
40 453 159 165 216
29 228 309 104 425
9 86 229 452 154
67 376 98 393 412
238 258 319 460 424
79 431 124 225 191
75 210 442 436 194
88 463 390 314 158
54 282 236 343 58
47 415 296 99 418
117 180 289 345 275
121 190 459 447 265
6 95 247 175 387
0 324 274 163 283
136 366 433 430 144
22 231 214 417 356
174 413 379 244 380
78 338 197 461 186
28 155 300 353 37
5 52 448 107 462
44 336 371 242 138
45 105 223 94 103
25 203 133 348 220
8 207 375 264 276
35 57 233 408 61
21 115 297 134 257
63 368 372 378 263
64 278 373 445 458
20 293 259 410 123
17 420 96 272 189
12 443 406 367 456
14 354 135 305 435
48 389 87 416 426
70 341 188 284 227
4 321 204 187 359
112 199 421 167 243
1 93 222 385 195
218 344 316 422 268
82 382 179 114 139
85 256 100 295 391
132 140 196 332 339
89 388 302 347 166
102 250 286 252 152
119 239 245 386 399
118 254 161 273 428
160 403 322 333 171
116 361 208 409 217
7 362 437 176 331
143 269 396 177 369
27 62 46 401 192
81 326 182 129 419
148 432 292 291 183
32 280 270 266 358
24 232 137 149 306
170 411 455 315 253
185 198 261 206 337
19 335 51 323 56
202 351 299 449 288
11 262 157 454 363
130 205 246 221 279
126 439 303 407 255
127 397 128 151 271
36 178 211 392 404
84 125 172 240 181
74 92 355 224 400
72 260 377 77 320
71 76 113 308 398
69 325 131 212 334
65 169 162 68 340
106 310 251 301 434
108 330 329 111 290
53 215 150 304 450
50 234 360 423 213
42 60 146 193 184
41 383 73 350 209
39 241 342 230 349
13 327 91 90 38
2 429 313 281 317
3 101 201 145 446
10 66 110 23 226
248 364 287 311 370
15 352 405 164 153
16 141 83 457 365
18 80 49 59 402
26 438 33 374 34
30 384 307 168 235
31 249 346 147 122
43 277 441 328 173
40 453 159 165 216
29 228 309 104 425
9 86 229 452 154
67 376 98 393 412
238 258 319 460 424
79 431 124 225 191
75 210 442 436 194
88 463 390 314 158
54 282 236 343 58
47 415 296 99 418
117 180 289 345 275
121 190 459 447 265
6 95 247 175 387
0 324 274 163 283
136 366 433 430 144
22 231 214 417 356
174 413 379 244 380
78 338 197 461 186
28 155 300 353 37
5 52 448 107 462
44 336 371 242 138
45 105 223 94 103
25 203 133 348 220
8 207 375 264 276
35 57 233 408 61
21 115 297 134 257
63 368 372 378 263
64 278 373 445 458
20 293 259 410 123
17 420 96 272 189
12 443 406 367 456
14 354 135 305 435
48 389 87 416 426
70 341 188 284 227
4 321 204 187 359
112 199 421 167 243
1 93 222 385 195
218 344 316 422 268
82 382 179 114 139
85 256 100 295 391
132 140 196 332 339
89 388 302 347 166
102 250 286 252 152
119 239 245 386 399
118 254 161 273 428
160 403 322 333 171
116 361 208 409 217
7 362 437 176 331
143 269 396 177 369
27 62 46 401 192
81 326 182 129 419
148 432 292 291 183
32 280 270 266 358
24 232 137 149 306
170 411 455 315 253
185 198 261 206 337
19 335 51 323 56
202 351 299 449 288
11 262 157 454 363
130 205 246 221 279
126 439 303 407 255
127 397 128 151 271
36 178 211 392 404
84 125 172 240 181
74 92 355 224 400
72 260 377 77 320
71 76 113 308 398
69 325 131 212 334
65 169 162 68 340
106 310 251 301 434
108 330 329 111 290
53 215 150 304 450
50 234 360 423 213
42 60 146 193 184
41 383 73 350 209
39 241 342 230 349
13 327 91 90 38
2 429 313 281 317
3 101 201 145 446
10 66 110 23 226
248 364 287 311 370
15 352 405 164 153
16 141 83 457 365
18 80 49 59 402
26 438 33 374 34
30 384 307 168 235
31 249 346 147 122
43 277 441 328 173
109 395 237 156 267
40 453 159 165 216
29 228 309 104 425
9 86 229 452 154
67 376 98 393 412
238 258 319 460 424
79 431 124 225 191
75 210 442 436 194
88 463 390 314 158
54 282 236 343 58
47 415 296 99 418
117 180 289 345 275
121 190 459 447 265
6 95 247 175 387
0 324 274 163 283
136 366 433 430 144
22 231 214 417 356
174 413 379 244 380
78 338 197 461 186
28 155 300 353 37
5 52 448 107 462
44 336 371 242 138
45 105 223 94 103
25 203 133 348 220
8 207 375 264 276
35 57 233 408 61
21 115 297 134 257
63 368 372 378 263
64 278 373 445 458
20 293 259 410 123
17 420 96 272 189
12 443 406 367 456
14 354 135 305 435
48 389 87 416 426
70 341 188 284 227
4 321 204 187 359
112 199 421 167 243
1 93 222 385 195
218 344 316 422 268
82 382 179 114 139
85 256 100 295 391
132 140 196 332 339
89 388 302 347 166
102 250 286 252 152
119 239 245 386 399
118 254 161 273 428
160 403 322 333 171
116 361 208 409 217
7 362 437 176 331
143 269 396 177 369
27 62 46 401 192
81 326 182 129 419
148 432 292 291 183
32 280 270 266 358
24 232 137 149 306
170 411 455 315 253
185 198 261 206 337
19 335 51 323 56
202 351 299 449 288
11 262 157 454 363
130 205 246 221 279
126 439 303 407 255
127 397 128 151 271
36 178 211 392 404
84 125 172 240 181
74 92 355 224 400
72 260 377 77 320
71 76 113 308 398
69 325 131 212 334
65 169 162 68 340
106 310 251 301 434
108 330 329 111 290
53 215 150 304 450
50 234 360 423 213
42 60 146 193 184
41 383 73 350 209
39 241 342 230 349
13 327 91 90 38
2 429 313 281 317
3 101 201 145 446
10 66 110 23 226
248 364 287 311 370
15 352 405 164 153
16 141 83 457 365
18 80 49 59 402
26 438 33 374 34
30 384 307 168 235
31 249 346 147 122
43 277 441 328 173
109 395 237 156 267
120 451 285 440 444
40 453 159 165 216
29 228 309 104 425
9 86 229 452 154
67 376 98 393 412
238 258 319 460 424
79 431 124 225 191
75 210 442 436 194
88 463 390 314 158
54 282 236 343 58
47 415 296 99 418
117 180 289 345 275
121 190 459 447 265
6 95 247 175 387
0 324 274 163 283
136 366 433 430 144
22 231 214 417 356
174 413 379 244 380
78 338 197 461 186
28 155 300 353 37
5 52 448 107 462
44 336 371 242 138
45 105 223 94 103
25 203 133 348 220
8 207 375 264 276
35 57 233 408 61
21 115 297 134 257
63 368 372 378 263
64 278 373 445 458
20 293 259 410 123
17 420 96 272 189
12 443 406 367 456
14 354 135 305 435
48 389 87 416 426
70 341 188 284 227
4 321 204 187 359
112 199 421 167 243
1 93 222 385 195
218 344 316 422 268
82 382 179 114 139
85 256 100 295 391
132 140 196 332 339
89 388 302 347 166
102 250 286 252 152
119 239 245 386 399
118 254 161 273 428
160 403 322 333 171
116 361 208 409 217
7 362 437 176 331
143 269 396 177 369
27 62 46 401 192
81 326 182 129 419
148 432 292 291 183
32 280 270 266 358
24 232 137 149 306
170 411 455 315 253
185 198 261 206 337
19 335 51 323 56
202 351 299 449 288
11 262 157 454 363
130 205 246 221 279
126 439 303 407 255
127 397 128 151 271
36 178 211 392 404
84 125 172 240 181
74 92 355 224 400
72 260 377 77 320
71 76 113 308 398
69 325 131 212 334
65 169 162 68 340
106 310 251 301 434
108 330 329 111 290
53 215 150 304 450
50 234 360 423 213
42 60 146 193 184
41 383 73 350 209
39 241 342 230 349
13 327 91 90 38
2 429 313 281 317
3 101 201 145 446
10 66 110 23 226
248 364 287 311 370
15 352 405 164 153
16 141 83 457 365
18 80 49 59 402
26 438 33 374 34
30 384 307 168 235
31 249 346 147 122
43 277 441 328 173
109 395 237 156 267
120 451 285 440 444
219 381 394 298 318
40 453 159 165 216
29 228 309 104 425
9 86 229 452 154
67 376 98 393 412
238 258 319 460 424
79 431 124 225 191
75 210 442 436 194
88 463 390 314 158
54 282 236 343 58
47 415 296 99 418
117 180 289 345 275
121 190 459 447 265
6 95 247 175 387
0 324 274 163 283
136 366 433 430 144
22 231 214 417 356
174 413 379 244 380
78 338 197 461 186
28 155 300 353 37
5 52 448 107 462
44 336 371 242 138
45 105 223 94 103
25 203 133 348 220
8 207 375 264 276
35 57 233 408 61
21 115 297 134 257
63 368 372 378 263
64 278 373 445 458
20 293 259 410 123
17 420 96 272 189
12 443 406 367 456
14 354 135 305 435
48 389 87 416 426
70 341 188 284 227
4 321 204 187 359
112 199 421 167 243
1 93 222 385 195
218 344 316 422 268
82 382 179 114 139
85 256 100 295 391
132 140 196 332 339
89 388 302 347 166
102 250 286 252 152
119 239 245 386 399
118 254 161 273 428
160 403 322 333 171
116 361 208 409 217
7 362 437 176 331
143 269 396 177 369
27 62 46 401 192
81 326 182 129 419
148 432 292 291 183
32 280 270 266 358
24 232 137 149 306
170 411 455 315 253
185 198 261 206 337
19 335 51 323 56
202 351 299 449 288
11 262 157 454 363
130 205 246 221 279
126 439 303 407 255
127 397 128 151 271
36 178 211 392 404
84 125 172 240 181
74 92 355 224 400
72 260 377 77 320
71 76 113 308 398
69 325 131 212 334
65 169 162 68 340
106 310 251 301 434
108 330 329 111 290
53 215 150 304 450
50 234 360 423 213
42 60 146 193 184
41 383 73 350 209
39 241 342 230 349
13 327 91 90 38
2 429 313 281 317
3 101 201 145 446
10 66 110 23 226
248 364 287 311 370
15 352 405 164 153
16 141 83 457 365
18 80 49 59 402
26 438 33 374 34
30 384 307 168 235
31 249 346 147 122
43 277 441 328 173
109 395 237 156 267
120 451 285 440 444
219 381 394 298 318
55 294 142 357 97
40 453 159 165 216
29 228 309 104 425
9 86 229 452 154
67 376 98 393 412
238 258 319 460 424
79 431 124 225 191
75 210 442 436 194
88 463 390 314 158
54 282 236 343 58
47 415 296 99 418
117 180 289 345 275
121 190 459 447 265
6 95 247 175 387
0 324 274 163 283
136 366 433 430 144
22 231 214 417 356
174 413 379 244 380
78 338 197 461 186
28 155 300 353 37
5 52 448 107 462
44 336 371 242 138
45 105 223 94 103
25 203 133 348 220
8 207 375 264 276
35 57 233 408 61
21 115 297 134 257
63 368 372 378 263
64 278 373 445 458
20 293 259 410 123
17 420 96 272 189
12 443 406 367 456
14 354 135 305 435
48 389 87 416 426
70 341 188 284 227
4 321 204 187 359
112 199 421 167 243
1 93 222 385 195
218 344 316 422 268
82 382 179 114 139
85 256 100 295 391
132 140 196 332 339
89 388 302 347 166
102 250 286 252 152
119 239 245 386 399
118 254 161 273 428
160 403 322 333 171
116 361 208 409 217
7 362 437 176 331
143 269 396 177 369
27 62 46 401 192
81 326 182 129 419
148 432 292 291 183
32 280 270 266 358
24 232 137 149 306
170 411 455 315 253
185 198 261 206 337
19 335 51 323 56
202 351 299 449 288
11 262 157 454 363
130 205 246 221 279
126 439 303 407 255
127 397 128 151 271
36 178 211 392 404
84 125 172 240 181
74 92 355 224 400
72 260 377 77 320
71 76 113 308 398
69 325 131 212 334
65 169 162 68 340
106 310 251 301 434
108 330 329 111 290
53 215 150 304 450
50 234 360 423 213
42 60 146 193 184
41 383 73 350 209
39 241 342 230 349
13 327 91 90 38
2 429 313 281 317
3 101 201 145 446
10 66 110 23 226
248 364 287 311 370
15 352 405 164 153
16 141 83 457 365
18 80 49 59 402
26 438 33 374 34
30 384 307 168 235
31 249 346 147 122
43 277 441 328 173
109 395 237 156 267
120 451 285 440 444
219 381 394 298 318
55 294 142 357 97
200 414 312 427
