385 357 239 202 117
155 1 366 75 371
42 259 128 269 27
71 118 83 25 324
295 166 110 36 74
247 213 254 70 282
53 34 316 396 94
365 300 93 92 255
328 334 212 30 12
146 313 373 231 138
173 51 66 352 185
80 252 289 145 157
13 343 307 172 108
225 222 279 168 91
24 384 332 0 303
67 322 276 265 153
195 418 178 306 122
141 130 323 356 237
186 309 296 320 218
175 135 62 261 191
233 49 127 340 114
65 278 47 262 189
250 55 315 133 193
401 129 125 96 28
280 136 79 381 293
415 284 414 211 180
46 40 251 147 73
214 372 368 201 35
11 84 81 45 347
217 179 15 158 77
120 106 380 391 183
64 8 327 54
370 240 392 10 14
57 227 271 131 260
19 112 243 102 105
32 7 325 143 139
402 206 137 59 198
103 123 230 182 26
287 407 301 89 86
290 192 417 336 232
72 283 257 297 203
162 318 9 107 165
342 286 174 272 52
