21 363 365 74 156
498 304 204 251 264
146 172 391 407 67
427 466 41 163 343
334 55 197 120 265
394 406 245 482 168
133 8 276 429 329
177 382 456 489 44
91 351 219 236 125
80 87 117 445 283
126 364 492 184 20
57 481 325 65 260
372 415 418 452 449
277 31 227 450 187
175 216 472 93 434
178 467 102 35 47
145 205 218 243 293
344 161 311 471 154
259 435 95 33 38
376 318 174 401 361
477 422 82 461 374
226 308 462 103 159
297 210 105 155 254
76 68 262 64 356
366 225 333 3 315
271 386 432 413 455
300 357 134 408 104
132 301 321 273 32
46 496 196 30 110
330 115 266 468 9
19 256 303 0 88
112 342 402 479
309 453 92 327
358 488 289 139
355 495 213
29 170 28
416 410 484
385 153 274
290 305 114
497 380 420
310 152
348 51
90 475
215 316
179 22
328 258
336 257
232 285
75 12
171 368
437 15
284 77
