285 86 277 345 81
115 186 385 336 322
252 465 161 320 456
156 422 75 191 155
151 182 365 256 230
242 225 231 330 301
136 60 481 197 195
250 221 117 105 371
52 15 356 440 416
116 457 350 11 420
106 137 220 111 50
392 265 321 120 41
337 80 131 95 261
315 271 492 240 471
21 157 470 391 490
243 129 45 66 87
9 55 366 37 248
130 431 177 168 39
264 90 401 127 328
27 368 434 485 436
174 425 461 372 3
262 358 124 190 46
319 35 196 467 18
146 20 411 455
65 296 412 73 379
343 239 125 381 122
316 397 348 59 290
2 218 284 340 306
114 135 406 437 283
304 70 61 132 68
303 369 85 351 207
56 405 331 390
449 460 341 7 313
165 91 302 188 249
287 363 454 215 241
310 181 362 228 99
300 476 497 128
76 427 293 205
325 496 17 438
491 72 263 400
402 280 211
126 305
141 275
435 226
255 31
