444 326 118 430
444 326 118 430
465 458 77 43
444 326 118 430
465 458 77 43
452 368 5 191 416
444 326 118 430
465 458 77 43
452 368 5 191 416
232 81 225 336
444 326 118 430
465 458 77 43
452 368 5 191 416
232 81 225 336
317 362 159 264 122
444 326 118 430
465 458 77 43
452 368 5 191 416
232 81 225 336
317 362 159 264 122
162 388 222 65 160
444 326 118 430
465 458 77 43
452 368 5 191 416
232 81 225 336
317 362 159 264 122
162 388 222 65 160
141 230 314 456
444 326 118 430
465 458 77 43
452 368 5 191 416
232 81 225 336
317 362 159 264 122
162 388 222 65 160
141 230 314 456
294 142 79 52 313
444 326 118 430
465 458 77 43
452 368 5 191 416
232 81 225 336
317 362 159 264 122
162 388 222 65 160
141 230 314 456
294 142 79 52 313
287 187 189 26
444 326 118 430
465 458 77 43
452 368 5 191 416
232 81 225 336
317 362 159 264 122
162 388 222 65 160
141 230 314 456
294 142 79 52 313
287 187 189 26
67 346 72 125
444 326 118 430
465 458 77 43
452 368 5 191 416
232 81 225 336
317 362 159 264 122
162 388 222 65 160
141 230 314 456
294 142 79 52 313
287 187 189 26
67 346 72 125
236 304 266
444 326 118 430
465 458 77 43
452 368 5 191 416
232 81 225 336
317 362 159 264 122
162 388 222 65 160
141 230 314 456
294 142 79 52 313
287 187 189 26
67 346 72 125
236 304 266
342 3 152
444 326 118 430
465 458 77 43
452 368 5 191 416
232 81 225 336
317 362 159 264 122
162 388 222 65 160
141 230 314 456
294 142 79 52 313
287 187 189 26
67 346 72 125
236 304 266
342 3 152
284 374 256 459
444 326 118 430
465 458 77 43
452 368 5 191 416
232 81 225 336
317 362 159 264 122
162 388 222 65 160
141 230 314 456
294 142 79 52 313
287 187 189 26
67 346 72 125
236 304 266
342 3 152
284 374 256 459
109 455 71
444 326 118 430
465 458 77 43
452 368 5 191 416
232 81 225 336
317 362 159 264 122
162 388 222 65 160
141 230 314 456
294 142 79 52 313
287 187 189 26
67 346 72 125
236 304 266
342 3 152
284 374 256 459
109 455 71
30 258 460
444 326 118 430
465 458 77 43
452 368 5 191 416
232 81 225 336
317 362 159 264 122
162 388 222 65 160
141 230 314 456
294 142 79 52 313
287 187 189 26
67 346 72 125
236 304 266
342 3 152
284 374 256 459
109 455 71
30 258 460
291 262 36 147
444 326 118 430
465 458 77 43
452 368 5 191 416
232 81 225 336
317 362 159 264 122
162 388 222 65 160
141 230 314 456
294 142 79 52 313
287 187 189 26
67 346 72 125
236 304 266
342 3 152
284 374 256 459
109 455 71
30 258 460
291 262 36 147
303 361 10
444 326 118 430
465 458 77 43
452 368 5 191 416
232 81 225 336
317 362 159 264 122
162 388 222 65 160
141 230 314 456
294 142 79 52 313
287 187 189 26
67 346 72 125
236 304 266
342 3 152
284 374 256 459
109 455 71
30 258 460
291 262 36 147
303 361 10
32 437
444 326 118 430
465 458 77 43
452 368 5 191 416
232 81 225 336
317 362 159 264 122
162 388 222 65 160
141 230 314 456
294 142 79 52 313
287 187 189 26
67 346 72 125
236 304 266
342 3 152
284 374 256 459
109 455 71
30 258 460
291 262 36 147
303 361 10
32 437
312 420
444 326 118 430
465 458 77 43
452 368 5 191 416
232 81 225 336
317 362 159 264 122
162 388 222 65 160
141 230 314 456
294 142 79 52 313
287 187 189 26
67 346 72 125
236 304 266
342 3 152
284 374 256 459
109 455 71
30 258 460
291 262 36 147
303 361 10
32 437
312 420
391 149
444 326 118 430
465 458 77 43
452 368 5 191 416
232 81 225 336
317 362 159 264 122
162 388 222 65 160
141 230 314 456
294 142 79 52 313
287 187 189 26
67 346 72 125
236 304 266
342 3 152
284 374 256 459
109 455 71
30 258 460
291 262 36 147
303 361 10
32 437
312 420
391 149
97 412
444 326 118 430
465 458 77 43
452 368 5 191 416
232 81 225 336
317 362 159 264 122
162 388 222 65 160
141 230 314 456
294 142 79 52 313
287 187 189 26
67 346 72 125
236 304 266
342 3 152
284 374 256 459
109 455 71
30 258 460
291 262 36 147
303 361 10
32 437
312 420
391 149
97 412
333 419
444 326 118 430
465 458 77 43
452 368 5 191 416
232 81 225 336
317 362 159 264 122
162 388 222 65 160
141 230 314 456
294 142 79 52 313
287 187 189 26
67 346 72 125
236 304 266
342 3 152
284 374 256 459
109 455 71
30 258 460
291 262 36 147
303 361 10
32 437
312 420
391 149
97 412
333 419
400 214
444 326 118 430
465 458 77 43
452 368 5 191 416
232 81 225 336
317 362 159 264 122
162 388 222 65 160
141 230 314 456
294 142 79 52 313
287 187 189 26
67 346 72 125
236 304 266
342 3 152
284 374 256 459
109 455 71
30 258 460
291 262 36 147
303 361 10
32 437
312 420
391 149
97 412
333 419
400 214
144 254 498
444 326 118 430
465 458 77 43
452 368 5 191 416
232 81 225 336
317 362 159 264 122
162 388 222 65 160
141 230 314 456
294 142 79 52 313
287 187 189 26
67 346 72 125
236 304 266
342 3 152
284 374 256 459
109 455 71
30 258 460
291 262 36 147
303 361 10
32 437
312 420
391 149
97 412
333 419
400 214
144 254 498
227 88
444 326 118 430
465 458 77 43
452 368 5 191 416
232 81 225 336
317 362 159 264 122
162 388 222 65 160
141 230 314 456
294 142 79 52 313
287 187 189 26
67 346 72 125
236 304 266
342 3 152
284 374 256 459
109 455 71
30 258 460
291 262 36 147
303 361 10
32 437
312 420
391 149
97 412
333 419
400 214
144 254 498
227 88
426 195
444 326 118 430
465 458 77 43
452 368 5 191 416
232 81 225 336
317 362 159 264 122
162 388 222 65 160
141 230 314 456
294 142 79 52 313
287 187 189 26
67 346 72 125
236 304 266
342 3 152
284 374 256 459
109 455 71
30 258 460
291 262 36 147
303 361 10
32 437
312 420
391 149
97 412
333 419
400 214
144 254 498
227 88
426 195
234 46
444 326 118 430
465 458 77 43
452 368 5 191 416
232 81 225 336
317 362 159 264 122
162 388 222 65 160
141 230 314 456
294 142 79 52 313
287 187 189 26
67 346 72 125
236 304 266
342 3 152
284 374 256 459
109 455 71
30 258 460
291 262 36 147
303 361 10
32 437
312 420
391 149
97 412
333 419
400 214
144 254 498
227 88
426 195
234 46
101 411
444 326 118 430
465 458 77 43
452 368 5 191 416
232 81 225 336
317 362 159 264 122
162 388 222 65 160
141 230 314 456
294 142 79 52 313
287 187 189 26
67 346 72 125
236 304 266
342 3 152
284 374 256 459
109 455 71
30 258 460
291 262 36 147
303 361 10
32 437
312 420
391 149
97 412
333 419
400 214
144 254 498
227 88
426 195
234 46
101 411
244 386
444 326 118 430
465 458 77 43
452 368 5 191 416
232 81 225 336
317 362 159 264 122
162 388 222 65 160
141 230 314 456
294 142 79 52 313
287 187 189 26
67 346 72 125
236 304 266
342 3 152
284 374 256 459
109 455 71
30 258 460
291 262 36 147
303 361 10
32 437
312 420
391 149
97 412
333 419
400 214
144 254 498
227 88
426 195
234 46
101 411
244 386
328 138
444 326 118 430
465 458 77 43
452 368 5 191 416
232 81 225 336
317 362 159 264 122
162 388 222 65 160
141 230 314 456
294 142 79 52 313
287 187 189 26
67 346 72 125
236 304 266
342 3 152
284 374 256 459
109 455 71
30 258 460
291 262 36 147
303 361 10
32 437
312 420
391 149
97 412
333 419
400 214
144 254 498
227 88
426 195
234 46
101 411
244 386
328 138
475 446
444 326 118 430
465 458 77 43
452 368 5 191 416
232 81 225 336
317 362 159 264 122
162 388 222 65 160
141 230 314 456
294 142 79 52 313
287 187 189 26
67 346 72 125
236 304 266
342 3 152
284 374 256 459
109 455 71
30 258 460
291 262 36 147
303 361 10
32 437
312 420
391 149
97 412
333 419
400 214
144 254 498
227 88
426 195
234 46
101 411
244 386
328 138
475 446
240 205
444 326 118 430
465 458 77 43
452 368 5 191 416
232 81 225 336
317 362 159 264 122
162 388 222 65 160
141 230 314 456
294 142 79 52 313
287 187 189 26
67 346 72 125
236 304 266
342 3 152
284 374 256 459
109 455 71
30 258 460
291 262 36 147
303 361 10
32 437
312 420
391 149
97 412
333 419
400 214
144 254 498
227 88
426 195
234 46
101 411
244 386
328 138
475 446
240 205
233 451
444 326 118 430
465 458 77 43
452 368 5 191 416
232 81 225 336
317 362 159 264 122
162 388 222 65 160
141 230 314 456
294 142 79 52 313
287 187 189 26
67 346 72 125
236 304 266
342 3 152
284 374 256 459
109 455 71
30 258 460
291 262 36 147
303 361 10
32 437
312 420
391 149
97 412
333 419
400 214
144 254 498
227 88
426 195
234 46
101 411
244 386
328 138
475 446
240 205
233 451
135 495
