404 405 407 408 406
404 405 407 408 406
235 236 238 239 237
404 405 407 408 406
235 236 238 239 237
18 19 20 21 22
404 405 407 408 406
235 236 238 239 237
18 19 20 21 22
443 444 445
404 405 407 408 406
235 236 238 239 237
18 19 20 21 22
443 444 445
252 253 254
404 405 407 408 406
235 236 238 239 237
18 19 20 21 22
443 444 445
252 253 254
1 3 4 5 6
404 405 407 408 406
235 236 238 239 237
18 19 20 21 22
443 444 445
252 253 254
1 3 4 5 6
240 241 242
404 405 407 408 406
235 236 238 239 237
18 19 20 21 22
443 444 445
252 253 254
1 3 4 5 6
240 241 242
45 46 47
404 405 407 408 406
235 236 238 239 237
18 19 20 21 22
443 444 445
252 253 254
1 3 4 5 6
240 241 242
45 46 47
65 66 67
404 405 407 408 406
235 236 238 239 237
18 19 20 21 22
443 444 445
252 253 254
1 3 4 5 6
240 241 242
45 46 47
65 66 67
91 92 93
404 405 407 408 406
235 236 238 239 237
18 19 20 21 22
443 444 445
252 253 254
1 3 4 5 6
240 241 242
45 46 47
65 66 67
91 92 93
112 113 114
404 405 407 408 406
235 236 238 239 237
18 19 20 21 22
443 444 445
252 253 254
1 3 4 5 6
240 241 242
45 46 47
65 66 67
91 92 93
112 113 114
107 108 109
404 405 407 408 406
235 236 238 239 237
18 19 20 21 22
443 444 445
252 253 254
1 3 4 5 6
240 241 242
45 46 47
65 66 67
91 92 93
112 113 114
107 108 109
10 16 17
404 405 407 408 406
235 236 238 239 237
18 19 20 21 22
443 444 445
252 253 254
1 3 4 5 6
240 241 242
45 46 47
65 66 67
91 92 93
112 113 114
107 108 109
10 16 17
143 144 145
404 405 407 408 406
235 236 238 239 237
18 19 20 21 22
443 444 445
252 253 254
1 3 4 5 6
240 241 242
45 46 47
65 66 67
91 92 93
112 113 114
107 108 109
10 16 17
143 144 145
176 177 178
404 405 407 408 406
235 236 238 239 237
18 19 20 21 22
443 444 445
252 253 254
1 3 4 5 6
240 241 242
45 46 47
65 66 67
91 92 93
112 113 114
107 108 109
10 16 17
143 144 145
176 177 178
184 185 186
404 405 407 408 406
235 236 238 239 237
18 19 20 21 22
443 444 445
252 253 254
1 3 4 5 6
240 241 242
45 46 47
65 66 67
91 92 93
112 113 114
107 108 109
10 16 17
143 144 145
176 177 178
184 185 186
199 200 201
404 405 407 408 406
235 236 238 239 237
18 19 20 21 22
443 444 445
252 253 254
1 3 4 5 6
240 241 242
45 46 47
65 66 67
91 92 93
112 113 114
107 108 109
10 16 17
143 144 145
176 177 178
184 185 186
199 200 201
195 196 197
404 405 407 408 406
235 236 238 239 237
18 19 20 21 22
443 444 445
252 253 254
1 3 4 5 6
240 241 242
45 46 47
65 66 67
91 92 93
112 113 114
107 108 109
10 16 17
143 144 145
176 177 178
184 185 186
199 200 201
195 196 197
206 207 208
404 405 407 408 406
235 236 238 239 237
18 19 20 21 22
443 444 445
252 253 254
1 3 4 5 6
240 241 242
45 46 47
65 66 67
91 92 93
112 113 114
107 108 109
10 16 17
143 144 145
176 177 178
184 185 186
199 200 201
195 196 197
206 207 208
223 224 225
404 405 407 408 406
235 236 238 239 237
18 19 20 21 22
443 444 445
252 253 254
1 3 4 5 6
240 241 242
45 46 47
65 66 67
91 92 93
112 113 114
107 108 109
10 16 17
143 144 145
176 177 178
184 185 186
199 200 201
195 196 197
206 207 208
223 224 225
245 246 247
404 405 407 408 406
235 236 238 239 237
18 19 20 21 22
443 444 445
252 253 254
1 3 4 5 6
240 241 242
45 46 47
65 66 67
91 92 93
112 113 114
107 108 109
10 16 17
143 144 145
176 177 178
184 185 186
199 200 201
195 196 197
206 207 208
223 224 225
245 246 247
483 484 485
404 405 407 408 406
235 236 238 239 237
18 19 20 21 22
443 444 445
252 253 254
1 3 4 5 6
240 241 242
45 46 47
65 66 67
91 92 93
112 113 114
107 108 109
10 16 17
143 144 145
176 177 178
184 185 186
199 200 201
195 196 197
206 207 208
223 224 225
245 246 247
483 484 485
488 489 490
404 405 407 408 406
235 236 238 239 237
18 19 20 21 22
443 444 445
252 253 254
1 3 4 5 6
240 241 242
45 46 47
65 66 67
91 92 93
112 113 114
107 108 109
10 16 17
143 144 145
176 177 178
184 185 186
199 200 201
195 196 197
206 207 208
223 224 225
245 246 247
483 484 485
488 489 490
267 268 269
404 405 407 408 406
235 236 238 239 237
18 19 20 21 22
443 444 445
252 253 254
1 3 4 5 6
240 241 242
45 46 47
65 66 67
91 92 93
112 113 114
107 108 109
10 16 17
143 144 145
176 177 178
184 185 186
199 200 201
195 196 197
206 207 208
223 224 225
245 246 247
483 484 485
488 489 490
267 268 269
467 468 469
404 405 407 408 406
235 236 238 239 237
18 19 20 21 22
443 444 445
252 253 254
1 3 4 5 6
240 241 242
45 46 47
65 66 67
91 92 93
112 113 114
107 108 109
10 16 17
143 144 145
176 177 178
184 185 186
199 200 201
195 196 197
206 207 208
223 224 225
245 246 247
483 484 485
488 489 490
267 268 269
467 468 469
461 462 463
404 405 407 408 406
235 236 238 239 237
18 19 20 21 22
443 444 445
252 253 254
1 3 4 5 6
240 241 242
45 46 47
65 66 67
91 92 93
112 113 114
107 108 109
10 16 17
143 144 145
176 177 178
184 185 186
199 200 201
195 196 197
206 207 208
223 224 225
245 246 247
483 484 485
488 489 490
267 268 269
467 468 469
461 462 463
453 454 455
404 405 407 408 406
235 236 238 239 237
18 19 20 21 22
443 444 445
252 253 254
1 3 4 5 6
240 241 242
45 46 47
65 66 67
91 92 93
112 113 114
107 108 109
10 16 17
143 144 145
176 177 178
184 185 186
199 200 201
195 196 197
206 207 208
223 224 225
245 246 247
483 484 485
488 489 490
267 268 269
467 468 469
461 462 463
453 454 455
440 441 442
404 405 407 408 406
235 236 238 239 237
18 19 20 21 22
443 444 445
252 253 254
1 3 4 5 6
240 241 242
45 46 47
65 66 67
91 92 93
112 113 114
107 108 109
10 16 17
143 144 145
176 177 178
184 185 186
199 200 201
195 196 197
206 207 208
223 224 225
245 246 247
483 484 485
488 489 490
267 268 269
467 468 469
461 462 463
453 454 455
440 441 442
447 448 449
404 405 407 408 406
235 236 238 239 237
18 19 20 21 22
443 444 445
252 253 254
1 3 4 5 6
240 241 242
45 46 47
65 66 67
91 92 93
112 113 114
107 108 109
10 16 17
143 144 145
176 177 178
184 185 186
199 200 201
195 196 197
206 207 208
223 224 225
245 246 247
483 484 485
488 489 490
267 268 269
467 468 469
461 462 463
453 454 455
440 441 442
447 448 449
412 413 414
404 405 407 408 406
235 236 238 239 237
18 19 20 21 22
443 444 445
252 253 254
1 3 4 5 6
240 241 242
45 46 47
65 66 67
91 92 93
112 113 114
107 108 109
10 16 17
143 144 145
176 177 178
184 185 186
199 200 201
195 196 197
206 207 208
223 224 225
245 246 247
483 484 485
488 489 490
267 268 269
467 468 469
461 462 463
453 454 455
440 441 442
447 448 449
412 413 414
417 418 419
404 405 407 408 406
235 236 238 239 237
18 19 20 21 22
443 444 445
252 253 254
1 3 4 5 6
240 241 242
45 46 47
65 66 67
91 92 93
112 113 114
107 108 109
10 16 17
143 144 145
176 177 178
184 185 186
199 200 201
195 196 197
206 207 208
223 224 225
245 246 247
483 484 485
488 489 490
267 268 269
467 468 469
461 462 463
453 454 455
440 441 442
447 448 449
412 413 414
417 418 419
388 389 390
404 405 407 408 406
235 236 238 239 237
18 19 20 21 22
443 444 445
252 253 254
1 3 4 5 6
240 241 242
45 46 47
65 66 67
91 92 93
112 113 114
107 108 109
10 16 17
143 144 145
176 177 178
184 185 186
199 200 201
195 196 197
206 207 208
223 224 225
245 246 247
483 484 485
488 489 490
267 268 269
467 468 469
461 462 463
453 454 455
440 441 442
447 448 449
412 413 414
417 418 419
388 389 390
361 362 363
404 405 407 408 406
235 236 238 239 237
18 19 20 21 22
443 444 445
252 253 254
1 3 4 5 6
240 241 242
45 46 47
65 66 67
91 92 93
112 113 114
107 108 109
10 16 17
143 144 145
176 177 178
184 185 186
199 200 201
195 196 197
206 207 208
223 224 225
245 246 247
483 484 485
488 489 490
267 268 269
467 468 469
461 462 463
453 454 455
440 441 442
447 448 449
412 413 414
417 418 419
388 389 390
361 362 363
354 355 356
404 405 407 408 406
235 236 238 239 237
18 19 20 21 22
443 444 445
252 253 254
1 3 4 5 6
240 241 242
45 46 47
65 66 67
91 92 93
112 113 114
107 108 109
10 16 17
143 144 145
176 177 178
184 185 186
199 200 201
195 196 197
206 207 208
223 224 225
245 246 247
483 484 485
488 489 490
267 268 269
467 468 469
461 462 463
453 454 455
440 441 442
447 448 449
412 413 414
417 418 419
388 389 390
361 362 363
354 355 356
347 348 349
404 405 407 408 406
235 236 238 239 237
18 19 20 21 22
443 444 445
252 253 254
1 3 4 5 6
240 241 242
45 46 47
65 66 67
91 92 93
112 113 114
107 108 109
10 16 17
143 144 145
176 177 178
184 185 186
199 200 201
195 196 197
206 207 208
223 224 225
245 246 247
483 484 485
488 489 490
267 268 269
467 468 469
461 462 463
453 454 455
440 441 442
447 448 449
412 413 414
417 418 419
388 389 390
361 362 363
354 355 356
347 348 349
333 334 335
404 405 407 408 406
235 236 238 239 237
18 19 20 21 22
443 444 445
252 253 254
1 3 4 5 6
240 241 242
45 46 47
65 66 67
91 92 93
112 113 114
107 108 109
10 16 17
143 144 145
176 177 178
184 185 186
199 200 201
195 196 197
206 207 208
223 224 225
245 246 247
483 484 485
488 489 490
267 268 269
467 468 469
461 462 463
453 454 455
440 441 442
447 448 449
412 413 414
417 418 419
388 389 390
361 362 363
354 355 356
347 348 349
333 334 335
302 303 304
404 405 407 408 406
235 236 238 239 237
18 19 20 21 22
443 444 445
252 253 254
1 3 4 5 6
240 241 242
45 46 47
65 66 67
91 92 93
112 113 114
107 108 109
10 16 17
143 144 145
176 177 178
184 185 186
199 200 201
195 196 197
206 207 208
223 224 225
245 246 247
483 484 485
488 489 490
267 268 269
467 468 469
461 462 463
453 454 455
440 441 442
447 448 449
412 413 414
417 418 419
388 389 390
361 362 363
354 355 356
347 348 349
333 334 335
302 303 304
296 297 298
404 405 407 408 406
235 236 238 239 237
18 19 20 21 22
443 444 445
252 253 254
1 3 4 5 6
240 241 242
45 46 47
65 66 67
91 92 93
112 113 114
107 108 109
10 16 17
143 144 145
176 177 178
184 185 186
199 200 201
195 196 197
206 207 208
223 224 225
245 246 247
483 484 485
488 489 490
267 268 269
467 468 469
461 462 463
453 454 455
440 441 442
447 448 449
412 413 414
417 418 419
388 389 390
361 362 363
354 355 356
347 348 349
333 334 335
302 303 304
296 297 298
23 24
