59 189 203 48
59 189 203 48
207 111 37 79
59 189 203 48
207 111 37 79
7 260 19 235
59 189 203 48
207 111 37 79
7 260 19 235
430 422 365 304
59 189 203 48
207 111 37 79
7 260 19 235
430 422 365 304
316 176 238 89
59 189 203 48
207 111 37 79
7 260 19 235
430 422 365 304
316 176 238 89
86 341 336 284
59 189 203 48
207 111 37 79
7 260 19 235
430 422 365 304
316 176 238 89
86 341 336 284
265 326 409 263
59 189 203 48
207 111 37 79
7 260 19 235
430 422 365 304
316 176 238 89
86 341 336 284
265 326 409 263
116 324 348 184
59 189 203 48
207 111 37 79
7 260 19 235
430 422 365 304
316 176 238 89
86 341 336 284
265 326 409 263
116 324 348 184
30 170 4 269
59 189 203 48
207 111 37 79
7 260 19 235
430 422 365 304
316 176 238 89
86 341 336 284
265 326 409 263
116 324 348 184
30 170 4 269
454 251 446 108
