220 95 292 390 179
220 95 292 390 179
298 321 187 295
220 95 292 390 179
298 321 187 295
476 134 451 74 125
220 95 292 390 179
298 321 187 295
476 134 451 74 125
136 152 39 210
220 95 292 390 179
298 321 187 295
476 134 451 74 125
136 152 39 210
239 51 414 300 354
220 95 292 390 179
298 321 187 295
476 134 451 74 125
136 152 39 210
239 51 414 300 354
18 446 383 375
220 95 292 390 179
298 321 187 295
476 134 451 74 125
136 152 39 210
239 51 414 300 354
18 446 383 375
203 371 7
220 95 292 390 179
298 321 187 295
476 134 451 74 125
136 152 39 210
239 51 414 300 354
18 446 383 375
203 371 7
66 303 327
220 95 292 390 179
298 321 187 295
476 134 451 74 125
136 152 39 210
239 51 414 300 354
18 446 383 375
203 371 7
66 303 327
369 237 435 235
220 95 292 390 179
298 321 187 295
476 134 451 74 125
136 152 39 210
239 51 414 300 354
18 446 383 375
203 371 7
66 303 327
369 237 435 235
52 284 214 370
220 95 292 390 179
298 321 187 295
476 134 451 74 125
136 152 39 210
239 51 414 300 354
18 446 383 375
203 371 7
66 303 327
369 237 435 235
52 284 214 370
31 84 384
220 95 292 390 179
298 321 187 295
476 134 451 74 125
136 152 39 210
239 51 414 300 354
18 446 383 375
203 371 7
66 303 327
369 237 435 235
52 284 214 370
31 84 384
163 252
220 95 292 390 179
298 321 187 295
476 134 451 74 125
136 152 39 210
239 51 414 300 354
18 446 383 375
203 371 7
66 303 327
369 237 435 235
52 284 214 370
31 84 384
163 252
373 34
220 95 292 390 179
298 321 187 295
476 134 451 74 125
136 152 39 210
239 51 414 300 354
18 446 383 375
203 371 7
66 303 327
369 237 435 235
52 284 214 370
31 84 384
163 252
373 34
195 204 236
220 95 292 390 179
298 321 187 295
476 134 451 74 125
136 152 39 210
239 51 414 300 354
18 446 383 375
203 371 7
66 303 327
369 237 435 235
52 284 214 370
31 84 384
163 252
373 34
195 204 236
189 318
220 95 292 390 179
298 321 187 295
476 134 451 74 125
136 152 39 210
239 51 414 300 354
18 446 383 375
203 371 7
66 303 327
369 237 435 235
52 284 214 370
31 84 384
163 252
373 34
195 204 236
189 318
65 340
220 95 292 390 179
298 321 187 295
476 134 451 74 125
136 152 39 210
239 51 414 300 354
18 446 383 375
203 371 7
66 303 327
369 237 435 235
52 284 214 370
31 84 384
163 252
373 34
195 204 236
189 318
65 340
368 103 415
220 95 292 390 179
298 321 187 295
476 134 451 74 125
136 152 39 210
239 51 414 300 354
18 446 383 375
203 371 7
66 303 327
369 237 435 235
52 284 214 370
31 84 384
163 252
373 34
195 204 236
189 318
65 340
368 103 415
23 181
220 95 292 390 179
298 321 187 295
476 134 451 74 125
136 152 39 210
239 51 414 300 354
18 446 383 375
203 371 7
66 303 327
369 237 435 235
52 284 214 370
31 84 384
163 252
373 34
195 204 236
189 318
65 340
368 103 415
23 181
345 57
220 95 292 390 179
298 321 187 295
476 134 451 74 125
136 152 39 210
239 51 414 300 354
18 446 383 375
203 371 7
66 303 327
369 237 435 235
52 284 214 370
31 84 384
163 252
373 34
195 204 236
189 318
65 340
368 103 415
23 181
345 57
325 468
220 95 292 390 179
298 321 187 295
476 134 451 74 125
136 152 39 210
239 51 414 300 354
18 446 383 375
203 371 7
66 303 327
369 237 435 235
52 284 214 370
31 84 384
163 252
373 34
195 204 236
189 318
65 340
368 103 415
23 181
345 57
325 468
492 149
220 95 292 390 179
298 321 187 295
476 134 451 74 125
136 152 39 210
239 51 414 300 354
18 446 383 375
203 371 7
66 303 327
369 237 435 235
52 284 214 370
31 84 384
163 252
373 34
195 204 236
189 318
65 340
368 103 415
23 181
345 57
325 468
492 149
418 421
220 95 292 390 179
298 321 187 295
476 134 451 74 125
136 152 39 210
239 51 414 300 354
18 446 383 375
203 371 7
66 303 327
369 237 435 235
52 284 214 370
31 84 384
163 252
373 34
195 204 236
189 318
65 340
368 103 415
23 181
345 57
325 468
492 149
418 421
10 251
220 95 292 390 179
298 321 187 295
476 134 451 74 125
136 152 39 210
239 51 414 300 354
18 446 383 375
203 371 7
66 303 327
369 237 435 235
52 284 214 370
31 84 384
163 252
373 34
195 204 236
189 318
65 340
368 103 415
23 181
345 57
325 468
492 149
418 421
10 251
470 213
220 95 292 390 179
298 321 187 295
476 134 451 74 125
136 152 39 210
239 51 414 300 354
18 446 383 375
203 371 7
66 303 327
369 237 435 235
52 284 214 370
31 84 384
163 252
373 34
195 204 236
189 318
65 340
368 103 415
23 181
345 57
325 468
492 149
418 421
10 251
470 213
196 452
220 95 292 390 179
298 321 187 295
476 134 451 74 125
136 152 39 210
239 51 414 300 354
18 446 383 375
203 371 7
66 303 327
369 237 435 235
52 284 214 370
31 84 384
163 252
373 34
195 204 236
189 318
65 340
368 103 415
23 181
345 57
325 468
492 149
418 421
10 251
470 213
196 452
404 482
