148 99 196 182 292
252 149 137 256 26
208 18 327 122 375
163 108 109 31 378
336 299 307 269 103
393 386 59 113 315
25 17 295 227 226
128 159 387 287 243
116 338 238 352 278
202 274 268 1 265
240 186 228 357 100
344 104 320 313 64
81 151 56 198 322
311 8 204 334 282
366 211 47 83 130
239 225 153 312 289
147 76 187 110 193
70 213 195 44 244
135 38 212 48 300
60 125 390 127 374
144 358 230 285 24
248 133 121 34 210
119 290 139 245 258
162 363 361 134 177
94 203 102 250 260
321 86 316 317 62
231 3 254 41 209
272 279 156 52 345
340 2 51 301 87
30 88 172 40 96
372 39 155 306 324
45 189 399 241 180
215 12 305 337 308
217 242 302 55 197
342 220 16 67 143
385 68 362 175 283
259 276 71 74 174
14 132 142 77 267
50 72 92 185 223
328 314 5 349 117
