177 304 37 44 60
288 0 284 240 280
171 48 319 14 57
154 3 16 273 206
36 220 255 7 283
76 95 257 325 92
183 223 204 138 300
116 197 247 219 194
55 96 129 102 10
56 246 80 50 299
291 130 144 242 216
313 336 26 18 148
114 78 333 11 167
64 198 143 97 260
5 115 192 184 146
274 157 256 224 169
33 266 323 253 75
233 87 8 182 124
35 294 218 292 248
174 67 70 23 58
51 331 2 258 168
296 118 152 302 297
225 72 83 155 53
122 306 298 62 301
271 311 71 208 314
34 85 176 127 241
40 45 73 191 178
214 135 61 106 307
107 278 137 237 277
82 41 201 98 145
172 12 123 19 160
275 110 126 89 308
327 4 79 186 93
188 54 243 17 295
