142 29 175 428 307
183 66 388 272 154
216 346 364 61 383
251 398 148 230 123
126 339 151 57 271
257 441 62 275 372
68 32 51 432 235
75 71 70 295 5
76 39 59 194 254
440 220 42 131 373
152 279 292 239 79
27 97 286 125 127
266 69 28 192 310
4 168 402 171 25
141 422 128 354 436
189 23 163 361 119
303 188 207 47 392
199 174 143 331 1
21 45 105 217 33
316 100 309 322 439
13 268 252 348 344
385 10 104 228 180
355 382 110 312 393
6 88 182 317 285
438 423 187 46 96
9 156 221 203 159
140 429 261 196 73
247 81 289 93 48
185 264 338 72 253
223 301 89 122 391
406 280 405 320 177
353 413 111 238 64
448 424 426 442 167
360 330 231 378 421
204 270 233 193 430
58 425 191 43 328
36 250 102 208 374
98 210 243 146 87
345 35 276 12 449
304 411 211 37 294
197 52 379 407 172
273 82 386 84 380
381 431 106 147 117
53 370 376 340 155
0 18 55 85 164
