301 416 260 47 194
301 416 260 47 194
441 283 494 387 297
301 416 260 47 194
441 283 494 387 297
139 282 127 275 281
301 416 260 47 194
441 283 494 387 297
139 282 127 275 281
406 269 191 182 84
301 416 260 47 194
441 283 494 387 297
139 282 127 275 281
406 269 191 182 84
158 304 357 83 451
301 416 260 47 194
441 283 494 387 297
139 282 127 275 281
406 269 191 182 84
158 304 357 83 451
277 413 217 344 293
301 416 260 47 194
441 283 494 387 297
139 282 127 275 281
406 269 191 182 84
158 304 357 83 451
277 413 217 344 293
164 490 79 211 87
301 416 260 47 194
441 283 494 387 297
139 282 127 275 281
406 269 191 182 84
158 304 357 83 451
277 413 217 344 293
164 490 79 211 87
18 418 171 222 165
301 416 260 47 194
441 283 494 387 297
139 282 127 275 281
406 269 191 182 84
158 304 357 83 451
277 413 217 344 293
164 490 79 211 87
18 418 171 222 165
230 450 431 414 66
301 416 260 47 194
441 283 494 387 297
139 282 127 275 281
406 269 191 182 84
158 304 357 83 451
277 413 217 344 293
164 490 79 211 87
18 418 171 222 165
230 450 431 414 66
459 229 153 498 401
301 416 260 47 194
441 283 494 387 297
139 282 127 275 281
406 269 191 182 84
158 304 357 83 451
277 413 217 344 293
164 490 79 211 87
18 418 171 222 165
230 450 431 414 66
459 229 153 498 401
433 123 244 216 2
301 416 260 47 194
441 283 494 387 297
139 282 127 275 281
406 269 191 182 84
158 304 357 83 451
277 413 217 344 293
164 490 79 211 87
18 418 171 222 165
230 450 431 414 66
459 229 153 498 401
433 123 244 216 2
212 242 299 446 56
301 416 260 47 194
441 283 494 387 297
139 282 127 275 281
406 269 191 182 84
158 304 357 83 451
277 413 217 344 293
164 490 79 211 87
18 418 171 222 165
230 450 431 414 66
459 229 153 498 401
433 123 244 216 2
212 242 299 446 56
19 317 319 45 237
301 416 260 47 194
441 283 494 387 297
139 282 127 275 281
406 269 191 182 84
158 304 357 83 451
277 413 217 344 293
164 490 79 211 87
18 418 171 222 165
230 450 431 414 66
459 229 153 498 401
433 123 244 216 2
212 242 299 446 56
19 317 319 45 237
371 54 497 367 81
301 416 260 47 194
441 283 494 387 297
139 282 127 275 281
406 269 191 182 84
158 304 357 83 451
277 413 217 344 293
164 490 79 211 87
18 418 171 222 165
230 450 431 414 66
459 229 153 498 401
433 123 244 216 2
212 242 299 446 56
19 317 319 45 237
371 54 497 367 81
80 478 175 476 452
301 416 260 47 194
441 283 494 387 297
139 282 127 275 281
406 269 191 182 84
158 304 357 83 451
277 413 217 344 293
164 490 79 211 87
18 418 171 222 165
230 450 431 414 66
459 229 153 498 401
433 123 244 216 2
212 242 299 446 56
19 317 319 45 237
371 54 497 367 81
80 478 175 476 452
256 415 228 115 402
301 416 260 47 194
441 283 494 387 297
139 282 127 275 281
406 269 191 182 84
158 304 357 83 451
277 413 217 344 293
164 490 79 211 87
18 418 171 222 165
230 450 431 414 66
459 229 153 498 401
433 123 244 216 2
212 242 299 446 56
19 317 319 45 237
371 54 497 367 81
80 478 175 476 452
256 415 228 115 402
349 291 173 290 455
301 416 260 47 194
441 283 494 387 297
139 282 127 275 281
406 269 191 182 84
158 304 357 83 451
277 413 217 344 293
164 490 79 211 87
18 418 171 222 165
230 450 431 414 66
459 229 153 498 401
433 123 244 216 2
212 242 299 446 56
19 317 319 45 237
371 54 497 367 81
80 478 175 476 452
256 415 228 115 402
349 291 173 290 455
118 383 334 428 471
301 416 260 47 194
441 283 494 387 297
139 282 127 275 281
406 269 191 182 84
158 304 357 83 451
277 413 217 344 293
164 490 79 211 87
18 418 171 222 165
230 450 431 414 66
459 229 153 498 401
433 123 244 216 2
212 242 299 446 56
19 317 319 45 237
371 54 497 367 81
80 478 175 476 452
256 415 228 115 402
349 291 173 290 455
118 383 334 428 471
248 439 432 42 470
301 416 260 47 194
441 283 494 387 297
139 282 127 275 281
406 269 191 182 84
158 304 357 83 451
277 413 217 344 293
164 490 79 211 87
18 418 171 222 165
230 450 431 414 66
459 229 153 498 401
433 123 244 216 2
212 242 299 446 56
19 317 319 45 237
371 54 497 367 81
80 478 175 476 452
256 415 228 115 402
349 291 173 290 455
118 383 334 428 471
248 439 432 42 470
408 152 287 336 55
301 416 260 47 194
441 283 494 387 297
139 282 127 275 281
406 269 191 182 84
158 304 357 83 451
277 413 217 344 293
164 490 79 211 87
18 418 171 222 165
230 450 431 414 66
459 229 153 498 401
433 123 244 216 2
212 242 299 446 56
19 317 319 45 237
371 54 497 367 81
80 478 175 476 452
256 415 228 115 402
349 291 173 290 455
118 383 334 428 471
248 439 432 42 470
408 152 287 336 55
250 32 397 1 339
301 416 260 47 194
441 283 494 387 297
139 282 127 275 281
406 269 191 182 84
158 304 357 83 451
277 413 217 344 293
164 490 79 211 87
18 418 171 222 165
230 450 431 414 66
459 229 153 498 401
433 123 244 216 2
212 242 299 446 56
19 317 319 45 237
371 54 497 367 81
80 478 175 476 452
256 415 228 115 402
349 291 173 290 455
118 383 334 428 471
248 439 432 42 470
408 152 287 336 55
250 32 397 1 339
142 394 351 128 473
301 416 260 47 194
441 283 494 387 297
139 282 127 275 281
406 269 191 182 84
158 304 357 83 451
277 413 217 344 293
164 490 79 211 87
18 418 171 222 165
230 450 431 414 66
459 229 153 498 401
433 123 244 216 2
212 242 299 446 56
19 317 319 45 237
371 54 497 367 81
80 478 175 476 452
256 415 228 115 402
349 291 173 290 455
118 383 334 428 471
248 439 432 42 470
408 152 287 336 55
250 32 397 1 339
142 394 351 128 473
51 322 354 225 85
301 416 260 47 194
441 283 494 387 297
139 282 127 275 281
406 269 191 182 84
158 304 357 83 451
277 413 217 344 293
164 490 79 211 87
18 418 171 222 165
230 450 431 414 66
459 229 153 498 401
433 123 244 216 2
212 242 299 446 56
19 317 319 45 237
371 54 497 367 81
80 478 175 476 452
256 415 228 115 402
349 291 173 290 455
118 383 334 428 471
248 439 432 42 470
408 152 287 336 55
250 32 397 1 339
142 394 351 128 473
51 322 354 225 85
238 105 292 485 116
301 416 260 47 194
441 283 494 387 297
139 282 127 275 281
406 269 191 182 84
158 304 357 83 451
277 413 217 344 293
164 490 79 211 87
18 418 171 222 165
230 450 431 414 66
459 229 153 498 401
433 123 244 216 2
212 242 299 446 56
19 317 319 45 237
371 54 497 367 81
80 478 175 476 452
256 415 228 115 402
349 291 173 290 455
118 383 334 428 471
248 439 432 42 470
408 152 287 336 55
250 32 397 1 339
142 394 351 128 473
51 322 354 225 85
238 105 292 485 116
137 488 72 264 48
301 416 260 47 194
441 283 494 387 297
139 282 127 275 281
406 269 191 182 84
158 304 357 83 451
277 413 217 344 293
164 490 79 211 87
18 418 171 222 165
230 450 431 414 66
459 229 153 498 401
433 123 244 216 2
212 242 299 446 56
19 317 319 45 237
371 54 497 367 81
80 478 175 476 452
256 415 228 115 402
349 291 173 290 455
118 383 334 428 471
248 439 432 42 470
408 152 287 336 55
250 32 397 1 339
142 394 351 128 473
51 322 354 225 85
238 105 292 485 116
137 488 72 264 48
246 426 29 435 134
301 416 260 47 194
441 283 494 387 297
139 282 127 275 281
406 269 191 182 84
158 304 357 83 451
277 413 217 344 293
164 490 79 211 87
18 418 171 222 165
230 450 431 414 66
459 229 153 498 401
433 123 244 216 2
212 242 299 446 56
19 317 319 45 237
371 54 497 367 81
80 478 175 476 452
256 415 228 115 402
349 291 173 290 455
118 383 334 428 471
248 439 432 42 470
408 152 287 336 55
250 32 397 1 339
142 394 351 128 473
51 322 354 225 85
238 105 292 485 116
137 488 72 264 48
246 426 29 435 134
169 59 69 424 321
301 416 260 47 194
441 283 494 387 297
139 282 127 275 281
406 269 191 182 84
158 304 357 83 451
277 413 217 344 293
164 490 79 211 87
18 418 171 222 165
230 450 431 414 66
459 229 153 498 401
433 123 244 216 2
212 242 299 446 56
19 317 319 45 237
371 54 497 367 81
80 478 175 476 452
256 415 228 115 402
349 291 173 290 455
118 383 334 428 471
248 439 432 42 470
408 152 287 336 55
250 32 397 1 339
142 394 351 128 473
51 322 354 225 85
238 105 292 485 116
137 488 72 264 48
246 426 29 435 134
169 59 69 424 321
257 3 396 352 251
301 416 260 47 194
441 283 494 387 297
139 282 127 275 281
406 269 191 182 84
158 304 357 83 451
277 413 217 344 293
164 490 79 211 87
18 418 171 222 165
230 450 431 414 66
459 229 153 498 401
433 123 244 216 2
212 242 299 446 56
19 317 319 45 237
371 54 497 367 81
80 478 175 476 452
256 415 228 115 402
349 291 173 290 455
118 383 334 428 471
248 439 432 42 470
408 152 287 336 55
250 32 397 1 339
142 394 351 128 473
51 322 354 225 85
238 105 292 485 116
137 488 72 264 48
246 426 29 435 134
169 59 69 424 321
257 3 396 352 251
368 484 447 464 120
301 416 260 47 194
441 283 494 387 297
139 282 127 275 281
406 269 191 182 84
158 304 357 83 451
277 413 217 344 293
164 490 79 211 87
18 418 171 222 165
230 450 431 414 66
459 229 153 498 401
433 123 244 216 2
212 242 299 446 56
19 317 319 45 237
371 54 497 367 81
80 478 175 476 452
256 415 228 115 402
349 291 173 290 455
118 383 334 428 471
248 439 432 42 470
408 152 287 336 55
250 32 397 1 339
142 394 351 128 473
51 322 354 225 85
238 105 292 485 116
137 488 72 264 48
246 426 29 435 134
169 59 69 424 321
257 3 396 352 251
368 484 447 464 120
241 63 491 253 456
301 416 260 47 194
441 283 494 387 297
139 282 127 275 281
406 269 191 182 84
158 304 357 83 451
277 413 217 344 293
164 490 79 211 87
18 418 171 222 165
230 450 431 414 66
459 229 153 498 401
433 123 244 216 2
212 242 299 446 56
19 317 319 45 237
371 54 497 367 81
80 478 175 476 452
256 415 228 115 402
349 291 173 290 455
118 383 334 428 471
248 439 432 42 470
408 152 287 336 55
250 32 397 1 339
142 394 351 128 473
51 322 354 225 85
238 105 292 485 116
137 488 72 264 48
246 426 29 435 134
169 59 69 424 321
257 3 396 352 251
368 484 447 464 120
241 63 491 253 456
76 154 254 331 434
301 416 260 47 194
441 283 494 387 297
139 282 127 275 281
406 269 191 182 84
158 304 357 83 451
277 413 217 344 293
164 490 79 211 87
18 418 171 222 165
230 450 431 414 66
459 229 153 498 401
433 123 244 216 2
212 242 299 446 56
19 317 319 45 237
371 54 497 367 81
80 478 175 476 452
256 415 228 115 402
349 291 173 290 455
118 383 334 428 471
248 439 432 42 470
408 152 287 336 55
250 32 397 1 339
142 394 351 128 473
51 322 354 225 85
238 105 292 485 116
137 488 72 264 48
246 426 29 435 134
169 59 69 424 321
257 3 396 352 251
368 484 447 464 120
241 63 491 253 456
76 154 254 331 434
188 189 218 326 333
301 416 260 47 194
441 283 494 387 297
139 282 127 275 281
406 269 191 182 84
158 304 357 83 451
277 413 217 344 293
164 490 79 211 87
18 418 171 222 165
230 450 431 414 66
459 229 153 498 401
433 123 244 216 2
212 242 299 446 56
19 317 319 45 237
371 54 497 367 81
80 478 175 476 452
256 415 228 115 402
349 291 173 290 455
118 383 334 428 471
248 439 432 42 470
408 152 287 336 55
250 32 397 1 339
142 394 351 128 473
51 322 354 225 85
238 105 292 485 116
137 488 72 264 48
246 426 29 435 134
169 59 69 424 321
257 3 396 352 251
368 484 447 464 120
241 63 491 253 456
76 154 254 331 434
188 189 218 326 333
60 362 294 6 113
301 416 260 47 194
441 283 494 387 297
139 282 127 275 281
406 269 191 182 84
158 304 357 83 451
277 413 217 344 293
164 490 79 211 87
18 418 171 222 165
230 450 431 414 66
459 229 153 498 401
433 123 244 216 2
212 242 299 446 56
19 317 319 45 237
371 54 497 367 81
80 478 175 476 452
256 415 228 115 402
349 291 173 290 455
118 383 334 428 471
248 439 432 42 470
408 152 287 336 55
250 32 397 1 339
142 394 351 128 473
51 322 354 225 85
238 105 292 485 116
137 488 72 264 48
246 426 29 435 134
169 59 69 424 321
257 3 396 352 251
368 484 447 464 120
241 63 491 253 456
76 154 254 331 434
188 189 218 326 333
60 362 294 6 113
391 4 356 207 467
301 416 260 47 194
441 283 494 387 297
139 282 127 275 281
406 269 191 182 84
158 304 357 83 451
277 413 217 344 293
164 490 79 211 87
18 418 171 222 165
230 450 431 414 66
459 229 153 498 401
433 123 244 216 2
212 242 299 446 56
19 317 319 45 237
371 54 497 367 81
80 478 175 476 452
256 415 228 115 402
349 291 173 290 455
118 383 334 428 471
248 439 432 42 470
408 152 287 336 55
250 32 397 1 339
142 394 351 128 473
51 322 354 225 85
238 105 292 485 116
137 488 72 264 48
246 426 29 435 134
169 59 69 424 321
257 3 396 352 251
368 484 447 464 120
241 63 491 253 456
76 154 254 331 434
188 189 218 326 333
60 362 294 6 113
391 4 356 207 467
38 7 427 46 445
301 416 260 47 194
441 283 494 387 297
139 282 127 275 281
406 269 191 182 84
158 304 357 83 451
277 413 217 344 293
164 490 79 211 87
18 418 171 222 165
230 450 431 414 66
459 229 153 498 401
433 123 244 216 2
212 242 299 446 56
19 317 319 45 237
371 54 497 367 81
80 478 175 476 452
256 415 228 115 402
349 291 173 290 455
118 383 334 428 471
248 439 432 42 470
408 152 287 336 55
250 32 397 1 339
142 394 351 128 473
51 322 354 225 85
238 105 292 485 116
137 488 72 264 48
246 426 29 435 134
169 59 69 424 321
257 3 396 352 251
368 484 447 464 120
241 63 491 253 456
76 154 254 331 434
188 189 218 326 333
60 362 294 6 113
391 4 356 207 467
38 7 427 46 445
364 226 348 126 73
301 416 260 47 194
441 283 494 387 297
139 282 127 275 281
406 269 191 182 84
158 304 357 83 451
277 413 217 344 293
164 490 79 211 87
18 418 171 222 165
230 450 431 414 66
459 229 153 498 401
433 123 244 216 2
212 242 299 446 56
19 317 319 45 237
371 54 497 367 81
80 478 175 476 452
256 415 228 115 402
349 291 173 290 455
118 383 334 428 471
248 439 432 42 470
408 152 287 336 55
250 32 397 1 339
142 394 351 128 473
51 322 354 225 85
238 105 292 485 116
137 488 72 264 48
246 426 29 435 134
169 59 69 424 321
257 3 396 352 251
368 484 447 464 120
241 63 491 253 456
76 154 254 331 434
188 189 218 326 333
60 362 294 6 113
391 4 356 207 467
38 7 427 46 445
364 226 348 126 73
53 143 124 205 37
301 416 260 47 194
441 283 494 387 297
139 282 127 275 281
406 269 191 182 84
158 304 357 83 451
277 413 217 344 293
164 490 79 211 87
18 418 171 222 165
230 450 431 414 66
459 229 153 498 401
433 123 244 216 2
212 242 299 446 56
19 317 319 45 237
371 54 497 367 81
80 478 175 476 452
256 415 228 115 402
349 291 173 290 455
118 383 334 428 471
248 439 432 42 470
408 152 287 336 55
250 32 397 1 339
142 394 351 128 473
51 322 354 225 85
238 105 292 485 116
137 488 72 264 48
246 426 29 435 134
169 59 69 424 321
257 3 396 352 251
368 484 447 464 120
241 63 491 253 456
76 154 254 331 434
188 189 218 326 333
60 362 294 6 113
391 4 356 207 467
38 7 427 46 445
364 226 348 126 73
53 143 124 205 37
22 374 296 288 28
301 416 260 47 194
441 283 494 387 297
139 282 127 275 281
406 269 191 182 84
158 304 357 83 451
277 413 217 344 293
164 490 79 211 87
18 418 171 222 165
230 450 431 414 66
459 229 153 498 401
433 123 244 216 2
212 242 299 446 56
19 317 319 45 237
371 54 497 367 81
80 478 175 476 452
256 415 228 115 402
349 291 173 290 455
118 383 334 428 471
248 439 432 42 470
408 152 287 336 55
250 32 397 1 339
142 394 351 128 473
51 322 354 225 85
238 105 292 485 116
137 488 72 264 48
246 426 29 435 134
169 59 69 424 321
257 3 396 352 251
368 484 447 464 120
241 63 491 253 456
76 154 254 331 434
188 189 218 326 333
60 362 294 6 113
391 4 356 207 467
38 7 427 46 445
364 226 348 126 73
53 143 124 205 37
22 374 296 288 28
224 337 313 144 389
301 416 260 47 194
441 283 494 387 297
139 282 127 275 281
406 269 191 182 84
158 304 357 83 451
277 413 217 344 293
164 490 79 211 87
18 418 171 222 165
230 450 431 414 66
459 229 153 498 401
433 123 244 216 2
212 242 299 446 56
19 317 319 45 237
371 54 497 367 81
80 478 175 476 452
256 415 228 115 402
349 291 173 290 455
118 383 334 428 471
248 439 432 42 470
408 152 287 336 55
250 32 397 1 339
142 394 351 128 473
51 322 354 225 85
238 105 292 485 116
137 488 72 264 48
246 426 29 435 134
169 59 69 424 321
257 3 396 352 251
368 484 447 464 120
241 63 491 253 456
76 154 254 331 434
188 189 218 326 333
60 362 294 6 113
391 4 356 207 467
38 7 427 46 445
364 226 348 126 73
53 143 124 205 37
22 374 296 288 28
224 337 313 144 389
183 472 338 101 309
301 416 260 47 194
441 283 494 387 297
139 282 127 275 281
406 269 191 182 84
158 304 357 83 451
277 413 217 344 293
164 490 79 211 87
18 418 171 222 165
230 450 431 414 66
459 229 153 498 401
433 123 244 216 2
212 242 299 446 56
19 317 319 45 237
371 54 497 367 81
80 478 175 476 452
256 415 228 115 402
349 291 173 290 455
118 383 334 428 471
248 439 432 42 470
408 152 287 336 55
250 32 397 1 339
142 394 351 128 473
51 322 354 225 85
238 105 292 485 116
137 488 72 264 48
246 426 29 435 134
169 59 69 424 321
257 3 396 352 251
368 484 447 464 120
241 63 491 253 456
76 154 254 331 434
188 189 218 326 333
60 362 294 6 113
391 4 356 207 467
38 7 427 46 445
364 226 348 126 73
53 143 124 205 37
22 374 296 288 28
224 337 313 144 389
183 472 338 101 309
398 160 325 378 286
301 416 260 47 194
441 283 494 387 297
139 282 127 275 281
406 269 191 182 84
158 304 357 83 451
277 413 217 344 293
164 490 79 211 87
18 418 171 222 165
230 450 431 414 66
459 229 153 498 401
433 123 244 216 2
212 242 299 446 56
19 317 319 45 237
371 54 497 367 81
80 478 175 476 452
256 415 228 115 402
349 291 173 290 455
118 383 334 428 471
248 439 432 42 470
408 152 287 336 55
250 32 397 1 339
142 394 351 128 473
51 322 354 225 85
238 105 292 485 116
137 488 72 264 48
246 426 29 435 134
169 59 69 424 321
257 3 396 352 251
368 484 447 464 120
241 63 491 253 456
76 154 254 331 434
188 189 218 326 333
60 362 294 6 113
391 4 356 207 467
38 7 427 46 445
364 226 348 126 73
53 143 124 205 37
22 374 296 288 28
224 337 313 144 389
183 472 338 101 309
398 160 325 378 286
499 279 133 145 440
301 416 260 47 194
441 283 494 387 297
139 282 127 275 281
406 269 191 182 84
158 304 357 83 451
277 413 217 344 293
164 490 79 211 87
18 418 171 222 165
230 450 431 414 66
459 229 153 498 401
433 123 244 216 2
212 242 299 446 56
19 317 319 45 237
371 54 497 367 81
80 478 175 476 452
256 415 228 115 402
349 291 173 290 455
118 383 334 428 471
248 439 432 42 470
408 152 287 336 55
250 32 397 1 339
142 394 351 128 473
51 322 354 225 85
238 105 292 485 116
137 488 72 264 48
246 426 29 435 134
169 59 69 424 321
257 3 396 352 251
368 484 447 464 120
241 63 491 253 456
76 154 254 331 434
188 189 218 326 333
60 362 294 6 113
391 4 356 207 467
38 7 427 46 445
364 226 348 126 73
53 143 124 205 37
22 374 296 288 28
224 337 313 144 389
183 472 338 101 309
398 160 325 378 286
499 279 133 145 440
220 181 353 480 167
301 416 260 47 194
441 283 494 387 297
139 282 127 275 281
406 269 191 182 84
158 304 357 83 451
277 413 217 344 293
164 490 79 211 87
18 418 171 222 165
230 450 431 414 66
459 229 153 498 401
433 123 244 216 2
212 242 299 446 56
19 317 319 45 237
371 54 497 367 81
80 478 175 476 452
256 415 228 115 402
349 291 173 290 455
118 383 334 428 471
248 439 432 42 470
408 152 287 336 55
250 32 397 1 339
142 394 351 128 473
51 322 354 225 85
238 105 292 485 116
137 488 72 264 48
246 426 29 435 134
169 59 69 424 321
257 3 396 352 251
368 484 447 464 120
241 63 491 253 456
76 154 254 331 434
188 189 218 326 333
60 362 294 6 113
391 4 356 207 467
38 7 427 46 445
364 226 348 126 73
53 143 124 205 37
22 374 296 288 28
224 337 313 144 389
183 472 338 101 309
398 160 325 378 286
499 279 133 145 440
220 181 353 480 167
437 496 138 161 97
301 416 260 47 194
441 283 494 387 297
139 282 127 275 281
406 269 191 182 84
158 304 357 83 451
277 413 217 344 293
164 490 79 211 87
18 418 171 222 165
230 450 431 414 66
459 229 153 498 401
433 123 244 216 2
212 242 299 446 56
19 317 319 45 237
371 54 497 367 81
80 478 175 476 452
256 415 228 115 402
349 291 173 290 455
118 383 334 428 471
248 439 432 42 470
408 152 287 336 55
250 32 397 1 339
142 394 351 128 473
51 322 354 225 85
238 105 292 485 116
137 488 72 264 48
246 426 29 435 134
169 59 69 424 321
257 3 396 352 251
368 484 447 464 120
241 63 491 253 456
76 154 254 331 434
188 189 218 326 333
60 362 294 6 113
391 4 356 207 467
38 7 427 46 445
364 226 348 126 73
53 143 124 205 37
22 374 296 288 28
224 337 313 144 389
183 472 338 101 309
398 160 325 378 286
499 279 133 145 440
220 181 353 480 167
437 496 138 161 97
93 34 106 495 109
301 416 260 47 194
441 283 494 387 297
139 282 127 275 281
406 269 191 182 84
158 304 357 83 451
277 413 217 344 293
164 490 79 211 87
18 418 171 222 165
230 450 431 414 66
459 229 153 498 401
433 123 244 216 2
212 242 299 446 56
19 317 319 45 237
371 54 497 367 81
80 478 175 476 452
256 415 228 115 402
349 291 173 290 455
118 383 334 428 471
248 439 432 42 470
408 152 287 336 55
250 32 397 1 339
142 394 351 128 473
51 322 354 225 85
238 105 292 485 116
137 488 72 264 48
246 426 29 435 134
169 59 69 424 321
257 3 396 352 251
368 484 447 464 120
241 63 491 253 456
76 154 254 331 434
188 189 218 326 333
60 362 294 6 113
391 4 356 207 467
38 7 427 46 445
364 226 348 126 73
53 143 124 205 37
22 374 296 288 28
224 337 313 144 389
183 472 338 101 309
398 160 325 378 286
499 279 133 145 440
220 181 353 480 167
437 496 138 161 97
93 34 106 495 109
463 377 99 376 255
301 416 260 47 194
441 283 494 387 297
139 282 127 275 281
406 269 191 182 84
158 304 357 83 451
277 413 217 344 293
164 490 79 211 87
18 418 171 222 165
230 450 431 414 66
459 229 153 498 401
433 123 244 216 2
212 242 299 446 56
19 317 319 45 237
371 54 497 367 81
80 478 175 476 452
256 415 228 115 402
349 291 173 290 455
118 383 334 428 471
248 439 432 42 470
408 152 287 336 55
250 32 397 1 339
142 394 351 128 473
51 322 354 225 85
238 105 292 485 116
137 488 72 264 48
246 426 29 435 134
169 59 69 424 321
257 3 396 352 251
368 484 447 464 120
241 63 491 253 456
76 154 254 331 434
188 189 218 326 333
60 362 294 6 113
391 4 356 207 467
38 7 427 46 445
364 226 348 126 73
53 143 124 205 37
22 374 296 288 28
224 337 313 144 389
183 472 338 101 309
398 160 325 378 286
499 279 133 145 440
220 181 353 480 167
437 496 138 161 97
93 34 106 495 109
463 377 99 376 255
274 177 70 179 147
301 416 260 47 194
441 283 494 387 297
139 282 127 275 281
406 269 191 182 84
158 304 357 83 451
277 413 217 344 293
164 490 79 211 87
18 418 171 222 165
230 450 431 414 66
459 229 153 498 401
433 123 244 216 2
212 242 299 446 56
19 317 319 45 237
371 54 497 367 81
80 478 175 476 452
256 415 228 115 402
349 291 173 290 455
118 383 334 428 471
248 439 432 42 470
408 152 287 336 55
250 32 397 1 339
142 394 351 128 473
51 322 354 225 85
238 105 292 485 116
137 488 72 264 48
246 426 29 435 134
169 59 69 424 321
257 3 396 352 251
368 484 447 464 120
241 63 491 253 456
76 154 254 331 434
188 189 218 326 333
60 362 294 6 113
391 4 356 207 467
38 7 427 46 445
364 226 348 126 73
53 143 124 205 37
22 374 296 288 28
224 337 313 144 389
183 472 338 101 309
398 160 325 378 286
499 279 133 145 440
220 181 353 480 167
437 496 138 161 97
93 34 106 495 109
463 377 99 376 255
274 177 70 179 147
493 149 385 43 57
301 416 260 47 194
441 283 494 387 297
139 282 127 275 281
406 269 191 182 84
158 304 357 83 451
277 413 217 344 293
164 490 79 211 87
18 418 171 222 165
230 450 431 414 66
459 229 153 498 401
433 123 244 216 2
212 242 299 446 56
19 317 319 45 237
371 54 497 367 81
80 478 175 476 452
256 415 228 115 402
349 291 173 290 455
118 383 334 428 471
248 439 432 42 470
408 152 287 336 55
250 32 397 1 339
142 394 351 128 473
51 322 354 225 85
238 105 292 485 116
137 488 72 264 48
246 426 29 435 134
169 59 69 424 321
257 3 396 352 251
368 484 447 464 120
241 63 491 253 456
76 154 254 331 434
188 189 218 326 333
60 362 294 6 113
391 4 356 207 467
38 7 427 46 445
364 226 348 126 73
53 143 124 205 37
22 374 296 288 28
224 337 313 144 389
183 472 338 101 309
398 160 325 378 286
499 279 133 145 440
220 181 353 480 167
437 496 138 161 97
93 34 106 495 109
463 377 99 376 255
274 177 70 179 147
493 149 385 43 57
195 102 247 112 129
301 416 260 47 194
441 283 494 387 297
139 282 127 275 281
406 269 191 182 84
158 304 357 83 451
277 413 217 344 293
164 490 79 211 87
18 418 171 222 165
230 450 431 414 66
459 229 153 498 401
433 123 244 216 2
212 242 299 446 56
19 317 319 45 237
371 54 497 367 81
80 478 175 476 452
256 415 228 115 402
349 291 173 290 455
118 383 334 428 471
248 439 432 42 470
408 152 287 336 55
250 32 397 1 339
142 394 351 128 473
51 322 354 225 85
238 105 292 485 116
137 488 72 264 48
246 426 29 435 134
169 59 69 424 321
257 3 396 352 251
368 484 447 464 120
241 63 491 253 456
76 154 254 331 434
188 189 218 326 333
60 362 294 6 113
391 4 356 207 467
38 7 427 46 445
364 226 348 126 73
53 143 124 205 37
22 374 296 288 28
224 337 313 144 389
183 472 338 101 309
398 160 325 378 286
499 279 133 145 440
220 181 353 480 167
437 496 138 161 97
93 34 106 495 109
463 377 99 376 255
274 177 70 179 147
493 149 385 43 57
195 102 247 112 129
193 444 438 136 285
