187 368 251 18 102
187 368 251 18 102
94 277 91 162
187 368 251 18 102
94 277 91 162
287 404 213 78
187 368 251 18 102
94 277 91 162
287 404 213 78
350 361
187 368 251 18 102
94 277 91 162
287 404 213 78
350 361
286 373 180
187 368 251 18 102
94 277 91 162
287 404 213 78
350 361
286 373 180
295 332
187 368 251 18 102
94 277 91 162
287 404 213 78
350 361
286 373 180
295 332
195 426 174
187 368 251 18 102
94 277 91 162
287 404 213 78
350 361
286 373 180
295 332
195 426 174
22 367
187 368 251 18 102
94 277 91 162
287 404 213 78
350 361
286 373 180
295 332
195 426 174
22 367
156 68
187 368 251 18 102
94 277 91 162
287 404 213 78
350 361
286 373 180
295 332
195 426 174
22 367
156 68
49 92
187 368 251 18 102
94 277 91 162
287 404 213 78
350 361
286 373 180
295 332
195 426 174
22 367
156 68
49 92
411 405
187 368 251 18 102
94 277 91 162
287 404 213 78
350 361
286 373 180
295 332
195 426 174
22 367
156 68
49 92
411 405
306 67
