431 46 300 256
431 46 300 256
359 205 464
431 46 300 256
359 205 464
195 90 65 243
431 46 300 256
359 205 464
195 90 65 243
428 156 35 11
431 46 300 256
359 205 464
195 90 65 243
428 156 35 11
213 51 295
431 46 300 256
359 205 464
195 90 65 243
428 156 35 11
213 51 295
194 186 434
431 46 300 256
359 205 464
195 90 65 243
428 156 35 11
213 51 295
194 186 434
196 91
431 46 300 256
359 205 464
195 90 65 243
428 156 35 11
213 51 295
194 186 434
196 91
141 286 31
431 46 300 256
359 205 464
195 90 65 243
428 156 35 11
213 51 295
194 186 434
196 91
141 286 31
257 261 366
431 46 300 256
359 205 464
195 90 65 243
428 156 35 11
213 51 295
194 186 434
196 91
141 286 31
257 261 366
438 96
431 46 300 256
359 205 464
195 90 65 243
428 156 35 11
213 51 295
194 186 434
196 91
141 286 31
257 261 366
438 96
437 492 270
431 46 300 256
359 205 464
195 90 65 243
428 156 35 11
213 51 295
194 186 434
196 91
141 286 31
257 261 366
438 96
437 492 270
8 239 66
431 46 300 256
359 205 464
195 90 65 243
428 156 35 11
213 51 295
194 186 434
196 91
141 286 31
257 261 366
438 96
437 492 270
8 239 66
280 94 468
431 46 300 256
359 205 464
195 90 65 243
428 156 35 11
213 51 295
194 186 434
196 91
141 286 31
257 261 366
438 96
437 492 270
8 239 66
280 94 468
263 259
431 46 300 256
359 205 464
195 90 65 243
428 156 35 11
213 51 295
194 186 434
196 91
141 286 31
257 261 366
438 96
437 492 270
8 239 66
280 94 468
263 259
293 40
431 46 300 256
359 205 464
195 90 65 243
428 156 35 11
213 51 295
194 186 434
196 91
141 286 31
257 261 366
438 96
437 492 270
8 239 66
280 94 468
263 259
293 40
114 160
431 46 300 256
359 205 464
195 90 65 243
428 156 35 11
213 51 295
194 186 434
196 91
141 286 31
257 261 366
438 96
437 492 270
8 239 66
280 94 468
263 259
293 40
114 160
474 323
431 46 300 256
359 205 464
195 90 65 243
428 156 35 11
213 51 295
194 186 434
196 91
141 286 31
257 261 366
438 96
437 492 270
8 239 66
280 94 468
263 259
293 40
114 160
474 323
54 382
431 46 300 256
359 205 464
195 90 65 243
428 156 35 11
213 51 295
194 186 434
196 91
141 286 31
257 261 366
438 96
437 492 270
8 239 66
280 94 468
263 259
293 40
114 160
474 323
54 382
272 105
431 46 300 256
359 205 464
195 90 65 243
428 156 35 11
213 51 295
194 186 434
196 91
141 286 31
257 261 366
438 96
437 492 270
8 239 66
280 94 468
263 259
293 40
114 160
474 323
54 382
272 105
38 487
431 46 300 256
359 205 464
195 90 65 243
428 156 35 11
213 51 295
194 186 434
196 91
141 286 31
257 261 366
438 96
437 492 270
8 239 66
280 94 468
263 259
293 40
114 160
474 323
54 382
272 105
38 487
415 108
431 46 300 256
359 205 464
195 90 65 243
428 156 35 11
213 51 295
194 186 434
196 91
141 286 31
257 261 366
438 96
437 492 270
8 239 66
280 94 468
263 259
293 40
114 160
474 323
54 382
272 105
38 487
415 108
73 430
431 46 300 256
359 205 464
195 90 65 243
428 156 35 11
213 51 295
194 186 434
196 91
141 286 31
257 261 366
438 96
437 492 270
8 239 66
280 94 468
263 259
293 40
114 160
474 323
54 382
272 105
38 487
415 108
73 430
106 354
431 46 300 256
359 205 464
195 90 65 243
428 156 35 11
213 51 295
194 186 434
196 91
141 286 31
257 261 366
438 96
437 492 270
8 239 66
280 94 468
263 259
293 40
114 160
474 323
54 382
272 105
38 487
415 108
73 430
106 354
145 174
431 46 300 256
359 205 464
195 90 65 243
428 156 35 11
213 51 295
194 186 434
196 91
141 286 31
257 261 366
438 96
437 492 270
8 239 66
280 94 468
263 259
293 40
114 160
474 323
54 382
272 105
38 487
415 108
73 430
106 354
145 174
220 409
