260 103 456 130 239
260 103 456 130 239
378 416 486 20 13
260 103 456 130 239
378 416 486 20 13
237 490 25 175 357
260 103 456 130 239
378 416 486 20 13
237 490 25 175 357
126 316 463 246 159
260 103 456 130 239
378 416 486 20 13
237 490 25 175 357
126 316 463 246 159
244 49 471 321 211
260 103 456 130 239
378 416 486 20 13
237 490 25 175 357
126 316 463 246 159
244 49 471 321 211
304 123 219 56 441
260 103 456 130 239
378 416 486 20 13
237 490 25 175 357
126 316 463 246 159
244 49 471 321 211
304 123 219 56 441
472 265 117 181 212
260 103 456 130 239
378 416 486 20 13
237 490 25 175 357
126 316 463 246 159
244 49 471 321 211
304 123 219 56 441
472 265 117 181 212
395 113 94 120 111
260 103 456 130 239
378 416 486 20 13
237 490 25 175 357
126 316 463 246 159
244 49 471 321 211
304 123 219 56 441
472 265 117 181 212
395 113 94 120 111
450 229 469 144 5
260 103 456 130 239
378 416 486 20 13
237 490 25 175 357
126 316 463 246 159
244 49 471 321 211
304 123 219 56 441
472 265 117 181 212
395 113 94 120 111
450 229 469 144 5
380 195 497 346 286
260 103 456 130 239
378 416 486 20 13
237 490 25 175 357
126 316 463 246 159
244 49 471 321 211
304 123 219 56 441
472 265 117 181 212
395 113 94 120 111
450 229 469 144 5
380 195 497 346 286
136 326 3 176 430
260 103 456 130 239
378 416 486 20 13
237 490 25 175 357
126 316 463 246 159
244 49 471 321 211
304 123 219 56 441
472 265 117 181 212
395 113 94 120 111
450 229 469 144 5
380 195 497 346 286
136 326 3 176 430
243 66 17 86 419
260 103 456 130 239
378 416 486 20 13
237 490 25 175 357
126 316 463 246 159
244 49 471 321 211
304 123 219 56 441
472 265 117 181 212
395 113 94 120 111
450 229 469 144 5
380 195 497 346 286
136 326 3 176 430
243 66 17 86 419
115 453 187 473 302
260 103 456 130 239
378 416 486 20 13
237 490 25 175 357
126 316 463 246 159
244 49 471 321 211
304 123 219 56 441
472 265 117 181 212
395 113 94 120 111
450 229 469 144 5
380 195 497 346 286
136 326 3 176 430
243 66 17 86 419
115 453 187 473 302
479 315 352 100 328
260 103 456 130 239
378 416 486 20 13
237 490 25 175 357
126 316 463 246 159
244 49 471 321 211
304 123 219 56 441
472 265 117 181 212
395 113 94 120 111
450 229 469 144 5
380 195 497 346 286
136 326 3 176 430
243 66 17 86 419
115 453 187 473 302
479 315 352 100 328
442 64 332 7 325
260 103 456 130 239
378 416 486 20 13
237 490 25 175 357
126 316 463 246 159
244 49 471 321 211
304 123 219 56 441
472 265 117 181 212
395 113 94 120 111
450 229 469 144 5
380 195 497 346 286
136 326 3 176 430
243 66 17 86 419
115 453 187 473 302
479 315 352 100 328
442 64 332 7 325
35 313 457 499 225
260 103 456 130 239
378 416 486 20 13
237 490 25 175 357
126 316 463 246 159
244 49 471 321 211
304 123 219 56 441
472 265 117 181 212
395 113 94 120 111
450 229 469 144 5
380 195 497 346 286
136 326 3 176 430
243 66 17 86 419
115 453 187 473 302
479 315 352 100 328
442 64 332 7 325
35 313 457 499 225
163 376 98 14 137
260 103 456 130 239
378 416 486 20 13
237 490 25 175 357
126 316 463 246 159
244 49 471 321 211
304 123 219 56 441
472 265 117 181 212
395 113 94 120 111
450 229 469 144 5
380 195 497 346 286
136 326 3 176 430
243 66 17 86 419
115 453 187 473 302
479 315 352 100 328
442 64 332 7 325
35 313 457 499 225
163 376 98 14 137
247 202 110 228 460
260 103 456 130 239
378 416 486 20 13
237 490 25 175 357
126 316 463 246 159
244 49 471 321 211
304 123 219 56 441
472 265 117 181 212
395 113 94 120 111
450 229 469 144 5
380 195 497 346 286
136 326 3 176 430
243 66 17 86 419
115 453 187 473 302
479 315 352 100 328
442 64 332 7 325
35 313 457 499 225
163 376 98 14 137
247 202 110 228 460
116 158 446 227 342
260 103 456 130 239
378 416 486 20 13
237 490 25 175 357
126 316 463 246 159
244 49 471 321 211
304 123 219 56 441
472 265 117 181 212
395 113 94 120 111
450 229 469 144 5
380 195 497 346 286
136 326 3 176 430
243 66 17 86 419
115 453 187 473 302
479 315 352 100 328
442 64 332 7 325
35 313 457 499 225
163 376 98 14 137
247 202 110 228 460
116 158 446 227 342
358 42 39 238 347
260 103 456 130 239
378 416 486 20 13
237 490 25 175 357
126 316 463 246 159
244 49 471 321 211
304 123 219 56 441
472 265 117 181 212
395 113 94 120 111
450 229 469 144 5
380 195 497 346 286
136 326 3 176 430
243 66 17 86 419
115 453 187 473 302
479 315 352 100 328
442 64 332 7 325
35 313 457 499 225
163 376 98 14 137
247 202 110 228 460
116 158 446 227 342
358 42 39 238 347
389 10 151 128 303
260 103 456 130 239
378 416 486 20 13
237 490 25 175 357
126 316 463 246 159
244 49 471 321 211
304 123 219 56 441
472 265 117 181 212
395 113 94 120 111
450 229 469 144 5
380 195 497 346 286
136 326 3 176 430
243 66 17 86 419
115 453 187 473 302
479 315 352 100 328
442 64 332 7 325
35 313 457 499 225
163 376 98 14 137
247 202 110 228 460
116 158 446 227 342
358 42 39 238 347
389 10 151 128 303
435 134 27 16 178
260 103 456 130 239
378 416 486 20 13
237 490 25 175 357
126 316 463 246 159
244 49 471 321 211
304 123 219 56 441
472 265 117 181 212
395 113 94 120 111
450 229 469 144 5
380 195 497 346 286
136 326 3 176 430
243 66 17 86 419
115 453 187 473 302
479 315 352 100 328
442 64 332 7 325
35 313 457 499 225
163 376 98 14 137
247 202 110 228 460
116 158 446 227 342
358 42 39 238 347
389 10 151 128 303
435 134 27 16 178
335 422 40 207 95
260 103 456 130 239
378 416 486 20 13
237 490 25 175 357
126 316 463 246 159
244 49 471 321 211
304 123 219 56 441
472 265 117 181 212
395 113 94 120 111
450 229 469 144 5
380 195 497 346 286
136 326 3 176 430
243 66 17 86 419
115 453 187 473 302
479 315 352 100 328
442 64 332 7 325
35 313 457 499 225
163 376 98 14 137
247 202 110 228 460
116 158 446 227 342
358 42 39 238 347
389 10 151 128 303
435 134 27 16 178
335 422 40 207 95
231 146 67 33 179
260 103 456 130 239
378 416 486 20 13
237 490 25 175 357
126 316 463 246 159
244 49 471 321 211
304 123 219 56 441
472 265 117 181 212
395 113 94 120 111
450 229 469 144 5
380 195 497 346 286
136 326 3 176 430
243 66 17 86 419
115 453 187 473 302
479 315 352 100 328
442 64 332 7 325
35 313 457 499 225
163 376 98 14 137
247 202 110 228 460
116 158 446 227 342
358 42 39 238 347
389 10 151 128 303
435 134 27 16 178
335 422 40 207 95
231 146 67 33 179
356 203 379 253 361
260 103 456 130 239
378 416 486 20 13
237 490 25 175 357
126 316 463 246 159
244 49 471 321 211
304 123 219 56 441
472 265 117 181 212
395 113 94 120 111
450 229 469 144 5
380 195 497 346 286
136 326 3 176 430
243 66 17 86 419
115 453 187 473 302
479 315 352 100 328
442 64 332 7 325
35 313 457 499 225
163 376 98 14 137
247 202 110 228 460
116 158 446 227 342
358 42 39 238 347
389 10 151 128 303
435 134 27 16 178
335 422 40 207 95
231 146 67 33 179
356 203 379 253 361
372 125 289 284 292
260 103 456 130 239
378 416 486 20 13
237 490 25 175 357
126 316 463 246 159
244 49 471 321 211
304 123 219 56 441
472 265 117 181 212
395 113 94 120 111
450 229 469 144 5
380 195 497 346 286
136 326 3 176 430
243 66 17 86 419
115 453 187 473 302
479 315 352 100 328
442 64 332 7 325
35 313 457 499 225
163 376 98 14 137
247 202 110 228 460
116 158 446 227 342
358 42 39 238 347
389 10 151 128 303
435 134 27 16 178
335 422 40 207 95
231 146 67 33 179
356 203 379 253 361
372 125 289 284 292
45 257 438 165 58
260 103 456 130 239
378 416 486 20 13
237 490 25 175 357
126 316 463 246 159
244 49 471 321 211
304 123 219 56 441
472 265 117 181 212
395 113 94 120 111
450 229 469 144 5
380 195 497 346 286
136 326 3 176 430
243 66 17 86 419
115 453 187 473 302
479 315 352 100 328
442 64 332 7 325
35 313 457 499 225
163 376 98 14 137
247 202 110 228 460
116 158 446 227 342
358 42 39 238 347
389 10 151 128 303
435 134 27 16 178
335 422 40 207 95
231 146 67 33 179
356 203 379 253 361
372 125 289 284 292
45 257 438 165 58
467 124 102 83 9
260 103 456 130 239
378 416 486 20 13
237 490 25 175 357
126 316 463 246 159
244 49 471 321 211
304 123 219 56 441
472 265 117 181 212
395 113 94 120 111
450 229 469 144 5
380 195 497 346 286
136 326 3 176 430
243 66 17 86 419
115 453 187 473 302
479 315 352 100 328
442 64 332 7 325
35 313 457 499 225
163 376 98 14 137
247 202 110 228 460
116 158 446 227 342
358 42 39 238 347
389 10 151 128 303
435 134 27 16 178
335 422 40 207 95
231 146 67 33 179
356 203 379 253 361
372 125 289 284 292
45 257 438 165 58
467 124 102 83 9
485 142 235 493 152
260 103 456 130 239
378 416 486 20 13
237 490 25 175 357
126 316 463 246 159
244 49 471 321 211
304 123 219 56 441
472 265 117 181 212
395 113 94 120 111
450 229 469 144 5
380 195 497 346 286
136 326 3 176 430
243 66 17 86 419
115 453 187 473 302
479 315 352 100 328
442 64 332 7 325
35 313 457 499 225
163 376 98 14 137
247 202 110 228 460
116 158 446 227 342
358 42 39 238 347
389 10 151 128 303
435 134 27 16 178
335 422 40 207 95
231 146 67 33 179
356 203 379 253 361
372 125 289 284 292
45 257 438 165 58
467 124 102 83 9
485 142 235 493 152
298 55 468 375 314
260 103 456 130 239
378 416 486 20 13
237 490 25 175 357
126 316 463 246 159
244 49 471 321 211
304 123 219 56 441
472 265 117 181 212
395 113 94 120 111
450 229 469 144 5
380 195 497 346 286
136 326 3 176 430
243 66 17 86 419
115 453 187 473 302
479 315 352 100 328
442 64 332 7 325
35 313 457 499 225
163 376 98 14 137
247 202 110 228 460
116 158 446 227 342
358 42 39 238 347
389 10 151 128 303
435 134 27 16 178
335 422 40 207 95
231 146 67 33 179
356 203 379 253 361
372 125 289 284 292
45 257 438 165 58
467 124 102 83 9
485 142 235 493 152
298 55 468 375 314
11 22 492 217 345
260 103 456 130 239
378 416 486 20 13
237 490 25 175 357
126 316 463 246 159
244 49 471 321 211
304 123 219 56 441
472 265 117 181 212
395 113 94 120 111
450 229 469 144 5
380 195 497 346 286
136 326 3 176 430
243 66 17 86 419
115 453 187 473 302
479 315 352 100 328
442 64 332 7 325
35 313 457 499 225
163 376 98 14 137
247 202 110 228 460
116 158 446 227 342
358 42 39 238 347
389 10 151 128 303
435 134 27 16 178
335 422 40 207 95
231 146 67 33 179
356 203 379 253 361
372 125 289 284 292
45 257 438 165 58
467 124 102 83 9
485 142 235 493 152
298 55 468 375 314
11 22 492 217 345
28 71 420 331 291
260 103 456 130 239
378 416 486 20 13
237 490 25 175 357
126 316 463 246 159
244 49 471 321 211
304 123 219 56 441
472 265 117 181 212
395 113 94 120 111
450 229 469 144 5
380 195 497 346 286
136 326 3 176 430
243 66 17 86 419
115 453 187 473 302
479 315 352 100 328
442 64 332 7 325
35 313 457 499 225
163 376 98 14 137
247 202 110 228 460
116 158 446 227 342
358 42 39 238 347
389 10 151 128 303
435 134 27 16 178
335 422 40 207 95
231 146 67 33 179
356 203 379 253 361
372 125 289 284 292
45 257 438 165 58
467 124 102 83 9
485 142 235 493 152
298 55 468 375 314
11 22 492 217 345
28 71 420 331 291
75 206 60 324 8
260 103 456 130 239
378 416 486 20 13
237 490 25 175 357
126 316 463 246 159
244 49 471 321 211
304 123 219 56 441
472 265 117 181 212
395 113 94 120 111
450 229 469 144 5
380 195 497 346 286
136 326 3 176 430
243 66 17 86 419
115 453 187 473 302
479 315 352 100 328
442 64 332 7 325
35 313 457 499 225
163 376 98 14 137
247 202 110 228 460
116 158 446 227 342
358 42 39 238 347
389 10 151 128 303
435 134 27 16 178
335 422 40 207 95
231 146 67 33 179
356 203 379 253 361
372 125 289 284 292
45 257 438 165 58
467 124 102 83 9
485 142 235 493 152
298 55 468 375 314
11 22 492 217 345
28 71 420 331 291
75 206 60 324 8
129 354 276 74 333
260 103 456 130 239
378 416 486 20 13
237 490 25 175 357
126 316 463 246 159
244 49 471 321 211
304 123 219 56 441
472 265 117 181 212
395 113 94 120 111
450 229 469 144 5
380 195 497 346 286
136 326 3 176 430
243 66 17 86 419
115 453 187 473 302
479 315 352 100 328
442 64 332 7 325
35 313 457 499 225
163 376 98 14 137
247 202 110 228 460
116 158 446 227 342
358 42 39 238 347
389 10 151 128 303
435 134 27 16 178
335 422 40 207 95
231 146 67 33 179
356 203 379 253 361
372 125 289 284 292
45 257 438 165 58
467 124 102 83 9
485 142 235 493 152
298 55 468 375 314
11 22 492 217 345
28 71 420 331 291
75 206 60 324 8
129 354 276 74 333
242 373 271 337 355
260 103 456 130 239
378 416 486 20 13
237 490 25 175 357
126 316 463 246 159
244 49 471 321 211
304 123 219 56 441
472 265 117 181 212
395 113 94 120 111
450 229 469 144 5
380 195 497 346 286
136 326 3 176 430
243 66 17 86 419
115 453 187 473 302
479 315 352 100 328
442 64 332 7 325
35 313 457 499 225
163 376 98 14 137
247 202 110 228 460
116 158 446 227 342
358 42 39 238 347
389 10 151 128 303
435 134 27 16 178
335 422 40 207 95
231 146 67 33 179
356 203 379 253 361
372 125 289 284 292
45 257 438 165 58
467 124 102 83 9
485 142 235 493 152
298 55 468 375 314
11 22 492 217 345
28 71 420 331 291
75 206 60 324 8
129 354 276 74 333
242 373 271 337 355
254 197 199 408 155
260 103 456 130 239
378 416 486 20 13
237 490 25 175 357
126 316 463 246 159
244 49 471 321 211
304 123 219 56 441
472 265 117 181 212
395 113 94 120 111
450 229 469 144 5
380 195 497 346 286
136 326 3 176 430
243 66 17 86 419
115 453 187 473 302
479 315 352 100 328
442 64 332 7 325
35 313 457 499 225
163 376 98 14 137
247 202 110 228 460
116 158 446 227 342
358 42 39 238 347
389 10 151 128 303
435 134 27 16 178
335 422 40 207 95
231 146 67 33 179
356 203 379 253 361
372 125 289 284 292
45 257 438 165 58
467 124 102 83 9
485 142 235 493 152
298 55 468 375 314
11 22 492 217 345
28 71 420 331 291
75 206 60 324 8
129 354 276 74 333
242 373 271 337 355
254 197 199 408 155
105 415 37 250 51
260 103 456 130 239
378 416 486 20 13
237 490 25 175 357
126 316 463 246 159
244 49 471 321 211
304 123 219 56 441
472 265 117 181 212
395 113 94 120 111
450 229 469 144 5
380 195 497 346 286
136 326 3 176 430
243 66 17 86 419
115 453 187 473 302
479 315 352 100 328
442 64 332 7 325
35 313 457 499 225
163 376 98 14 137
247 202 110 228 460
116 158 446 227 342
358 42 39 238 347
389 10 151 128 303
435 134 27 16 178
335 422 40 207 95
231 146 67 33 179
356 203 379 253 361
372 125 289 284 292
45 257 438 165 58
467 124 102 83 9
485 142 235 493 152
298 55 468 375 314
11 22 492 217 345
28 71 420 331 291
75 206 60 324 8
129 354 276 74 333
242 373 271 337 355
254 197 199 408 155
105 415 37 250 51
431 425 145 166 474
260 103 456 130 239
378 416 486 20 13
237 490 25 175 357
126 316 463 246 159
244 49 471 321 211
304 123 219 56 441
472 265 117 181 212
395 113 94 120 111
450 229 469 144 5
380 195 497 346 286
136 326 3 176 430
243 66 17 86 419
115 453 187 473 302
479 315 352 100 328
442 64 332 7 325
35 313 457 499 225
163 376 98 14 137
247 202 110 228 460
116 158 446 227 342
358 42 39 238 347
389 10 151 128 303
435 134 27 16 178
335 422 40 207 95
231 146 67 33 179
356 203 379 253 361
372 125 289 284 292
45 257 438 165 58
467 124 102 83 9
485 142 235 493 152
298 55 468 375 314
11 22 492 217 345
28 71 420 331 291
75 206 60 324 8
129 354 276 74 333
242 373 271 337 355
254 197 199 408 155
105 415 37 250 51
431 425 145 166 474
46 161 353 79 240
260 103 456 130 239
378 416 486 20 13
237 490 25 175 357
126 316 463 246 159
244 49 471 321 211
304 123 219 56 441
472 265 117 181 212
395 113 94 120 111
450 229 469 144 5
380 195 497 346 286
136 326 3 176 430
243 66 17 86 419
115 453 187 473 302
479 315 352 100 328
442 64 332 7 325
35 313 457 499 225
163 376 98 14 137
247 202 110 228 460
116 158 446 227 342
358 42 39 238 347
389 10 151 128 303
435 134 27 16 178
335 422 40 207 95
231 146 67 33 179
356 203 379 253 361
372 125 289 284 292
45 257 438 165 58
467 124 102 83 9
485 142 235 493 152
298 55 468 375 314
11 22 492 217 345
28 71 420 331 291
75 206 60 324 8
129 354 276 74 333
242 373 271 337 355
254 197 199 408 155
105 415 37 250 51
431 425 145 166 474
46 161 353 79 240
121 256 310 288 38
260 103 456 130 239
378 416 486 20 13
237 490 25 175 357
126 316 463 246 159
244 49 471 321 211
304 123 219 56 441
472 265 117 181 212
395 113 94 120 111
450 229 469 144 5
380 195 497 346 286
136 326 3 176 430
243 66 17 86 419
115 453 187 473 302
479 315 352 100 328
442 64 332 7 325
35 313 457 499 225
163 376 98 14 137
247 202 110 228 460
116 158 446 227 342
358 42 39 238 347
389 10 151 128 303
435 134 27 16 178
335 422 40 207 95
231 146 67 33 179
356 203 379 253 361
372 125 289 284 292
45 257 438 165 58
467 124 102 83 9
485 142 235 493 152
298 55 468 375 314
11 22 492 217 345
28 71 420 331 291
75 206 60 324 8
129 354 276 74 333
242 373 271 337 355
254 197 199 408 155
105 415 37 250 51
431 425 145 166 474
46 161 353 79 240
121 256 310 288 38
370 147 409 410 34
260 103 456 130 239
378 416 486 20 13
237 490 25 175 357
126 316 463 246 159
244 49 471 321 211
304 123 219 56 441
472 265 117 181 212
395 113 94 120 111
450 229 469 144 5
380 195 497 346 286
136 326 3 176 430
243 66 17 86 419
115 453 187 473 302
479 315 352 100 328
442 64 332 7 325
35 313 457 499 225
163 376 98 14 137
247 202 110 228 460
116 158 446 227 342
358 42 39 238 347
389 10 151 128 303
435 134 27 16 178
335 422 40 207 95
231 146 67 33 179
356 203 379 253 361
372 125 289 284 292
45 257 438 165 58
467 124 102 83 9
485 142 235 493 152
298 55 468 375 314
11 22 492 217 345
28 71 420 331 291
75 206 60 324 8
129 354 276 74 333
242 373 271 337 355
254 197 199 408 155
105 415 37 250 51
431 425 145 166 474
46 161 353 79 240
121 256 310 288 38
370 147 409 410 34
164 296 249 251 99
260 103 456 130 239
378 416 486 20 13
237 490 25 175 357
126 316 463 246 159
244 49 471 321 211
304 123 219 56 441
472 265 117 181 212
395 113 94 120 111
450 229 469 144 5
380 195 497 346 286
136 326 3 176 430
243 66 17 86 419
115 453 187 473 302
479 315 352 100 328
442 64 332 7 325
35 313 457 499 225
163 376 98 14 137
247 202 110 228 460
116 158 446 227 342
358 42 39 238 347
389 10 151 128 303
435 134 27 16 178
335 422 40 207 95
231 146 67 33 179
356 203 379 253 361
372 125 289 284 292
45 257 438 165 58
467 124 102 83 9
485 142 235 493 152
298 55 468 375 314
11 22 492 217 345
28 71 420 331 291
75 206 60 324 8
129 354 276 74 333
242 373 271 337 355
254 197 199 408 155
105 415 37 250 51
431 425 145 166 474
46 161 353 79 240
121 256 310 288 38
370 147 409 410 34
164 296 249 251 99
351 261 368 200 452
260 103 456 130 239
378 416 486 20 13
237 490 25 175 357
126 316 463 246 159
244 49 471 321 211
304 123 219 56 441
472 265 117 181 212
395 113 94 120 111
450 229 469 144 5
380 195 497 346 286
136 326 3 176 430
243 66 17 86 419
115 453 187 473 302
479 315 352 100 328
442 64 332 7 325
35 313 457 499 225
163 376 98 14 137
247 202 110 228 460
116 158 446 227 342
358 42 39 238 347
389 10 151 128 303
435 134 27 16 178
335 422 40 207 95
231 146 67 33 179
356 203 379 253 361
372 125 289 284 292
45 257 438 165 58
467 124 102 83 9
485 142 235 493 152
298 55 468 375 314
11 22 492 217 345
28 71 420 331 291
75 206 60 324 8
129 354 276 74 333
242 373 271 337 355
254 197 199 408 155
105 415 37 250 51
431 425 145 166 474
46 161 353 79 240
121 256 310 288 38
370 147 409 410 34
164 296 249 251 99
351 261 368 200 452
307 494 194 295 0
260 103 456 130 239
378 416 486 20 13
237 490 25 175 357
126 316 463 246 159
244 49 471 321 211
304 123 219 56 441
472 265 117 181 212
395 113 94 120 111
450 229 469 144 5
380 195 497 346 286
136 326 3 176 430
243 66 17 86 419
115 453 187 473 302
479 315 352 100 328
442 64 332 7 325
35 313 457 499 225
163 376 98 14 137
247 202 110 228 460
116 158 446 227 342
358 42 39 238 347
389 10 151 128 303
435 134 27 16 178
335 422 40 207 95
231 146 67 33 179
356 203 379 253 361
372 125 289 284 292
45 257 438 165 58
467 124 102 83 9
485 142 235 493 152
298 55 468 375 314
11 22 492 217 345
28 71 420 331 291
75 206 60 324 8
129 354 276 74 333
242 373 271 337 355
254 197 199 408 155
105 415 37 250 51
431 425 145 166 474
46 161 353 79 240
121 256 310 288 38
370 147 409 410 34
164 296 249 251 99
351 261 368 200 452
307 494 194 295 0
359 150 476 451 382
260 103 456 130 239
378 416 486 20 13
237 490 25 175 357
126 316 463 246 159
244 49 471 321 211
304 123 219 56 441
472 265 117 181 212
395 113 94 120 111
450 229 469 144 5
380 195 497 346 286
136 326 3 176 430
243 66 17 86 419
115 453 187 473 302
479 315 352 100 328
442 64 332 7 325
35 313 457 499 225
163 376 98 14 137
247 202 110 228 460
116 158 446 227 342
358 42 39 238 347
389 10 151 128 303
435 134 27 16 178
335 422 40 207 95
231 146 67 33 179
356 203 379 253 361
372 125 289 284 292
45 257 438 165 58
467 124 102 83 9
485 142 235 493 152
298 55 468 375 314
11 22 492 217 345
28 71 420 331 291
75 206 60 324 8
129 354 276 74 333
242 373 271 337 355
254 197 199 408 155
105 415 37 250 51
431 425 145 166 474
46 161 353 79 240
121 256 310 288 38
370 147 409 410 34
164 296 249 251 99
351 261 368 200 452
307 494 194 295 0
359 150 476 451 382
323 390 306 412 336
260 103 456 130 239
378 416 486 20 13
237 490 25 175 357
126 316 463 246 159
244 49 471 321 211
304 123 219 56 441
472 265 117 181 212
395 113 94 120 111
450 229 469 144 5
380 195 497 346 286
136 326 3 176 430
243 66 17 86 419
115 453 187 473 302
479 315 352 100 328
442 64 332 7 325
35 313 457 499 225
163 376 98 14 137
247 202 110 228 460
116 158 446 227 342
358 42 39 238 347
389 10 151 128 303
435 134 27 16 178
335 422 40 207 95
231 146 67 33 179
356 203 379 253 361
372 125 289 284 292
45 257 438 165 58
467 124 102 83 9
485 142 235 493 152
298 55 468 375 314
11 22 492 217 345
28 71 420 331 291
75 206 60 324 8
129 354 276 74 333
242 373 271 337 355
254 197 199 408 155
105 415 37 250 51
431 425 145 166 474
46 161 353 79 240
121 256 310 288 38
370 147 409 410 34
164 296 249 251 99
351 261 368 200 452
307 494 194 295 0
359 150 476 451 382
323 390 306 412 336
462 210 399 297 26
260 103 456 130 239
378 416 486 20 13
237 490 25 175 357
126 316 463 246 159
244 49 471 321 211
304 123 219 56 441
472 265 117 181 212
395 113 94 120 111
450 229 469 144 5
380 195 497 346 286
136 326 3 176 430
243 66 17 86 419
115 453 187 473 302
479 315 352 100 328
442 64 332 7 325
35 313 457 499 225
163 376 98 14 137
247 202 110 228 460
116 158 446 227 342
358 42 39 238 347
389 10 151 128 303
435 134 27 16 178
335 422 40 207 95
231 146 67 33 179
356 203 379 253 361
372 125 289 284 292
45 257 438 165 58
467 124 102 83 9
485 142 235 493 152
298 55 468 375 314
11 22 492 217 345
28 71 420 331 291
75 206 60 324 8
129 354 276 74 333
242 373 271 337 355
254 197 199 408 155
105 415 37 250 51
431 425 145 166 474
46 161 353 79 240
121 256 310 288 38
370 147 409 410 34
164 296 249 251 99
351 261 368 200 452
307 494 194 295 0
359 150 476 451 382
323 390 306 412 336
462 210 399 297 26
90 322 423 374 61
260 103 456 130 239
378 416 486 20 13
237 490 25 175 357
126 316 463 246 159
244 49 471 321 211
304 123 219 56 441
472 265 117 181 212
395 113 94 120 111
450 229 469 144 5
380 195 497 346 286
136 326 3 176 430
243 66 17 86 419
115 453 187 473 302
479 315 352 100 328
442 64 332 7 325
35 313 457 499 225
163 376 98 14 137
247 202 110 228 460
116 158 446 227 342
358 42 39 238 347
389 10 151 128 303
435 134 27 16 178
335 422 40 207 95
231 146 67 33 179
356 203 379 253 361
372 125 289 284 292
45 257 438 165 58
467 124 102 83 9
485 142 235 493 152
298 55 468 375 314
11 22 492 217 345
28 71 420 331 291
75 206 60 324 8
129 354 276 74 333
242 373 271 337 355
254 197 199 408 155
105 415 37 250 51
431 425 145 166 474
46 161 353 79 240
121 256 310 288 38
370 147 409 410 34
164 296 249 251 99
351 261 368 200 452
307 494 194 295 0
359 150 476 451 382
323 390 306 412 336
462 210 399 297 26
90 322 423 374 61
122 308 171 173 447
260 103 456 130 239
378 416 486 20 13
237 490 25 175 357
126 316 463 246 159
244 49 471 321 211
304 123 219 56 441
472 265 117 181 212
395 113 94 120 111
450 229 469 144 5
380 195 497 346 286
136 326 3 176 430
243 66 17 86 419
115 453 187 473 302
479 315 352 100 328
442 64 332 7 325
35 313 457 499 225
163 376 98 14 137
247 202 110 228 460
116 158 446 227 342
358 42 39 238 347
389 10 151 128 303
435 134 27 16 178
335 422 40 207 95
231 146 67 33 179
356 203 379 253 361
372 125 289 284 292
45 257 438 165 58
467 124 102 83 9
485 142 235 493 152
298 55 468 375 314
11 22 492 217 345
28 71 420 331 291
75 206 60 324 8
129 354 276 74 333
242 373 271 337 355
254 197 199 408 155
105 415 37 250 51
431 425 145 166 474
46 161 353 79 240
121 256 310 288 38
370 147 409 410 34
164 296 249 251 99
351 261 368 200 452
307 494 194 295 0
359 150 476 451 382
323 390 306 412 336
462 210 399 297 26
90 322 423 374 61
122 308 171 173 447
482 185 87 70 282
