210 452 83 45 208
210 452 83 45 208
463 191 85 277 12
210 452 83 45 208
463 191 85 277 12
202 199 164 239 35
210 452 83 45 208
463 191 85 277 12
202 199 164 239 35
254 63 42 162 24
210 452 83 45 208
463 191 85 277 12
202 199 164 239 35
254 63 42 162 24
195 432 302 433 456
210 452 83 45 208
463 191 85 277 12
202 199 164 239 35
254 63 42 162 24
195 432 302 433 456
244 289 391 10 175
210 452 83 45 208
463 191 85 277 12
202 199 164 239 35
254 63 42 162 24
195 432 302 433 456
244 289 391 10 175
138 21 70 411 206
210 452 83 45 208
463 191 85 277 12
202 199 164 239 35
254 63 42 162 24
195 432 302 433 456
244 289 391 10 175
138 21 70 411 206
399 33 454 30 136
210 452 83 45 208
463 191 85 277 12
202 199 164 239 35
254 63 42 162 24
195 432 302 433 456
244 289 391 10 175
138 21 70 411 206
399 33 454 30 136
178 473 395 215 29
210 452 83 45 208
463 191 85 277 12
202 199 164 239 35
254 63 42 162 24
195 432 302 433 456
244 289 391 10 175
138 21 70 411 206
399 33 454 30 136
178 473 395 215 29
172 131 3 22 316
210 452 83 45 208
463 191 85 277 12
202 199 164 239 35
254 63 42 162 24
195 432 302 433 456
244 289 391 10 175
138 21 70 411 206
399 33 454 30 136
178 473 395 215 29
172 131 3 22 316
326 20 214 169 453
210 452 83 45 208
463 191 85 277 12
202 199 164 239 35
254 63 42 162 24
195 432 302 433 456
244 289 391 10 175
138 21 70 411 206
399 33 454 30 136
178 473 395 215 29
172 131 3 22 316
326 20 214 169 453
117 383 168 458 205
210 452 83 45 208
463 191 85 277 12
202 199 164 239 35
254 63 42 162 24
195 432 302 433 456
244 289 391 10 175
138 21 70 411 206
399 33 454 30 136
178 473 395 215 29
172 131 3 22 316
326 20 214 169 453
117 383 168 458 205
7 6 150 386 230
210 452 83 45 208
463 191 85 277 12
202 199 164 239 35
254 63 42 162 24
195 432 302 433 456
244 289 391 10 175
138 21 70 411 206
399 33 454 30 136
178 473 395 215 29
172 131 3 22 316
326 20 214 169 453
117 383 168 458 205
7 6 150 386 230
409 34 54 75 387
210 452 83 45 208
463 191 85 277 12
202 199 164 239 35
254 63 42 162 24
195 432 302 433 456
244 289 391 10 175
138 21 70 411 206
399 33 454 30 136
178 473 395 215 29
172 131 3 22 316
326 20 214 169 453
117 383 168 458 205
7 6 150 386 230
409 34 54 75 387
365 245 106 429 84
210 452 83 45 208
463 191 85 277 12
202 199 164 239 35
254 63 42 162 24
195 432 302 433 456
244 289 391 10 175
138 21 70 411 206
399 33 454 30 136
178 473 395 215 29
172 131 3 22 316
326 20 214 169 453
117 383 168 458 205
7 6 150 386 230
409 34 54 75 387
365 245 106 429 84
446 14 103 368 222
210 452 83 45 208
463 191 85 277 12
202 199 164 239 35
254 63 42 162 24
195 432 302 433 456
244 289 391 10 175
138 21 70 411 206
399 33 454 30 136
178 473 395 215 29
172 131 3 22 316
326 20 214 169 453
117 383 168 458 205
7 6 150 386 230
409 34 54 75 387
365 245 106 429 84
446 14 103 368 222
472 445 114 255 220
210 452 83 45 208
463 191 85 277 12
202 199 164 239 35
254 63 42 162 24
195 432 302 433 456
244 289 391 10 175
138 21 70 411 206
399 33 454 30 136
178 473 395 215 29
172 131 3 22 316
326 20 214 169 453
117 383 168 458 205
7 6 150 386 230
409 34 54 75 387
365 245 106 429 84
446 14 103 368 222
472 445 114 255 220
120 184 421 118 154
210 452 83 45 208
463 191 85 277 12
202 199 164 239 35
254 63 42 162 24
195 432 302 433 456
244 289 391 10 175
138 21 70 411 206
399 33 454 30 136
178 473 395 215 29
172 131 3 22 316
326 20 214 169 453
117 383 168 458 205
7 6 150 386 230
409 34 54 75 387
365 245 106 429 84
446 14 103 368 222
472 445 114 255 220
120 184 421 118 154
394 68 93 280 340
210 452 83 45 208
463 191 85 277 12
202 199 164 239 35
254 63 42 162 24
195 432 302 433 456
244 289 391 10 175
138 21 70 411 206
399 33 454 30 136
178 473 395 215 29
172 131 3 22 316
326 20 214 169 453
117 383 168 458 205
7 6 150 386 230
409 34 54 75 387
365 245 106 429 84
446 14 103 368 222
472 445 114 255 220
120 184 421 118 154
394 68 93 280 340
439 141 324 457 351
210 452 83 45 208
463 191 85 277 12
202 199 164 239 35
254 63 42 162 24
195 432 302 433 456
244 289 391 10 175
138 21 70 411 206
399 33 454 30 136
178 473 395 215 29
172 131 3 22 316
326 20 214 169 453
117 383 168 458 205
7 6 150 386 230
409 34 54 75 387
365 245 106 429 84
446 14 103 368 222
472 445 114 255 220
120 184 421 118 154
394 68 93 280 340
439 141 324 457 351
160 155 343 451 165
210 452 83 45 208
463 191 85 277 12
202 199 164 239 35
254 63 42 162 24
195 432 302 433 456
244 289 391 10 175
138 21 70 411 206
399 33 454 30 136
178 473 395 215 29
172 131 3 22 316
326 20 214 169 453
117 383 168 458 205
7 6 150 386 230
409 34 54 75 387
365 245 106 429 84
446 14 103 368 222
472 445 114 255 220
120 184 421 118 154
394 68 93 280 340
439 141 324 457 351
160 155 343 451 165
496 478 349 329 209
210 452 83 45 208
463 191 85 277 12
202 199 164 239 35
254 63 42 162 24
195 432 302 433 456
244 289 391 10 175
138 21 70 411 206
399 33 454 30 136
178 473 395 215 29
172 131 3 22 316
326 20 214 169 453
117 383 168 458 205
7 6 150 386 230
409 34 54 75 387
365 245 106 429 84
446 14 103 368 222
472 445 114 255 220
120 184 421 118 154
394 68 93 280 340
439 141 324 457 351
160 155 343 451 165
496 478 349 329 209
97 460 229 240 447
210 452 83 45 208
463 191 85 277 12
202 199 164 239 35
254 63 42 162 24
195 432 302 433 456
244 289 391 10 175
138 21 70 411 206
399 33 454 30 136
178 473 395 215 29
172 131 3 22 316
326 20 214 169 453
117 383 168 458 205
7 6 150 386 230
409 34 54 75 387
365 245 106 429 84
446 14 103 368 222
472 445 114 255 220
120 184 421 118 154
394 68 93 280 340
439 141 324 457 351
160 155 343 451 165
496 478 349 329 209
97 460 229 240 447
291 40 201 331 499
210 452 83 45 208
463 191 85 277 12
202 199 164 239 35
254 63 42 162 24
195 432 302 433 456
244 289 391 10 175
138 21 70 411 206
399 33 454 30 136
178 473 395 215 29
172 131 3 22 316
326 20 214 169 453
117 383 168 458 205
7 6 150 386 230
409 34 54 75 387
365 245 106 429 84
446 14 103 368 222
472 445 114 255 220
120 184 421 118 154
394 68 93 280 340
439 141 324 457 351
160 155 343 451 165
496 478 349 329 209
97 460 229 240 447
291 40 201 331 499
279 440 88 249 370
210 452 83 45 208
463 191 85 277 12
202 199 164 239 35
254 63 42 162 24
195 432 302 433 456
244 289 391 10 175
138 21 70 411 206
399 33 454 30 136
178 473 395 215 29
172 131 3 22 316
326 20 214 169 453
117 383 168 458 205
7 6 150 386 230
409 34 54 75 387
365 245 106 429 84
446 14 103 368 222
472 445 114 255 220
120 184 421 118 154
394 68 93 280 340
439 141 324 457 351
160 155 343 451 165
496 478 349 329 209
97 460 229 240 447
291 40 201 331 499
279 440 88 249 370
266 234 310 2 268
210 452 83 45 208
463 191 85 277 12
202 199 164 239 35
254 63 42 162 24
195 432 302 433 456
244 289 391 10 175
138 21 70 411 206
399 33 454 30 136
178 473 395 215 29
172 131 3 22 316
326 20 214 169 453
117 383 168 458 205
7 6 150 386 230
409 34 54 75 387
365 245 106 429 84
446 14 103 368 222
472 445 114 255 220
120 184 421 118 154
394 68 93 280 340
439 141 324 457 351
160 155 343 451 165
496 478 349 329 209
97 460 229 240 447
291 40 201 331 499
279 440 88 249 370
266 234 310 2 268
494 292 218 475 321
210 452 83 45 208
463 191 85 277 12
202 199 164 239 35
254 63 42 162 24
195 432 302 433 456
244 289 391 10 175
138 21 70 411 206
399 33 454 30 136
178 473 395 215 29
172 131 3 22 316
326 20 214 169 453
117 383 168 458 205
7 6 150 386 230
409 34 54 75 387
365 245 106 429 84
446 14 103 368 222
472 445 114 255 220
120 184 421 118 154
394 68 93 280 340
439 141 324 457 351
160 155 343 451 165
496 478 349 329 209
97 460 229 240 447
291 40 201 331 499
279 440 88 249 370
266 234 310 2 268
494 292 218 475 321
11 470 126 171 257
210 452 83 45 208
463 191 85 277 12
202 199 164 239 35
254 63 42 162 24
195 432 302 433 456
244 289 391 10 175
138 21 70 411 206
399 33 454 30 136
178 473 395 215 29
172 131 3 22 316
326 20 214 169 453
117 383 168 458 205
7 6 150 386 230
409 34 54 75 387
365 245 106 429 84
446 14 103 368 222
472 445 114 255 220
120 184 421 118 154
394 68 93 280 340
439 141 324 457 351
160 155 343 451 165
496 478 349 329 209
97 460 229 240 447
291 40 201 331 499
279 440 88 249 370
266 234 310 2 268
494 292 218 475 321
11 470 126 171 257
427 111 198 49 416
210 452 83 45 208
463 191 85 277 12
202 199 164 239 35
254 63 42 162 24
195 432 302 433 456
244 289 391 10 175
138 21 70 411 206
399 33 454 30 136
178 473 395 215 29
172 131 3 22 316
326 20 214 169 453
117 383 168 458 205
7 6 150 386 230
409 34 54 75 387
365 245 106 429 84
446 14 103 368 222
472 445 114 255 220
120 184 421 118 154
394 68 93 280 340
439 141 324 457 351
160 155 343 451 165
496 478 349 329 209
97 460 229 240 447
291 40 201 331 499
279 440 88 249 370
266 234 310 2 268
494 292 218 475 321
11 470 126 171 257
427 111 198 49 416
361 196 263 413 55
210 452 83 45 208
463 191 85 277 12
202 199 164 239 35
254 63 42 162 24
195 432 302 433 456
244 289 391 10 175
138 21 70 411 206
399 33 454 30 136
178 473 395 215 29
172 131 3 22 316
326 20 214 169 453
117 383 168 458 205
7 6 150 386 230
409 34 54 75 387
365 245 106 429 84
446 14 103 368 222
472 445 114 255 220
120 184 421 118 154
394 68 93 280 340
439 141 324 457 351
160 155 343 451 165
496 478 349 329 209
97 460 229 240 447
291 40 201 331 499
279 440 88 249 370
266 234 310 2 268
494 292 218 475 321
11 470 126 171 257
427 111 198 49 416
361 196 263 413 55
231 381 185 173 392
210 452 83 45 208
463 191 85 277 12
202 199 164 239 35
254 63 42 162 24
195 432 302 433 456
244 289 391 10 175
138 21 70 411 206
399 33 454 30 136
178 473 395 215 29
172 131 3 22 316
326 20 214 169 453
117 383 168 458 205
7 6 150 386 230
409 34 54 75 387
365 245 106 429 84
446 14 103 368 222
472 445 114 255 220
120 184 421 118 154
394 68 93 280 340
439 141 324 457 351
160 155 343 451 165
496 478 349 329 209
97 460 229 240 447
291 40 201 331 499
279 440 88 249 370
266 234 310 2 268
494 292 218 475 321
11 470 126 171 257
427 111 198 49 416
361 196 263 413 55
231 381 185 173 392
311 344 44 241 121
210 452 83 45 208
463 191 85 277 12
202 199 164 239 35
254 63 42 162 24
195 432 302 433 456
244 289 391 10 175
138 21 70 411 206
399 33 454 30 136
178 473 395 215 29
172 131 3 22 316
326 20 214 169 453
117 383 168 458 205
7 6 150 386 230
409 34 54 75 387
365 245 106 429 84
446 14 103 368 222
472 445 114 255 220
120 184 421 118 154
394 68 93 280 340
439 141 324 457 351
160 155 343 451 165
496 478 349 329 209
97 460 229 240 447
291 40 201 331 499
279 440 88 249 370
266 234 310 2 268
494 292 218 475 321
11 470 126 171 257
427 111 198 49 416
361 196 263 413 55
231 381 185 173 392
311 344 44 241 121
212 352 372 13 309
210 452 83 45 208
463 191 85 277 12
202 199 164 239 35
254 63 42 162 24
195 432 302 433 456
244 289 391 10 175
138 21 70 411 206
399 33 454 30 136
178 473 395 215 29
172 131 3 22 316
326 20 214 169 453
117 383 168 458 205
7 6 150 386 230
409 34 54 75 387
365 245 106 429 84
446 14 103 368 222
472 445 114 255 220
120 184 421 118 154
394 68 93 280 340
439 141 324 457 351
160 155 343 451 165
496 478 349 329 209
97 460 229 240 447
291 40 201 331 499
279 440 88 249 370
266 234 310 2 268
494 292 218 475 321
11 470 126 171 257
427 111 198 49 416
361 196 263 413 55
231 381 185 173 392
311 344 44 241 121
212 352 372 13 309
90 115 139 9 357
210 452 83 45 208
463 191 85 277 12
202 199 164 239 35
254 63 42 162 24
195 432 302 433 456
244 289 391 10 175
138 21 70 411 206
399 33 454 30 136
178 473 395 215 29
172 131 3 22 316
326 20 214 169 453
117 383 168 458 205
7 6 150 386 230
409 34 54 75 387
365 245 106 429 84
446 14 103 368 222
472 445 114 255 220
120 184 421 118 154
394 68 93 280 340
439 141 324 457 351
160 155 343 451 165
496 478 349 329 209
97 460 229 240 447
291 40 201 331 499
279 440 88 249 370
266 234 310 2 268
494 292 218 475 321
11 470 126 171 257
427 111 198 49 416
361 196 263 413 55
231 381 185 173 392
311 344 44 241 121
212 352 372 13 309
90 115 139 9 357
66 443 466 481 200
210 452 83 45 208
463 191 85 277 12
202 199 164 239 35
254 63 42 162 24
195 432 302 433 456
244 289 391 10 175
138 21 70 411 206
399 33 454 30 136
178 473 395 215 29
172 131 3 22 316
326 20 214 169 453
117 383 168 458 205
7 6 150 386 230
409 34 54 75 387
365 245 106 429 84
446 14 103 368 222
472 445 114 255 220
120 184 421 118 154
394 68 93 280 340
439 141 324 457 351
160 155 343 451 165
496 478 349 329 209
97 460 229 240 447
291 40 201 331 499
279 440 88 249 370
266 234 310 2 268
494 292 218 475 321
11 470 126 171 257
427 111 198 49 416
361 196 263 413 55
231 381 185 173 392
311 344 44 241 121
212 352 372 13 309
90 115 139 9 357
66 443 466 481 200
320 125 179 347 122
210 452 83 45 208
463 191 85 277 12
202 199 164 239 35
254 63 42 162 24
195 432 302 433 456
244 289 391 10 175
138 21 70 411 206
399 33 454 30 136
178 473 395 215 29
172 131 3 22 316
326 20 214 169 453
117 383 168 458 205
7 6 150 386 230
409 34 54 75 387
365 245 106 429 84
446 14 103 368 222
472 445 114 255 220
120 184 421 118 154
394 68 93 280 340
439 141 324 457 351
160 155 343 451 165
496 478 349 329 209
97 460 229 240 447
291 40 201 331 499
279 440 88 249 370
266 234 310 2 268
494 292 218 475 321
11 470 126 171 257
427 111 198 49 416
361 196 263 413 55
231 381 185 173 392
311 344 44 241 121
212 352 372 13 309
90 115 139 9 357
66 443 466 481 200
320 125 179 347 122
237 262 408 367 79
210 452 83 45 208
463 191 85 277 12
202 199 164 239 35
254 63 42 162 24
195 432 302 433 456
244 289 391 10 175
138 21 70 411 206
399 33 454 30 136
178 473 395 215 29
172 131 3 22 316
326 20 214 169 453
117 383 168 458 205
7 6 150 386 230
409 34 54 75 387
365 245 106 429 84
446 14 103 368 222
472 445 114 255 220
120 184 421 118 154
394 68 93 280 340
439 141 324 457 351
160 155 343 451 165
496 478 349 329 209
97 460 229 240 447
291 40 201 331 499
279 440 88 249 370
266 234 310 2 268
494 292 218 475 321
11 470 126 171 257
427 111 198 49 416
361 196 263 413 55
231 381 185 173 392
311 344 44 241 121
212 352 372 13 309
90 115 139 9 357
66 443 466 481 200
320 125 179 347 122
237 262 408 367 79
132 182 134 358 15
210 452 83 45 208
463 191 85 277 12
202 199 164 239 35
254 63 42 162 24
195 432 302 433 456
244 289 391 10 175
138 21 70 411 206
399 33 454 30 136
178 473 395 215 29
172 131 3 22 316
326 20 214 169 453
117 383 168 458 205
7 6 150 386 230
409 34 54 75 387
365 245 106 429 84
446 14 103 368 222
472 445 114 255 220
120 184 421 118 154
394 68 93 280 340
439 141 324 457 351
160 155 343 451 165
496 478 349 329 209
97 460 229 240 447
291 40 201 331 499
279 440 88 249 370
266 234 310 2 268
494 292 218 475 321
11 470 126 171 257
427 111 198 49 416
361 196 263 413 55
231 381 185 173 392
311 344 44 241 121
212 352 372 13 309
90 115 139 9 357
66 443 466 481 200
320 125 179 347 122
237 262 408 367 79
132 182 134 358 15
36 356 46 110 325
210 452 83 45 208
463 191 85 277 12
202 199 164 239 35
254 63 42 162 24
195 432 302 433 456
244 289 391 10 175
138 21 70 411 206
399 33 454 30 136
178 473 395 215 29
172 131 3 22 316
326 20 214 169 453
117 383 168 458 205
7 6 150 386 230
409 34 54 75 387
365 245 106 429 84
446 14 103 368 222
472 445 114 255 220
120 184 421 118 154
394 68 93 280 340
439 141 324 457 351
160 155 343 451 165
496 478 349 329 209
97 460 229 240 447
291 40 201 331 499
279 440 88 249 370
266 234 310 2 268
494 292 218 475 321
11 470 126 171 257
427 111 198 49 416
361 196 263 413 55
231 381 185 173 392
311 344 44 241 121
212 352 372 13 309
90 115 139 9 357
66 443 466 481 200
320 125 179 347 122
237 262 408 367 79
132 182 134 358 15
36 356 46 110 325
312 27 153 285 404
210 452 83 45 208
463 191 85 277 12
202 199 164 239 35
254 63 42 162 24
195 432 302 433 456
244 289 391 10 175
138 21 70 411 206
399 33 454 30 136
178 473 395 215 29
172 131 3 22 316
326 20 214 169 453
117 383 168 458 205
7 6 150 386 230
409 34 54 75 387
365 245 106 429 84
446 14 103 368 222
472 445 114 255 220
120 184 421 118 154
394 68 93 280 340
439 141 324 457 351
160 155 343 451 165
496 478 349 329 209
97 460 229 240 447
291 40 201 331 499
279 440 88 249 370
266 234 310 2 268
494 292 218 475 321
11 470 126 171 257
427 111 198 49 416
361 196 263 413 55
231 381 185 173 392
311 344 44 241 121
212 352 372 13 309
90 115 139 9 357
66 443 466 481 200
320 125 179 347 122
237 262 408 367 79
132 182 134 358 15
36 356 46 110 325
312 27 153 285 404
94 345 270 359 346
210 452 83 45 208
463 191 85 277 12
202 199 164 239 35
254 63 42 162 24
195 432 302 433 456
244 289 391 10 175
138 21 70 411 206
399 33 454 30 136
178 473 395 215 29
172 131 3 22 316
326 20 214 169 453
117 383 168 458 205
7 6 150 386 230
409 34 54 75 387
365 245 106 429 84
446 14 103 368 222
472 445 114 255 220
120 184 421 118 154
394 68 93 280 340
439 141 324 457 351
160 155 343 451 165
496 478 349 329 209
97 460 229 240 447
291 40 201 331 499
279 440 88 249 370
266 234 310 2 268
494 292 218 475 321
11 470 126 171 257
427 111 198 49 416
361 196 263 413 55
231 381 185 173 392
311 344 44 241 121
212 352 372 13 309
90 115 139 9 357
66 443 466 481 200
320 125 179 347 122
237 262 408 367 79
132 182 134 358 15
36 356 46 110 325
312 27 153 285 404
94 345 270 359 346
444 253 371 418 149
210 452 83 45 208
463 191 85 277 12
202 199 164 239 35
254 63 42 162 24
195 432 302 433 456
244 289 391 10 175
138 21 70 411 206
399 33 454 30 136
178 473 395 215 29
172 131 3 22 316
326 20 214 169 453
117 383 168 458 205
7 6 150 386 230
409 34 54 75 387
365 245 106 429 84
446 14 103 368 222
472 445 114 255 220
120 184 421 118 154
394 68 93 280 340
439 141 324 457 351
160 155 343 451 165
496 478 349 329 209
97 460 229 240 447
291 40 201 331 499
279 440 88 249 370
266 234 310 2 268
494 292 218 475 321
11 470 126 171 257
427 111 198 49 416
361 196 263 413 55
231 381 185 173 392
311 344 44 241 121
212 352 372 13 309
90 115 139 9 357
66 443 466 481 200
320 125 179 347 122
237 262 408 367 79
132 182 134 358 15
36 356 46 110 325
312 27 153 285 404
94 345 270 359 346
444 253 371 418 149
498 235 271 491 376
210 452 83 45 208
463 191 85 277 12
202 199 164 239 35
254 63 42 162 24
195 432 302 433 456
244 289 391 10 175
138 21 70 411 206
399 33 454 30 136
178 473 395 215 29
172 131 3 22 316
326 20 214 169 453
117 383 168 458 205
7 6 150 386 230
409 34 54 75 387
365 245 106 429 84
446 14 103 368 222
472 445 114 255 220
120 184 421 118 154
394 68 93 280 340
439 141 324 457 351
160 155 343 451 165
496 478 349 329 209
97 460 229 240 447
291 40 201 331 499
279 440 88 249 370
266 234 310 2 268
494 292 218 475 321
11 470 126 171 257
427 111 198 49 416
361 196 263 413 55
231 381 185 173 392
311 344 44 241 121
212 352 372 13 309
90 115 139 9 357
66 443 466 481 200
320 125 179 347 122
237 262 408 367 79
132 182 134 358 15
36 356 46 110 325
312 27 153 285 404
94 345 270 359 346
444 253 371 418 149
498 235 271 491 376
390 486 124 86 459
210 452 83 45 208
463 191 85 277 12
202 199 164 239 35
254 63 42 162 24
195 432 302 433 456
244 289 391 10 175
138 21 70 411 206
399 33 454 30 136
178 473 395 215 29
172 131 3 22 316
326 20 214 169 453
117 383 168 458 205
7 6 150 386 230
409 34 54 75 387
365 245 106 429 84
446 14 103 368 222
472 445 114 255 220
120 184 421 118 154
394 68 93 280 340
439 141 324 457 351
160 155 343 451 165
496 478 349 329 209
97 460 229 240 447
291 40 201 331 499
279 440 88 249 370
266 234 310 2 268
494 292 218 475 321
11 470 126 171 257
427 111 198 49 416
361 196 263 413 55
231 381 185 173 392
311 344 44 241 121
212 352 372 13 309
90 115 139 9 357
66 443 466 481 200
320 125 179 347 122
237 262 408 367 79
132 182 134 358 15
36 356 46 110 325
312 27 153 285 404
94 345 270 359 346
444 253 371 418 149
498 235 271 491 376
390 486 124 86 459
422 287 377 261 284
210 452 83 45 208
463 191 85 277 12
202 199 164 239 35
254 63 42 162 24
195 432 302 433 456
244 289 391 10 175
138 21 70 411 206
399 33 454 30 136
178 473 395 215 29
172 131 3 22 316
326 20 214 169 453
117 383 168 458 205
7 6 150 386 230
409 34 54 75 387
365 245 106 429 84
446 14 103 368 222
472 445 114 255 220
120 184 421 118 154
394 68 93 280 340
439 141 324 457 351
160 155 343 451 165
496 478 349 329 209
97 460 229 240 447
291 40 201 331 499
279 440 88 249 370
266 234 310 2 268
494 292 218 475 321
11 470 126 171 257
427 111 198 49 416
361 196 263 413 55
231 381 185 173 392
311 344 44 241 121
212 352 372 13 309
90 115 139 9 357
66 443 466 481 200
320 125 179 347 122
237 262 408 367 79
132 182 134 358 15
36 356 46 110 325
312 27 153 285 404
94 345 270 359 346
444 253 371 418 149
498 235 271 491 376
390 486 124 86 459
422 287 377 261 284
455 238 330 99 82
210 452 83 45 208
463 191 85 277 12
202 199 164 239 35
254 63 42 162 24
195 432 302 433 456
244 289 391 10 175
138 21 70 411 206
399 33 454 30 136
178 473 395 215 29
172 131 3 22 316
326 20 214 169 453
117 383 168 458 205
7 6 150 386 230
409 34 54 75 387
365 245 106 429 84
446 14 103 368 222
472 445 114 255 220
120 184 421 118 154
394 68 93 280 340
439 141 324 457 351
160 155 343 451 165
496 478 349 329 209
97 460 229 240 447
291 40 201 331 499
279 440 88 249 370
266 234 310 2 268
494 292 218 475 321
11 470 126 171 257
427 111 198 49 416
361 196 263 413 55
231 381 185 173 392
311 344 44 241 121
212 352 372 13 309
90 115 139 9 357
66 443 466 481 200
320 125 179 347 122
237 262 408 367 79
132 182 134 358 15
36 356 46 110 325
312 27 153 285 404
94 345 270 359 346
444 253 371 418 149
498 235 271 491 376
390 486 124 86 459
422 287 377 261 284
455 238 330 99 82
305 374 435 17 348
210 452 83 45 208
463 191 85 277 12
202 199 164 239 35
254 63 42 162 24
195 432 302 433 456
244 289 391 10 175
138 21 70 411 206
399 33 454 30 136
178 473 395 215 29
172 131 3 22 316
326 20 214 169 453
117 383 168 458 205
7 6 150 386 230
409 34 54 75 387
365 245 106 429 84
446 14 103 368 222
472 445 114 255 220
120 184 421 118 154
394 68 93 280 340
439 141 324 457 351
160 155 343 451 165
496 478 349 329 209
97 460 229 240 447
291 40 201 331 499
279 440 88 249 370
266 234 310 2 268
494 292 218 475 321
11 470 126 171 257
427 111 198 49 416
361 196 263 413 55
231 381 185 173 392
311 344 44 241 121
212 352 372 13 309
90 115 139 9 357
66 443 466 481 200
320 125 179 347 122
237 262 408 367 79
132 182 134 358 15
36 356 46 110 325
312 27 153 285 404
94 345 270 359 346
444 253 371 418 149
498 235 271 491 376
390 486 124 86 459
422 287 377 261 284
455 238 330 99 82
305 374 435 17 348
489 216 415 382 176
210 452 83 45 208
463 191 85 277 12
202 199 164 239 35
254 63 42 162 24
195 432 302 433 456
244 289 391 10 175
138 21 70 411 206
399 33 454 30 136
178 473 395 215 29
172 131 3 22 316
326 20 214 169 453
117 383 168 458 205
7 6 150 386 230
409 34 54 75 387
365 245 106 429 84
446 14 103 368 222
472 445 114 255 220
120 184 421 118 154
394 68 93 280 340
439 141 324 457 351
160 155 343 451 165
496 478 349 329 209
97 460 229 240 447
291 40 201 331 499
279 440 88 249 370
266 234 310 2 268
494 292 218 475 321
11 470 126 171 257
427 111 198 49 416
361 196 263 413 55
231 381 185 173 392
311 344 44 241 121
212 352 372 13 309
90 115 139 9 357
66 443 466 481 200
320 125 179 347 122
237 262 408 367 79
132 182 134 358 15
36 356 46 110 325
312 27 153 285 404
94 345 270 359 346
444 253 371 418 149
498 235 271 491 376
390 486 124 86 459
422 287 377 261 284
455 238 330 99 82
305 374 435 17 348
489 216 415 382 176
107 265 227 256 288
210 452 83 45 208
463 191 85 277 12
202 199 164 239 35
254 63 42 162 24
195 432 302 433 456
244 289 391 10 175
138 21 70 411 206
399 33 454 30 136
178 473 395 215 29
172 131 3 22 316
326 20 214 169 453
117 383 168 458 205
7 6 150 386 230
409 34 54 75 387
365 245 106 429 84
446 14 103 368 222
472 445 114 255 220
120 184 421 118 154
394 68 93 280 340
439 141 324 457 351
160 155 343 451 165
496 478 349 329 209
97 460 229 240 447
291 40 201 331 499
279 440 88 249 370
266 234 310 2 268
494 292 218 475 321
11 470 126 171 257
427 111 198 49 416
361 196 263 413 55
231 381 185 173 392
311 344 44 241 121
212 352 372 13 309
90 115 139 9 357
66 443 466 481 200
320 125 179 347 122
237 262 408 367 79
132 182 134 358 15
36 356 46 110 325
312 27 153 285 404
94 345 270 359 346
444 253 371 418 149
498 235 271 491 376
390 486 124 86 459
422 287 377 261 284
455 238 330 99 82
305 374 435 17 348
489 216 415 382 176
107 265 227 256 288
495 192 25 318 378
