289 32 99 78 236
139 100 175 292 203
220 228 45 199 3
208 143 243 17 204
120 174 168 77 267
169 105 49 240 279
19 9 252 108 172
41 276 56 52 34
149 190 163 122 261
161 102 144 126 258
11 165 101 209 131
274 296 265 96 244
6 294 277 283 248
212 103 286 155 44
86 264 188 269 69
173 230 201 281 257
186 140 112 83 28
138 222 48 184 147
193 234 63 136 123
189 39 124 237 21
90 176 0 18 232
75 146 225 154 106
218 148 287 210 98
70 137 247 266 223
242 92 275 43 121
272 73 97 15 64
291 118 285 273 132
42 195 12 179 231
293 211 24 128 117
20 88 207 270 50
