312 328 69 199 103
312 328 69 199 103
287 94 171 345 74
312 328 69 199 103
287 94 171 345 74
318 302 324 193 337
312 328 69 199 103
287 94 171 345 74
318 302 324 193 337
126 153 93 1
312 328 69 199 103
287 94 171 345 74
318 302 324 193 337
126 153 93 1
135 378 327
312 328 69 199 103
287 94 171 345 74
318 302 324 193 337
126 153 93 1
135 378 327
123 118 89 256 373
312 328 69 199 103
287 94 171 345 74
318 302 324 193 337
126 153 93 1
135 378 327
123 118 89 256 373
325 395 139
312 328 69 199 103
287 94 171 345 74
318 302 324 193 337
126 153 93 1
135 378 327
123 118 89 256 373
325 395 139
239 299 194
312 328 69 199 103
287 94 171 345 74
318 302 324 193 337
126 153 93 1
135 378 327
123 118 89 256 373
325 395 139
239 299 194
59 92 207 334
312 328 69 199 103
287 94 171 345 74
318 302 324 193 337
126 153 93 1
135 378 327
123 118 89 256 373
325 395 139
239 299 194
59 92 207 334
168 351 149
312 328 69 199 103
287 94 171 345 74
318 302 324 193 337
126 153 93 1
135 378 327
123 118 89 256 373
325 395 139
239 299 194
59 92 207 334
168 351 149
229 119 248
312 328 69 199 103
287 94 171 345 74
318 302 324 193 337
126 153 93 1
135 378 327
123 118 89 256 373
325 395 139
239 299 194
59 92 207 334
168 351 149
229 119 248
210 209 247
312 328 69 199 103
287 94 171 345 74
318 302 324 193 337
126 153 93 1
135 378 327
123 118 89 256 373
325 395 139
239 299 194
59 92 207 334
168 351 149
229 119 248
210 209 247
18 75 305 124
312 328 69 199 103
287 94 171 345 74
318 302 324 193 337
126 153 93 1
135 378 327
123 118 89 256 373
325 395 139
239 299 194
59 92 207 334
168 351 149
229 119 248
210 209 247
18 75 305 124
316 246 270
312 328 69 199 103
287 94 171 345 74
318 302 324 193 337
126 153 93 1
135 378 327
123 118 89 256 373
325 395 139
239 299 194
59 92 207 334
168 351 149
229 119 248
210 209 247
18 75 305 124
316 246 270
6 348
312 328 69 199 103
287 94 171 345 74
318 302 324 193 337
126 153 93 1
135 378 327
123 118 89 256 373
325 395 139
239 299 194
59 92 207 334
168 351 149
229 119 248
210 209 247
18 75 305 124
316 246 270
6 348
385 236
312 328 69 199 103
287 94 171 345 74
318 302 324 193 337
126 153 93 1
135 378 327
123 118 89 256 373
325 395 139
239 299 194
59 92 207 334
168 351 149
229 119 248
210 209 247
18 75 305 124
316 246 270
6 348
385 236
78 356 154
312 328 69 199 103
287 94 171 345 74
318 302 324 193 337
126 153 93 1
135 378 327
123 118 89 256 373
325 395 139
239 299 194
59 92 207 334
168 351 149
229 119 248
210 209 247
18 75 305 124
316 246 270
6 348
385 236
78 356 154
267 322
312 328 69 199 103
287 94 171 345 74
318 302 324 193 337
126 153 93 1
135 378 327
123 118 89 256 373
325 395 139
239 299 194
59 92 207 334
168 351 149
229 119 248
210 209 247
18 75 305 124
316 246 270
6 348
385 236
78 356 154
267 322
146 386
312 328 69 199 103
287 94 171 345 74
318 302 324 193 337
126 153 93 1
135 378 327
123 118 89 256 373
325 395 139
239 299 194
59 92 207 334
168 351 149
229 119 248
210 209 247
18 75 305 124
316 246 270
6 348
385 236
78 356 154
267 322
146 386
203 44
312 328 69 199 103
287 94 171 345 74
318 302 324 193 337
126 153 93 1
135 378 327
123 118 89 256 373
325 395 139
239 299 194
59 92 207 334
168 351 149
229 119 248
210 209 247
18 75 305 124
316 246 270
6 348
385 236
78 356 154
267 322
146 386
203 44
370 81
312 328 69 199 103
287 94 171 345 74
318 302 324 193 337
126 153 93 1
135 378 327
123 118 89 256 373
325 395 139
239 299 194
59 92 207 334
168 351 149
229 119 248
210 209 247
18 75 305 124
316 246 270
6 348
385 236
78 356 154
267 322
146 386
203 44
370 81
358 196
312 328 69 199 103
287 94 171 345 74
318 302 324 193 337
126 153 93 1
135 378 327
123 118 89 256 373
325 395 139
239 299 194
59 92 207 334
168 351 149
229 119 248
210 209 247
18 75 305 124
316 246 270
6 348
385 236
78 356 154
267 322
146 386
203 44
370 81
358 196
143 40
312 328 69 199 103
287 94 171 345 74
318 302 324 193 337
126 153 93 1
135 378 327
123 118 89 256 373
325 395 139
239 299 194
59 92 207 334
168 351 149
229 119 248
210 209 247
18 75 305 124
316 246 270
6 348
385 236
78 356 154
267 322
146 386
203 44
370 81
358 196
143 40
223 367
312 328 69 199 103
287 94 171 345 74
318 302 324 193 337
126 153 93 1
135 378 327
123 118 89 256 373
325 395 139
239 299 194
59 92 207 334
168 351 149
229 119 248
210 209 247
18 75 305 124
316 246 270
6 348
385 236
78 356 154
267 322
146 386
203 44
370 81
358 196
143 40
223 367
29 283
312 328 69 199 103
287 94 171 345 74
318 302 324 193 337
126 153 93 1
135 378 327
123 118 89 256 373
325 395 139
239 299 194
59 92 207 334
168 351 149
229 119 248
210 209 247
18 75 305 124
316 246 270
6 348
385 236
78 356 154
267 322
146 386
203 44
370 81
358 196
143 40
223 367
29 283
257 253
312 328 69 199 103
287 94 171 345 74
318 302 324 193 337
126 153 93 1
135 378 327
123 118 89 256 373
325 395 139
239 299 194
59 92 207 334
168 351 149
229 119 248
210 209 247
18 75 305 124
316 246 270
6 348
385 236
78 356 154
267 322
146 386
203 44
370 81
358 196
143 40
223 367
29 283
257 253
127 335
312 328 69 199 103
287 94 171 345 74
318 302 324 193 337
126 153 93 1
135 378 327
123 118 89 256 373
325 395 139
239 299 194
59 92 207 334
168 351 149
229 119 248
210 209 247
18 75 305 124
316 246 270
6 348
385 236
78 356 154
267 322
146 386
203 44
370 81
358 196
143 40
223 367
29 283
257 253
127 335
360 383
312 328 69 199 103
287 94 171 345 74
318 302 324 193 337
126 153 93 1
135 378 327
123 118 89 256 373
325 395 139
239 299 194
59 92 207 334
168 351 149
229 119 248
210 209 247
18 75 305 124
316 246 270
6 348
385 236
78 356 154
267 322
146 386
203 44
370 81
358 196
143 40
223 367
29 283
257 253
127 335
360 383
206 36
