56 378 468 377 5
56 378 468 377 5
34 352 288 430
56 378 468 377 5
34 352 288 430
267 464 18 264 394
56 378 468 377 5
34 352 288 430
267 464 18 264 394
342 364 180
56 378 468 377 5
34 352 288 430
267 464 18 264 394
342 364 180
28 63 61 238
56 378 468 377 5
34 352 288 430
267 464 18 264 394
342 364 180
28 63 61 238
306 185 85 45 139
56 378 468 377 5
34 352 288 430
267 464 18 264 394
342 364 180
28 63 61 238
306 185 85 45 139
72 196 50
56 378 468 377 5
34 352 288 430
267 464 18 264 394
342 364 180
28 63 61 238
306 185 85 45 139
72 196 50
463 307 162 347
56 378 468 377 5
34 352 288 430
267 464 18 264 394
342 364 180
28 63 61 238
306 185 85 45 139
72 196 50
463 307 162 347
232 39 363
56 378 468 377 5
34 352 288 430
267 464 18 264 394
342 364 180
28 63 61 238
306 185 85 45 139
72 196 50
463 307 162 347
232 39 363
91 113 145
56 378 468 377 5
34 352 288 430
267 464 18 264 394
342 364 180
28 63 61 238
306 185 85 45 139
72 196 50
463 307 162 347
232 39 363
91 113 145
135 7 134
56 378 468 377 5
34 352 288 430
267 464 18 264 394
342 364 180
28 63 61 238
306 185 85 45 139
72 196 50
463 307 162 347
232 39 363
91 113 145
135 7 134
327 141 206
56 378 468 377 5
34 352 288 430
267 464 18 264 394
342 364 180
28 63 61 238
306 185 85 45 139
72 196 50
463 307 162 347
232 39 363
91 113 145
135 7 134
327 141 206
252 243 90
56 378 468 377 5
34 352 288 430
267 464 18 264 394
342 364 180
28 63 61 238
306 185 85 45 139
72 196 50
463 307 162 347
232 39 363
91 113 145
135 7 134
327 141 206
252 243 90
103 41
56 378 468 377 5
34 352 288 430
267 464 18 264 394
342 364 180
28 63 61 238
306 185 85 45 139
72 196 50
463 307 162 347
232 39 363
91 113 145
135 7 134
327 141 206
252 243 90
103 41
279 102
56 378 468 377 5
34 352 288 430
267 464 18 264 394
342 364 180
28 63 61 238
306 185 85 45 139
72 196 50
463 307 162 347
232 39 363
91 113 145
135 7 134
327 141 206
252 243 90
103 41
279 102
284 447
56 378 468 377 5
34 352 288 430
267 464 18 264 394
342 364 180
28 63 61 238
306 185 85 45 139
72 196 50
463 307 162 347
232 39 363
91 113 145
135 7 134
327 141 206
252 243 90
103 41
279 102
284 447
366 398
56 378 468 377 5
34 352 288 430
267 464 18 264 394
342 364 180
28 63 61 238
306 185 85 45 139
72 196 50
463 307 162 347
232 39 363
91 113 145
135 7 134
327 141 206
252 243 90
103 41
279 102
284 447
366 398
467 191 365
56 378 468 377 5
34 352 288 430
267 464 18 264 394
342 364 180
28 63 61 238
306 185 85 45 139
72 196 50
463 307 162 347
232 39 363
91 113 145
135 7 134
327 141 206
252 243 90
103 41
279 102
284 447
366 398
467 191 365
493 320
56 378 468 377 5
34 352 288 430
267 464 18 264 394
342 364 180
28 63 61 238
306 185 85 45 139
72 196 50
463 307 162 347
232 39 363
91 113 145
135 7 134
327 141 206
252 243 90
103 41
279 102
284 447
366 398
467 191 365
493 320
393 373
56 378 468 377 5
34 352 288 430
267 464 18 264 394
342 364 180
28 63 61 238
306 185 85 45 139
72 196 50
463 307 162 347
232 39 363
91 113 145
135 7 134
327 141 206
252 243 90
103 41
279 102
284 447
366 398
467 191 365
493 320
393 373
130 305
56 378 468 377 5
34 352 288 430
267 464 18 264 394
342 364 180
28 63 61 238
306 185 85 45 139
72 196 50
463 307 162 347
232 39 363
91 113 145
135 7 134
327 141 206
252 243 90
103 41
279 102
284 447
366 398
467 191 365
493 320
393 373
130 305
295 351
56 378 468 377 5
34 352 288 430
267 464 18 264 394
342 364 180
28 63 61 238
306 185 85 45 139
72 196 50
463 307 162 347
232 39 363
91 113 145
135 7 134
327 141 206
252 243 90
103 41
279 102
284 447
366 398
467 191 365
493 320
393 373
130 305
295 351
289 276
56 378 468 377 5
34 352 288 430
267 464 18 264 394
342 364 180
28 63 61 238
306 185 85 45 139
72 196 50
463 307 162 347
232 39 363
91 113 145
135 7 134
327 141 206
252 243 90
103 41
279 102
284 447
366 398
467 191 365
493 320
393 373
130 305
295 351
289 276
283 229
56 378 468 377 5
34 352 288 430
267 464 18 264 394
342 364 180
28 63 61 238
306 185 85 45 139
72 196 50
463 307 162 347
232 39 363
91 113 145
135 7 134
327 141 206
252 243 90
103 41
279 102
284 447
366 398
467 191 365
493 320
393 373
130 305
295 351
289 276
283 229
311 173
56 378 468 377 5
34 352 288 430
267 464 18 264 394
342 364 180
28 63 61 238
306 185 85 45 139
72 196 50
463 307 162 347
232 39 363
91 113 145
135 7 134
327 141 206
252 243 90
103 41
279 102
284 447
366 398
467 191 365
493 320
393 373
130 305
295 351
289 276
283 229
311 173
161 280
56 378 468 377 5
34 352 288 430
267 464 18 264 394
342 364 180
28 63 61 238
306 185 85 45 139
72 196 50
463 307 162 347
232 39 363
91 113 145
135 7 134
327 141 206
252 243 90
103 41
279 102
284 447
366 398
467 191 365
493 320
393 373
130 305
295 351
289 276
283 229
311 173
161 280
411 166
56 378 468 377 5
34 352 288 430
267 464 18 264 394
342 364 180
28 63 61 238
306 185 85 45 139
72 196 50
463 307 162 347
232 39 363
91 113 145
135 7 134
327 141 206
252 243 90
103 41
279 102
284 447
366 398
467 191 365
493 320
393 373
130 305
295 351
289 276
283 229
311 173
161 280
411 166
353 122
