117 55 191 164 199
117 55 191 164 199
283 56 79 80 8
117 55 191 164 199
283 56 79 80 8
161 163 235 74 261
117 55 191 164 199
283 56 79 80 8
161 163 235 74 261
44 60 174 272 224
117 55 191 164 199
283 56 79 80 8
161 163 235 74 261
44 60 174 272 224
171 176 15 33 25
117 55 191 164 199
283 56 79 80 8
161 163 235 74 261
44 60 174 272 224
171 176 15 33 25
256 57 96 43 193
117 55 191 164 199
283 56 79 80 8
161 163 235 74 261
44 60 174 272 224
171 176 15 33 25
256 57 96 43 193
143 204 12 297 100
117 55 191 164 199
283 56 79 80 8
161 163 235 74 261
44 60 174 272 224
171 176 15 33 25
256 57 96 43 193
143 204 12 297 100
87 266 114 206 115
117 55 191 164 199
283 56 79 80 8
161 163 235 74 261
44 60 174 272 224
171 176 15 33 25
256 57 96 43 193
143 204 12 297 100
87 266 114 206 115
150 246 157 17 133
117 55 191 164 199
283 56 79 80 8
161 163 235 74 261
44 60 174 272 224
171 176 15 33 25
256 57 96 43 193
143 204 12 297 100
87 266 114 206 115
150 246 157 17 133
73 135 220 50 54
117 55 191 164 199
283 56 79 80 8
161 163 235 74 261
44 60 174 272 224
171 176 15 33 25
256 57 96 43 193
143 204 12 297 100
87 266 114 206 115
150 246 157 17 133
73 135 220 50 54
95 34 218 184 99
117 55 191 164 199
283 56 79 80 8
161 163 235 74 261
44 60 174 272 224
171 176 15 33 25
256 57 96 43 193
143 204 12 297 100
87 266 114 206 115
150 246 157 17 133
73 135 220 50 54
95 34 218 184 99
295 89 45 153 11
117 55 191 164 199
283 56 79 80 8
161 163 235 74 261
44 60 174 272 224
171 176 15 33 25
256 57 96 43 193
143 204 12 297 100
87 266 114 206 115
150 246 157 17 133
73 135 220 50 54
95 34 218 184 99
295 89 45 153 11
221 4 270 262 110
117 55 191 164 199
283 56 79 80 8
161 163 235 74 261
44 60 174 272 224
171 176 15 33 25
256 57 96 43 193
143 204 12 297 100
87 266 114 206 115
150 246 157 17 133
73 135 220 50 54
95 34 218 184 99
295 89 45 153 11
221 4 270 262 110
279 65 29 20 69
117 55 191 164 199
283 56 79 80 8
161 163 235 74 261
44 60 174 272 224
171 176 15 33 25
256 57 96 43 193
143 204 12 297 100
87 266 114 206 115
150 246 157 17 133
73 135 220 50 54
95 34 218 184 99
295 89 45 153 11
221 4 270 262 110
279 65 29 20 69
129 291 252 104 255
117 55 191 164 199
283 56 79 80 8
161 163 235 74 261
44 60 174 272 224
171 176 15 33 25
256 57 96 43 193
143 204 12 297 100
87 266 114 206 115
150 246 157 17 133
73 135 220 50 54
95 34 218 184 99
295 89 45 153 11
221 4 270 262 110
279 65 29 20 69
129 291 252 104 255
278 85 240 169 93
117 55 191 164 199
283 56 79 80 8
161 163 235 74 261
44 60 174 272 224
171 176 15 33 25
256 57 96 43 193
143 204 12 297 100
87 266 114 206 115
150 246 157 17 133
73 135 220 50 54
95 34 218 184 99
295 89 45 153 11
221 4 270 262 110
279 65 29 20 69
129 291 252 104 255
278 85 240 169 93
160 195 168 254 175
117 55 191 164 199
283 56 79 80 8
161 163 235 74 261
44 60 174 272 224
171 176 15 33 25
256 57 96 43 193
143 204 12 297 100
87 266 114 206 115
150 246 157 17 133
73 135 220 50 54
95 34 218 184 99
295 89 45 153 11
221 4 270 262 110
279 65 29 20 69
129 291 252 104 255
278 85 240 169 93
160 195 168 254 175
154 88 120 245 128
117 55 191 164 199
283 56 79 80 8
161 163 235 74 261
44 60 174 272 224
171 176 15 33 25
256 57 96 43 193
143 204 12 297 100
87 266 114 206 115
150 246 157 17 133
73 135 220 50 54
95 34 218 184 99
295 89 45 153 11
221 4 270 262 110
279 65 29 20 69
129 291 252 104 255
278 85 240 169 93
160 195 168 254 175
154 88 120 245 128
141 3 228 131 27
117 55 191 164 199
283 56 79 80 8
161 163 235 74 261
44 60 174 272 224
171 176 15 33 25
256 57 96 43 193
143 204 12 297 100
87 266 114 206 115
150 246 157 17 133
73 135 220 50 54
95 34 218 184 99
295 89 45 153 11
221 4 270 262 110
279 65 29 20 69
129 291 252 104 255
278 85 240 169 93
160 195 168 254 175
154 88 120 245 128
141 3 228 131 27
288 203 194 151 61
117 55 191 164 199
283 56 79 80 8
161 163 235 74 261
44 60 174 272 224
171 176 15 33 25
256 57 96 43 193
143 204 12 297 100
87 266 114 206 115
150 246 157 17 133
73 135 220 50 54
95 34 218 184 99
295 89 45 153 11
221 4 270 262 110
279 65 29 20 69
129 291 252 104 255
278 85 240 169 93
160 195 168 254 175
154 88 120 245 128
141 3 228 131 27
288 203 194 151 61
51 180 16 37 155
117 55 191 164 199
283 56 79 80 8
161 163 235 74 261
44 60 174 272 224
171 176 15 33 25
256 57 96 43 193
143 204 12 297 100
87 266 114 206 115
150 246 157 17 133
73 135 220 50 54
95 34 218 184 99
295 89 45 153 11
221 4 270 262 110
279 65 29 20 69
129 291 252 104 255
278 85 240 169 93
160 195 168 254 175
154 88 120 245 128
141 3 228 131 27
288 203 194 151 61
51 180 16 37 155
243 112 138 2 209
117 55 191 164 199
283 56 79 80 8
161 163 235 74 261
44 60 174 272 224
171 176 15 33 25
256 57 96 43 193
143 204 12 297 100
87 266 114 206 115
150 246 157 17 133
73 135 220 50 54
95 34 218 184 99
295 89 45 153 11
221 4 270 262 110
279 65 29 20 69
129 291 252 104 255
278 85 240 169 93
160 195 168 254 175
154 88 120 245 128
141 3 228 131 27
288 203 194 151 61
51 180 16 37 155
243 112 138 2 209
271 298 42 289 229
117 55 191 164 199
283 56 79 80 8
161 163 235 74 261
44 60 174 272 224
171 176 15 33 25
256 57 96 43 193
143 204 12 297 100
87 266 114 206 115
150 246 157 17 133
73 135 220 50 54
95 34 218 184 99
295 89 45 153 11
221 4 270 262 110
279 65 29 20 69
129 291 252 104 255
278 85 240 169 93
160 195 168 254 175
154 88 120 245 128
141 3 228 131 27
288 203 194 151 61
51 180 16 37 155
243 112 138 2 209
271 298 42 289 229
139 59 67 268 145
117 55 191 164 199
283 56 79 80 8
161 163 235 74 261
44 60 174 272 224
171 176 15 33 25
256 57 96 43 193
143 204 12 297 100
87 266 114 206 115
150 246 157 17 133
73 135 220 50 54
95 34 218 184 99
295 89 45 153 11
221 4 270 262 110
279 65 29 20 69
129 291 252 104 255
278 85 240 169 93
160 195 168 254 175
154 88 120 245 128
141 3 228 131 27
288 203 194 151 61
51 180 16 37 155
243 112 138 2 209
271 298 42 289 229
139 59 67 268 145
196 5 26 81 227
117 55 191 164 199
283 56 79 80 8
161 163 235 74 261
44 60 174 272 224
171 176 15 33 25
256 57 96 43 193
143 204 12 297 100
87 266 114 206 115
150 246 157 17 133
73 135 220 50 54
95 34 218 184 99
295 89 45 153 11
221 4 270 262 110
279 65 29 20 69
129 291 252 104 255
278 85 240 169 93
160 195 168 254 175
154 88 120 245 128
141 3 228 131 27
288 203 194 151 61
51 180 16 37 155
243 112 138 2 209
271 298 42 289 229
139 59 67 268 145
196 5 26 81 227
293 182 225 208 106
117 55 191 164 199
283 56 79 80 8
161 163 235 74 261
44 60 174 272 224
171 176 15 33 25
256 57 96 43 193
143 204 12 297 100
87 266 114 206 115
150 246 157 17 133
73 135 220 50 54
95 34 218 184 99
295 89 45 153 11
221 4 270 262 110
279 65 29 20 69
129 291 252 104 255
278 85 240 169 93
160 195 168 254 175
154 88 120 245 128
141 3 228 131 27
288 203 194 151 61
51 180 16 37 155
243 112 138 2 209
271 298 42 289 229
139 59 67 268 145
196 5 26 81 227
293 182 225 208 106
78 149 28 207 41
117 55 191 164 199
283 56 79 80 8
161 163 235 74 261
44 60 174 272 224
171 176 15 33 25
256 57 96 43 193
143 204 12 297 100
87 266 114 206 115
150 246 157 17 133
73 135 220 50 54
95 34 218 184 99
295 89 45 153 11
221 4 270 262 110
279 65 29 20 69
129 291 252 104 255
278 85 240 169 93
160 195 168 254 175
154 88 120 245 128
141 3 228 131 27
288 203 194 151 61
51 180 16 37 155
243 112 138 2 209
271 298 42 289 229
139 59 67 268 145
196 5 26 81 227
293 182 225 208 106
78 149 28 207 41
296 253 226 53 273
117 55 191 164 199
283 56 79 80 8
161 163 235 74 261
44 60 174 272 224
171 176 15 33 25
256 57 96 43 193
143 204 12 297 100
87 266 114 206 115
150 246 157 17 133
73 135 220 50 54
95 34 218 184 99
295 89 45 153 11
221 4 270 262 110
279 65 29 20 69
129 291 252 104 255
278 85 240 169 93
160 195 168 254 175
154 88 120 245 128
141 3 228 131 27
288 203 194 151 61
51 180 16 37 155
243 112 138 2 209
271 298 42 289 229
139 59 67 268 145
196 5 26 81 227
293 182 225 208 106
78 149 28 207 41
296 253 226 53 273
165 62 86 237 172
117 55 191 164 199
283 56 79 80 8
161 163 235 74 261
44 60 174 272 224
171 176 15 33 25
256 57 96 43 193
143 204 12 297 100
87 266 114 206 115
150 246 157 17 133
73 135 220 50 54
95 34 218 184 99
295 89 45 153 11
221 4 270 262 110
279 65 29 20 69
129 291 252 104 255
278 85 240 169 93
160 195 168 254 175
154 88 120 245 128
141 3 228 131 27
288 203 194 151 61
51 180 16 37 155
243 112 138 2 209
271 298 42 289 229
139 59 67 268 145
196 5 26 81 227
293 182 225 208 106
78 149 28 207 41
296 253 226 53 273
165 62 86 237 172
116 94 284 130 167
