297 51 356 466 430
297 51 356 466 430
487 410 436 369 465
297 51 356 466 430
487 410 436 369 465
347 378 197 269 192
297 51 356 466 430
487 410 436 369 465
347 378 197 269 192
223 29 167 244 70
297 51 356 466 430
487 410 436 369 465
347 378 197 269 192
223 29 167 244 70
299 102 328 396 212
297 51 356 466 430
487 410 436 369 465
347 378 197 269 192
223 29 167 244 70
299 102 328 396 212
156 205 433 16 52
297 51 356 466 430
487 410 436 369 465
347 378 197 269 192
223 29 167 244 70
299 102 328 396 212
156 205 433 16 52
218 69 1 121 39
297 51 356 466 430
487 410 436 369 465
347 378 197 269 192
223 29 167 244 70
299 102 328 396 212
156 205 433 16 52
218 69 1 121 39
458 201 498 3 282
297 51 356 466 430
487 410 436 369 465
347 378 197 269 192
223 29 167 244 70
299 102 328 396 212
156 205 433 16 52
218 69 1 121 39
458 201 498 3 282
329 27 72 237 437
297 51 356 466 430
487 410 436 369 465
347 378 197 269 192
223 29 167 244 70
299 102 328 396 212
156 205 433 16 52
218 69 1 121 39
458 201 498 3 282
329 27 72 237 437
413 184 353 14 421
297 51 356 466 430
487 410 436 369 465
347 378 197 269 192
223 29 167 244 70
299 102 328 396 212
156 205 433 16 52
218 69 1 121 39
458 201 498 3 282
329 27 72 237 437
413 184 353 14 421
125 133 189 419 408
297 51 356 466 430
487 410 436 369 465
347 378 197 269 192
223 29 167 244 70
299 102 328 396 212
156 205 433 16 52
218 69 1 121 39
458 201 498 3 282
329 27 72 237 437
413 184 353 14 421
125 133 189 419 408
263 92 434 490 97
297 51 356 466 430
487 410 436 369 465
347 378 197 269 192
223 29 167 244 70
299 102 328 396 212
156 205 433 16 52
218 69 1 121 39
458 201 498 3 282
329 27 72 237 437
413 184 353 14 421
125 133 189 419 408
263 92 434 490 97
483 46 355 274 44
297 51 356 466 430
487 410 436 369 465
347 378 197 269 192
223 29 167 244 70
299 102 328 396 212
156 205 433 16 52
218 69 1 121 39
458 201 498 3 282
329 27 72 237 437
413 184 353 14 421
125 133 189 419 408
263 92 434 490 97
483 46 355 274 44
148 258 12 246 165
297 51 356 466 430
487 410 436 369 465
347 378 197 269 192
223 29 167 244 70
299 102 328 396 212
156 205 433 16 52
218 69 1 121 39
458 201 498 3 282
329 27 72 237 437
413 184 353 14 421
125 133 189 419 408
263 92 434 490 97
483 46 355 274 44
148 258 12 246 165
313 366 307 393 497
297 51 356 466 430
487 410 436 369 465
347 378 197 269 192
223 29 167 244 70
299 102 328 396 212
156 205 433 16 52
218 69 1 121 39
458 201 498 3 282
329 27 72 237 437
413 184 353 14 421
125 133 189 419 408
263 92 434 490 97
483 46 355 274 44
148 258 12 246 165
313 366 307 393 497
493 352 268 250 206
297 51 356 466 430
487 410 436 369 465
347 378 197 269 192
223 29 167 244 70
299 102 328 396 212
156 205 433 16 52
218 69 1 121 39
458 201 498 3 282
329 27 72 237 437
413 184 353 14 421
125 133 189 419 408
263 92 434 490 97
483 46 355 274 44
148 258 12 246 165
313 366 307 393 497
493 352 268 250 206
448 460 469 368 17
297 51 356 466 430
487 410 436 369 465
347 378 197 269 192
223 29 167 244 70
299 102 328 396 212
156 205 433 16 52
218 69 1 121 39
458 201 498 3 282
329 27 72 237 437
413 184 353 14 421
125 133 189 419 408
263 92 434 490 97
483 46 355 274 44
148 258 12 246 165
313 366 307 393 497
493 352 268 250 206
448 460 469 368 17
300 464 41 211 256
297 51 356 466 430
487 410 436 369 465
347 378 197 269 192
223 29 167 244 70
299 102 328 396 212
156 205 433 16 52
218 69 1 121 39
458 201 498 3 282
329 27 72 237 437
413 184 353 14 421
125 133 189 419 408
263 92 434 490 97
483 46 355 274 44
148 258 12 246 165
313 366 307 393 497
493 352 268 250 206
448 460 469 368 17
300 464 41 211 256
173 272 204 303 257
297 51 356 466 430
487 410 436 369 465
347 378 197 269 192
223 29 167 244 70
299 102 328 396 212
156 205 433 16 52
218 69 1 121 39
458 201 498 3 282
329 27 72 237 437
413 184 353 14 421
125 133 189 419 408
263 92 434 490 97
483 46 355 274 44
148 258 12 246 165
313 366 307 393 497
493 352 268 250 206
448 460 469 368 17
300 464 41 211 256
173 272 204 303 257
254 80 475 21 422
297 51 356 466 430
487 410 436 369 465
347 378 197 269 192
223 29 167 244 70
299 102 328 396 212
156 205 433 16 52
218 69 1 121 39
458 201 498 3 282
329 27 72 237 437
413 184 353 14 421
125 133 189 419 408
263 92 434 490 97
483 46 355 274 44
148 258 12 246 165
313 366 307 393 497
493 352 268 250 206
448 460 469 368 17
300 464 41 211 256
173 272 204 303 257
254 80 475 21 422
7 15 87 292 168
297 51 356 466 430
487 410 436 369 465
347 378 197 269 192
223 29 167 244 70
299 102 328 396 212
156 205 433 16 52
218 69 1 121 39
458 201 498 3 282
329 27 72 237 437
413 184 353 14 421
125 133 189 419 408
263 92 434 490 97
483 46 355 274 44
148 258 12 246 165
313 366 307 393 497
493 352 268 250 206
448 460 469 368 17
300 464 41 211 256
173 272 204 303 257
254 80 475 21 422
7 15 87 292 168
86 245 145 484 326
297 51 356 466 430
487 410 436 369 465
347 378 197 269 192
223 29 167 244 70
299 102 328 396 212
156 205 433 16 52
218 69 1 121 39
458 201 498 3 282
329 27 72 237 437
413 184 353 14 421
125 133 189 419 408
263 92 434 490 97
483 46 355 274 44
148 258 12 246 165
313 366 307 393 497
493 352 268 250 206
448 460 469 368 17
300 464 41 211 256
173 272 204 303 257
254 80 475 21 422
7 15 87 292 168
86 245 145 484 326
281 336 425 338 8
297 51 356 466 430
487 410 436 369 465
347 378 197 269 192
223 29 167 244 70
299 102 328 396 212
156 205 433 16 52
218 69 1 121 39
458 201 498 3 282
329 27 72 237 437
413 184 353 14 421
125 133 189 419 408
263 92 434 490 97
483 46 355 274 44
148 258 12 246 165
313 366 307 393 497
493 352 268 250 206
448 460 469 368 17
300 464 41 211 256
173 272 204 303 257
254 80 475 21 422
7 15 87 292 168
86 245 145 484 326
281 336 425 338 8
79 277 59 286 439
297 51 356 466 430
487 410 436 369 465
347 378 197 269 192
223 29 167 244 70
299 102 328 396 212
156 205 433 16 52
218 69 1 121 39
458 201 498 3 282
329 27 72 237 437
413 184 353 14 421
125 133 189 419 408
263 92 434 490 97
483 46 355 274 44
148 258 12 246 165
313 366 307 393 497
493 352 268 250 206
448 460 469 368 17
300 464 41 211 256
173 272 204 303 257
254 80 475 21 422
7 15 87 292 168
86 245 145 484 326
281 336 425 338 8
79 277 59 286 439
476 243 235 474 146
297 51 356 466 430
487 410 436 369 465
347 378 197 269 192
223 29 167 244 70
299 102 328 396 212
156 205 433 16 52
218 69 1 121 39
458 201 498 3 282
329 27 72 237 437
413 184 353 14 421
125 133 189 419 408
263 92 434 490 97
483 46 355 274 44
148 258 12 246 165
313 366 307 393 497
493 352 268 250 206
448 460 469 368 17
300 464 41 211 256
173 272 204 303 257
254 80 475 21 422
7 15 87 292 168
86 245 145 484 326
281 336 425 338 8
79 277 59 286 439
476 243 235 474 146
331 253 371 150 38
297 51 356 466 430
487 410 436 369 465
347 378 197 269 192
223 29 167 244 70
299 102 328 396 212
156 205 433 16 52
218 69 1 121 39
458 201 498 3 282
329 27 72 237 437
413 184 353 14 421
125 133 189 419 408
263 92 434 490 97
483 46 355 274 44
148 258 12 246 165
313 366 307 393 497
493 352 268 250 206
448 460 469 368 17
300 464 41 211 256
173 272 204 303 257
254 80 475 21 422
7 15 87 292 168
86 245 145 484 326
281 336 425 338 8
79 277 59 286 439
476 243 235 474 146
331 253 371 150 38
164 107 367 154 354
297 51 356 466 430
487 410 436 369 465
347 378 197 269 192
223 29 167 244 70
299 102 328 396 212
156 205 433 16 52
218 69 1 121 39
458 201 498 3 282
329 27 72 237 437
413 184 353 14 421
125 133 189 419 408
263 92 434 490 97
483 46 355 274 44
148 258 12 246 165
313 366 307 393 497
493 352 268 250 206
448 460 469 368 17
300 464 41 211 256
173 272 204 303 257
254 80 475 21 422
7 15 87 292 168
86 245 145 484 326
281 336 425 338 8
79 277 59 286 439
476 243 235 474 146
331 253 371 150 38
164 107 367 154 354
24 431 106 305 227
297 51 356 466 430
487 410 436 369 465
347 378 197 269 192
223 29 167 244 70
299 102 328 396 212
156 205 433 16 52
218 69 1 121 39
458 201 498 3 282
329 27 72 237 437
413 184 353 14 421
125 133 189 419 408
263 92 434 490 97
483 46 355 274 44
148 258 12 246 165
313 366 307 393 497
493 352 268 250 206
448 460 469 368 17
300 464 41 211 256
173 272 204 303 257
254 80 475 21 422
7 15 87 292 168
86 245 145 484 326
281 336 425 338 8
79 277 59 286 439
476 243 235 474 146
331 253 371 150 38
164 107 367 154 354
24 431 106 305 227
479 33 2 377 340
297 51 356 466 430
487 410 436 369 465
347 378 197 269 192
223 29 167 244 70
299 102 328 396 212
156 205 433 16 52
218 69 1 121 39
458 201 498 3 282
329 27 72 237 437
413 184 353 14 421
125 133 189 419 408
263 92 434 490 97
483 46 355 274 44
148 258 12 246 165
313 366 307 393 497
493 352 268 250 206
448 460 469 368 17
300 464 41 211 256
173 272 204 303 257
254 80 475 21 422
7 15 87 292 168
86 245 145 484 326
281 336 425 338 8
79 277 59 286 439
476 243 235 474 146
331 253 371 150 38
164 107 367 154 354
24 431 106 305 227
479 33 2 377 340
379 198 485 169 271
297 51 356 466 430
487 410 436 369 465
347 378 197 269 192
223 29 167 244 70
299 102 328 396 212
156 205 433 16 52
218 69 1 121 39
458 201 498 3 282
329 27 72 237 437
413 184 353 14 421
125 133 189 419 408
263 92 434 490 97
483 46 355 274 44
148 258 12 246 165
313 366 307 393 497
493 352 268 250 206
448 460 469 368 17
300 464 41 211 256
173 272 204 303 257
254 80 475 21 422
7 15 87 292 168
86 245 145 484 326
281 336 425 338 8
79 277 59 286 439
476 243 235 474 146
331 253 371 150 38
164 107 367 154 354
24 431 106 305 227
479 33 2 377 340
379 198 485 169 271
242 373 40 302 57
297 51 356 466 430
487 410 436 369 465
347 378 197 269 192
223 29 167 244 70
299 102 328 396 212
156 205 433 16 52
218 69 1 121 39
458 201 498 3 282
329 27 72 237 437
413 184 353 14 421
125 133 189 419 408
263 92 434 490 97
483 46 355 274 44
148 258 12 246 165
313 366 307 393 497
493 352 268 250 206
448 460 469 368 17
300 464 41 211 256
173 272 204 303 257
254 80 475 21 422
7 15 87 292 168
86 245 145 484 326
281 336 425 338 8
79 277 59 286 439
476 243 235 474 146
331 253 371 150 38
164 107 367 154 354
24 431 106 305 227
479 33 2 377 340
379 198 485 169 271
242 373 40 302 57
216 43 115 34 350
297 51 356 466 430
487 410 436 369 465
347 378 197 269 192
223 29 167 244 70
299 102 328 396 212
156 205 433 16 52
218 69 1 121 39
458 201 498 3 282
329 27 72 237 437
413 184 353 14 421
125 133 189 419 408
263 92 434 490 97
483 46 355 274 44
148 258 12 246 165
313 366 307 393 497
493 352 268 250 206
448 460 469 368 17
300 464 41 211 256
173 272 204 303 257
254 80 475 21 422
7 15 87 292 168
86 245 145 484 326
281 336 425 338 8
79 277 59 286 439
476 243 235 474 146
331 253 371 150 38
164 107 367 154 354
24 431 106 305 227
479 33 2 377 340
379 198 485 169 271
242 373 40 302 57
216 43 115 34 350
247 71 137 361 60
297 51 356 466 430
487 410 436 369 465
347 378 197 269 192
223 29 167 244 70
299 102 328 396 212
156 205 433 16 52
218 69 1 121 39
458 201 498 3 282
329 27 72 237 437
413 184 353 14 421
125 133 189 419 408
263 92 434 490 97
483 46 355 274 44
148 258 12 246 165
313 366 307 393 497
493 352 268 250 206
448 460 469 368 17
300 464 41 211 256
173 272 204 303 257
254 80 475 21 422
7 15 87 292 168
86 245 145 484 326
281 336 425 338 8
79 277 59 286 439
476 243 235 474 146
331 253 371 150 38
164 107 367 154 354
24 431 106 305 227
479 33 2 377 340
379 198 485 169 271
242 373 40 302 57
216 43 115 34 350
247 71 137 361 60
147 399 85 333 126
297 51 356 466 430
487 410 436 369 465
347 378 197 269 192
223 29 167 244 70
299 102 328 396 212
156 205 433 16 52
218 69 1 121 39
458 201 498 3 282
329 27 72 237 437
413 184 353 14 421
125 133 189 419 408
263 92 434 490 97
483 46 355 274 44
148 258 12 246 165
313 366 307 393 497
493 352 268 250 206
448 460 469 368 17
300 464 41 211 256
173 272 204 303 257
254 80 475 21 422
7 15 87 292 168
86 245 145 484 326
281 336 425 338 8
79 277 59 286 439
476 243 235 474 146
331 253 371 150 38
164 107 367 154 354
24 431 106 305 227
479 33 2 377 340
379 198 485 169 271
242 373 40 302 57
216 43 115 34 350
247 71 137 361 60
147 399 85 333 126
23 185 210 81 447
297 51 356 466 430
487 410 436 369 465
347 378 197 269 192
223 29 167 244 70
299 102 328 396 212
156 205 433 16 52
218 69 1 121 39
458 201 498 3 282
329 27 72 237 437
413 184 353 14 421
125 133 189 419 408
263 92 434 490 97
483 46 355 274 44
148 258 12 246 165
313 366 307 393 497
493 352 268 250 206
448 460 469 368 17
300 464 41 211 256
173 272 204 303 257
254 80 475 21 422
7 15 87 292 168
86 245 145 484 326
281 336 425 338 8
79 277 59 286 439
476 243 235 474 146
331 253 371 150 38
164 107 367 154 354
24 431 106 305 227
479 33 2 377 340
379 198 485 169 271
242 373 40 302 57
216 43 115 34 350
247 71 137 361 60
147 399 85 333 126
23 185 210 81 447
417 304 50 35 234
297 51 356 466 430
487 410 436 369 465
347 378 197 269 192
223 29 167 244 70
299 102 328 396 212
156 205 433 16 52
218 69 1 121 39
458 201 498 3 282
329 27 72 237 437
413 184 353 14 421
125 133 189 419 408
263 92 434 490 97
483 46 355 274 44
148 258 12 246 165
313 366 307 393 497
493 352 268 250 206
448 460 469 368 17
300 464 41 211 256
173 272 204 303 257
254 80 475 21 422
7 15 87 292 168
86 245 145 484 326
281 336 425 338 8
79 277 59 286 439
476 243 235 474 146
331 253 371 150 38
164 107 367 154 354
24 431 106 305 227
479 33 2 377 340
379 198 485 169 271
242 373 40 302 57
216 43 115 34 350
247 71 137 361 60
147 399 85 333 126
23 185 210 81 447
417 304 50 35 234
114 285 318 440 385
297 51 356 466 430
487 410 436 369 465
347 378 197 269 192
223 29 167 244 70
299 102 328 396 212
156 205 433 16 52
218 69 1 121 39
458 201 498 3 282
329 27 72 237 437
413 184 353 14 421
125 133 189 419 408
263 92 434 490 97
483 46 355 274 44
148 258 12 246 165
313 366 307 393 497
493 352 268 250 206
448 460 469 368 17
300 464 41 211 256
173 272 204 303 257
254 80 475 21 422
7 15 87 292 168
86 245 145 484 326
281 336 425 338 8
79 277 59 286 439
476 243 235 474 146
331 253 371 150 38
164 107 367 154 354
24 431 106 305 227
479 33 2 377 340
379 198 485 169 271
242 373 40 302 57
216 43 115 34 350
247 71 137 361 60
147 399 85 333 126
23 185 210 81 447
417 304 50 35 234
114 285 318 440 385
162 220 163 320 138
297 51 356 466 430
487 410 436 369 465
347 378 197 269 192
223 29 167 244 70
299 102 328 396 212
156 205 433 16 52
218 69 1 121 39
458 201 498 3 282
329 27 72 237 437
413 184 353 14 421
125 133 189 419 408
263 92 434 490 97
483 46 355 274 44
148 258 12 246 165
313 366 307 393 497
493 352 268 250 206
448 460 469 368 17
300 464 41 211 256
173 272 204 303 257
254 80 475 21 422
7 15 87 292 168
86 245 145 484 326
281 336 425 338 8
79 277 59 286 439
476 243 235 474 146
331 253 371 150 38
164 107 367 154 354
24 431 106 305 227
479 33 2 377 340
379 198 485 169 271
242 373 40 302 57
216 43 115 34 350
247 71 137 361 60
147 399 85 333 126
23 185 210 81 447
417 304 50 35 234
114 285 318 440 385
162 220 163 320 138
306 143 131 424 341
297 51 356 466 430
487 410 436 369 465
347 378 197 269 192
223 29 167 244 70
299 102 328 396 212
156 205 433 16 52
218 69 1 121 39
458 201 498 3 282
329 27 72 237 437
413 184 353 14 421
125 133 189 419 408
263 92 434 490 97
483 46 355 274 44
148 258 12 246 165
313 366 307 393 497
493 352 268 250 206
448 460 469 368 17
300 464 41 211 256
173 272 204 303 257
254 80 475 21 422
7 15 87 292 168
86 245 145 484 326
281 336 425 338 8
79 277 59 286 439
476 243 235 474 146
331 253 371 150 38
164 107 367 154 354
24 431 106 305 227
479 33 2 377 340
379 198 485 169 271
242 373 40 302 57
216 43 115 34 350
247 71 137 361 60
147 399 85 333 126
23 185 210 81 447
417 304 50 35 234
114 285 318 440 385
162 220 163 320 138
306 143 131 424 341
418 411 66 36 99
297 51 356 466 430
487 410 436 369 465
347 378 197 269 192
223 29 167 244 70
299 102 328 396 212
156 205 433 16 52
218 69 1 121 39
458 201 498 3 282
329 27 72 237 437
413 184 353 14 421
125 133 189 419 408
263 92 434 490 97
483 46 355 274 44
148 258 12 246 165
313 366 307 393 497
493 352 268 250 206
448 460 469 368 17
300 464 41 211 256
173 272 204 303 257
254 80 475 21 422
7 15 87 292 168
86 245 145 484 326
281 336 425 338 8
79 277 59 286 439
476 243 235 474 146
331 253 371 150 38
164 107 367 154 354
24 431 106 305 227
479 33 2 377 340
379 198 485 169 271
242 373 40 302 57
216 43 115 34 350
247 71 137 361 60
147 399 85 333 126
23 185 210 81 447
417 304 50 35 234
114 285 318 440 385
162 220 163 320 138
306 143 131 424 341
418 411 66 36 99
202 9 275 443 139
297 51 356 466 430
487 410 436 369 465
347 378 197 269 192
223 29 167 244 70
299 102 328 396 212
156 205 433 16 52
218 69 1 121 39
458 201 498 3 282
329 27 72 237 437
413 184 353 14 421
125 133 189 419 408
263 92 434 490 97
483 46 355 274 44
148 258 12 246 165
313 366 307 393 497
493 352 268 250 206
448 460 469 368 17
300 464 41 211 256
173 272 204 303 257
254 80 475 21 422
7 15 87 292 168
86 245 145 484 326
281 336 425 338 8
79 277 59 286 439
476 243 235 474 146
331 253 371 150 38
164 107 367 154 354
24 431 106 305 227
479 33 2 377 340
379 198 485 169 271
242 373 40 302 57
216 43 115 34 350
247 71 137 361 60
147 399 85 333 126
23 185 210 81 447
417 304 50 35 234
114 285 318 440 385
162 220 163 320 138
306 143 131 424 341
418 411 66 36 99
202 9 275 443 139
370 280 104 19 295
297 51 356 466 430
487 410 436 369 465
347 378 197 269 192
223 29 167 244 70
299 102 328 396 212
156 205 433 16 52
218 69 1 121 39
458 201 498 3 282
329 27 72 237 437
413 184 353 14 421
125 133 189 419 408
263 92 434 490 97
483 46 355 274 44
148 258 12 246 165
313 366 307 393 497
493 352 268 250 206
448 460 469 368 17
300 464 41 211 256
173 272 204 303 257
254 80 475 21 422
7 15 87 292 168
86 245 145 484 326
281 336 425 338 8
79 277 59 286 439
476 243 235 474 146
331 253 371 150 38
164 107 367 154 354
24 431 106 305 227
479 33 2 377 340
379 198 485 169 271
242 373 40 302 57
216 43 115 34 350
247 71 137 361 60
147 399 85 333 126
23 185 210 81 447
417 304 50 35 234
114 285 318 440 385
162 220 163 320 138
306 143 131 424 341
418 411 66 36 99
202 9 275 443 139
370 280 104 19 295
375 103 47 452 170
297 51 356 466 430
487 410 436 369 465
347 378 197 269 192
223 29 167 244 70
299 102 328 396 212
156 205 433 16 52
218 69 1 121 39
458 201 498 3 282
329 27 72 237 437
413 184 353 14 421
125 133 189 419 408
263 92 434 490 97
483 46 355 274 44
148 258 12 246 165
313 366 307 393 497
493 352 268 250 206
448 460 469 368 17
300 464 41 211 256
173 272 204 303 257
254 80 475 21 422
7 15 87 292 168
86 245 145 484 326
281 336 425 338 8
79 277 59 286 439
476 243 235 474 146
331 253 371 150 38
164 107 367 154 354
24 431 106 305 227
479 33 2 377 340
379 198 485 169 271
242 373 40 302 57
216 43 115 34 350
247 71 137 361 60
147 399 85 333 126
23 185 210 81 447
417 304 50 35 234
114 285 318 440 385
162 220 163 320 138
306 143 131 424 341
418 411 66 36 99
202 9 275 443 139
370 280 104 19 295
375 103 47 452 170
390 495 240 45 391
297 51 356 466 430
487 410 436 369 465
347 378 197 269 192
223 29 167 244 70
299 102 328 396 212
156 205 433 16 52
218 69 1 121 39
458 201 498 3 282
329 27 72 237 437
413 184 353 14 421
125 133 189 419 408
263 92 434 490 97
483 46 355 274 44
148 258 12 246 165
313 366 307 393 497
493 352 268 250 206
448 460 469 368 17
300 464 41 211 256
173 272 204 303 257
254 80 475 21 422
7 15 87 292 168
86 245 145 484 326
281 336 425 338 8
79 277 59 286 439
476 243 235 474 146
331 253 371 150 38
164 107 367 154 354
24 431 106 305 227
479 33 2 377 340
379 198 485 169 271
242 373 40 302 57
216 43 115 34 350
247 71 137 361 60
147 399 85 333 126
23 185 210 81 447
417 304 50 35 234
114 285 318 440 385
162 220 163 320 138
306 143 131 424 341
418 411 66 36 99
202 9 275 443 139
370 280 104 19 295
375 103 47 452 170
390 495 240 45 391
25 309 345 449 279
297 51 356 466 430
487 410 436 369 465
347 378 197 269 192
223 29 167 244 70
299 102 328 396 212
156 205 433 16 52
218 69 1 121 39
458 201 498 3 282
329 27 72 237 437
413 184 353 14 421
125 133 189 419 408
263 92 434 490 97
483 46 355 274 44
148 258 12 246 165
313 366 307 393 497
493 352 268 250 206
448 460 469 368 17
300 464 41 211 256
173 272 204 303 257
254 80 475 21 422
7 15 87 292 168
86 245 145 484 326
281 336 425 338 8
79 277 59 286 439
476 243 235 474 146
331 253 371 150 38
164 107 367 154 354
24 431 106 305 227
479 33 2 377 340
379 198 485 169 271
242 373 40 302 57
216 43 115 34 350
247 71 137 361 60
147 399 85 333 126
23 185 210 81 447
417 304 50 35 234
114 285 318 440 385
162 220 163 320 138
306 143 131 424 341
418 411 66 36 99
202 9 275 443 139
370 280 104 19 295
375 103 47 452 170
390 495 240 45 391
25 309 345 449 279
123 193 172 412 478
297 51 356 466 430
487 410 436 369 465
347 378 197 269 192
223 29 167 244 70
299 102 328 396 212
156 205 433 16 52
218 69 1 121 39
458 201 498 3 282
329 27 72 237 437
413 184 353 14 421
125 133 189 419 408
263 92 434 490 97
483 46 355 274 44
148 258 12 246 165
313 366 307 393 497
493 352 268 250 206
448 460 469 368 17
300 464 41 211 256
173 272 204 303 257
254 80 475 21 422
7 15 87 292 168
86 245 145 484 326
281 336 425 338 8
79 277 59 286 439
476 243 235 474 146
331 253 371 150 38
164 107 367 154 354
24 431 106 305 227
479 33 2 377 340
379 198 485 169 271
242 373 40 302 57
216 43 115 34 350
247 71 137 361 60
147 399 85 333 126
23 185 210 81 447
417 304 50 35 234
114 285 318 440 385
162 220 163 320 138
306 143 131 424 341
418 411 66 36 99
202 9 275 443 139
370 280 104 19 295
375 103 47 452 170
390 495 240 45 391
25 309 345 449 279
123 193 172 412 478
118 94 382 337 178
297 51 356 466 430
487 410 436 369 465
347 378 197 269 192
223 29 167 244 70
299 102 328 396 212
156 205 433 16 52
218 69 1 121 39
458 201 498 3 282
329 27 72 237 437
413 184 353 14 421
125 133 189 419 408
263 92 434 490 97
483 46 355 274 44
148 258 12 246 165
313 366 307 393 497
493 352 268 250 206
448 460 469 368 17
300 464 41 211 256
173 272 204 303 257
254 80 475 21 422
7 15 87 292 168
86 245 145 484 326
281 336 425 338 8
79 277 59 286 439
476 243 235 474 146
331 253 371 150 38
164 107 367 154 354
24 431 106 305 227
479 33 2 377 340
379 198 485 169 271
242 373 40 302 57
216 43 115 34 350
247 71 137 361 60
147 399 85 333 126
23 185 210 81 447
417 304 50 35 234
114 285 318 440 385
162 220 163 320 138
306 143 131 424 341
418 411 66 36 99
202 9 275 443 139
370 280 104 19 295
375 103 47 452 170
390 495 240 45 391
25 309 345 449 279
123 193 172 412 478
118 94 382 337 178
325 152 208 11 96
297 51 356 466 430
487 410 436 369 465
347 378 197 269 192
223 29 167 244 70
299 102 328 396 212
156 205 433 16 52
218 69 1 121 39
458 201 498 3 282
329 27 72 237 437
413 184 353 14 421
125 133 189 419 408
263 92 434 490 97
483 46 355 274 44
148 258 12 246 165
313 366 307 393 497
493 352 268 250 206
448 460 469 368 17
300 464 41 211 256
173 272 204 303 257
254 80 475 21 422
7 15 87 292 168
86 245 145 484 326
281 336 425 338 8
79 277 59 286 439
476 243 235 474 146
331 253 371 150 38
164 107 367 154 354
24 431 106 305 227
479 33 2 377 340
379 198 485 169 271
242 373 40 302 57
216 43 115 34 350
247 71 137 361 60
147 399 85 333 126
23 185 210 81 447
417 304 50 35 234
114 285 318 440 385
162 220 163 320 138
306 143 131 424 341
418 411 66 36 99
202 9 275 443 139
370 280 104 19 295
375 103 47 452 170
390 495 240 45 391
25 309 345 449 279
123 193 172 412 478
118 94 382 337 178
325 152 208 11 96
130 73 264 259 68
297 51 356 466 430
487 410 436 369 465
347 378 197 269 192
223 29 167 244 70
299 102 328 396 212
156 205 433 16 52
218 69 1 121 39
458 201 498 3 282
329 27 72 237 437
413 184 353 14 421
125 133 189 419 408
263 92 434 490 97
483 46 355 274 44
148 258 12 246 165
313 366 307 393 497
493 352 268 250 206
448 460 469 368 17
300 464 41 211 256
173 272 204 303 257
254 80 475 21 422
7 15 87 292 168
86 245 145 484 326
281 336 425 338 8
79 277 59 286 439
476 243 235 474 146
331 253 371 150 38
164 107 367 154 354
24 431 106 305 227
479 33 2 377 340
379 198 485 169 271
242 373 40 302 57
216 43 115 34 350
247 71 137 361 60
147 399 85 333 126
23 185 210 81 447
417 304 50 35 234
114 285 318 440 385
162 220 163 320 138
306 143 131 424 341
418 411 66 36 99
202 9 275 443 139
370 280 104 19 295
375 103 47 452 170
390 495 240 45 391
25 309 345 449 279
123 193 172 412 478
118 94 382 337 178
325 152 208 11 96
130 73 264 259 68
335 155 397 470 311
