481 479 58 325
481 479 58 325
155 419 471
481 479 58 325
155 419 471
231 413 172
481 479 58 325
155 419 471
231 413 172
81 280 127
481 479 58 325
155 419 471
231 413 172
81 280 127
308 427
481 479 58 325
155 419 471
231 413 172
81 280 127
308 427
286 467
481 479 58 325
155 419 471
231 413 172
81 280 127
308 427
286 467
206 311
481 479 58 325
155 419 471
231 413 172
81 280 127
308 427
286 467
206 311
320 322
481 479 58 325
155 419 471
231 413 172
81 280 127
308 427
286 467
206 311
320 322
174 97
481 479 58 325
155 419 471
231 413 172
81 280 127
308 427
286 467
206 311
320 322
174 97
464 371
481 479 58 325
155 419 471
231 413 172
81 280 127
308 427
286 467
206 311
320 322
174 97
464 371
147 153
481 479 58 325
155 419 471
231 413 172
81 280 127
308 427
286 467
206 311
320 322
174 97
464 371
147 153
27 250
481 479 58 325
155 419 471
231 413 172
81 280 127
308 427
286 467
206 311
320 322
174 97
464 371
147 153
27 250
302 297
481 479 58 325
155 419 471
231 413 172
81 280 127
308 427
286 467
206 311
320 322
174 97
464 371
147 153
27 250
302 297
83 486
481 479 58 325
155 419 471
231 413 172
81 280 127
308 427
286 467
206 311
320 322
174 97
464 371
147 153
27 250
302 297
83 486
342 93
481 479 58 325
155 419 471
231 413 172
81 280 127
308 427
286 467
206 311
320 322
174 97
464 371
147 153
27 250
302 297
83 486
342 93
388 357
481 479 58 325
155 419 471
231 413 172
81 280 127
308 427
286 467
206 311
320 322
174 97
464 371
147 153
27 250
302 297
83 486
342 93
388 357
404 105
