293 252 295 300 278
138 296 111 175 274
302 148 198 212 437
172 269 169 368 241
390 257 21 186 232
87 361 267 133 249
136 284 207 259 165
184 182 381 228 154
301 438 317 362 173
499 307 268 93 265
48 290 201 414 283
239 181 134 310 282
399 103 258 287 147
421 327 179 312 47
405 187 264 70 235
237 305 375 145 351
277 94 83 150 311
107 142 226 91 297
474 466 162 480 224
279 255 12 339 289
347 342 306 155 71
373 303 118 97 192
189 209 331 426 416
90 374 482 314 185
244 222 418 81 451
479 140 213 159 321
349 204 121 211 127
126 316 218 458 481
380 401 485 294 23
337 28 263 24 422
407 318 39 260 26
453 250 475 205 193
119 38 435 315 496
223 292 386 379 454
486 35 152 56 19
125 42 460 436 230
247 457 10 324 164
256 161 88 447 153
286 13 200 385 320
40 32 135 332 174
444 109 58 100 309
400 7 78 85 210
412 396 144 84 483
216 272 467 158 110
275 341 392 493 14
30 410 473 377 388
1 112 281 180 63
360 353 99 415 17
117 322 52 18 490
233 53 476 403 54
