452 25 444 259 418
410 353 337 331 297
338 244 124 307 229
475 445 491 113 103
109 311 156 499 184
83 470 174 316 81
293 160 440 58 310
177 179 296 363 52
105 323 484 23 493
56 125 257 164 404
345 94 228 6 390
430 364 210 273 60
291 275 284 304 115
150 139 383 356 93
399 146 183 95 260
206 392 15 213 459
253 397 405 262 196
151 180 439 347 8
308 4 315 334 403
69 202 314 163 21
426 40 97 7 348
477 402 147 495 421
346 194 43 199 26
242 135 411 466 369
414 269 498 205 171
218 49 64 437 198
272 263 250 412 413
295 101 387 305 386
118 18 496 245 14
73 396 258 473 447
332 489 144 116 303
17 117 82 427 3
34 200 224 80 44
216 159 158 12 140
352 168 433 362 287
111 432 35 19 458
349 451 266 110 333
329 142 422 449 446
231 191 193 65 309
429 450 169 494 55
265 344 132 119 247
290 289 328 483 48
342 201 72 99 382
327 456 148 13 326
280 415 395 376 88
341 214 75 78 357
215 59 394 300 155
66 227 100 138 469
91 243 176 143 302
33 154 42 167 209
