370 472 320 213 160
370 472 320 213 160
67 242 39 108 8
370 472 320 213 160
67 242 39 108 8
18 249 479 202 436
370 472 320 213 160
67 242 39 108 8
18 249 479 202 436
323 199 380 5 318
370 472 320 213 160
67 242 39 108 8
18 249 479 202 436
323 199 380 5 318
117 267 277 484 216
370 472 320 213 160
67 242 39 108 8
18 249 479 202 436
323 199 380 5 318
117 267 277 484 216
176 134 359 128 412
370 472 320 213 160
67 242 39 108 8
18 249 479 202 436
323 199 380 5 318
117 267 277 484 216
176 134 359 128 412
137 185 330 450 480
370 472 320 213 160
67 242 39 108 8
18 249 479 202 436
323 199 380 5 318
117 267 277 484 216
176 134 359 128 412
137 185 330 450 480
468 459 274 220 306
370 472 320 213 160
67 242 39 108 8
18 249 479 202 436
323 199 380 5 318
117 267 277 484 216
176 134 359 128 412
137 185 330 450 480
468 459 274 220 306
76 209 422 145 84
370 472 320 213 160
67 242 39 108 8
18 249 479 202 436
323 199 380 5 318
117 267 277 484 216
176 134 359 128 412
137 185 330 450 480
468 459 274 220 306
76 209 422 145 84
107 396 270 475 496
370 472 320 213 160
67 242 39 108 8
18 249 479 202 436
323 199 380 5 318
117 267 277 484 216
176 134 359 128 412
137 185 330 450 480
468 459 274 220 306
76 209 422 145 84
107 396 270 475 496
30 426 9 159 168
370 472 320 213 160
67 242 39 108 8
18 249 479 202 436
323 199 380 5 318
117 267 277 484 216
176 134 359 128 412
137 185 330 450 480
468 459 274 220 306
76 209 422 145 84
107 396 270 475 496
30 426 9 159 168
462 143 219 328 291
370 472 320 213 160
67 242 39 108 8
18 249 479 202 436
323 199 380 5 318
117 267 277 484 216
176 134 359 128 412
137 185 330 450 480
468 459 274 220 306
76 209 422 145 84
107 396 270 475 496
30 426 9 159 168
462 143 219 328 291
116 87 410 205 139
370 472 320 213 160
67 242 39 108 8
18 249 479 202 436
323 199 380 5 318
117 267 277 484 216
176 134 359 128 412
137 185 330 450 480
468 459 274 220 306
76 209 422 145 84
107 396 270 475 496
30 426 9 159 168
462 143 219 328 291
116 87 410 205 139
40 477 142 311 407
370 472 320 213 160
67 242 39 108 8
18 249 479 202 436
323 199 380 5 318
117 267 277 484 216
176 134 359 128 412
137 185 330 450 480
468 459 274 220 306
76 209 422 145 84
107 396 270 475 496
30 426 9 159 168
462 143 219 328 291
116 87 410 205 139
40 477 142 311 407
317 178 490 348 50
370 472 320 213 160
67 242 39 108 8
18 249 479 202 436
323 199 380 5 318
117 267 277 484 216
176 134 359 128 412
137 185 330 450 480
468 459 274 220 306
76 209 422 145 84
107 396 270 475 496
30 426 9 159 168
462 143 219 328 291
116 87 410 205 139
40 477 142 311 407
317 178 490 348 50
227 308 56 46 440
370 472 320 213 160
67 242 39 108 8
18 249 479 202 436
323 199 380 5 318
117 267 277 484 216
176 134 359 128 412
137 185 330 450 480
468 459 274 220 306
76 209 422 145 84
107 396 270 475 496
30 426 9 159 168
462 143 219 328 291
116 87 410 205 139
40 477 142 311 407
317 178 490 348 50
227 308 56 46 440
144 421 206 304 271
370 472 320 213 160
67 242 39 108 8
18 249 479 202 436
323 199 380 5 318
117 267 277 484 216
176 134 359 128 412
137 185 330 450 480
468 459 274 220 306
76 209 422 145 84
107 396 270 475 496
30 426 9 159 168
462 143 219 328 291
116 87 410 205 139
40 477 142 311 407
317 178 490 348 50
227 308 56 46 440
144 421 206 304 271
464 379 443 312 150
370 472 320 213 160
67 242 39 108 8
18 249 479 202 436
323 199 380 5 318
117 267 277 484 216
176 134 359 128 412
137 185 330 450 480
468 459 274 220 306
76 209 422 145 84
107 396 270 475 496
30 426 9 159 168
462 143 219 328 291
116 87 410 205 139
40 477 142 311 407
317 178 490 348 50
227 308 56 46 440
144 421 206 304 271
464 379 443 312 150
124 10 51 66 88
370 472 320 213 160
67 242 39 108 8
18 249 479 202 436
323 199 380 5 318
117 267 277 484 216
176 134 359 128 412
137 185 330 450 480
468 459 274 220 306
76 209 422 145 84
107 396 270 475 496
30 426 9 159 168
462 143 219 328 291
116 87 410 205 139
40 477 142 311 407
317 178 490 348 50
227 308 56 46 440
144 421 206 304 271
464 379 443 312 150
124 10 51 66 88
366 12 181 122 451
370 472 320 213 160
67 242 39 108 8
18 249 479 202 436
323 199 380 5 318
117 267 277 484 216
176 134 359 128 412
137 185 330 450 480
468 459 274 220 306
76 209 422 145 84
107 396 270 475 496
30 426 9 159 168
462 143 219 328 291
116 87 410 205 139
40 477 142 311 407
317 178 490 348 50
227 308 56 46 440
144 421 206 304 271
464 379 443 312 150
124 10 51 66 88
366 12 181 122 451
392 193 286 126 73
370 472 320 213 160
67 242 39 108 8
18 249 479 202 436
323 199 380 5 318
117 267 277 484 216
176 134 359 128 412
137 185 330 450 480
468 459 274 220 306
76 209 422 145 84
107 396 270 475 496
30 426 9 159 168
462 143 219 328 291
116 87 410 205 139
40 477 142 311 407
317 178 490 348 50
227 308 56 46 440
144 421 206 304 271
464 379 443 312 150
124 10 51 66 88
366 12 181 122 451
392 193 286 126 73
414 393 233 49 132
370 472 320 213 160
67 242 39 108 8
18 249 479 202 436
323 199 380 5 318
117 267 277 484 216
176 134 359 128 412
137 185 330 450 480
468 459 274 220 306
76 209 422 145 84
107 396 270 475 496
30 426 9 159 168
462 143 219 328 291
116 87 410 205 139
40 477 142 311 407
317 178 490 348 50
227 308 56 46 440
144 421 206 304 271
464 379 443 312 150
124 10 51 66 88
366 12 181 122 451
392 193 286 126 73
414 393 233 49 132
115 256 152 29 491
370 472 320 213 160
67 242 39 108 8
18 249 479 202 436
323 199 380 5 318
117 267 277 484 216
176 134 359 128 412
137 185 330 450 480
468 459 274 220 306
76 209 422 145 84
107 396 270 475 496
30 426 9 159 168
462 143 219 328 291
116 87 410 205 139
40 477 142 311 407
317 178 490 348 50
227 308 56 46 440
144 421 206 304 271
464 379 443 312 150
124 10 51 66 88
366 12 181 122 451
392 193 286 126 73
414 393 233 49 132
115 256 152 29 491
465 42 102 177 435
370 472 320 213 160
67 242 39 108 8
18 249 479 202 436
323 199 380 5 318
117 267 277 484 216
176 134 359 128 412
137 185 330 450 480
468 459 274 220 306
76 209 422 145 84
107 396 270 475 496
30 426 9 159 168
462 143 219 328 291
116 87 410 205 139
40 477 142 311 407
317 178 490 348 50
227 308 56 46 440
144 421 206 304 271
464 379 443 312 150
124 10 51 66 88
366 12 181 122 451
392 193 286 126 73
414 393 233 49 132
115 256 152 29 491
465 42 102 177 435
449 189 376 133 349
370 472 320 213 160
67 242 39 108 8
18 249 479 202 436
323 199 380 5 318
117 267 277 484 216
176 134 359 128 412
137 185 330 450 480
468 459 274 220 306
76 209 422 145 84
107 396 270 475 496
30 426 9 159 168
462 143 219 328 291
116 87 410 205 139
40 477 142 311 407
317 178 490 348 50
227 308 56 46 440
144 421 206 304 271
464 379 443 312 150
124 10 51 66 88
366 12 181 122 451
392 193 286 126 73
414 393 233 49 132
115 256 152 29 491
465 42 102 177 435
449 189 376 133 349
71 386 325 41 53
370 472 320 213 160
67 242 39 108 8
18 249 479 202 436
323 199 380 5 318
117 267 277 484 216
176 134 359 128 412
137 185 330 450 480
468 459 274 220 306
76 209 422 145 84
107 396 270 475 496
30 426 9 159 168
462 143 219 328 291
116 87 410 205 139
40 477 142 311 407
317 178 490 348 50
227 308 56 46 440
144 421 206 304 271
464 379 443 312 150
124 10 51 66 88
366 12 181 122 451
392 193 286 126 73
414 393 233 49 132
115 256 152 29 491
465 42 102 177 435
449 189 376 133 349
71 386 325 41 53
309 383 15 498 486
370 472 320 213 160
67 242 39 108 8
18 249 479 202 436
323 199 380 5 318
117 267 277 484 216
176 134 359 128 412
137 185 330 450 480
468 459 274 220 306
76 209 422 145 84
107 396 270 475 496
30 426 9 159 168
462 143 219 328 291
116 87 410 205 139
40 477 142 311 407
317 178 490 348 50
227 308 56 46 440
144 421 206 304 271
464 379 443 312 150
124 10 51 66 88
366 12 181 122 451
392 193 286 126 73
414 393 233 49 132
115 256 152 29 491
465 42 102 177 435
449 189 376 133 349
71 386 325 41 53
309 383 15 498 486
200 321 423 195 57
370 472 320 213 160
67 242 39 108 8
18 249 479 202 436
323 199 380 5 318
117 267 277 484 216
176 134 359 128 412
137 185 330 450 480
468 459 274 220 306
76 209 422 145 84
107 396 270 475 496
30 426 9 159 168
462 143 219 328 291
116 87 410 205 139
40 477 142 311 407
317 178 490 348 50
227 308 56 46 440
144 421 206 304 271
464 379 443 312 150
124 10 51 66 88
366 12 181 122 451
392 193 286 126 73
414 393 233 49 132
115 256 152 29 491
465 42 102 177 435
449 189 376 133 349
71 386 325 41 53
309 383 15 498 486
200 321 423 195 57
99 417 497 192 263
370 472 320 213 160
67 242 39 108 8
18 249 479 202 436
323 199 380 5 318
117 267 277 484 216
176 134 359 128 412
137 185 330 450 480
468 459 274 220 306
76 209 422 145 84
107 396 270 475 496
30 426 9 159 168
462 143 219 328 291
116 87 410 205 139
40 477 142 311 407
317 178 490 348 50
227 308 56 46 440
144 421 206 304 271
464 379 443 312 150
124 10 51 66 88
366 12 181 122 451
392 193 286 126 73
414 393 233 49 132
115 256 152 29 491
465 42 102 177 435
449 189 376 133 349
71 386 325 41 53
309 383 15 498 486
200 321 423 195 57
99 417 497 192 263
416 151 224 121 24
370 472 320 213 160
67 242 39 108 8
18 249 479 202 436
323 199 380 5 318
117 267 277 484 216
176 134 359 128 412
137 185 330 450 480
468 459 274 220 306
76 209 422 145 84
107 396 270 475 496
30 426 9 159 168
462 143 219 328 291
116 87 410 205 139
40 477 142 311 407
317 178 490 348 50
227 308 56 46 440
144 421 206 304 271
464 379 443 312 150
124 10 51 66 88
366 12 181 122 451
392 193 286 126 73
414 393 233 49 132
115 256 152 29 491
465 42 102 177 435
449 189 376 133 349
71 386 325 41 53
309 383 15 498 486
200 321 423 195 57
99 417 497 192 263
416 151 224 121 24
454 282 59 395 261
370 472 320 213 160
67 242 39 108 8
18 249 479 202 436
323 199 380 5 318
117 267 277 484 216
176 134 359 128 412
137 185 330 450 480
468 459 274 220 306
76 209 422 145 84
107 396 270 475 496
30 426 9 159 168
462 143 219 328 291
116 87 410 205 139
40 477 142 311 407
317 178 490 348 50
227 308 56 46 440
144 421 206 304 271
464 379 443 312 150
124 10 51 66 88
366 12 181 122 451
392 193 286 126 73
414 393 233 49 132
115 256 152 29 491
465 42 102 177 435
449 189 376 133 349
71 386 325 41 53
309 383 15 498 486
200 321 423 195 57
99 417 497 192 263
416 151 224 121 24
454 282 59 395 261
251 499 162 97 493
370 472 320 213 160
67 242 39 108 8
18 249 479 202 436
323 199 380 5 318
117 267 277 484 216
176 134 359 128 412
137 185 330 450 480
468 459 274 220 306
76 209 422 145 84
107 396 270 475 496
30 426 9 159 168
462 143 219 328 291
116 87 410 205 139
40 477 142 311 407
317 178 490 348 50
227 308 56 46 440
144 421 206 304 271
464 379 443 312 150
124 10 51 66 88
366 12 181 122 451
392 193 286 126 73
414 393 233 49 132
115 256 152 29 491
465 42 102 177 435
449 189 376 133 349
71 386 325 41 53
309 383 15 498 486
200 321 423 195 57
99 417 497 192 263
416 151 224 121 24
454 282 59 395 261
251 499 162 97 493
158 131 255 234 262
370 472 320 213 160
67 242 39 108 8
18 249 479 202 436
323 199 380 5 318
117 267 277 484 216
176 134 359 128 412
137 185 330 450 480
468 459 274 220 306
76 209 422 145 84
107 396 270 475 496
30 426 9 159 168
462 143 219 328 291
116 87 410 205 139
40 477 142 311 407
317 178 490 348 50
227 308 56 46 440
144 421 206 304 271
464 379 443 312 150
124 10 51 66 88
366 12 181 122 451
392 193 286 126 73
414 393 233 49 132
115 256 152 29 491
465 42 102 177 435
449 189 376 133 349
71 386 325 41 53
309 383 15 498 486
200 321 423 195 57
99 417 497 192 263
416 151 224 121 24
454 282 59 395 261
251 499 162 97 493
158 131 255 234 262
32 155 331 154 324
370 472 320 213 160
67 242 39 108 8
18 249 479 202 436
323 199 380 5 318
117 267 277 484 216
176 134 359 128 412
137 185 330 450 480
468 459 274 220 306
76 209 422 145 84
107 396 270 475 496
30 426 9 159 168
462 143 219 328 291
116 87 410 205 139
40 477 142 311 407
317 178 490 348 50
227 308 56 46 440
144 421 206 304 271
464 379 443 312 150
124 10 51 66 88
366 12 181 122 451
392 193 286 126 73
414 393 233 49 132
115 256 152 29 491
465 42 102 177 435
449 189 376 133 349
71 386 325 41 53
309 383 15 498 486
200 321 423 195 57
99 417 497 192 263
416 151 224 121 24
454 282 59 395 261
251 499 162 97 493
158 131 255 234 262
32 155 331 154 324
401 316 207 369 221
370 472 320 213 160
67 242 39 108 8
18 249 479 202 436
323 199 380 5 318
117 267 277 484 216
176 134 359 128 412
137 185 330 450 480
468 459 274 220 306
76 209 422 145 84
107 396 270 475 496
30 426 9 159 168
462 143 219 328 291
116 87 410 205 139
40 477 142 311 407
317 178 490 348 50
227 308 56 46 440
144 421 206 304 271
464 379 443 312 150
124 10 51 66 88
366 12 181 122 451
392 193 286 126 73
414 393 233 49 132
115 256 152 29 491
465 42 102 177 435
449 189 376 133 349
71 386 325 41 53
309 383 15 498 486
200 321 423 195 57
99 417 497 192 263
416 151 224 121 24
454 282 59 395 261
251 499 162 97 493
158 131 255 234 262
32 155 331 154 324
401 316 207 369 221
388 360 419 210 163
370 472 320 213 160
67 242 39 108 8
18 249 479 202 436
323 199 380 5 318
117 267 277 484 216
176 134 359 128 412
137 185 330 450 480
468 459 274 220 306
76 209 422 145 84
107 396 270 475 496
30 426 9 159 168
462 143 219 328 291
116 87 410 205 139
40 477 142 311 407
317 178 490 348 50
227 308 56 46 440
144 421 206 304 271
464 379 443 312 150
124 10 51 66 88
366 12 181 122 451
392 193 286 126 73
414 393 233 49 132
115 256 152 29 491
465 42 102 177 435
449 189 376 133 349
71 386 325 41 53
309 383 15 498 486
200 321 423 195 57
99 417 497 192 263
416 151 224 121 24
454 282 59 395 261
251 499 162 97 493
158 131 255 234 262
32 155 331 154 324
401 316 207 369 221
388 360 419 210 163
183 245 146 335 218
370 472 320 213 160
67 242 39 108 8
18 249 479 202 436
323 199 380 5 318
117 267 277 484 216
176 134 359 128 412
137 185 330 450 480
468 459 274 220 306
76 209 422 145 84
107 396 270 475 496
30 426 9 159 168
462 143 219 328 291
116 87 410 205 139
40 477 142 311 407
317 178 490 348 50
227 308 56 46 440
144 421 206 304 271
464 379 443 312 150
124 10 51 66 88
366 12 181 122 451
392 193 286 126 73
414 393 233 49 132
115 256 152 29 491
465 42 102 177 435
449 189 376 133 349
71 386 325 41 53
309 383 15 498 486
200 321 423 195 57
99 417 497 192 263
416 151 224 121 24
454 282 59 395 261
251 499 162 97 493
158 131 255 234 262
32 155 331 154 324
401 316 207 369 221
388 360 419 210 163
183 245 146 335 218
211 375 4 190 471
370 472 320 213 160
67 242 39 108 8
18 249 479 202 436
323 199 380 5 318
117 267 277 484 216
176 134 359 128 412
137 185 330 450 480
468 459 274 220 306
76 209 422 145 84
107 396 270 475 496
30 426 9 159 168
462 143 219 328 291
116 87 410 205 139
40 477 142 311 407
317 178 490 348 50
227 308 56 46 440
144 421 206 304 271
464 379 443 312 150
124 10 51 66 88
366 12 181 122 451
392 193 286 126 73
414 393 233 49 132
115 256 152 29 491
465 42 102 177 435
449 189 376 133 349
71 386 325 41 53
309 383 15 498 486
200 321 423 195 57
99 417 497 192 263
416 151 224 121 24
454 282 59 395 261
251 499 162 97 493
158 131 255 234 262
32 155 331 154 324
401 316 207 369 221
388 360 419 210 163
183 245 146 335 218
211 375 4 190 471
322 138 184 157 156
370 472 320 213 160
67 242 39 108 8
18 249 479 202 436
323 199 380 5 318
117 267 277 484 216
176 134 359 128 412
137 185 330 450 480
468 459 274 220 306
76 209 422 145 84
107 396 270 475 496
30 426 9 159 168
462 143 219 328 291
116 87 410 205 139
40 477 142 311 407
317 178 490 348 50
227 308 56 46 440
144 421 206 304 271
464 379 443 312 150
124 10 51 66 88
366 12 181 122 451
392 193 286 126 73
414 393 233 49 132
115 256 152 29 491
465 42 102 177 435
449 189 376 133 349
71 386 325 41 53
309 383 15 498 486
200 321 423 195 57
99 417 497 192 263
416 151 224 121 24
454 282 59 395 261
251 499 162 97 493
158 131 255 234 262
32 155 331 154 324
401 316 207 369 221
388 360 419 210 163
183 245 146 335 218
211 375 4 190 471
322 138 184 157 156
93 347 166 294 374
370 472 320 213 160
67 242 39 108 8
18 249 479 202 436
323 199 380 5 318
117 267 277 484 216
176 134 359 128 412
137 185 330 450 480
468 459 274 220 306
76 209 422 145 84
107 396 270 475 496
30 426 9 159 168
462 143 219 328 291
116 87 410 205 139
40 477 142 311 407
317 178 490 348 50
227 308 56 46 440
144 421 206 304 271
464 379 443 312 150
124 10 51 66 88
366 12 181 122 451
392 193 286 126 73
414 393 233 49 132
115 256 152 29 491
465 42 102 177 435
449 189 376 133 349
71 386 325 41 53
309 383 15 498 486
200 321 423 195 57
99 417 497 192 263
416 151 224 121 24
454 282 59 395 261
251 499 162 97 493
158 131 255 234 262
32 155 331 154 324
401 316 207 369 221
388 360 419 210 163
183 245 146 335 218
211 375 4 190 471
322 138 184 157 156
93 347 166 294 374
0 6 482 54 289
370 472 320 213 160
67 242 39 108 8
18 249 479 202 436
323 199 380 5 318
117 267 277 484 216
176 134 359 128 412
137 185 330 450 480
468 459 274 220 306
76 209 422 145 84
107 396 270 475 496
30 426 9 159 168
462 143 219 328 291
116 87 410 205 139
40 477 142 311 407
317 178 490 348 50
227 308 56 46 440
144 421 206 304 271
464 379 443 312 150
124 10 51 66 88
366 12 181 122 451
392 193 286 126 73
414 393 233 49 132
115 256 152 29 491
465 42 102 177 435
449 189 376 133 349
71 386 325 41 53
309 383 15 498 486
200 321 423 195 57
99 417 497 192 263
416 151 224 121 24
454 282 59 395 261
251 499 162 97 493
158 131 255 234 262
32 155 331 154 324
401 316 207 369 221
388 360 419 210 163
183 245 146 335 218
211 375 4 190 471
322 138 184 157 156
93 347 166 294 374
0 6 482 54 289
113 406 411 119 197
370 472 320 213 160
67 242 39 108 8
18 249 479 202 436
323 199 380 5 318
117 267 277 484 216
176 134 359 128 412
137 185 330 450 480
468 459 274 220 306
76 209 422 145 84
107 396 270 475 496
30 426 9 159 168
462 143 219 328 291
116 87 410 205 139
40 477 142 311 407
317 178 490 348 50
227 308 56 46 440
144 421 206 304 271
464 379 443 312 150
124 10 51 66 88
366 12 181 122 451
392 193 286 126 73
414 393 233 49 132
115 256 152 29 491
465 42 102 177 435
449 189 376 133 349
71 386 325 41 53
309 383 15 498 486
200 321 423 195 57
99 417 497 192 263
416 151 224 121 24
454 282 59 395 261
251 499 162 97 493
158 131 255 234 262
32 155 331 154 324
401 316 207 369 221
388 360 419 210 163
183 245 146 335 218
211 375 4 190 471
322 138 184 157 156
93 347 166 294 374
0 6 482 54 289
113 406 411 119 197
225 247 297 250 336
370 472 320 213 160
67 242 39 108 8
18 249 479 202 436
323 199 380 5 318
117 267 277 484 216
176 134 359 128 412
137 185 330 450 480
468 459 274 220 306
76 209 422 145 84
107 396 270 475 496
30 426 9 159 168
462 143 219 328 291
116 87 410 205 139
40 477 142 311 407
317 178 490 348 50
227 308 56 46 440
144 421 206 304 271
464 379 443 312 150
124 10 51 66 88
366 12 181 122 451
392 193 286 126 73
414 393 233 49 132
115 256 152 29 491
465 42 102 177 435
449 189 376 133 349
71 386 325 41 53
309 383 15 498 486
200 321 423 195 57
99 417 497 192 263
416 151 224 121 24
454 282 59 395 261
251 499 162 97 493
158 131 255 234 262
32 155 331 154 324
401 316 207 369 221
388 360 419 210 163
183 245 146 335 218
211 375 4 190 471
322 138 184 157 156
93 347 166 294 374
0 6 482 54 289
113 406 411 119 197
225 247 297 250 336
208 487 28 278 148
370 472 320 213 160
67 242 39 108 8
18 249 479 202 436
323 199 380 5 318
117 267 277 484 216
176 134 359 128 412
137 185 330 450 480
468 459 274 220 306
76 209 422 145 84
107 396 270 475 496
30 426 9 159 168
462 143 219 328 291
116 87 410 205 139
40 477 142 311 407
317 178 490 348 50
227 308 56 46 440
144 421 206 304 271
464 379 443 312 150
124 10 51 66 88
366 12 181 122 451
392 193 286 126 73
414 393 233 49 132
115 256 152 29 491
465 42 102 177 435
449 189 376 133 349
71 386 325 41 53
309 383 15 498 486
200 321 423 195 57
99 417 497 192 263
416 151 224 121 24
454 282 59 395 261
251 499 162 97 493
158 131 255 234 262
32 155 331 154 324
401 316 207 369 221
388 360 419 210 163
183 245 146 335 218
211 375 4 190 471
322 138 184 157 156
93 347 166 294 374
0 6 482 54 289
113 406 411 119 197
225 247 297 250 336
208 487 28 278 148
473 135 350 427 425
370 472 320 213 160
67 242 39 108 8
18 249 479 202 436
323 199 380 5 318
117 267 277 484 216
176 134 359 128 412
137 185 330 450 480
468 459 274 220 306
76 209 422 145 84
107 396 270 475 496
30 426 9 159 168
462 143 219 328 291
116 87 410 205 139
40 477 142 311 407
317 178 490 348 50
227 308 56 46 440
144 421 206 304 271
464 379 443 312 150
124 10 51 66 88
366 12 181 122 451
392 193 286 126 73
414 393 233 49 132
115 256 152 29 491
465 42 102 177 435
449 189 376 133 349
71 386 325 41 53
309 383 15 498 486
200 321 423 195 57
99 417 497 192 263
416 151 224 121 24
454 282 59 395 261
251 499 162 97 493
158 131 255 234 262
32 155 331 154 324
401 316 207 369 221
388 360 419 210 163
183 245 146 335 218
211 375 4 190 471
322 138 184 157 156
93 347 166 294 374
0 6 482 54 289
113 406 411 119 197
225 247 297 250 336
208 487 28 278 148
473 135 350 427 425
140 327 398 68 281
370 472 320 213 160
67 242 39 108 8
18 249 479 202 436
323 199 380 5 318
117 267 277 484 216
176 134 359 128 412
137 185 330 450 480
468 459 274 220 306
76 209 422 145 84
107 396 270 475 496
30 426 9 159 168
462 143 219 328 291
116 87 410 205 139
40 477 142 311 407
317 178 490 348 50
227 308 56 46 440
144 421 206 304 271
464 379 443 312 150
124 10 51 66 88
366 12 181 122 451
392 193 286 126 73
414 393 233 49 132
115 256 152 29 491
465 42 102 177 435
449 189 376 133 349
71 386 325 41 53
309 383 15 498 486
200 321 423 195 57
99 417 497 192 263
416 151 224 121 24
454 282 59 395 261
251 499 162 97 493
158 131 255 234 262
32 155 331 154 324
401 316 207 369 221
388 360 419 210 163
183 245 146 335 218
211 375 4 190 471
322 138 184 157 156
93 347 166 294 374
0 6 482 54 289
113 406 411 119 197
225 247 297 250 336
208 487 28 278 148
473 135 350 427 425
140 327 398 68 281
495 378 33 34 69
370 472 320 213 160
67 242 39 108 8
18 249 479 202 436
323 199 380 5 318
117 267 277 484 216
176 134 359 128 412
137 185 330 450 480
468 459 274 220 306
76 209 422 145 84
107 396 270 475 496
30 426 9 159 168
462 143 219 328 291
116 87 410 205 139
40 477 142 311 407
317 178 490 348 50
227 308 56 46 440
144 421 206 304 271
464 379 443 312 150
124 10 51 66 88
366 12 181 122 451
392 193 286 126 73
414 393 233 49 132
115 256 152 29 491
465 42 102 177 435
449 189 376 133 349
71 386 325 41 53
309 383 15 498 486
200 321 423 195 57
99 417 497 192 263
416 151 224 121 24
454 282 59 395 261
251 499 162 97 493
158 131 255 234 262
32 155 331 154 324
401 316 207 369 221
388 360 419 210 163
183 245 146 335 218
211 375 4 190 471
322 138 184 157 156
93 347 166 294 374
0 6 482 54 289
113 406 411 119 197
225 247 297 250 336
208 487 28 278 148
473 135 350 427 425
140 327 398 68 281
495 378 33 34 69
452 448 353 290 58
370 472 320 213 160
67 242 39 108 8
18 249 479 202 436
323 199 380 5 318
117 267 277 484 216
176 134 359 128 412
137 185 330 450 480
468 459 274 220 306
76 209 422 145 84
107 396 270 475 496
30 426 9 159 168
462 143 219 328 291
116 87 410 205 139
40 477 142 311 407
317 178 490 348 50
227 308 56 46 440
144 421 206 304 271
464 379 443 312 150
124 10 51 66 88
366 12 181 122 451
392 193 286 126 73
414 393 233 49 132
115 256 152 29 491
465 42 102 177 435
449 189 376 133 349
71 386 325 41 53
309 383 15 498 486
200 321 423 195 57
99 417 497 192 263
416 151 224 121 24
454 282 59 395 261
251 499 162 97 493
158 131 255 234 262
32 155 331 154 324
401 316 207 369 221
388 360 419 210 163
183 245 146 335 218
211 375 4 190 471
322 138 184 157 156
93 347 166 294 374
0 6 482 54 289
113 406 411 119 197
225 247 297 250 336
208 487 28 278 148
473 135 350 427 425
140 327 398 68 281
495 378 33 34 69
452 448 353 290 58
78 230 31 75 285
370 472 320 213 160
67 242 39 108 8
18 249 479 202 436
323 199 380 5 318
117 267 277 484 216
176 134 359 128 412
137 185 330 450 480
468 459 274 220 306
76 209 422 145 84
107 396 270 475 496
30 426 9 159 168
462 143 219 328 291
116 87 410 205 139
40 477 142 311 407
317 178 490 348 50
227 308 56 46 440
144 421 206 304 271
464 379 443 312 150
124 10 51 66 88
366 12 181 122 451
392 193 286 126 73
414 393 233 49 132
115 256 152 29 491
465 42 102 177 435
449 189 376 133 349
71 386 325 41 53
309 383 15 498 486
200 321 423 195 57
99 417 497 192 263
416 151 224 121 24
454 282 59 395 261
251 499 162 97 493
158 131 255 234 262
32 155 331 154 324
401 316 207 369 221
388 360 419 210 163
183 245 146 335 218
211 375 4 190 471
322 138 184 157 156
93 347 166 294 374
0 6 482 54 289
113 406 411 119 197
225 247 297 250 336
208 487 28 278 148
473 135 350 427 425
140 327 398 68 281
495 378 33 34 69
452 448 353 290 58
78 230 31 75 285
279 314 125 356 100
