148 99
148 99
70 144
148 99
70 144
56 17
148 99
70 144
56 17
173 166
148 99
70 144
56 17
173 166
183 76
148 99
70 144
56 17
173 166
183 76
89 120
148 99
70 144
56 17
173 166
183 76
89 120
74 156
148 99
70 144
56 17
173 166
183 76
89 120
74 156
191 45
148 99
70 144
56 17
173 166
183 76
89 120
74 156
191 45
112 29
148 99
70 144
56 17
173 166
183 76
89 120
74 156
191 45
112 29
42 127
148 99
70 144
56 17
173 166
183 76
89 120
74 156
191 45
112 29
42 127
50 119
148 99
70 144
56 17
173 166
183 76
89 120
74 156
191 45
112 29
42 127
50 119
55 35
148 99
70 144
56 17
173 166
183 76
89 120
74 156
191 45
112 29
42 127
50 119
55 35
186 160
148 99
70 144
56 17
173 166
183 76
89 120
74 156
191 45
112 29
42 127
50 119
55 35
186 160
135 64
148 99
70 144
56 17
173 166
183 76
89 120
74 156
191 45
112 29
42 127
50 119
55 35
186 160
135 64
32 0
148 99
70 144
56 17
173 166
183 76
89 120
74 156
191 45
112 29
42 127
50 119
55 35
186 160
135 64
32 0
37 95
148 99
70 144
56 17
173 166
183 76
89 120
74 156
191 45
112 29
42 127
50 119
55 35
186 160
135 64
32 0
37 95
36 48
148 99
70 144
56 17
173 166
183 76
89 120
74 156
191 45
112 29
42 127
50 119
55 35
186 160
135 64
32 0
37 95
36 48
113 155
148 99
70 144
56 17
173 166
183 76
89 120
74 156
191 45
112 29
42 127
50 119
55 35
186 160
135 64
32 0
37 95
36 48
113 155
109 98
148 99
70 144
56 17
173 166
183 76
89 120
74 156
191 45
112 29
42 127
50 119
55 35
186 160
135 64
32 0
37 95
36 48
113 155
109 98
4 38
