163 357 100 494 9
163 357 100 494 9
182 1 51 415 69
163 357 100 494 9
182 1 51 415 69
224 487 13 219 409
163 357 100 494 9
182 1 51 415 69
224 487 13 219 409
287 85 362 183 53
163 357 100 494 9
182 1 51 415 69
224 487 13 219 409
287 85 362 183 53
246 239 117 493 72
163 357 100 494 9
182 1 51 415 69
224 487 13 219 409
287 85 362 183 53
246 239 117 493 72
2 234 24 86
163 357 100 494 9
182 1 51 415 69
224 487 13 219 409
287 85 362 183 53
246 239 117 493 72
2 234 24 86
206 453 302 136 161
163 357 100 494 9
182 1 51 415 69
224 487 13 219 409
287 85 362 183 53
246 239 117 493 72
2 234 24 86
206 453 302 136 161
476 191 236 417 337
163 357 100 494 9
182 1 51 415 69
224 487 13 219 409
287 85 362 183 53
246 239 117 493 72
2 234 24 86
206 453 302 136 161
476 191 236 417 337
256 58 253 437 151
163 357 100 494 9
182 1 51 415 69
224 487 13 219 409
287 85 362 183 53
246 239 117 493 72
2 234 24 86
206 453 302 136 161
476 191 236 417 337
256 58 253 437 151
364 401 89 228 267
163 357 100 494 9
182 1 51 415 69
224 487 13 219 409
287 85 362 183 53
246 239 117 493 72
2 234 24 86
206 453 302 136 161
476 191 236 417 337
256 58 253 437 151
364 401 89 228 267
192 492 207 456 66
163 357 100 494 9
182 1 51 415 69
224 487 13 219 409
287 85 362 183 53
246 239 117 493 72
2 234 24 86
206 453 302 136 161
476 191 236 417 337
256 58 253 437 151
364 401 89 228 267
192 492 207 456 66
363 133 131 235 418
163 357 100 494 9
182 1 51 415 69
224 487 13 219 409
287 85 362 183 53
246 239 117 493 72
2 234 24 86
206 453 302 136 161
476 191 236 417 337
256 58 253 437 151
364 401 89 228 267
192 492 207 456 66
363 133 131 235 418
309 109 277 483 61
163 357 100 494 9
182 1 51 415 69
224 487 13 219 409
287 85 362 183 53
246 239 117 493 72
2 234 24 86
206 453 302 136 161
476 191 236 417 337
256 58 253 437 151
364 401 89 228 267
192 492 207 456 66
363 133 131 235 418
309 109 277 483 61
359 55 295 346 75
163 357 100 494 9
182 1 51 415 69
224 487 13 219 409
287 85 362 183 53
246 239 117 493 72
2 234 24 86
206 453 302 136 161
476 191 236 417 337
256 58 253 437 151
364 401 89 228 267
192 492 207 456 66
363 133 131 235 418
309 109 277 483 61
359 55 295 346 75
157 341 255 397 251
163 357 100 494 9
182 1 51 415 69
224 487 13 219 409
287 85 362 183 53
246 239 117 493 72
2 234 24 86
206 453 302 136 161
476 191 236 417 337
256 58 253 437 151
364 401 89 228 267
192 492 207 456 66
363 133 131 235 418
309 109 277 483 61
359 55 295 346 75
157 341 255 397 251
247 97 154 296 205
163 357 100 494 9
182 1 51 415 69
224 487 13 219 409
287 85 362 183 53
246 239 117 493 72
2 234 24 86
206 453 302 136 161
476 191 236 417 337
256 58 253 437 151
364 401 89 228 267
192 492 207 456 66
363 133 131 235 418
309 109 277 483 61
359 55 295 346 75
157 341 255 397 251
247 97 154 296 205
462 172 321 349 270
163 357 100 494 9
182 1 51 415 69
224 487 13 219 409
287 85 362 183 53
246 239 117 493 72
2 234 24 86
206 453 302 136 161
476 191 236 417 337
256 58 253 437 151
364 401 89 228 267
192 492 207 456 66
363 133 131 235 418
309 109 277 483 61
359 55 295 346 75
157 341 255 397 251
247 97 154 296 205
462 172 321 349 270
26 336 193 114 184
163 357 100 494 9
182 1 51 415 69
224 487 13 219 409
287 85 362 183 53
246 239 117 493 72
2 234 24 86
206 453 302 136 161
476 191 236 417 337
256 58 253 437 151
364 401 89 228 267
192 492 207 456 66
363 133 131 235 418
309 109 277 483 61
359 55 295 346 75
157 341 255 397 251
247 97 154 296 205
462 172 321 349 270
26 336 193 114 184
59 152 77 204 348
163 357 100 494 9
182 1 51 415 69
224 487 13 219 409
287 85 362 183 53
246 239 117 493 72
2 234 24 86
206 453 302 136 161
476 191 236 417 337
256 58 253 437 151
364 401 89 228 267
192 492 207 456 66
363 133 131 235 418
309 109 277 483 61
359 55 295 346 75
157 341 255 397 251
247 97 154 296 205
462 172 321 349 270
26 336 193 114 184
59 152 77 204 348
229 169 370 156 238
163 357 100 494 9
182 1 51 415 69
224 487 13 219 409
287 85 362 183 53
246 239 117 493 72
2 234 24 86
206 453 302 136 161
476 191 236 417 337
256 58 253 437 151
364 401 89 228 267
192 492 207 456 66
363 133 131 235 418
309 109 277 483 61
359 55 295 346 75
157 341 255 397 251
247 97 154 296 205
462 172 321 349 270
26 336 193 114 184
59 152 77 204 348
229 169 370 156 238
461 458 325 180 442
163 357 100 494 9
182 1 51 415 69
224 487 13 219 409
287 85 362 183 53
246 239 117 493 72
2 234 24 86
206 453 302 136 161
476 191 236 417 337
256 58 253 437 151
364 401 89 228 267
192 492 207 456 66
363 133 131 235 418
309 109 277 483 61
359 55 295 346 75
157 341 255 397 251
247 97 154 296 205
462 172 321 349 270
26 336 193 114 184
59 152 77 204 348
229 169 370 156 238
461 458 325 180 442
15 187 444 304
163 357 100 494 9
182 1 51 415 69
224 487 13 219 409
287 85 362 183 53
246 239 117 493 72
2 234 24 86
206 453 302 136 161
476 191 236 417 337
256 58 253 437 151
364 401 89 228 267
192 492 207 456 66
363 133 131 235 418
309 109 277 483 61
359 55 295 346 75
157 341 255 397 251
247 97 154 296 205
462 172 321 349 270
26 336 193 114 184
59 152 77 204 348
229 169 370 156 238
461 458 325 180 442
15 187 444 304
396 320 288 472 425
163 357 100 494 9
182 1 51 415 69
224 487 13 219 409
287 85 362 183 53
246 239 117 493 72
2 234 24 86
206 453 302 136 161
476 191 236 417 337
256 58 253 437 151
364 401 89 228 267
192 492 207 456 66
363 133 131 235 418
309 109 277 483 61
359 55 295 346 75
157 341 255 397 251
247 97 154 296 205
462 172 321 349 270
26 336 193 114 184
59 152 77 204 348
229 169 370 156 238
461 458 325 180 442
15 187 444 304
396 320 288 472 425
135 144 146 435 195
163 357 100 494 9
182 1 51 415 69
224 487 13 219 409
287 85 362 183 53
246 239 117 493 72
2 234 24 86
206 453 302 136 161
476 191 236 417 337
256 58 253 437 151
364 401 89 228 267
192 492 207 456 66
363 133 131 235 418
309 109 277 483 61
359 55 295 346 75
157 341 255 397 251
247 97 154 296 205
462 172 321 349 270
26 336 193 114 184
59 152 77 204 348
229 169 370 156 238
461 458 325 180 442
15 187 444 304
396 320 288 472 425
135 144 146 435 195
37 226 416 91
163 357 100 494 9
182 1 51 415 69
224 487 13 219 409
287 85 362 183 53
246 239 117 493 72
2 234 24 86
206 453 302 136 161
476 191 236 417 337
256 58 253 437 151
364 401 89 228 267
192 492 207 456 66
363 133 131 235 418
309 109 277 483 61
359 55 295 346 75
157 341 255 397 251
247 97 154 296 205
462 172 321 349 270
26 336 193 114 184
59 152 77 204 348
229 169 370 156 238
461 458 325 180 442
15 187 444 304
396 320 288 472 425
135 144 146 435 195
37 226 416 91
414 81 202 106
163 357 100 494 9
182 1 51 415 69
224 487 13 219 409
287 85 362 183 53
246 239 117 493 72
2 234 24 86
206 453 302 136 161
476 191 236 417 337
256 58 253 437 151
364 401 89 228 267
192 492 207 456 66
363 133 131 235 418
309 109 277 483 61
359 55 295 346 75
157 341 255 397 251
247 97 154 296 205
462 172 321 349 270
26 336 193 114 184
59 152 77 204 348
229 169 370 156 238
461 458 325 180 442
15 187 444 304
396 320 288 472 425
135 144 146 435 195
37 226 416 91
414 81 202 106
378 338 459 99
163 357 100 494 9
182 1 51 415 69
224 487 13 219 409
287 85 362 183 53
246 239 117 493 72
2 234 24 86
206 453 302 136 161
476 191 236 417 337
256 58 253 437 151
364 401 89 228 267
192 492 207 456 66
363 133 131 235 418
309 109 277 483 61
359 55 295 346 75
157 341 255 397 251
247 97 154 296 205
462 172 321 349 270
26 336 193 114 184
59 152 77 204 348
229 169 370 156 238
461 458 325 180 442
15 187 444 304
396 320 288 472 425
135 144 146 435 195
37 226 416 91
414 81 202 106
378 338 459 99
71 216 298 443
163 357 100 494 9
182 1 51 415 69
224 487 13 219 409
287 85 362 183 53
246 239 117 493 72
2 234 24 86
206 453 302 136 161
476 191 236 417 337
256 58 253 437 151
364 401 89 228 267
192 492 207 456 66
363 133 131 235 418
309 109 277 483 61
359 55 295 346 75
157 341 255 397 251
247 97 154 296 205
462 172 321 349 270
26 336 193 114 184
59 152 77 204 348
229 169 370 156 238
461 458 325 180 442
15 187 444 304
396 320 288 472 425
135 144 146 435 195
37 226 416 91
414 81 202 106
378 338 459 99
71 216 298 443
380 210 165 252
163 357 100 494 9
182 1 51 415 69
224 487 13 219 409
287 85 362 183 53
246 239 117 493 72
2 234 24 86
206 453 302 136 161
476 191 236 417 337
256 58 253 437 151
364 401 89 228 267
192 492 207 456 66
363 133 131 235 418
309 109 277 483 61
359 55 295 346 75
157 341 255 397 251
247 97 154 296 205
462 172 321 349 270
26 336 193 114 184
59 152 77 204 348
229 169 370 156 238
461 458 325 180 442
15 187 444 304
396 320 288 472 425
135 144 146 435 195
37 226 416 91
414 81 202 106
378 338 459 99
71 216 298 443
380 210 165 252
465 281 446 21
163 357 100 494 9
182 1 51 415 69
224 487 13 219 409
287 85 362 183 53
246 239 117 493 72
2 234 24 86
206 453 302 136 161
476 191 236 417 337
256 58 253 437 151
364 401 89 228 267
192 492 207 456 66
363 133 131 235 418
309 109 277 483 61
359 55 295 346 75
157 341 255 397 251
247 97 154 296 205
462 172 321 349 270
26 336 193 114 184
59 152 77 204 348
229 169 370 156 238
461 458 325 180 442
15 187 444 304
396 320 288 472 425
135 144 146 435 195
37 226 416 91
414 81 202 106
378 338 459 99
71 216 298 443
380 210 165 252
465 281 446 21
28 139 402 421
163 357 100 494 9
182 1 51 415 69
224 487 13 219 409
287 85 362 183 53
246 239 117 493 72
2 234 24 86
206 453 302 136 161
476 191 236 417 337
256 58 253 437 151
364 401 89 228 267
192 492 207 456 66
363 133 131 235 418
309 109 277 483 61
359 55 295 346 75
157 341 255 397 251
247 97 154 296 205
462 172 321 349 270
26 336 193 114 184
59 152 77 204 348
229 169 370 156 238
461 458 325 180 442
15 187 444 304
396 320 288 472 425
135 144 146 435 195
37 226 416 91
414 81 202 106
378 338 459 99
71 216 298 443
380 210 165 252
465 281 446 21
28 139 402 421
178 353 324
163 357 100 494 9
182 1 51 415 69
224 487 13 219 409
287 85 362 183 53
246 239 117 493 72
2 234 24 86
206 453 302 136 161
476 191 236 417 337
256 58 253 437 151
364 401 89 228 267
192 492 207 456 66
363 133 131 235 418
309 109 277 483 61
359 55 295 346 75
157 341 255 397 251
247 97 154 296 205
462 172 321 349 270
26 336 193 114 184
59 152 77 204 348
229 169 370 156 238
461 458 325 180 442
15 187 444 304
396 320 288 472 425
135 144 146 435 195
37 226 416 91
414 81 202 106
378 338 459 99
71 216 298 443
380 210 165 252
465 281 446 21
28 139 402 421
178 353 324
83 54 141
163 357 100 494 9
182 1 51 415 69
224 487 13 219 409
287 85 362 183 53
246 239 117 493 72
2 234 24 86
206 453 302 136 161
476 191 236 417 337
256 58 253 437 151
364 401 89 228 267
192 492 207 456 66
363 133 131 235 418
309 109 277 483 61
359 55 295 346 75
157 341 255 397 251
247 97 154 296 205
462 172 321 349 270
26 336 193 114 184
59 152 77 204 348
229 169 370 156 238
461 458 325 180 442
15 187 444 304
396 320 288 472 425
135 144 146 435 195
37 226 416 91
414 81 202 106
378 338 459 99
71 216 298 443
380 210 165 252
465 281 446 21
28 139 402 421
178 353 324
83 54 141
233 18
163 357 100 494 9
182 1 51 415 69
224 487 13 219 409
287 85 362 183 53
246 239 117 493 72
2 234 24 86
206 453 302 136 161
476 191 236 417 337
256 58 253 437 151
364 401 89 228 267
192 492 207 456 66
363 133 131 235 418
309 109 277 483 61
359 55 295 346 75
157 341 255 397 251
247 97 154 296 205
462 172 321 349 270
26 336 193 114 184
59 152 77 204 348
229 169 370 156 238
461 458 325 180 442
15 187 444 304
396 320 288 472 425
135 144 146 435 195
37 226 416 91
414 81 202 106
378 338 459 99
71 216 298 443
380 210 165 252
465 281 446 21
28 139 402 421
178 353 324
83 54 141
233 18
347 374 290
163 357 100 494 9
182 1 51 415 69
224 487 13 219 409
287 85 362 183 53
246 239 117 493 72
2 234 24 86
206 453 302 136 161
476 191 236 417 337
256 58 253 437 151
364 401 89 228 267
192 492 207 456 66
363 133 131 235 418
309 109 277 483 61
359 55 295 346 75
157 341 255 397 251
247 97 154 296 205
462 172 321 349 270
26 336 193 114 184
59 152 77 204 348
229 169 370 156 238
461 458 325 180 442
15 187 444 304
396 320 288 472 425
135 144 146 435 195
37 226 416 91
414 81 202 106
378 338 459 99
71 216 298 443
380 210 165 252
465 281 446 21
28 139 402 421
178 353 324
83 54 141
233 18
347 374 290
377 372 334
163 357 100 494 9
182 1 51 415 69
224 487 13 219 409
287 85 362 183 53
246 239 117 493 72
2 234 24 86
206 453 302 136 161
476 191 236 417 337
256 58 253 437 151
364 401 89 228 267
192 492 207 456 66
363 133 131 235 418
309 109 277 483 61
359 55 295 346 75
157 341 255 397 251
247 97 154 296 205
462 172 321 349 270
26 336 193 114 184
59 152 77 204 348
229 169 370 156 238
461 458 325 180 442
15 187 444 304
396 320 288 472 425
135 144 146 435 195
37 226 416 91
414 81 202 106
378 338 459 99
71 216 298 443
380 210 165 252
465 281 446 21
28 139 402 421
178 353 324
83 54 141
233 18
347 374 290
377 372 334
8 162
163 357 100 494 9
182 1 51 415 69
224 487 13 219 409
287 85 362 183 53
246 239 117 493 72
2 234 24 86
206 453 302 136 161
476 191 236 417 337
256 58 253 437 151
364 401 89 228 267
192 492 207 456 66
363 133 131 235 418
309 109 277 483 61
359 55 295 346 75
157 341 255 397 251
247 97 154 296 205
462 172 321 349 270
26 336 193 114 184
59 152 77 204 348
229 169 370 156 238
461 458 325 180 442
15 187 444 304
396 320 288 472 425
135 144 146 435 195
37 226 416 91
414 81 202 106
378 338 459 99
71 216 298 443
380 210 165 252
465 281 446 21
28 139 402 421
178 353 324
83 54 141
233 18
347 374 290
377 372 334
8 162
176 282 273
163 357 100 494 9
182 1 51 415 69
224 487 13 219 409
287 85 362 183 53
246 239 117 493 72
2 234 24 86
206 453 302 136 161
476 191 236 417 337
256 58 253 437 151
364 401 89 228 267
192 492 207 456 66
363 133 131 235 418
309 109 277 483 61
359 55 295 346 75
157 341 255 397 251
247 97 154 296 205
462 172 321 349 270
26 336 193 114 184
59 152 77 204 348
229 169 370 156 238
461 458 325 180 442
15 187 444 304
396 320 288 472 425
135 144 146 435 195
37 226 416 91
414 81 202 106
378 338 459 99
71 216 298 443
380 210 165 252
465 281 446 21
28 139 402 421
178 353 324
83 54 141
233 18
347 374 290
377 372 334
8 162
176 282 273
283 299 96
163 357 100 494 9
182 1 51 415 69
224 487 13 219 409
287 85 362 183 53
246 239 117 493 72
2 234 24 86
206 453 302 136 161
476 191 236 417 337
256 58 253 437 151
364 401 89 228 267
192 492 207 456 66
363 133 131 235 418
309 109 277 483 61
359 55 295 346 75
157 341 255 397 251
247 97 154 296 205
462 172 321 349 270
26 336 193 114 184
59 152 77 204 348
229 169 370 156 238
461 458 325 180 442
15 187 444 304
396 320 288 472 425
135 144 146 435 195
37 226 416 91
414 81 202 106
378 338 459 99
71 216 298 443
380 210 165 252
465 281 446 21
28 139 402 421
178 353 324
83 54 141
233 18
347 374 290
377 372 334
8 162
176 282 273
283 299 96
104 471 140
163 357 100 494 9
182 1 51 415 69
224 487 13 219 409
287 85 362 183 53
246 239 117 493 72
2 234 24 86
206 453 302 136 161
476 191 236 417 337
256 58 253 437 151
364 401 89 228 267
192 492 207 456 66
363 133 131 235 418
309 109 277 483 61
359 55 295 346 75
157 341 255 397 251
247 97 154 296 205
462 172 321 349 270
26 336 193 114 184
59 152 77 204 348
229 169 370 156 238
461 458 325 180 442
15 187 444 304
396 320 288 472 425
135 144 146 435 195
37 226 416 91
414 81 202 106
378 338 459 99
71 216 298 443
380 210 165 252
465 281 446 21
28 139 402 421
178 353 324
83 54 141
233 18
347 374 290
377 372 334
8 162
176 282 273
283 299 96
104 471 140
145 484 485
163 357 100 494 9
182 1 51 415 69
224 487 13 219 409
287 85 362 183 53
246 239 117 493 72
2 234 24 86
206 453 302 136 161
476 191 236 417 337
256 58 253 437 151
364 401 89 228 267
192 492 207 456 66
363 133 131 235 418
309 109 277 483 61
359 55 295 346 75
157 341 255 397 251
247 97 154 296 205
462 172 321 349 270
26 336 193 114 184
59 152 77 204 348
229 169 370 156 238
461 458 325 180 442
15 187 444 304
396 320 288 472 425
135 144 146 435 195
37 226 416 91
414 81 202 106
378 338 459 99
71 216 298 443
380 210 165 252
465 281 446 21
28 139 402 421
178 353 324
83 54 141
233 18
347 374 290
377 372 334
8 162
176 282 273
283 299 96
104 471 140
145 484 485
464 328 489
163 357 100 494 9
182 1 51 415 69
224 487 13 219 409
287 85 362 183 53
246 239 117 493 72
2 234 24 86
206 453 302 136 161
476 191 236 417 337
256 58 253 437 151
364 401 89 228 267
192 492 207 456 66
363 133 131 235 418
309 109 277 483 61
359 55 295 346 75
157 341 255 397 251
247 97 154 296 205
462 172 321 349 270
26 336 193 114 184
59 152 77 204 348
229 169 370 156 238
461 458 325 180 442
15 187 444 304
396 320 288 472 425
135 144 146 435 195
37 226 416 91
414 81 202 106
378 338 459 99
71 216 298 443
380 210 165 252
465 281 446 21
28 139 402 421
178 353 324
83 54 141
233 18
347 374 290
377 372 334
8 162
176 282 273
283 299 96
104 471 140
145 484 485
464 328 489
221 102 479
163 357 100 494 9
182 1 51 415 69
224 487 13 219 409
287 85 362 183 53
246 239 117 493 72
2 234 24 86
206 453 302 136 161
476 191 236 417 337
256 58 253 437 151
364 401 89 228 267
192 492 207 456 66
363 133 131 235 418
309 109 277 483 61
359 55 295 346 75
157 341 255 397 251
247 97 154 296 205
462 172 321 349 270
26 336 193 114 184
59 152 77 204 348
229 169 370 156 238
461 458 325 180 442
15 187 444 304
396 320 288 472 425
135 144 146 435 195
37 226 416 91
414 81 202 106
378 338 459 99
71 216 298 443
380 210 165 252
465 281 446 21
28 139 402 421
178 353 324
83 54 141
233 18
347 374 290
377 372 334
8 162
176 282 273
283 299 96
104 471 140
145 484 485
464 328 489
221 102 479
475 27
163 357 100 494 9
182 1 51 415 69
224 487 13 219 409
287 85 362 183 53
246 239 117 493 72
2 234 24 86
206 453 302 136 161
476 191 236 417 337
256 58 253 437 151
364 401 89 228 267
192 492 207 456 66
363 133 131 235 418
309 109 277 483 61
359 55 295 346 75
157 341 255 397 251
247 97 154 296 205
462 172 321 349 270
26 336 193 114 184
59 152 77 204 348
229 169 370 156 238
461 458 325 180 442
15 187 444 304
396 320 288 472 425
135 144 146 435 195
37 226 416 91
414 81 202 106
378 338 459 99
71 216 298 443
380 210 165 252
465 281 446 21
28 139 402 421
178 353 324
83 54 141
233 18
347 374 290
377 372 334
8 162
176 282 273
283 299 96
104 471 140
145 484 485
464 328 489
221 102 479
475 27
166 395
163 357 100 494 9
182 1 51 415 69
224 487 13 219 409
287 85 362 183 53
246 239 117 493 72
2 234 24 86
206 453 302 136 161
476 191 236 417 337
256 58 253 437 151
364 401 89 228 267
192 492 207 456 66
363 133 131 235 418
309 109 277 483 61
359 55 295 346 75
157 341 255 397 251
247 97 154 296 205
462 172 321 349 270
26 336 193 114 184
59 152 77 204 348
229 169 370 156 238
461 458 325 180 442
15 187 444 304
396 320 288 472 425
135 144 146 435 195
37 226 416 91
414 81 202 106
378 338 459 99
71 216 298 443
380 210 165 252
465 281 446 21
28 139 402 421
178 353 324
83 54 141
233 18
347 374 290
377 372 334
8 162
176 282 273
283 299 96
104 471 140
145 484 485
464 328 489
221 102 479
475 27
166 395
306 495
163 357 100 494 9
182 1 51 415 69
224 487 13 219 409
287 85 362 183 53
246 239 117 493 72
2 234 24 86
206 453 302 136 161
476 191 236 417 337
256 58 253 437 151
364 401 89 228 267
192 492 207 456 66
363 133 131 235 418
309 109 277 483 61
359 55 295 346 75
157 341 255 397 251
247 97 154 296 205
462 172 321 349 270
26 336 193 114 184
59 152 77 204 348
229 169 370 156 238
461 458 325 180 442
15 187 444 304
396 320 288 472 425
135 144 146 435 195
37 226 416 91
414 81 202 106
378 338 459 99
71 216 298 443
380 210 165 252
465 281 446 21
28 139 402 421
178 353 324
83 54 141
233 18
347 374 290
377 372 334
8 162
176 282 273
283 299 96
104 471 140
145 484 485
464 328 489
221 102 479
475 27
166 395
306 495
112 428
163 357 100 494 9
182 1 51 415 69
224 487 13 219 409
287 85 362 183 53
246 239 117 493 72
2 234 24 86
206 453 302 136 161
476 191 236 417 337
256 58 253 437 151
364 401 89 228 267
192 492 207 456 66
363 133 131 235 418
309 109 277 483 61
359 55 295 346 75
157 341 255 397 251
247 97 154 296 205
462 172 321 349 270
26 336 193 114 184
59 152 77 204 348
229 169 370 156 238
461 458 325 180 442
15 187 444 304
396 320 288 472 425
135 144 146 435 195
37 226 416 91
414 81 202 106
378 338 459 99
71 216 298 443
380 210 165 252
465 281 446 21
28 139 402 421
178 353 324
83 54 141
233 18
347 374 290
377 372 334
8 162
176 282 273
283 299 96
104 471 140
145 484 485
464 328 489
221 102 479
475 27
166 395
306 495
112 428
427 388
163 357 100 494 9
182 1 51 415 69
224 487 13 219 409
287 85 362 183 53
246 239 117 493 72
2 234 24 86
206 453 302 136 161
476 191 236 417 337
256 58 253 437 151
364 401 89 228 267
192 492 207 456 66
363 133 131 235 418
309 109 277 483 61
359 55 295 346 75
157 341 255 397 251
247 97 154 296 205
462 172 321 349 270
26 336 193 114 184
59 152 77 204 348
229 169 370 156 238
461 458 325 180 442
15 187 444 304
396 320 288 472 425
135 144 146 435 195
37 226 416 91
414 81 202 106
378 338 459 99
71 216 298 443
380 210 165 252
465 281 446 21
28 139 402 421
178 353 324
83 54 141
233 18
347 374 290
377 372 334
8 162
176 282 273
283 299 96
104 471 140
145 484 485
464 328 489
221 102 479
475 27
166 395
306 495
112 428
427 388
31 265
163 357 100 494 9
182 1 51 415 69
224 487 13 219 409
287 85 362 183 53
246 239 117 493 72
2 234 24 86
206 453 302 136 161
476 191 236 417 337
256 58 253 437 151
364 401 89 228 267
192 492 207 456 66
363 133 131 235 418
309 109 277 483 61
359 55 295 346 75
157 341 255 397 251
247 97 154 296 205
462 172 321 349 270
26 336 193 114 184
59 152 77 204 348
229 169 370 156 238
461 458 325 180 442
15 187 444 304
396 320 288 472 425
135 144 146 435 195
37 226 416 91
414 81 202 106
378 338 459 99
71 216 298 443
380 210 165 252
465 281 446 21
28 139 402 421
178 353 324
83 54 141
233 18
347 374 290
377 372 334
8 162
176 282 273
283 299 96
104 471 140
145 484 485
464 328 489
221 102 479
475 27
166 395
306 495
112 428
427 388
31 265
307 194
163 357 100 494 9
182 1 51 415 69
224 487 13 219 409
287 85 362 183 53
246 239 117 493 72
2 234 24 86
206 453 302 136 161
476 191 236 417 337
256 58 253 437 151
364 401 89 228 267
192 492 207 456 66
363 133 131 235 418
309 109 277 483 61
359 55 295 346 75
157 341 255 397 251
247 97 154 296 205
462 172 321 349 270
26 336 193 114 184
59 152 77 204 348
229 169 370 156 238
461 458 325 180 442
15 187 444 304
396 320 288 472 425
135 144 146 435 195
37 226 416 91
414 81 202 106
378 338 459 99
71 216 298 443
380 210 165 252
465 281 446 21
28 139 402 421
178 353 324
83 54 141
233 18
347 374 290
377 372 334
8 162
176 282 273
283 299 96
104 471 140
145 484 485
464 328 489
221 102 479
475 27
166 395
306 495
112 428
427 388
31 265
307 194
118 186
163 357 100 494 9
182 1 51 415 69
224 487 13 219 409
287 85 362 183 53
246 239 117 493 72
2 234 24 86
206 453 302 136 161
476 191 236 417 337
256 58 253 437 151
364 401 89 228 267
192 492 207 456 66
363 133 131 235 418
309 109 277 483 61
359 55 295 346 75
157 341 255 397 251
247 97 154 296 205
462 172 321 349 270
26 336 193 114 184
59 152 77 204 348
229 169 370 156 238
461 458 325 180 442
15 187 444 304
396 320 288 472 425
135 144 146 435 195
37 226 416 91
414 81 202 106
378 338 459 99
71 216 298 443
380 210 165 252
465 281 446 21
28 139 402 421
178 353 324
83 54 141
233 18
347 374 290
377 372 334
8 162
176 282 273
283 299 96
104 471 140
145 484 485
464 328 489
221 102 479
475 27
166 395
306 495
112 428
427 388
31 265
307 194
118 186
240 137
163 357 100 494 9
182 1 51 415 69
224 487 13 219 409
287 85 362 183 53
246 239 117 493 72
2 234 24 86
206 453 302 136 161
476 191 236 417 337
256 58 253 437 151
364 401 89 228 267
192 492 207 456 66
363 133 131 235 418
309 109 277 483 61
359 55 295 346 75
157 341 255 397 251
247 97 154 296 205
462 172 321 349 270
26 336 193 114 184
59 152 77 204 348
229 169 370 156 238
461 458 325 180 442
15 187 444 304
396 320 288 472 425
135 144 146 435 195
37 226 416 91
414 81 202 106
378 338 459 99
71 216 298 443
380 210 165 252
465 281 446 21
28 139 402 421
178 353 324
83 54 141
233 18
347 374 290
377 372 334
8 162
176 282 273
283 299 96
104 471 140
145 484 485
464 328 489
221 102 479
475 27
166 395
306 495
112 428
427 388
31 265
307 194
118 186
240 137
160 62
163 357 100 494 9
182 1 51 415 69
224 487 13 219 409
287 85 362 183 53
246 239 117 493 72
2 234 24 86
206 453 302 136 161
476 191 236 417 337
256 58 253 437 151
364 401 89 228 267
192 492 207 456 66
363 133 131 235 418
309 109 277 483 61
359 55 295 346 75
157 341 255 397 251
247 97 154 296 205
462 172 321 349 270
26 336 193 114 184
59 152 77 204 348
229 169 370 156 238
461 458 325 180 442
15 187 444 304
396 320 288 472 425
135 144 146 435 195
37 226 416 91
414 81 202 106
378 338 459 99
71 216 298 443
380 210 165 252
465 281 446 21
28 139 402 421
178 353 324
83 54 141
233 18
347 374 290
377 372 334
8 162
176 282 273
283 299 96
104 471 140
145 484 485
464 328 489
221 102 479
475 27
166 395
306 495
112 428
427 388
31 265
307 194
118 186
240 137
160 62
95 312
163 357 100 494 9
182 1 51 415 69
224 487 13 219 409
287 85 362 183 53
246 239 117 493 72
2 234 24 86
206 453 302 136 161
476 191 236 417 337
256 58 253 437 151
364 401 89 228 267
192 492 207 456 66
363 133 131 235 418
309 109 277 483 61
359 55 295 346 75
157 341 255 397 251
247 97 154 296 205
462 172 321 349 270
26 336 193 114 184
59 152 77 204 348
229 169 370 156 238
461 458 325 180 442
15 187 444 304
396 320 288 472 425
135 144 146 435 195
37 226 416 91
414 81 202 106
378 338 459 99
71 216 298 443
380 210 165 252
465 281 446 21
28 139 402 421
178 353 324
83 54 141
233 18
347 374 290
377 372 334
8 162
176 282 273
283 299 96
104 471 140
145 484 485
464 328 489
221 102 479
475 27
166 395
306 495
112 428
427 388
31 265
307 194
118 186
240 137
160 62
95 312
420 225
163 357 100 494 9
182 1 51 415 69
224 487 13 219 409
287 85 362 183 53
246 239 117 493 72
2 234 24 86
206 453 302 136 161
476 191 236 417 337
256 58 253 437 151
364 401 89 228 267
192 492 207 456 66
363 133 131 235 418
309 109 277 483 61
359 55 295 346 75
157 341 255 397 251
247 97 154 296 205
462 172 321 349 270
26 336 193 114 184
59 152 77 204 348
229 169 370 156 238
461 458 325 180 442
15 187 444 304
396 320 288 472 425
135 144 146 435 195
37 226 416 91
414 81 202 106
378 338 459 99
71 216 298 443
380 210 165 252
465 281 446 21
28 139 402 421
178 353 324
83 54 141
233 18
347 374 290
377 372 334
8 162
176 282 273
283 299 96
104 471 140
145 484 485
464 328 489
221 102 479
475 27
166 395
306 495
112 428
427 388
31 265
307 194
118 186
240 137
160 62
95 312
420 225
391 452
