224 398 158 286 381
271 251 179 170 128
287 253 396 234 275
37 6 175 302 83
361 252 194 129 47
399 7 21 223 235
244 266 320 352 243
270 103 45 125 199
231 392 152 208 124
299 67 163 64 389
4 227 395 39 15
371 29 354 301 9
169 112 100 54 343
311 274 339 86 72
385 326 359 330 200
196 184 168 145 298
387 281 335 379 1
102 230 332 174 382
247 328 123 143 327
181 225 362 96 278
120 288 197 46 164
127 85 71 90 48
33 104 312 309 133
180 87 283 249 89
50 375 167 13 394
228 148 153 356 293
198 135 245 273 34
195 319 324 44 297
69 209 237 173 11
348 3 264 261 30
155 57 378 28 308
349 84 260 70 75
130 316 256 207 248
147 307 66 377 151
106 380 285 182 188
333 368 269 191 132
119 376 63 202 185
201 220 345 353 131
58 183 347 56 114
110 383 390 305 213
258 276 222 157 337
241 246 212 365 206
187 18 303 101 323
263 331 279 295 304
49 55 351 190 300
265 204 272 290 5
218 314 156 52 397
277 36 280 139 16
360 154 262 115 341
146 384 239 94
