188 169 12 281 160
483 416 159 453 326
476 480 273 266 292
132 413 143 277 35
174 491 308 113 240
21 220 420 440 156
402 311 114 247 348
260 493 279 289 447
151 152 232 83 285
291 189 356 351 317
487 360 432 6 439
337 70 208 154 170
162 441 486 392 423
127 205 118 144 297
98 366 24 129 1
155 105 287 489 452
19 465 63 119 254
458 446 112 233 62
267 3 442 116 184
131 387 223 121 290
331 253 398 126 148
16 137 77 283 136
180 336 176 222 10
191 227 270 385 306
96 341 443 433 177
405 448 216 376 212
179 47 344 377 9
368 431 384 320 314
310 30 218 95 437
146 382 187 171 438
190 210 284 67 359
111 204 138 195 110
444 58 17 286 65
120 40 106 375 192
142 386 39 125 82
0 345 2 296 249
200 393 139 342 231
140 107 185 5 206
468 379 244 265 412
383 409 496 234 245
226 472 252 18 275
456 196 499 87 145
109 334 93 436 134
69 203 89 482 278
369 488 150 224 401
15 484 158 276 304
250 228 274 295 4
313 454 459 349 84
157 365 346 354 282
264 411 374 235 8
