72 426 43 478 425
72 426 43 478 425
23 89 486 451 160
72 426 43 478 425
23 89 486 451 160
417 356 282 112 333
72 426 43 478 425
23 89 486 451 160
417 356 282 112 333
441 275 267 368 419
72 426 43 478 425
23 89 486 451 160
417 356 282 112 333
441 275 267 368 419
487 292 131 55 41
72 426 43 478 425
23 89 486 451 160
417 356 282 112 333
441 275 267 368 419
487 292 131 55 41
299 93 16 92 85
72 426 43 478 425
23 89 486 451 160
417 356 282 112 333
441 275 267 368 419
487 292 131 55 41
299 93 16 92 85
116 400 117 140 253
72 426 43 478 425
23 89 486 451 160
417 356 282 112 333
441 275 267 368 419
487 292 131 55 41
299 93 16 92 85
116 400 117 140 253
271 410 447 289 20
72 426 43 478 425
23 89 486 451 160
417 356 282 112 333
441 275 267 368 419
487 292 131 55 41
299 93 16 92 85
116 400 117 140 253
271 410 447 289 20
154 120 493 122 255
72 426 43 478 425
23 89 486 451 160
417 356 282 112 333
441 275 267 368 419
487 292 131 55 41
299 93 16 92 85
116 400 117 140 253
271 410 447 289 20
154 120 493 122 255
9 98 94 36 70
72 426 43 478 425
23 89 486 451 160
417 356 282 112 333
441 275 267 368 419
487 292 131 55 41
299 93 16 92 85
116 400 117 140 253
271 410 447 289 20
154 120 493 122 255
9 98 94 36 70
424 215 175 413 83
72 426 43 478 425
23 89 486 451 160
417 356 282 112 333
441 275 267 368 419
487 292 131 55 41
299 93 16 92 85
116 400 117 140 253
271 410 447 289 20
154 120 493 122 255
9 98 94 36 70
424 215 175 413 83
145 466 162 470 293
72 426 43 478 425
23 89 486 451 160
417 356 282 112 333
441 275 267 368 419
487 292 131 55 41
299 93 16 92 85
116 400 117 140 253
271 410 447 289 20
154 120 493 122 255
9 98 94 36 70
424 215 175 413 83
145 466 162 470 293
159 32 298 335 139
72 426 43 478 425
23 89 486 451 160
417 356 282 112 333
441 275 267 368 419
487 292 131 55 41
299 93 16 92 85
116 400 117 140 253
271 410 447 289 20
154 120 493 122 255
9 98 94 36 70
424 215 175 413 83
145 466 162 470 293
159 32 298 335 139
284 399 432 378 393
72 426 43 478 425
23 89 486 451 160
417 356 282 112 333
441 275 267 368 419
487 292 131 55 41
299 93 16 92 85
116 400 117 140 253
271 410 447 289 20
154 120 493 122 255
9 98 94 36 70
424 215 175 413 83
145 466 162 470 293
159 32 298 335 139
284 399 432 378 393
182 149 338 127 285
72 426 43 478 425
23 89 486 451 160
417 356 282 112 333
441 275 267 368 419
487 292 131 55 41
299 93 16 92 85
116 400 117 140 253
271 410 447 289 20
154 120 493 122 255
9 98 94 36 70
424 215 175 413 83
145 466 162 470 293
159 32 298 335 139
284 399 432 378 393
182 149 338 127 285
101 45 63 246 449
72 426 43 478 425
23 89 486 451 160
417 356 282 112 333
441 275 267 368 419
487 292 131 55 41
299 93 16 92 85
116 400 117 140 253
271 410 447 289 20
154 120 493 122 255
9 98 94 36 70
424 215 175 413 83
145 466 162 470 293
159 32 298 335 139
284 399 432 378 393
182 149 338 127 285
101 45 63 246 449
171 144 321 384 79
72 426 43 478 425
23 89 486 451 160
417 356 282 112 333
441 275 267 368 419
487 292 131 55 41
299 93 16 92 85
116 400 117 140 253
271 410 447 289 20
154 120 493 122 255
9 98 94 36 70
424 215 175 413 83
145 466 162 470 293
159 32 298 335 139
284 399 432 378 393
182 149 338 127 285
101 45 63 246 449
171 144 321 384 79
306 68 125 49 210
72 426 43 478 425
23 89 486 451 160
417 356 282 112 333
441 275 267 368 419
487 292 131 55 41
299 93 16 92 85
116 400 117 140 253
271 410 447 289 20
154 120 493 122 255
9 98 94 36 70
424 215 175 413 83
145 466 162 470 293
159 32 298 335 139
284 399 432 378 393
182 149 338 127 285
101 45 63 246 449
171 144 321 384 79
306 68 125 49 210
264 57 227 97 126
72 426 43 478 425
23 89 486 451 160
417 356 282 112 333
441 275 267 368 419
487 292 131 55 41
299 93 16 92 85
116 400 117 140 253
271 410 447 289 20
154 120 493 122 255
9 98 94 36 70
424 215 175 413 83
145 466 162 470 293
159 32 298 335 139
284 399 432 378 393
182 149 338 127 285
101 45 63 246 449
171 144 321 384 79
306 68 125 49 210
264 57 227 97 126
471 387 61 34 381
72 426 43 478 425
23 89 486 451 160
417 356 282 112 333
441 275 267 368 419
487 292 131 55 41
299 93 16 92 85
116 400 117 140 253
271 410 447 289 20
154 120 493 122 255
9 98 94 36 70
424 215 175 413 83
145 466 162 470 293
159 32 298 335 139
284 399 432 378 393
182 149 338 127 285
101 45 63 246 449
171 144 321 384 79
306 68 125 49 210
264 57 227 97 126
471 387 61 34 381
323 430 457 415 311
72 426 43 478 425
23 89 486 451 160
417 356 282 112 333
441 275 267 368 419
487 292 131 55 41
299 93 16 92 85
116 400 117 140 253
271 410 447 289 20
154 120 493 122 255
9 98 94 36 70
424 215 175 413 83
145 466 162 470 293
159 32 298 335 139
284 399 432 378 393
182 149 338 127 285
101 45 63 246 449
171 144 321 384 79
306 68 125 49 210
264 57 227 97 126
471 387 61 34 381
323 430 457 415 311
397 223 467 165 325
72 426 43 478 425
23 89 486 451 160
417 356 282 112 333
441 275 267 368 419
487 292 131 55 41
299 93 16 92 85
116 400 117 140 253
271 410 447 289 20
154 120 493 122 255
9 98 94 36 70
424 215 175 413 83
145 466 162 470 293
159 32 298 335 139
284 399 432 378 393
182 149 338 127 285
101 45 63 246 449
171 144 321 384 79
306 68 125 49 210
264 57 227 97 126
471 387 61 34 381
323 430 457 415 311
397 223 467 165 325
305 221 19 262 124
72 426 43 478 425
23 89 486 451 160
417 356 282 112 333
441 275 267 368 419
487 292 131 55 41
299 93 16 92 85
116 400 117 140 253
271 410 447 289 20
154 120 493 122 255
9 98 94 36 70
424 215 175 413 83
145 466 162 470 293
159 32 298 335 139
284 399 432 378 393
182 149 338 127 285
101 45 63 246 449
171 144 321 384 79
306 68 125 49 210
264 57 227 97 126
471 387 61 34 381
323 430 457 415 311
397 223 467 165 325
305 221 19 262 124
212 277 129 385 214
72 426 43 478 425
23 89 486 451 160
417 356 282 112 333
441 275 267 368 419
487 292 131 55 41
299 93 16 92 85
116 400 117 140 253
271 410 447 289 20
154 120 493 122 255
9 98 94 36 70
424 215 175 413 83
145 466 162 470 293
159 32 298 335 139
284 399 432 378 393
182 149 338 127 285
101 45 63 246 449
171 144 321 384 79
306 68 125 49 210
264 57 227 97 126
471 387 61 34 381
323 430 457 415 311
397 223 467 165 325
305 221 19 262 124
212 277 129 385 214
445 111 439 27 62
72 426 43 478 425
23 89 486 451 160
417 356 282 112 333
441 275 267 368 419
487 292 131 55 41
299 93 16 92 85
116 400 117 140 253
271 410 447 289 20
154 120 493 122 255
9 98 94 36 70
424 215 175 413 83
145 466 162 470 293
159 32 298 335 139
284 399 432 378 393
182 149 338 127 285
101 45 63 246 449
171 144 321 384 79
306 68 125 49 210
264 57 227 97 126
471 387 61 34 381
323 430 457 415 311
397 223 467 165 325
305 221 19 262 124
212 277 129 385 214
445 111 439 27 62
195 423 102 148 7
72 426 43 478 425
23 89 486 451 160
417 356 282 112 333
441 275 267 368 419
487 292 131 55 41
299 93 16 92 85
116 400 117 140 253
271 410 447 289 20
154 120 493 122 255
9 98 94 36 70
424 215 175 413 83
145 466 162 470 293
159 32 298 335 139
284 399 432 378 393
182 149 338 127 285
101 45 63 246 449
171 144 321 384 79
306 68 125 49 210
264 57 227 97 126
471 387 61 34 381
323 430 457 415 311
397 223 467 165 325
305 221 19 262 124
212 277 129 385 214
445 111 439 27 62
195 423 102 148 7
416 263 474 278 207
72 426 43 478 425
23 89 486 451 160
417 356 282 112 333
441 275 267 368 419
487 292 131 55 41
299 93 16 92 85
116 400 117 140 253
271 410 447 289 20
154 120 493 122 255
9 98 94 36 70
424 215 175 413 83
145 466 162 470 293
159 32 298 335 139
284 399 432 378 393
182 149 338 127 285
101 45 63 246 449
171 144 321 384 79
306 68 125 49 210
264 57 227 97 126
471 387 61 34 381
323 430 457 415 311
397 223 467 165 325
305 221 19 262 124
212 277 129 385 214
445 111 439 27 62
195 423 102 148 7
416 263 474 278 207
31 479 81 142 304
72 426 43 478 425
23 89 486 451 160
417 356 282 112 333
441 275 267 368 419
487 292 131 55 41
299 93 16 92 85
116 400 117 140 253
271 410 447 289 20
154 120 493 122 255
9 98 94 36 70
424 215 175 413 83
145 466 162 470 293
159 32 298 335 139
284 399 432 378 393
182 149 338 127 285
101 45 63 246 449
171 144 321 384 79
306 68 125 49 210
264 57 227 97 126
471 387 61 34 381
323 430 457 415 311
397 223 467 165 325
305 221 19 262 124
212 277 129 385 214
445 111 439 27 62
195 423 102 148 7
416 263 474 278 207
31 479 81 142 304
436 46 261 87 254
72 426 43 478 425
23 89 486 451 160
417 356 282 112 333
441 275 267 368 419
487 292 131 55 41
299 93 16 92 85
116 400 117 140 253
271 410 447 289 20
154 120 493 122 255
9 98 94 36 70
424 215 175 413 83
145 466 162 470 293
159 32 298 335 139
284 399 432 378 393
182 149 338 127 285
101 45 63 246 449
171 144 321 384 79
306 68 125 49 210
264 57 227 97 126
471 387 61 34 381
323 430 457 415 311
397 223 467 165 325
305 221 19 262 124
212 277 129 385 214
445 111 439 27 62
195 423 102 148 7
416 263 474 278 207
31 479 81 142 304
436 46 261 87 254
201 108 187 265 258
72 426 43 478 425
23 89 486 451 160
417 356 282 112 333
441 275 267 368 419
487 292 131 55 41
299 93 16 92 85
116 400 117 140 253
271 410 447 289 20
154 120 493 122 255
9 98 94 36 70
424 215 175 413 83
145 466 162 470 293
159 32 298 335 139
284 399 432 378 393
182 149 338 127 285
101 45 63 246 449
171 144 321 384 79
306 68 125 49 210
264 57 227 97 126
471 387 61 34 381
323 430 457 415 311
397 223 467 165 325
305 221 19 262 124
212 277 129 385 214
445 111 439 27 62
195 423 102 148 7
416 263 474 278 207
31 479 81 142 304
436 46 261 87 254
201 108 187 265 258
96 301 319 137 336
72 426 43 478 425
23 89 486 451 160
417 356 282 112 333
441 275 267 368 419
487 292 131 55 41
299 93 16 92 85
116 400 117 140 253
271 410 447 289 20
154 120 493 122 255
9 98 94 36 70
424 215 175 413 83
145 466 162 470 293
159 32 298 335 139
284 399 432 378 393
182 149 338 127 285
101 45 63 246 449
171 144 321 384 79
306 68 125 49 210
264 57 227 97 126
471 387 61 34 381
323 430 457 415 311
397 223 467 165 325
305 221 19 262 124
212 277 129 385 214
445 111 439 27 62
195 423 102 148 7
416 263 474 278 207
31 479 81 142 304
436 46 261 87 254
201 108 187 265 258
96 301 319 137 336
437 132 362 135 266
72 426 43 478 425
23 89 486 451 160
417 356 282 112 333
441 275 267 368 419
487 292 131 55 41
299 93 16 92 85
116 400 117 140 253
271 410 447 289 20
154 120 493 122 255
9 98 94 36 70
424 215 175 413 83
145 466 162 470 293
159 32 298 335 139
284 399 432 378 393
182 149 338 127 285
101 45 63 246 449
171 144 321 384 79
306 68 125 49 210
264 57 227 97 126
471 387 61 34 381
323 430 457 415 311
397 223 467 165 325
305 221 19 262 124
212 277 129 385 214
445 111 439 27 62
195 423 102 148 7
416 263 474 278 207
31 479 81 142 304
436 46 261 87 254
201 108 187 265 258
96 301 319 137 336
437 132 362 135 266
74 209 4 229 194
72 426 43 478 425
23 89 486 451 160
417 356 282 112 333
441 275 267 368 419
487 292 131 55 41
299 93 16 92 85
116 400 117 140 253
271 410 447 289 20
154 120 493 122 255
9 98 94 36 70
424 215 175 413 83
145 466 162 470 293
159 32 298 335 139
284 399 432 378 393
182 149 338 127 285
101 45 63 246 449
171 144 321 384 79
306 68 125 49 210
264 57 227 97 126
471 387 61 34 381
323 430 457 415 311
397 223 467 165 325
305 221 19 262 124
212 277 129 385 214
445 111 439 27 62
195 423 102 148 7
416 263 474 278 207
31 479 81 142 304
436 46 261 87 254
201 108 187 265 258
96 301 319 137 336
437 132 362 135 266
74 209 4 229 194
174 163 355 106 481
72 426 43 478 425
23 89 486 451 160
417 356 282 112 333
441 275 267 368 419
487 292 131 55 41
299 93 16 92 85
116 400 117 140 253
271 410 447 289 20
154 120 493 122 255
9 98 94 36 70
424 215 175 413 83
145 466 162 470 293
159 32 298 335 139
284 399 432 378 393
182 149 338 127 285
101 45 63 246 449
171 144 321 384 79
306 68 125 49 210
264 57 227 97 126
471 387 61 34 381
323 430 457 415 311
397 223 467 165 325
305 221 19 262 124
212 277 129 385 214
445 111 439 27 62
195 423 102 148 7
416 263 474 278 207
31 479 81 142 304
436 46 261 87 254
201 108 187 265 258
96 301 319 137 336
437 132 362 135 266
74 209 4 229 194
174 163 355 106 481
252 75 314 198 178
72 426 43 478 425
23 89 486 451 160
417 356 282 112 333
441 275 267 368 419
487 292 131 55 41
299 93 16 92 85
116 400 117 140 253
271 410 447 289 20
154 120 493 122 255
9 98 94 36 70
424 215 175 413 83
145 466 162 470 293
159 32 298 335 139
284 399 432 378 393
182 149 338 127 285
101 45 63 246 449
171 144 321 384 79
306 68 125 49 210
264 57 227 97 126
471 387 61 34 381
323 430 457 415 311
397 223 467 165 325
305 221 19 262 124
212 277 129 385 214
445 111 439 27 62
195 423 102 148 7
416 263 474 278 207
31 479 81 142 304
436 46 261 87 254
201 108 187 265 258
96 301 319 137 336
437 132 362 135 266
74 209 4 229 194
174 163 355 106 481
252 75 314 198 178
172 461 123 240 39
72 426 43 478 425
23 89 486 451 160
417 356 282 112 333
441 275 267 368 419
487 292 131 55 41
299 93 16 92 85
116 400 117 140 253
271 410 447 289 20
154 120 493 122 255
9 98 94 36 70
424 215 175 413 83
145 466 162 470 293
159 32 298 335 139
284 399 432 378 393
182 149 338 127 285
101 45 63 246 449
171 144 321 384 79
306 68 125 49 210
264 57 227 97 126
471 387 61 34 381
323 430 457 415 311
397 223 467 165 325
305 221 19 262 124
212 277 129 385 214
445 111 439 27 62
195 423 102 148 7
416 263 474 278 207
31 479 81 142 304
436 46 261 87 254
201 108 187 265 258
96 301 319 137 336
437 132 362 135 266
74 209 4 229 194
174 163 355 106 481
252 75 314 198 178
172 461 123 240 39
105 390 197 446 490
72 426 43 478 425
23 89 486 451 160
417 356 282 112 333
441 275 267 368 419
487 292 131 55 41
299 93 16 92 85
116 400 117 140 253
271 410 447 289 20
154 120 493 122 255
9 98 94 36 70
424 215 175 413 83
145 466 162 470 293
159 32 298 335 139
284 399 432 378 393
182 149 338 127 285
101 45 63 246 449
171 144 321 384 79
306 68 125 49 210
264 57 227 97 126
471 387 61 34 381
323 430 457 415 311
397 223 467 165 325
305 221 19 262 124
212 277 129 385 214
445 111 439 27 62
195 423 102 148 7
416 263 474 278 207
31 479 81 142 304
436 46 261 87 254
201 108 187 265 258
96 301 319 137 336
437 132 362 135 266
74 209 4 229 194
174 163 355 106 481
252 75 314 198 178
172 461 123 240 39
105 390 197 446 490
308 86 350 366 21
72 426 43 478 425
23 89 486 451 160
417 356 282 112 333
441 275 267 368 419
487 292 131 55 41
299 93 16 92 85
116 400 117 140 253
271 410 447 289 20
154 120 493 122 255
9 98 94 36 70
424 215 175 413 83
145 466 162 470 293
159 32 298 335 139
284 399 432 378 393
182 149 338 127 285
101 45 63 246 449
171 144 321 384 79
306 68 125 49 210
264 57 227 97 126
471 387 61 34 381
323 430 457 415 311
397 223 467 165 325
305 221 19 262 124
212 277 129 385 214
445 111 439 27 62
195 423 102 148 7
416 263 474 278 207
31 479 81 142 304
436 46 261 87 254
201 108 187 265 258
96 301 319 137 336
437 132 362 135 266
74 209 4 229 194
174 163 355 106 481
252 75 314 198 178
172 461 123 240 39
105 390 197 446 490
308 86 350 366 21
488 26 358 164 60
72 426 43 478 425
23 89 486 451 160
417 356 282 112 333
441 275 267 368 419
487 292 131 55 41
299 93 16 92 85
116 400 117 140 253
271 410 447 289 20
154 120 493 122 255
9 98 94 36 70
424 215 175 413 83
145 466 162 470 293
159 32 298 335 139
284 399 432 378 393
182 149 338 127 285
101 45 63 246 449
171 144 321 384 79
306 68 125 49 210
264 57 227 97 126
471 387 61 34 381
323 430 457 415 311
397 223 467 165 325
305 221 19 262 124
212 277 129 385 214
445 111 439 27 62
195 423 102 148 7
416 263 474 278 207
31 479 81 142 304
436 46 261 87 254
201 108 187 265 258
96 301 319 137 336
437 132 362 135 266
74 209 4 229 194
174 163 355 106 481
252 75 314 198 178
172 461 123 240 39
105 390 197 446 490
308 86 350 366 21
488 26 358 164 60
192 234 429 237 496
72 426 43 478 425
23 89 486 451 160
417 356 282 112 333
441 275 267 368 419
487 292 131 55 41
299 93 16 92 85
116 400 117 140 253
271 410 447 289 20
154 120 493 122 255
9 98 94 36 70
424 215 175 413 83
145 466 162 470 293
159 32 298 335 139
284 399 432 378 393
182 149 338 127 285
101 45 63 246 449
171 144 321 384 79
306 68 125 49 210
264 57 227 97 126
471 387 61 34 381
323 430 457 415 311
397 223 467 165 325
305 221 19 262 124
212 277 129 385 214
445 111 439 27 62
195 423 102 148 7
416 263 474 278 207
31 479 81 142 304
436 46 261 87 254
201 108 187 265 258
96 301 319 137 336
437 132 362 135 266
74 209 4 229 194
174 163 355 106 481
252 75 314 198 178
172 461 123 240 39
105 390 197 446 490
308 86 350 366 21
488 26 358 164 60
192 234 429 237 496
128 47 427 10 109
72 426 43 478 425
23 89 486 451 160
417 356 282 112 333
441 275 267 368 419
487 292 131 55 41
299 93 16 92 85
116 400 117 140 253
271 410 447 289 20
154 120 493 122 255
9 98 94 36 70
424 215 175 413 83
145 466 162 470 293
159 32 298 335 139
284 399 432 378 393
182 149 338 127 285
101 45 63 246 449
171 144 321 384 79
306 68 125 49 210
264 57 227 97 126
471 387 61 34 381
323 430 457 415 311
397 223 467 165 325
305 221 19 262 124
212 277 129 385 214
445 111 439 27 62
195 423 102 148 7
416 263 474 278 207
31 479 81 142 304
436 46 261 87 254
201 108 187 265 258
96 301 319 137 336
437 132 362 135 266
74 209 4 229 194
174 163 355 106 481
252 75 314 198 178
172 461 123 240 39
105 390 197 446 490
308 86 350 366 21
488 26 358 164 60
192 234 429 237 496
128 47 427 10 109
203 38 179 499 463
72 426 43 478 425
23 89 486 451 160
417 356 282 112 333
441 275 267 368 419
487 292 131 55 41
299 93 16 92 85
116 400 117 140 253
271 410 447 289 20
154 120 493 122 255
9 98 94 36 70
424 215 175 413 83
145 466 162 470 293
159 32 298 335 139
284 399 432 378 393
182 149 338 127 285
101 45 63 246 449
171 144 321 384 79
306 68 125 49 210
264 57 227 97 126
471 387 61 34 381
323 430 457 415 311
397 223 467 165 325
305 221 19 262 124
212 277 129 385 214
445 111 439 27 62
195 423 102 148 7
416 263 474 278 207
31 479 81 142 304
436 46 261 87 254
201 108 187 265 258
96 301 319 137 336
437 132 362 135 266
74 209 4 229 194
174 163 355 106 481
252 75 314 198 178
172 461 123 240 39
105 390 197 446 490
308 86 350 366 21
488 26 358 164 60
192 234 429 237 496
128 47 427 10 109
203 38 179 499 463
339 414 376 219 208
72 426 43 478 425
23 89 486 451 160
417 356 282 112 333
441 275 267 368 419
487 292 131 55 41
299 93 16 92 85
116 400 117 140 253
271 410 447 289 20
154 120 493 122 255
9 98 94 36 70
424 215 175 413 83
145 466 162 470 293
159 32 298 335 139
284 399 432 378 393
182 149 338 127 285
101 45 63 246 449
171 144 321 384 79
306 68 125 49 210
264 57 227 97 126
471 387 61 34 381
323 430 457 415 311
397 223 467 165 325
305 221 19 262 124
212 277 129 385 214
445 111 439 27 62
195 423 102 148 7
416 263 474 278 207
31 479 81 142 304
436 46 261 87 254
201 108 187 265 258
96 301 319 137 336
437 132 362 135 266
74 209 4 229 194
174 163 355 106 481
252 75 314 198 178
172 461 123 240 39
105 390 197 446 490
308 86 350 366 21
488 26 358 164 60
192 234 429 237 496
128 47 427 10 109
203 38 179 499 463
339 414 376 219 208
200 313 189 99 245
72 426 43 478 425
23 89 486 451 160
417 356 282 112 333
441 275 267 368 419
487 292 131 55 41
299 93 16 92 85
116 400 117 140 253
271 410 447 289 20
154 120 493 122 255
9 98 94 36 70
424 215 175 413 83
145 466 162 470 293
159 32 298 335 139
284 399 432 378 393
182 149 338 127 285
101 45 63 246 449
171 144 321 384 79
306 68 125 49 210
264 57 227 97 126
471 387 61 34 381
323 430 457 415 311
397 223 467 165 325
305 221 19 262 124
212 277 129 385 214
445 111 439 27 62
195 423 102 148 7
416 263 474 278 207
31 479 81 142 304
436 46 261 87 254
201 108 187 265 258
96 301 319 137 336
437 132 362 135 266
74 209 4 229 194
174 163 355 106 481
252 75 314 198 178
172 461 123 240 39
105 390 197 446 490
308 86 350 366 21
488 26 358 164 60
192 234 429 237 496
128 47 427 10 109
203 38 179 499 463
339 414 376 219 208
200 313 189 99 245
361 483 228 443 180
72 426 43 478 425
23 89 486 451 160
417 356 282 112 333
441 275 267 368 419
487 292 131 55 41
299 93 16 92 85
116 400 117 140 253
271 410 447 289 20
154 120 493 122 255
9 98 94 36 70
424 215 175 413 83
145 466 162 470 293
159 32 298 335 139
284 399 432 378 393
182 149 338 127 285
101 45 63 246 449
171 144 321 384 79
306 68 125 49 210
264 57 227 97 126
471 387 61 34 381
323 430 457 415 311
397 223 467 165 325
305 221 19 262 124
212 277 129 385 214
445 111 439 27 62
195 423 102 148 7
416 263 474 278 207
31 479 81 142 304
436 46 261 87 254
201 108 187 265 258
96 301 319 137 336
437 132 362 135 266
74 209 4 229 194
174 163 355 106 481
252 75 314 198 178
172 461 123 240 39
105 390 197 446 490
308 86 350 366 21
488 26 358 164 60
192 234 429 237 496
128 47 427 10 109
203 38 179 499 463
339 414 376 219 208
200 313 189 99 245
361 483 228 443 180
349 22 347 150 444
72 426 43 478 425
23 89 486 451 160
417 356 282 112 333
441 275 267 368 419
487 292 131 55 41
299 93 16 92 85
116 400 117 140 253
271 410 447 289 20
154 120 493 122 255
9 98 94 36 70
424 215 175 413 83
145 466 162 470 293
159 32 298 335 139
284 399 432 378 393
182 149 338 127 285
101 45 63 246 449
171 144 321 384 79
306 68 125 49 210
264 57 227 97 126
471 387 61 34 381
323 430 457 415 311
397 223 467 165 325
305 221 19 262 124
212 277 129 385 214
445 111 439 27 62
195 423 102 148 7
416 263 474 278 207
31 479 81 142 304
436 46 261 87 254
201 108 187 265 258
96 301 319 137 336
437 132 362 135 266
74 209 4 229 194
174 163 355 106 481
252 75 314 198 178
172 461 123 240 39
105 390 197 446 490
308 86 350 366 21
488 26 358 164 60
192 234 429 237 496
128 47 427 10 109
203 38 179 499 463
339 414 376 219 208
200 313 189 99 245
361 483 228 443 180
349 22 347 150 444
392 143 222 103 310
72 426 43 478 425
23 89 486 451 160
417 356 282 112 333
441 275 267 368 419
487 292 131 55 41
299 93 16 92 85
116 400 117 140 253
271 410 447 289 20
154 120 493 122 255
9 98 94 36 70
424 215 175 413 83
145 466 162 470 293
159 32 298 335 139
284 399 432 378 393
182 149 338 127 285
101 45 63 246 449
171 144 321 384 79
306 68 125 49 210
264 57 227 97 126
471 387 61 34 381
323 430 457 415 311
397 223 467 165 325
305 221 19 262 124
212 277 129 385 214
445 111 439 27 62
195 423 102 148 7
416 263 474 278 207
31 479 81 142 304
436 46 261 87 254
201 108 187 265 258
96 301 319 137 336
437 132 362 135 266
74 209 4 229 194
174 163 355 106 481
252 75 314 198 178
172 461 123 240 39
105 390 197 446 490
308 86 350 366 21
488 26 358 164 60
192 234 429 237 496
128 47 427 10 109
203 38 179 499 463
339 414 376 219 208
200 313 189 99 245
361 483 228 443 180
349 22 347 150 444
392 143 222 103 310
69 371 113 354 382
72 426 43 478 425
23 89 486 451 160
417 356 282 112 333
441 275 267 368 419
487 292 131 55 41
299 93 16 92 85
116 400 117 140 253
271 410 447 289 20
154 120 493 122 255
9 98 94 36 70
424 215 175 413 83
145 466 162 470 293
159 32 298 335 139
284 399 432 378 393
182 149 338 127 285
101 45 63 246 449
171 144 321 384 79
306 68 125 49 210
264 57 227 97 126
471 387 61 34 381
323 430 457 415 311
397 223 467 165 325
305 221 19 262 124
212 277 129 385 214
445 111 439 27 62
195 423 102 148 7
416 263 474 278 207
31 479 81 142 304
436 46 261 87 254
201 108 187 265 258
96 301 319 137 336
437 132 362 135 266
74 209 4 229 194
174 163 355 106 481
252 75 314 198 178
172 461 123 240 39
105 390 197 446 490
308 86 350 366 21
488 26 358 164 60
192 234 429 237 496
128 47 427 10 109
203 38 179 499 463
339 414 376 219 208
200 313 189 99 245
361 483 228 443 180
349 22 347 150 444
392 143 222 103 310
69 371 113 354 382
302 472 497 324 404
72 426 43 478 425
23 89 486 451 160
417 356 282 112 333
441 275 267 368 419
487 292 131 55 41
299 93 16 92 85
116 400 117 140 253
271 410 447 289 20
154 120 493 122 255
9 98 94 36 70
424 215 175 413 83
145 466 162 470 293
159 32 298 335 139
284 399 432 378 393
182 149 338 127 285
101 45 63 246 449
171 144 321 384 79
306 68 125 49 210
264 57 227 97 126
471 387 61 34 381
323 430 457 415 311
397 223 467 165 325
305 221 19 262 124
212 277 129 385 214
445 111 439 27 62
195 423 102 148 7
416 263 474 278 207
31 479 81 142 304
436 46 261 87 254
201 108 187 265 258
96 301 319 137 336
437 132 362 135 266
74 209 4 229 194
174 163 355 106 481
252 75 314 198 178
172 461 123 240 39
105 390 197 446 490
308 86 350 366 21
488 26 358 164 60
192 234 429 237 496
128 47 427 10 109
203 38 179 499 463
339 414 376 219 208
200 313 189 99 245
361 483 228 443 180
349 22 347 150 444
392 143 222 103 310
69 371 113 354 382
302 472 497 324 404
494 369 5 395 186
