452 296 202 264 400
217 323 4 386 368
464 29 105 3 422
196 341 300 343 73
370 383 226 168 289
197 59 275 418 285
453 261 111 332 222
307 186 8 210 124
134 435 398 241 7
299 444 477 366 356
177 100 360 497 25
67 294 482 98 49
372 236 55 490 334
194 409 468 445 481
484 135 152 170 442
454 278 150 209 436
302 467 216 313 5
65 344 149 342 402
406 434 290 184 154
131 271 437 325 74
53 246 281 374 363
35 242 499 201 239
362 274 159 38 224
480 375 230 28 353
60 336 214 345 206
376 413 68 62 333
151 212 20 429 193
136 449 87 423 380
355 107 487 371 382
19 125 133 31 441
412 81 205 215 340
260 117 430 165 330
130 440 470 394 178
189 408 474 85 416
70 328 316 188 459
211 399 238 475 109
314 63 282 160 240
40 245 172 94 174
139 36 57 471 326
72 255 187 349 34
267 318 126 41
1 403 122 208 361
492 303 23 232 387
243 266 465 329 421
0 297 32
439 108 364 321 220
199 396 476 144 69
483 312 123 293 114
317 9 99 359
251 447 253
17 155 305
16 103
