161 15 27 434 185
191 267 80 230 426
118 53 415 345 78
459 384 245 254 478
483 0 461 333 297
369 3 28 39 225
12 219 29 30 91
116 100 424 409 179
381 279 141 211 26
237 60 256 46 162
329 54 135 324 367
471 360 291 125 188
419 167 476 311 474
326 81 305 473 442
223 156 437 92 441
497 115 222 143 266
343 176 408 198 307
430 84 58 69 155
362 71 199 494 82
455 293 423 439 239
42 128 251 150 349
352 6 374 68 451
166 269 477 33 464
151 340 238 458 321
32 310 41 119 463
317 404 86 34 197
319 4 268 194 288
490 469 105 493 62
488 76 196 102 472
158 98 277 193 365
229 249 413 210 209
435 87 425 43 244
137 159 306 126 183
300 243 189 378 22
315 40 356 57 296
145 88 391 153 259
274 447 10 96 89
227 276 94 111 168
258 177 83 16 220
131 163 332 479 140
338 330 412 292 484
282 99 144 402 394
67 170 85 445 336
453 226 407 346 214
422 48 164 302 70
14 142 38 79 440
314 104 61 468 347
444 195 241 342 456
265 101 298 358 395
392 467 246 498 325
