413 374 112 295 320
413 374 112 295 320
313 241 87 457 443
413 374 112 295 320
313 241 87 457 443
13 447 280 90 417
413 374 112 295 320
313 241 87 457 443
13 447 280 90 417
0 201 424 316 32
413 374 112 295 320
313 241 87 457 443
13 447 280 90 417
0 201 424 316 32
12 290 53 261 120
413 374 112 295 320
313 241 87 457 443
13 447 280 90 417
0 201 424 316 32
12 290 53 261 120
245 348 200 158 177
413 374 112 295 320
313 241 87 457 443
13 447 280 90 417
0 201 424 316 32
12 290 53 261 120
245 348 200 158 177
480 365 77 238 386
413 374 112 295 320
313 241 87 457 443
13 447 280 90 417
0 201 424 316 32
12 290 53 261 120
245 348 200 158 177
480 365 77 238 386
163 436 35 482 268
413 374 112 295 320
313 241 87 457 443
13 447 280 90 417
0 201 424 316 32
12 290 53 261 120
245 348 200 158 177
480 365 77 238 386
163 436 35 482 268
146 23 204 46 165
413 374 112 295 320
313 241 87 457 443
13 447 280 90 417
0 201 424 316 32
12 290 53 261 120
245 348 200 158 177
480 365 77 238 386
163 436 35 482 268
146 23 204 46 165
351 95 141 24 287
413 374 112 295 320
313 241 87 457 443
13 447 280 90 417
0 201 424 316 32
12 290 53 261 120
245 348 200 158 177
480 365 77 238 386
163 436 35 482 268
146 23 204 46 165
351 95 141 24 287
91 251 21 292 73
413 374 112 295 320
313 241 87 457 443
13 447 280 90 417
0 201 424 316 32
12 290 53 261 120
245 348 200 158 177
480 365 77 238 386
163 436 35 482 268
146 23 204 46 165
351 95 141 24 287
91 251 21 292 73
162 282 129 278 494
413 374 112 295 320
313 241 87 457 443
13 447 280 90 417
0 201 424 316 32
12 290 53 261 120
245 348 200 158 177
480 365 77 238 386
163 436 35 482 268
146 23 204 46 165
351 95 141 24 287
91 251 21 292 73
162 282 129 278 494
235 373 341 29 349
413 374 112 295 320
313 241 87 457 443
13 447 280 90 417
0 201 424 316 32
12 290 53 261 120
245 348 200 158 177
480 365 77 238 386
163 436 35 482 268
146 23 204 46 165
351 95 141 24 287
91 251 21 292 73
162 282 129 278 494
235 373 341 29 349
488 114 237 199 274
413 374 112 295 320
313 241 87 457 443
13 447 280 90 417
0 201 424 316 32
12 290 53 261 120
245 348 200 158 177
480 365 77 238 386
163 436 35 482 268
146 23 204 46 165
351 95 141 24 287
91 251 21 292 73
162 282 129 278 494
235 373 341 29 349
488 114 237 199 274
408 369 362 92 491
413 374 112 295 320
313 241 87 457 443
13 447 280 90 417
0 201 424 316 32
12 290 53 261 120
245 348 200 158 177
480 365 77 238 386
163 436 35 482 268
146 23 204 46 165
351 95 141 24 287
91 251 21 292 73
162 282 129 278 494
235 373 341 29 349
488 114 237 199 274
408 369 362 92 491
423 186 231 17 181
413 374 112 295 320
313 241 87 457 443
13 447 280 90 417
0 201 424 316 32
12 290 53 261 120
245 348 200 158 177
480 365 77 238 386
163 436 35 482 268
146 23 204 46 165
351 95 141 24 287
91 251 21 292 73
162 282 129 278 494
235 373 341 29 349
488 114 237 199 274
408 369 362 92 491
423 186 231 17 181
50 498 466 229 396
413 374 112 295 320
313 241 87 457 443
13 447 280 90 417
0 201 424 316 32
12 290 53 261 120
245 348 200 158 177
480 365 77 238 386
163 436 35 482 268
146 23 204 46 165
351 95 141 24 287
91 251 21 292 73
162 282 129 278 494
235 373 341 29 349
488 114 237 199 274
408 369 362 92 491
423 186 231 17 181
50 498 466 229 396
410 202 117 208 107
413 374 112 295 320
313 241 87 457 443
13 447 280 90 417
0 201 424 316 32
12 290 53 261 120
245 348 200 158 177
480 365 77 238 386
163 436 35 482 268
146 23 204 46 165
351 95 141 24 287
91 251 21 292 73
162 282 129 278 494
235 373 341 29 349
488 114 237 199 274
408 369 362 92 491
423 186 231 17 181
50 498 466 229 396
410 202 117 208 107
123 196 97 332 206
413 374 112 295 320
313 241 87 457 443
13 447 280 90 417
0 201 424 316 32
12 290 53 261 120
245 348 200 158 177
480 365 77 238 386
163 436 35 482 268
146 23 204 46 165
351 95 141 24 287
91 251 21 292 73
162 282 129 278 494
235 373 341 29 349
488 114 237 199 274
408 369 362 92 491
423 186 231 17 181
50 498 466 229 396
410 202 117 208 107
123 196 97 332 206
219 79 492 437 115
413 374 112 295 320
313 241 87 457 443
13 447 280 90 417
0 201 424 316 32
12 290 53 261 120
245 348 200 158 177
480 365 77 238 386
163 436 35 482 268
146 23 204 46 165
351 95 141 24 287
91 251 21 292 73
162 282 129 278 494
235 373 341 29 349
488 114 237 199 274
408 369 362 92 491
423 186 231 17 181
50 498 466 229 396
410 202 117 208 107
123 196 97 332 206
219 79 492 437 115
464 144 109 88 478
413 374 112 295 320
313 241 87 457 443
13 447 280 90 417
0 201 424 316 32
12 290 53 261 120
245 348 200 158 177
480 365 77 238 386
163 436 35 482 268
146 23 204 46 165
351 95 141 24 287
91 251 21 292 73
162 282 129 278 494
235 373 341 29 349
488 114 237 199 274
408 369 362 92 491
423 186 231 17 181
50 498 466 229 396
410 202 117 208 107
123 196 97 332 206
219 79 492 437 115
464 144 109 88 478
311 448 190 432 489
413 374 112 295 320
313 241 87 457 443
13 447 280 90 417
0 201 424 316 32
12 290 53 261 120
245 348 200 158 177
480 365 77 238 386
163 436 35 482 268
146 23 204 46 165
351 95 141 24 287
91 251 21 292 73
162 282 129 278 494
235 373 341 29 349
488 114 237 199 274
408 369 362 92 491
423 186 231 17 181
50 498 466 229 396
410 202 117 208 107
123 196 97 332 206
219 79 492 437 115
464 144 109 88 478
311 448 190 432 489
242 132 397 463 329
413 374 112 295 320
313 241 87 457 443
13 447 280 90 417
0 201 424 316 32
12 290 53 261 120
245 348 200 158 177
480 365 77 238 386
163 436 35 482 268
146 23 204 46 165
351 95 141 24 287
91 251 21 292 73
162 282 129 278 494
235 373 341 29 349
488 114 237 199 274
408 369 362 92 491
423 186 231 17 181
50 498 466 229 396
410 202 117 208 107
123 196 97 332 206
219 79 492 437 115
464 144 109 88 478
311 448 190 432 489
242 132 397 463 329
5 312 471 36 222
413 374 112 295 320
313 241 87 457 443
13 447 280 90 417
0 201 424 316 32
12 290 53 261 120
245 348 200 158 177
480 365 77 238 386
163 436 35 482 268
146 23 204 46 165
351 95 141 24 287
91 251 21 292 73
162 282 129 278 494
235 373 341 29 349
488 114 237 199 274
408 369 362 92 491
423 186 231 17 181
50 498 466 229 396
410 202 117 208 107
123 196 97 332 206
219 79 492 437 115
464 144 109 88 478
311 448 190 432 489
242 132 397 463 329
5 312 471 36 222
401 249 66 435 375
413 374 112 295 320
313 241 87 457 443
13 447 280 90 417
0 201 424 316 32
12 290 53 261 120
245 348 200 158 177
480 365 77 238 386
163 436 35 482 268
146 23 204 46 165
351 95 141 24 287
91 251 21 292 73
162 282 129 278 494
235 373 341 29 349
488 114 237 199 274
408 369 362 92 491
423 186 231 17 181
50 498 466 229 396
410 202 117 208 107
123 196 97 332 206
219 79 492 437 115
464 144 109 88 478
311 448 190 432 489
242 132 397 463 329
5 312 471 36 222
401 249 66 435 375
328 490 69 257 271
413 374 112 295 320
313 241 87 457 443
13 447 280 90 417
0 201 424 316 32
12 290 53 261 120
245 348 200 158 177
480 365 77 238 386
163 436 35 482 268
146 23 204 46 165
351 95 141 24 287
91 251 21 292 73
162 282 129 278 494
235 373 341 29 349
488 114 237 199 274
408 369 362 92 491
423 186 231 17 181
50 498 466 229 396
410 202 117 208 107
123 196 97 332 206
219 79 492 437 115
464 144 109 88 478
311 448 190 432 489
242 132 397 463 329
5 312 471 36 222
401 249 66 435 375
328 490 69 257 271
370 309 253 434 213
413 374 112 295 320
313 241 87 457 443
13 447 280 90 417
0 201 424 316 32
12 290 53 261 120
245 348 200 158 177
480 365 77 238 386
163 436 35 482 268
146 23 204 46 165
351 95 141 24 287
91 251 21 292 73
162 282 129 278 494
235 373 341 29 349
488 114 237 199 274
408 369 362 92 491
423 186 231 17 181
50 498 466 229 396
410 202 117 208 107
123 196 97 332 206
219 79 492 437 115
464 144 109 88 478
311 448 190 432 489
242 132 397 463 329
5 312 471 36 222
401 249 66 435 375
328 490 69 257 271
370 309 253 434 213
38 93 103 26 197
413 374 112 295 320
313 241 87 457 443
13 447 280 90 417
0 201 424 316 32
12 290 53 261 120
245 348 200 158 177
480 365 77 238 386
163 436 35 482 268
146 23 204 46 165
351 95 141 24 287
91 251 21 292 73
162 282 129 278 494
235 373 341 29 349
488 114 237 199 274
408 369 362 92 491
423 186 231 17 181
50 498 466 229 396
410 202 117 208 107
123 196 97 332 206
219 79 492 437 115
464 144 109 88 478
311 448 190 432 489
242 132 397 463 329
5 312 471 36 222
401 249 66 435 375
328 490 69 257 271
370 309 253 434 213
38 93 103 26 197
6 346 335 409 184
413 374 112 295 320
313 241 87 457 443
13 447 280 90 417
0 201 424 316 32
12 290 53 261 120
245 348 200 158 177
480 365 77 238 386
163 436 35 482 268
146 23 204 46 165
351 95 141 24 287
91 251 21 292 73
162 282 129 278 494
235 373 341 29 349
488 114 237 199 274
408 369 362 92 491
423 186 231 17 181
50 498 466 229 396
410 202 117 208 107
123 196 97 332 206
219 79 492 437 115
464 144 109 88 478
311 448 190 432 489
242 132 397 463 329
5 312 471 36 222
401 249 66 435 375
328 490 69 257 271
370 309 253 434 213
38 93 103 26 197
6 346 335 409 184
170 361 159 493
413 374 112 295 320
313 241 87 457 443
13 447 280 90 417
0 201 424 316 32
12 290 53 261 120
245 348 200 158 177
480 365 77 238 386
163 436 35 482 268
146 23 204 46 165
351 95 141 24 287
91 251 21 292 73
162 282 129 278 494
235 373 341 29 349
488 114 237 199 274
408 369 362 92 491
423 186 231 17 181
50 498 466 229 396
410 202 117 208 107
123 196 97 332 206
219 79 492 437 115
464 144 109 88 478
311 448 190 432 489
242 132 397 463 329
5 312 471 36 222
401 249 66 435 375
328 490 69 257 271
370 309 253 434 213
38 93 103 26 197
6 346 335 409 184
170 361 159 493
157 113 41 86 379
413 374 112 295 320
313 241 87 457 443
13 447 280 90 417
0 201 424 316 32
12 290 53 261 120
245 348 200 158 177
480 365 77 238 386
163 436 35 482 268
146 23 204 46 165
351 95 141 24 287
91 251 21 292 73
162 282 129 278 494
235 373 341 29 349
488 114 237 199 274
408 369 362 92 491
423 186 231 17 181
50 498 466 229 396
410 202 117 208 107
123 196 97 332 206
219 79 492 437 115
464 144 109 88 478
311 448 190 432 489
242 132 397 463 329
5 312 471 36 222
401 249 66 435 375
328 490 69 257 271
370 309 253 434 213
38 93 103 26 197
6 346 335 409 184
170 361 159 493
157 113 41 86 379
164 252 416 166 20
413 374 112 295 320
313 241 87 457 443
13 447 280 90 417
0 201 424 316 32
12 290 53 261 120
245 348 200 158 177
480 365 77 238 386
163 436 35 482 268
146 23 204 46 165
351 95 141 24 287
91 251 21 292 73
162 282 129 278 494
235 373 341 29 349
488 114 237 199 274
408 369 362 92 491
423 186 231 17 181
50 498 466 229 396
410 202 117 208 107
123 196 97 332 206
219 79 492 437 115
464 144 109 88 478
311 448 190 432 489
242 132 397 463 329
5 312 471 36 222
401 249 66 435 375
328 490 69 257 271
370 309 253 434 213
38 93 103 26 197
6 346 335 409 184
170 361 159 493
157 113 41 86 379
164 252 416 166 20
160 331 126 288 42
413 374 112 295 320
313 241 87 457 443
13 447 280 90 417
0 201 424 316 32
12 290 53 261 120
245 348 200 158 177
480 365 77 238 386
163 436 35 482 268
146 23 204 46 165
351 95 141 24 287
91 251 21 292 73
162 282 129 278 494
235 373 341 29 349
488 114 237 199 274
408 369 362 92 491
423 186 231 17 181
50 498 466 229 396
410 202 117 208 107
123 196 97 332 206
219 79 492 437 115
464 144 109 88 478
311 448 190 432 489
242 132 397 463 329
5 312 471 36 222
401 249 66 435 375
328 490 69 257 271
370 309 253 434 213
38 93 103 26 197
6 346 335 409 184
170 361 159 493
157 113 41 86 379
164 252 416 166 20
160 331 126 288 42
226 380 246 4 122
413 374 112 295 320
313 241 87 457 443
13 447 280 90 417
0 201 424 316 32
12 290 53 261 120
245 348 200 158 177
480 365 77 238 386
163 436 35 482 268
146 23 204 46 165
351 95 141 24 287
91 251 21 292 73
162 282 129 278 494
235 373 341 29 349
488 114 237 199 274
408 369 362 92 491
423 186 231 17 181
50 498 466 229 396
410 202 117 208 107
123 196 97 332 206
219 79 492 437 115
464 144 109 88 478
311 448 190 432 489
242 132 397 463 329
5 312 471 36 222
401 249 66 435 375
328 490 69 257 271
370 309 253 434 213
38 93 103 26 197
6 346 335 409 184
170 361 159 493
157 113 41 86 379
164 252 416 166 20
160 331 126 288 42
226 380 246 4 122
334 442 80 307 256
413 374 112 295 320
313 241 87 457 443
13 447 280 90 417
0 201 424 316 32
12 290 53 261 120
245 348 200 158 177
480 365 77 238 386
163 436 35 482 268
146 23 204 46 165
351 95 141 24 287
91 251 21 292 73
162 282 129 278 494
235 373 341 29 349
488 114 237 199 274
408 369 362 92 491
423 186 231 17 181
50 498 466 229 396
410 202 117 208 107
123 196 97 332 206
219 79 492 437 115
464 144 109 88 478
311 448 190 432 489
242 132 397 463 329
5 312 471 36 222
401 249 66 435 375
328 490 69 257 271
370 309 253 434 213
38 93 103 26 197
6 346 335 409 184
170 361 159 493
157 113 41 86 379
164 252 416 166 20
160 331 126 288 42
226 380 246 4 122
334 442 80 307 256
128 28 178 456 51
413 374 112 295 320
313 241 87 457 443
13 447 280 90 417
0 201 424 316 32
12 290 53 261 120
245 348 200 158 177
480 365 77 238 386
163 436 35 482 268
146 23 204 46 165
351 95 141 24 287
91 251 21 292 73
162 282 129 278 494
235 373 341 29 349
488 114 237 199 274
408 369 362 92 491
423 186 231 17 181
50 498 466 229 396
410 202 117 208 107
123 196 97 332 206
219 79 492 437 115
464 144 109 88 478
311 448 190 432 489
242 132 397 463 329
5 312 471 36 222
401 249 66 435 375
328 490 69 257 271
370 309 253 434 213
38 93 103 26 197
6 346 335 409 184
170 361 159 493
157 113 41 86 379
164 252 416 166 20
160 331 126 288 42
226 380 246 4 122
334 442 80 307 256
128 28 178 456 51
263 293 70 405 438
413 374 112 295 320
313 241 87 457 443
13 447 280 90 417
0 201 424 316 32
12 290 53 261 120
245 348 200 158 177
480 365 77 238 386
163 436 35 482 268
146 23 204 46 165
351 95 141 24 287
91 251 21 292 73
162 282 129 278 494
235 373 341 29 349
488 114 237 199 274
408 369 362 92 491
423 186 231 17 181
50 498 466 229 396
410 202 117 208 107
123 196 97 332 206
219 79 492 437 115
464 144 109 88 478
311 448 190 432 489
242 132 397 463 329
5 312 471 36 222
401 249 66 435 375
328 490 69 257 271
370 309 253 434 213
38 93 103 26 197
6 346 335 409 184
170 361 159 493
157 113 41 86 379
164 252 416 166 20
160 331 126 288 42
226 380 246 4 122
334 442 80 307 256
128 28 178 456 51
263 293 70 405 438
264 319 326 224 342
413 374 112 295 320
313 241 87 457 443
13 447 280 90 417
0 201 424 316 32
12 290 53 261 120
245 348 200 158 177
480 365 77 238 386
163 436 35 482 268
146 23 204 46 165
351 95 141 24 287
91 251 21 292 73
162 282 129 278 494
235 373 341 29 349
488 114 237 199 274
408 369 362 92 491
423 186 231 17 181
50 498 466 229 396
410 202 117 208 107
123 196 97 332 206
219 79 492 437 115
464 144 109 88 478
311 448 190 432 489
242 132 397 463 329
5 312 471 36 222
401 249 66 435 375
328 490 69 257 271
370 309 253 434 213
38 93 103 26 197
6 346 335 409 184
170 361 159 493
157 113 41 86 379
164 252 416 166 20
160 331 126 288 42
226 380 246 4 122
334 442 80 307 256
128 28 178 456 51
263 293 70 405 438
264 319 326 224 342
60 149 25 422 353
413 374 112 295 320
313 241 87 457 443
13 447 280 90 417
0 201 424 316 32
12 290 53 261 120
245 348 200 158 177
480 365 77 238 386
163 436 35 482 268
146 23 204 46 165
351 95 141 24 287
91 251 21 292 73
162 282 129 278 494
235 373 341 29 349
488 114 237 199 274
408 369 362 92 491
423 186 231 17 181
50 498 466 229 396
410 202 117 208 107
123 196 97 332 206
219 79 492 437 115
464 144 109 88 478
311 448 190 432 489
242 132 397 463 329
5 312 471 36 222
401 249 66 435 375
328 490 69 257 271
370 309 253 434 213
38 93 103 26 197
6 346 335 409 184
170 361 159 493
157 113 41 86 379
164 252 416 166 20
160 331 126 288 42
226 380 246 4 122
334 442 80 307 256
128 28 178 456 51
263 293 70 405 438
264 319 326 224 342
60 149 25 422 353
392 339 440 360 131
413 374 112 295 320
313 241 87 457 443
13 447 280 90 417
0 201 424 316 32
12 290 53 261 120
245 348 200 158 177
480 365 77 238 386
163 436 35 482 268
146 23 204 46 165
351 95 141 24 287
91 251 21 292 73
162 282 129 278 494
235 373 341 29 349
488 114 237 199 274
408 369 362 92 491
423 186 231 17 181
50 498 466 229 396
410 202 117 208 107
123 196 97 332 206
219 79 492 437 115
464 144 109 88 478
311 448 190 432 489
242 132 397 463 329
5 312 471 36 222
401 249 66 435 375
328 490 69 257 271
370 309 253 434 213
38 93 103 26 197
6 346 335 409 184
170 361 159 493
157 113 41 86 379
164 252 416 166 20
160 331 126 288 42
226 380 246 4 122
334 442 80 307 256
128 28 178 456 51
263 293 70 405 438
264 319 326 224 342
60 149 25 422 353
392 339 440 360 131
446 338 388 302 215
413 374 112 295 320
313 241 87 457 443
13 447 280 90 417
0 201 424 316 32
12 290 53 261 120
245 348 200 158 177
480 365 77 238 386
163 436 35 482 268
146 23 204 46 165
351 95 141 24 287
91 251 21 292 73
162 282 129 278 494
235 373 341 29 349
488 114 237 199 274
408 369 362 92 491
423 186 231 17 181
50 498 466 229 396
410 202 117 208 107
123 196 97 332 206
219 79 492 437 115
464 144 109 88 478
311 448 190 432 489
242 132 397 463 329
5 312 471 36 222
401 249 66 435 375
328 490 69 257 271
370 309 253 434 213
38 93 103 26 197
6 346 335 409 184
170 361 159 493
157 113 41 86 379
164 252 416 166 20
160 331 126 288 42
226 380 246 4 122
334 442 80 307 256
128 28 178 456 51
263 293 70 405 438
264 319 326 224 342
60 149 25 422 353
392 339 440 360 131
446 338 388 302 215
134 291 72
413 374 112 295 320
313 241 87 457 443
13 447 280 90 417
0 201 424 316 32
12 290 53 261 120
245 348 200 158 177
480 365 77 238 386
163 436 35 482 268
146 23 204 46 165
351 95 141 24 287
91 251 21 292 73
162 282 129 278 494
235 373 341 29 349
488 114 237 199 274
408 369 362 92 491
423 186 231 17 181
50 498 466 229 396
410 202 117 208 107
123 196 97 332 206
219 79 492 437 115
464 144 109 88 478
311 448 190 432 489
242 132 397 463 329
5 312 471 36 222
401 249 66 435 375
328 490 69 257 271
370 309 253 434 213
38 93 103 26 197
6 346 335 409 184
170 361 159 493
157 113 41 86 379
164 252 416 166 20
160 331 126 288 42
226 380 246 4 122
334 442 80 307 256
128 28 178 456 51
263 293 70 405 438
264 319 326 224 342
60 149 25 422 353
392 339 440 360 131
446 338 388 302 215
134 291 72
61 232 43 96 193
413 374 112 295 320
313 241 87 457 443
13 447 280 90 417
0 201 424 316 32
12 290 53 261 120
245 348 200 158 177
480 365 77 238 386
163 436 35 482 268
146 23 204 46 165
351 95 141 24 287
91 251 21 292 73
162 282 129 278 494
235 373 341 29 349
488 114 237 199 274
408 369 362 92 491
423 186 231 17 181
50 498 466 229 396
410 202 117 208 107
123 196 97 332 206
219 79 492 437 115
464 144 109 88 478
311 448 190 432 489
242 132 397 463 329
5 312 471 36 222
401 249 66 435 375
328 490 69 257 271
370 309 253 434 213
38 93 103 26 197
6 346 335 409 184
170 361 159 493
157 113 41 86 379
164 252 416 166 20
160 331 126 288 42
226 380 246 4 122
334 442 80 307 256
128 28 178 456 51
263 293 70 405 438
264 319 326 224 342
60 149 25 422 353
392 339 440 360 131
446 338 388 302 215
134 291 72
61 232 43 96 193
415 324 427 462 18
413 374 112 295 320
313 241 87 457 443
13 447 280 90 417
0 201 424 316 32
12 290 53 261 120
245 348 200 158 177
480 365 77 238 386
163 436 35 482 268
146 23 204 46 165
351 95 141 24 287
91 251 21 292 73
162 282 129 278 494
235 373 341 29 349
488 114 237 199 274
408 369 362 92 491
423 186 231 17 181
50 498 466 229 396
410 202 117 208 107
123 196 97 332 206
219 79 492 437 115
464 144 109 88 478
311 448 190 432 489
242 132 397 463 329
5 312 471 36 222
401 249 66 435 375
328 490 69 257 271
370 309 253 434 213
38 93 103 26 197
6 346 335 409 184
170 361 159 493
157 113 41 86 379
164 252 416 166 20
160 331 126 288 42
226 380 246 4 122
334 442 80 307 256
128 28 178 456 51
263 293 70 405 438
264 319 326 224 342
60 149 25 422 353
392 339 440 360 131
446 338 388 302 215
134 291 72
61 232 43 96 193
415 324 427 462 18
135 366 168 387 59
413 374 112 295 320
313 241 87 457 443
13 447 280 90 417
0 201 424 316 32
12 290 53 261 120
245 348 200 158 177
480 365 77 238 386
163 436 35 482 268
146 23 204 46 165
351 95 141 24 287
91 251 21 292 73
162 282 129 278 494
235 373 341 29 349
488 114 237 199 274
408 369 362 92 491
423 186 231 17 181
50 498 466 229 396
410 202 117 208 107
123 196 97 332 206
219 79 492 437 115
464 144 109 88 478
311 448 190 432 489
242 132 397 463 329
5 312 471 36 222
401 249 66 435 375
328 490 69 257 271
370 309 253 434 213
38 93 103 26 197
6 346 335 409 184
170 361 159 493
157 113 41 86 379
164 252 416 166 20
160 331 126 288 42
226 380 246 4 122
334 442 80 307 256
128 28 178 456 51
263 293 70 405 438
264 319 326 224 342
60 149 25 422 353
392 339 440 360 131
446 338 388 302 215
134 291 72
61 232 43 96 193
415 324 427 462 18
135 366 168 387 59
71 418 155 355 325
413 374 112 295 320
313 241 87 457 443
13 447 280 90 417
0 201 424 316 32
12 290 53 261 120
245 348 200 158 177
480 365 77 238 386
163 436 35 482 268
146 23 204 46 165
351 95 141 24 287
91 251 21 292 73
162 282 129 278 494
235 373 341 29 349
488 114 237 199 274
408 369 362 92 491
423 186 231 17 181
50 498 466 229 396
410 202 117 208 107
123 196 97 332 206
219 79 492 437 115
464 144 109 88 478
311 448 190 432 489
242 132 397 463 329
5 312 471 36 222
401 249 66 435 375
328 490 69 257 271
370 309 253 434 213
38 93 103 26 197
6 346 335 409 184
170 361 159 493
157 113 41 86 379
164 252 416 166 20
160 331 126 288 42
226 380 246 4 122
334 442 80 307 256
128 28 178 456 51
263 293 70 405 438
264 319 326 224 342
60 149 25 422 353
392 339 440 360 131
446 338 388 302 215
134 291 72
61 232 43 96 193
415 324 427 462 18
135 366 168 387 59
71 418 155 355 325
133 441 100 305 136
413 374 112 295 320
313 241 87 457 443
13 447 280 90 417
0 201 424 316 32
12 290 53 261 120
245 348 200 158 177
480 365 77 238 386
163 436 35 482 268
146 23 204 46 165
351 95 141 24 287
91 251 21 292 73
162 282 129 278 494
235 373 341 29 349
488 114 237 199 274
408 369 362 92 491
423 186 231 17 181
50 498 466 229 396
410 202 117 208 107
123 196 97 332 206
219 79 492 437 115
464 144 109 88 478
311 448 190 432 489
242 132 397 463 329
5 312 471 36 222
401 249 66 435 375
328 490 69 257 271
370 309 253 434 213
38 93 103 26 197
6 346 335 409 184
170 361 159 493
157 113 41 86 379
164 252 416 166 20
160 331 126 288 42
226 380 246 4 122
334 442 80 307 256
128 28 178 456 51
263 293 70 405 438
264 319 326 224 342
60 149 25 422 353
392 339 440 360 131
446 338 388 302 215
134 291 72
61 232 43 96 193
415 324 427 462 18
135 366 168 387 59
71 418 155 355 325
133 441 100 305 136
124 258 273 394 385
413 374 112 295 320
313 241 87 457 443
13 447 280 90 417
0 201 424 316 32
12 290 53 261 120
245 348 200 158 177
480 365 77 238 386
163 436 35 482 268
146 23 204 46 165
351 95 141 24 287
91 251 21 292 73
162 282 129 278 494
235 373 341 29 349
488 114 237 199 274
408 369 362 92 491
423 186 231 17 181
50 498 466 229 396
410 202 117 208 107
123 196 97 332 206
219 79 492 437 115
464 144 109 88 478
311 448 190 432 489
242 132 397 463 329
5 312 471 36 222
401 249 66 435 375
328 490 69 257 271
370 309 253 434 213
38 93 103 26 197
6 346 335 409 184
170 361 159 493
157 113 41 86 379
164 252 416 166 20
160 331 126 288 42
226 380 246 4 122
334 442 80 307 256
128 28 178 456 51
263 293 70 405 438
264 319 326 224 342
60 149 25 422 353
392 339 440 360 131
446 338 388 302 215
134 291 72
61 232 43 96 193
415 324 427 462 18
135 366 168 387 59
71 418 155 355 325
133 441 100 305 136
124 258 273 394 385
47 54 68 150
413 374 112 295 320
313 241 87 457 443
13 447 280 90 417
0 201 424 316 32
12 290 53 261 120
245 348 200 158 177
480 365 77 238 386
163 436 35 482 268
146 23 204 46 165
351 95 141 24 287
91 251 21 292 73
162 282 129 278 494
235 373 341 29 349
488 114 237 199 274
408 369 362 92 491
423 186 231 17 181
50 498 466 229 396
410 202 117 208 107
123 196 97 332 206
219 79 492 437 115
464 144 109 88 478
311 448 190 432 489
242 132 397 463 329
5 312 471 36 222
401 249 66 435 375
328 490 69 257 271
370 309 253 434 213
38 93 103 26 197
6 346 335 409 184
170 361 159 493
157 113 41 86 379
164 252 416 166 20
160 331 126 288 42
226 380 246 4 122
334 442 80 307 256
128 28 178 456 51
263 293 70 405 438
264 319 326 224 342
60 149 25 422 353
392 339 440 360 131
446 338 388 302 215
134 291 72
61 232 43 96 193
415 324 427 462 18
135 366 168 387 59
71 418 155 355 325
133 441 100 305 136
124 258 273 394 385
47 54 68 150
411 203 9
413 374 112 295 320
313 241 87 457 443
13 447 280 90 417
0 201 424 316 32
12 290 53 261 120
245 348 200 158 177
480 365 77 238 386
163 436 35 482 268
146 23 204 46 165
351 95 141 24 287
91 251 21 292 73
162 282 129 278 494
235 373 341 29 349
488 114 237 199 274
408 369 362 92 491
423 186 231 17 181
50 498 466 229 396
410 202 117 208 107
123 196 97 332 206
219 79 492 437 115
464 144 109 88 478
311 448 190 432 489
242 132 397 463 329
5 312 471 36 222
401 249 66 435 375
328 490 69 257 271
370 309 253 434 213
38 93 103 26 197
6 346 335 409 184
170 361 159 493
157 113 41 86 379
164 252 416 166 20
160 331 126 288 42
226 380 246 4 122
334 442 80 307 256
128 28 178 456 51
263 293 70 405 438
264 319 326 224 342
60 149 25 422 353
392 339 440 360 131
446 338 388 302 215
134 291 72
61 232 43 96 193
415 324 427 462 18
135 366 168 387 59
71 418 155 355 325
133 441 100 305 136
124 258 273 394 385
47 54 68 150
411 203 9
453 188
413 374 112 295 320
313 241 87 457 443
13 447 280 90 417
0 201 424 316 32
12 290 53 261 120
245 348 200 158 177
480 365 77 238 386
163 436 35 482 268
146 23 204 46 165
351 95 141 24 287
91 251 21 292 73
162 282 129 278 494
235 373 341 29 349
488 114 237 199 274
408 369 362 92 491
423 186 231 17 181
50 498 466 229 396
410 202 117 208 107
123 196 97 332 206
219 79 492 437 115
464 144 109 88 478
311 448 190 432 489
242 132 397 463 329
5 312 471 36 222
401 249 66 435 375
328 490 69 257 271
370 309 253 434 213
38 93 103 26 197
6 346 335 409 184
170 361 159 493
157 113 41 86 379
164 252 416 166 20
160 331 126 288 42
226 380 246 4 122
334 442 80 307 256
128 28 178 456 51
263 293 70 405 438
264 319 326 224 342
60 149 25 422 353
392 339 440 360 131
446 338 388 302 215
134 291 72
61 232 43 96 193
415 324 427 462 18
135 366 168 387 59
71 418 155 355 325
133 441 100 305 136
124 258 273 394 385
47 54 68 150
411 203 9
453 188
259 125
413 374 112 295 320
313 241 87 457 443
13 447 280 90 417
0 201 424 316 32
12 290 53 261 120
245 348 200 158 177
480 365 77 238 386
163 436 35 482 268
146 23 204 46 165
351 95 141 24 287
91 251 21 292 73
162 282 129 278 494
235 373 341 29 349
488 114 237 199 274
408 369 362 92 491
423 186 231 17 181
50 498 466 229 396
410 202 117 208 107
123 196 97 332 206
219 79 492 437 115
464 144 109 88 478
311 448 190 432 489
242 132 397 463 329
5 312 471 36 222
401 249 66 435 375
328 490 69 257 271
370 309 253 434 213
38 93 103 26 197
6 346 335 409 184
170 361 159 493
157 113 41 86 379
164 252 416 166 20
160 331 126 288 42
226 380 246 4 122
334 442 80 307 256
128 28 178 456 51
263 293 70 405 438
264 319 326 224 342
60 149 25 422 353
392 339 440 360 131
446 338 388 302 215
134 291 72
61 232 43 96 193
415 324 427 462 18
135 366 168 387 59
71 418 155 355 325
133 441 100 305 136
124 258 273 394 385
47 54 68 150
411 203 9
453 188
259 125
389 445
