402 66 119 37 397
192 169 25 206 95
383 406 235 74 128
205 472 295 313 330
199 155 163 181 413
262 443 438 129 41
195 423 250 466 99
76 333 394 184 257
391 126 486 221 299
401 300 432 58 28
287 223 315 409 173
447 322 318 40 32
210 69 326 407 448
253 151 376 194 168
362 314 368 416 435
100 77 440 429 171
453 452 271 157 15
471 50 297 378 307
12 60 347 335 437
176 290 462 55 301
276 122 311 211 89
47 344 358 349 278
481 282 123 26 265
296 42 88 127 255
185 458 292 475 150
124 10 160 419 280
94 227 109 107 18
121 179 45 80 415
366 457 461 111 182
231 479 17 442 198
138 39 490 275 377
340 364 86 478 324
303 9 441 338 5
418 327 266 395 455
63 248 220 316 104
190 267 118 363 93
444 354 212 23 321
243 305 202 433 216
67 361 201 162 427
268 390 496 64 393
166 317 68 102 244
130 207 339 371 482
310 240 131 164 446
27 154 436 71 381
367 331 360 153 258
189 52 24 288 273
91 251 140 70 308
193 215 73 414 103
161 135 485 261 30
494 492 256 341 449
