20 55 39 53 2
20 55 39 53 2
1 35 24 66 72
20 55 39 53 2
1 35 24 66 72
4 26 96 30 32
20 55 39 53 2
1 35 24 66 72
4 26 96 30 32
0 58 27 65 12
20 55 39 53 2
1 35 24 66 72
4 26 96 30 32
0 58 27 65 12
21 17 50 29 63
20 55 39 53 2
1 35 24 66 72
4 26 96 30 32
0 58 27 65 12
21 17 50 29 63
14 99 31 40 47
20 55 39 53 2
1 35 24 66 72
4 26 96 30 32
0 58 27 65 12
21 17 50 29 63
14 99 31 40 47
22 37 73 88 51
20 55 39 53 2
1 35 24 66 72
4 26 96 30 32
0 58 27 65 12
21 17 50 29 63
14 99 31 40 47
22 37 73 88 51
7 19 70 80 69
20 55 39 53 2
1 35 24 66 72
4 26 96 30 32
0 58 27 65 12
21 17 50 29 63
14 99 31 40 47
22 37 73 88 51
7 19 70 80 69
98 46 90 56 18
20 55 39 53 2
1 35 24 66 72
4 26 96 30 32
0 58 27 65 12
21 17 50 29 63
14 99 31 40 47
22 37 73 88 51
7 19 70 80 69
98 46 90 56 18
83 87 94 64 57
