193 191 192
193 191 192
59 60 58
193 191 192
59 60 58
168 169 167
193 191 192
59 60 58
168 169 167
224 225 223
193 191 192
59 60 58
168 169 167
224 225 223
361 362 360
193 191 192
59 60 58
168 169 167
224 225 223
361 362 360
253 254 252
193 191 192
59 60 58
168 169 167
224 225 223
361 362 360
253 254 252
259 257 258
193 191 192
59 60 58
168 169 167
224 225 223
361 362 360
253 254 252
259 257 258
488 486 487
193 191 192
59 60 58
168 169 167
224 225 223
361 362 360
253 254 252
259 257 258
488 486 487
66 67 65
193 191 192
59 60 58
168 169 167
224 225 223
361 362 360
253 254 252
259 257 258
488 486 487
66 67 65
183 181 182
193 191 192
59 60 58
168 169 167
224 225 223
361 362 360
253 254 252
259 257 258
488 486 487
66 67 65
183 181 182
92 93 94
193 191 192
59 60 58
168 169 167
224 225 223
361 362 360
253 254 252
259 257 258
488 486 487
66 67 65
183 181 182
92 93 94
292 290 291
193 191 192
59 60 58
168 169 167
224 225 223
361 362 360
253 254 252
259 257 258
488 486 487
66 67 65
183 181 182
92 93 94
292 290 291
496 497 498
193 191 192
59 60 58
168 169 167
224 225 223
361 362 360
253 254 252
259 257 258
488 486 487
66 67 65
183 181 182
92 93 94
292 290 291
496 497 498
312 313 314
193 191 192
59 60 58
168 169 167
224 225 223
361 362 360
253 254 252
259 257 258
488 486 487
66 67 65
183 181 182
92 93 94
292 290 291
496 497 498
312 313 314
358 359 357
193 191 192
59 60 58
168 169 167
224 225 223
361 362 360
253 254 252
259 257 258
488 486 487
66 67 65
183 181 182
92 93 94
292 290 291
496 497 498
312 313 314
358 359 357
219 217 218
193 191 192
59 60 58
168 169 167
224 225 223
361 362 360
253 254 252
259 257 258
488 486 487
66 67 65
183 181 182
92 93 94
292 290 291
496 497 498
312 313 314
358 359 357
219 217 218
178 179 180
193 191 192
59 60 58
168 169 167
224 225 223
361 362 360
253 254 252
259 257 258
488 486 487
66 67 65
183 181 182
92 93 94
292 290 291
496 497 498
312 313 314
358 359 357
219 217 218
178 179 180
337 338 339
193 191 192
59 60 58
168 169 167
224 225 223
361 362 360
253 254 252
259 257 258
488 486 487
66 67 65
183 181 182
92 93 94
292 290 291
496 497 498
312 313 314
358 359 357
219 217 218
178 179 180
337 338 339
100 101 99
193 191 192
59 60 58
168 169 167
224 225 223
361 362 360
253 254 252
259 257 258
488 486 487
66 67 65
183 181 182
92 93 94
292 290 291
496 497 498
312 313 314
358 359 357
219 217 218
178 179 180
337 338 339
100 101 99
455 453 454
193 191 192
59 60 58
168 169 167
224 225 223
361 362 360
253 254 252
259 257 258
488 486 487
66 67 65
183 181 182
92 93 94
292 290 291
496 497 498
312 313 314
358 359 357
219 217 218
178 179 180
337 338 339
100 101 99
455 453 454
9 7 8
193 191 192
59 60 58
168 169 167
224 225 223
361 362 360
253 254 252
259 257 258
488 486 487
66 67 65
183 181 182
92 93 94
292 290 291
496 497 498
312 313 314
358 359 357
219 217 218
178 179 180
337 338 339
100 101 99
455 453 454
9 7 8
144 145 146
193 191 192
59 60 58
168 169 167
224 225 223
361 362 360
253 254 252
259 257 258
488 486 487
66 67 65
183 181 182
92 93 94
292 290 291
496 497 498
312 313 314
358 359 357
219 217 218
178 179 180
337 338 339
100 101 99
455 453 454
9 7 8
144 145 146
301 302 303
193 191 192
59 60 58
168 169 167
224 225 223
361 362 360
253 254 252
259 257 258
488 486 487
66 67 65
183 181 182
92 93 94
292 290 291
496 497 498
312 313 314
358 359 357
219 217 218
178 179 180
337 338 339
100 101 99
455 453 454
9 7 8
144 145 146
301 302 303
444 442 443
193 191 192
59 60 58
168 169 167
224 225 223
361 362 360
253 254 252
259 257 258
488 486 487
66 67 65
183 181 182
92 93 94
292 290 291
496 497 498
312 313 314
358 359 357
219 217 218
178 179 180
337 338 339
100 101 99
455 453 454
9 7 8
144 145 146
301 302 303
444 442 443
52 53 54
193 191 192
59 60 58
168 169 167
224 225 223
361 362 360
253 254 252
259 257 258
488 486 487
66 67 65
183 181 182
92 93 94
292 290 291
496 497 498
312 313 314
358 359 357
219 217 218
178 179 180
337 338 339
100 101 99
455 453 454
9 7 8
144 145 146
301 302 303
444 442 443
52 53 54
245 246 247
193 191 192
59 60 58
168 169 167
224 225 223
361 362 360
253 254 252
259 257 258
488 486 487
66 67 65
183 181 182
92 93 94
292 290 291
496 497 498
312 313 314
358 359 357
219 217 218
178 179 180
337 338 339
100 101 99
455 453 454
9 7 8
144 145 146
301 302 303
444 442 443
52 53 54
245 246 247
379 380 381
193 191 192
59 60 58
168 169 167
224 225 223
361 362 360
253 254 252
259 257 258
488 486 487
66 67 65
183 181 182
92 93 94
292 290 291
496 497 498
312 313 314
358 359 357
219 217 218
178 179 180
337 338 339
100 101 99
455 453 454
9 7 8
144 145 146
301 302 303
444 442 443
52 53 54
245 246 247
379 380 381
281 282 280
193 191 192
59 60 58
168 169 167
224 225 223
361 362 360
253 254 252
259 257 258
488 486 487
66 67 65
183 181 182
92 93 94
292 290 291
496 497 498
312 313 314
358 359 357
219 217 218
178 179 180
337 338 339
100 101 99
455 453 454
9 7 8
144 145 146
301 302 303
444 442 443
52 53 54
245 246 247
379 380 381
281 282 280
248 249 250
193 191 192
59 60 58
168 169 167
224 225 223
361 362 360
253 254 252
259 257 258
488 486 487
66 67 65
183 181 182
92 93 94
292 290 291
496 497 498
312 313 314
358 359 357
219 217 218
178 179 180
337 338 339
100 101 99
455 453 454
9 7 8
144 145 146
301 302 303
444 442 443
52 53 54
245 246 247
379 380 381
281 282 280
248 249 250
354 352 353
193 191 192
59 60 58
168 169 167
224 225 223
361 362 360
253 254 252
259 257 258
488 486 487
66 67 65
183 181 182
92 93 94
292 290 291
496 497 498
312 313 314
358 359 357
219 217 218
178 179 180
337 338 339
100 101 99
455 453 454
9 7 8
144 145 146
301 302 303
444 442 443
52 53 54
245 246 247
379 380 381
281 282 280
248 249 250
354 352 353
430 428 429
193 191 192
59 60 58
168 169 167
224 225 223
361 362 360
253 254 252
259 257 258
488 486 487
66 67 65
183 181 182
92 93 94
292 290 291
496 497 498
312 313 314
358 359 357
219 217 218
178 179 180
337 338 339
100 101 99
455 453 454
9 7 8
144 145 146
301 302 303
444 442 443
52 53 54
245 246 247
379 380 381
281 282 280
248 249 250
354 352 353
430 428 429
235 236 237
193 191 192
59 60 58
168 169 167
224 225 223
361 362 360
253 254 252
259 257 258
488 486 487
66 67 65
183 181 182
92 93 94
292 290 291
496 497 498
312 313 314
358 359 357
219 217 218
178 179 180
337 338 339
100 101 99
455 453 454
9 7 8
144 145 146
301 302 303
444 442 443
52 53 54
245 246 247
379 380 381
281 282 280
248 249 250
354 352 353
430 428 429
235 236 237
75 76 74
193 191 192
59 60 58
168 169 167
224 225 223
361 362 360
253 254 252
259 257 258
488 486 487
66 67 65
183 181 182
92 93 94
292 290 291
496 497 498
312 313 314
358 359 357
219 217 218
178 179 180
337 338 339
100 101 99
455 453 454
9 7 8
144 145 146
301 302 303
444 442 443
52 53 54
245 246 247
379 380 381
281 282 280
248 249 250
354 352 353
430 428 429
235 236 237
75 76 74
325 323 324
193 191 192
59 60 58
168 169 167
224 225 223
361 362 360
253 254 252
259 257 258
488 486 487
66 67 65
183 181 182
92 93 94
292 290 291
496 497 498
312 313 314
358 359 357
219 217 218
178 179 180
337 338 339
100 101 99
455 453 454
9 7 8
144 145 146
301 302 303
444 442 443
52 53 54
245 246 247
379 380 381
281 282 280
248 249 250
354 352 353
430 428 429
235 236 237
75 76 74
325 323 324
158 156 157
193 191 192
59 60 58
168 169 167
224 225 223
361 362 360
253 254 252
259 257 258
488 486 487
66 67 65
183 181 182
92 93 94
292 290 291
496 497 498
312 313 314
358 359 357
219 217 218
178 179 180
337 338 339
100 101 99
455 453 454
9 7 8
144 145 146
301 302 303
444 442 443
52 53 54
245 246 247
379 380 381
281 282 280
248 249 250
354 352 353
430 428 429
235 236 237
75 76 74
325 323 324
158 156 157
129 130 128
193 191 192
59 60 58
168 169 167
224 225 223
361 362 360
253 254 252
259 257 258
488 486 487
66 67 65
183 181 182
92 93 94
292 290 291
496 497 498
312 313 314
358 359 357
219 217 218
178 179 180
337 338 339
100 101 99
455 453 454
9 7 8
144 145 146
301 302 303
444 442 443
52 53 54
245 246 247
379 380 381
281 282 280
248 249 250
354 352 353
430 428 429
235 236 237
75 76 74
325 323 324
158 156 157
129 130 128
286 287 285
193 191 192
59 60 58
168 169 167
224 225 223
361 362 360
253 254 252
259 257 258
488 486 487
66 67 65
183 181 182
92 93 94
292 290 291
496 497 498
312 313 314
358 359 357
219 217 218
178 179 180
337 338 339
100 101 99
455 453 454
9 7 8
144 145 146
301 302 303
444 442 443
52 53 54
245 246 247
379 380 381
281 282 280
248 249 250
354 352 353
430 428 429
235 236 237
75 76 74
325 323 324
158 156 157
129 130 128
286 287 285
20 21 19
193 191 192
59 60 58
168 169 167
224 225 223
361 362 360
253 254 252
259 257 258
488 486 487
66 67 65
183 181 182
92 93 94
292 290 291
496 497 498
312 313 314
358 359 357
219 217 218
178 179 180
337 338 339
100 101 99
455 453 454
9 7 8
144 145 146
301 302 303
444 442 443
52 53 54
245 246 247
379 380 381
281 282 280
248 249 250
354 352 353
430 428 429
235 236 237
75 76 74
325 323 324
158 156 157
129 130 128
286 287 285
20 21 19
163 164 165
193 191 192
59 60 58
168 169 167
224 225 223
361 362 360
253 254 252
259 257 258
488 486 487
66 67 65
183 181 182
92 93 94
292 290 291
496 497 498
312 313 314
358 359 357
219 217 218
178 179 180
337 338 339
100 101 99
455 453 454
9 7 8
144 145 146
301 302 303
444 442 443
52 53 54
245 246 247
379 380 381
281 282 280
248 249 250
354 352 353
430 428 429
235 236 237
75 76 74
325 323 324
158 156 157
129 130 128
286 287 285
20 21 19
163 164 165
122 120 121
193 191 192
59 60 58
168 169 167
224 225 223
361 362 360
253 254 252
259 257 258
488 486 487
66 67 65
183 181 182
92 93 94
292 290 291
496 497 498
312 313 314
358 359 357
219 217 218
178 179 180
337 338 339
100 101 99
455 453 454
9 7 8
144 145 146
301 302 303
444 442 443
52 53 54
245 246 247
379 380 381
281 282 280
248 249 250
354 352 353
430 428 429
235 236 237
75 76 74
325 323 324
158 156 157
129 130 128
286 287 285
20 21 19
163 164 165
122 120 121
376 377 378
193 191 192
59 60 58
168 169 167
224 225 223
361 362 360
253 254 252
259 257 258
488 486 487
66 67 65
183 181 182
92 93 94
292 290 291
496 497 498
312 313 314
358 359 357
219 217 218
178 179 180
337 338 339
100 101 99
455 453 454
9 7 8
144 145 146
301 302 303
444 442 443
52 53 54
245 246 247
379 380 381
281 282 280
248 249 250
354 352 353
430 428 429
235 236 237
75 76 74
325 323 324
158 156 157
129 130 128
286 287 285
20 21 19
163 164 165
122 120 121
376 377 378
96 97 98
193 191 192
59 60 58
168 169 167
224 225 223
361 362 360
253 254 252
259 257 258
488 486 487
66 67 65
183 181 182
92 93 94
292 290 291
496 497 498
312 313 314
358 359 357
219 217 218
178 179 180
337 338 339
100 101 99
455 453 454
9 7 8
144 145 146
301 302 303
444 442 443
52 53 54
245 246 247
379 380 381
281 282 280
248 249 250
354 352 353
430 428 429
235 236 237
75 76 74
325 323 324
158 156 157
129 130 128
286 287 285
20 21 19
163 164 165
122 120 121
376 377 378
96 97 98
489 490 491
193 191 192
59 60 58
168 169 167
224 225 223
361 362 360
253 254 252
259 257 258
488 486 487
66 67 65
183 181 182
92 93 94
292 290 291
496 497 498
312 313 314
358 359 357
219 217 218
178 179 180
337 338 339
100 101 99
455 453 454
9 7 8
144 145 146
301 302 303
444 442 443
52 53 54
245 246 247
379 380 381
281 282 280
248 249 250
354 352 353
430 428 429
235 236 237
75 76 74
325 323 324
158 156 157
129 130 128
286 287 285
20 21 19
163 164 165
122 120 121
376 377 378
96 97 98
489 490 491
328 329 327
193 191 192
59 60 58
168 169 167
224 225 223
361 362 360
253 254 252
259 257 258
488 486 487
66 67 65
183 181 182
92 93 94
292 290 291
496 497 498
312 313 314
358 359 357
219 217 218
178 179 180
337 338 339
100 101 99
455 453 454
9 7 8
144 145 146
301 302 303
444 442 443
52 53 54
245 246 247
379 380 381
281 282 280
248 249 250
354 352 353
430 428 429
235 236 237
75 76 74
325 323 324
158 156 157
129 130 128
286 287 285
20 21 19
163 164 165
122 120 121
376 377 378
96 97 98
489 490 491
328 329 327
461 462 463
193 191 192
59 60 58
168 169 167
224 225 223
361 362 360
253 254 252
259 257 258
488 486 487
66 67 65
183 181 182
92 93 94
292 290 291
496 497 498
312 313 314
358 359 357
219 217 218
178 179 180
337 338 339
100 101 99
455 453 454
9 7 8
144 145 146
301 302 303
444 442 443
52 53 54
245 246 247
379 380 381
281 282 280
248 249 250
354 352 353
430 428 429
235 236 237
75 76 74
325 323 324
158 156 157
129 130 128
286 287 285
20 21 19
163 164 165
122 120 121
376 377 378
96 97 98
489 490 491
328 329 327
461 462 463
446 447 445
193 191 192
59 60 58
168 169 167
224 225 223
361 362 360
253 254 252
259 257 258
488 486 487
66 67 65
183 181 182
92 93 94
292 290 291
496 497 498
312 313 314
358 359 357
219 217 218
178 179 180
337 338 339
100 101 99
455 453 454
9 7 8
144 145 146
301 302 303
444 442 443
52 53 54
245 246 247
379 380 381
281 282 280
248 249 250
354 352 353
430 428 429
235 236 237
75 76 74
325 323 324
158 156 157
129 130 128
286 287 285
20 21 19
163 164 165
122 120 121
376 377 378
96 97 98
489 490 491
328 329 327
461 462 463
446 447 445
407 408 406
193 191 192
59 60 58
168 169 167
224 225 223
361 362 360
253 254 252
259 257 258
488 486 487
66 67 65
183 181 182
92 93 94
292 290 291
496 497 498
312 313 314
358 359 357
219 217 218
178 179 180
337 338 339
100 101 99
455 453 454
9 7 8
144 145 146
301 302 303
444 442 443
52 53 54
245 246 247
379 380 381
281 282 280
248 249 250
354 352 353
430 428 429
235 236 237
75 76 74
325 323 324
158 156 157
129 130 128
286 287 285
20 21 19
163 164 165
122 120 121
376 377 378
96 97 98
489 490 491
328 329 327
461 462 463
446 447 445
407 408 406
196 197 195
193 191 192
59 60 58
168 169 167
224 225 223
361 362 360
253 254 252
259 257 258
488 486 487
66 67 65
183 181 182
92 93 94
292 290 291
496 497 498
312 313 314
358 359 357
219 217 218
178 179 180
337 338 339
100 101 99
455 453 454
9 7 8
144 145 146
301 302 303
444 442 443
52 53 54
245 246 247
379 380 381
281 282 280
248 249 250
354 352 353
430 428 429
235 236 237
75 76 74
325 323 324
158 156 157
129 130 128
286 287 285
20 21 19
163 164 165
122 120 121
376 377 378
96 97 98
489 490 491
328 329 327
461 462 463
446 447 445
407 408 406
196 197 195
277 278 276
193 191 192
59 60 58
168 169 167
224 225 223
361 362 360
253 254 252
259 257 258
488 486 487
66 67 65
183 181 182
92 93 94
292 290 291
496 497 498
312 313 314
358 359 357
219 217 218
178 179 180
337 338 339
100 101 99
455 453 454
9 7 8
144 145 146
301 302 303
444 442 443
52 53 54
245 246 247
379 380 381
281 282 280
248 249 250
354 352 353
430 428 429
235 236 237
75 76 74
325 323 324
158 156 157
129 130 128
286 287 285
20 21 19
163 164 165
122 120 121
376 377 378
96 97 98
489 490 491
328 329 327
461 462 463
446 447 445
407 408 406
196 197 195
277 278 276
82 83 84
193 191 192
59 60 58
168 169 167
224 225 223
361 362 360
253 254 252
259 257 258
488 486 487
66 67 65
183 181 182
92 93 94
292 290 291
496 497 498
312 313 314
358 359 357
219 217 218
178 179 180
337 338 339
100 101 99
455 453 454
9 7 8
144 145 146
301 302 303
444 442 443
52 53 54
245 246 247
379 380 381
281 282 280
248 249 250
354 352 353
430 428 429
235 236 237
75 76 74
325 323 324
158 156 157
129 130 128
286 287 285
20 21 19
163 164 165
122 120 121
376 377 378
96 97 98
489 490 491
328 329 327
461 462 463
446 447 445
407 408 406
196 197 195
277 278 276
82 83 84
271 269 270
193 191 192
59 60 58
168 169 167
224 225 223
361 362 360
253 254 252
259 257 258
488 486 487
66 67 65
183 181 182
92 93 94
292 290 291
496 497 498
312 313 314
358 359 357
219 217 218
178 179 180
337 338 339
100 101 99
455 453 454
9 7 8
144 145 146
301 302 303
444 442 443
52 53 54
245 246 247
379 380 381
281 282 280
248 249 250
354 352 353
430 428 429
235 236 237
75 76 74
325 323 324
158 156 157
129 130 128
286 287 285
20 21 19
163 164 165
122 120 121
376 377 378
96 97 98
489 490 491
328 329 327
461 462 463
446 447 445
407 408 406
196 197 195
277 278 276
82 83 84
271 269 270
113 114 115
193 191 192
59 60 58
168 169 167
224 225 223
361 362 360
253 254 252
259 257 258
488 486 487
66 67 65
183 181 182
92 93 94
292 290 291
496 497 498
312 313 314
358 359 357
219 217 218
178 179 180
337 338 339
100 101 99
455 453 454
9 7 8
144 145 146
301 302 303
444 442 443
52 53 54
245 246 247
379 380 381
281 282 280
248 249 250
354 352 353
430 428 429
235 236 237
75 76 74
325 323 324
158 156 157
129 130 128
286 287 285
20 21 19
163 164 165
122 120 121
376 377 378
96 97 98
489 490 491
328 329 327
461 462 463
446 447 445
407 408 406
196 197 195
277 278 276
82 83 84
271 269 270
113 114 115
395 396 397
193 191 192
59 60 58
168 169 167
224 225 223
361 362 360
253 254 252
259 257 258
488 486 487
66 67 65
183 181 182
92 93 94
292 290 291
496 497 498
312 313 314
358 359 357
219 217 218
178 179 180
337 338 339
100 101 99
455 453 454
9 7 8
144 145 146
301 302 303
444 442 443
52 53 54
245 246 247
379 380 381
281 282 280
248 249 250
354 352 353
430 428 429
235 236 237
75 76 74
325 323 324
158 156 157
129 130 128
286 287 285
20 21 19
163 164 165
122 120 121
376 377 378
96 97 98
489 490 491
328 329 327
461 462 463
446 447 445
407 408 406
196 197 195
277 278 276
82 83 84
271 269 270
113 114 115
395 396 397
242 243 241
193 191 192
59 60 58
168 169 167
224 225 223
361 362 360
253 254 252
259 257 258
488 486 487
66 67 65
183 181 182
92 93 94
292 290 291
496 497 498
312 313 314
358 359 357
219 217 218
178 179 180
337 338 339
100 101 99
455 453 454
9 7 8
144 145 146
301 302 303
444 442 443
52 53 54
245 246 247
379 380 381
281 282 280
248 249 250
354 352 353
430 428 429
235 236 237
75 76 74
325 323 324
158 156 157
129 130 128
286 287 285
20 21 19
163 164 165
122 120 121
376 377 378
96 97 98
489 490 491
328 329 327
461 462 463
446 447 445
407 408 406
196 197 195
277 278 276
82 83 84
271 269 270
113 114 115
395 396 397
242 243 241
125 123 124
193 191 192
59 60 58
168 169 167
224 225 223
361 362 360
253 254 252
259 257 258
488 486 487
66 67 65
183 181 182
92 93 94
292 290 291
496 497 498
312 313 314
358 359 357
219 217 218
178 179 180
337 338 339
100 101 99
455 453 454
9 7 8
144 145 146
301 302 303
444 442 443
52 53 54
245 246 247
379 380 381
281 282 280
248 249 250
354 352 353
430 428 429
235 236 237
75 76 74
325 323 324
158 156 157
129 130 128
286 287 285
20 21 19
163 164 165
122 120 121
376 377 378
96 97 98
489 490 491
328 329 327
461 462 463
446 447 445
407 408 406
196 197 195
277 278 276
82 83 84
271 269 270
113 114 115
395 396 397
242 243 241
125 123 124
371 369 370
193 191 192
59 60 58
168 169 167
224 225 223
361 362 360
253 254 252
259 257 258
488 486 487
66 67 65
183 181 182
92 93 94
292 290 291
496 497 498
312 313 314
358 359 357
219 217 218
178 179 180
337 338 339
100 101 99
455 453 454
9 7 8
144 145 146
301 302 303
444 442 443
52 53 54
245 246 247
379 380 381
281 282 280
248 249 250
354 352 353
430 428 429
235 236 237
75 76 74
325 323 324
158 156 157
129 130 128
286 287 285
20 21 19
163 164 165
122 120 121
376 377 378
96 97 98
489 490 491
328 329 327
461 462 463
446 447 445
407 408 406
196 197 195
277 278 276
82 83 84
271 269 270
113 114 115
395 396 397
242 243 241
125 123 124
371 369 370
86 87 85
193 191 192
59 60 58
168 169 167
224 225 223
361 362 360
253 254 252
259 257 258
488 486 487
66 67 65
183 181 182
92 93 94
292 290 291
496 497 498
312 313 314
358 359 357
219 217 218
178 179 180
337 338 339
100 101 99
455 453 454
9 7 8
144 145 146
301 302 303
444 442 443
52 53 54
245 246 247
379 380 381
281 282 280
248 249 250
354 352 353
430 428 429
235 236 237
75 76 74
325 323 324
158 156 157
129 130 128
286 287 285
20 21 19
163 164 165
122 120 121
376 377 378
96 97 98
489 490 491
328 329 327
461 462 463
446 447 445
407 408 406
196 197 195
277 278 276
82 83 84
271 269 270
113 114 115
395 396 397
242 243 241
125 123 124
371 369 370
86 87 85
476 477 475
193 191 192
59 60 58
168 169 167
224 225 223
361 362 360
253 254 252
259 257 258
488 486 487
66 67 65
183 181 182
92 93 94
292 290 291
496 497 498
312 313 314
358 359 357
219 217 218
178 179 180
337 338 339
100 101 99
455 453 454
9 7 8
144 145 146
301 302 303
444 442 443
52 53 54
245 246 247
379 380 381
281 282 280
248 249 250
354 352 353
430 428 429
235 236 237
75 76 74
325 323 324
158 156 157
129 130 128
286 287 285
20 21 19
163 164 165
122 120 121
376 377 378
96 97 98
489 490 491
328 329 327
461 462 463
446 447 445
407 408 406
196 197 195
277 278 276
82 83 84
271 269 270
113 114 115
395 396 397
242 243 241
125 123 124
371 369 370
86 87 85
476 477 475
402 403 404
193 191 192
59 60 58
168 169 167
224 225 223
361 362 360
253 254 252
259 257 258
488 486 487
66 67 65
183 181 182
92 93 94
292 290 291
496 497 498
312 313 314
358 359 357
219 217 218
178 179 180
337 338 339
100 101 99
455 453 454
9 7 8
144 145 146
301 302 303
444 442 443
52 53 54
245 246 247
379 380 381
281 282 280
248 249 250
354 352 353
430 428 429
235 236 237
75 76 74
325 323 324
158 156 157
129 130 128
286 287 285
20 21 19
163 164 165
122 120 121
376 377 378
96 97 98
489 490 491
328 329 327
461 462 463
446 447 445
407 408 406
196 197 195
277 278 276
82 83 84
271 269 270
113 114 115
395 396 397
242 243 241
125 123 124
371 369 370
86 87 85
476 477 475
402 403 404
190 188 189
193 191 192
59 60 58
168 169 167
224 225 223
361 362 360
253 254 252
259 257 258
488 486 487
66 67 65
183 181 182
92 93 94
292 290 291
496 497 498
312 313 314
358 359 357
219 217 218
178 179 180
337 338 339
100 101 99
455 453 454
9 7 8
144 145 146
301 302 303
444 442 443
52 53 54
245 246 247
379 380 381
281 282 280
248 249 250
354 352 353
430 428 429
235 236 237
75 76 74
325 323 324
158 156 157
129 130 128
286 287 285
20 21 19
163 164 165
122 120 121
376 377 378
96 97 98
489 490 491
328 329 327
461 462 463
446 447 445
407 408 406
196 197 195
277 278 276
82 83 84
271 269 270
113 114 115
395 396 397
242 243 241
125 123 124
371 369 370
86 87 85
476 477 475
402 403 404
190 188 189
205 203 204
193 191 192
59 60 58
168 169 167
224 225 223
361 362 360
253 254 252
259 257 258
488 486 487
66 67 65
183 181 182
92 93 94
292 290 291
496 497 498
312 313 314
358 359 357
219 217 218
178 179 180
337 338 339
100 101 99
455 453 454
9 7 8
144 145 146
301 302 303
444 442 443
52 53 54
245 246 247
379 380 381
281 282 280
248 249 250
354 352 353
430 428 429
235 236 237
75 76 74
325 323 324
158 156 157
129 130 128
286 287 285
20 21 19
163 164 165
122 120 121
376 377 378
96 97 98
489 490 491
328 329 327
461 462 463
446 447 445
407 408 406
196 197 195
277 278 276
82 83 84
271 269 270
113 114 115
395 396 397
242 243 241
125 123 124
371 369 370
86 87 85
476 477 475
402 403 404
190 188 189
205 203 204
154 152 153
193 191 192
59 60 58
168 169 167
224 225 223
361 362 360
253 254 252
259 257 258
488 486 487
66 67 65
183 181 182
92 93 94
292 290 291
496 497 498
312 313 314
358 359 357
219 217 218
178 179 180
337 338 339
100 101 99
455 453 454
9 7 8
144 145 146
301 302 303
444 442 443
52 53 54
245 246 247
379 380 381
281 282 280
248 249 250
354 352 353
430 428 429
235 236 237
75 76 74
325 323 324
158 156 157
129 130 128
286 287 285
20 21 19
163 164 165
122 120 121
376 377 378
96 97 98
489 490 491
328 329 327
461 462 463
446 447 445
407 408 406
196 197 195
277 278 276
82 83 84
271 269 270
113 114 115
395 396 397
242 243 241
125 123 124
371 369 370
86 87 85
476 477 475
402 403 404
190 188 189
205 203 204
154 152 153
320 318 319
