130 298 393 412 163
94 238 262 110 45
176 198 287 159 134
87 135 145 382 362
449 5 223 61 14
155 389 265 38 35
177 26 360 321 178
37 3 283 105 444
59 346 228 151 1
40 108 423 419 369
353 400 36 249 136
336 391 324 6 32
8 195 394 11 351
383 125 86 67 50
80 31 17 63 234
106 380 51 285 277
282 435 375 229 319
74 415 231 73 33
294 208 115 343 312
48 398 252 109 206
447 213 104 327 180
169 164 326 64 185
381 281 141 193 278
30 183 194 271 247
429 111 235 307 133
388 123 426 323 95
218 88 68 315 154
332 256 403 339 53
16 356 192 72 96
334 236 217 66 344
146 266 138 310 372
112 432 258 275 257
371 349 107 297 350
142 366 409 160 290
216 245 264 352 148
140 359 425 181 182
175 10 225 239 187
162 186 103 276 34
227 69 230 368 99
269 347 89 139 189
85 437 57 314 373
291 376 55 222 153
244 299 421 436 2
97 60 354 330 78
117 386 113 399 62
