1 21 31 11
1 21 31 11
286 287 288 289 290
1 21 31 11
286 287 288 289 290
161 162 163 164 165
1 21 31 11
286 287 288 289 290
161 162 163 164 165
6 7 8 9 10
1 21 31 11
286 287 288 289 290
161 162 163 164 165
6 7 8 9 10
41 42 43 44 45
1 21 31 11
286 287 288 289 290
161 162 163 164 165
6 7 8 9 10
41 42 43 44 45
46 47 48 49 50
1 21 31 11
286 287 288 289 290
161 162 163 164 165
6 7 8 9 10
41 42 43 44 45
46 47 48 49 50
81 82 83 84 85
1 21 31 11
286 287 288 289 290
161 162 163 164 165
6 7 8 9 10
41 42 43 44 45
46 47 48 49 50
81 82 83 84 85
86 87 88 89 90
1 21 31 11
286 287 288 289 290
161 162 163 164 165
6 7 8 9 10
41 42 43 44 45
46 47 48 49 50
81 82 83 84 85
86 87 88 89 90
121 122 123 124 125
1 21 31 11
286 287 288 289 290
161 162 163 164 165
6 7 8 9 10
41 42 43 44 45
46 47 48 49 50
81 82 83 84 85
86 87 88 89 90
121 122 123 124 125
126 127 128 129 130
1 21 31 11
286 287 288 289 290
161 162 163 164 165
6 7 8 9 10
41 42 43 44 45
46 47 48 49 50
81 82 83 84 85
86 87 88 89 90
121 122 123 124 125
126 127 128 129 130
166 167 168 169 170
1 21 31 11
286 287 288 289 290
161 162 163 164 165
6 7 8 9 10
41 42 43 44 45
46 47 48 49 50
81 82 83 84 85
86 87 88 89 90
121 122 123 124 125
126 127 128 129 130
166 167 168 169 170
201 202 203 204 205
1 21 31 11
286 287 288 289 290
161 162 163 164 165
6 7 8 9 10
41 42 43 44 45
46 47 48 49 50
81 82 83 84 85
86 87 88 89 90
121 122 123 124 125
126 127 128 129 130
166 167 168 169 170
201 202 203 204 205
206 207 208 209 210
1 21 31 11
286 287 288 289 290
161 162 163 164 165
6 7 8 9 10
41 42 43 44 45
46 47 48 49 50
81 82 83 84 85
86 87 88 89 90
121 122 123 124 125
126 127 128 129 130
166 167 168 169 170
201 202 203 204 205
206 207 208 209 210
241 242 243 244 245
1 21 31 11
286 287 288 289 290
161 162 163 164 165
6 7 8 9 10
41 42 43 44 45
46 47 48 49 50
81 82 83 84 85
86 87 88 89 90
121 122 123 124 125
126 127 128 129 130
166 167 168 169 170
201 202 203 204 205
206 207 208 209 210
241 242 243 244 245
246 247 248 249 250
1 21 31 11
286 287 288 289 290
161 162 163 164 165
6 7 8 9 10
41 42 43 44 45
46 47 48 49 50
81 82 83 84 85
86 87 88 89 90
121 122 123 124 125
126 127 128 129 130
166 167 168 169 170
201 202 203 204 205
206 207 208 209 210
241 242 243 244 245
246 247 248 249 250
281 282 283 284 285
