59 278 294 472 429
59 278 294 472 429
296 144 228 101 137
59 278 294 472 429
296 144 228 101 137
70 25 479 71 301
59 278 294 472 429
296 144 228 101 137
70 25 479 71 301
24 162 244 82 258
59 278 294 472 429
296 144 228 101 137
70 25 479 71 301
24 162 244 82 258
119 212 42 253 54
59 278 294 472 429
296 144 228 101 137
70 25 479 71 301
24 162 244 82 258
119 212 42 253 54
67 220 436 57 194
59 278 294 472 429
296 144 228 101 137
70 25 479 71 301
24 162 244 82 258
119 212 42 253 54
67 220 436 57 194
80 114 155 243 241
59 278 294 472 429
296 144 228 101 137
70 25 479 71 301
24 162 244 82 258
119 212 42 253 54
67 220 436 57 194
80 114 155 243 241
402 175 10 494 31
59 278 294 472 429
296 144 228 101 137
70 25 479 71 301
24 162 244 82 258
119 212 42 253 54
67 220 436 57 194
80 114 155 243 241
402 175 10 494 31
56 111 74 342 183
59 278 294 472 429
296 144 228 101 137
70 25 479 71 301
24 162 244 82 258
119 212 42 253 54
67 220 436 57 194
80 114 155 243 241
402 175 10 494 31
56 111 74 342 183
297 214 470 69 382
59 278 294 472 429
296 144 228 101 137
70 25 479 71 301
24 162 244 82 258
119 212 42 253 54
67 220 436 57 194
80 114 155 243 241
402 175 10 494 31
56 111 74 342 183
297 214 470 69 382
344 8 394 131 321
59 278 294 472 429
296 144 228 101 137
70 25 479 71 301
24 162 244 82 258
119 212 42 253 54
67 220 436 57 194
80 114 155 243 241
402 175 10 494 31
56 111 74 342 183
297 214 470 69 382
344 8 394 131 321
4 87 120 46 187
59 278 294 472 429
296 144 228 101 137
70 25 479 71 301
24 162 244 82 258
119 212 42 253 54
67 220 436 57 194
80 114 155 243 241
402 175 10 494 31
56 111 74 342 183
297 214 470 69 382
344 8 394 131 321
4 87 120 46 187
469 388 157 129 208
59 278 294 472 429
296 144 228 101 137
70 25 479 71 301
24 162 244 82 258
119 212 42 253 54
67 220 436 57 194
80 114 155 243 241
402 175 10 494 31
56 111 74 342 183
297 214 470 69 382
344 8 394 131 321
4 87 120 46 187
469 388 157 129 208
26 481 110 202 249
59 278 294 472 429
296 144 228 101 137
70 25 479 71 301
24 162 244 82 258
119 212 42 253 54
67 220 436 57 194
80 114 155 243 241
402 175 10 494 31
56 111 74 342 183
297 214 470 69 382
344 8 394 131 321
4 87 120 46 187
469 388 157 129 208
26 481 110 202 249
448 478 166 373 198
59 278 294 472 429
296 144 228 101 137
70 25 479 71 301
24 162 244 82 258
119 212 42 253 54
67 220 436 57 194
80 114 155 243 241
402 175 10 494 31
56 111 74 342 183
297 214 470 69 382
344 8 394 131 321
4 87 120 46 187
469 388 157 129 208
26 481 110 202 249
448 478 166 373 198
483 329 391 489 76
59 278 294 472 429
296 144 228 101 137
70 25 479 71 301
24 162 244 82 258
119 212 42 253 54
67 220 436 57 194
80 114 155 243 241
402 175 10 494 31
56 111 74 342 183
297 214 470 69 382
344 8 394 131 321
4 87 120 46 187
469 388 157 129 208
26 481 110 202 249
448 478 166 373 198
483 329 391 489 76
196 88 153 90 325
59 278 294 472 429
296 144 228 101 137
70 25 479 71 301
24 162 244 82 258
119 212 42 253 54
67 220 436 57 194
80 114 155 243 241
402 175 10 494 31
56 111 74 342 183
297 214 470 69 382
344 8 394 131 321
4 87 120 46 187
469 388 157 129 208
26 481 110 202 249
448 478 166 373 198
483 329 391 489 76
196 88 153 90 325
304 375 327 384 407
59 278 294 472 429
296 144 228 101 137
70 25 479 71 301
24 162 244 82 258
119 212 42 253 54
67 220 436 57 194
80 114 155 243 241
402 175 10 494 31
56 111 74 342 183
297 214 470 69 382
344 8 394 131 321
4 87 120 46 187
469 388 157 129 208
26 481 110 202 249
448 478 166 373 198
483 329 391 489 76
196 88 153 90 325
304 375 327 384 407
98 50 445 105 16
59 278 294 472 429
296 144 228 101 137
70 25 479 71 301
24 162 244 82 258
119 212 42 253 54
67 220 436 57 194
80 114 155 243 241
402 175 10 494 31
56 111 74 342 183
297 214 470 69 382
344 8 394 131 321
4 87 120 46 187
469 388 157 129 208
26 481 110 202 249
448 478 166 373 198
483 329 391 489 76
196 88 153 90 325
304 375 327 384 407
98 50 445 105 16
15 326 12 272 195
59 278 294 472 429
296 144 228 101 137
70 25 479 71 301
24 162 244 82 258
119 212 42 253 54
67 220 436 57 194
80 114 155 243 241
402 175 10 494 31
56 111 74 342 183
297 214 470 69 382
344 8 394 131 321
4 87 120 46 187
469 388 157 129 208
26 481 110 202 249
448 478 166 373 198
483 329 391 489 76
196 88 153 90 325
304 375 327 384 407
98 50 445 105 16
15 326 12 272 195
367 122 223 298 280
59 278 294 472 429
296 144 228 101 137
70 25 479 71 301
24 162 244 82 258
119 212 42 253 54
67 220 436 57 194
80 114 155 243 241
402 175 10 494 31
56 111 74 342 183
297 214 470 69 382
344 8 394 131 321
4 87 120 46 187
469 388 157 129 208
26 481 110 202 249
448 478 166 373 198
483 329 391 489 76
196 88 153 90 325
304 375 327 384 407
98 50 445 105 16
15 326 12 272 195
367 122 223 298 280
149 41 467 420 257
59 278 294 472 429
296 144 228 101 137
70 25 479 71 301
24 162 244 82 258
119 212 42 253 54
67 220 436 57 194
80 114 155 243 241
402 175 10 494 31
56 111 74 342 183
297 214 470 69 382
344 8 394 131 321
4 87 120 46 187
469 388 157 129 208
26 481 110 202 249
448 478 166 373 198
483 329 391 489 76
196 88 153 90 325
304 375 327 384 407
98 50 445 105 16
15 326 12 272 195
367 122 223 298 280
149 41 467 420 257
410 353 312 201 347
59 278 294 472 429
296 144 228 101 137
70 25 479 71 301
24 162 244 82 258
119 212 42 253 54
67 220 436 57 194
80 114 155 243 241
402 175 10 494 31
56 111 74 342 183
297 214 470 69 382
344 8 394 131 321
4 87 120 46 187
469 388 157 129 208
26 481 110 202 249
448 478 166 373 198
483 329 391 489 76
196 88 153 90 325
304 375 327 384 407
98 50 445 105 16
15 326 12 272 195
367 122 223 298 280
149 41 467 420 257
410 353 312 201 347
5 374 486 435 185
59 278 294 472 429
296 144 228 101 137
70 25 479 71 301
24 162 244 82 258
119 212 42 253 54
67 220 436 57 194
80 114 155 243 241
402 175 10 494 31
56 111 74 342 183
297 214 470 69 382
344 8 394 131 321
4 87 120 46 187
469 388 157 129 208
26 481 110 202 249
448 478 166 373 198
483 329 391 489 76
196 88 153 90 325
304 375 327 384 407
98 50 445 105 16
15 326 12 272 195
367 122 223 298 280
149 41 467 420 257
410 353 312 201 347
5 374 486 435 185
366 45 403 452 147
59 278 294 472 429
296 144 228 101 137
70 25 479 71 301
24 162 244 82 258
119 212 42 253 54
67 220 436 57 194
80 114 155 243 241
402 175 10 494 31
56 111 74 342 183
297 214 470 69 382
344 8 394 131 321
4 87 120 46 187
469 388 157 129 208
26 481 110 202 249
448 478 166 373 198
483 329 391 489 76
196 88 153 90 325
304 375 327 384 407
98 50 445 105 16
15 326 12 272 195
367 122 223 298 280
149 41 467 420 257
410 353 312 201 347
5 374 486 435 185
366 45 403 452 147
496 233 126 310 411
59 278 294 472 429
296 144 228 101 137
70 25 479 71 301
24 162 244 82 258
119 212 42 253 54
67 220 436 57 194
80 114 155 243 241
402 175 10 494 31
56 111 74 342 183
297 214 470 69 382
344 8 394 131 321
4 87 120 46 187
469 388 157 129 208
26 481 110 202 249
448 478 166 373 198
483 329 391 489 76
196 88 153 90 325
304 375 327 384 407
98 50 445 105 16
15 326 12 272 195
367 122 223 298 280
149 41 467 420 257
410 353 312 201 347
5 374 486 435 185
366 45 403 452 147
496 233 126 310 411
115 254 355 225 154
59 278 294 472 429
296 144 228 101 137
70 25 479 71 301
24 162 244 82 258
119 212 42 253 54
67 220 436 57 194
80 114 155 243 241
402 175 10 494 31
56 111 74 342 183
297 214 470 69 382
344 8 394 131 321
4 87 120 46 187
469 388 157 129 208
26 481 110 202 249
448 478 166 373 198
483 329 391 489 76
196 88 153 90 325
304 375 327 384 407
98 50 445 105 16
15 326 12 272 195
367 122 223 298 280
149 41 467 420 257
410 353 312 201 347
5 374 486 435 185
366 45 403 452 147
496 233 126 310 411
115 254 355 225 154
348 498 235 169 315
59 278 294 472 429
296 144 228 101 137
70 25 479 71 301
24 162 244 82 258
119 212 42 253 54
67 220 436 57 194
80 114 155 243 241
402 175 10 494 31
56 111 74 342 183
297 214 470 69 382
344 8 394 131 321
4 87 120 46 187
469 388 157 129 208
26 481 110 202 249
448 478 166 373 198
483 329 391 489 76
196 88 153 90 325
304 375 327 384 407
98 50 445 105 16
15 326 12 272 195
367 122 223 298 280
149 41 467 420 257
410 353 312 201 347
5 374 486 435 185
366 45 403 452 147
496 233 126 310 411
115 254 355 225 154
348 498 235 169 315
480 364 132 79 63
59 278 294 472 429
296 144 228 101 137
70 25 479 71 301
24 162 244 82 258
119 212 42 253 54
67 220 436 57 194
80 114 155 243 241
402 175 10 494 31
56 111 74 342 183
297 214 470 69 382
344 8 394 131 321
4 87 120 46 187
469 388 157 129 208
26 481 110 202 249
448 478 166 373 198
483 329 391 489 76
196 88 153 90 325
304 375 327 384 407
98 50 445 105 16
15 326 12 272 195
367 122 223 298 280
149 41 467 420 257
410 353 312 201 347
5 374 486 435 185
366 45 403 452 147
496 233 126 310 411
115 254 355 225 154
348 498 235 169 315
480 364 132 79 63
72 127 1 65 461
59 278 294 472 429
296 144 228 101 137
70 25 479 71 301
24 162 244 82 258
119 212 42 253 54
67 220 436 57 194
80 114 155 243 241
402 175 10 494 31
56 111 74 342 183
297 214 470 69 382
344 8 394 131 321
4 87 120 46 187
469 388 157 129 208
26 481 110 202 249
448 478 166 373 198
483 329 391 489 76
196 88 153 90 325
304 375 327 384 407
98 50 445 105 16
15 326 12 272 195
367 122 223 298 280
149 41 467 420 257
410 353 312 201 347
5 374 486 435 185
366 45 403 452 147
496 233 126 310 411
115 254 355 225 154
348 498 235 169 315
480 364 132 79 63
72 127 1 65 461
378 125 107 237 475
59 278 294 472 429
296 144 228 101 137
70 25 479 71 301
24 162 244 82 258
119 212 42 253 54
67 220 436 57 194
80 114 155 243 241
402 175 10 494 31
56 111 74 342 183
297 214 470 69 382
344 8 394 131 321
4 87 120 46 187
469 388 157 129 208
26 481 110 202 249
448 478 166 373 198
483 329 391 489 76
196 88 153 90 325
304 375 327 384 407
98 50 445 105 16
15 326 12 272 195
367 122 223 298 280
149 41 467 420 257
410 353 312 201 347
5 374 486 435 185
366 45 403 452 147
496 233 126 310 411
115 254 355 225 154
348 498 235 169 315
480 364 132 79 63
72 127 1 65 461
378 125 107 237 475
78 263 300 282 459
59 278 294 472 429
296 144 228 101 137
70 25 479 71 301
24 162 244 82 258
119 212 42 253 54
67 220 436 57 194
80 114 155 243 241
402 175 10 494 31
56 111 74 342 183
297 214 470 69 382
344 8 394 131 321
4 87 120 46 187
469 388 157 129 208
26 481 110 202 249
448 478 166 373 198
483 329 391 489 76
196 88 153 90 325
304 375 327 384 407
98 50 445 105 16
15 326 12 272 195
367 122 223 298 280
149 41 467 420 257
410 353 312 201 347
5 374 486 435 185
366 45 403 452 147
496 233 126 310 411
115 254 355 225 154
348 498 235 169 315
480 364 132 79 63
72 127 1 65 461
378 125 107 237 475
78 263 300 282 459
492 316 43 49 261
59 278 294 472 429
296 144 228 101 137
70 25 479 71 301
24 162 244 82 258
119 212 42 253 54
67 220 436 57 194
80 114 155 243 241
402 175 10 494 31
56 111 74 342 183
297 214 470 69 382
344 8 394 131 321
4 87 120 46 187
469 388 157 129 208
26 481 110 202 249
448 478 166 373 198
483 329 391 489 76
196 88 153 90 325
304 375 327 384 407
98 50 445 105 16
15 326 12 272 195
367 122 223 298 280
149 41 467 420 257
410 353 312 201 347
5 374 486 435 185
366 45 403 452 147
496 233 126 310 411
115 254 355 225 154
348 498 235 169 315
480 364 132 79 63
72 127 1 65 461
378 125 107 237 475
78 263 300 282 459
492 316 43 49 261
266 337 466 284 319
59 278 294 472 429
296 144 228 101 137
70 25 479 71 301
24 162 244 82 258
119 212 42 253 54
67 220 436 57 194
80 114 155 243 241
402 175 10 494 31
56 111 74 342 183
297 214 470 69 382
344 8 394 131 321
4 87 120 46 187
469 388 157 129 208
26 481 110 202 249
448 478 166 373 198
483 329 391 489 76
196 88 153 90 325
304 375 327 384 407
98 50 445 105 16
15 326 12 272 195
367 122 223 298 280
149 41 467 420 257
410 353 312 201 347
5 374 486 435 185
366 45 403 452 147
496 233 126 310 411
115 254 355 225 154
348 498 235 169 315
480 364 132 79 63
72 127 1 65 461
378 125 107 237 475
78 263 300 282 459
492 316 43 49 261
266 337 466 284 319
295 48 203 405 176
59 278 294 472 429
296 144 228 101 137
70 25 479 71 301
24 162 244 82 258
119 212 42 253 54
67 220 436 57 194
80 114 155 243 241
402 175 10 494 31
56 111 74 342 183
297 214 470 69 382
344 8 394 131 321
4 87 120 46 187
469 388 157 129 208
26 481 110 202 249
448 478 166 373 198
483 329 391 489 76
196 88 153 90 325
304 375 327 384 407
98 50 445 105 16
15 326 12 272 195
367 122 223 298 280
149 41 467 420 257
410 353 312 201 347
5 374 486 435 185
366 45 403 452 147
496 233 126 310 411
115 254 355 225 154
348 498 235 169 315
480 364 132 79 63
72 127 1 65 461
378 125 107 237 475
78 263 300 282 459
492 316 43 49 261
266 337 466 284 319
295 48 203 405 176
485 20 428 427 419
59 278 294 472 429
296 144 228 101 137
70 25 479 71 301
24 162 244 82 258
119 212 42 253 54
67 220 436 57 194
80 114 155 243 241
402 175 10 494 31
56 111 74 342 183
297 214 470 69 382
344 8 394 131 321
4 87 120 46 187
469 388 157 129 208
26 481 110 202 249
448 478 166 373 198
483 329 391 489 76
196 88 153 90 325
304 375 327 384 407
98 50 445 105 16
15 326 12 272 195
367 122 223 298 280
149 41 467 420 257
410 353 312 201 347
5 374 486 435 185
366 45 403 452 147
496 233 126 310 411
115 254 355 225 154
348 498 235 169 315
480 364 132 79 63
72 127 1 65 461
378 125 107 237 475
78 263 300 282 459
492 316 43 49 261
266 337 466 284 319
295 48 203 405 176
485 20 428 427 419
219 333 159 356 236
59 278 294 472 429
296 144 228 101 137
70 25 479 71 301
24 162 244 82 258
119 212 42 253 54
67 220 436 57 194
80 114 155 243 241
402 175 10 494 31
56 111 74 342 183
297 214 470 69 382
344 8 394 131 321
4 87 120 46 187
469 388 157 129 208
26 481 110 202 249
448 478 166 373 198
483 329 391 489 76
196 88 153 90 325
304 375 327 384 407
98 50 445 105 16
15 326 12 272 195
367 122 223 298 280
149 41 467 420 257
410 353 312 201 347
5 374 486 435 185
366 45 403 452 147
496 233 126 310 411
115 254 355 225 154
348 498 235 169 315
480 364 132 79 63
72 127 1 65 461
378 125 107 237 475
78 263 300 282 459
492 316 43 49 261
266 337 466 284 319
295 48 203 405 176
485 20 428 427 419
219 333 159 356 236
221 18 95 458 335
59 278 294 472 429
296 144 228 101 137
70 25 479 71 301
24 162 244 82 258
119 212 42 253 54
67 220 436 57 194
80 114 155 243 241
402 175 10 494 31
56 111 74 342 183
297 214 470 69 382
344 8 394 131 321
4 87 120 46 187
469 388 157 129 208
26 481 110 202 249
448 478 166 373 198
483 329 391 489 76
196 88 153 90 325
304 375 327 384 407
98 50 445 105 16
15 326 12 272 195
367 122 223 298 280
149 41 467 420 257
410 353 312 201 347
5 374 486 435 185
366 45 403 452 147
496 233 126 310 411
115 254 355 225 154
348 498 235 169 315
480 364 132 79 63
72 127 1 65 461
378 125 107 237 475
78 263 300 282 459
492 316 43 49 261
266 337 466 284 319
295 48 203 405 176
485 20 428 427 419
219 333 159 356 236
221 18 95 458 335
85 140 323 118 27
59 278 294 472 429
296 144 228 101 137
70 25 479 71 301
24 162 244 82 258
119 212 42 253 54
67 220 436 57 194
80 114 155 243 241
402 175 10 494 31
56 111 74 342 183
297 214 470 69 382
344 8 394 131 321
4 87 120 46 187
469 388 157 129 208
26 481 110 202 249
448 478 166 373 198
483 329 391 489 76
196 88 153 90 325
304 375 327 384 407
98 50 445 105 16
15 326 12 272 195
367 122 223 298 280
149 41 467 420 257
410 353 312 201 347
5 374 486 435 185
366 45 403 452 147
496 233 126 310 411
115 254 355 225 154
348 498 235 169 315
480 364 132 79 63
72 127 1 65 461
378 125 107 237 475
78 263 300 282 459
492 316 43 49 261
266 337 466 284 319
295 48 203 405 176
485 20 428 427 419
219 333 159 356 236
221 18 95 458 335
85 140 323 118 27
430 487 418 376 161
59 278 294 472 429
296 144 228 101 137
70 25 479 71 301
24 162 244 82 258
119 212 42 253 54
67 220 436 57 194
80 114 155 243 241
402 175 10 494 31
56 111 74 342 183
297 214 470 69 382
344 8 394 131 321
4 87 120 46 187
469 388 157 129 208
26 481 110 202 249
448 478 166 373 198
483 329 391 489 76
196 88 153 90 325
304 375 327 384 407
98 50 445 105 16
15 326 12 272 195
367 122 223 298 280
149 41 467 420 257
410 353 312 201 347
5 374 486 435 185
366 45 403 452 147
496 233 126 310 411
115 254 355 225 154
348 498 235 169 315
480 364 132 79 63
72 127 1 65 461
378 125 107 237 475
78 263 300 282 459
492 316 43 49 261
266 337 466 284 319
295 48 203 405 176
485 20 428 427 419
219 333 159 356 236
221 18 95 458 335
85 140 323 118 27
430 487 418 376 161
389 73 37 292 434
59 278 294 472 429
296 144 228 101 137
70 25 479 71 301
24 162 244 82 258
119 212 42 253 54
67 220 436 57 194
80 114 155 243 241
402 175 10 494 31
56 111 74 342 183
297 214 470 69 382
344 8 394 131 321
4 87 120 46 187
469 388 157 129 208
26 481 110 202 249
448 478 166 373 198
483 329 391 489 76
196 88 153 90 325
304 375 327 384 407
98 50 445 105 16
15 326 12 272 195
367 122 223 298 280
149 41 467 420 257
410 353 312 201 347
5 374 486 435 185
366 45 403 452 147
496 233 126 310 411
115 254 355 225 154
348 498 235 169 315
480 364 132 79 63
72 127 1 65 461
378 125 107 237 475
78 263 300 282 459
492 316 43 49 261
266 337 466 284 319
295 48 203 405 176
485 20 428 427 419
219 333 159 356 236
221 18 95 458 335
85 140 323 118 27
430 487 418 376 161
389 73 37 292 434
395 491 268 255 211
59 278 294 472 429
296 144 228 101 137
70 25 479 71 301
24 162 244 82 258
119 212 42 253 54
67 220 436 57 194
80 114 155 243 241
402 175 10 494 31
56 111 74 342 183
297 214 470 69 382
344 8 394 131 321
4 87 120 46 187
469 388 157 129 208
26 481 110 202 249
448 478 166 373 198
483 329 391 489 76
196 88 153 90 325
304 375 327 384 407
98 50 445 105 16
15 326 12 272 195
367 122 223 298 280
149 41 467 420 257
410 353 312 201 347
5 374 486 435 185
366 45 403 452 147
496 233 126 310 411
115 254 355 225 154
348 498 235 169 315
480 364 132 79 63
72 127 1 65 461
378 125 107 237 475
78 263 300 282 459
492 316 43 49 261
266 337 466 284 319
295 48 203 405 176
485 20 428 427 419
219 333 159 356 236
221 18 95 458 335
85 140 323 118 27
430 487 418 376 161
389 73 37 292 434
395 491 268 255 211
289 66 19 17 182
59 278 294 472 429
296 144 228 101 137
70 25 479 71 301
24 162 244 82 258
119 212 42 253 54
67 220 436 57 194
80 114 155 243 241
402 175 10 494 31
56 111 74 342 183
297 214 470 69 382
344 8 394 131 321
4 87 120 46 187
469 388 157 129 208
26 481 110 202 249
448 478 166 373 198
483 329 391 489 76
196 88 153 90 325
304 375 327 384 407
98 50 445 105 16
15 326 12 272 195
367 122 223 298 280
149 41 467 420 257
410 353 312 201 347
5 374 486 435 185
366 45 403 452 147
496 233 126 310 411
115 254 355 225 154
348 498 235 169 315
480 364 132 79 63
72 127 1 65 461
378 125 107 237 475
78 263 300 282 459
492 316 43 49 261
266 337 466 284 319
295 48 203 405 176
485 20 428 427 419
219 333 159 356 236
221 18 95 458 335
85 140 323 118 27
430 487 418 376 161
389 73 37 292 434
395 491 268 255 211
289 66 19 17 182
256 234 274 55 273
59 278 294 472 429
296 144 228 101 137
70 25 479 71 301
24 162 244 82 258
119 212 42 253 54
67 220 436 57 194
80 114 155 243 241
402 175 10 494 31
56 111 74 342 183
297 214 470 69 382
344 8 394 131 321
4 87 120 46 187
469 388 157 129 208
26 481 110 202 249
448 478 166 373 198
483 329 391 489 76
196 88 153 90 325
304 375 327 384 407
98 50 445 105 16
15 326 12 272 195
367 122 223 298 280
149 41 467 420 257
410 353 312 201 347
5 374 486 435 185
366 45 403 452 147
496 233 126 310 411
115 254 355 225 154
348 498 235 169 315
480 364 132 79 63
72 127 1 65 461
378 125 107 237 475
78 263 300 282 459
492 316 43 49 261
266 337 466 284 319
295 48 203 405 176
485 20 428 427 419
219 333 159 356 236
221 18 95 458 335
85 140 323 118 27
430 487 418 376 161
389 73 37 292 434
395 491 268 255 211
289 66 19 17 182
256 234 274 55 273
426 248 40 164 109
59 278 294 472 429
296 144 228 101 137
70 25 479 71 301
24 162 244 82 258
119 212 42 253 54
67 220 436 57 194
80 114 155 243 241
402 175 10 494 31
56 111 74 342 183
297 214 470 69 382
344 8 394 131 321
4 87 120 46 187
469 388 157 129 208
26 481 110 202 249
448 478 166 373 198
483 329 391 489 76
196 88 153 90 325
304 375 327 384 407
98 50 445 105 16
15 326 12 272 195
367 122 223 298 280
149 41 467 420 257
410 353 312 201 347
5 374 486 435 185
366 45 403 452 147
496 233 126 310 411
115 254 355 225 154
348 498 235 169 315
480 364 132 79 63
72 127 1 65 461
378 125 107 237 475
78 263 300 282 459
492 316 43 49 261
266 337 466 284 319
295 48 203 405 176
485 20 428 427 419
219 333 159 356 236
221 18 95 458 335
85 140 323 118 27
430 487 418 376 161
389 73 37 292 434
395 491 268 255 211
289 66 19 17 182
256 234 274 55 273
426 248 40 164 109
311 44 409 128 404
59 278 294 472 429
296 144 228 101 137
70 25 479 71 301
24 162 244 82 258
119 212 42 253 54
67 220 436 57 194
80 114 155 243 241
402 175 10 494 31
56 111 74 342 183
297 214 470 69 382
344 8 394 131 321
4 87 120 46 187
469 388 157 129 208
26 481 110 202 249
448 478 166 373 198
483 329 391 489 76
196 88 153 90 325
304 375 327 384 407
98 50 445 105 16
15 326 12 272 195
367 122 223 298 280
149 41 467 420 257
410 353 312 201 347
5 374 486 435 185
366 45 403 452 147
496 233 126 310 411
115 254 355 225 154
348 498 235 169 315
480 364 132 79 63
72 127 1 65 461
378 125 107 237 475
78 263 300 282 459
492 316 43 49 261
266 337 466 284 319
295 48 203 405 176
485 20 428 427 419
219 333 159 356 236
221 18 95 458 335
85 140 323 118 27
430 487 418 376 161
389 73 37 292 434
395 491 268 255 211
289 66 19 17 182
256 234 274 55 273
426 248 40 164 109
311 44 409 128 404
151 431 189 117 421
59 278 294 472 429
296 144 228 101 137
70 25 479 71 301
24 162 244 82 258
119 212 42 253 54
67 220 436 57 194
80 114 155 243 241
402 175 10 494 31
56 111 74 342 183
297 214 470 69 382
344 8 394 131 321
4 87 120 46 187
469 388 157 129 208
26 481 110 202 249
448 478 166 373 198
483 329 391 489 76
196 88 153 90 325
304 375 327 384 407
98 50 445 105 16
15 326 12 272 195
367 122 223 298 280
149 41 467 420 257
410 353 312 201 347
5 374 486 435 185
366 45 403 452 147
496 233 126 310 411
115 254 355 225 154
348 498 235 169 315
480 364 132 79 63
72 127 1 65 461
378 125 107 237 475
78 263 300 282 459
492 316 43 49 261
266 337 466 284 319
295 48 203 405 176
485 20 428 427 419
219 333 159 356 236
221 18 95 458 335
85 140 323 118 27
430 487 418 376 161
389 73 37 292 434
395 491 268 255 211
289 66 19 17 182
256 234 274 55 273
426 248 40 164 109
311 44 409 128 404
151 431 189 117 421
130 341 190 96 362
59 278 294 472 429
296 144 228 101 137
70 25 479 71 301
24 162 244 82 258
119 212 42 253 54
67 220 436 57 194
80 114 155 243 241
402 175 10 494 31
56 111 74 342 183
297 214 470 69 382
344 8 394 131 321
4 87 120 46 187
469 388 157 129 208
26 481 110 202 249
448 478 166 373 198
483 329 391 489 76
196 88 153 90 325
304 375 327 384 407
98 50 445 105 16
15 326 12 272 195
367 122 223 298 280
149 41 467 420 257
410 353 312 201 347
5 374 486 435 185
366 45 403 452 147
496 233 126 310 411
115 254 355 225 154
348 498 235 169 315
480 364 132 79 63
72 127 1 65 461
378 125 107 237 475
78 263 300 282 459
492 316 43 49 261
266 337 466 284 319
295 48 203 405 176
485 20 428 427 419
219 333 159 356 236
221 18 95 458 335
85 140 323 118 27
430 487 418 376 161
389 73 37 292 434
395 491 268 255 211
289 66 19 17 182
256 234 274 55 273
426 248 40 164 109
311 44 409 128 404
151 431 189 117 421
130 341 190 96 362
231 92 108 35 338
59 278 294 472 429
296 144 228 101 137
70 25 479 71 301
24 162 244 82 258
119 212 42 253 54
67 220 436 57 194
80 114 155 243 241
402 175 10 494 31
56 111 74 342 183
297 214 470 69 382
344 8 394 131 321
4 87 120 46 187
469 388 157 129 208
26 481 110 202 249
448 478 166 373 198
483 329 391 489 76
196 88 153 90 325
304 375 327 384 407
98 50 445 105 16
15 326 12 272 195
367 122 223 298 280
149 41 467 420 257
410 353 312 201 347
5 374 486 435 185
366 45 403 452 147
496 233 126 310 411
115 254 355 225 154
348 498 235 169 315
480 364 132 79 63
72 127 1 65 461
378 125 107 237 475
78 263 300 282 459
492 316 43 49 261
266 337 466 284 319
295 48 203 405 176
485 20 428 427 419
219 333 159 356 236
221 18 95 458 335
85 140 323 118 27
430 487 418 376 161
389 73 37 292 434
395 491 268 255 211
289 66 19 17 182
256 234 274 55 273
426 248 40 164 109
311 44 409 128 404
151 431 189 117 421
130 341 190 96 362
231 92 108 35 338
354 36 9 277 440
