171 280 85 464
171 280 85 464
275 430 2 283
171 280 85 464
275 430 2 283
293 322 364 486
171 280 85 464
275 430 2 283
293 322 364 486
386 111 348
171 280 85 464
275 430 2 283
293 322 364 486
386 111 348
351 100
171 280 85 464
275 430 2 283
293 322 364 486
386 111 348
351 100
150 470
171 280 85 464
275 430 2 283
293 322 364 486
386 111 348
351 100
150 470
168 367
171 280 85 464
275 430 2 283
293 322 364 486
386 111 348
351 100
150 470
168 367
70 415
171 280 85 464
275 430 2 283
293 322 364 486
386 111 348
351 100
150 470
168 367
70 415
264 253
171 280 85 464
275 430 2 283
293 322 364 486
386 111 348
351 100
150 470
168 367
70 415
264 253
172 33
171 280 85 464
275 430 2 283
293 322 364 486
386 111 348
351 100
150 470
168 367
70 415
264 253
172 33
369 305
171 280 85 464
275 430 2 283
293 322 364 486
386 111 348
351 100
150 470
168 367
70 415
264 253
172 33
369 305
349 474
