343 344 345
343 344 345
84 85 86
343 344 345
84 85 86
154 155 156
343 344 345
84 85 86
154 155 156
147 148 149
343 344 345
84 85 86
154 155 156
147 148 149
140 141 142
343 344 345
84 85 86
154 155 156
147 148 149
140 141 142
133 134 135
343 344 345
84 85 86
154 155 156
147 148 149
140 141 142
133 134 135
126 127 128
343 344 345
84 85 86
154 155 156
147 148 149
140 141 142
133 134 135
126 127 128
119 120 121
343 344 345
84 85 86
154 155 156
147 148 149
140 141 142
133 134 135
126 127 128
119 120 121
112 113 114
343 344 345
84 85 86
154 155 156
147 148 149
140 141 142
133 134 135
126 127 128
119 120 121
112 113 114
105 106 107
343 344 345
84 85 86
154 155 156
147 148 149
140 141 142
133 134 135
126 127 128
119 120 121
112 113 114
105 106 107
98 99 100
343 344 345
84 85 86
154 155 156
147 148 149
140 141 142
133 134 135
126 127 128
119 120 121
112 113 114
105 106 107
98 99 100
91 92 93
343 344 345
84 85 86
154 155 156
147 148 149
140 141 142
133 134 135
126 127 128
119 120 121
112 113 114
105 106 107
98 99 100
91 92 93
77 78 79
343 344 345
84 85 86
154 155 156
147 148 149
140 141 142
133 134 135
126 127 128
119 120 121
112 113 114
105 106 107
98 99 100
91 92 93
77 78 79
336 337 338
343 344 345
84 85 86
154 155 156
147 148 149
140 141 142
133 134 135
126 127 128
119 120 121
112 113 114
105 106 107
98 99 100
91 92 93
77 78 79
336 337 338
70 71 72
343 344 345
84 85 86
154 155 156
147 148 149
140 141 142
133 134 135
126 127 128
119 120 121
112 113 114
105 106 107
98 99 100
91 92 93
77 78 79
336 337 338
70 71 72
63 64 65
343 344 345
84 85 86
154 155 156
147 148 149
140 141 142
133 134 135
126 127 128
119 120 121
112 113 114
105 106 107
98 99 100
91 92 93
77 78 79
336 337 338
70 71 72
63 64 65
56 57 58
343 344 345
84 85 86
154 155 156
147 148 149
140 141 142
133 134 135
126 127 128
119 120 121
112 113 114
105 106 107
98 99 100
91 92 93
77 78 79
336 337 338
70 71 72
63 64 65
56 57 58
49 50 51
343 344 345
84 85 86
154 155 156
147 148 149
140 141 142
133 134 135
126 127 128
119 120 121
112 113 114
105 106 107
98 99 100
91 92 93
77 78 79
336 337 338
70 71 72
63 64 65
56 57 58
49 50 51
42 43 44
343 344 345
84 85 86
154 155 156
147 148 149
140 141 142
133 134 135
126 127 128
119 120 121
112 113 114
105 106 107
98 99 100
91 92 93
77 78 79
336 337 338
70 71 72
63 64 65
56 57 58
49 50 51
42 43 44
35 36 37
343 344 345
84 85 86
154 155 156
147 148 149
140 141 142
133 134 135
126 127 128
119 120 121
112 113 114
105 106 107
98 99 100
91 92 93
77 78 79
336 337 338
70 71 72
63 64 65
56 57 58
49 50 51
42 43 44
35 36 37
28 29 30
343 344 345
84 85 86
154 155 156
147 148 149
140 141 142
133 134 135
126 127 128
119 120 121
112 113 114
105 106 107
98 99 100
91 92 93
77 78 79
336 337 338
70 71 72
63 64 65
56 57 58
49 50 51
42 43 44
35 36 37
28 29 30
21 22 23
343 344 345
84 85 86
154 155 156
147 148 149
140 141 142
133 134 135
126 127 128
119 120 121
112 113 114
105 106 107
98 99 100
91 92 93
77 78 79
336 337 338
70 71 72
63 64 65
56 57 58
49 50 51
42 43 44
35 36 37
28 29 30
21 22 23
14 15 16
343 344 345
84 85 86
154 155 156
147 148 149
140 141 142
133 134 135
126 127 128
119 120 121
112 113 114
105 106 107
98 99 100
91 92 93
77 78 79
336 337 338
70 71 72
63 64 65
56 57 58
49 50 51
42 43 44
35 36 37
28 29 30
21 22 23
14 15 16
7 8 9
343 344 345
84 85 86
154 155 156
147 148 149
140 141 142
133 134 135
126 127 128
119 120 121
112 113 114
105 106 107
98 99 100
91 92 93
77 78 79
336 337 338
70 71 72
63 64 65
56 57 58
49 50 51
42 43 44
35 36 37
28 29 30
21 22 23
14 15 16
7 8 9
161 162 163
343 344 345
84 85 86
154 155 156
147 148 149
140 141 142
133 134 135
126 127 128
119 120 121
112 113 114
105 106 107
98 99 100
91 92 93
77 78 79
336 337 338
70 71 72
63 64 65
56 57 58
49 50 51
42 43 44
35 36 37
28 29 30
21 22 23
14 15 16
7 8 9
161 162 163
168 169 170
343 344 345
84 85 86
154 155 156
147 148 149
140 141 142
133 134 135
126 127 128
119 120 121
112 113 114
105 106 107
98 99 100
91 92 93
77 78 79
336 337 338
70 71 72
63 64 65
56 57 58
49 50 51
42 43 44
35 36 37
28 29 30
21 22 23
14 15 16
7 8 9
161 162 163
168 169 170
175 176 177
343 344 345
84 85 86
154 155 156
147 148 149
140 141 142
133 134 135
126 127 128
119 120 121
112 113 114
105 106 107
98 99 100
91 92 93
77 78 79
336 337 338
70 71 72
63 64 65
56 57 58
49 50 51
42 43 44
35 36 37
28 29 30
21 22 23
14 15 16
7 8 9
161 162 163
168 169 170
175 176 177
182 183 184
343 344 345
84 85 86
154 155 156
147 148 149
140 141 142
133 134 135
126 127 128
119 120 121
112 113 114
105 106 107
98 99 100
91 92 93
77 78 79
336 337 338
70 71 72
63 64 65
56 57 58
49 50 51
42 43 44
35 36 37
28 29 30
21 22 23
14 15 16
7 8 9
161 162 163
168 169 170
175 176 177
182 183 184
329 330 331
343 344 345
84 85 86
154 155 156
147 148 149
140 141 142
133 134 135
126 127 128
119 120 121
112 113 114
105 106 107
98 99 100
91 92 93
77 78 79
336 337 338
70 71 72
63 64 65
56 57 58
49 50 51
42 43 44
35 36 37
28 29 30
21 22 23
14 15 16
7 8 9
161 162 163
168 169 170
175 176 177
182 183 184
329 330 331
322 323 324
343 344 345
84 85 86
154 155 156
147 148 149
140 141 142
133 134 135
126 127 128
119 120 121
112 113 114
105 106 107
98 99 100
91 92 93
77 78 79
336 337 338
70 71 72
63 64 65
56 57 58
49 50 51
42 43 44
35 36 37
28 29 30
21 22 23
14 15 16
7 8 9
161 162 163
168 169 170
175 176 177
182 183 184
329 330 331
322 323 324
315 316 317
343 344 345
84 85 86
154 155 156
147 148 149
140 141 142
133 134 135
126 127 128
119 120 121
112 113 114
105 106 107
98 99 100
91 92 93
77 78 79
336 337 338
70 71 72
63 64 65
56 57 58
49 50 51
42 43 44
35 36 37
28 29 30
21 22 23
14 15 16
7 8 9
161 162 163
168 169 170
175 176 177
182 183 184
329 330 331
322 323 324
315 316 317
308 309 310
343 344 345
84 85 86
154 155 156
147 148 149
140 141 142
133 134 135
126 127 128
119 120 121
112 113 114
105 106 107
98 99 100
91 92 93
77 78 79
336 337 338
70 71 72
63 64 65
56 57 58
49 50 51
42 43 44
35 36 37
28 29 30
21 22 23
14 15 16
7 8 9
161 162 163
168 169 170
175 176 177
182 183 184
329 330 331
322 323 324
315 316 317
308 309 310
301 302 303
343 344 345
84 85 86
154 155 156
147 148 149
140 141 142
133 134 135
126 127 128
119 120 121
112 113 114
105 106 107
98 99 100
91 92 93
77 78 79
336 337 338
70 71 72
63 64 65
56 57 58
49 50 51
42 43 44
35 36 37
28 29 30
21 22 23
14 15 16
7 8 9
161 162 163
168 169 170
175 176 177
182 183 184
329 330 331
322 323 324
315 316 317
308 309 310
301 302 303
294 295 296
343 344 345
84 85 86
154 155 156
147 148 149
140 141 142
133 134 135
126 127 128
119 120 121
112 113 114
105 106 107
98 99 100
91 92 93
77 78 79
336 337 338
70 71 72
63 64 65
56 57 58
49 50 51
42 43 44
35 36 37
28 29 30
21 22 23
14 15 16
7 8 9
161 162 163
168 169 170
175 176 177
182 183 184
329 330 331
322 323 324
315 316 317
308 309 310
301 302 303
294 295 296
287 288 289
343 344 345
84 85 86
154 155 156
147 148 149
140 141 142
133 134 135
126 127 128
119 120 121
112 113 114
105 106 107
98 99 100
91 92 93
77 78 79
336 337 338
70 71 72
63 64 65
56 57 58
49 50 51
42 43 44
35 36 37
28 29 30
21 22 23
14 15 16
7 8 9
161 162 163
168 169 170
175 176 177
182 183 184
329 330 331
322 323 324
315 316 317
308 309 310
301 302 303
294 295 296
287 288 289
280 281 282
343 344 345
84 85 86
154 155 156
147 148 149
140 141 142
133 134 135
126 127 128
119 120 121
112 113 114
105 106 107
98 99 100
91 92 93
77 78 79
336 337 338
70 71 72
63 64 65
56 57 58
49 50 51
42 43 44
35 36 37
28 29 30
21 22 23
14 15 16
7 8 9
161 162 163
168 169 170
175 176 177
182 183 184
329 330 331
322 323 324
315 316 317
308 309 310
301 302 303
294 295 296
287 288 289
280 281 282
273 274 275
343 344 345
84 85 86
154 155 156
147 148 149
140 141 142
133 134 135
126 127 128
119 120 121
112 113 114
105 106 107
98 99 100
91 92 93
77 78 79
336 337 338
70 71 72
63 64 65
56 57 58
49 50 51
42 43 44
35 36 37
28 29 30
21 22 23
14 15 16
7 8 9
161 162 163
168 169 170
175 176 177
182 183 184
329 330 331
322 323 324
315 316 317
308 309 310
301 302 303
294 295 296
287 288 289
280 281 282
273 274 275
266 267 268
343 344 345
84 85 86
154 155 156
147 148 149
140 141 142
133 134 135
126 127 128
119 120 121
112 113 114
105 106 107
98 99 100
91 92 93
77 78 79
336 337 338
70 71 72
63 64 65
56 57 58
49 50 51
42 43 44
35 36 37
28 29 30
21 22 23
14 15 16
7 8 9
161 162 163
168 169 170
175 176 177
182 183 184
329 330 331
322 323 324
315 316 317
308 309 310
301 302 303
294 295 296
287 288 289
280 281 282
273 274 275
266 267 268
259 260 261
343 344 345
84 85 86
154 155 156
147 148 149
140 141 142
133 134 135
126 127 128
119 120 121
112 113 114
105 106 107
98 99 100
91 92 93
77 78 79
336 337 338
70 71 72
63 64 65
56 57 58
49 50 51
42 43 44
35 36 37
28 29 30
21 22 23
14 15 16
7 8 9
161 162 163
168 169 170
175 176 177
182 183 184
329 330 331
322 323 324
315 316 317
308 309 310
301 302 303
294 295 296
287 288 289
280 281 282
273 274 275
266 267 268
259 260 261
252 253 254
343 344 345
84 85 86
154 155 156
147 148 149
140 141 142
133 134 135
126 127 128
119 120 121
112 113 114
105 106 107
98 99 100
91 92 93
77 78 79
336 337 338
70 71 72
63 64 65
56 57 58
49 50 51
42 43 44
35 36 37
28 29 30
21 22 23
14 15 16
7 8 9
161 162 163
168 169 170
175 176 177
182 183 184
329 330 331
322 323 324
315 316 317
308 309 310
301 302 303
294 295 296
287 288 289
280 281 282
273 274 275
266 267 268
259 260 261
252 253 254
245 246 247
343 344 345
84 85 86
154 155 156
147 148 149
140 141 142
133 134 135
126 127 128
119 120 121
112 113 114
105 106 107
98 99 100
91 92 93
77 78 79
336 337 338
70 71 72
63 64 65
56 57 58
49 50 51
42 43 44
35 36 37
28 29 30
21 22 23
14 15 16
7 8 9
161 162 163
168 169 170
175 176 177
182 183 184
329 330 331
322 323 324
315 316 317
308 309 310
301 302 303
294 295 296
287 288 289
280 281 282
273 274 275
266 267 268
259 260 261
252 253 254
245 246 247
238 239 240
343 344 345
84 85 86
154 155 156
147 148 149
140 141 142
133 134 135
126 127 128
119 120 121
112 113 114
105 106 107
98 99 100
91 92 93
77 78 79
336 337 338
70 71 72
63 64 65
56 57 58
49 50 51
42 43 44
35 36 37
28 29 30
21 22 23
14 15 16
7 8 9
161 162 163
168 169 170
175 176 177
182 183 184
329 330 331
322 323 324
315 316 317
308 309 310
301 302 303
294 295 296
287 288 289
280 281 282
273 274 275
266 267 268
259 260 261
252 253 254
245 246 247
238 239 240
231 232 233
343 344 345
84 85 86
154 155 156
147 148 149
140 141 142
133 134 135
126 127 128
119 120 121
112 113 114
105 106 107
98 99 100
91 92 93
77 78 79
336 337 338
70 71 72
63 64 65
56 57 58
49 50 51
42 43 44
35 36 37
28 29 30
21 22 23
14 15 16
7 8 9
161 162 163
168 169 170
175 176 177
182 183 184
329 330 331
322 323 324
315 316 317
308 309 310
301 302 303
294 295 296
287 288 289
280 281 282
273 274 275
266 267 268
259 260 261
252 253 254
245 246 247
238 239 240
231 232 233
224 225 226
343 344 345
84 85 86
154 155 156
147 148 149
140 141 142
133 134 135
126 127 128
119 120 121
112 113 114
105 106 107
98 99 100
91 92 93
77 78 79
336 337 338
70 71 72
63 64 65
56 57 58
49 50 51
42 43 44
35 36 37
28 29 30
21 22 23
14 15 16
7 8 9
161 162 163
168 169 170
175 176 177
182 183 184
329 330 331
322 323 324
315 316 317
308 309 310
301 302 303
294 295 296
287 288 289
280 281 282
273 274 275
266 267 268
259 260 261
252 253 254
245 246 247
238 239 240
231 232 233
224 225 226
217 218 219
343 344 345
84 85 86
154 155 156
147 148 149
140 141 142
133 134 135
126 127 128
119 120 121
112 113 114
105 106 107
98 99 100
91 92 93
77 78 79
336 337 338
70 71 72
63 64 65
56 57 58
49 50 51
42 43 44
35 36 37
28 29 30
21 22 23
14 15 16
7 8 9
161 162 163
168 169 170
175 176 177
182 183 184
329 330 331
322 323 324
315 316 317
308 309 310
301 302 303
294 295 296
287 288 289
280 281 282
273 274 275
266 267 268
259 260 261
252 253 254
245 246 247
238 239 240
231 232 233
224 225 226
217 218 219
210 211 212
343 344 345
84 85 86
154 155 156
147 148 149
140 141 142
133 134 135
126 127 128
119 120 121
112 113 114
105 106 107
98 99 100
91 92 93
77 78 79
336 337 338
70 71 72
63 64 65
56 57 58
49 50 51
42 43 44
35 36 37
28 29 30
21 22 23
14 15 16
7 8 9
161 162 163
168 169 170
175 176 177
182 183 184
329 330 331
322 323 324
315 316 317
308 309 310
301 302 303
294 295 296
287 288 289
280 281 282
273 274 275
266 267 268
259 260 261
252 253 254
245 246 247
238 239 240
231 232 233
224 225 226
217 218 219
210 211 212
203 204 205
343 344 345
84 85 86
154 155 156
147 148 149
140 141 142
133 134 135
126 127 128
119 120 121
112 113 114
105 106 107
98 99 100
91 92 93
77 78 79
336 337 338
70 71 72
63 64 65
56 57 58
49 50 51
42 43 44
35 36 37
28 29 30
21 22 23
14 15 16
7 8 9
161 162 163
168 169 170
175 176 177
182 183 184
329 330 331
322 323 324
315 316 317
308 309 310
301 302 303
294 295 296
287 288 289
280 281 282
273 274 275
266 267 268
259 260 261
252 253 254
245 246 247
238 239 240
231 232 233
224 225 226
217 218 219
210 211 212
203 204 205
196 197 198
343 344 345
84 85 86
154 155 156
147 148 149
140 141 142
133 134 135
126 127 128
119 120 121
112 113 114
105 106 107
98 99 100
91 92 93
77 78 79
336 337 338
70 71 72
63 64 65
56 57 58
49 50 51
42 43 44
35 36 37
28 29 30
21 22 23
14 15 16
7 8 9
161 162 163
168 169 170
175 176 177
182 183 184
329 330 331
322 323 324
315 316 317
308 309 310
301 302 303
294 295 296
287 288 289
280 281 282
273 274 275
266 267 268
259 260 261
252 253 254
245 246 247
238 239 240
231 232 233
224 225 226
217 218 219
210 211 212
203 204 205
196 197 198
189 190 191
343 344 345
84 85 86
154 155 156
147 148 149
140 141 142
133 134 135
126 127 128
119 120 121
112 113 114
105 106 107
98 99 100
91 92 93
77 78 79
336 337 338
70 71 72
63 64 65
56 57 58
49 50 51
42 43 44
35 36 37
28 29 30
21 22 23
14 15 16
7 8 9
161 162 163
168 169 170
175 176 177
182 183 184
329 330 331
322 323 324
315 316 317
308 309 310
301 302 303
294 295 296
287 288 289
280 281 282
273 274 275
266 267 268
259 260 261
252 253 254
245 246 247
238 239 240
231 232 233
224 225 226
217 218 219
210 211 212
203 204 205
196 197 198
189 190 191
0 1 2
