341 101 42 124 289
207 11 278 3 279
386 23 140 199 27
306 165 106 168 102
130 368 290 266 32
317 35 291 301 344
322 63 378 205 328
175 247 310 68 220
15 173 47 49 109
304 231 103 308 7
138 255 186 269 236
122 52 272 338 158
185 116 349 25 259
362 334 10 372 172
390 182 139 257 190
89 335 235 251 261
354 295 66 333 13
152 226 379 24 276
230 381 214 274 148
323 221 228 12 193
325 96 75 78 164
355 128 1 219 126
41 153 174 180 359
397 297 18 40 203
371 4 187 99 36
91 46 225 125 339
311 169 340 178 98
319 33 206 59 244
282 111 71 246 209
358 258 108 204 5
224 223 253 129 307
151 285 22 115 110
198 287 212 155 299
123 240 326 245 166
61 93 84 254 211
74 92 56 346 159
150 69 298 65 229
370 55 248 104 324
208 133 176 374 343
218 117 360 9 391
