200 113 18 308 427
200 113 18 308 427
202 437 92 133
200 113 18 308 427
202 437 92 133
440 306 214 447
200 113 18 308 427
202 437 92 133
440 306 214 447
73 358 359 46 432
200 113 18 308 427
202 437 92 133
440 306 214 447
73 358 359 46 432
383 293 382
200 113 18 308 427
202 437 92 133
440 306 214 447
73 358 359 46 432
383 293 382
401 23
200 113 18 308 427
202 437 92 133
440 306 214 447
73 358 359 46 432
383 293 382
401 23
148 163
200 113 18 308 427
202 437 92 133
440 306 214 447
73 358 359 46 432
383 293 382
401 23
148 163
431 1
200 113 18 308 427
202 437 92 133
440 306 214 447
73 358 359 46 432
383 293 382
401 23
148 163
431 1
297 187 466
200 113 18 308 427
202 437 92 133
440 306 214 447
73 358 359 46 432
383 293 382
401 23
148 163
431 1
297 187 466
167 324
200 113 18 308 427
202 437 92 133
440 306 214 447
73 358 359 46 432
383 293 382
401 23
148 163
431 1
297 187 466
167 324
117 387
200 113 18 308 427
202 437 92 133
440 306 214 447
73 358 359 46 432
383 293 382
401 23
148 163
431 1
297 187 466
167 324
117 387
250 398
