167 85 15 67 6
167 85 15 67 6
58 138 160 8 151
167 85 15 67 6
58 138 160 8 151
100 176 142 90 185
167 85 15 67 6
58 138 160 8 151
100 176 142 90 185
136 17 42 46 23
167 85 15 67 6
58 138 160 8 151
100 176 142 90 185
136 17 42 46 23
32 110 79 28 181
167 85 15 67 6
58 138 160 8 151
100 176 142 90 185
136 17 42 46 23
32 110 79 28 181
20 98 27 12 156
167 85 15 67 6
58 138 160 8 151
100 176 142 90 185
136 17 42 46 23
32 110 79 28 181
20 98 27 12 156
60 38 45 65 88
167 85 15 67 6
58 138 160 8 151
100 176 142 90 185
136 17 42 46 23
32 110 79 28 181
20 98 27 12 156
60 38 45 65 88
190 153 133 172 108
167 85 15 67 6
58 138 160 8 151
100 176 142 90 185
136 17 42 46 23
32 110 79 28 181
20 98 27 12 156
60 38 45 65 88
190 153 133 172 108
11 191 139 159 147
167 85 15 67 6
58 138 160 8 151
100 176 142 90 185
136 17 42 46 23
32 110 79 28 181
20 98 27 12 156
60 38 45 65 88
190 153 133 172 108
11 191 139 159 147
149 135 177 41 49
167 85 15 67 6
58 138 160 8 151
100 176 142 90 185
136 17 42 46 23
32 110 79 28 181
20 98 27 12 156
60 38 45 65 88
190 153 133 172 108
11 191 139 159 147
149 135 177 41 49
69 189 148 95 122
167 85 15 67 6
58 138 160 8 151
100 176 142 90 185
136 17 42 46 23
32 110 79 28 181
20 98 27 12 156
60 38 45 65 88
190 153 133 172 108
11 191 139 159 147
149 135 177 41 49
69 189 148 95 122
68 146 19 105 52
167 85 15 67 6
58 138 160 8 151
100 176 142 90 185
136 17 42 46 23
32 110 79 28 181
20 98 27 12 156
60 38 45 65 88
190 153 133 172 108
11 191 139 159 147
149 135 177 41 49
69 189 148 95 122
68 146 19 105 52
1 5 39 64 183
167 85 15 67 6
58 138 160 8 151
100 176 142 90 185
136 17 42 46 23
32 110 79 28 181
20 98 27 12 156
60 38 45 65 88
190 153 133 172 108
11 191 139 159 147
149 135 177 41 49
69 189 148 95 122
68 146 19 105 52
1 5 39 64 183
91 184 129 50 119
167 85 15 67 6
58 138 160 8 151
100 176 142 90 185
136 17 42 46 23
32 110 79 28 181
20 98 27 12 156
60 38 45 65 88
190 153 133 172 108
11 191 139 159 147
149 135 177 41 49
69 189 148 95 122
68 146 19 105 52
1 5 39 64 183
91 184 129 50 119
128 51 74 93 152
167 85 15 67 6
58 138 160 8 151
100 176 142 90 185
136 17 42 46 23
32 110 79 28 181
20 98 27 12 156
60 38 45 65 88
190 153 133 172 108
11 191 139 159 147
149 135 177 41 49
69 189 148 95 122
68 146 19 105 52
1 5 39 64 183
91 184 129 50 119
128 51 74 93 152
124 171 114 193 103
167 85 15 67 6
58 138 160 8 151
100 176 142 90 185
136 17 42 46 23
32 110 79 28 181
20 98 27 12 156
60 38 45 65 88
190 153 133 172 108
11 191 139 159 147
149 135 177 41 49
69 189 148 95 122
68 146 19 105 52
1 5 39 64 183
91 184 129 50 119
128 51 74 93 152
124 171 114 193 103
121 84 2 63 54
167 85 15 67 6
58 138 160 8 151
100 176 142 90 185
136 17 42 46 23
32 110 79 28 181
20 98 27 12 156
60 38 45 65 88
190 153 133 172 108
11 191 139 159 147
149 135 177 41 49
69 189 148 95 122
68 146 19 105 52
1 5 39 64 183
91 184 129 50 119
128 51 74 93 152
124 171 114 193 103
121 84 2 63 54
66 82 57 35 96
167 85 15 67 6
58 138 160 8 151
100 176 142 90 185
136 17 42 46 23
32 110 79 28 181
20 98 27 12 156
60 38 45 65 88
190 153 133 172 108
11 191 139 159 147
149 135 177 41 49
69 189 148 95 122
68 146 19 105 52
1 5 39 64 183
91 184 129 50 119
128 51 74 93 152
124 171 114 193 103
121 84 2 63 54
66 82 57 35 96
170 4 111 195 179
167 85 15 67 6
58 138 160 8 151
100 176 142 90 185
136 17 42 46 23
32 110 79 28 181
20 98 27 12 156
60 38 45 65 88
190 153 133 172 108
11 191 139 159 147
149 135 177 41 49
69 189 148 95 122
68 146 19 105 52
1 5 39 64 183
91 184 129 50 119
128 51 74 93 152
124 171 114 193 103
121 84 2 63 54
66 82 57 35 96
170 4 111 195 179
182 113 18 59 71
