419 292 180 207 54
419 292 180 207 54
85 483 484 366 143
419 292 180 207 54
85 483 484 366 143
60 175 223 213 468
419 292 180 207 54
85 483 484 366 143
60 175 223 213 468
1 3 7 308 38
419 292 180 207 54
85 483 484 366 143
60 175 223 213 468
1 3 7 308 38
125 79 206 156 395
419 292 180 207 54
85 483 484 366 143
60 175 223 213 468
1 3 7 308 38
125 79 206 156 395
285 153 381 427 114
419 292 180 207 54
85 483 484 366 143
60 175 223 213 468
1 3 7 308 38
125 79 206 156 395
285 153 381 427 114
312 181 221 37 480
419 292 180 207 54
85 483 484 366 143
60 175 223 213 468
1 3 7 308 38
125 79 206 156 395
285 153 381 427 114
312 181 221 37 480
202 130 209 469 456
419 292 180 207 54
85 483 484 366 143
60 175 223 213 468
1 3 7 308 38
125 79 206 156 395
285 153 381 427 114
312 181 221 37 480
202 130 209 469 456
148 132 62 341 352
419 292 180 207 54
85 483 484 366 143
60 175 223 213 468
1 3 7 308 38
125 79 206 156 395
285 153 381 427 114
312 181 221 37 480
202 130 209 469 456
148 132 62 341 352
321 121 214 332 212
419 292 180 207 54
85 483 484 366 143
60 175 223 213 468
1 3 7 308 38
125 79 206 156 395
285 153 381 427 114
312 181 221 37 480
202 130 209 469 456
148 132 62 341 352
321 121 214 332 212
305 328 229 137 407
419 292 180 207 54
85 483 484 366 143
60 175 223 213 468
1 3 7 308 38
125 79 206 156 395
285 153 381 427 114
312 181 221 37 480
202 130 209 469 456
148 132 62 341 352
321 121 214 332 212
305 328 229 137 407
432 95 319 446 190
419 292 180 207 54
85 483 484 366 143
60 175 223 213 468
1 3 7 308 38
125 79 206 156 395
285 153 381 427 114
312 181 221 37 480
202 130 209 469 456
148 132 62 341 352
321 121 214 332 212
305 328 229 137 407
432 95 319 446 190
274 479 131 22 118
419 292 180 207 54
85 483 484 366 143
60 175 223 213 468
1 3 7 308 38
125 79 206 156 395
285 153 381 427 114
312 181 221 37 480
202 130 209 469 456
148 132 62 341 352
321 121 214 332 212
305 328 229 137 407
432 95 319 446 190
274 479 131 22 118
444 96 173 403 201
419 292 180 207 54
85 483 484 366 143
60 175 223 213 468
1 3 7 308 38
125 79 206 156 395
285 153 381 427 114
312 181 221 37 480
202 130 209 469 456
148 132 62 341 352
321 121 214 332 212
305 328 229 137 407
432 95 319 446 190
274 479 131 22 118
444 96 173 403 201
75 86 318 80 426
419 292 180 207 54
85 483 484 366 143
60 175 223 213 468
1 3 7 308 38
125 79 206 156 395
285 153 381 427 114
312 181 221 37 480
202 130 209 469 456
148 132 62 341 352
321 121 214 332 212
305 328 229 137 407
432 95 319 446 190
274 479 131 22 118
444 96 173 403 201
75 86 318 80 426
170 6 301 359 255
419 292 180 207 54
85 483 484 366 143
60 175 223 213 468
1 3 7 308 38
125 79 206 156 395
285 153 381 427 114
312 181 221 37 480
202 130 209 469 456
148 132 62 341 352
321 121 214 332 212
305 328 229 137 407
432 95 319 446 190
274 479 131 22 118
444 96 173 403 201
75 86 318 80 426
170 6 301 359 255
52 272 354 387 373
419 292 180 207 54
85 483 484 366 143
60 175 223 213 468
1 3 7 308 38
125 79 206 156 395
285 153 381 427 114
312 181 221 37 480
202 130 209 469 456
148 132 62 341 352
321 121 214 332 212
305 328 229 137 407
432 95 319 446 190
274 479 131 22 118
444 96 173 403 201
75 86 318 80 426
170 6 301 359 255
52 272 354 387 373
457 310 390 433 107
419 292 180 207 54
85 483 484 366 143
60 175 223 213 468
1 3 7 308 38
125 79 206 156 395
285 153 381 427 114
312 181 221 37 480
202 130 209 469 456
148 132 62 341 352
321 121 214 332 212
305 328 229 137 407
432 95 319 446 190
274 479 131 22 118
444 96 173 403 201
75 86 318 80 426
170 6 301 359 255
52 272 354 387 373
457 310 390 433 107
186 356 491 224 350
419 292 180 207 54
85 483 484 366 143
60 175 223 213 468
1 3 7 308 38
125 79 206 156 395
285 153 381 427 114
312 181 221 37 480
202 130 209 469 456
148 132 62 341 352
321 121 214 332 212
305 328 229 137 407
432 95 319 446 190
274 479 131 22 118
444 96 173 403 201
75 86 318 80 426
170 6 301 359 255
52 272 354 387 373
457 310 390 433 107
186 356 491 224 350
257 74 25 392 246
419 292 180 207 54
85 483 484 366 143
60 175 223 213 468
1 3 7 308 38
125 79 206 156 395
285 153 381 427 114
312 181 221 37 480
202 130 209 469 456
148 132 62 341 352
321 121 214 332 212
305 328 229 137 407
432 95 319 446 190
274 479 131 22 118
444 96 173 403 201
75 86 318 80 426
170 6 301 359 255
52 272 354 387 373
457 310 390 433 107
186 356 491 224 350
257 74 25 392 246
185 189 234 225 365
419 292 180 207 54
85 483 484 366 143
60 175 223 213 468
1 3 7 308 38
125 79 206 156 395
285 153 381 427 114
312 181 221 37 480
202 130 209 469 456
148 132 62 341 352
321 121 214 332 212
305 328 229 137 407
432 95 319 446 190
274 479 131 22 118
444 96 173 403 201
75 86 318 80 426
170 6 301 359 255
52 272 354 387 373
457 310 390 433 107
186 356 491 224 350
257 74 25 392 246
185 189 234 225 365
454 138 360 63 134
419 292 180 207 54
85 483 484 366 143
60 175 223 213 468
1 3 7 308 38
125 79 206 156 395
285 153 381 427 114
312 181 221 37 480
202 130 209 469 456
148 132 62 341 352
321 121 214 332 212
305 328 229 137 407
432 95 319 446 190
274 479 131 22 118
444 96 173 403 201
75 86 318 80 426
170 6 301 359 255
52 272 354 387 373
457 310 390 433 107
186 356 491 224 350
257 74 25 392 246
185 189 234 225 365
454 138 360 63 134
4 64 441 279 178
419 292 180 207 54
85 483 484 366 143
60 175 223 213 468
1 3 7 308 38
125 79 206 156 395
285 153 381 427 114
312 181 221 37 480
202 130 209 469 456
148 132 62 341 352
321 121 214 332 212
305 328 229 137 407
432 95 319 446 190
274 479 131 22 118
444 96 173 403 201
75 86 318 80 426
170 6 301 359 255
52 272 354 387 373
457 310 390 433 107
186 356 491 224 350
257 74 25 392 246
185 189 234 225 365
454 138 360 63 134
4 64 441 279 178
112 478 193 459 239
419 292 180 207 54
85 483 484 366 143
60 175 223 213 468
1 3 7 308 38
125 79 206 156 395
285 153 381 427 114
312 181 221 37 480
202 130 209 469 456
148 132 62 341 352
321 121 214 332 212
305 328 229 137 407
432 95 319 446 190
274 479 131 22 118
444 96 173 403 201
75 86 318 80 426
170 6 301 359 255
52 272 354 387 373
457 310 390 433 107
186 356 491 224 350
257 74 25 392 246
185 189 234 225 365
454 138 360 63 134
4 64 441 279 178
112 478 193 459 239
200 195 355 0 342
419 292 180 207 54
85 483 484 366 143
60 175 223 213 468
1 3 7 308 38
125 79 206 156 395
285 153 381 427 114
312 181 221 37 480
202 130 209 469 456
148 132 62 341 352
321 121 214 332 212
305 328 229 137 407
432 95 319 446 190
274 479 131 22 118
444 96 173 403 201
75 86 318 80 426
170 6 301 359 255
52 272 354 387 373
457 310 390 433 107
186 356 491 224 350
257 74 25 392 246
185 189 234 225 365
454 138 360 63 134
4 64 441 279 178
112 478 193 459 239
200 195 355 0 342
290 77 116 161 300
419 292 180 207 54
85 483 484 366 143
60 175 223 213 468
1 3 7 308 38
125 79 206 156 395
285 153 381 427 114
312 181 221 37 480
202 130 209 469 456
148 132 62 341 352
321 121 214 332 212
305 328 229 137 407
432 95 319 446 190
274 479 131 22 118
444 96 173 403 201
75 86 318 80 426
170 6 301 359 255
52 272 354 387 373
457 310 390 433 107
186 356 491 224 350
257 74 25 392 246
185 189 234 225 365
454 138 360 63 134
4 64 441 279 178
112 478 193 459 239
200 195 355 0 342
290 77 116 161 300
56 176 490 353 466
419 292 180 207 54
85 483 484 366 143
60 175 223 213 468
1 3 7 308 38
125 79 206 156 395
285 153 381 427 114
312 181 221 37 480
202 130 209 469 456
148 132 62 341 352
321 121 214 332 212
305 328 229 137 407
432 95 319 446 190
274 479 131 22 118
444 96 173 403 201
75 86 318 80 426
170 6 301 359 255
52 272 354 387 373
457 310 390 433 107
186 356 491 224 350
257 74 25 392 246
185 189 234 225 365
454 138 360 63 134
4 64 441 279 178
112 478 193 459 239
200 195 355 0 342
290 77 116 161 300
56 176 490 353 466
65 391 48 458 231
419 292 180 207 54
85 483 484 366 143
60 175 223 213 468
1 3 7 308 38
125 79 206 156 395
285 153 381 427 114
312 181 221 37 480
202 130 209 469 456
148 132 62 341 352
321 121 214 332 212
305 328 229 137 407
432 95 319 446 190
274 479 131 22 118
444 96 173 403 201
75 86 318 80 426
170 6 301 359 255
52 272 354 387 373
457 310 390 433 107
186 356 491 224 350
257 74 25 392 246
185 189 234 225 365
454 138 360 63 134
4 64 441 279 178
112 478 193 459 239
200 195 355 0 342
290 77 116 161 300
56 176 490 353 466
65 391 48 458 231
315 168 100 383 89
419 292 180 207 54
85 483 484 366 143
60 175 223 213 468
1 3 7 308 38
125 79 206 156 395
285 153 381 427 114
312 181 221 37 480
202 130 209 469 456
148 132 62 341 352
321 121 214 332 212
305 328 229 137 407
432 95 319 446 190
274 479 131 22 118
444 96 173 403 201
75 86 318 80 426
170 6 301 359 255
52 272 354 387 373
457 310 390 433 107
186 356 491 224 350
257 74 25 392 246
185 189 234 225 365
454 138 360 63 134
4 64 441 279 178
112 478 193 459 239
200 195 355 0 342
290 77 116 161 300
56 176 490 353 466
65 391 48 458 231
315 168 100 383 89
297 59 197 236 475
419 292 180 207 54
85 483 484 366 143
60 175 223 213 468
1 3 7 308 38
125 79 206 156 395
285 153 381 427 114
312 181 221 37 480
202 130 209 469 456
148 132 62 341 352
321 121 214 332 212
305 328 229 137 407
432 95 319 446 190
274 479 131 22 118
444 96 173 403 201
75 86 318 80 426
170 6 301 359 255
52 272 354 387 373
457 310 390 433 107
186 356 491 224 350
257 74 25 392 246
185 189 234 225 365
454 138 360 63 134
4 64 441 279 178
112 478 193 459 239
200 195 355 0 342
290 77 116 161 300
56 176 490 353 466
65 391 48 458 231
315 168 100 383 89
297 59 197 236 475
254 326 43 109 211
419 292 180 207 54
85 483 484 366 143
60 175 223 213 468
1 3 7 308 38
125 79 206 156 395
285 153 381 427 114
312 181 221 37 480
202 130 209 469 456
148 132 62 341 352
321 121 214 332 212
305 328 229 137 407
432 95 319 446 190
274 479 131 22 118
444 96 173 403 201
75 86 318 80 426
170 6 301 359 255
52 272 354 387 373
457 310 390 433 107
186 356 491 224 350
257 74 25 392 246
185 189 234 225 365
454 138 360 63 134
4 64 441 279 178
112 478 193 459 239
200 195 355 0 342
290 77 116 161 300
56 176 490 353 466
65 391 48 458 231
315 168 100 383 89
297 59 197 236 475
254 326 43 109 211
420 473 151 327 306
419 292 180 207 54
85 483 484 366 143
60 175 223 213 468
1 3 7 308 38
125 79 206 156 395
285 153 381 427 114
312 181 221 37 480
202 130 209 469 456
148 132 62 341 352
321 121 214 332 212
305 328 229 137 407
432 95 319 446 190
274 479 131 22 118
444 96 173 403 201
75 86 318 80 426
170 6 301 359 255
52 272 354 387 373
457 310 390 433 107
186 356 491 224 350
257 74 25 392 246
185 189 234 225 365
454 138 360 63 134
4 64 441 279 178
112 478 193 459 239
200 195 355 0 342
290 77 116 161 300
56 176 490 353 466
65 391 48 458 231
315 168 100 383 89
297 59 197 236 475
254 326 43 109 211
420 473 151 327 306
423 343 431 400 442
419 292 180 207 54
85 483 484 366 143
60 175 223 213 468
1 3 7 308 38
125 79 206 156 395
285 153 381 427 114
312 181 221 37 480
202 130 209 469 456
148 132 62 341 352
321 121 214 332 212
305 328 229 137 407
432 95 319 446 190
274 479 131 22 118
444 96 173 403 201
75 86 318 80 426
170 6 301 359 255
52 272 354 387 373
457 310 390 433 107
186 356 491 224 350
257 74 25 392 246
185 189 234 225 365
454 138 360 63 134
4 64 441 279 178
112 478 193 459 239
200 195 355 0 342
290 77 116 161 300
56 176 490 353 466
65 391 48 458 231
315 168 100 383 89
297 59 197 236 475
254 326 43 109 211
420 473 151 327 306
423 343 431 400 442
402 46 452 396 472
419 292 180 207 54
85 483 484 366 143
60 175 223 213 468
1 3 7 308 38
125 79 206 156 395
285 153 381 427 114
312 181 221 37 480
202 130 209 469 456
148 132 62 341 352
321 121 214 332 212
305 328 229 137 407
432 95 319 446 190
274 479 131 22 118
444 96 173 403 201
75 86 318 80 426
170 6 301 359 255
52 272 354 387 373
457 310 390 433 107
186 356 491 224 350
257 74 25 392 246
185 189 234 225 365
454 138 360 63 134
4 64 441 279 178
112 478 193 459 239
200 195 355 0 342
290 77 116 161 300
56 176 490 353 466
65 391 48 458 231
315 168 100 383 89
297 59 197 236 475
254 326 43 109 211
420 473 151 327 306
423 343 431 400 442
402 46 452 396 472
261 147 337 399 139
419 292 180 207 54
85 483 484 366 143
60 175 223 213 468
1 3 7 308 38
125 79 206 156 395
285 153 381 427 114
312 181 221 37 480
202 130 209 469 456
148 132 62 341 352
321 121 214 332 212
305 328 229 137 407
432 95 319 446 190
274 479 131 22 118
444 96 173 403 201
75 86 318 80 426
170 6 301 359 255
52 272 354 387 373
457 310 390 433 107
186 356 491 224 350
257 74 25 392 246
185 189 234 225 365
454 138 360 63 134
4 64 441 279 178
112 478 193 459 239
200 195 355 0 342
290 77 116 161 300
56 176 490 353 466
65 391 48 458 231
315 168 100 383 89
297 59 197 236 475
254 326 43 109 211
420 473 151 327 306
423 343 431 400 442
402 46 452 396 472
261 147 337 399 139
252 177 497 256 410
419 292 180 207 54
85 483 484 366 143
60 175 223 213 468
1 3 7 308 38
125 79 206 156 395
285 153 381 427 114
312 181 221 37 480
202 130 209 469 456
148 132 62 341 352
321 121 214 332 212
305 328 229 137 407
432 95 319 446 190
274 479 131 22 118
444 96 173 403 201
75 86 318 80 426
170 6 301 359 255
52 272 354 387 373
457 310 390 433 107
186 356 491 224 350
257 74 25 392 246
185 189 234 225 365
454 138 360 63 134
4 64 441 279 178
112 478 193 459 239
200 195 355 0 342
290 77 116 161 300
56 176 490 353 466
65 391 48 458 231
315 168 100 383 89
297 59 197 236 475
254 326 43 109 211
420 473 151 327 306
423 343 431 400 442
402 46 452 396 472
261 147 337 399 139
252 177 497 256 410
418 120 259 94 436
419 292 180 207 54
85 483 484 366 143
60 175 223 213 468
1 3 7 308 38
125 79 206 156 395
285 153 381 427 114
312 181 221 37 480
202 130 209 469 456
148 132 62 341 352
321 121 214 332 212
305 328 229 137 407
432 95 319 446 190
274 479 131 22 118
444 96 173 403 201
75 86 318 80 426
170 6 301 359 255
52 272 354 387 373
457 310 390 433 107
186 356 491 224 350
257 74 25 392 246
185 189 234 225 365
454 138 360 63 134
4 64 441 279 178
112 478 193 459 239
200 195 355 0 342
290 77 116 161 300
56 176 490 353 466
65 391 48 458 231
315 168 100 383 89
297 59 197 236 475
254 326 43 109 211
420 473 151 327 306
423 343 431 400 442
402 46 452 396 472
261 147 337 399 139
252 177 497 256 410
418 120 259 94 436
289 398 265 470 42
419 292 180 207 54
85 483 484 366 143
60 175 223 213 468
1 3 7 308 38
125 79 206 156 395
285 153 381 427 114
312 181 221 37 480
202 130 209 469 456
148 132 62 341 352
321 121 214 332 212
305 328 229 137 407
432 95 319 446 190
274 479 131 22 118
444 96 173 403 201
75 86 318 80 426
170 6 301 359 255
52 272 354 387 373
457 310 390 433 107
186 356 491 224 350
257 74 25 392 246
185 189 234 225 365
454 138 360 63 134
4 64 441 279 178
112 478 193 459 239
200 195 355 0 342
290 77 116 161 300
56 176 490 353 466
65 391 48 458 231
315 168 100 383 89
297 59 197 236 475
254 326 43 109 211
420 473 151 327 306
423 343 431 400 442
402 46 452 396 472
261 147 337 399 139
252 177 497 256 410
418 120 259 94 436
289 398 265 470 42
247 463 277 227 496
419 292 180 207 54
85 483 484 366 143
60 175 223 213 468
1 3 7 308 38
125 79 206 156 395
285 153 381 427 114
312 181 221 37 480
202 130 209 469 456
148 132 62 341 352
321 121 214 332 212
305 328 229 137 407
432 95 319 446 190
274 479 131 22 118
444 96 173 403 201
75 86 318 80 426
170 6 301 359 255
52 272 354 387 373
457 310 390 433 107
186 356 491 224 350
257 74 25 392 246
185 189 234 225 365
454 138 360 63 134
4 64 441 279 178
112 478 193 459 239
200 195 355 0 342
290 77 116 161 300
56 176 490 353 466
65 391 48 458 231
315 168 100 383 89
297 59 197 236 475
254 326 43 109 211
420 473 151 327 306
423 343 431 400 442
402 46 452 396 472
261 147 337 399 139
252 177 497 256 410
418 120 259 94 436
289 398 265 470 42
247 463 277 227 496
269 358 167 351 370
419 292 180 207 54
85 483 484 366 143
60 175 223 213 468
1 3 7 308 38
125 79 206 156 395
285 153 381 427 114
312 181 221 37 480
202 130 209 469 456
148 132 62 341 352
321 121 214 332 212
305 328 229 137 407
432 95 319 446 190
274 479 131 22 118
444 96 173 403 201
75 86 318 80 426
170 6 301 359 255
52 272 354 387 373
457 310 390 433 107
186 356 491 224 350
257 74 25 392 246
185 189 234 225 365
454 138 360 63 134
4 64 441 279 178
112 478 193 459 239
200 195 355 0 342
290 77 116 161 300
56 176 490 353 466
65 391 48 458 231
315 168 100 383 89
297 59 197 236 475
254 326 43 109 211
420 473 151 327 306
423 343 431 400 442
402 46 452 396 472
261 147 337 399 139
252 177 497 256 410
418 120 259 94 436
289 398 265 470 42
247 463 277 227 496
269 358 167 351 370
245 323 439 66 166
419 292 180 207 54
85 483 484 366 143
60 175 223 213 468
1 3 7 308 38
125 79 206 156 395
285 153 381 427 114
312 181 221 37 480
202 130 209 469 456
148 132 62 341 352
321 121 214 332 212
305 328 229 137 407
432 95 319 446 190
274 479 131 22 118
444 96 173 403 201
75 86 318 80 426
170 6 301 359 255
52 272 354 387 373
457 310 390 433 107
186 356 491 224 350
257 74 25 392 246
185 189 234 225 365
454 138 360 63 134
4 64 441 279 178
112 478 193 459 239
200 195 355 0 342
290 77 116 161 300
56 176 490 353 466
65 391 48 458 231
315 168 100 383 89
297 59 197 236 475
254 326 43 109 211
420 473 151 327 306
423 343 431 400 442
402 46 452 396 472
261 147 337 399 139
252 177 497 256 410
418 120 259 94 436
289 398 265 470 42
247 463 277 227 496
269 358 167 351 370
245 323 439 66 166
76 498 105 9 226
419 292 180 207 54
85 483 484 366 143
60 175 223 213 468
1 3 7 308 38
125 79 206 156 395
285 153 381 427 114
312 181 221 37 480
202 130 209 469 456
148 132 62 341 352
321 121 214 332 212
305 328 229 137 407
432 95 319 446 190
274 479 131 22 118
444 96 173 403 201
75 86 318 80 426
170 6 301 359 255
52 272 354 387 373
457 310 390 433 107
186 356 491 224 350
257 74 25 392 246
185 189 234 225 365
454 138 360 63 134
4 64 441 279 178
112 478 193 459 239
200 195 355 0 342
290 77 116 161 300
56 176 490 353 466
65 391 48 458 231
315 168 100 383 89
297 59 197 236 475
254 326 43 109 211
420 473 151 327 306
423 343 431 400 442
402 46 452 396 472
261 147 337 399 139
252 177 497 256 410
418 120 259 94 436
289 398 265 470 42
247 463 277 227 496
269 358 167 351 370
245 323 439 66 166
76 498 105 9 226
179 357 111 284 162
419 292 180 207 54
85 483 484 366 143
60 175 223 213 468
1 3 7 308 38
125 79 206 156 395
285 153 381 427 114
312 181 221 37 480
202 130 209 469 456
148 132 62 341 352
321 121 214 332 212
305 328 229 137 407
432 95 319 446 190
274 479 131 22 118
444 96 173 403 201
75 86 318 80 426
170 6 301 359 255
52 272 354 387 373
457 310 390 433 107
186 356 491 224 350
257 74 25 392 246
185 189 234 225 365
454 138 360 63 134
4 64 441 279 178
112 478 193 459 239
200 195 355 0 342
290 77 116 161 300
56 176 490 353 466
65 391 48 458 231
315 168 100 383 89
297 59 197 236 475
254 326 43 109 211
420 473 151 327 306
423 343 431 400 442
402 46 452 396 472
261 147 337 399 139
252 177 497 256 410
418 120 259 94 436
289 398 265 470 42
247 463 277 227 496
269 358 167 351 370
245 323 439 66 166
76 498 105 9 226
179 357 111 284 162
294 339 29 302 309
419 292 180 207 54
85 483 484 366 143
60 175 223 213 468
1 3 7 308 38
125 79 206 156 395
285 153 381 427 114
312 181 221 37 480
202 130 209 469 456
148 132 62 341 352
321 121 214 332 212
305 328 229 137 407
432 95 319 446 190
274 479 131 22 118
444 96 173 403 201
75 86 318 80 426
170 6 301 359 255
52 272 354 387 373
457 310 390 433 107
186 356 491 224 350
257 74 25 392 246
185 189 234 225 365
454 138 360 63 134
4 64 441 279 178
112 478 193 459 239
200 195 355 0 342
290 77 116 161 300
56 176 490 353 466
65 391 48 458 231
315 168 100 383 89
297 59 197 236 475
254 326 43 109 211
420 473 151 327 306
423 343 431 400 442
402 46 452 396 472
261 147 337 399 139
252 177 497 256 410
418 120 259 94 436
289 398 265 470 42
247 463 277 227 496
269 358 167 351 370
245 323 439 66 166
76 498 105 9 226
179 357 111 284 162
294 339 29 302 309
91 34 393 414 282
419 292 180 207 54
85 483 484 366 143
60 175 223 213 468
1 3 7 308 38
125 79 206 156 395
285 153 381 427 114
312 181 221 37 480
202 130 209 469 456
148 132 62 341 352
321 121 214 332 212
305 328 229 137 407
432 95 319 446 190
274 479 131 22 118
444 96 173 403 201
75 86 318 80 426
170 6 301 359 255
52 272 354 387 373
457 310 390 433 107
186 356 491 224 350
257 74 25 392 246
185 189 234 225 365
454 138 360 63 134
4 64 441 279 178
112 478 193 459 239
200 195 355 0 342
290 77 116 161 300
56 176 490 353 466
65 391 48 458 231
315 168 100 383 89
297 59 197 236 475
254 326 43 109 211
420 473 151 327 306
423 343 431 400 442
402 46 452 396 472
261 147 337 399 139
252 177 497 256 410
418 120 259 94 436
289 398 265 470 42
247 463 277 227 496
269 358 167 351 370
245 323 439 66 166
76 498 105 9 226
179 357 111 284 162
294 339 29 302 309
91 34 393 414 282
99 21 18 317 205
419 292 180 207 54
85 483 484 366 143
60 175 223 213 468
1 3 7 308 38
125 79 206 156 395
285 153 381 427 114
312 181 221 37 480
202 130 209 469 456
148 132 62 341 352
321 121 214 332 212
305 328 229 137 407
432 95 319 446 190
274 479 131 22 118
444 96 173 403 201
75 86 318 80 426
170 6 301 359 255
52 272 354 387 373
457 310 390 433 107
186 356 491 224 350
257 74 25 392 246
185 189 234 225 365
454 138 360 63 134
4 64 441 279 178
112 478 193 459 239
200 195 355 0 342
290 77 116 161 300
56 176 490 353 466
65 391 48 458 231
315 168 100 383 89
297 59 197 236 475
254 326 43 109 211
420 473 151 327 306
423 343 431 400 442
402 46 452 396 472
261 147 337 399 139
252 177 497 256 410
418 120 259 94 436
289 398 265 470 42
247 463 277 227 496
269 358 167 351 370
245 323 439 66 166
76 498 105 9 226
179 357 111 284 162
294 339 29 302 309
91 34 393 414 282
99 21 18 317 205
106 363 11 408 39
419 292 180 207 54
85 483 484 366 143
60 175 223 213 468
1 3 7 308 38
125 79 206 156 395
285 153 381 427 114
312 181 221 37 480
202 130 209 469 456
148 132 62 341 352
321 121 214 332 212
305 328 229 137 407
432 95 319 446 190
274 479 131 22 118
444 96 173 403 201
75 86 318 80 426
170 6 301 359 255
52 272 354 387 373
457 310 390 433 107
186 356 491 224 350
257 74 25 392 246
185 189 234 225 365
454 138 360 63 134
4 64 441 279 178
112 478 193 459 239
200 195 355 0 342
290 77 116 161 300
56 176 490 353 466
65 391 48 458 231
315 168 100 383 89
297 59 197 236 475
254 326 43 109 211
420 473 151 327 306
423 343 431 400 442
402 46 452 396 472
261 147 337 399 139
252 177 497 256 410
418 120 259 94 436
289 398 265 470 42
247 463 277 227 496
269 358 167 351 370
245 323 439 66 166
76 498 105 9 226
179 357 111 284 162
294 339 29 302 309
91 34 393 414 282
99 21 18 317 205
106 363 11 408 39
425 270 159 233 12
419 292 180 207 54
85 483 484 366 143
60 175 223 213 468
1 3 7 308 38
125 79 206 156 395
285 153 381 427 114
312 181 221 37 480
202 130 209 469 456
148 132 62 341 352
321 121 214 332 212
305 328 229 137 407
432 95 319 446 190
274 479 131 22 118
444 96 173 403 201
75 86 318 80 426
170 6 301 359 255
52 272 354 387 373
457 310 390 433 107
186 356 491 224 350
257 74 25 392 246
185 189 234 225 365
454 138 360 63 134
4 64 441 279 178
112 478 193 459 239
200 195 355 0 342
290 77 116 161 300
56 176 490 353 466
65 391 48 458 231
315 168 100 383 89
297 59 197 236 475
254 326 43 109 211
420 473 151 327 306
423 343 431 400 442
402 46 452 396 472
261 147 337 399 139
252 177 497 256 410
418 120 259 94 436
289 398 265 470 42
247 463 277 227 496
269 358 167 351 370
245 323 439 66 166
76 498 105 9 226
179 357 111 284 162
294 339 29 302 309
91 34 393 414 282
99 21 18 317 205
106 363 11 408 39
425 270 159 233 12
385 103 110 187 489
419 292 180 207 54
85 483 484 366 143
60 175 223 213 468
1 3 7 308 38
125 79 206 156 395
285 153 381 427 114
312 181 221 37 480
202 130 209 469 456
148 132 62 341 352
321 121 214 332 212
305 328 229 137 407
432 95 319 446 190
274 479 131 22 118
444 96 173 403 201
75 86 318 80 426
170 6 301 359 255
52 272 354 387 373
457 310 390 433 107
186 356 491 224 350
257 74 25 392 246
185 189 234 225 365
454 138 360 63 134
4 64 441 279 178
112 478 193 459 239
200 195 355 0 342
290 77 116 161 300
56 176 490 353 466
65 391 48 458 231
315 168 100 383 89
297 59 197 236 475
254 326 43 109 211
420 473 151 327 306
423 343 431 400 442
402 46 452 396 472
261 147 337 399 139
252 177 497 256 410
418 120 259 94 436
289 398 265 470 42
247 463 277 227 496
269 358 167 351 370
245 323 439 66 166
76 498 105 9 226
179 357 111 284 162
294 339 29 302 309
91 34 393 414 282
99 21 18 317 205
106 363 11 408 39
425 270 159 233 12
385 103 110 187 489
53 499 164 430 188
