203 216 337 26 247
125 401 331 334 8
232 116 138 313 475
132 6 96 287 288
72 284 426 494 168
352 303 17 378 127
244 243 186 324 94
107 76 32 175 281
160 188 361 106 368
136 102 169 36 206
376 91 83 476 150
301 442 172 14 27
367 282 231 114 449
435 255 233 105 495
497 410 74 373 395
366 298 30 1 229
305 57 482 362 89
272 474 28 122 87
369 218 49 236 446
51 16 299 223 328
347 184 406 279 82
66 144 333 374 496
415 470 437 118 215
85 199 488 245 113
388 19 166 61 44
170 111 239 24 195
353 152 242 302 400
217 117 119 342 372
341 483 269 473 147
140 389 37 65 64
304 92 4 193 293
351 182 148 350 481
18 357 131 171 45
459 297 438 485 499
253 468 219 467 241
461 137 58 323 55
454 307 222 40 257
234 274 309 141 177
403 68 59 15 448
484 135 123 187 62
464 370 420 335 73
99 156 262 469 110
183 237 210 489 153
277 295 167 431 472
371 129 348 343 381
213 308 22 321 329
29 365 418 104 273
97 77 109 256 429
130 478 9 128 155
477 294 205 340 221
