384 124 299 150 77
384 124 299 150 77
270 87 336 106 222
384 124 299 150 77
270 87 336 106 222
377 0 109 248 92
384 124 299 150 77
270 87 336 106 222
377 0 109 248 92
241 291 272 297 59
384 124 299 150 77
270 87 336 106 222
377 0 109 248 92
241 291 272 297 59
397 209 9 300 278
384 124 299 150 77
270 87 336 106 222
377 0 109 248 92
241 291 272 297 59
397 209 9 300 278
211 19 372 120 362
384 124 299 150 77
270 87 336 106 222
377 0 109 248 92
241 291 272 297 59
397 209 9 300 278
211 19 372 120 362
271 184 277 28 125
384 124 299 150 77
270 87 336 106 222
377 0 109 248 92
241 291 272 297 59
397 209 9 300 278
211 19 372 120 362
271 184 277 28 125
351 7 85 179 11
384 124 299 150 77
270 87 336 106 222
377 0 109 248 92
241 291 272 297 59
397 209 9 300 278
211 19 372 120 362
271 184 277 28 125
351 7 85 179 11
174 151 22 265 281
384 124 299 150 77
270 87 336 106 222
377 0 109 248 92
241 291 272 297 59
397 209 9 300 278
211 19 372 120 362
271 184 277 28 125
351 7 85 179 11
174 151 22 265 281
293 219 305 320 358
384 124 299 150 77
270 87 336 106 222
377 0 109 248 92
241 291 272 297 59
397 209 9 300 278
211 19 372 120 362
271 184 277 28 125
351 7 85 179 11
174 151 22 265 281
293 219 305 320 358
263 1 102 275 322
384 124 299 150 77
270 87 336 106 222
377 0 109 248 92
241 291 272 297 59
397 209 9 300 278
211 19 372 120 362
271 184 277 28 125
351 7 85 179 11
174 151 22 265 281
293 219 305 320 358
263 1 102 275 322
233 296 14 208 103
384 124 299 150 77
270 87 336 106 222
377 0 109 248 92
241 291 272 297 59
397 209 9 300 278
211 19 372 120 362
271 184 277 28 125
351 7 85 179 11
174 151 22 265 281
293 219 305 320 358
263 1 102 275 322
233 296 14 208 103
292 99 227 105 6
384 124 299 150 77
270 87 336 106 222
377 0 109 248 92
241 291 272 297 59
397 209 9 300 278
211 19 372 120 362
271 184 277 28 125
351 7 85 179 11
174 151 22 265 281
293 219 305 320 358
263 1 102 275 322
233 296 14 208 103
292 99 227 105 6
288 24 221 378 268
384 124 299 150 77
270 87 336 106 222
377 0 109 248 92
241 291 272 297 59
397 209 9 300 278
211 19 372 120 362
271 184 277 28 125
351 7 85 179 11
174 151 22 265 281
293 219 305 320 358
263 1 102 275 322
233 296 14 208 103
292 99 227 105 6
288 24 221 378 268
246 202 162 334 381
384 124 299 150 77
270 87 336 106 222
377 0 109 248 92
241 291 272 297 59
397 209 9 300 278
211 19 372 120 362
271 184 277 28 125
351 7 85 179 11
174 151 22 265 281
293 219 305 320 358
263 1 102 275 322
233 296 14 208 103
292 99 227 105 6
288 24 221 378 268
246 202 162 334 381
259 317 115 89 214
384 124 299 150 77
270 87 336 106 222
377 0 109 248 92
241 291 272 297 59
397 209 9 300 278
211 19 372 120 362
271 184 277 28 125
351 7 85 179 11
174 151 22 265 281
293 219 305 320 358
263 1 102 275 322
233 296 14 208 103
292 99 227 105 6
288 24 221 378 268
246 202 162 334 381
259 317 115 89 214
2 71 142 52 69
384 124 299 150 77
270 87 336 106 222
377 0 109 248 92
241 291 272 297 59
397 209 9 300 278
211 19 372 120 362
271 184 277 28 125
351 7 85 179 11
174 151 22 265 281
293 219 305 320 358
263 1 102 275 322
233 296 14 208 103
292 99 227 105 6
288 24 221 378 268
246 202 162 334 381
259 317 115 89 214
2 71 142 52 69
206 249 17 88 354
384 124 299 150 77
270 87 336 106 222
377 0 109 248 92
241 291 272 297 59
397 209 9 300 278
211 19 372 120 362
271 184 277 28 125
351 7 85 179 11
174 151 22 265 281
293 219 305 320 358
263 1 102 275 322
233 296 14 208 103
292 99 227 105 6
288 24 221 378 268
246 202 162 334 381
259 317 115 89 214
2 71 142 52 69
206 249 17 88 354
236 274 279 298 171
384 124 299 150 77
270 87 336 106 222
377 0 109 248 92
241 291 272 297 59
397 209 9 300 278
211 19 372 120 362
271 184 277 28 125
351 7 85 179 11
174 151 22 265 281
293 219 305 320 358
263 1 102 275 322
233 296 14 208 103
292 99 227 105 6
288 24 221 378 268
246 202 162 334 381
259 317 115 89 214
2 71 142 52 69
206 249 17 88 354
236 274 279 298 171
112 323 283 39 350
384 124 299 150 77
270 87 336 106 222
377 0 109 248 92
241 291 272 297 59
397 209 9 300 278
211 19 372 120 362
271 184 277 28 125
351 7 85 179 11
174 151 22 265 281
293 219 305 320 358
263 1 102 275 322
233 296 14 208 103
292 99 227 105 6
288 24 221 378 268
246 202 162 334 381
259 317 115 89 214
2 71 142 52 69
206 249 17 88 354
236 274 279 298 171
112 323 283 39 350
356 205 247 390 345
384 124 299 150 77
270 87 336 106 222
377 0 109 248 92
241 291 272 297 59
397 209 9 300 278
211 19 372 120 362
271 184 277 28 125
351 7 85 179 11
174 151 22 265 281
293 219 305 320 358
263 1 102 275 322
233 296 14 208 103
292 99 227 105 6
288 24 221 378 268
246 202 162 334 381
259 317 115 89 214
2 71 142 52 69
206 249 17 88 354
236 274 279 298 171
112 323 283 39 350
356 205 247 390 345
111 210 302 398 366
384 124 299 150 77
270 87 336 106 222
377 0 109 248 92
241 291 272 297 59
397 209 9 300 278
211 19 372 120 362
271 184 277 28 125
351 7 85 179 11
174 151 22 265 281
293 219 305 320 358
263 1 102 275 322
233 296 14 208 103
292 99 227 105 6
288 24 221 378 268
246 202 162 334 381
259 317 115 89 214
2 71 142 52 69
206 249 17 88 354
236 274 279 298 171
112 323 283 39 350
356 205 247 390 345
111 210 302 398 366
67 53 200 152 361
384 124 299 150 77
270 87 336 106 222
377 0 109 248 92
241 291 272 297 59
397 209 9 300 278
211 19 372 120 362
271 184 277 28 125
351 7 85 179 11
174 151 22 265 281
293 219 305 320 358
263 1 102 275 322
233 296 14 208 103
292 99 227 105 6
288 24 221 378 268
246 202 162 334 381
259 317 115 89 214
2 71 142 52 69
206 249 17 88 354
236 274 279 298 171
112 323 283 39 350
356 205 247 390 345
111 210 302 398 366
67 53 200 152 361
38 86 131 13 331
384 124 299 150 77
270 87 336 106 222
377 0 109 248 92
241 291 272 297 59
397 209 9 300 278
211 19 372 120 362
271 184 277 28 125
351 7 85 179 11
174 151 22 265 281
293 219 305 320 358
263 1 102 275 322
233 296 14 208 103
292 99 227 105 6
288 24 221 378 268
246 202 162 334 381
259 317 115 89 214
2 71 142 52 69
206 249 17 88 354
236 274 279 298 171
112 323 283 39 350
356 205 247 390 345
111 210 302 398 366
67 53 200 152 361
38 86 131 13 331
161 304 149 289 280
384 124 299 150 77
270 87 336 106 222
377 0 109 248 92
241 291 272 297 59
397 209 9 300 278
211 19 372 120 362
271 184 277 28 125
351 7 85 179 11
174 151 22 265 281
293 219 305 320 358
263 1 102 275 322
233 296 14 208 103
292 99 227 105 6
288 24 221 378 268
246 202 162 334 381
259 317 115 89 214
2 71 142 52 69
206 249 17 88 354
236 274 279 298 171
112 323 283 39 350
356 205 247 390 345
111 210 302 398 366
67 53 200 152 361
38 86 131 13 331
161 304 149 289 280
328 140 218 339 307
384 124 299 150 77
270 87 336 106 222
377 0 109 248 92
241 291 272 297 59
397 209 9 300 278
211 19 372 120 362
271 184 277 28 125
351 7 85 179 11
174 151 22 265 281
293 219 305 320 358
263 1 102 275 322
233 296 14 208 103
292 99 227 105 6
288 24 221 378 268
246 202 162 334 381
259 317 115 89 214
2 71 142 52 69
206 249 17 88 354
236 274 279 298 171
112 323 283 39 350
356 205 247 390 345
111 210 302 398 366
67 53 200 152 361
38 86 131 13 331
161 304 149 289 280
328 140 218 339 307
344 399 81 153 245
384 124 299 150 77
270 87 336 106 222
377 0 109 248 92
241 291 272 297 59
397 209 9 300 278
211 19 372 120 362
271 184 277 28 125
351 7 85 179 11
174 151 22 265 281
293 219 305 320 358
263 1 102 275 322
233 296 14 208 103
292 99 227 105 6
288 24 221 378 268
246 202 162 334 381
259 317 115 89 214
2 71 142 52 69
206 249 17 88 354
236 274 279 298 171
112 323 283 39 350
356 205 247 390 345
111 210 302 398 366
67 53 200 152 361
38 86 131 13 331
161 304 149 289 280
328 140 218 339 307
344 399 81 153 245
325 47 147 126 45
384 124 299 150 77
270 87 336 106 222
377 0 109 248 92
241 291 272 297 59
397 209 9 300 278
211 19 372 120 362
271 184 277 28 125
351 7 85 179 11
174 151 22 265 281
293 219 305 320 358
263 1 102 275 322
233 296 14 208 103
292 99 227 105 6
288 24 221 378 268
246 202 162 334 381
259 317 115 89 214
2 71 142 52 69
206 249 17 88 354
236 274 279 298 171
112 323 283 39 350
356 205 247 390 345
111 210 302 398 366
67 53 200 152 361
38 86 131 13 331
161 304 149 289 280
328 140 218 339 307
344 399 81 153 245
325 47 147 126 45
90 43 395 284 139
384 124 299 150 77
270 87 336 106 222
377 0 109 248 92
241 291 272 297 59
397 209 9 300 278
211 19 372 120 362
271 184 277 28 125
351 7 85 179 11
174 151 22 265 281
293 219 305 320 358
263 1 102 275 322
233 296 14 208 103
292 99 227 105 6
288 24 221 378 268
246 202 162 334 381
259 317 115 89 214
2 71 142 52 69
206 249 17 88 354
236 274 279 298 171
112 323 283 39 350
356 205 247 390 345
111 210 302 398 366
67 53 200 152 361
38 86 131 13 331
161 304 149 289 280
328 140 218 339 307
344 399 81 153 245
325 47 147 126 45
90 43 395 284 139
134 319 215 163 60
384 124 299 150 77
270 87 336 106 222
377 0 109 248 92
241 291 272 297 59
397 209 9 300 278
211 19 372 120 362
271 184 277 28 125
351 7 85 179 11
174 151 22 265 281
293 219 305 320 358
263 1 102 275 322
233 296 14 208 103
292 99 227 105 6
288 24 221 378 268
246 202 162 334 381
259 317 115 89 214
2 71 142 52 69
206 249 17 88 354
236 274 279 298 171
112 323 283 39 350
356 205 247 390 345
111 210 302 398 366
67 53 200 152 361
38 86 131 13 331
161 304 149 289 280
328 140 218 339 307
344 399 81 153 245
325 47 147 126 45
90 43 395 284 139
134 319 215 163 60
260 78 389 250 258
384 124 299 150 77
270 87 336 106 222
377 0 109 248 92
241 291 272 297 59
397 209 9 300 278
211 19 372 120 362
271 184 277 28 125
351 7 85 179 11
174 151 22 265 281
293 219 305 320 358
263 1 102 275 322
233 296 14 208 103
292 99 227 105 6
288 24 221 378 268
246 202 162 334 381
259 317 115 89 214
2 71 142 52 69
206 249 17 88 354
236 274 279 298 171
112 323 283 39 350
356 205 247 390 345
111 210 302 398 366
67 53 200 152 361
38 86 131 13 331
161 304 149 289 280
328 140 218 339 307
344 399 81 153 245
325 47 147 126 45
90 43 395 284 139
134 319 215 163 60
260 78 389 250 258
321 57 26 158 251
384 124 299 150 77
270 87 336 106 222
377 0 109 248 92
241 291 272 297 59
397 209 9 300 278
211 19 372 120 362
271 184 277 28 125
351 7 85 179 11
174 151 22 265 281
293 219 305 320 358
263 1 102 275 322
233 296 14 208 103
292 99 227 105 6
288 24 221 378 268
246 202 162 334 381
259 317 115 89 214
2 71 142 52 69
206 249 17 88 354
236 274 279 298 171
112 323 283 39 350
356 205 247 390 345
111 210 302 398 366
67 53 200 152 361
38 86 131 13 331
161 304 149 289 280
328 140 218 339 307
344 399 81 153 245
325 47 147 126 45
90 43 395 284 139
134 319 215 163 60
260 78 389 250 258
321 57 26 158 251
110 93 41 375 309
384 124 299 150 77
270 87 336 106 222
377 0 109 248 92
241 291 272 297 59
397 209 9 300 278
211 19 372 120 362
271 184 277 28 125
351 7 85 179 11
174 151 22 265 281
293 219 305 320 358
263 1 102 275 322
233 296 14 208 103
292 99 227 105 6
288 24 221 378 268
246 202 162 334 381
259 317 115 89 214
2 71 142 52 69
206 249 17 88 354
236 274 279 298 171
112 323 283 39 350
356 205 247 390 345
111 210 302 398 366
67 53 200 152 361
38 86 131 13 331
161 304 149 289 280
328 140 218 339 307
344 399 81 153 245
325 47 147 126 45
90 43 395 284 139
134 319 215 163 60
260 78 389 250 258
321 57 26 158 251
110 93 41 375 309
29 306 203 42 166
384 124 299 150 77
270 87 336 106 222
377 0 109 248 92
241 291 272 297 59
397 209 9 300 278
211 19 372 120 362
271 184 277 28 125
351 7 85 179 11
174 151 22 265 281
293 219 305 320 358
263 1 102 275 322
233 296 14 208 103
292 99 227 105 6
288 24 221 378 268
246 202 162 334 381
259 317 115 89 214
2 71 142 52 69
206 249 17 88 354
236 274 279 298 171
112 323 283 39 350
356 205 247 390 345
111 210 302 398 366
67 53 200 152 361
38 86 131 13 331
161 304 149 289 280
328 140 218 339 307
344 399 81 153 245
325 47 147 126 45
90 43 395 284 139
134 319 215 163 60
260 78 389 250 258
321 57 26 158 251
110 93 41 375 309
29 306 203 42 166
308 12 368 359 183
384 124 299 150 77
270 87 336 106 222
377 0 109 248 92
241 291 272 297 59
397 209 9 300 278
211 19 372 120 362
271 184 277 28 125
351 7 85 179 11
174 151 22 265 281
293 219 305 320 358
263 1 102 275 322
233 296 14 208 103
292 99 227 105 6
288 24 221 378 268
246 202 162 334 381
259 317 115 89 214
2 71 142 52 69
206 249 17 88 354
236 274 279 298 171
112 323 283 39 350
356 205 247 390 345
111 210 302 398 366
67 53 200 152 361
38 86 131 13 331
161 304 149 289 280
328 140 218 339 307
344 399 81 153 245
325 47 147 126 45
90 43 395 284 139
134 319 215 163 60
260 78 389 250 258
321 57 26 158 251
110 93 41 375 309
29 306 203 42 166
308 12 368 359 183
129 237 16 46 341
384 124 299 150 77
270 87 336 106 222
377 0 109 248 92
241 291 272 297 59
397 209 9 300 278
211 19 372 120 362
271 184 277 28 125
351 7 85 179 11
174 151 22 265 281
293 219 305 320 358
263 1 102 275 322
233 296 14 208 103
292 99 227 105 6
288 24 221 378 268
246 202 162 334 381
259 317 115 89 214
2 71 142 52 69
206 249 17 88 354
236 274 279 298 171
112 323 283 39 350
356 205 247 390 345
111 210 302 398 366
67 53 200 152 361
38 86 131 13 331
161 304 149 289 280
328 140 218 339 307
344 399 81 153 245
325 47 147 126 45
90 43 395 284 139
134 319 215 163 60
260 78 389 250 258
321 57 26 158 251
110 93 41 375 309
29 306 203 42 166
308 12 368 359 183
129 237 16 46 341
70 230 95 266 144
384 124 299 150 77
270 87 336 106 222
377 0 109 248 92
241 291 272 297 59
397 209 9 300 278
211 19 372 120 362
271 184 277 28 125
351 7 85 179 11
174 151 22 265 281
293 219 305 320 358
263 1 102 275 322
233 296 14 208 103
292 99 227 105 6
288 24 221 378 268
246 202 162 334 381
259 317 115 89 214
2 71 142 52 69
206 249 17 88 354
236 274 279 298 171
112 323 283 39 350
356 205 247 390 345
111 210 302 398 366
67 53 200 152 361
38 86 131 13 331
161 304 149 289 280
328 140 218 339 307
344 399 81 153 245
325 47 147 126 45
90 43 395 284 139
134 319 215 163 60
260 78 389 250 258
321 57 26 158 251
110 93 41 375 309
29 306 203 42 166
308 12 368 359 183
129 237 16 46 341
70 230 95 266 144
198 382 101 116 394
384 124 299 150 77
270 87 336 106 222
377 0 109 248 92
241 291 272 297 59
397 209 9 300 278
211 19 372 120 362
271 184 277 28 125
351 7 85 179 11
174 151 22 265 281
293 219 305 320 358
263 1 102 275 322
233 296 14 208 103
292 99 227 105 6
288 24 221 378 268
246 202 162 334 381
259 317 115 89 214
2 71 142 52 69
206 249 17 88 354
236 274 279 298 171
112 323 283 39 350
356 205 247 390 345
111 210 302 398 366
67 53 200 152 361
38 86 131 13 331
161 304 149 289 280
328 140 218 339 307
344 399 81 153 245
325 47 147 126 45
90 43 395 284 139
134 319 215 163 60
260 78 389 250 258
321 57 26 158 251
110 93 41 375 309
29 306 203 42 166
308 12 368 359 183
129 237 16 46 341
70 230 95 266 144
198 382 101 116 394
255 217 335 253 324
384 124 299 150 77
270 87 336 106 222
377 0 109 248 92
241 291 272 297 59
397 209 9 300 278
211 19 372 120 362
271 184 277 28 125
351 7 85 179 11
174 151 22 265 281
293 219 305 320 358
263 1 102 275 322
233 296 14 208 103
292 99 227 105 6
288 24 221 378 268
246 202 162 334 381
259 317 115 89 214
2 71 142 52 69
206 249 17 88 354
236 274 279 298 171
112 323 283 39 350
356 205 247 390 345
111 210 302 398 366
67 53 200 152 361
38 86 131 13 331
161 304 149 289 280
328 140 218 339 307
344 399 81 153 245
325 47 147 126 45
90 43 395 284 139
134 319 215 163 60
260 78 389 250 258
321 57 26 158 251
110 93 41 375 309
29 306 203 42 166
308 12 368 359 183
129 237 16 46 341
70 230 95 266 144
198 382 101 116 394
255 217 335 253 324
311 76 312 96 30
