104 105 106 107 108
104 105 106 107 108
146 147 148 149 150
104 105 106 107 108
146 147 148 149 150
10 11 12 13 14
104 105 106 107 108
146 147 148 149 150
10 11 12 13 14
25 26 27 28 29
104 105 106 107 108
146 147 148 149 150
10 11 12 13 14
25 26 27 28 29
20 21 22 23 24
104 105 106 107 108
146 147 148 149 150
10 11 12 13 14
25 26 27 28 29
20 21 22 23 24
52 53 54 55 56
104 105 106 107 108
146 147 148 149 150
10 11 12 13 14
25 26 27 28 29
20 21 22 23 24
52 53 54 55 56
67 68 69 70 71
104 105 106 107 108
146 147 148 149 150
10 11 12 13 14
25 26 27 28 29
20 21 22 23 24
52 53 54 55 56
67 68 69 70 71
62 63 64 65 66
104 105 106 107 108
146 147 148 149 150
10 11 12 13 14
25 26 27 28 29
20 21 22 23 24
52 53 54 55 56
67 68 69 70 71
62 63 64 65 66
94 95 96 97 98
104 105 106 107 108
146 147 148 149 150
10 11 12 13 14
25 26 27 28 29
20 21 22 23 24
52 53 54 55 56
67 68 69 70 71
62 63 64 65 66
94 95 96 97 98
109 110 111 112 113
104 105 106 107 108
146 147 148 149 150
10 11 12 13 14
25 26 27 28 29
20 21 22 23 24
52 53 54 55 56
67 68 69 70 71
62 63 64 65 66
94 95 96 97 98
109 110 111 112 113
136 137 138 139 140
104 105 106 107 108
146 147 148 149 150
10 11 12 13 14
25 26 27 28 29
20 21 22 23 24
52 53 54 55 56
67 68 69 70 71
62 63 64 65 66
94 95 96 97 98
109 110 111 112 113
136 137 138 139 140
151 152 153 154 155
104 105 106 107 108
146 147 148 149 150
10 11 12 13 14
25 26 27 28 29
20 21 22 23 24
52 53 54 55 56
67 68 69 70 71
62 63 64 65 66
94 95 96 97 98
109 110 111 112 113
136 137 138 139 140
151 152 153 154 155
30 31 32 33 34
104 105 106 107 108
146 147 148 149 150
10 11 12 13 14
25 26 27 28 29
20 21 22 23 24
52 53 54 55 56
67 68 69 70 71
62 63 64 65 66
94 95 96 97 98
109 110 111 112 113
136 137 138 139 140
151 152 153 154 155
30 31 32 33 34
72 73 74 75 76
104 105 106 107 108
146 147 148 149 150
10 11 12 13 14
25 26 27 28 29
20 21 22 23 24
52 53 54 55 56
67 68 69 70 71
62 63 64 65 66
94 95 96 97 98
109 110 111 112 113
136 137 138 139 140
151 152 153 154 155
30 31 32 33 34
72 73 74 75 76
114 115 116 117 118
104 105 106 107 108
146 147 148 149 150
10 11 12 13 14
25 26 27 28 29
20 21 22 23 24
52 53 54 55 56
67 68 69 70 71
62 63 64 65 66
94 95 96 97 98
109 110 111 112 113
136 137 138 139 140
151 152 153 154 155
30 31 32 33 34
72 73 74 75 76
114 115 116 117 118
232 233 234 235 236
104 105 106 107 108
146 147 148 149 150
10 11 12 13 14
25 26 27 28 29
20 21 22 23 24
52 53 54 55 56
67 68 69 70 71
62 63 64 65 66
94 95 96 97 98
109 110 111 112 113
136 137 138 139 140
151 152 153 154 155
30 31 32 33 34
72 73 74 75 76
114 115 116 117 118
232 233 234 235 236
156 157 158 159 160
104 105 106 107 108
146 147 148 149 150
10 11 12 13 14
25 26 27 28 29
20 21 22 23 24
52 53 54 55 56
67 68 69 70 71
62 63 64 65 66
94 95 96 97 98
109 110 111 112 113
136 137 138 139 140
151 152 153 154 155
30 31 32 33 34
72 73 74 75 76
114 115 116 117 118
232 233 234 235 236
156 157 158 159 160
173 174 175 176 177
104 105 106 107 108
146 147 148 149 150
10 11 12 13 14
25 26 27 28 29
20 21 22 23 24
52 53 54 55 56
67 68 69 70 71
62 63 64 65 66
94 95 96 97 98
109 110 111 112 113
136 137 138 139 140
151 152 153 154 155
30 31 32 33 34
72 73 74 75 76
114 115 116 117 118
232 233 234 235 236
156 157 158 159 160
173 174 175 176 177
252 253 254 255 256
104 105 106 107 108
146 147 148 149 150
10 11 12 13 14
25 26 27 28 29
20 21 22 23 24
52 53 54 55 56
67 68 69 70 71
62 63 64 65 66
94 95 96 97 98
109 110 111 112 113
136 137 138 139 140
151 152 153 154 155
30 31 32 33 34
72 73 74 75 76
114 115 116 117 118
232 233 234 235 236
156 157 158 159 160
173 174 175 176 177
252 253 254 255 256
221 222 223 224 225
104 105 106 107 108
146 147 148 149 150
10 11 12 13 14
25 26 27 28 29
20 21 22 23 24
52 53 54 55 56
67 68 69 70 71
62 63 64 65 66
94 95 96 97 98
109 110 111 112 113
136 137 138 139 140
151 152 153 154 155
30 31 32 33 34
72 73 74 75 76
114 115 116 117 118
232 233 234 235 236
156 157 158 159 160
173 174 175 176 177
252 253 254 255 256
221 222 223 224 225
201 202 203 204 205
104 105 106 107 108
146 147 148 149 150
10 11 12 13 14
25 26 27 28 29
20 21 22 23 24
52 53 54 55 56
67 68 69 70 71
62 63 64 65 66
94 95 96 97 98
109 110 111 112 113
136 137 138 139 140
151 152 153 154 155
30 31 32 33 34
72 73 74 75 76
114 115 116 117 118
232 233 234 235 236
156 157 158 159 160
173 174 175 176 177
252 253 254 255 256
221 222 223 224 225
201 202 203 204 205
168 169 170 171 172
104 105 106 107 108
146 147 148 149 150
10 11 12 13 14
25 26 27 28 29
20 21 22 23 24
52 53 54 55 56
67 68 69 70 71
62 63 64 65 66
94 95 96 97 98
109 110 111 112 113
136 137 138 139 140
151 152 153 154 155
30 31 32 33 34
72 73 74 75 76
114 115 116 117 118
232 233 234 235 236
156 157 158 159 160
173 174 175 176 177
252 253 254 255 256
221 222 223 224 225
201 202 203 204 205
168 169 170 171 172
181 182 184 185 186
104 105 106 107 108
146 147 148 149 150
10 11 12 13 14
25 26 27 28 29
20 21 22 23 24
52 53 54 55 56
67 68 69 70 71
62 63 64 65 66
94 95 96 97 98
109 110 111 112 113
136 137 138 139 140
151 152 153 154 155
30 31 32 33 34
72 73 74 75 76
114 115 116 117 118
232 233 234 235 236
156 157 158 159 160
173 174 175 176 177
252 253 254 255 256
221 222 223 224 225
201 202 203 204 205
168 169 170 171 172
181 182 184 185 186
187 188 189 190 191
104 105 106 107 108
146 147 148 149 150
10 11 12 13 14
25 26 27 28 29
20 21 22 23 24
52 53 54 55 56
67 68 69 70 71
62 63 64 65 66
94 95 96 97 98
109 110 111 112 113
136 137 138 139 140
151 152 153 154 155
30 31 32 33 34
72 73 74 75 76
114 115 116 117 118
232 233 234 235 236
156 157 158 159 160
173 174 175 176 177
252 253 254 255 256
221 222 223 224 225
201 202 203 204 205
168 169 170 171 172
181 182 184 185 186
187 188 189 190 191
6 7
104 105 106 107 108
146 147 148 149 150
10 11 12 13 14
25 26 27 28 29
20 21 22 23 24
52 53 54 55 56
67 68 69 70 71
62 63 64 65 66
94 95 96 97 98
109 110 111 112 113
136 137 138 139 140
151 152 153 154 155
30 31 32 33 34
72 73 74 75 76
114 115 116 117 118
232 233 234 235 236
156 157 158 159 160
173 174 175 176 177
252 253 254 255 256
221 222 223 224 225
201 202 203 204 205
168 169 170 171 172
181 182 184 185 186
187 188 189 190 191
6 7
8 9
104 105 106 107 108
146 147 148 149 150
10 11 12 13 14
25 26 27 28 29
20 21 22 23 24
52 53 54 55 56
67 68 69 70 71
62 63 64 65 66
94 95 96 97 98
109 110 111 112 113
136 137 138 139 140
151 152 153 154 155
30 31 32 33 34
72 73 74 75 76
114 115 116 117 118
232 233 234 235 236
156 157 158 159 160
173 174 175 176 177
252 253 254 255 256
221 222 223 224 225
201 202 203 204 205
168 169 170 171 172
181 182 184 185 186
187 188 189 190 191
6 7
8 9
134 135
104 105 106 107 108
146 147 148 149 150
10 11 12 13 14
25 26 27 28 29
20 21 22 23 24
52 53 54 55 56
67 68 69 70 71
62 63 64 65 66
94 95 96 97 98
109 110 111 112 113
136 137 138 139 140
151 152 153 154 155
30 31 32 33 34
72 73 74 75 76
114 115 116 117 118
232 233 234 235 236
156 157 158 159 160
173 174 175 176 177
252 253 254 255 256
221 222 223 224 225
201 202 203 204 205
168 169 170 171 172
181 182 184 185 186
187 188 189 190 191
6 7
8 9
134 135
132 133
104 105 106 107 108
146 147 148 149 150
10 11 12 13 14
25 26 27 28 29
20 21 22 23 24
52 53 54 55 56
67 68 69 70 71
62 63 64 65 66
94 95 96 97 98
109 110 111 112 113
136 137 138 139 140
151 152 153 154 155
30 31 32 33 34
72 73 74 75 76
114 115 116 117 118
232 233 234 235 236
156 157 158 159 160
173 174 175 176 177
252 253 254 255 256
221 222 223 224 225
201 202 203 204 205
168 169 170 171 172
181 182 184 185 186
187 188 189 190 191
6 7
8 9
134 135
132 133
50 51
104 105 106 107 108
146 147 148 149 150
10 11 12 13 14
25 26 27 28 29
20 21 22 23 24
52 53 54 55 56
67 68 69 70 71
62 63 64 65 66
94 95 96 97 98
109 110 111 112 113
136 137 138 139 140
151 152 153 154 155
30 31 32 33 34
72 73 74 75 76
114 115 116 117 118
232 233 234 235 236
156 157 158 159 160
173 174 175 176 177
252 253 254 255 256
221 222 223 224 225
201 202 203 204 205
168 169 170 171 172
181 182 184 185 186
187 188 189 190 191
6 7
8 9
134 135
132 133
50 51
48 49
104 105 106 107 108
146 147 148 149 150
10 11 12 13 14
25 26 27 28 29
20 21 22 23 24
52 53 54 55 56
67 68 69 70 71
62 63 64 65 66
94 95 96 97 98
109 110 111 112 113
136 137 138 139 140
151 152 153 154 155
30 31 32 33 34
72 73 74 75 76
114 115 116 117 118
232 233 234 235 236
156 157 158 159 160
173 174 175 176 177
252 253 254 255 256
221 222 223 224 225
201 202 203 204 205
168 169 170 171 172
181 182 184 185 186
187 188 189 190 191
6 7
8 9
134 135
132 133
50 51
48 49
90 91
104 105 106 107 108
146 147 148 149 150
10 11 12 13 14
25 26 27 28 29
20 21 22 23 24
52 53 54 55 56
67 68 69 70 71
62 63 64 65 66
94 95 96 97 98
109 110 111 112 113
136 137 138 139 140
151 152 153 154 155
30 31 32 33 34
72 73 74 75 76
114 115 116 117 118
232 233 234 235 236
156 157 158 159 160
173 174 175 176 177
252 253 254 255 256
221 222 223 224 225
201 202 203 204 205
168 169 170 171 172
181 182 184 185 186
187 188 189 190 191
6 7
8 9
134 135
132 133
50 51
48 49
90 91
92 93
104 105 106 107 108
146 147 148 149 150
10 11 12 13 14
25 26 27 28 29
20 21 22 23 24
52 53 54 55 56
67 68 69 70 71
62 63 64 65 66
94 95 96 97 98
109 110 111 112 113
136 137 138 139 140
151 152 153 154 155
30 31 32 33 34
72 73 74 75 76
114 115 116 117 118
232 233 234 235 236
156 157 158 159 160
173 174 175 176 177
252 253 254 255 256
221 222 223 224 225
201 202 203 204 205
168 169 170 171 172
181 182 184 185 186
187 188 189 190 191
6 7
8 9
134 135
132 133
50 51
48 49
90 91
92 93
129 130 131
104 105 106 107 108
146 147 148 149 150
10 11 12 13 14
25 26 27 28 29
20 21 22 23 24
52 53 54 55 56
67 68 69 70 71
62 63 64 65 66
94 95 96 97 98
109 110 111 112 113
136 137 138 139 140
151 152 153 154 155
30 31 32 33 34
72 73 74 75 76
114 115 116 117 118
232 233 234 235 236
156 157 158 159 160
173 174 175 176 177
252 253 254 255 256
221 222 223 224 225
201 202 203 204 205
168 169 170 171 172
181 182 184 185 186
187 188 189 190 191
6 7
8 9
134 135
132 133
50 51
48 49
90 91
92 93
129 130 131
126 127 128
104 105 106 107 108
146 147 148 149 150
10 11 12 13 14
25 26 27 28 29
20 21 22 23 24
52 53 54 55 56
67 68 69 70 71
62 63 64 65 66
94 95 96 97 98
109 110 111 112 113
136 137 138 139 140
151 152 153 154 155
30 31 32 33 34
72 73 74 75 76
114 115 116 117 118
232 233 234 235 236
156 157 158 159 160
173 174 175 176 177
252 253 254 255 256
221 222 223 224 225
201 202 203 204 205
168 169 170 171 172
181 182 184 185 186
187 188 189 190 191
6 7
8 9
134 135
132 133
50 51
48 49
90 91
92 93
129 130 131
126 127 128
45 46 47
104 105 106 107 108
146 147 148 149 150
10 11 12 13 14
25 26 27 28 29
20 21 22 23 24
52 53 54 55 56
67 68 69 70 71
62 63 64 65 66
94 95 96 97 98
109 110 111 112 113
136 137 138 139 140
151 152 153 154 155
30 31 32 33 34
72 73 74 75 76
114 115 116 117 118
232 233 234 235 236
156 157 158 159 160
173 174 175 176 177
252 253 254 255 256
221 222 223 224 225
201 202 203 204 205
168 169 170 171 172
181 182 184 185 186
187 188 189 190 191
6 7
8 9
134 135
132 133
50 51
48 49
90 91
92 93
129 130 131
126 127 128
45 46 47
42 43 44
104 105 106 107 108
146 147 148 149 150
10 11 12 13 14
25 26 27 28 29
20 21 22 23 24
52 53 54 55 56
67 68 69 70 71
62 63 64 65 66
94 95 96 97 98
109 110 111 112 113
136 137 138 139 140
151 152 153 154 155
30 31 32 33 34
72 73 74 75 76
114 115 116 117 118
232 233 234 235 236
156 157 158 159 160
173 174 175 176 177
252 253 254 255 256
221 222 223 224 225
201 202 203 204 205
168 169 170 171 172
181 182 184 185 186
187 188 189 190 191
6 7
8 9
134 135
132 133
50 51
48 49
90 91
92 93
129 130 131
126 127 128
45 46 47
42 43 44
84 85 86
104 105 106 107 108
146 147 148 149 150
10 11 12 13 14
25 26 27 28 29
20 21 22 23 24
52 53 54 55 56
67 68 69 70 71
62 63 64 65 66
94 95 96 97 98
109 110 111 112 113
136 137 138 139 140
151 152 153 154 155
30 31 32 33 34
72 73 74 75 76
114 115 116 117 118
232 233 234 235 236
156 157 158 159 160
173 174 175 176 177
252 253 254 255 256
221 222 223 224 225
201 202 203 204 205
168 169 170 171 172
181 182 184 185 186
187 188 189 190 191
6 7
8 9
134 135
132 133
50 51
48 49
90 91
92 93
129 130 131
126 127 128
45 46 47
42 43 44
84 85 86
87 88 89
104 105 106 107 108
146 147 148 149 150
10 11 12 13 14
25 26 27 28 29
20 21 22 23 24
52 53 54 55 56
67 68 69 70 71
62 63 64 65 66
94 95 96 97 98
109 110 111 112 113
136 137 138 139 140
151 152 153 154 155
30 31 32 33 34
72 73 74 75 76
114 115 116 117 118
232 233 234 235 236
156 157 158 159 160
173 174 175 176 177
252 253 254 255 256
221 222 223 224 225
201 202 203 204 205
168 169 170 171 172
181 182 184 185 186
187 188 189 190 191
6 7
8 9
134 135
132 133
50 51
48 49
90 91
92 93
129 130 131
126 127 128
45 46 47
42 43 44
84 85 86
87 88 89
3 4 5
104 105 106 107 108
146 147 148 149 150
10 11 12 13 14
25 26 27 28 29
20 21 22 23 24
52 53 54 55 56
67 68 69 70 71
62 63 64 65 66
94 95 96 97 98
109 110 111 112 113
136 137 138 139 140
151 152 153 154 155
30 31 32 33 34
72 73 74 75 76
114 115 116 117 118
232 233 234 235 236
156 157 158 159 160
173 174 175 176 177
252 253 254 255 256
221 222 223 224 225
201 202 203 204 205
168 169 170 171 172
181 182 184 185 186
187 188 189 190 191
6 7
8 9
134 135
132 133
50 51
48 49
90 91
92 93
129 130 131
126 127 128
45 46 47
42 43 44
84 85 86
87 88 89
3 4 5
0 1 2
