322 201 7 312 161
322 201 7 312 161
340 167 194 111 99
322 201 7 312 161
340 167 194 111 99
316 94 98 35 323
322 201 7 312 161
340 167 194 111 99
316 94 98 35 323
281 59 189 335 133
322 201 7 312 161
340 167 194 111 99
316 94 98 35 323
281 59 189 335 133
212 128 357 366 343
322 201 7 312 161
340 167 194 111 99
316 94 98 35 323
281 59 189 335 133
212 128 357 366 343
209 48 346 308 31
322 201 7 312 161
340 167 194 111 99
316 94 98 35 323
281 59 189 335 133
212 128 357 366 343
209 48 346 308 31
33 186 274 122 271
322 201 7 312 161
340 167 194 111 99
316 94 98 35 323
281 59 189 335 133
212 128 357 366 343
209 48 346 308 31
33 186 274 122 271
155 0 26 62 82
322 201 7 312 161
340 167 194 111 99
316 94 98 35 323
281 59 189 335 133
212 128 357 366 343
209 48 346 308 31
33 186 274 122 271
155 0 26 62 82
305 226 136 247 92
322 201 7 312 161
340 167 194 111 99
316 94 98 35 323
281 59 189 335 133
212 128 357 366 343
209 48 346 308 31
33 186 274 122 271
155 0 26 62 82
305 226 136 247 92
273 363 364 154 77
322 201 7 312 161
340 167 194 111 99
316 94 98 35 323
281 59 189 335 133
212 128 357 366 343
209 48 346 308 31
33 186 274 122 271
155 0 26 62 82
305 226 136 247 92
273 363 364 154 77
203 288 358 370 61
322 201 7 312 161
340 167 194 111 99
316 94 98 35 323
281 59 189 335 133
212 128 357 366 343
209 48 346 308 31
33 186 274 122 271
155 0 26 62 82
305 226 136 247 92
273 363 364 154 77
203 288 358 370 61
290 311 182 269 95
322 201 7 312 161
340 167 194 111 99
316 94 98 35 323
281 59 189 335 133
212 128 357 366 343
209 48 346 308 31
33 186 274 122 271
155 0 26 62 82
305 226 136 247 92
273 363 364 154 77
203 288 358 370 61
290 311 182 269 95
360 215 16 307 314
322 201 7 312 161
340 167 194 111 99
316 94 98 35 323
281 59 189 335 133
212 128 357 366 343
209 48 346 308 31
33 186 274 122 271
155 0 26 62 82
305 226 136 247 92
273 363 364 154 77
203 288 358 370 61
290 311 182 269 95
360 215 16 307 314
220 79 96 324 236
322 201 7 312 161
340 167 194 111 99
316 94 98 35 323
281 59 189 335 133
212 128 357 366 343
209 48 346 308 31
33 186 274 122 271
155 0 26 62 82
305 226 136 247 92
273 363 364 154 77
203 288 358 370 61
290 311 182 269 95
360 215 16 307 314
220 79 96 324 236
196 53 9 301 19
322 201 7 312 161
340 167 194 111 99
316 94 98 35 323
281 59 189 335 133
212 128 357 366 343
209 48 346 308 31
33 186 274 122 271
155 0 26 62 82
305 226 136 247 92
273 363 364 154 77
203 288 358 370 61
290 311 182 269 95
360 215 16 307 314
220 79 96 324 236
196 53 9 301 19
368 351 270 292 89
322 201 7 312 161
340 167 194 111 99
316 94 98 35 323
281 59 189 335 133
212 128 357 366 343
209 48 346 308 31
33 186 274 122 271
155 0 26 62 82
305 226 136 247 92
273 363 364 154 77
203 288 358 370 61
290 311 182 269 95
360 215 16 307 314
220 79 96 324 236
196 53 9 301 19
368 351 270 292 89
88 365 52 294 183
322 201 7 312 161
340 167 194 111 99
316 94 98 35 323
281 59 189 335 133
212 128 357 366 343
209 48 346 308 31
33 186 274 122 271
155 0 26 62 82
305 226 136 247 92
273 363 364 154 77
203 288 358 370 61
290 311 182 269 95
360 215 16 307 314
220 79 96 324 236
196 53 9 301 19
368 351 270 292 89
88 365 52 294 183
106 223 123 318 2
322 201 7 312 161
340 167 194 111 99
316 94 98 35 323
281 59 189 335 133
212 128 357 366 343
209 48 346 308 31
33 186 274 122 271
155 0 26 62 82
305 226 136 247 92
273 363 364 154 77
203 288 358 370 61
290 311 182 269 95
360 215 16 307 314
220 79 96 324 236
196 53 9 301 19
368 351 270 292 89
88 365 52 294 183
106 223 123 318 2
32 30 224 293 109
322 201 7 312 161
340 167 194 111 99
316 94 98 35 323
281 59 189 335 133
212 128 357 366 343
209 48 346 308 31
33 186 274 122 271
155 0 26 62 82
305 226 136 247 92
273 363 364 154 77
203 288 358 370 61
290 311 182 269 95
360 215 16 307 314
220 79 96 324 236
196 53 9 301 19
368 351 270 292 89
88 365 52 294 183
106 223 123 318 2
32 30 224 293 109
210 369 258 127 153
322 201 7 312 161
340 167 194 111 99
316 94 98 35 323
281 59 189 335 133
212 128 357 366 343
209 48 346 308 31
33 186 274 122 271
155 0 26 62 82
305 226 136 247 92
273 363 364 154 77
203 288 358 370 61
290 311 182 269 95
360 215 16 307 314
220 79 96 324 236
196 53 9 301 19
368 351 270 292 89
88 365 52 294 183
106 223 123 318 2
32 30 224 293 109
210 369 258 127 153
250 176 216 211 112
322 201 7 312 161
340 167 194 111 99
316 94 98 35 323
281 59 189 335 133
212 128 357 366 343
209 48 346 308 31
33 186 274 122 271
155 0 26 62 82
305 226 136 247 92
273 363 364 154 77
203 288 358 370 61
290 311 182 269 95
360 215 16 307 314
220 79 96 324 236
196 53 9 301 19
368 351 270 292 89
88 365 52 294 183
106 223 123 318 2
32 30 224 293 109
210 369 258 127 153
250 176 216 211 112
321 121 295 213 25
322 201 7 312 161
340 167 194 111 99
316 94 98 35 323
281 59 189 335 133
212 128 357 366 343
209 48 346 308 31
33 186 274 122 271
155 0 26 62 82
305 226 136 247 92
273 363 364 154 77
203 288 358 370 61
290 311 182 269 95
360 215 16 307 314
220 79 96 324 236
196 53 9 301 19
368 351 270 292 89
88 365 52 294 183
106 223 123 318 2
32 30 224 293 109
210 369 258 127 153
250 176 216 211 112
321 121 295 213 25
190 144 275 149 333
322 201 7 312 161
340 167 194 111 99
316 94 98 35 323
281 59 189 335 133
212 128 357 366 343
209 48 346 308 31
33 186 274 122 271
155 0 26 62 82
305 226 136 247 92
273 363 364 154 77
203 288 358 370 61
290 311 182 269 95
360 215 16 307 314
220 79 96 324 236
196 53 9 301 19
368 351 270 292 89
88 365 52 294 183
106 223 123 318 2
32 30 224 293 109
210 369 258 127 153
250 176 216 211 112
321 121 295 213 25
190 144 275 149 333
195 284 162 151 168
322 201 7 312 161
340 167 194 111 99
316 94 98 35 323
281 59 189 335 133
212 128 357 366 343
209 48 346 308 31
33 186 274 122 271
155 0 26 62 82
305 226 136 247 92
273 363 364 154 77
203 288 358 370 61
290 311 182 269 95
360 215 16 307 314
220 79 96 324 236
196 53 9 301 19
368 351 270 292 89
88 365 52 294 183
106 223 123 318 2
32 30 224 293 109
210 369 258 127 153
250 176 216 211 112
321 121 295 213 25
190 144 275 149 333
195 284 162 151 168
218 1 320 145 44
322 201 7 312 161
340 167 194 111 99
316 94 98 35 323
281 59 189 335 133
212 128 357 366 343
209 48 346 308 31
33 186 274 122 271
155 0 26 62 82
305 226 136 247 92
273 363 364 154 77
203 288 358 370 61
290 311 182 269 95
360 215 16 307 314
220 79 96 324 236
196 53 9 301 19
368 351 270 292 89
88 365 52 294 183
106 223 123 318 2
32 30 224 293 109
210 369 258 127 153
250 176 216 211 112
321 121 295 213 25
190 144 275 149 333
195 284 162 151 168
218 1 320 145 44
45 338 285 217 180
322 201 7 312 161
340 167 194 111 99
316 94 98 35 323
281 59 189 335 133
212 128 357 366 343
209 48 346 308 31
33 186 274 122 271
155 0 26 62 82
305 226 136 247 92
273 363 364 154 77
203 288 358 370 61
290 311 182 269 95
360 215 16 307 314
220 79 96 324 236
196 53 9 301 19
368 351 270 292 89
88 365 52 294 183
106 223 123 318 2
32 30 224 293 109
210 369 258 127 153
250 176 216 211 112
321 121 295 213 25
190 144 275 149 333
195 284 162 151 168
218 1 320 145 44
45 338 285 217 180
253 87 125 334 172
322 201 7 312 161
340 167 194 111 99
316 94 98 35 323
281 59 189 335 133
212 128 357 366 343
209 48 346 308 31
33 186 274 122 271
155 0 26 62 82
305 226 136 247 92
273 363 364 154 77
203 288 358 370 61
290 311 182 269 95
360 215 16 307 314
220 79 96 324 236
196 53 9 301 19
368 351 270 292 89
88 365 52 294 183
106 223 123 318 2
32 30 224 293 109
210 369 258 127 153
250 176 216 211 112
321 121 295 213 25
190 144 275 149 333
195 284 162 151 168
218 1 320 145 44
45 338 285 217 180
253 87 125 334 172
283 164 326 37 150
322 201 7 312 161
340 167 194 111 99
316 94 98 35 323
281 59 189 335 133
212 128 357 366 343
209 48 346 308 31
33 186 274 122 271
155 0 26 62 82
305 226 136 247 92
273 363 364 154 77
203 288 358 370 61
290 311 182 269 95
360 215 16 307 314
220 79 96 324 236
196 53 9 301 19
368 351 270 292 89
88 365 52 294 183
106 223 123 318 2
32 30 224 293 109
210 369 258 127 153
250 176 216 211 112
321 121 295 213 25
190 144 275 149 333
195 284 162 151 168
218 1 320 145 44
45 338 285 217 180
253 87 125 334 172
283 164 326 37 150
254 362 156 97 140
322 201 7 312 161
340 167 194 111 99
316 94 98 35 323
281 59 189 335 133
212 128 357 366 343
209 48 346 308 31
33 186 274 122 271
155 0 26 62 82
305 226 136 247 92
273 363 364 154 77
203 288 358 370 61
290 311 182 269 95
360 215 16 307 314
220 79 96 324 236
196 53 9 301 19
368 351 270 292 89
88 365 52 294 183
106 223 123 318 2
32 30 224 293 109
210 369 258 127 153
250 176 216 211 112
321 121 295 213 25
190 144 275 149 333
195 284 162 151 168
218 1 320 145 44
45 338 285 217 180
253 87 125 334 172
283 164 326 37 150
254 362 156 97 140
57 17 317 309 175
322 201 7 312 161
340 167 194 111 99
316 94 98 35 323
281 59 189 335 133
212 128 357 366 343
209 48 346 308 31
33 186 274 122 271
155 0 26 62 82
305 226 136 247 92
273 363 364 154 77
203 288 358 370 61
290 311 182 269 95
360 215 16 307 314
220 79 96 324 236
196 53 9 301 19
368 351 270 292 89
88 365 52 294 183
106 223 123 318 2
32 30 224 293 109
210 369 258 127 153
250 176 216 211 112
321 121 295 213 25
190 144 275 149 333
195 284 162 151 168
218 1 320 145 44
45 338 285 217 180
253 87 125 334 172
283 164 326 37 150
254 362 156 97 140
57 17 317 309 175
85 207 221 230 327
322 201 7 312 161
340 167 194 111 99
316 94 98 35 323
281 59 189 335 133
212 128 357 366 343
209 48 346 308 31
33 186 274 122 271
155 0 26 62 82
305 226 136 247 92
273 363 364 154 77
203 288 358 370 61
290 311 182 269 95
360 215 16 307 314
220 79 96 324 236
196 53 9 301 19
368 351 270 292 89
88 365 52 294 183
106 223 123 318 2
32 30 224 293 109
210 369 258 127 153
250 176 216 211 112
321 121 295 213 25
190 144 275 149 333
195 284 162 151 168
218 1 320 145 44
45 338 285 217 180
253 87 125 334 172
283 164 326 37 150
254 362 156 97 140
57 17 317 309 175
85 207 221 230 327
184 15 51 34 264
322 201 7 312 161
340 167 194 111 99
316 94 98 35 323
281 59 189 335 133
212 128 357 366 343
209 48 346 308 31
33 186 274 122 271
155 0 26 62 82
305 226 136 247 92
273 363 364 154 77
203 288 358 370 61
290 311 182 269 95
360 215 16 307 314
220 79 96 324 236
196 53 9 301 19
368 351 270 292 89
88 365 52 294 183
106 223 123 318 2
32 30 224 293 109
210 369 258 127 153
250 176 216 211 112
321 121 295 213 25
190 144 275 149 333
195 284 162 151 168
218 1 320 145 44
45 338 285 217 180
253 87 125 334 172
283 164 326 37 150
254 362 156 97 140
57 17 317 309 175
85 207 221 230 327
184 15 51 34 264
159 81 49 345 191
322 201 7 312 161
340 167 194 111 99
316 94 98 35 323
281 59 189 335 133
212 128 357 366 343
209 48 346 308 31
33 186 274 122 271
155 0 26 62 82
305 226 136 247 92
273 363 364 154 77
203 288 358 370 61
290 311 182 269 95
360 215 16 307 314
220 79 96 324 236
196 53 9 301 19
368 351 270 292 89
88 365 52 294 183
106 223 123 318 2
32 30 224 293 109
210 369 258 127 153
250 176 216 211 112
321 121 295 213 25
190 144 275 149 333
195 284 162 151 168
218 1 320 145 44
45 338 285 217 180
253 87 125 334 172
283 164 326 37 150
254 362 156 97 140
57 17 317 309 175
85 207 221 230 327
184 15 51 34 264
159 81 49 345 191
12 134 248 47 279
322 201 7 312 161
340 167 194 111 99
316 94 98 35 323
281 59 189 335 133
212 128 357 366 343
209 48 346 308 31
33 186 274 122 271
155 0 26 62 82
305 226 136 247 92
273 363 364 154 77
203 288 358 370 61
290 311 182 269 95
360 215 16 307 314
220 79 96 324 236
196 53 9 301 19
368 351 270 292 89
88 365 52 294 183
106 223 123 318 2
32 30 224 293 109
210 369 258 127 153
250 176 216 211 112
321 121 295 213 25
190 144 275 149 333
195 284 162 151 168
218 1 320 145 44
45 338 285 217 180
253 87 125 334 172
283 164 326 37 150
254 362 156 97 140
57 17 317 309 175
85 207 221 230 327
184 15 51 34 264
159 81 49 345 191
12 134 248 47 279
83 105 267 129 22
322 201 7 312 161
340 167 194 111 99
316 94 98 35 323
281 59 189 335 133
212 128 357 366 343
209 48 346 308 31
33 186 274 122 271
155 0 26 62 82
305 226 136 247 92
273 363 364 154 77
203 288 358 370 61
290 311 182 269 95
360 215 16 307 314
220 79 96 324 236
196 53 9 301 19
368 351 270 292 89
88 365 52 294 183
106 223 123 318 2
32 30 224 293 109
210 369 258 127 153
250 176 216 211 112
321 121 295 213 25
190 144 275 149 333
195 284 162 151 168
218 1 320 145 44
45 338 285 217 180
253 87 125 334 172
283 164 326 37 150
254 362 156 97 140
57 17 317 309 175
85 207 221 230 327
184 15 51 34 264
159 81 49 345 191
12 134 248 47 279
83 105 267 129 22
152 147 188 352 86
322 201 7 312 161
340 167 194 111 99
316 94 98 35 323
281 59 189 335 133
212 128 357 366 343
209 48 346 308 31
33 186 274 122 271
155 0 26 62 82
305 226 136 247 92
273 363 364 154 77
203 288 358 370 61
290 311 182 269 95
360 215 16 307 314
220 79 96 324 236
196 53 9 301 19
368 351 270 292 89
88 365 52 294 183
106 223 123 318 2
32 30 224 293 109
210 369 258 127 153
250 176 216 211 112
321 121 295 213 25
190 144 275 149 333
195 284 162 151 168
218 1 320 145 44
45 338 285 217 180
253 87 125 334 172
283 164 326 37 150
254 362 156 97 140
57 17 317 309 175
85 207 221 230 327
184 15 51 34 264
159 81 49 345 191
12 134 248 47 279
83 105 267 129 22
152 147 188 352 86
339 113 355 38 124
322 201 7 312 161
340 167 194 111 99
316 94 98 35 323
281 59 189 335 133
212 128 357 366 343
209 48 346 308 31
33 186 274 122 271
155 0 26 62 82
305 226 136 247 92
273 363 364 154 77
203 288 358 370 61
290 311 182 269 95
360 215 16 307 314
220 79 96 324 236
196 53 9 301 19
368 351 270 292 89
88 365 52 294 183
106 223 123 318 2
32 30 224 293 109
210 369 258 127 153
250 176 216 211 112
321 121 295 213 25
190 144 275 149 333
195 284 162 151 168
218 1 320 145 44
45 338 285 217 180
253 87 125 334 172
283 164 326 37 150
254 362 156 97 140
57 17 317 309 175
85 207 221 230 327
184 15 51 34 264
159 81 49 345 191
12 134 248 47 279
83 105 267 129 22
152 147 188 352 86
339 113 355 38 124
263 71 42 242 315
