105 238 175 253 150
122 6 247 100 294
54 295 39 159 137
10 256 296 3 181
156 42 191 169 57
268 37 34 277 211
128 286 164 293 75
132 190 135 222 271
92 297 8 43 192
62 126 160 152 36
221 208 77 90 95
147 107 40 58 89
279 168 51 26 20
243 153 139 186 185
261 15 64 182 106
223 245 88 65 63
282 96 257 285 133
227 248 215 263 110
179 204 281 56 206
189 255 209 74 288
203 265 35 25 289
225 202 120 188 232
99 27 200 67 138
273 71 131 93 80
129 241 79 270 49
183 194 85 116 103
217 101 68 112 33
239 230 212 59 14
199 220 5 240 124
143 275 266 193 38
