282 59 274 166 51
282 59 274 166 51
250 184 53 254 283
282 59 274 166 51
250 184 53 254 283
267 205 142 245 36
282 59 274 166 51
250 184 53 254 283
267 205 142 245 36
247 216 39 242 146
282 59 274 166 51
250 184 53 254 283
267 205 142 245 36
247 216 39 242 146
269 235 10 222 218
282 59 274 166 51
250 184 53 254 283
267 205 142 245 36
247 216 39 242 146
269 235 10 222 218
157 78 204 191 296
282 59 274 166 51
250 184 53 254 283
267 205 142 245 36
247 216 39 242 146
269 235 10 222 218
157 78 204 191 296
121 105 61 11 107
282 59 274 166 51
250 184 53 254 283
267 205 142 245 36
247 216 39 242 146
269 235 10 222 218
157 78 204 191 296
121 105 61 11 107
46 158 251 79 172
282 59 274 166 51
250 184 53 254 283
267 205 142 245 36
247 216 39 242 146
269 235 10 222 218
157 78 204 191 296
121 105 61 11 107
46 158 251 79 172
208 60 9 262 88
282 59 274 166 51
250 184 53 254 283
267 205 142 245 36
247 216 39 242 146
269 235 10 222 218
157 78 204 191 296
121 105 61 11 107
46 158 251 79 172
208 60 9 262 88
87 55 133 27 136
282 59 274 166 51
250 184 53 254 283
267 205 142 245 36
247 216 39 242 146
269 235 10 222 218
157 78 204 191 296
121 105 61 11 107
46 158 251 79 172
208 60 9 262 88
87 55 133 27 136
120 31 74 134 106
282 59 274 166 51
250 184 53 254 283
267 205 142 245 36
247 216 39 242 146
269 235 10 222 218
157 78 204 191 296
121 105 61 11 107
46 158 251 79 172
208 60 9 262 88
87 55 133 27 136
120 31 74 134 106
98 24 241 22 140
282 59 274 166 51
250 184 53 254 283
267 205 142 245 36
247 216 39 242 146
269 235 10 222 218
157 78 204 191 296
121 105 61 11 107
46 158 251 79 172
208 60 9 262 88
87 55 133 27 136
120 31 74 134 106
98 24 241 22 140
200 102 275 93 90
282 59 274 166 51
250 184 53 254 283
267 205 142 245 36
247 216 39 242 146
269 235 10 222 218
157 78 204 191 296
121 105 61 11 107
46 158 251 79 172
208 60 9 262 88
87 55 133 27 136
120 31 74 134 106
98 24 241 22 140
200 102 275 93 90
234 298 66 253 113
282 59 274 166 51
250 184 53 254 283
267 205 142 245 36
247 216 39 242 146
269 235 10 222 218
157 78 204 191 296
121 105 61 11 107
46 158 251 79 172
208 60 9 262 88
87 55 133 27 136
120 31 74 134 106
98 24 241 22 140
200 102 275 93 90
234 298 66 253 113
13 19 196 150 154
282 59 274 166 51
250 184 53 254 283
267 205 142 245 36
247 216 39 242 146
269 235 10 222 218
157 78 204 191 296
121 105 61 11 107
46 158 251 79 172
208 60 9 262 88
87 55 133 27 136
120 31 74 134 106
98 24 241 22 140
200 102 275 93 90
234 298 66 253 113
13 19 196 150 154
169 260 3 266 129
282 59 274 166 51
250 184 53 254 283
267 205 142 245 36
247 216 39 242 146
269 235 10 222 218
157 78 204 191 296
121 105 61 11 107
46 158 251 79 172
208 60 9 262 88
87 55 133 27 136
120 31 74 134 106
98 24 241 22 140
200 102 275 93 90
234 298 66 253 113
13 19 196 150 154
169 260 3 266 129
161 70 127 32 293
282 59 274 166 51
250 184 53 254 283
267 205 142 245 36
247 216 39 242 146
269 235 10 222 218
157 78 204 191 296
121 105 61 11 107
46 158 251 79 172
208 60 9 262 88
87 55 133 27 136
120 31 74 134 106
98 24 241 22 140
200 102 275 93 90
234 298 66 253 113
13 19 196 150 154
169 260 3 266 129
161 70 127 32 293
228 265 17 153 258
282 59 274 166 51
250 184 53 254 283
267 205 142 245 36
247 216 39 242 146
269 235 10 222 218
157 78 204 191 296
121 105 61 11 107
46 158 251 79 172
208 60 9 262 88
87 55 133 27 136
120 31 74 134 106
98 24 241 22 140
200 102 275 93 90
234 298 66 253 113
13 19 196 150 154
169 260 3 266 129
161 70 127 32 293
228 265 17 153 258
1 209 69 80 143
282 59 274 166 51
250 184 53 254 283
267 205 142 245 36
247 216 39 242 146
269 235 10 222 218
157 78 204 191 296
121 105 61 11 107
46 158 251 79 172
208 60 9 262 88
87 55 133 27 136
120 31 74 134 106
98 24 241 22 140
200 102 275 93 90
234 298 66 253 113
13 19 196 150 154
169 260 3 266 129
161 70 127 32 293
228 265 17 153 258
1 209 69 80 143
138 37 249 115 292
282 59 274 166 51
250 184 53 254 283
267 205 142 245 36
247 216 39 242 146
269 235 10 222 218
157 78 204 191 296
121 105 61 11 107
46 158 251 79 172
208 60 9 262 88
87 55 133 27 136
120 31 74 134 106
98 24 241 22 140
200 102 275 93 90
234 298 66 253 113
13 19 196 150 154
169 260 3 266 129
161 70 127 32 293
228 265 17 153 258
1 209 69 80 143
138 37 249 115 292
214 47 5 114 278
282 59 274 166 51
250 184 53 254 283
267 205 142 245 36
247 216 39 242 146
269 235 10 222 218
157 78 204 191 296
121 105 61 11 107
46 158 251 79 172
208 60 9 262 88
87 55 133 27 136
120 31 74 134 106
98 24 241 22 140
200 102 275 93 90
234 298 66 253 113
13 19 196 150 154
169 260 3 266 129
161 70 127 32 293
228 265 17 153 258
1 209 69 80 143
138 37 249 115 292
214 47 5 114 278
212 271 148 217 38
282 59 274 166 51
250 184 53 254 283
267 205 142 245 36
247 216 39 242 146
269 235 10 222 218
157 78 204 191 296
121 105 61 11 107
46 158 251 79 172
208 60 9 262 88
87 55 133 27 136
120 31 74 134 106
98 24 241 22 140
200 102 275 93 90
234 298 66 253 113
13 19 196 150 154
169 260 3 266 129
161 70 127 32 293
228 265 17 153 258
1 209 69 80 143
138 37 249 115 292
214 47 5 114 278
212 271 148 217 38
33 58 224 255 52
282 59 274 166 51
250 184 53 254 283
267 205 142 245 36
247 216 39 242 146
269 235 10 222 218
157 78 204 191 296
121 105 61 11 107
46 158 251 79 172
208 60 9 262 88
87 55 133 27 136
120 31 74 134 106
98 24 241 22 140
200 102 275 93 90
234 298 66 253 113
13 19 196 150 154
169 260 3 266 129
161 70 127 32 293
228 265 17 153 258
1 209 69 80 143
138 37 249 115 292
214 47 5 114 278
212 271 148 217 38
33 58 224 255 52
15 14 210 185 83
282 59 274 166 51
250 184 53 254 283
267 205 142 245 36
247 216 39 242 146
269 235 10 222 218
157 78 204 191 296
121 105 61 11 107
46 158 251 79 172
208 60 9 262 88
87 55 133 27 136
120 31 74 134 106
98 24 241 22 140
200 102 275 93 90
234 298 66 253 113
13 19 196 150 154
169 260 3 266 129
161 70 127 32 293
228 265 17 153 258
1 209 69 80 143
138 37 249 115 292
214 47 5 114 278
212 271 148 217 38
33 58 224 255 52
15 14 210 185 83
23 239 220 263 176
282 59 274 166 51
250 184 53 254 283
267 205 142 245 36
247 216 39 242 146
269 235 10 222 218
157 78 204 191 296
121 105 61 11 107
46 158 251 79 172
208 60 9 262 88
87 55 133 27 136
120 31 74 134 106
98 24 241 22 140
200 102 275 93 90
234 298 66 253 113
13 19 196 150 154
169 260 3 266 129
161 70 127 32 293
228 265 17 153 258
1 209 69 80 143
138 37 249 115 292
214 47 5 114 278
212 271 148 217 38
33 58 224 255 52
15 14 210 185 83
23 239 220 263 176
151 261 294 50 4
282 59 274 166 51
250 184 53 254 283
267 205 142 245 36
247 216 39 242 146
269 235 10 222 218
157 78 204 191 296
121 105 61 11 107
46 158 251 79 172
208 60 9 262 88
87 55 133 27 136
120 31 74 134 106
98 24 241 22 140
200 102 275 93 90
234 298 66 253 113
13 19 196 150 154
169 260 3 266 129
161 70 127 32 293
228 265 17 153 258
1 209 69 80 143
138 37 249 115 292
214 47 5 114 278
212 271 148 217 38
33 58 224 255 52
15 14 210 185 83
23 239 220 263 176
151 261 294 50 4
109 173 215 144 97
282 59 274 166 51
250 184 53 254 283
267 205 142 245 36
247 216 39 242 146
269 235 10 222 218
157 78 204 191 296
121 105 61 11 107
46 158 251 79 172
208 60 9 262 88
87 55 133 27 136
120 31 74 134 106
98 24 241 22 140
200 102 275 93 90
234 298 66 253 113
13 19 196 150 154
169 260 3 266 129
161 70 127 32 293
228 265 17 153 258
1 209 69 80 143
138 37 249 115 292
214 47 5 114 278
212 271 148 217 38
33 58 224 255 52
15 14 210 185 83
23 239 220 263 176
151 261 294 50 4
109 173 215 144 97
268 99 287 257 289
282 59 274 166 51
250 184 53 254 283
267 205 142 245 36
247 216 39 242 146
269 235 10 222 218
157 78 204 191 296
121 105 61 11 107
46 158 251 79 172
208 60 9 262 88
87 55 133 27 136
120 31 74 134 106
98 24 241 22 140
200 102 275 93 90
234 298 66 253 113
13 19 196 150 154
169 260 3 266 129
161 70 127 32 293
228 265 17 153 258
1 209 69 80 143
138 37 249 115 292
214 47 5 114 278
212 271 148 217 38
33 58 224 255 52
15 14 210 185 83
23 239 220 263 176
151 261 294 50 4
109 173 215 144 97
268 99 287 257 289
238 72 213 226 281
282 59 274 166 51
250 184 53 254 283
267 205 142 245 36
247 216 39 242 146
269 235 10 222 218
157 78 204 191 296
121 105 61 11 107
46 158 251 79 172
208 60 9 262 88
87 55 133 27 136
120 31 74 134 106
98 24 241 22 140
200 102 275 93 90
234 298 66 253 113
13 19 196 150 154
169 260 3 266 129
161 70 127 32 293
228 265 17 153 258
1 209 69 80 143
138 37 249 115 292
214 47 5 114 278
212 271 148 217 38
33 58 224 255 52
15 14 210 185 83
23 239 220 263 176
151 261 294 50 4
109 173 215 144 97
268 99 287 257 289
238 72 213 226 281
8 272 123 223 118
