60 95 16 26 49
60 95 16 26 49
48 69 208 76 28
60 95 16 26 49
48 69 208 76 28
292 20 33 59 94
60 95 16 26 49
48 69 208 76 28
292 20 33 59 94
226 27 4 52 23
60 95 16 26 49
48 69 208 76 28
292 20 33 59 94
226 27 4 52 23
178 46 57 89 62
60 95 16 26 49
48 69 208 76 28
292 20 33 59 94
226 27 4 52 23
178 46 57 89 62
137 10 68 6 43
60 95 16 26 49
48 69 208 76 28
292 20 33 59 94
226 27 4 52 23
178 46 57 89 62
137 10 68 6 43
172 55 100 114 47
60 95 16 26 49
48 69 208 76 28
292 20 33 59 94
226 27 4 52 23
178 46 57 89 62
137 10 68 6 43
172 55 100 114 47
214 129 82 3 53
60 95 16 26 49
48 69 208 76 28
292 20 33 59 94
226 27 4 52 23
178 46 57 89 62
137 10 68 6 43
172 55 100 114 47
214 129 82 3 53
92 188 39 232 8
60 95 16 26 49
48 69 208 76 28
292 20 33 59 94
226 27 4 52 23
178 46 57 89 62
137 10 68 6 43
172 55 100 114 47
214 129 82 3 53
92 188 39 232 8
313 61 25 34 111
60 95 16 26 49
48 69 208 76 28
292 20 33 59 94
226 27 4 52 23
178 46 57 89 62
137 10 68 6 43
172 55 100 114 47
214 129 82 3 53
92 188 39 232 8
313 61 25 34 111
207 344 44 65 24
60 95 16 26 49
48 69 208 76 28
292 20 33 59 94
226 27 4 52 23
178 46 57 89 62
137 10 68 6 43
172 55 100 114 47
214 129 82 3 53
92 188 39 232 8
313 61 25 34 111
207 344 44 65 24
497 414 78 11 18
60 95 16 26 49
48 69 208 76 28
292 20 33 59 94
226 27 4 52 23
178 46 57 89 62
137 10 68 6 43
172 55 100 114 47
214 129 82 3 53
92 188 39 232 8
313 61 25 34 111
207 344 44 65 24
497 414 78 11 18
448 79 32 41 182
60 95 16 26 49
48 69 208 76 28
292 20 33 59 94
226 27 4 52 23
178 46 57 89 62
137 10 68 6 43
172 55 100 114 47
214 129 82 3 53
92 188 39 232 8
313 61 25 34 111
207 344 44 65 24
497 414 78 11 18
448 79 32 41 182
146 7 281 5 13
60 95 16 26 49
48 69 208 76 28
292 20 33 59 94
226 27 4 52 23
178 46 57 89 62
137 10 68 6 43
172 55 100 114 47
214 129 82 3 53
92 188 39 232 8
313 61 25 34 111
207 344 44 65 24
497 414 78 11 18
448 79 32 41 182
146 7 281 5 13
184 238 74 9 85
60 95 16 26 49
48 69 208 76 28
292 20 33 59 94
226 27 4 52 23
178 46 57 89 62
137 10 68 6 43
172 55 100 114 47
214 129 82 3 53
92 188 39 232 8
313 61 25 34 111
207 344 44 65 24
497 414 78 11 18
448 79 32 41 182
146 7 281 5 13
184 238 74 9 85
154 22 98 134 63
60 95 16 26 49
48 69 208 76 28
292 20 33 59 94
226 27 4 52 23
178 46 57 89 62
137 10 68 6 43
172 55 100 114 47
214 129 82 3 53
92 188 39 232 8
313 61 25 34 111
207 344 44 65 24
497 414 78 11 18
448 79 32 41 182
146 7 281 5 13
184 238 74 9 85
154 22 98 134 63
14 70 99 132 307
60 95 16 26 49
48 69 208 76 28
292 20 33 59 94
226 27 4 52 23
178 46 57 89 62
137 10 68 6 43
172 55 100 114 47
214 129 82 3 53
92 188 39 232 8
313 61 25 34 111
207 344 44 65 24
497 414 78 11 18
448 79 32 41 182
146 7 281 5 13
184 238 74 9 85
154 22 98 134 63
14 70 99 132 307
97 285 157 181 21
60 95 16 26 49
48 69 208 76 28
292 20 33 59 94
226 27 4 52 23
178 46 57 89 62
137 10 68 6 43
172 55 100 114 47
214 129 82 3 53
92 188 39 232 8
313 61 25 34 111
207 344 44 65 24
497 414 78 11 18
448 79 32 41 182
146 7 281 5 13
184 238 74 9 85
154 22 98 134 63
14 70 99 132 307
97 285 157 181 21
263 253 88 12 451
60 95 16 26 49
48 69 208 76 28
292 20 33 59 94
226 27 4 52 23
178 46 57 89 62
137 10 68 6 43
172 55 100 114 47
214 129 82 3 53
92 188 39 232 8
313 61 25 34 111
207 344 44 65 24
497 414 78 11 18
448 79 32 41 182
146 7 281 5 13
184 238 74 9 85
154 22 98 134 63
14 70 99 132 307
97 285 157 181 21
263 253 88 12 451
122 38 144 116 45
60 95 16 26 49
48 69 208 76 28
292 20 33 59 94
226 27 4 52 23
178 46 57 89 62
137 10 68 6 43
172 55 100 114 47
214 129 82 3 53
92 188 39 232 8
313 61 25 34 111
207 344 44 65 24
497 414 78 11 18
448 79 32 41 182
146 7 281 5 13
184 238 74 9 85
154 22 98 134 63
14 70 99 132 307
97 285 157 181 21
263 253 88 12 451
122 38 144 116 45
348 66 93 115 358
60 95 16 26 49
48 69 208 76 28
292 20 33 59 94
226 27 4 52 23
178 46 57 89 62
137 10 68 6 43
172 55 100 114 47
214 129 82 3 53
92 188 39 232 8
313 61 25 34 111
207 344 44 65 24
497 414 78 11 18
448 79 32 41 182
146 7 281 5 13
184 238 74 9 85
154 22 98 134 63
14 70 99 132 307
97 285 157 181 21
263 253 88 12 451
122 38 144 116 45
348 66 93 115 358
242 141 306 80 50
60 95 16 26 49
48 69 208 76 28
292 20 33 59 94
226 27 4 52 23
178 46 57 89 62
137 10 68 6 43
172 55 100 114 47
214 129 82 3 53
92 188 39 232 8
313 61 25 34 111
207 344 44 65 24
497 414 78 11 18
448 79 32 41 182
146 7 281 5 13
184 238 74 9 85
154 22 98 134 63
14 70 99 132 307
97 285 157 181 21
263 253 88 12 451
122 38 144 116 45
348 66 93 115 358
242 141 306 80 50
334 216 1 2 236
60 95 16 26 49
48 69 208 76 28
292 20 33 59 94
226 27 4 52 23
178 46 57 89 62
137 10 68 6 43
172 55 100 114 47
214 129 82 3 53
92 188 39 232 8
313 61 25 34 111
207 344 44 65 24
497 414 78 11 18
448 79 32 41 182
146 7 281 5 13
184 238 74 9 85
154 22 98 134 63
14 70 99 132 307
97 285 157 181 21
263 253 88 12 451
122 38 144 116 45
348 66 93 115 358
242 141 306 80 50
334 216 1 2 236
464 42 119 54 121
60 95 16 26 49
48 69 208 76 28
292 20 33 59 94
226 27 4 52 23
178 46 57 89 62
137 10 68 6 43
172 55 100 114 47
214 129 82 3 53
92 188 39 232 8
313 61 25 34 111
207 344 44 65 24
497 414 78 11 18
448 79 32 41 182
146 7 281 5 13
184 238 74 9 85
154 22 98 134 63
14 70 99 132 307
97 285 157 181 21
263 253 88 12 451
122 38 144 116 45
348 66 93 115 358
242 141 306 80 50
334 216 1 2 236
464 42 119 54 121
187 199 58 151 17
60 95 16 26 49
48 69 208 76 28
292 20 33 59 94
226 27 4 52 23
178 46 57 89 62
137 10 68 6 43
172 55 100 114 47
214 129 82 3 53
92 188 39 232 8
313 61 25 34 111
207 344 44 65 24
497 414 78 11 18
448 79 32 41 182
146 7 281 5 13
184 238 74 9 85
154 22 98 134 63
14 70 99 132 307
97 285 157 181 21
263 253 88 12 451
122 38 144 116 45
348 66 93 115 358
242 141 306 80 50
334 216 1 2 236
464 42 119 54 121
187 199 58 151 17
466 118 83 15 470
60 95 16 26 49
48 69 208 76 28
292 20 33 59 94
226 27 4 52 23
178 46 57 89 62
137 10 68 6 43
172 55 100 114 47
214 129 82 3 53
92 188 39 232 8
313 61 25 34 111
207 344 44 65 24
497 414 78 11 18
448 79 32 41 182
146 7 281 5 13
184 238 74 9 85
154 22 98 134 63
14 70 99 132 307
97 285 157 181 21
263 253 88 12 451
122 38 144 116 45
348 66 93 115 358
242 141 306 80 50
334 216 1 2 236
464 42 119 54 121
187 199 58 151 17
466 118 83 15 470
346 31 169 190 51
60 95 16 26 49
48 69 208 76 28
292 20 33 59 94
226 27 4 52 23
178 46 57 89 62
137 10 68 6 43
172 55 100 114 47
214 129 82 3 53
92 188 39 232 8
313 61 25 34 111
207 344 44 65 24
497 414 78 11 18
448 79 32 41 182
146 7 281 5 13
184 238 74 9 85
154 22 98 134 63
14 70 99 132 307
97 285 157 181 21
263 253 88 12 451
122 38 144 116 45
348 66 93 115 358
242 141 306 80 50
334 216 1 2 236
464 42 119 54 121
187 199 58 151 17
466 118 83 15 470
346 31 169 190 51
278 142 81 175 75
60 95 16 26 49
48 69 208 76 28
292 20 33 59 94
226 27 4 52 23
178 46 57 89 62
137 10 68 6 43
172 55 100 114 47
214 129 82 3 53
92 188 39 232 8
313 61 25 34 111
207 344 44 65 24
497 414 78 11 18
448 79 32 41 182
146 7 281 5 13
184 238 74 9 85
154 22 98 134 63
14 70 99 132 307
97 285 157 181 21
263 253 88 12 451
122 38 144 116 45
348 66 93 115 358
242 141 306 80 50
334 216 1 2 236
464 42 119 54 121
187 199 58 151 17
466 118 83 15 470
346 31 169 190 51
278 142 81 175 75
302 91 96 218 378
60 95 16 26 49
48 69 208 76 28
292 20 33 59 94
226 27 4 52 23
178 46 57 89 62
137 10 68 6 43
172 55 100 114 47
214 129 82 3 53
92 188 39 232 8
313 61 25 34 111
207 344 44 65 24
497 414 78 11 18
448 79 32 41 182
146 7 281 5 13
184 238 74 9 85
154 22 98 134 63
14 70 99 132 307
97 285 157 181 21
263 253 88 12 451
122 38 144 116 45
348 66 93 115 358
242 141 306 80 50
334 216 1 2 236
464 42 119 54 121
187 199 58 151 17
466 118 83 15 470
346 31 169 190 51
278 142 81 175 75
302 91 96 218 378
101 176 105 40 197
60 95 16 26 49
48 69 208 76 28
292 20 33 59 94
226 27 4 52 23
178 46 57 89 62
137 10 68 6 43
172 55 100 114 47
214 129 82 3 53
92 188 39 232 8
313 61 25 34 111
207 344 44 65 24
497 414 78 11 18
448 79 32 41 182
146 7 281 5 13
184 238 74 9 85
154 22 98 134 63
14 70 99 132 307
97 285 157 181 21
263 253 88 12 451
122 38 144 116 45
348 66 93 115 358
242 141 306 80 50
334 216 1 2 236
464 42 119 54 121
187 199 58 151 17
466 118 83 15 470
346 31 169 190 51
278 142 81 175 75
302 91 96 218 378
101 176 105 40 197
191 341 258 72 439
60 95 16 26 49
48 69 208 76 28
292 20 33 59 94
226 27 4 52 23
178 46 57 89 62
137 10 68 6 43
172 55 100 114 47
214 129 82 3 53
92 188 39 232 8
313 61 25 34 111
207 344 44 65 24
497 414 78 11 18
448 79 32 41 182
146 7 281 5 13
184 238 74 9 85
154 22 98 134 63
14 70 99 132 307
97 285 157 181 21
263 253 88 12 451
122 38 144 116 45
348 66 93 115 358
242 141 306 80 50
334 216 1 2 236
464 42 119 54 121
187 199 58 151 17
466 118 83 15 470
346 31 169 190 51
278 142 81 175 75
302 91 96 218 378
101 176 105 40 197
191 341 258 72 439
77 185 468 326 205
60 95 16 26 49
48 69 208 76 28
292 20 33 59 94
226 27 4 52 23
178 46 57 89 62
137 10 68 6 43
172 55 100 114 47
214 129 82 3 53
92 188 39 232 8
313 61 25 34 111
207 344 44 65 24
497 414 78 11 18
448 79 32 41 182
146 7 281 5 13
184 238 74 9 85
154 22 98 134 63
14 70 99 132 307
97 285 157 181 21
263 253 88 12 451
122 38 144 116 45
348 66 93 115 358
242 141 306 80 50
334 216 1 2 236
464 42 119 54 121
187 199 58 151 17
466 118 83 15 470
346 31 169 190 51
278 142 81 175 75
302 91 96 218 378
101 176 105 40 197
191 341 258 72 439
77 185 468 326 205
480 84 0 217 356
60 95 16 26 49
48 69 208 76 28
292 20 33 59 94
226 27 4 52 23
178 46 57 89 62
137 10 68 6 43
172 55 100 114 47
214 129 82 3 53
92 188 39 232 8
313 61 25 34 111
207 344 44 65 24
497 414 78 11 18
448 79 32 41 182
146 7 281 5 13
184 238 74 9 85
154 22 98 134 63
14 70 99 132 307
97 285 157 181 21
263 253 88 12 451
122 38 144 116 45
348 66 93 115 358
242 141 306 80 50
334 216 1 2 236
464 42 119 54 121
187 199 58 151 17
466 118 83 15 470
346 31 169 190 51
278 142 81 175 75
302 91 96 218 378
101 176 105 40 197
191 341 258 72 439
77 185 468 326 205
480 84 0 217 356
340 230 19 405 264
60 95 16 26 49
48 69 208 76 28
292 20 33 59 94
226 27 4 52 23
178 46 57 89 62
137 10 68 6 43
172 55 100 114 47
214 129 82 3 53
92 188 39 232 8
313 61 25 34 111
207 344 44 65 24
497 414 78 11 18
448 79 32 41 182
146 7 281 5 13
184 238 74 9 85
154 22 98 134 63
14 70 99 132 307
97 285 157 181 21
263 253 88 12 451
122 38 144 116 45
348 66 93 115 358
242 141 306 80 50
334 216 1 2 236
464 42 119 54 121
187 199 58 151 17
466 118 83 15 470
346 31 169 190 51
278 142 81 175 75
302 91 96 218 378
101 176 105 40 197
191 341 258 72 439
77 185 468 326 205
480 84 0 217 356
340 230 19 405 264
312 354 186 223 67
60 95 16 26 49
48 69 208 76 28
292 20 33 59 94
226 27 4 52 23
178 46 57 89 62
137 10 68 6 43
172 55 100 114 47
214 129 82 3 53
92 188 39 232 8
313 61 25 34 111
207 344 44 65 24
497 414 78 11 18
448 79 32 41 182
146 7 281 5 13
184 238 74 9 85
154 22 98 134 63
14 70 99 132 307
97 285 157 181 21
263 253 88 12 451
122 38 144 116 45
348 66 93 115 358
242 141 306 80 50
334 216 1 2 236
464 42 119 54 121
187 199 58 151 17
466 118 83 15 470
346 31 169 190 51
278 142 81 175 75
302 91 96 218 378
101 176 105 40 197
191 341 258 72 439
77 185 468 326 205
480 84 0 217 356
340 230 19 405 264
312 354 186 223 67
164 195 467 422 86
60 95 16 26 49
48 69 208 76 28
292 20 33 59 94
226 27 4 52 23
178 46 57 89 62
137 10 68 6 43
172 55 100 114 47
214 129 82 3 53
92 188 39 232 8
313 61 25 34 111
207 344 44 65 24
497 414 78 11 18
448 79 32 41 182
146 7 281 5 13
184 238 74 9 85
154 22 98 134 63
14 70 99 132 307
97 285 157 181 21
263 253 88 12 451
122 38 144 116 45
348 66 93 115 358
242 141 306 80 50
334 216 1 2 236
464 42 119 54 121
187 199 58 151 17
466 118 83 15 470
346 31 169 190 51
278 142 81 175 75
302 91 96 218 378
101 176 105 40 197
191 341 258 72 439
77 185 468 326 205
480 84 0 217 356
340 230 19 405 264
312 354 186 223 67
164 195 467 422 86
241 406 304 71 271
60 95 16 26 49
48 69 208 76 28
292 20 33 59 94
226 27 4 52 23
178 46 57 89 62
137 10 68 6 43
172 55 100 114 47
214 129 82 3 53
92 188 39 232 8
313 61 25 34 111
207 344 44 65 24
497 414 78 11 18
448 79 32 41 182
146 7 281 5 13
184 238 74 9 85
154 22 98 134 63
14 70 99 132 307
97 285 157 181 21
263 253 88 12 451
122 38 144 116 45
348 66 93 115 358
242 141 306 80 50
334 216 1 2 236
464 42 119 54 121
187 199 58 151 17
466 118 83 15 470
346 31 169 190 51
278 142 81 175 75
302 91 96 218 378
101 176 105 40 197
191 341 258 72 439
77 185 468 326 205
480 84 0 217 356
340 230 19 405 264
312 354 186 223 67
164 195 467 422 86
241 406 304 71 271
140 328 299 87 174
60 95 16 26 49
48 69 208 76 28
292 20 33 59 94
226 27 4 52 23
178 46 57 89 62
137 10 68 6 43
172 55 100 114 47
214 129 82 3 53
92 188 39 232 8
313 61 25 34 111
207 344 44 65 24
497 414 78 11 18
448 79 32 41 182
146 7 281 5 13
184 238 74 9 85
154 22 98 134 63
14 70 99 132 307
97 285 157 181 21
263 253 88 12 451
122 38 144 116 45
348 66 93 115 358
242 141 306 80 50
334 216 1 2 236
464 42 119 54 121
187 199 58 151 17
466 118 83 15 470
346 31 169 190 51
278 142 81 175 75
302 91 96 218 378
101 176 105 40 197
191 341 258 72 439
77 185 468 326 205
480 84 0 217 356
340 230 19 405 264
312 354 186 223 67
164 195 467 422 86
241 406 304 71 271
140 328 299 87 174
418 90 104 149 491
60 95 16 26 49
48 69 208 76 28
292 20 33 59 94
226 27 4 52 23
178 46 57 89 62
137 10 68 6 43
172 55 100 114 47
214 129 82 3 53
92 188 39 232 8
313 61 25 34 111
207 344 44 65 24
497 414 78 11 18
448 79 32 41 182
146 7 281 5 13
184 238 74 9 85
154 22 98 134 63
14 70 99 132 307
97 285 157 181 21
263 253 88 12 451
122 38 144 116 45
348 66 93 115 358
242 141 306 80 50
334 216 1 2 236
464 42 119 54 121
187 199 58 151 17
466 118 83 15 470
346 31 169 190 51
278 142 81 175 75
302 91 96 218 378
101 176 105 40 197
191 341 258 72 439
77 185 468 326 205
480 84 0 217 356
340 230 19 405 264
312 354 186 223 67
164 195 467 422 86
241 406 304 71 271
140 328 299 87 174
418 90 104 149 491
193 219 203 364 56
60 95 16 26 49
48 69 208 76 28
292 20 33 59 94
226 27 4 52 23
178 46 57 89 62
137 10 68 6 43
172 55 100 114 47
214 129 82 3 53
92 188 39 232 8
313 61 25 34 111
207 344 44 65 24
497 414 78 11 18
448 79 32 41 182
146 7 281 5 13
184 238 74 9 85
154 22 98 134 63
14 70 99 132 307
97 285 157 181 21
263 253 88 12 451
122 38 144 116 45
348 66 93 115 358
242 141 306 80 50
334 216 1 2 236
464 42 119 54 121
187 199 58 151 17
466 118 83 15 470
346 31 169 190 51
278 142 81 175 75
302 91 96 218 378
101 176 105 40 197
191 341 258 72 439
77 185 468 326 205
480 84 0 217 356
340 230 19 405 264
312 354 186 223 67
164 195 467 422 86
241 406 304 71 271
140 328 299 87 174
418 90 104 149 491
193 219 203 364 56
392 250 283 29 456
60 95 16 26 49
48 69 208 76 28
292 20 33 59 94
226 27 4 52 23
178 46 57 89 62
137 10 68 6 43
172 55 100 114 47
214 129 82 3 53
92 188 39 232 8
313 61 25 34 111
207 344 44 65 24
497 414 78 11 18
448 79 32 41 182
146 7 281 5 13
184 238 74 9 85
154 22 98 134 63
14 70 99 132 307
97 285 157 181 21
263 253 88 12 451
122 38 144 116 45
348 66 93 115 358
242 141 306 80 50
334 216 1 2 236
464 42 119 54 121
187 199 58 151 17
466 118 83 15 470
346 31 169 190 51
278 142 81 175 75
302 91 96 218 378
101 176 105 40 197
191 341 258 72 439
77 185 468 326 205
480 84 0 217 356
340 230 19 405 264
312 354 186 223 67
164 195 467 422 86
241 406 304 71 271
140 328 299 87 174
418 90 104 149 491
193 219 203 364 56
392 250 283 29 456
161 244 374 156 194
60 95 16 26 49
48 69 208 76 28
292 20 33 59 94
226 27 4 52 23
178 46 57 89 62
137 10 68 6 43
172 55 100 114 47
214 129 82 3 53
92 188 39 232 8
313 61 25 34 111
207 344 44 65 24
497 414 78 11 18
448 79 32 41 182
146 7 281 5 13
184 238 74 9 85
154 22 98 134 63
14 70 99 132 307
97 285 157 181 21
263 253 88 12 451
122 38 144 116 45
348 66 93 115 358
242 141 306 80 50
334 216 1 2 236
464 42 119 54 121
187 199 58 151 17
466 118 83 15 470
346 31 169 190 51
278 142 81 175 75
302 91 96 218 378
101 176 105 40 197
191 341 258 72 439
77 185 468 326 205
480 84 0 217 356
340 230 19 405 264
312 354 186 223 67
164 195 467 422 86
241 406 304 71 271
140 328 299 87 174
418 90 104 149 491
193 219 203 364 56
392 250 283 29 456
161 244 374 156 194
212 247 305 365 331
60 95 16 26 49
48 69 208 76 28
292 20 33 59 94
226 27 4 52 23
178 46 57 89 62
137 10 68 6 43
172 55 100 114 47
214 129 82 3 53
92 188 39 232 8
313 61 25 34 111
207 344 44 65 24
497 414 78 11 18
448 79 32 41 182
146 7 281 5 13
184 238 74 9 85
154 22 98 134 63
14 70 99 132 307
97 285 157 181 21
263 253 88 12 451
122 38 144 116 45
348 66 93 115 358
242 141 306 80 50
334 216 1 2 236
464 42 119 54 121
187 199 58 151 17
466 118 83 15 470
346 31 169 190 51
278 142 81 175 75
302 91 96 218 378
101 176 105 40 197
191 341 258 72 439
77 185 468 326 205
480 84 0 217 356
340 230 19 405 264
312 354 186 223 67
164 195 467 422 86
241 406 304 71 271
140 328 299 87 174
418 90 104 149 491
193 219 203 364 56
392 250 283 29 456
161 244 374 156 194
212 247 305 365 331
318 377 371 407 386
60 95 16 26 49
48 69 208 76 28
292 20 33 59 94
226 27 4 52 23
178 46 57 89 62
137 10 68 6 43
172 55 100 114 47
214 129 82 3 53
92 188 39 232 8
313 61 25 34 111
207 344 44 65 24
497 414 78 11 18
448 79 32 41 182
146 7 281 5 13
184 238 74 9 85
154 22 98 134 63
14 70 99 132 307
97 285 157 181 21
263 253 88 12 451
122 38 144 116 45
348 66 93 115 358
242 141 306 80 50
334 216 1 2 236
464 42 119 54 121
187 199 58 151 17
466 118 83 15 470
346 31 169 190 51
278 142 81 175 75
302 91 96 218 378
101 176 105 40 197
191 341 258 72 439
77 185 468 326 205
480 84 0 217 356
340 230 19 405 264
312 354 186 223 67
164 195 467 422 86
241 406 304 71 271
140 328 299 87 174
418 90 104 149 491
193 219 203 364 56
392 250 283 29 456
161 244 374 156 194
212 247 305 365 331
318 377 371 407 386
210 272 262 488 368
60 95 16 26 49
48 69 208 76 28
292 20 33 59 94
226 27 4 52 23
178 46 57 89 62
137 10 68 6 43
172 55 100 114 47
214 129 82 3 53
92 188 39 232 8
313 61 25 34 111
207 344 44 65 24
497 414 78 11 18
448 79 32 41 182
146 7 281 5 13
184 238 74 9 85
154 22 98 134 63
14 70 99 132 307
97 285 157 181 21
263 253 88 12 451
122 38 144 116 45
348 66 93 115 358
242 141 306 80 50
334 216 1 2 236
464 42 119 54 121
187 199 58 151 17
466 118 83 15 470
346 31 169 190 51
278 142 81 175 75
302 91 96 218 378
101 176 105 40 197
191 341 258 72 439
77 185 468 326 205
480 84 0 217 356
340 230 19 405 264
312 354 186 223 67
164 195 467 422 86
241 406 304 71 271
140 328 299 87 174
418 90 104 149 491
193 219 203 364 56
392 250 283 29 456
161 244 374 156 194
212 247 305 365 331
318 377 371 407 386
210 272 262 488 368
167 138 171 177 420
60 95 16 26 49
48 69 208 76 28
292 20 33 59 94
226 27 4 52 23
178 46 57 89 62
137 10 68 6 43
172 55 100 114 47
214 129 82 3 53
92 188 39 232 8
313 61 25 34 111
207 344 44 65 24
497 414 78 11 18
448 79 32 41 182
146 7 281 5 13
184 238 74 9 85
154 22 98 134 63
14 70 99 132 307
97 285 157 181 21
263 253 88 12 451
122 38 144 116 45
348 66 93 115 358
242 141 306 80 50
334 216 1 2 236
464 42 119 54 121
187 199 58 151 17
466 118 83 15 470
346 31 169 190 51
278 142 81 175 75
302 91 96 218 378
101 176 105 40 197
191 341 258 72 439
77 185 468 326 205
480 84 0 217 356
340 230 19 405 264
312 354 186 223 67
164 195 467 422 86
241 406 304 71 271
140 328 299 87 174
418 90 104 149 491
193 219 203 364 56
392 250 283 29 456
161 244 374 156 194
212 247 305 365 331
318 377 371 407 386
210 272 262 488 368
167 138 171 177 420
123 124 165 410 314
60 95 16 26 49
48 69 208 76 28
292 20 33 59 94
226 27 4 52 23
178 46 57 89 62
137 10 68 6 43
172 55 100 114 47
214 129 82 3 53
92 188 39 232 8
313 61 25 34 111
207 344 44 65 24
497 414 78 11 18
448 79 32 41 182
146 7 281 5 13
184 238 74 9 85
154 22 98 134 63
14 70 99 132 307
97 285 157 181 21
263 253 88 12 451
122 38 144 116 45
348 66 93 115 358
242 141 306 80 50
334 216 1 2 236
464 42 119 54 121
187 199 58 151 17
466 118 83 15 470
346 31 169 190 51
278 142 81 175 75
302 91 96 218 378
101 176 105 40 197
191 341 258 72 439
77 185 468 326 205
480 84 0 217 356
340 230 19 405 264
312 354 186 223 67
164 195 467 422 86
241 406 304 71 271
140 328 299 87 174
418 90 104 149 491
193 219 203 364 56
392 250 283 29 456
161 244 374 156 194
212 247 305 365 331
318 377 371 407 386
210 272 262 488 368
167 138 171 177 420
123 124 165 410 314
103 243 204 447 404
60 95 16 26 49
48 69 208 76 28
292 20 33 59 94
226 27 4 52 23
178 46 57 89 62
137 10 68 6 43
172 55 100 114 47
214 129 82 3 53
92 188 39 232 8
313 61 25 34 111
207 344 44 65 24
497 414 78 11 18
448 79 32 41 182
146 7 281 5 13
184 238 74 9 85
154 22 98 134 63
14 70 99 132 307
97 285 157 181 21
263 253 88 12 451
122 38 144 116 45
348 66 93 115 358
242 141 306 80 50
334 216 1 2 236
464 42 119 54 121
187 199 58 151 17
466 118 83 15 470
346 31 169 190 51
278 142 81 175 75
302 91 96 218 378
101 176 105 40 197
191 341 258 72 439
77 185 468 326 205
480 84 0 217 356
340 230 19 405 264
312 354 186 223 67
164 195 467 422 86
241 406 304 71 271
140 328 299 87 174
418 90 104 149 491
193 219 203 364 56
392 250 283 29 456
161 244 374 156 194
212 247 305 365 331
318 377 371 407 386
210 272 262 488 368
167 138 171 177 420
123 124 165 410 314
103 243 204 447 404
442 267 430 113 269
60 95 16 26 49
48 69 208 76 28
292 20 33 59 94
226 27 4 52 23
178 46 57 89 62
137 10 68 6 43
172 55 100 114 47
214 129 82 3 53
92 188 39 232 8
313 61 25 34 111
207 344 44 65 24
497 414 78 11 18
448 79 32 41 182
146 7 281 5 13
184 238 74 9 85
154 22 98 134 63
14 70 99 132 307
97 285 157 181 21
263 253 88 12 451
122 38 144 116 45
348 66 93 115 358
242 141 306 80 50
334 216 1 2 236
464 42 119 54 121
187 199 58 151 17
466 118 83 15 470
346 31 169 190 51
278 142 81 175 75
302 91 96 218 378
101 176 105 40 197
191 341 258 72 439
77 185 468 326 205
480 84 0 217 356
340 230 19 405 264
312 354 186 223 67
164 195 467 422 86
241 406 304 71 271
140 328 299 87 174
418 90 104 149 491
193 219 203 364 56
392 250 283 29 456
161 244 374 156 194
212 247 305 365 331
318 377 371 407 386
210 272 262 488 368
167 138 171 177 420
123 124 165 410 314
103 243 204 447 404
442 267 430 113 269
35 126 30
60 95 16 26 49
48 69 208 76 28
292 20 33 59 94
226 27 4 52 23
178 46 57 89 62
137 10 68 6 43
172 55 100 114 47
214 129 82 3 53
92 188 39 232 8
313 61 25 34 111
207 344 44 65 24
497 414 78 11 18
448 79 32 41 182
146 7 281 5 13
184 238 74 9 85
154 22 98 134 63
14 70 99 132 307
97 285 157 181 21
263 253 88 12 451
122 38 144 116 45
348 66 93 115 358
242 141 306 80 50
334 216 1 2 236
464 42 119 54 121
187 199 58 151 17
466 118 83 15 470
346 31 169 190 51
278 142 81 175 75
302 91 96 218 378
101 176 105 40 197
191 341 258 72 439
77 185 468 326 205
480 84 0 217 356
340 230 19 405 264
312 354 186 223 67
164 195 467 422 86
241 406 304 71 271
140 328 299 87 174
418 90 104 149 491
193 219 203 364 56
392 250 283 29 456
161 244 374 156 194
212 247 305 365 331
318 377 371 407 386
210 272 262 488 368
167 138 171 177 420
123 124 165 410 314
103 243 204 447 404
442 267 430 113 269
35 126 30
370 454 345 369 461
60 95 16 26 49
48 69 208 76 28
292 20 33 59 94
226 27 4 52 23
178 46 57 89 62
137 10 68 6 43
172 55 100 114 47
214 129 82 3 53
92 188 39 232 8
313 61 25 34 111
207 344 44 65 24
497 414 78 11 18
448 79 32 41 182
146 7 281 5 13
184 238 74 9 85
154 22 98 134 63
14 70 99 132 307
97 285 157 181 21
263 253 88 12 451
122 38 144 116 45
348 66 93 115 358
242 141 306 80 50
334 216 1 2 236
464 42 119 54 121
187 199 58 151 17
466 118 83 15 470
346 31 169 190 51
278 142 81 175 75
302 91 96 218 378
101 176 105 40 197
191 341 258 72 439
77 185 468 326 205
480 84 0 217 356
340 230 19 405 264
312 354 186 223 67
164 195 467 422 86
241 406 304 71 271
140 328 299 87 174
418 90 104 149 491
193 219 203 364 56
392 250 283 29 456
161 244 374 156 194
212 247 305 365 331
318 377 371 407 386
210 272 262 488 368
167 138 171 177 420
123 124 165 410 314
103 243 204 447 404
442 267 430 113 269
35 126 30
370 454 345 369 461
432 274 472 353
60 95 16 26 49
48 69 208 76 28
292 20 33 59 94
226 27 4 52 23
178 46 57 89 62
137 10 68 6 43
172 55 100 114 47
214 129 82 3 53
92 188 39 232 8
313 61 25 34 111
207 344 44 65 24
497 414 78 11 18
448 79 32 41 182
146 7 281 5 13
184 238 74 9 85
154 22 98 134 63
14 70 99 132 307
97 285 157 181 21
263 253 88 12 451
122 38 144 116 45
348 66 93 115 358
242 141 306 80 50
334 216 1 2 236
464 42 119 54 121
187 199 58 151 17
466 118 83 15 470
346 31 169 190 51
278 142 81 175 75
302 91 96 218 378
101 176 105 40 197
191 341 258 72 439
77 185 468 326 205
480 84 0 217 356
340 230 19 405 264
312 354 186 223 67
164 195 467 422 86
241 406 304 71 271
140 328 299 87 174
418 90 104 149 491
193 219 203 364 56
392 250 283 29 456
161 244 374 156 194
212 247 305 365 331
318 377 371 407 386
210 272 262 488 368
167 138 171 177 420
123 124 165 410 314
103 243 204 447 404
442 267 430 113 269
35 126 30
370 454 345 369 461
432 274 472 353
449 477
