204 205 206 207
204 205 206 207
288 299 298 291
204 205 206 207
288 299 298 291
444 445 446 447
204 205 206 207
288 299 298 291
444 445 446 447
96 97 98 99
204 205 206 207
288 299 298 291
444 445 446 447
96 97 98 99
312 323 322 315
204 205 206 207
288 299 298 291
444 445 446 447
96 97 98 99
312 323 322 315
360 361 362 363
204 205 206 207
288 299 298 291
444 445 446 447
96 97 98 99
312 323 322 315
360 361 362 363
348 349 350 351
204 205 206 207
288 299 298 291
444 445 446 447
96 97 98 99
312 323 322 315
360 361 362 363
348 349 350 351
336 337 338 339
204 205 206 207
288 299 298 291
444 445 446 447
96 97 98 99
312 323 322 315
360 361 362 363
348 349 350 351
336 337 338 339
300 311 310 303
204 205 206 207
288 299 298 291
444 445 446 447
96 97 98 99
312 323 322 315
360 361 362 363
348 349 350 351
336 337 338 339
300 311 310 303
144 145 146 147
204 205 206 207
288 299 298 291
444 445 446 447
96 97 98 99
312 323 322 315
360 361 362 363
348 349 350 351
336 337 338 339
300 311 310 303
144 145 146 147
396 407 406 399
204 205 206 207
288 299 298 291
444 445 446 447
96 97 98 99
312 323 322 315
360 361 362 363
348 349 350 351
336 337 338 339
300 311 310 303
144 145 146 147
396 407 406 399
192 193 194 195
204 205 206 207
288 299 298 291
444 445 446 447
96 97 98 99
312 323 322 315
360 361 362 363
348 349 350 351
336 337 338 339
300 311 310 303
144 145 146 147
396 407 406 399
192 193 194 195
252 263 262 255
204 205 206 207
288 299 298 291
444 445 446 447
96 97 98 99
312 323 322 315
360 361 362 363
348 349 350 351
336 337 338 339
300 311 310 303
144 145 146 147
396 407 406 399
192 193 194 195
252 263 262 255
240 241 242 243
204 205 206 207
288 299 298 291
444 445 446 447
96 97 98 99
312 323 322 315
360 361 362 363
348 349 350 351
336 337 338 339
300 311 310 303
144 145 146 147
396 407 406 399
192 193 194 195
252 263 262 255
240 241 242 243
72 83 82 75
204 205 206 207
288 299 298 291
444 445 446 447
96 97 98 99
312 323 322 315
360 361 362 363
348 349 350 351
336 337 338 339
300 311 310 303
144 145 146 147
396 407 406 399
192 193 194 195
252 263 262 255
240 241 242 243
72 83 82 75
216 217 218 219
204 205 206 207
288 299 298 291
444 445 446 447
96 97 98 99
312 323 322 315
360 361 362 363
348 349 350 351
336 337 338 339
300 311 310 303
144 145 146 147
396 407 406 399
192 193 194 195
252 263 262 255
240 241 242 243
72 83 82 75
216 217 218 219
432 433 434 435
204 205 206 207
288 299 298 291
444 445 446 447
96 97 98 99
312 323 322 315
360 361 362 363
348 349 350 351
336 337 338 339
300 311 310 303
144 145 146 147
396 407 406 399
192 193 194 195
252 263 262 255
240 241 242 243
72 83 82 75
216 217 218 219
432 433 434 435
60 61 62 63
204 205 206 207
288 299 298 291
444 445 446 447
96 97 98 99
312 323 322 315
360 361 362 363
348 349 350 351
336 337 338 339
300 311 310 303
144 145 146 147
396 407 406 399
192 193 194 195
252 263 262 255
240 241 242 243
72 83 82 75
216 217 218 219
432 433 434 435
60 61 62 63
408 419 418 411
204 205 206 207
288 299 298 291
444 445 446 447
96 97 98 99
312 323 322 315
360 361 362 363
348 349 350 351
336 337 338 339
300 311 310 303
144 145 146 147
396 407 406 399
192 193 194 195
252 263 262 255
240 241 242 243
72 83 82 75
216 217 218 219
432 433 434 435
60 61 62 63
408 419 418 411
12 13 14 15
204 205 206 207
288 299 298 291
444 445 446 447
96 97 98 99
312 323 322 315
360 361 362 363
348 349 350 351
336 337 338 339
300 311 310 303
144 145 146 147
396 407 406 399
192 193 194 195
252 263 262 255
240 241 242 243
72 83 82 75
216 217 218 219
432 433 434 435
60 61 62 63
408 419 418 411
12 13 14 15
48 59 58 51
204 205 206 207
288 299 298 291
444 445 446 447
96 97 98 99
312 323 322 315
360 361 362 363
348 349 350 351
336 337 338 339
300 311 310 303
144 145 146 147
396 407 406 399
192 193 194 195
252 263 262 255
240 241 242 243
72 83 82 75
216 217 218 219
432 433 434 435
60 61 62 63
408 419 418 411
12 13 14 15
48 59 58 51
180 191 190 183
204 205 206 207
288 299 298 291
444 445 446 447
96 97 98 99
312 323 322 315
360 361 362 363
348 349 350 351
336 337 338 339
300 311 310 303
144 145 146 147
396 407 406 399
192 193 194 195
252 263 262 255
240 241 242 243
72 83 82 75
216 217 218 219
432 433 434 435
60 61 62 63
408 419 418 411
12 13 14 15
48 59 58 51
180 191 190 183
24 25 26 27
204 205 206 207
288 299 298 291
444 445 446 447
96 97 98 99
312 323 322 315
360 361 362 363
348 349 350 351
336 337 338 339
300 311 310 303
144 145 146 147
396 407 406 399
192 193 194 195
252 263 262 255
240 241 242 243
72 83 82 75
216 217 218 219
432 433 434 435
60 61 62 63
408 419 418 411
12 13 14 15
48 59 58 51
180 191 190 183
24 25 26 27
156 157 158 159
204 205 206 207
288 299 298 291
444 445 446 447
96 97 98 99
312 323 322 315
360 361 362 363
348 349 350 351
336 337 338 339
300 311 310 303
144 145 146 147
396 407 406 399
192 193 194 195
252 263 262 255
240 241 242 243
72 83 82 75
216 217 218 219
432 433 434 435
60 61 62 63
408 419 418 411
12 13 14 15
48 59 58 51
180 191 190 183
24 25 26 27
156 157 158 159
168 179 178 171
204 205 206 207
288 299 298 291
444 445 446 447
96 97 98 99
312 323 322 315
360 361 362 363
348 349 350 351
336 337 338 339
300 311 310 303
144 145 146 147
396 407 406 399
192 193 194 195
252 263 262 255
240 241 242 243
72 83 82 75
216 217 218 219
432 433 434 435
60 61 62 63
408 419 418 411
12 13 14 15
48 59 58 51
180 191 190 183
24 25 26 27
156 157 158 159
168 179 178 171
36 37 38 39
204 205 206 207
288 299 298 291
444 445 446 447
96 97 98 99
312 323 322 315
360 361 362 363
348 349 350 351
336 337 338 339
300 311 310 303
144 145 146 147
396 407 406 399
192 193 194 195
252 263 262 255
240 241 242 243
72 83 82 75
216 217 218 219
432 433 434 435
60 61 62 63
408 419 418 411
12 13 14 15
48 59 58 51
180 191 190 183
24 25 26 27
156 157 158 159
168 179 178 171
36 37 38 39
0 1 2 3
204 205 206 207
288 299 298 291
444 445 446 447
96 97 98 99
312 323 322 315
360 361 362 363
348 349 350 351
336 337 338 339
300 311 310 303
144 145 146 147
396 407 406 399
192 193 194 195
252 263 262 255
240 241 242 243
72 83 82 75
216 217 218 219
432 433 434 435
60 61 62 63
408 419 418 411
12 13 14 15
48 59 58 51
180 191 190 183
24 25 26 27
156 157 158 159
168 179 178 171
36 37 38 39
0 1 2 3
132 133 134 135
204 205 206 207
288 299 298 291
444 445 446 447
96 97 98 99
312 323 322 315
360 361 362 363
348 349 350 351
336 337 338 339
300 311 310 303
144 145 146 147
396 407 406 399
192 193 194 195
252 263 262 255
240 241 242 243
72 83 82 75
216 217 218 219
432 433 434 435
60 61 62 63
408 419 418 411
12 13 14 15
48 59 58 51
180 191 190 183
24 25 26 27
156 157 158 159
168 179 178 171
36 37 38 39
0 1 2 3
132 133 134 135
120 121 122 123
204 205 206 207
288 299 298 291
444 445 446 447
96 97 98 99
312 323 322 315
360 361 362 363
348 349 350 351
336 337 338 339
300 311 310 303
144 145 146 147
396 407 406 399
192 193 194 195
252 263 262 255
240 241 242 243
72 83 82 75
216 217 218 219
432 433 434 435
60 61 62 63
408 419 418 411
12 13 14 15
48 59 58 51
180 191 190 183
24 25 26 27
156 157 158 159
168 179 178 171
36 37 38 39
0 1 2 3
132 133 134 135
120 121 122 123
108 109 110 111
204 205 206 207
288 299 298 291
444 445 446 447
96 97 98 99
312 323 322 315
360 361 362 363
348 349 350 351
336 337 338 339
300 311 310 303
144 145 146 147
396 407 406 399
192 193 194 195
252 263 262 255
240 241 242 243
72 83 82 75
216 217 218 219
432 433 434 435
60 61 62 63
408 419 418 411
12 13 14 15
48 59 58 51
180 191 190 183
24 25 26 27
156 157 158 159
168 179 178 171
36 37 38 39
0 1 2 3
132 133 134 135
120 121 122 123
108 109 110 111
228 239 238 231
204 205 206 207
288 299 298 291
444 445 446 447
96 97 98 99
312 323 322 315
360 361 362 363
348 349 350 351
336 337 338 339
300 311 310 303
144 145 146 147
396 407 406 399
192 193 194 195
252 263 262 255
240 241 242 243
72 83 82 75
216 217 218 219
432 433 434 435
60 61 62 63
408 419 418 411
12 13 14 15
48 59 58 51
180 191 190 183
24 25 26 27
156 157 158 159
168 179 178 171
36 37 38 39
0 1 2 3
132 133 134 135
120 121 122 123
108 109 110 111
228 239 238 231
84 85 86 87
204 205 206 207
288 299 298 291
444 445 446 447
96 97 98 99
312 323 322 315
360 361 362 363
348 349 350 351
336 337 338 339
300 311 310 303
144 145 146 147
396 407 406 399
192 193 194 195
252 263 262 255
240 241 242 243
72 83 82 75
216 217 218 219
432 433 434 435
60 61 62 63
408 419 418 411
12 13 14 15
48 59 58 51
180 191 190 183
24 25 26 27
156 157 158 159
168 179 178 171
36 37 38 39
0 1 2 3
132 133 134 135
120 121 122 123
108 109 110 111
228 239 238 231
84 85 86 87
480 481 482 483
204 205 206 207
288 299 298 291
444 445 446 447
96 97 98 99
312 323 322 315
360 361 362 363
348 349 350 351
336 337 338 339
300 311 310 303
144 145 146 147
396 407 406 399
192 193 194 195
252 263 262 255
240 241 242 243
72 83 82 75
216 217 218 219
432 433 434 435
60 61 62 63
408 419 418 411
12 13 14 15
48 59 58 51
180 191 190 183
24 25 26 27
156 157 158 159
168 179 178 171
36 37 38 39
0 1 2 3
132 133 134 135
120 121 122 123
108 109 110 111
228 239 238 231
84 85 86 87
480 481 482 483
384 395 394 387
204 205 206 207
288 299 298 291
444 445 446 447
96 97 98 99
312 323 322 315
360 361 362 363
348 349 350 351
336 337 338 339
300 311 310 303
144 145 146 147
396 407 406 399
192 193 194 195
252 263 262 255
240 241 242 243
72 83 82 75
216 217 218 219
432 433 434 435
60 61 62 63
408 419 418 411
12 13 14 15
48 59 58 51
180 191 190 183
24 25 26 27
156 157 158 159
168 179 178 171
36 37 38 39
0 1 2 3
132 133 134 135
120 121 122 123
108 109 110 111
228 239 238 231
84 85 86 87
480 481 482 483
384 395 394 387
372 373 374 375
204 205 206 207
288 299 298 291
444 445 446 447
96 97 98 99
312 323 322 315
360 361 362 363
348 349 350 351
336 337 338 339
300 311 310 303
144 145 146 147
396 407 406 399
192 193 194 195
252 263 262 255
240 241 242 243
72 83 82 75
216 217 218 219
432 433 434 435
60 61 62 63
408 419 418 411
12 13 14 15
48 59 58 51
180 191 190 183
24 25 26 27
156 157 158 159
168 179 178 171
36 37 38 39
0 1 2 3
132 133 134 135
120 121 122 123
108 109 110 111
228 239 238 231
84 85 86 87
480 481 482 483
384 395 394 387
372 373 374 375
420 431 430 423
204 205 206 207
288 299 298 291
444 445 446 447
96 97 98 99
312 323 322 315
360 361 362 363
348 349 350 351
336 337 338 339
300 311 310 303
144 145 146 147
396 407 406 399
192 193 194 195
252 263 262 255
240 241 242 243
72 83 82 75
216 217 218 219
432 433 434 435
60 61 62 63
408 419 418 411
12 13 14 15
48 59 58 51
180 191 190 183
24 25 26 27
156 157 158 159
168 179 178 171
36 37 38 39
0 1 2 3
132 133 134 135
120 121 122 123
108 109 110 111
228 239 238 231
84 85 86 87
480 481 482 483
384 395 394 387
372 373 374 375
420 431 430 423
324 325 326 327
204 205 206 207
288 299 298 291
444 445 446 447
96 97 98 99
312 323 322 315
360 361 362 363
348 349 350 351
336 337 338 339
300 311 310 303
144 145 146 147
396 407 406 399
192 193 194 195
252 263 262 255
240 241 242 243
72 83 82 75
216 217 218 219
432 433 434 435
60 61 62 63
408 419 418 411
12 13 14 15
48 59 58 51
180 191 190 183
24 25 26 27
156 157 158 159
168 179 178 171
36 37 38 39
0 1 2 3
132 133 134 135
120 121 122 123
108 109 110 111
228 239 238 231
84 85 86 87
480 481 482 483
384 395 394 387
372 373 374 375
420 431 430 423
324 325 326 327
456 467 466 459
204 205 206 207
288 299 298 291
444 445 446 447
96 97 98 99
312 323 322 315
360 361 362 363
348 349 350 351
336 337 338 339
300 311 310 303
144 145 146 147
396 407 406 399
192 193 194 195
252 263 262 255
240 241 242 243
72 83 82 75
216 217 218 219
432 433 434 435
60 61 62 63
408 419 418 411
12 13 14 15
48 59 58 51
180 191 190 183
24 25 26 27
156 157 158 159
168 179 178 171
36 37 38 39
0 1 2 3
132 133 134 135
120 121 122 123
108 109 110 111
228 239 238 231
84 85 86 87
480 481 482 483
384 395 394 387
372 373 374 375
420 431 430 423
324 325 326 327
456 467 466 459
468 469 470 471
204 205 206 207
288 299 298 291
444 445 446 447
96 97 98 99
312 323 322 315
360 361 362 363
348 349 350 351
336 337 338 339
300 311 310 303
144 145 146 147
396 407 406 399
192 193 194 195
252 263 262 255
240 241 242 243
72 83 82 75
216 217 218 219
432 433 434 435
60 61 62 63
408 419 418 411
12 13 14 15
48 59 58 51
180 191 190 183
24 25 26 27
156 157 158 159
168 179 178 171
36 37 38 39
0 1 2 3
132 133 134 135
120 121 122 123
108 109 110 111
228 239 238 231
84 85 86 87
480 481 482 483
384 395 394 387
372 373 374 375
420 431 430 423
324 325 326 327
456 467 466 459
468 469 470 471
276 287 286 279
204 205 206 207
288 299 298 291
444 445 446 447
96 97 98 99
312 323 322 315
360 361 362 363
348 349 350 351
336 337 338 339
300 311 310 303
144 145 146 147
396 407 406 399
192 193 194 195
252 263 262 255
240 241 242 243
72 83 82 75
216 217 218 219
432 433 434 435
60 61 62 63
408 419 418 411
12 13 14 15
48 59 58 51
180 191 190 183
24 25 26 27
156 157 158 159
168 179 178 171
36 37 38 39
0 1 2 3
132 133 134 135
120 121 122 123
108 109 110 111
228 239 238 231
84 85 86 87
480 481 482 483
384 395 394 387
372 373 374 375
420 431 430 423
324 325 326 327
456 467 466 459
468 469 470 471
276 287 286 279
264 265 266 267
