111 450 437 214 386
111 450 437 214 386
438 248 108 63 358
111 450 437 214 386
438 248 108 63 358
225 20 66 220 156
111 450 437 214 386
438 248 108 63 358
225 20 66 220 156
182 150 231 413 137
111 450 437 214 386
438 248 108 63 358
225 20 66 220 156
182 150 231 413 137
319 280 80 120 406
111 450 437 214 386
438 248 108 63 358
225 20 66 220 156
182 150 231 413 137
319 280 80 120 406
436 135 404 272 317
111 450 437 214 386
438 248 108 63 358
225 20 66 220 156
182 150 231 413 137
319 280 80 120 406
436 135 404 272 317
392 199 315 479 243
111 450 437 214 386
438 248 108 63 358
225 20 66 220 156
182 150 231 413 137
319 280 80 120 406
436 135 404 272 317
392 199 315 479 243
175 169 157 22 383
111 450 437 214 386
438 248 108 63 358
225 20 66 220 156
182 150 231 413 137
319 280 80 120 406
436 135 404 272 317
392 199 315 479 243
175 169 157 22 383
291 177 420 480 178
111 450 437 214 386
438 248 108 63 358
225 20 66 220 156
182 150 231 413 137
319 280 80 120 406
436 135 404 272 317
392 199 315 479 243
175 169 157 22 383
291 177 420 480 178
279 50 271 475 210
111 450 437 214 386
438 248 108 63 358
225 20 66 220 156
182 150 231 413 137
319 280 80 120 406
436 135 404 272 317
392 199 315 479 243
175 169 157 22 383
291 177 420 480 178
279 50 271 475 210
103 185 395 140 447
111 450 437 214 386
438 248 108 63 358
225 20 66 220 156
182 150 231 413 137
319 280 80 120 406
436 135 404 272 317
392 199 315 479 243
175 169 157 22 383
291 177 420 480 178
279 50 271 475 210
103 185 395 140 447
400 304 493 126 464
111 450 437 214 386
438 248 108 63 358
225 20 66 220 156
182 150 231 413 137
319 280 80 120 406
436 135 404 272 317
392 199 315 479 243
175 169 157 22 383
291 177 420 480 178
279 50 271 475 210
103 185 395 140 447
400 304 493 126 464
171 357 270 134 390
111 450 437 214 386
438 248 108 63 358
225 20 66 220 156
182 150 231 413 137
319 280 80 120 406
436 135 404 272 317
392 199 315 479 243
175 169 157 22 383
291 177 420 480 178
279 50 271 475 210
103 185 395 140 447
400 304 493 126 464
171 357 270 134 390
397 188 162 408 202
111 450 437 214 386
438 248 108 63 358
225 20 66 220 156
182 150 231 413 137
319 280 80 120 406
436 135 404 272 317
392 199 315 479 243
175 169 157 22 383
291 177 420 480 178
279 50 271 475 210
103 185 395 140 447
400 304 493 126 464
171 357 270 134 390
397 188 162 408 202
239 440 294 62 65
111 450 437 214 386
438 248 108 63 358
225 20 66 220 156
182 150 231 413 137
319 280 80 120 406
436 135 404 272 317
392 199 315 479 243
175 169 157 22 383
291 177 420 480 178
279 50 271 475 210
103 185 395 140 447
400 304 493 126 464
171 357 270 134 390
397 188 162 408 202
239 440 294 62 65
362 296 342 36 87
111 450 437 214 386
438 248 108 63 358
225 20 66 220 156
182 150 231 413 137
319 280 80 120 406
436 135 404 272 317
392 199 315 479 243
175 169 157 22 383
291 177 420 480 178
279 50 271 475 210
103 185 395 140 447
400 304 493 126 464
171 357 270 134 390
397 188 162 408 202
239 440 294 62 65
362 296 342 36 87
242 118 206 428 340
111 450 437 214 386
438 248 108 63 358
225 20 66 220 156
182 150 231 413 137
319 280 80 120 406
436 135 404 272 317
392 199 315 479 243
175 169 157 22 383
291 177 420 480 178
279 50 271 475 210
103 185 395 140 447
400 304 493 126 464
171 357 270 134 390
397 188 162 408 202
239 440 294 62 65
362 296 342 36 87
242 118 206 428 340
432 49 354 384 467
111 450 437 214 386
438 248 108 63 358
225 20 66 220 156
182 150 231 413 137
319 280 80 120 406
436 135 404 272 317
392 199 315 479 243
175 169 157 22 383
291 177 420 480 178
279 50 271 475 210
103 185 395 140 447
400 304 493 126 464
171 357 270 134 390
397 188 162 408 202
239 440 294 62 65
362 296 342 36 87
242 118 206 428 340
432 49 354 384 467
330 146 292 486 353
111 450 437 214 386
438 248 108 63 358
225 20 66 220 156
182 150 231 413 137
319 280 80 120 406
436 135 404 272 317
392 199 315 479 243
175 169 157 22 383
291 177 420 480 178
279 50 271 475 210
103 185 395 140 447
400 304 493 126 464
171 357 270 134 390
397 188 162 408 202
239 440 294 62 65
362 296 342 36 87
242 118 206 428 340
432 49 354 384 467
330 146 292 486 353
151 477 346 257 166
111 450 437 214 386
438 248 108 63 358
225 20 66 220 156
182 150 231 413 137
319 280 80 120 406
436 135 404 272 317
392 199 315 479 243
175 169 157 22 383
291 177 420 480 178
279 50 271 475 210
103 185 395 140 447
400 304 493 126 464
171 357 270 134 390
397 188 162 408 202
239 440 294 62 65
362 296 342 36 87
242 118 206 428 340
432 49 354 384 467
330 146 292 486 353
151 477 346 257 166
287 288 76 122 77
111 450 437 214 386
438 248 108 63 358
225 20 66 220 156
182 150 231 413 137
319 280 80 120 406
436 135 404 272 317
392 199 315 479 243
175 169 157 22 383
291 177 420 480 178
279 50 271 475 210
103 185 395 140 447
400 304 493 126 464
171 357 270 134 390
397 188 162 408 202
239 440 294 62 65
362 296 342 36 87
242 118 206 428 340
432 49 354 384 467
330 146 292 486 353
151 477 346 257 166
287 288 76 122 77
3 21 183 244 418
111 450 437 214 386
438 248 108 63 358
225 20 66 220 156
182 150 231 413 137
319 280 80 120 406
436 135 404 272 317
392 199 315 479 243
175 169 157 22 383
291 177 420 480 178
279 50 271 475 210
103 185 395 140 447
400 304 493 126 464
171 357 270 134 390
397 188 162 408 202
239 440 294 62 65
362 296 342 36 87
242 118 206 428 340
432 49 354 384 467
330 146 292 486 353
151 477 346 257 166
287 288 76 122 77
3 21 183 244 418
481 64 165 380 67
111 450 437 214 386
438 248 108 63 358
225 20 66 220 156
182 150 231 413 137
319 280 80 120 406
436 135 404 272 317
392 199 315 479 243
175 169 157 22 383
291 177 420 480 178
279 50 271 475 210
103 185 395 140 447
400 304 493 126 464
171 357 270 134 390
397 188 162 408 202
239 440 294 62 65
362 296 342 36 87
242 118 206 428 340
432 49 354 384 467
330 146 292 486 353
151 477 346 257 166
287 288 76 122 77
3 21 183 244 418
481 64 165 380 67
463 93 274 374 97
111 450 437 214 386
438 248 108 63 358
225 20 66 220 156
182 150 231 413 137
319 280 80 120 406
436 135 404 272 317
392 199 315 479 243
175 169 157 22 383
291 177 420 480 178
279 50 271 475 210
103 185 395 140 447
400 304 493 126 464
171 357 270 134 390
397 188 162 408 202
239 440 294 62 65
362 296 342 36 87
242 118 206 428 340
432 49 354 384 467
330 146 292 486 353
151 477 346 257 166
287 288 76 122 77
3 21 183 244 418
481 64 165 380 67
463 93 274 374 97
15 209 336 307 286
111 450 437 214 386
438 248 108 63 358
225 20 66 220 156
182 150 231 413 137
319 280 80 120 406
436 135 404 272 317
392 199 315 479 243
175 169 157 22 383
291 177 420 480 178
279 50 271 475 210
103 185 395 140 447
400 304 493 126 464
171 357 270 134 390
397 188 162 408 202
239 440 294 62 65
362 296 342 36 87
242 118 206 428 340
432 49 354 384 467
330 146 292 486 353
151 477 346 257 166
287 288 76 122 77
3 21 183 244 418
481 64 165 380 67
463 93 274 374 97
15 209 336 307 286
414 219 37 159 277
111 450 437 214 386
438 248 108 63 358
225 20 66 220 156
182 150 231 413 137
319 280 80 120 406
436 135 404 272 317
392 199 315 479 243
175 169 157 22 383
291 177 420 480 178
279 50 271 475 210
103 185 395 140 447
400 304 493 126 464
171 357 270 134 390
397 188 162 408 202
239 440 294 62 65
362 296 342 36 87
242 118 206 428 340
432 49 354 384 467
330 146 292 486 353
151 477 346 257 166
287 288 76 122 77
3 21 183 244 418
481 64 165 380 67
463 93 274 374 97
15 209 336 307 286
414 219 37 159 277
215 46 285 372 245
111 450 437 214 386
438 248 108 63 358
225 20 66 220 156
182 150 231 413 137
319 280 80 120 406
436 135 404 272 317
392 199 315 479 243
175 169 157 22 383
291 177 420 480 178
279 50 271 475 210
103 185 395 140 447
400 304 493 126 464
171 357 270 134 390
397 188 162 408 202
239 440 294 62 65
362 296 342 36 87
242 118 206 428 340
432 49 354 384 467
330 146 292 486 353
151 477 346 257 166
287 288 76 122 77
3 21 183 244 418
481 64 165 380 67
463 93 274 374 97
15 209 336 307 286
414 219 37 159 277
215 46 285 372 245
370 454 145 324 255
111 450 437 214 386
438 248 108 63 358
225 20 66 220 156
182 150 231 413 137
319 280 80 120 406
436 135 404 272 317
392 199 315 479 243
175 169 157 22 383
291 177 420 480 178
279 50 271 475 210
103 185 395 140 447
400 304 493 126 464
171 357 270 134 390
397 188 162 408 202
239 440 294 62 65
362 296 342 36 87
242 118 206 428 340
432 49 354 384 467
330 146 292 486 353
151 477 346 257 166
287 288 76 122 77
3 21 183 244 418
481 64 165 380 67
463 93 274 374 97
15 209 336 307 286
414 219 37 159 277
215 46 285 372 245
370 454 145 324 255
360 4 33 73 334
111 450 437 214 386
438 248 108 63 358
225 20 66 220 156
182 150 231 413 137
319 280 80 120 406
436 135 404 272 317
392 199 315 479 243
175 169 157 22 383
291 177 420 480 178
279 50 271 475 210
103 185 395 140 447
400 304 493 126 464
171 357 270 134 390
397 188 162 408 202
239 440 294 62 65
362 296 342 36 87
242 118 206 428 340
432 49 354 384 467
330 146 292 486 353
151 477 346 257 166
287 288 76 122 77
3 21 183 244 418
481 64 165 380 67
463 93 274 374 97
15 209 336 307 286
414 219 37 159 277
215 46 285 372 245
370 454 145 324 255
360 4 33 73 334
415 347 54 460 94
111 450 437 214 386
438 248 108 63 358
225 20 66 220 156
182 150 231 413 137
319 280 80 120 406
436 135 404 272 317
392 199 315 479 243
175 169 157 22 383
291 177 420 480 178
279 50 271 475 210
103 185 395 140 447
400 304 493 126 464
171 357 270 134 390
397 188 162 408 202
239 440 294 62 65
362 296 342 36 87
242 118 206 428 340
432 49 354 384 467
330 146 292 486 353
151 477 346 257 166
287 288 76 122 77
3 21 183 244 418
481 64 165 380 67
463 93 274 374 97
15 209 336 307 286
414 219 37 159 277
215 46 285 372 245
370 454 145 324 255
360 4 33 73 334
415 347 54 460 94
25 52 303 27 229
111 450 437 214 386
438 248 108 63 358
225 20 66 220 156
182 150 231 413 137
319 280 80 120 406
436 135 404 272 317
392 199 315 479 243
175 169 157 22 383
291 177 420 480 178
279 50 271 475 210
103 185 395 140 447
400 304 493 126 464
171 357 270 134 390
397 188 162 408 202
239 440 294 62 65
362 296 342 36 87
242 118 206 428 340
432 49 354 384 467
330 146 292 486 353
151 477 346 257 166
287 288 76 122 77
3 21 183 244 418
481 64 165 380 67
463 93 274 374 97
15 209 336 307 286
414 219 37 159 277
215 46 285 372 245
370 454 145 324 255
360 4 33 73 334
415 347 54 460 94
25 52 303 27 229
451 90 45 131 71
111 450 437 214 386
438 248 108 63 358
225 20 66 220 156
182 150 231 413 137
319 280 80 120 406
436 135 404 272 317
392 199 315 479 243
175 169 157 22 383
291 177 420 480 178
279 50 271 475 210
103 185 395 140 447
400 304 493 126 464
171 357 270 134 390
397 188 162 408 202
239 440 294 62 65
362 296 342 36 87
242 118 206 428 340
432 49 354 384 467
330 146 292 486 353
151 477 346 257 166
287 288 76 122 77
3 21 183 244 418
481 64 165 380 67
463 93 274 374 97
15 209 336 307 286
414 219 37 159 277
215 46 285 372 245
370 454 145 324 255
360 4 33 73 334
415 347 54 460 94
25 52 303 27 229
451 90 45 131 71
9 484 112 158 227
111 450 437 214 386
438 248 108 63 358
225 20 66 220 156
182 150 231 413 137
319 280 80 120 406
436 135 404 272 317
392 199 315 479 243
175 169 157 22 383
291 177 420 480 178
279 50 271 475 210
103 185 395 140 447
400 304 493 126 464
171 357 270 134 390
397 188 162 408 202
239 440 294 62 65
362 296 342 36 87
242 118 206 428 340
432 49 354 384 467
330 146 292 486 353
151 477 346 257 166
287 288 76 122 77
3 21 183 244 418
481 64 165 380 67
463 93 274 374 97
15 209 336 307 286
414 219 37 159 277
215 46 285 372 245
370 454 145 324 255
360 4 33 73 334
415 347 54 460 94
25 52 303 27 229
451 90 45 131 71
9 484 112 158 227
79 457 262 289 485
111 450 437 214 386
438 248 108 63 358
225 20 66 220 156
182 150 231 413 137
319 280 80 120 406
436 135 404 272 317
392 199 315 479 243
175 169 157 22 383
291 177 420 480 178
279 50 271 475 210
103 185 395 140 447
400 304 493 126 464
171 357 270 134 390
397 188 162 408 202
239 440 294 62 65
362 296 342 36 87
242 118 206 428 340
432 49 354 384 467
330 146 292 486 353
151 477 346 257 166
287 288 76 122 77
3 21 183 244 418
481 64 165 380 67
463 93 274 374 97
15 209 336 307 286
414 219 37 159 277
215 46 285 372 245
370 454 145 324 255
360 4 33 73 334
415 347 54 460 94
25 52 303 27 229
451 90 45 131 71
9 484 112 158 227
79 457 262 289 485
367 109 439 31 88
111 450 437 214 386
438 248 108 63 358
225 20 66 220 156
182 150 231 413 137
319 280 80 120 406
436 135 404 272 317
392 199 315 479 243
175 169 157 22 383
291 177 420 480 178
279 50 271 475 210
103 185 395 140 447
400 304 493 126 464
171 357 270 134 390
397 188 162 408 202
239 440 294 62 65
362 296 342 36 87
242 118 206 428 340
432 49 354 384 467
330 146 292 486 353
151 477 346 257 166
287 288 76 122 77
3 21 183 244 418
481 64 165 380 67
463 93 274 374 97
15 209 336 307 286
414 219 37 159 277
215 46 285 372 245
370 454 145 324 255
360 4 33 73 334
415 347 54 460 94
25 52 303 27 229
451 90 45 131 71
9 484 112 158 227
79 457 262 289 485
367 109 439 31 88
232 306 409 398 223
111 450 437 214 386
438 248 108 63 358
225 20 66 220 156
182 150 231 413 137
319 280 80 120 406
436 135 404 272 317
392 199 315 479 243
175 169 157 22 383
291 177 420 480 178
279 50 271 475 210
103 185 395 140 447
400 304 493 126 464
171 357 270 134 390
397 188 162 408 202
239 440 294 62 65
362 296 342 36 87
242 118 206 428 340
432 49 354 384 467
330 146 292 486 353
151 477 346 257 166
287 288 76 122 77
3 21 183 244 418
481 64 165 380 67
463 93 274 374 97
15 209 336 307 286
414 219 37 159 277
215 46 285 372 245
370 454 145 324 255
360 4 33 73 334
415 347 54 460 94
25 52 303 27 229
451 90 45 131 71
9 484 112 158 227
79 457 262 289 485
367 109 439 31 88
232 306 409 398 223
57 326 163 198 189
111 450 437 214 386
438 248 108 63 358
225 20 66 220 156
182 150 231 413 137
319 280 80 120 406
436 135 404 272 317
392 199 315 479 243
175 169 157 22 383
291 177 420 480 178
279 50 271 475 210
103 185 395 140 447
400 304 493 126 464
171 357 270 134 390
397 188 162 408 202
239 440 294 62 65
362 296 342 36 87
242 118 206 428 340
432 49 354 384 467
330 146 292 486 353
151 477 346 257 166
287 288 76 122 77
3 21 183 244 418
481 64 165 380 67
463 93 274 374 97
15 209 336 307 286
414 219 37 159 277
215 46 285 372 245
370 454 145 324 255
360 4 33 73 334
415 347 54 460 94
25 52 303 27 229
451 90 45 131 71
9 484 112 158 227
79 457 262 289 485
367 109 439 31 88
232 306 409 398 223
57 326 163 198 189
469 389 179 258 24
111 450 437 214 386
438 248 108 63 358
225 20 66 220 156
182 150 231 413 137
319 280 80 120 406
436 135 404 272 317
392 199 315 479 243
175 169 157 22 383
291 177 420 480 178
279 50 271 475 210
103 185 395 140 447
400 304 493 126 464
171 357 270 134 390
397 188 162 408 202
239 440 294 62 65
362 296 342 36 87
242 118 206 428 340
432 49 354 384 467
330 146 292 486 353
151 477 346 257 166
287 288 76 122 77
3 21 183 244 418
481 64 165 380 67
463 93 274 374 97
15 209 336 307 286
414 219 37 159 277
215 46 285 372 245
370 454 145 324 255
360 4 33 73 334
415 347 54 460 94
25 52 303 27 229
451 90 45 131 71
9 484 112 158 227
79 457 262 289 485
367 109 439 31 88
232 306 409 398 223
57 326 163 198 189
469 389 179 258 24
391 102 154 213 51
111 450 437 214 386
438 248 108 63 358
225 20 66 220 156
182 150 231 413 137
319 280 80 120 406
436 135 404 272 317
392 199 315 479 243
175 169 157 22 383
291 177 420 480 178
279 50 271 475 210
103 185 395 140 447
400 304 493 126 464
171 357 270 134 390
397 188 162 408 202
239 440 294 62 65
362 296 342 36 87
242 118 206 428 340
432 49 354 384 467
330 146 292 486 353
151 477 346 257 166
287 288 76 122 77
3 21 183 244 418
481 64 165 380 67
463 93 274 374 97
15 209 336 307 286
414 219 37 159 277
215 46 285 372 245
370 454 145 324 255
360 4 33 73 334
415 347 54 460 94
25 52 303 27 229
451 90 45 131 71
9 484 112 158 227
79 457 262 289 485
367 109 439 31 88
232 306 409 398 223
57 326 163 198 189
469 389 179 258 24
391 102 154 213 51
2 34 275 83 331
111 450 437 214 386
438 248 108 63 358
225 20 66 220 156
182 150 231 413 137
319 280 80 120 406
436 135 404 272 317
392 199 315 479 243
175 169 157 22 383
291 177 420 480 178
279 50 271 475 210
103 185 395 140 447
400 304 493 126 464
171 357 270 134 390
397 188 162 408 202
239 440 294 62 65
362 296 342 36 87
242 118 206 428 340
432 49 354 384 467
330 146 292 486 353
151 477 346 257 166
287 288 76 122 77
3 21 183 244 418
481 64 165 380 67
463 93 274 374 97
15 209 336 307 286
414 219 37 159 277
215 46 285 372 245
370 454 145 324 255
360 4 33 73 334
415 347 54 460 94
25 52 303 27 229
451 90 45 131 71
9 484 112 158 227
79 457 262 289 485
367 109 439 31 88
232 306 409 398 223
57 326 163 198 189
469 389 179 258 24
391 102 154 213 51
2 34 275 83 331
184 382 7 302 476
111 450 437 214 386
438 248 108 63 358
225 20 66 220 156
182 150 231 413 137
319 280 80 120 406
436 135 404 272 317
392 199 315 479 243
175 169 157 22 383
291 177 420 480 178
279 50 271 475 210
103 185 395 140 447
400 304 493 126 464
171 357 270 134 390
397 188 162 408 202
239 440 294 62 65
362 296 342 36 87
242 118 206 428 340
432 49 354 384 467
330 146 292 486 353
151 477 346 257 166
287 288 76 122 77
3 21 183 244 418
481 64 165 380 67
463 93 274 374 97
15 209 336 307 286
414 219 37 159 277
215 46 285 372 245
370 454 145 324 255
360 4 33 73 334
415 347 54 460 94
25 52 303 27 229
451 90 45 131 71
9 484 112 158 227
79 457 262 289 485
367 109 439 31 88
232 306 409 398 223
57 326 163 198 189
469 389 179 258 24
391 102 154 213 51
2 34 275 83 331
184 382 7 302 476
301 236 369 278 41
111 450 437 214 386
438 248 108 63 358
225 20 66 220 156
182 150 231 413 137
319 280 80 120 406
436 135 404 272 317
392 199 315 479 243
175 169 157 22 383
291 177 420 480 178
279 50 271 475 210
103 185 395 140 447
400 304 493 126 464
171 357 270 134 390
397 188 162 408 202
239 440 294 62 65
362 296 342 36 87
242 118 206 428 340
432 49 354 384 467
330 146 292 486 353
151 477 346 257 166
287 288 76 122 77
3 21 183 244 418
481 64 165 380 67
463 93 274 374 97
15 209 336 307 286
414 219 37 159 277
215 46 285 372 245
370 454 145 324 255
360 4 33 73 334
415 347 54 460 94
25 52 303 27 229
451 90 45 131 71
9 484 112 158 227
79 457 262 289 485
367 109 439 31 88
232 306 409 398 223
57 326 163 198 189
469 389 179 258 24
391 102 154 213 51
2 34 275 83 331
184 382 7 302 476
301 236 369 278 41
373 81 341 435 490
111 450 437 214 386
438 248 108 63 358
225 20 66 220 156
182 150 231 413 137
319 280 80 120 406
436 135 404 272 317
392 199 315 479 243
175 169 157 22 383
291 177 420 480 178
279 50 271 475 210
103 185 395 140 447
400 304 493 126 464
171 357 270 134 390
397 188 162 408 202
239 440 294 62 65
362 296 342 36 87
242 118 206 428 340
432 49 354 384 467
330 146 292 486 353
151 477 346 257 166
287 288 76 122 77
3 21 183 244 418
481 64 165 380 67
463 93 274 374 97
15 209 336 307 286
414 219 37 159 277
215 46 285 372 245
370 454 145 324 255
360 4 33 73 334
415 347 54 460 94
25 52 303 27 229
451 90 45 131 71
9 484 112 158 227
79 457 262 289 485
367 109 439 31 88
232 306 409 398 223
57 326 163 198 189
469 389 179 258 24
391 102 154 213 51
2 34 275 83 331
184 382 7 302 476
301 236 369 278 41
373 81 341 435 490
305 17 282 499 197
111 450 437 214 386
438 248 108 63 358
225 20 66 220 156
182 150 231 413 137
319 280 80 120 406
436 135 404 272 317
392 199 315 479 243
175 169 157 22 383
291 177 420 480 178
279 50 271 475 210
103 185 395 140 447
400 304 493 126 464
171 357 270 134 390
397 188 162 408 202
239 440 294 62 65
362 296 342 36 87
242 118 206 428 340
432 49 354 384 467
330 146 292 486 353
151 477 346 257 166
287 288 76 122 77
3 21 183 244 418
481 64 165 380 67
463 93 274 374 97
15 209 336 307 286
414 219 37 159 277
215 46 285 372 245
370 454 145 324 255
360 4 33 73 334
415 347 54 460 94
25 52 303 27 229
451 90 45 131 71
9 484 112 158 227
79 457 262 289 485
367 109 439 31 88
232 306 409 398 223
57 326 163 198 189
469 389 179 258 24
391 102 154 213 51
2 34 275 83 331
184 382 7 302 476
301 236 369 278 41
373 81 341 435 490
305 17 282 499 197
337 449 276 250 290
111 450 437 214 386
438 248 108 63 358
225 20 66 220 156
182 150 231 413 137
319 280 80 120 406
436 135 404 272 317
392 199 315 479 243
175 169 157 22 383
291 177 420 480 178
279 50 271 475 210
103 185 395 140 447
400 304 493 126 464
171 357 270 134 390
397 188 162 408 202
239 440 294 62 65
362 296 342 36 87
242 118 206 428 340
432 49 354 384 467
330 146 292 486 353
151 477 346 257 166
287 288 76 122 77
3 21 183 244 418
481 64 165 380 67
463 93 274 374 97
15 209 336 307 286
414 219 37 159 277
215 46 285 372 245
370 454 145 324 255
360 4 33 73 334
415 347 54 460 94
25 52 303 27 229
451 90 45 131 71
9 484 112 158 227
79 457 262 289 485
367 109 439 31 88
232 306 409 398 223
57 326 163 198 189
469 389 179 258 24
391 102 154 213 51
2 34 275 83 331
184 382 7 302 476
301 236 369 278 41
373 81 341 435 490
305 17 282 499 197
337 449 276 250 290
174 332 377 318 368
111 450 437 214 386
438 248 108 63 358
225 20 66 220 156
182 150 231 413 137
319 280 80 120 406
436 135 404 272 317
392 199 315 479 243
175 169 157 22 383
291 177 420 480 178
279 50 271 475 210
103 185 395 140 447
400 304 493 126 464
171 357 270 134 390
397 188 162 408 202
239 440 294 62 65
362 296 342 36 87
242 118 206 428 340
432 49 354 384 467
330 146 292 486 353
151 477 346 257 166
287 288 76 122 77
3 21 183 244 418
481 64 165 380 67
463 93 274 374 97
15 209 336 307 286
414 219 37 159 277
215 46 285 372 245
370 454 145 324 255
360 4 33 73 334
415 347 54 460 94
25 52 303 27 229
451 90 45 131 71
9 484 112 158 227
79 457 262 289 485
367 109 439 31 88
232 306 409 398 223
57 326 163 198 189
469 389 179 258 24
391 102 154 213 51
2 34 275 83 331
184 382 7 302 476
301 236 369 278 41
373 81 341 435 490
305 17 282 499 197
337 449 276 250 290
174 332 377 318 368
483 309 325 410 402
111 450 437 214 386
438 248 108 63 358
225 20 66 220 156
182 150 231 413 137
319 280 80 120 406
436 135 404 272 317
392 199 315 479 243
175 169 157 22 383
291 177 420 480 178
279 50 271 475 210
103 185 395 140 447
400 304 493 126 464
171 357 270 134 390
397 188 162 408 202
239 440 294 62 65
362 296 342 36 87
242 118 206 428 340
432 49 354 384 467
330 146 292 486 353
151 477 346 257 166
287 288 76 122 77
3 21 183 244 418
481 64 165 380 67
463 93 274 374 97
15 209 336 307 286
414 219 37 159 277
215 46 285 372 245
370 454 145 324 255
360 4 33 73 334
415 347 54 460 94
25 52 303 27 229
451 90 45 131 71
9 484 112 158 227
79 457 262 289 485
367 109 439 31 88
232 306 409 398 223
57 326 163 198 189
469 389 179 258 24
391 102 154 213 51
2 34 275 83 331
184 382 7 302 476
301 236 369 278 41
373 81 341 435 490
305 17 282 499 197
337 449 276 250 290
174 332 377 318 368
483 309 325 410 402
38 267 155 355 381
111 450 437 214 386
438 248 108 63 358
225 20 66 220 156
182 150 231 413 137
319 280 80 120 406
436 135 404 272 317
392 199 315 479 243
175 169 157 22 383
291 177 420 480 178
279 50 271 475 210
103 185 395 140 447
400 304 493 126 464
171 357 270 134 390
397 188 162 408 202
239 440 294 62 65
362 296 342 36 87
242 118 206 428 340
432 49 354 384 467
330 146 292 486 353
151 477 346 257 166
287 288 76 122 77
3 21 183 244 418
481 64 165 380 67
463 93 274 374 97
15 209 336 307 286
414 219 37 159 277
215 46 285 372 245
370 454 145 324 255
360 4 33 73 334
415 347 54 460 94
25 52 303 27 229
451 90 45 131 71
9 484 112 158 227
79 457 262 289 485
367 109 439 31 88
232 306 409 398 223
57 326 163 198 189
469 389 179 258 24
391 102 154 213 51
2 34 275 83 331
184 382 7 302 476
301 236 369 278 41
373 81 341 435 490
305 17 282 499 197
337 449 276 250 290
174 332 377 318 368
483 309 325 410 402
38 267 155 355 381
434 314 401 359 461
111 450 437 214 386
438 248 108 63 358
225 20 66 220 156
182 150 231 413 137
319 280 80 120 406
436 135 404 272 317
392 199 315 479 243
175 169 157 22 383
291 177 420 480 178
279 50 271 475 210
103 185 395 140 447
400 304 493 126 464
171 357 270 134 390
397 188 162 408 202
239 440 294 62 65
362 296 342 36 87
242 118 206 428 340
432 49 354 384 467
330 146 292 486 353
151 477 346 257 166
287 288 76 122 77
3 21 183 244 418
481 64 165 380 67
463 93 274 374 97
15 209 336 307 286
414 219 37 159 277
215 46 285 372 245
370 454 145 324 255
360 4 33 73 334
415 347 54 460 94
25 52 303 27 229
451 90 45 131 71
9 484 112 158 227
79 457 262 289 485
367 109 439 31 88
232 306 409 398 223
57 326 163 198 189
469 389 179 258 24
391 102 154 213 51
2 34 275 83 331
184 382 7 302 476
301 236 369 278 41
373 81 341 435 490
305 17 282 499 197
337 449 276 250 290
174 332 377 318 368
483 309 325 410 402
38 267 155 355 381
434 314 401 359 461
117 424 78 249 18
