489 17 345 119 30
489 17 345 119 30
389 259 300 318 294
489 17 345 119 30
389 259 300 318 294
188 460 53 95 221
489 17 345 119 30
389 259 300 318 294
188 460 53 95 221
220 494 297 217 225
489 17 345 119 30
389 259 300 318 294
188 460 53 95 221
220 494 297 217 225
497 175 203 40 264
489 17 345 119 30
389 259 300 318 294
188 460 53 95 221
220 494 297 217 225
497 175 203 40 264
349 348 126 194 382
489 17 345 119 30
389 259 300 318 294
188 460 53 95 221
220 494 297 217 225
497 175 203 40 264
349 348 126 194 382
5 478 380 459 109
489 17 345 119 30
389 259 300 318 294
188 460 53 95 221
220 494 297 217 225
497 175 203 40 264
349 348 126 194 382
5 478 380 459 109
265 44 384 317 498
489 17 345 119 30
389 259 300 318 294
188 460 53 95 221
220 494 297 217 225
497 175 203 40 264
349 348 126 194 382
5 478 380 459 109
265 44 384 317 498
185 374 485 235 209
489 17 345 119 30
389 259 300 318 294
188 460 53 95 221
220 494 297 217 225
497 175 203 40 264
349 348 126 194 382
5 478 380 459 109
265 44 384 317 498
185 374 485 235 209
281 1 372 181 41
489 17 345 119 30
389 259 300 318 294
188 460 53 95 221
220 494 297 217 225
497 175 203 40 264
349 348 126 194 382
5 478 380 459 109
265 44 384 317 498
185 374 485 235 209
281 1 372 181 41
97 326 21 360 464
489 17 345 119 30
389 259 300 318 294
188 460 53 95 221
220 494 297 217 225
497 175 203 40 264
349 348 126 194 382
5 478 380 459 109
265 44 384 317 498
185 374 485 235 209
281 1 372 181 41
97 326 21 360 464
73 37 407 397 310
489 17 345 119 30
389 259 300 318 294
188 460 53 95 221
220 494 297 217 225
497 175 203 40 264
349 348 126 194 382
5 478 380 459 109
265 44 384 317 498
185 374 485 235 209
281 1 372 181 41
97 326 21 360 464
73 37 407 397 310
392 437 64 74 112
489 17 345 119 30
389 259 300 318 294
188 460 53 95 221
220 494 297 217 225
497 175 203 40 264
349 348 126 194 382
5 478 380 459 109
265 44 384 317 498
185 374 485 235 209
281 1 372 181 41
97 326 21 360 464
73 37 407 397 310
392 437 64 74 112
453 96 113 387 243
489 17 345 119 30
389 259 300 318 294
188 460 53 95 221
220 494 297 217 225
497 175 203 40 264
349 348 126 194 382
5 478 380 459 109
265 44 384 317 498
185 374 485 235 209
281 1 372 181 41
97 326 21 360 464
73 37 407 397 310
392 437 64 74 112
453 96 113 387 243
155 479 154 252 438
489 17 345 119 30
389 259 300 318 294
188 460 53 95 221
220 494 297 217 225
497 175 203 40 264
349 348 126 194 382
5 478 380 459 109
265 44 384 317 498
185 374 485 235 209
281 1 372 181 41
97 326 21 360 464
73 37 407 397 310
392 437 64 74 112
453 96 113 387 243
155 479 154 252 438
254 491 184 263 85
489 17 345 119 30
389 259 300 318 294
188 460 53 95 221
220 494 297 217 225
497 175 203 40 264
349 348 126 194 382
5 478 380 459 109
265 44 384 317 498
185 374 485 235 209
281 1 372 181 41
97 326 21 360 464
73 37 407 397 310
392 437 64 74 112
453 96 113 387 243
155 479 154 252 438
254 491 184 263 85
42 335 499 46 270
489 17 345 119 30
389 259 300 318 294
188 460 53 95 221
220 494 297 217 225
497 175 203 40 264
349 348 126 194 382
5 478 380 459 109
265 44 384 317 498
185 374 485 235 209
281 1 372 181 41
97 326 21 360 464
73 37 407 397 310
392 437 64 74 112
453 96 113 387 243
155 479 154 252 438
254 491 184 263 85
42 335 499 46 270
350 260 27 55 302
489 17 345 119 30
389 259 300 318 294
188 460 53 95 221
220 494 297 217 225
497 175 203 40 264
349 348 126 194 382
5 478 380 459 109
265 44 384 317 498
185 374 485 235 209
281 1 372 181 41
97 326 21 360 464
73 37 407 397 310
392 437 64 74 112
453 96 113 387 243
155 479 154 252 438
254 491 184 263 85
42 335 499 46 270
350 260 27 55 302
308 88 267 430 429
489 17 345 119 30
389 259 300 318 294
188 460 53 95 221
220 494 297 217 225
497 175 203 40 264
349 348 126 194 382
5 478 380 459 109
265 44 384 317 498
185 374 485 235 209
281 1 372 181 41
97 326 21 360 464
73 37 407 397 310
392 437 64 74 112
453 96 113 387 243
155 479 154 252 438
254 491 184 263 85
42 335 499 46 270
350 260 27 55 302
308 88 267 430 429
490 239 314 173 434
489 17 345 119 30
389 259 300 318 294
188 460 53 95 221
220 494 297 217 225
497 175 203 40 264
349 348 126 194 382
5 478 380 459 109
265 44 384 317 498
185 374 485 235 209
281 1 372 181 41
97 326 21 360 464
73 37 407 397 310
392 437 64 74 112
453 96 113 387 243
155 479 154 252 438
254 491 184 263 85
42 335 499 46 270
350 260 27 55 302
308 88 267 430 429
490 239 314 173 434
110 455 31 285 7
489 17 345 119 30
389 259 300 318 294
188 460 53 95 221
220 494 297 217 225
497 175 203 40 264
349 348 126 194 382
5 478 380 459 109
265 44 384 317 498
185 374 485 235 209
281 1 372 181 41
97 326 21 360 464
73 37 407 397 310
392 437 64 74 112
453 96 113 387 243
155 479 154 252 438
254 491 184 263 85
42 335 499 46 270
350 260 27 55 302
308 88 267 430 429
490 239 314 173 434
110 455 31 285 7
483 312 296 192 487
489 17 345 119 30
389 259 300 318 294
188 460 53 95 221
220 494 297 217 225
497 175 203 40 264
349 348 126 194 382
5 478 380 459 109
265 44 384 317 498
185 374 485 235 209
281 1 372 181 41
97 326 21 360 464
73 37 407 397 310
392 437 64 74 112
453 96 113 387 243
155 479 154 252 438
254 491 184 263 85
42 335 499 46 270
350 260 27 55 302
308 88 267 430 429
490 239 314 173 434
110 455 31 285 7
483 312 296 192 487
83 369 277 385 167
489 17 345 119 30
389 259 300 318 294
188 460 53 95 221
220 494 297 217 225
497 175 203 40 264
349 348 126 194 382
5 478 380 459 109
265 44 384 317 498
185 374 485 235 209
281 1 372 181 41
97 326 21 360 464
73 37 407 397 310
392 437 64 74 112
453 96 113 387 243
155 479 154 252 438
254 491 184 263 85
42 335 499 46 270
350 260 27 55 302
308 88 267 430 429
490 239 314 173 434
110 455 31 285 7
483 312 296 192 487
83 369 277 385 167
365 340 418 422 78
489 17 345 119 30
389 259 300 318 294
188 460 53 95 221
220 494 297 217 225
497 175 203 40 264
349 348 126 194 382
5 478 380 459 109
265 44 384 317 498
185 374 485 235 209
281 1 372 181 41
97 326 21 360 464
73 37 407 397 310
392 437 64 74 112
453 96 113 387 243
155 479 154 252 438
254 491 184 263 85
42 335 499 46 270
350 260 27 55 302
308 88 267 430 429
490 239 314 173 434
110 455 31 285 7
483 312 296 192 487
83 369 277 385 167
365 340 418 422 78
81 207 330 15 24
489 17 345 119 30
389 259 300 318 294
188 460 53 95 221
220 494 297 217 225
497 175 203 40 264
349 348 126 194 382
5 478 380 459 109
265 44 384 317 498
185 374 485 235 209
281 1 372 181 41
97 326 21 360 464
73 37 407 397 310
392 437 64 74 112
453 96 113 387 243
155 479 154 252 438
254 491 184 263 85
42 335 499 46 270
350 260 27 55 302
308 88 267 430 429
490 239 314 173 434
110 455 31 285 7
483 312 296 192 487
83 369 277 385 167
365 340 418 422 78
81 207 330 15 24
171 469 236 488 272
489 17 345 119 30
389 259 300 318 294
188 460 53 95 221
220 494 297 217 225
497 175 203 40 264
349 348 126 194 382
5 478 380 459 109
265 44 384 317 498
185 374 485 235 209
281 1 372 181 41
97 326 21 360 464
73 37 407 397 310
392 437 64 74 112
453 96 113 387 243
155 479 154 252 438
254 491 184 263 85
42 335 499 46 270
350 260 27 55 302
308 88 267 430 429
490 239 314 173 434
110 455 31 285 7
483 312 296 192 487
83 369 277 385 167
365 340 418 422 78
81 207 330 15 24
171 469 236 488 272
70 3 156 80 426
489 17 345 119 30
389 259 300 318 294
188 460 53 95 221
220 494 297 217 225
497 175 203 40 264
349 348 126 194 382
5 478 380 459 109
265 44 384 317 498
185 374 485 235 209
281 1 372 181 41
97 326 21 360 464
73 37 407 397 310
392 437 64 74 112
453 96 113 387 243
155 479 154 252 438
254 491 184 263 85
42 335 499 46 270
350 260 27 55 302
308 88 267 430 429
490 239 314 173 434
110 455 31 285 7
483 312 296 192 487
83 369 277 385 167
365 340 418 422 78
81 207 330 15 24
171 469 236 488 272
70 3 156 80 426
305 231 19 303 251
489 17 345 119 30
389 259 300 318 294
188 460 53 95 221
220 494 297 217 225
497 175 203 40 264
349 348 126 194 382
5 478 380 459 109
265 44 384 317 498
185 374 485 235 209
281 1 372 181 41
97 326 21 360 464
73 37 407 397 310
392 437 64 74 112
453 96 113 387 243
155 479 154 252 438
254 491 184 263 85
42 335 499 46 270
350 260 27 55 302
308 88 267 430 429
490 239 314 173 434
110 455 31 285 7
483 312 296 192 487
83 369 277 385 167
365 340 418 422 78
81 207 330 15 24
171 469 236 488 272
70 3 156 80 426
305 231 19 303 251
128 415 319 400 187
489 17 345 119 30
389 259 300 318 294
188 460 53 95 221
220 494 297 217 225
497 175 203 40 264
349 348 126 194 382
5 478 380 459 109
265 44 384 317 498
185 374 485 235 209
281 1 372 181 41
97 326 21 360 464
73 37 407 397 310
392 437 64 74 112
453 96 113 387 243
155 479 154 252 438
254 491 184 263 85
42 335 499 46 270
350 260 27 55 302
308 88 267 430 429
490 239 314 173 434
110 455 31 285 7
483 312 296 192 487
83 369 277 385 167
365 340 418 422 78
81 207 330 15 24
171 469 236 488 272
70 3 156 80 426
305 231 19 303 251
128 415 319 400 187
9 449 224 406 0
489 17 345 119 30
389 259 300 318 294
188 460 53 95 221
220 494 297 217 225
497 175 203 40 264
349 348 126 194 382
5 478 380 459 109
265 44 384 317 498
185 374 485 235 209
281 1 372 181 41
97 326 21 360 464
73 37 407 397 310
392 437 64 74 112
453 96 113 387 243
155 479 154 252 438
254 491 184 263 85
42 335 499 46 270
350 260 27 55 302
308 88 267 430 429
490 239 314 173 434
110 455 31 285 7
483 312 296 192 487
83 369 277 385 167
365 340 418 422 78
81 207 330 15 24
171 469 236 488 272
70 3 156 80 426
305 231 19 303 251
128 415 319 400 187
9 449 224 406 0
57 408 56 143 62
489 17 345 119 30
389 259 300 318 294
188 460 53 95 221
220 494 297 217 225
497 175 203 40 264
349 348 126 194 382
5 478 380 459 109
265 44 384 317 498
185 374 485 235 209
281 1 372 181 41
97 326 21 360 464
73 37 407 397 310
392 437 64 74 112
453 96 113 387 243
155 479 154 252 438
254 491 184 263 85
42 335 499 46 270
350 260 27 55 302
308 88 267 430 429
490 239 314 173 434
110 455 31 285 7
483 312 296 192 487
83 369 277 385 167
365 340 418 422 78
81 207 330 15 24
171 469 236 488 272
70 3 156 80 426
305 231 19 303 251
128 415 319 400 187
9 449 224 406 0
57 408 56 143 62
35 456 230 395 311
489 17 345 119 30
389 259 300 318 294
188 460 53 95 221
220 494 297 217 225
497 175 203 40 264
349 348 126 194 382
5 478 380 459 109
265 44 384 317 498
185 374 485 235 209
281 1 372 181 41
97 326 21 360 464
73 37 407 397 310
392 437 64 74 112
453 96 113 387 243
155 479 154 252 438
254 491 184 263 85
42 335 499 46 270
350 260 27 55 302
308 88 267 430 429
490 239 314 173 434
110 455 31 285 7
483 312 296 192 487
83 369 277 385 167
365 340 418 422 78
81 207 330 15 24
171 469 236 488 272
70 3 156 80 426
305 231 19 303 251
128 415 319 400 187
9 449 224 406 0
57 408 56 143 62
35 456 230 395 311
84 67 390 359 198
489 17 345 119 30
389 259 300 318 294
188 460 53 95 221
220 494 297 217 225
497 175 203 40 264
349 348 126 194 382
5 478 380 459 109
265 44 384 317 498
185 374 485 235 209
281 1 372 181 41
97 326 21 360 464
73 37 407 397 310
392 437 64 74 112
453 96 113 387 243
155 479 154 252 438
254 491 184 263 85
42 335 499 46 270
350 260 27 55 302
308 88 267 430 429
490 239 314 173 434
110 455 31 285 7
483 312 296 192 487
83 369 277 385 167
365 340 418 422 78
81 207 330 15 24
171 469 236 488 272
70 3 156 80 426
305 231 19 303 251
128 415 319 400 187
9 449 224 406 0
57 408 56 143 62
35 456 230 395 311
84 67 390 359 198
247 391 454 467 283
489 17 345 119 30
389 259 300 318 294
188 460 53 95 221
220 494 297 217 225
497 175 203 40 264
349 348 126 194 382
5 478 380 459 109
265 44 384 317 498
185 374 485 235 209
281 1 372 181 41
97 326 21 360 464
73 37 407 397 310
392 437 64 74 112
453 96 113 387 243
155 479 154 252 438
254 491 184 263 85
42 335 499 46 270
350 260 27 55 302
308 88 267 430 429
490 239 314 173 434
110 455 31 285 7
483 312 296 192 487
83 369 277 385 167
365 340 418 422 78
81 207 330 15 24
171 469 236 488 272
70 3 156 80 426
305 231 19 303 251
128 415 319 400 187
9 449 224 406 0
57 408 56 143 62
35 456 230 395 311
84 67 390 359 198
247 391 454 467 283
249 398 146 10 177
489 17 345 119 30
389 259 300 318 294
188 460 53 95 221
220 494 297 217 225
497 175 203 40 264
349 348 126 194 382
5 478 380 459 109
265 44 384 317 498
185 374 485 235 209
281 1 372 181 41
97 326 21 360 464
73 37 407 397 310
392 437 64 74 112
453 96 113 387 243
155 479 154 252 438
254 491 184 263 85
42 335 499 46 270
350 260 27 55 302
308 88 267 430 429
490 239 314 173 434
110 455 31 285 7
483 312 296 192 487
83 369 277 385 167
365 340 418 422 78
81 207 330 15 24
171 469 236 488 272
70 3 156 80 426
305 231 19 303 251
128 415 319 400 187
9 449 224 406 0
57 408 56 143 62
35 456 230 395 311
84 67 390 359 198
247 391 454 467 283
249 398 146 10 177
278 320 99 439 195
489 17 345 119 30
389 259 300 318 294
188 460 53 95 221
220 494 297 217 225
497 175 203 40 264
349 348 126 194 382
5 478 380 459 109
265 44 384 317 498
185 374 485 235 209
281 1 372 181 41
97 326 21 360 464
73 37 407 397 310
392 437 64 74 112
453 96 113 387 243
155 479 154 252 438
254 491 184 263 85
42 335 499 46 270
350 260 27 55 302
308 88 267 430 429
490 239 314 173 434
110 455 31 285 7
483 312 296 192 487
83 369 277 385 167
365 340 418 422 78
81 207 330 15 24
171 469 236 488 272
70 3 156 80 426
305 231 19 303 251
128 415 319 400 187
9 449 224 406 0
57 408 56 143 62
35 456 230 395 311
84 67 390 359 198
247 391 454 467 283
249 398 146 10 177
278 320 99 439 195
140 334 28 201 266
489 17 345 119 30
389 259 300 318 294
188 460 53 95 221
220 494 297 217 225
497 175 203 40 264
349 348 126 194 382
5 478 380 459 109
265 44 384 317 498
185 374 485 235 209
281 1 372 181 41
97 326 21 360 464
73 37 407 397 310
392 437 64 74 112
453 96 113 387 243
155 479 154 252 438
254 491 184 263 85
42 335 499 46 270
350 260 27 55 302
308 88 267 430 429
490 239 314 173 434
110 455 31 285 7
483 312 296 192 487
83 369 277 385 167
365 340 418 422 78
81 207 330 15 24
171 469 236 488 272
70 3 156 80 426
305 231 19 303 251
128 415 319 400 187
9 449 224 406 0
57 408 56 143 62
35 456 230 395 311
84 67 390 359 198
247 391 454 467 283
249 398 146 10 177
278 320 99 439 195
140 334 28 201 266
82 368 417 197 165
489 17 345 119 30
389 259 300 318 294
188 460 53 95 221
220 494 297 217 225
497 175 203 40 264
349 348 126 194 382
5 478 380 459 109
265 44 384 317 498
185 374 485 235 209
281 1 372 181 41
97 326 21 360 464
73 37 407 397 310
392 437 64 74 112
453 96 113 387 243
155 479 154 252 438
254 491 184 263 85
42 335 499 46 270
350 260 27 55 302
308 88 267 430 429
490 239 314 173 434
110 455 31 285 7
483 312 296 192 487
83 369 277 385 167
365 340 418 422 78
81 207 330 15 24
171 469 236 488 272
70 3 156 80 426
305 231 19 303 251
128 415 319 400 187
9 449 224 406 0
57 408 56 143 62
35 456 230 395 311
84 67 390 359 198
247 391 454 467 283
249 398 146 10 177
278 320 99 439 195
140 334 28 201 266
82 368 417 197 165
2 216 91 401 127
489 17 345 119 30
389 259 300 318 294
188 460 53 95 221
220 494 297 217 225
497 175 203 40 264
349 348 126 194 382
5 478 380 459 109
265 44 384 317 498
185 374 485 235 209
281 1 372 181 41
97 326 21 360 464
73 37 407 397 310
392 437 64 74 112
453 96 113 387 243
155 479 154 252 438
254 491 184 263 85
42 335 499 46 270
350 260 27 55 302
308 88 267 430 429
490 239 314 173 434
110 455 31 285 7
483 312 296 192 487
83 369 277 385 167
365 340 418 422 78
81 207 330 15 24
171 469 236 488 272
70 3 156 80 426
305 231 19 303 251
128 415 319 400 187
9 449 224 406 0
57 408 56 143 62
35 456 230 395 311
84 67 390 359 198
247 391 454 467 283
249 398 146 10 177
278 320 99 439 195
140 334 28 201 266
82 368 417 197 165
2 216 91 401 127
253 159 63 332 338
489 17 345 119 30
389 259 300 318 294
188 460 53 95 221
220 494 297 217 225
497 175 203 40 264
349 348 126 194 382
5 478 380 459 109
265 44 384 317 498
185 374 485 235 209
281 1 372 181 41
97 326 21 360 464
73 37 407 397 310
392 437 64 74 112
453 96 113 387 243
155 479 154 252 438
254 491 184 263 85
42 335 499 46 270
350 260 27 55 302
308 88 267 430 429
490 239 314 173 434
110 455 31 285 7
483 312 296 192 487
83 369 277 385 167
365 340 418 422 78
81 207 330 15 24
171 469 236 488 272
70 3 156 80 426
305 231 19 303 251
128 415 319 400 187
9 449 224 406 0
57 408 56 143 62
35 456 230 395 311
84 67 390 359 198
247 391 454 467 283
249 398 146 10 177
278 320 99 439 195
140 334 28 201 266
82 368 417 197 165
2 216 91 401 127
253 159 63 332 338
176 313 152 284 393
489 17 345 119 30
389 259 300 318 294
188 460 53 95 221
220 494 297 217 225
497 175 203 40 264
349 348 126 194 382
5 478 380 459 109
265 44 384 317 498
185 374 485 235 209
281 1 372 181 41
97 326 21 360 464
73 37 407 397 310
392 437 64 74 112
453 96 113 387 243
155 479 154 252 438
254 491 184 263 85
42 335 499 46 270
350 260 27 55 302
308 88 267 430 429
490 239 314 173 434
110 455 31 285 7
483 312 296 192 487
83 369 277 385 167
365 340 418 422 78
81 207 330 15 24
171 469 236 488 272
70 3 156 80 426
305 231 19 303 251
128 415 319 400 187
9 449 224 406 0
57 408 56 143 62
35 456 230 395 311
84 67 390 359 198
247 391 454 467 283
249 398 146 10 177
278 320 99 439 195
140 334 28 201 266
82 368 417 197 165
2 216 91 401 127
253 159 63 332 338
176 313 152 284 393
413 336 114 20 168
489 17 345 119 30
389 259 300 318 294
188 460 53 95 221
220 494 297 217 225
497 175 203 40 264
349 348 126 194 382
5 478 380 459 109
265 44 384 317 498
185 374 485 235 209
281 1 372 181 41
97 326 21 360 464
73 37 407 397 310
392 437 64 74 112
453 96 113 387 243
155 479 154 252 438
254 491 184 263 85
42 335 499 46 270
350 260 27 55 302
308 88 267 430 429
490 239 314 173 434
110 455 31 285 7
483 312 296 192 487
83 369 277 385 167
365 340 418 422 78
81 207 330 15 24
171 469 236 488 272
70 3 156 80 426
305 231 19 303 251
128 415 319 400 187
9 449 224 406 0
57 408 56 143 62
35 456 230 395 311
84 67 390 359 198
247 391 454 467 283
249 398 146 10 177
278 320 99 439 195
140 334 28 201 266
82 368 417 197 165
2 216 91 401 127
253 159 63 332 338
176 313 152 284 393
413 336 114 20 168
261 327 86 87 105
489 17 345 119 30
389 259 300 318 294
188 460 53 95 221
220 494 297 217 225
497 175 203 40 264
349 348 126 194 382
5 478 380 459 109
265 44 384 317 498
185 374 485 235 209
281 1 372 181 41
97 326 21 360 464
73 37 407 397 310
392 437 64 74 112
453 96 113 387 243
155 479 154 252 438
254 491 184 263 85
42 335 499 46 270
350 260 27 55 302
308 88 267 430 429
490 239 314 173 434
110 455 31 285 7
483 312 296 192 487
83 369 277 385 167
365 340 418 422 78
81 207 330 15 24
171 469 236 488 272
70 3 156 80 426
305 231 19 303 251
128 415 319 400 187
9 449 224 406 0
57 408 56 143 62
35 456 230 395 311
84 67 390 359 198
247 391 454 467 283
249 398 146 10 177
278 320 99 439 195
140 334 28 201 266
82 368 417 197 165
2 216 91 401 127
253 159 63 332 338
176 313 152 284 393
413 336 114 20 168
261 327 86 87 105
131 77 120 427 307
489 17 345 119 30
389 259 300 318 294
188 460 53 95 221
220 494 297 217 225
497 175 203 40 264
349 348 126 194 382
5 478 380 459 109
265 44 384 317 498
185 374 485 235 209
281 1 372 181 41
97 326 21 360 464
73 37 407 397 310
392 437 64 74 112
453 96 113 387 243
155 479 154 252 438
254 491 184 263 85
42 335 499 46 270
350 260 27 55 302
308 88 267 430 429
490 239 314 173 434
110 455 31 285 7
483 312 296 192 487
83 369 277 385 167
365 340 418 422 78
81 207 330 15 24
171 469 236 488 272
70 3 156 80 426
305 231 19 303 251
128 415 319 400 187
9 449 224 406 0
57 408 56 143 62
35 456 230 395 311
84 67 390 359 198
247 391 454 467 283
249 398 146 10 177
278 320 99 439 195
140 334 28 201 266
82 368 417 197 165
2 216 91 401 127
253 159 63 332 338
176 313 152 284 393
413 336 114 20 168
261 327 86 87 105
131 77 120 427 307
111 324 206 366 138
489 17 345 119 30
389 259 300 318 294
188 460 53 95 221
220 494 297 217 225
497 175 203 40 264
349 348 126 194 382
5 478 380 459 109
265 44 384 317 498
185 374 485 235 209
281 1 372 181 41
97 326 21 360 464
73 37 407 397 310
392 437 64 74 112
453 96 113 387 243
155 479 154 252 438
254 491 184 263 85
42 335 499 46 270
350 260 27 55 302
308 88 267 430 429
490 239 314 173 434
110 455 31 285 7
483 312 296 192 487
83 369 277 385 167
365 340 418 422 78
81 207 330 15 24
171 469 236 488 272
70 3 156 80 426
305 231 19 303 251
128 415 319 400 187
9 449 224 406 0
57 408 56 143 62
35 456 230 395 311
84 67 390 359 198
247 391 454 467 283
249 398 146 10 177
278 320 99 439 195
140 334 28 201 266
82 368 417 197 165
2 216 91 401 127
253 159 63 332 338
176 313 152 284 393
413 336 114 20 168
261 327 86 87 105
131 77 120 427 307
111 324 206 366 138
463 337 258 43 376
489 17 345 119 30
389 259 300 318 294
188 460 53 95 221
220 494 297 217 225
497 175 203 40 264
349 348 126 194 382
5 478 380 459 109
265 44 384 317 498
185 374 485 235 209
281 1 372 181 41
97 326 21 360 464
73 37 407 397 310
392 437 64 74 112
453 96 113 387 243
155 479 154 252 438
254 491 184 263 85
42 335 499 46 270
350 260 27 55 302
308 88 267 430 429
490 239 314 173 434
110 455 31 285 7
483 312 296 192 487
83 369 277 385 167
365 340 418 422 78
81 207 330 15 24
171 469 236 488 272
70 3 156 80 426
305 231 19 303 251
128 415 319 400 187
9 449 224 406 0
57 408 56 143 62
35 456 230 395 311
84 67 390 359 198
247 391 454 467 283
249 398 146 10 177
278 320 99 439 195
140 334 28 201 266
82 368 417 197 165
2 216 91 401 127
253 159 63 332 338
176 313 152 284 393
413 336 114 20 168
261 327 86 87 105
131 77 120 427 307
111 324 206 366 138
463 337 258 43 376
268 107 160 137 22
489 17 345 119 30
389 259 300 318 294
188 460 53 95 221
220 494 297 217 225
497 175 203 40 264
349 348 126 194 382
5 478 380 459 109
265 44 384 317 498
185 374 485 235 209
281 1 372 181 41
97 326 21 360 464
73 37 407 397 310
392 437 64 74 112
453 96 113 387 243
155 479 154 252 438
254 491 184 263 85
42 335 499 46 270
350 260 27 55 302
308 88 267 430 429
490 239 314 173 434
110 455 31 285 7
483 312 296 192 487
83 369 277 385 167
365 340 418 422 78
81 207 330 15 24
171 469 236 488 272
70 3 156 80 426
305 231 19 303 251
128 415 319 400 187
9 449 224 406 0
57 408 56 143 62
35 456 230 395 311
84 67 390 359 198
247 391 454 467 283
249 398 146 10 177
278 320 99 439 195
140 334 28 201 266
82 368 417 197 165
2 216 91 401 127
253 159 63 332 338
176 313 152 284 393
413 336 114 20 168
261 327 86 87 105
131 77 120 427 307
111 324 206 366 138
463 337 258 43 376
268 107 160 137 22
98 347 276 493 287
489 17 345 119 30
389 259 300 318 294
188 460 53 95 221
220 494 297 217 225
497 175 203 40 264
349 348 126 194 382
5 478 380 459 109
265 44 384 317 498
185 374 485 235 209
281 1 372 181 41
97 326 21 360 464
73 37 407 397 310
392 437 64 74 112
453 96 113 387 243
155 479 154 252 438
254 491 184 263 85
42 335 499 46 270
350 260 27 55 302
308 88 267 430 429
490 239 314 173 434
110 455 31 285 7
483 312 296 192 487
83 369 277 385 167
365 340 418 422 78
81 207 330 15 24
171 469 236 488 272
70 3 156 80 426
305 231 19 303 251
128 415 319 400 187
9 449 224 406 0
57 408 56 143 62
35 456 230 395 311
84 67 390 359 198
247 391 454 467 283
249 398 146 10 177
278 320 99 439 195
140 334 28 201 266
82 368 417 197 165
2 216 91 401 127
253 159 63 332 338
176 313 152 284 393
413 336 114 20 168
261 327 86 87 105
131 77 120 427 307
111 324 206 366 138
463 337 258 43 376
268 107 160 137 22
98 347 276 493 287
412 358 228 321 196
489 17 345 119 30
389 259 300 318 294
188 460 53 95 221
220 494 297 217 225
497 175 203 40 264
349 348 126 194 382
5 478 380 459 109
265 44 384 317 498
185 374 485 235 209
281 1 372 181 41
97 326 21 360 464
73 37 407 397 310
392 437 64 74 112
453 96 113 387 243
155 479 154 252 438
254 491 184 263 85
42 335 499 46 270
350 260 27 55 302
308 88 267 430 429
490 239 314 173 434
110 455 31 285 7
483 312 296 192 487
83 369 277 385 167
365 340 418 422 78
81 207 330 15 24
171 469 236 488 272
70 3 156 80 426
305 231 19 303 251
128 415 319 400 187
9 449 224 406 0
57 408 56 143 62
35 456 230 395 311
84 67 390 359 198
247 391 454 467 283
249 398 146 10 177
278 320 99 439 195
140 334 28 201 266
82 368 417 197 165
2 216 91 401 127
253 159 63 332 338
176 313 152 284 393
413 336 114 20 168
261 327 86 87 105
131 77 120 427 307
111 324 206 366 138
463 337 258 43 376
268 107 160 137 22
98 347 276 493 287
412 358 228 321 196
199 61 484 129 139
