188 91 446 110 344
492 166 400 450 451
46 117 368 406 10
88 0 23 213 244
29 20 312 240 268
390 418 120 104 103
378 346 22 303 210
256 220 421 419 308
297 410 313 384 349
413 132 80 311 290
58 135 355 485 180
123 151 488 108 75
441 124 443 83 288
52 470 159 21 250
328 101 105 252 200
321 416 173 100 289
97 77 17 140 18
360 189 157 483 487
167 34 228 302 366
447 31 263 296 326
398 267 47 172 236
206 281 158 126 331
386 291 178 249 84
276 233 497 367 49
37 340 154 442 81
207 484 347 489 190
472 293 319 278 351
184 266 32 320 3
428 280 12 164 148
8 19 364 255 242
363 294 170 391 248
165 397 74 345 322
336 460 5 377 136
261 300 453 42 458
434 40 431 272 89
325 388 114 44 93
138 72 461 444 498
115 99 94 163 337
51 41 247 304 305
465 224 383 45 396
11 342 381 36 254
493 369 9 411 314
371 307 374 486 370
27 479 452 98 333
57 362 455 423 332
90 468 409 403 270
432 214 258 241 445
359 356 134 295 376
269 125 48 309 298
495 179 139 456 275
