172 20 43 321 53
87 216 60 351 359
264 249 174 346 260
11 279 192 199 64
242 389 108 284 385
341 55 106 266 37
221 194 223 5 123
295 50 327 135 49
212 280 117 45 163
372 40 62 270 148
381 97 211 149 338
271 353 246 82 218
29 28 16 57 391
80 265 220 209 111
290 139 285 387 315
25 251 248 384 193
13 254 74 71 197
47 169 46 27 65
262 34 18 263 374
330 213 19 276 250
152 339 94 275 31
232 337 177 376 283
267 178 176 189 122
78 70 91 107 144
331 258 145 291 9
85 297 114 167 15
247 126 42 373 115
51 347 44 109 54
207 90 215 393 394
244 138 272 388 69
143 378 198 67 312
14 325 294 191 356
137 253 52 390 48
184 36 160 324 328
317 41 334 344 206
281 165 200 112 150
210 110 316 88 73
308 151 306 305 257
35 342 319 141 303
292 399 166 61 352
358 234 296 335 185
159 147 363 186 120
79 386 282 38 202
95 349 75 81 118
336 203 104 155 261
175 56 127 383 0
173 179 30 240 201
304 187 77 4 89
365 259 302 130 252
128 309 24 355 170
