10 339 58 146 222
10 339 58 146 222
360 463 498 401 441
10 339 58 146 222
360 463 498 401 441
72 291 307 125 246
10 339 58 146 222
360 463 498 401 441
72 291 307 125 246
68 302 160 455
10 339 58 146 222
360 463 498 401 441
72 291 307 125 246
68 302 160 455
30 327 66 348
10 339 58 146 222
360 463 498 401 441
72 291 307 125 246
68 302 160 455
30 327 66 348
40 484 292 259
10 339 58 146 222
360 463 498 401 441
72 291 307 125 246
68 302 160 455
30 327 66 348
40 484 292 259
129 205 493 217 201
10 339 58 146 222
360 463 498 401 441
72 291 307 125 246
68 302 160 455
30 327 66 348
40 484 292 259
129 205 493 217 201
111 124 265 422 131
10 339 58 146 222
360 463 498 401 441
72 291 307 125 246
68 302 160 455
30 327 66 348
40 484 292 259
129 205 493 217 201
111 124 265 422 131
174 245
10 339 58 146 222
360 463 498 401 441
72 291 307 125 246
68 302 160 455
30 327 66 348
40 484 292 259
129 205 493 217 201
111 124 265 422 131
174 245
88 208 373
10 339 58 146 222
360 463 498 401 441
72 291 307 125 246
68 302 160 455
30 327 66 348
40 484 292 259
129 205 493 217 201
111 124 265 422 131
174 245
88 208 373
93 203 181
10 339 58 146 222
360 463 498 401 441
72 291 307 125 246
68 302 160 455
30 327 66 348
40 484 292 259
129 205 493 217 201
111 124 265 422 131
174 245
88 208 373
93 203 181
36 273 396 168
10 339 58 146 222
360 463 498 401 441
72 291 307 125 246
68 302 160 455
30 327 66 348
40 484 292 259
129 205 493 217 201
111 124 265 422 131
174 245
88 208 373
93 203 181
36 273 396 168
89 226 137
10 339 58 146 222
360 463 498 401 441
72 291 307 125 246
68 302 160 455
30 327 66 348
40 484 292 259
129 205 493 217 201
111 124 265 422 131
174 245
88 208 373
93 203 181
36 273 396 168
89 226 137
365 434 469
10 339 58 146 222
360 463 498 401 441
72 291 307 125 246
68 302 160 455
30 327 66 348
40 484 292 259
129 205 493 217 201
111 124 265 422 131
174 245
88 208 373
93 203 181
36 273 396 168
89 226 137
365 434 469
41 280 249
10 339 58 146 222
360 463 498 401 441
72 291 307 125 246
68 302 160 455
30 327 66 348
40 484 292 259
129 205 493 217 201
111 124 265 422 131
174 245
88 208 373
93 203 181
36 273 396 168
89 226 137
365 434 469
41 280 249
221 407
10 339 58 146 222
360 463 498 401 441
72 291 307 125 246
68 302 160 455
30 327 66 348
40 484 292 259
129 205 493 217 201
111 124 265 422 131
174 245
88 208 373
93 203 181
36 273 396 168
89 226 137
365 434 469
41 280 249
221 407
78 482
10 339 58 146 222
360 463 498 401 441
72 291 307 125 246
68 302 160 455
30 327 66 348
40 484 292 259
129 205 493 217 201
111 124 265 422 131
174 245
88 208 373
93 203 181
36 273 396 168
89 226 137
365 434 469
41 280 249
221 407
78 482
120 284
10 339 58 146 222
360 463 498 401 441
72 291 307 125 246
68 302 160 455
30 327 66 348
40 484 292 259
129 205 493 217 201
111 124 265 422 131
174 245
88 208 373
93 203 181
36 273 396 168
89 226 137
365 434 469
41 280 249
221 407
78 482
120 284
165 330
10 339 58 146 222
360 463 498 401 441
72 291 307 125 246
68 302 160 455
30 327 66 348
40 484 292 259
129 205 493 217 201
111 124 265 422 131
174 245
88 208 373
93 203 181
36 273 396 168
89 226 137
365 434 469
41 280 249
221 407
78 482
120 284
165 330
189 299
10 339 58 146 222
360 463 498 401 441
72 291 307 125 246
68 302 160 455
30 327 66 348
40 484 292 259
129 205 493 217 201
111 124 265 422 131
174 245
88 208 373
93 203 181
36 273 396 168
89 226 137
365 434 469
41 280 249
221 407
78 482
120 284
165 330
189 299
195 362
10 339 58 146 222
360 463 498 401 441
72 291 307 125 246
68 302 160 455
30 327 66 348
40 484 292 259
129 205 493 217 201
111 124 265 422 131
174 245
88 208 373
93 203 181
36 273 396 168
89 226 137
365 434 469
41 280 249
221 407
78 482
120 284
165 330
189 299
195 362
180 386
