99 339 131 3 98
18 499 462 366 143
444 38 7 77 157
57 5 304 374 21
174 10 261 392 191
247 184 85 355 42
165 290 361 141 425
149 337 176 28 329
264 151 303 371 230
119 105 491 136 235
295 223 276 242 496
231 300 298 467 100
205 93 167 113 421
410 432 485 320 273
96 283 452 64 240
163 188 446 493 202
135 177 26 68 272
259 66 263 447 204
473 144 200 256 233
289 79 386 210 397
162 178 348 420 279
448 36 459 255 308
110 387 121 267 146
357 48 353 306 268
211 414 46 207 409
41 92 381 278 362
106 484 454 189 6
148 340 367 379 349
429 479 461 226 297
53 327 356 60 214
236 441 477 116 156
171 234 270 307 350
408 257 227 389 70
82 134 469 282 494
347 470 124 475 111
390 52 212 4 399
87 286 101 293 330
398 45 74 377 431
402 364 497 424 292
120 385 195 391 159
332 317 88 34 249
313 326 250 23 172
137 328 94 194 13
415 403 238 460 138
154 0 352 334 416
451 208 266 423 237
228 183 269 86 102
187 59 196 252 274
383 24 275 478 262
245 483 145 216 281
