211 164 278 99 149
477 111 376 275 25
459 421 75 107 301
311 382 274 132 365
422 27 162 14 41
133 210 97 455 400
74 281 335 300 180
324 308 220 370 91
209 134 420 273 470
5 17 206 468 268
232 489 83 240 19
34 18 243 92 36
195 89 138 460 289
125 384 395 189 448
143 333 487 128 94
239 62 440 347 119
326 482 218 153 152
59 337 406 367 310
11 393 219 95 475
71 242 28 168 230
191 269 61 325 328
114 178 50 3 12
45 142 78 473 407
172 236 469 90 184
229 283 147 179 272
295 126 93 414 52
197 488 196 334 423
282 39 444 441 457
213 389 194 483 303
447 499 224 105 453
106 215 157 313 436
154 319 450 364 51
368 442 443 399 35
76 279 227 401 280
287 484 7 479
231 377 358 225
176 396 458 255 410
10 208 419 58 316
478 490 8 480 85
238 454 187 56 244
463 329 68 294 437
411 346 306 217 360
212 44 425 486 158
355 174 65 471 348
102 21 356 43
192 276 64 257 96
258 6 251 363 398
23 497 266
118 402 408 485
115 403 424 323
361 342 167
38 331
108 173
22 104
