18 127 137 192 101
18 127 137 192 101
44 128 95 119 177
18 127 137 192 101
44 128 95 119 177
19 107 151 204 46
18 127 137 192 101
44 128 95 119 177
19 107 151 204 46
24 138 61 83 181
18 127 137 192 101
44 128 95 119 177
19 107 151 204 46
24 138 61 83 181
10 21 171 159 97
18 127 137 192 101
44 128 95 119 177
19 107 151 204 46
24 138 61 83 181
10 21 171 159 97
35 125 47 155 75
18 127 137 192 101
44 128 95 119 177
19 107 151 204 46
24 138 61 83 181
10 21 171 159 97
35 125 47 155 75
17 203 142 131 200
18 127 137 192 101
44 128 95 119 177
19 107 151 204 46
24 138 61 83 181
10 21 171 159 97
35 125 47 155 75
17 203 142 131 200
39 130 67 68 59
18 127 137 192 101
44 128 95 119 177
19 107 151 204 46
24 138 61 83 181
10 21 171 159 97
35 125 47 155 75
17 203 142 131 200
39 130 67 68 59
43 79 166 126 174
18 127 137 192 101
44 128 95 119 177
19 107 151 204 46
24 138 61 83 181
10 21 171 159 97
35 125 47 155 75
17 203 142 131 200
39 130 67 68 59
43 79 166 126 174
38 158 201 45 180
18 127 137 192 101
44 128 95 119 177
19 107 151 204 46
24 138 61 83 181
10 21 171 159 97
35 125 47 155 75
17 203 142 131 200
39 130 67 68 59
43 79 166 126 174
38 158 201 45 180
6 41 94 54 193
18 127 137 192 101
44 128 95 119 177
19 107 151 204 46
24 138 61 83 181
10 21 171 159 97
35 125 47 155 75
17 203 142 131 200
39 130 67 68 59
43 79 166 126 174
38 158 201 45 180
6 41 94 54 193
2 143 85 73 154
18 127 137 192 101
44 128 95 119 177
19 107 151 204 46
24 138 61 83 181
10 21 171 159 97
35 125 47 155 75
17 203 142 131 200
39 130 67 68 59
43 79 166 126 174
38 158 201 45 180
6 41 94 54 193
2 143 85 73 154
7 104 100 36 115
18 127 137 192 101
44 128 95 119 177
19 107 151 204 46
24 138 61 83 181
10 21 171 159 97
35 125 47 155 75
17 203 142 131 200
39 130 67 68 59
43 79 166 126 174
38 158 201 45 180
6 41 94 54 193
2 143 85 73 154
7 104 100 36 115
5 162 53 26 185
18 127 137 192 101
44 128 95 119 177
19 107 151 204 46
24 138 61 83 181
10 21 171 159 97
35 125 47 155 75
17 203 142 131 200
39 130 67 68 59
43 79 166 126 174
38 158 201 45 180
6 41 94 54 193
2 143 85 73 154
7 104 100 36 115
5 162 53 26 185
8 129 135 58 139
18 127 137 192 101
44 128 95 119 177
19 107 151 204 46
24 138 61 83 181
10 21 171 159 97
35 125 47 155 75
17 203 142 131 200
39 130 67 68 59
43 79 166 126 174
38 158 201 45 180
6 41 94 54 193
2 143 85 73 154
7 104 100 36 115
5 162 53 26 185
8 129 135 58 139
4 62 30 28 106
18 127 137 192 101
44 128 95 119 177
19 107 151 204 46
24 138 61 83 181
10 21 171 159 97
35 125 47 155 75
17 203 142 131 200
39 130 67 68 59
43 79 166 126 174
38 158 201 45 180
6 41 94 54 193
2 143 85 73 154
7 104 100 36 115
5 162 53 26 185
8 129 135 58 139
4 62 30 28 106
9 153 149 146 84
18 127 137 192 101
44 128 95 119 177
19 107 151 204 46
24 138 61 83 181
10 21 171 159 97
35 125 47 155 75
17 203 142 131 200
39 130 67 68 59
43 79 166 126 174
38 158 201 45 180
6 41 94 54 193
2 143 85 73 154
7 104 100 36 115
5 162 53 26 185
8 129 135 58 139
4 62 30 28 106
9 153 149 146 84
3 98 105 76 77
18 127 137 192 101
44 128 95 119 177
19 107 151 204 46
24 138 61 83 181
10 21 171 159 97
35 125 47 155 75
17 203 142 131 200
39 130 67 68 59
43 79 166 126 174
38 158 201 45 180
6 41 94 54 193
2 143 85 73 154
7 104 100 36 115
5 162 53 26 185
8 129 135 58 139
4 62 30 28 106
9 153 149 146 84
3 98 105 76 77
11 147 96 12 167
18 127 137 192 101
44 128 95 119 177
19 107 151 204 46
24 138 61 83 181
10 21 171 159 97
35 125 47 155 75
17 203 142 131 200
39 130 67 68 59
43 79 166 126 174
38 158 201 45 180
6 41 94 54 193
2 143 85 73 154
7 104 100 36 115
5 162 53 26 185
8 129 135 58 139
4 62 30 28 106
9 153 149 146 84
3 98 105 76 77
11 147 96 12 167
13 182 175 32 57
18 127 137 192 101
44 128 95 119 177
19 107 151 204 46
24 138 61 83 181
10 21 171 159 97
35 125 47 155 75
17 203 142 131 200
39 130 67 68 59
43 79 166 126 174
38 158 201 45 180
6 41 94 54 193
2 143 85 73 154
7 104 100 36 115
5 162 53 26 185
8 129 135 58 139
4 62 30 28 106
9 153 149 146 84
3 98 105 76 77
11 147 96 12 167
13 182 175 32 57
14 121 133 170 109
18 127 137 192 101
44 128 95 119 177
19 107 151 204 46
24 138 61 83 181
10 21 171 159 97
35 125 47 155 75
17 203 142 131 200
39 130 67 68 59
43 79 166 126 174
38 158 201 45 180
6 41 94 54 193
2 143 85 73 154
7 104 100 36 115
5 162 53 26 185
8 129 135 58 139
4 62 30 28 106
9 153 149 146 84
3 98 105 76 77
11 147 96 12 167
13 182 175 32 57
14 121 133 170 109
15 116 148 144 176
18 127 137 192 101
44 128 95 119 177
19 107 151 204 46
24 138 61 83 181
10 21 171 159 97
35 125 47 155 75
17 203 142 131 200
39 130 67 68 59
43 79 166 126 174
38 158 201 45 180
6 41 94 54 193
2 143 85 73 154
7 104 100 36 115
5 162 53 26 185
8 129 135 58 139
4 62 30 28 106
9 153 149 146 84
3 98 105 76 77
11 147 96 12 167
13 182 175 32 57
14 121 133 170 109
15 116 148 144 176
16 40 179 195 99
18 127 137 192 101
44 128 95 119 177
19 107 151 204 46
24 138 61 83 181
10 21 171 159 97
35 125 47 155 75
17 203 142 131 200
39 130 67 68 59
43 79 166 126 174
38 158 201 45 180
6 41 94 54 193
2 143 85 73 154
7 104 100 36 115
5 162 53 26 185
8 129 135 58 139
4 62 30 28 106
9 153 149 146 84
3 98 105 76 77
11 147 96 12 167
13 182 175 32 57
14 121 133 170 109
15 116 148 144 176
16 40 179 195 99
1 111 141 69 22
18 127 137 192 101
44 128 95 119 177
19 107 151 204 46
24 138 61 83 181
10 21 171 159 97
35 125 47 155 75
17 203 142 131 200
39 130 67 68 59
43 79 166 126 174
38 158 201 45 180
6 41 94 54 193
2 143 85 73 154
7 104 100 36 115
5 162 53 26 185
8 129 135 58 139
4 62 30 28 106
9 153 149 146 84
3 98 105 76 77
11 147 96 12 167
13 182 175 32 57
14 121 133 170 109
15 116 148 144 176
16 40 179 195 99
1 111 141 69 22
90 113 198 120 134
18 127 137 192 101
44 128 95 119 177
19 107 151 204 46
24 138 61 83 181
10 21 171 159 97
35 125 47 155 75
17 203 142 131 200
39 130 67 68 59
43 79 166 126 174
38 158 201 45 180
6 41 94 54 193
2 143 85 73 154
7 104 100 36 115
5 162 53 26 185
8 129 135 58 139
4 62 30 28 106
9 153 149 146 84
3 98 105 76 77
11 147 96 12 167
13 182 175 32 57
14 121 133 170 109
15 116 148 144 176
16 40 179 195 99
1 111 141 69 22
90 113 198 120 134
23 206 150 72 91
18 127 137 192 101
44 128 95 119 177
19 107 151 204 46
24 138 61 83 181
10 21 171 159 97
35 125 47 155 75
17 203 142 131 200
39 130 67 68 59
43 79 166 126 174
38 158 201 45 180
6 41 94 54 193
2 143 85 73 154
7 104 100 36 115
5 162 53 26 185
8 129 135 58 139
4 62 30 28 106
9 153 149 146 84
3 98 105 76 77
11 147 96 12 167
13 182 175 32 57
14 121 133 170 109
15 116 148 144 176
16 40 179 195 99
1 111 141 69 22
90 113 198 120 134
23 206 150 72 91
20 172 187 169 178
18 127 137 192 101
44 128 95 119 177
19 107 151 204 46
24 138 61 83 181
10 21 171 159 97
35 125 47 155 75
17 203 142 131 200
39 130 67 68 59
43 79 166 126 174
38 158 201 45 180
6 41 94 54 193
2 143 85 73 154
7 104 100 36 115
5 162 53 26 185
8 129 135 58 139
4 62 30 28 106
9 153 149 146 84
3 98 105 76 77
11 147 96 12 167
13 182 175 32 57
14 121 133 170 109
15 116 148 144 176
16 40 179 195 99
1 111 141 69 22
90 113 198 120 134
23 206 150 72 91
20 172 187 169 178
87 183 122 88 117
18 127 137 192 101
44 128 95 119 177
19 107 151 204 46
24 138 61 83 181
10 21 171 159 97
35 125 47 155 75
17 203 142 131 200
39 130 67 68 59
43 79 166 126 174
38 158 201 45 180
6 41 94 54 193
2 143 85 73 154
7 104 100 36 115
5 162 53 26 185
8 129 135 58 139
4 62 30 28 106
9 153 149 146 84
3 98 105 76 77
11 147 96 12 167
13 182 175 32 57
14 121 133 170 109
15 116 148 144 176
16 40 179 195 99
1 111 141 69 22
90 113 198 120 134
23 206 150 72 91
20 172 187 169 178
87 183 122 88 117
25 145 110 184 80
18 127 137 192 101
44 128 95 119 177
19 107 151 204 46
24 138 61 83 181
10 21 171 159 97
35 125 47 155 75
17 203 142 131 200
39 130 67 68 59
43 79 166 126 174
38 158 201 45 180
6 41 94 54 193
2 143 85 73 154
7 104 100 36 115
5 162 53 26 185
8 129 135 58 139
4 62 30 28 106
9 153 149 146 84
3 98 105 76 77
11 147 96 12 167
13 182 175 32 57
14 121 133 170 109
15 116 148 144 176
16 40 179 195 99
1 111 141 69 22
90 113 198 120 134
23 206 150 72 91
20 172 187 169 178
87 183 122 88 117
25 145 110 184 80
27 70 71 191 49
18 127 137 192 101
44 128 95 119 177
19 107 151 204 46
24 138 61 83 181
10 21 171 159 97
35 125 47 155 75
17 203 142 131 200
39 130 67 68 59
43 79 166 126 174
38 158 201 45 180
6 41 94 54 193
2 143 85 73 154
7 104 100 36 115
5 162 53 26 185
8 129 135 58 139
4 62 30 28 106
9 153 149 146 84
3 98 105 76 77
11 147 96 12 167
13 182 175 32 57
14 121 133 170 109
15 116 148 144 176
16 40 179 195 99
1 111 141 69 22
90 113 198 120 134
23 206 150 72 91
20 172 187 169 178
87 183 122 88 117
25 145 110 184 80
27 70 71 191 49
29 152 65 82 51
18 127 137 192 101
44 128 95 119 177
19 107 151 204 46
24 138 61 83 181
10 21 171 159 97
35 125 47 155 75
17 203 142 131 200
39 130 67 68 59
43 79 166 126 174
38 158 201 45 180
6 41 94 54 193
2 143 85 73 154
7 104 100 36 115
5 162 53 26 185
8 129 135 58 139
4 62 30 28 106
9 153 149 146 84
3 98 105 76 77
11 147 96 12 167
13 182 175 32 57
14 121 133 170 109
15 116 148 144 176
16 40 179 195 99
1 111 141 69 22
90 113 198 120 134
23 206 150 72 91
20 172 187 169 178
87 183 122 88 117
25 145 110 184 80
27 70 71 191 49
29 152 65 82 51
31 194 108 33 92
18 127 137 192 101
44 128 95 119 177
19 107 151 204 46
24 138 61 83 181
10 21 171 159 97
35 125 47 155 75
17 203 142 131 200
39 130 67 68 59
43 79 166 126 174
38 158 201 45 180
6 41 94 54 193
2 143 85 73 154
7 104 100 36 115
5 162 53 26 185
8 129 135 58 139
4 62 30 28 106
9 153 149 146 84
3 98 105 76 77
11 147 96 12 167
13 182 175 32 57
14 121 133 170 109
15 116 148 144 176
16 40 179 195 99
1 111 141 69 22
90 113 198 120 134
23 206 150 72 91
20 172 187 169 178
87 183 122 88 117
25 145 110 184 80
27 70 71 191 49
29 152 65 82 51
31 194 108 33 92
34 42 197 164 205
18 127 137 192 101
44 128 95 119 177
19 107 151 204 46
24 138 61 83 181
10 21 171 159 97
35 125 47 155 75
17 203 142 131 200
39 130 67 68 59
43 79 166 126 174
38 158 201 45 180
6 41 94 54 193
2 143 85 73 154
7 104 100 36 115
5 162 53 26 185
8 129 135 58 139
4 62 30 28 106
9 153 149 146 84
3 98 105 76 77
11 147 96 12 167
13 182 175 32 57
14 121 133 170 109
15 116 148 144 176
16 40 179 195 99
1 111 141 69 22
90 113 198 120 134
23 206 150 72 91
20 172 187 169 178
87 183 122 88 117
25 145 110 184 80
27 70 71 191 49
29 152 65 82 51
31 194 108 33 92
34 42 197 164 205
37 103 64 189 63
18 127 137 192 101
44 128 95 119 177
19 107 151 204 46
24 138 61 83 181
10 21 171 159 97
35 125 47 155 75
17 203 142 131 200
39 130 67 68 59
43 79 166 126 174
38 158 201 45 180
6 41 94 54 193
2 143 85 73 154
7 104 100 36 115
5 162 53 26 185
8 129 135 58 139
4 62 30 28 106
9 153 149 146 84
3 98 105 76 77
11 147 96 12 167
13 182 175 32 57
14 121 133 170 109
15 116 148 144 176
16 40 179 195 99
1 111 141 69 22
90 113 198 120 134
23 206 150 72 91
20 172 187 169 178
87 183 122 88 117
25 145 110 184 80
27 70 71 191 49
29 152 65 82 51
31 194 108 33 92
34 42 197 164 205
37 103 64 189 63
48 60 186 173 136
18 127 137 192 101
44 128 95 119 177
19 107 151 204 46
24 138 61 83 181
10 21 171 159 97
35 125 47 155 75
17 203 142 131 200
39 130 67 68 59
43 79 166 126 174
38 158 201 45 180
6 41 94 54 193
2 143 85 73 154
7 104 100 36 115
5 162 53 26 185
8 129 135 58 139
4 62 30 28 106
9 153 149 146 84
3 98 105 76 77
11 147 96 12 167
13 182 175 32 57
14 121 133 170 109
15 116 148 144 176
16 40 179 195 99
1 111 141 69 22
90 113 198 120 134
23 206 150 72 91
20 172 187 169 178
87 183 122 88 117
25 145 110 184 80
27 70 71 191 49
29 152 65 82 51
31 194 108 33 92
34 42 197 164 205
37 103 64 189 63
48 60 186 173 136
50 55 112 160 89
18 127 137 192 101
44 128 95 119 177
19 107 151 204 46
24 138 61 83 181
10 21 171 159 97
35 125 47 155 75
17 203 142 131 200
39 130 67 68 59
43 79 166 126 174
38 158 201 45 180
6 41 94 54 193
2 143 85 73 154
7 104 100 36 115
5 162 53 26 185
8 129 135 58 139
4 62 30 28 106
9 153 149 146 84
3 98 105 76 77
11 147 96 12 167
13 182 175 32 57
14 121 133 170 109
15 116 148 144 176
16 40 179 195 99
1 111 141 69 22
90 113 198 120 134
23 206 150 72 91
20 172 187 169 178
87 183 122 88 117
25 145 110 184 80
27 70 71 191 49
29 152 65 82 51
31 194 108 33 92
34 42 197 164 205
37 103 64 189 63
48 60 186 173 136
50 55 112 160 89
52 118 157 86 190
18 127 137 192 101
44 128 95 119 177
19 107 151 204 46
24 138 61 83 181
10 21 171 159 97
35 125 47 155 75
17 203 142 131 200
39 130 67 68 59
43 79 166 126 174
38 158 201 45 180
6 41 94 54 193
2 143 85 73 154
7 104 100 36 115
5 162 53 26 185
8 129 135 58 139
4 62 30 28 106
9 153 149 146 84
3 98 105 76 77
11 147 96 12 167
13 182 175 32 57
14 121 133 170 109
15 116 148 144 176
16 40 179 195 99
1 111 141 69 22
90 113 198 120 134
23 206 150 72 91
20 172 187 169 178
87 183 122 88 117
25 145 110 184 80
27 70 71 191 49
29 152 65 82 51
31 194 108 33 92
34 42 197 164 205
37 103 64 189 63
48 60 186 173 136
50 55 112 160 89
52 118 157 86 190
56 188 114 196 93
18 127 137 192 101
44 128 95 119 177
19 107 151 204 46
24 138 61 83 181
10 21 171 159 97
35 125 47 155 75
17 203 142 131 200
39 130 67 68 59
43 79 166 126 174
38 158 201 45 180
6 41 94 54 193
2 143 85 73 154
7 104 100 36 115
5 162 53 26 185
8 129 135 58 139
4 62 30 28 106
9 153 149 146 84
3 98 105 76 77
11 147 96 12 167
13 182 175 32 57
14 121 133 170 109
15 116 148 144 176
16 40 179 195 99
1 111 141 69 22
90 113 198 120 134
23 206 150 72 91
20 172 187 169 178
87 183 122 88 117
25 145 110 184 80
27 70 71 191 49
29 152 65 82 51
31 194 108 33 92
34 42 197 164 205
37 103 64 189 63
48 60 186 173 136
50 55 112 160 89
52 118 157 86 190
56 188 114 196 93
74 123 132 124 202
18 127 137 192 101
44 128 95 119 177
19 107 151 204 46
24 138 61 83 181
10 21 171 159 97
35 125 47 155 75
17 203 142 131 200
39 130 67 68 59
43 79 166 126 174
38 158 201 45 180
6 41 94 54 193
2 143 85 73 154
7 104 100 36 115
5 162 53 26 185
8 129 135 58 139
4 62 30 28 106
9 153 149 146 84
3 98 105 76 77
11 147 96 12 167
13 182 175 32 57
14 121 133 170 109
15 116 148 144 176
16 40 179 195 99
1 111 141 69 22
90 113 198 120 134
23 206 150 72 91
20 172 187 169 178
87 183 122 88 117
25 145 110 184 80
27 70 71 191 49
29 152 65 82 51
31 194 108 33 92
34 42 197 164 205
37 103 64 189 63
48 60 186 173 136
50 55 112 160 89
52 118 157 86 190
56 188 114 196 93
74 123 132 124 202
78 199 81 168 161
18 127 137 192 101
44 128 95 119 177
19 107 151 204 46
24 138 61 83 181
10 21 171 159 97
35 125 47 155 75
17 203 142 131 200
39 130 67 68 59
43 79 166 126 174
38 158 201 45 180
6 41 94 54 193
2 143 85 73 154
7 104 100 36 115
5 162 53 26 185
8 129 135 58 139
4 62 30 28 106
9 153 149 146 84
3 98 105 76 77
11 147 96 12 167
13 182 175 32 57
14 121 133 170 109
15 116 148 144 176
16 40 179 195 99
1 111 141 69 22
90 113 198 120 134
23 206 150 72 91
20 172 187 169 178
87 183 122 88 117
25 145 110 184 80
27 70 71 191 49
29 152 65 82 51
31 194 108 33 92
34 42 197 164 205
37 103 64 189 63
48 60 186 173 136
50 55 112 160 89
52 118 157 86 190
56 188 114 196 93
74 123 132 124 202
78 199 81 168 161
0 165 102 140 156
18 127 137 192 101
44 128 95 119 177
19 107 151 204 46
24 138 61 83 181
10 21 171 159 97
35 125 47 155 75
17 203 142 131 200
39 130 67 68 59
43 79 166 126 174
38 158 201 45 180
6 41 94 54 193
2 143 85 73 154
7 104 100 36 115
5 162 53 26 185
8 129 135 58 139
4 62 30 28 106
9 153 149 146 84
3 98 105 76 77
11 147 96 12 167
13 182 175 32 57
14 121 133 170 109
15 116 148 144 176
16 40 179 195 99
1 111 141 69 22
90 113 198 120 134
23 206 150 72 91
20 172 187 169 178
87 183 122 88 117
25 145 110 184 80
27 70 71 191 49
29 152 65 82 51
31 194 108 33 92
34 42 197 164 205
37 103 64 189 63
48 60 186 173 136
50 55 112 160 89
52 118 157 86 190
56 188 114 196 93
74 123 132 124 202
78 199 81 168 161
0 165 102 140 156
66 163
