349 80 15 241 106
9 315 234 4 346
447 91 190 365 163
440 227 382 369 443
261 233 385 152 12
294 164 331 470 39
132 306 459 125 455
302 351 286 392 218
293 378 422 141 178
367 10 104 214 395
115 217 34 318 195
0 275 6 84 228
327 83 114 226 410
414 165 334 200 38
145 264 23 291 174
20 64 211 343 204
1 340 388 423 208
255 229 309 387 95
406 396 175 468 32
161 426 8 287 252
401 131 267 314 429
69 194 363 257 98
185 5 87 19 303
391 74 77 232 206
250 201 431 352 348
155 445 457 265 326
323 280 329 198 273
101 425 116 248 42
75 390 33 219 14
335 191 70 224 332
25 184 256 333 366
230 16 259 344 278
438 244 373 469 245
379 122 103 27 40
30 60 450 240 180
172 370 330 301 89
71 394 144 456 210
338 57 59 435 109
384 313 358 24 289
411 398 124 85 290
53 312 119 271 428
72 296 107 408 444
179 236 295 372 73
399 43 61 13 112
449 223 158 136 270
235 400 246 81 288
66 65 135 442 78
376 307 377 316 446
