131 159 126 158
131 159 126 158
154 138 149 162
131 159 126 158
154 138 149 162
321 312 306
131 159 126 158
154 138 149 162
321 312 306
118 117 143
131 159 126 158
154 138 149 162
321 312 306
118 117 143
134 152 132
131 159 126 158
154 138 149 162
321 312 306
118 117 143
134 152 132
304 295 317
131 159 126 158
154 138 149 162
321 312 306
118 117 143
134 152 132
304 295 317
315 276 296
131 159 126 158
154 138 149 162
321 312 306
118 117 143
134 152 132
304 295 317
315 276 296
112 127
131 159 126 158
154 138 149 162
321 312 306
118 117 143
134 152 132
304 295 317
315 276 296
112 127
297 311
131 159 126 158
154 138 149 162
321 312 306
118 117 143
134 152 132
304 295 317
315 276 296
112 127
297 311
121 147
131 159 126 158
154 138 149 162
321 312 306
118 117 143
134 152 132
304 295 317
315 276 296
112 127
297 311
121 147
277 294
131 159 126 158
154 138 149 162
321 312 306
118 117 143
134 152 132
304 295 317
315 276 296
112 127
297 311
121 147
277 294
156 140
131 159 126 158
154 138 149 162
321 312 306
118 117 143
134 152 132
304 295 317
315 276 296
112 127
297 311
121 147
277 294
156 140
130 114
131 159 126 158
154 138 149 162
321 312 306
118 117 143
134 152 132
304 295 317
315 276 296
112 127
297 311
121 147
277 294
156 140
130 114
141 113
131 159 126 158
154 138 149 162
321 312 306
118 117 143
134 152 132
304 295 317
315 276 296
112 127
297 311
121 147
277 294
156 140
130 114
141 113
155 124
131 159 126 158
154 138 149 162
321 312 306
118 117 143
134 152 132
304 295 317
315 276 296
112 127
297 311
121 147
277 294
156 140
130 114
141 113
155 124
148 150
131 159 126 158
154 138 149 162
321 312 306
118 117 143
134 152 132
304 295 317
315 276 296
112 127
297 311
121 147
277 294
156 140
130 114
141 113
155 124
148 150
280 309
131 159 126 158
154 138 149 162
321 312 306
118 117 143
134 152 132
304 295 317
315 276 296
112 127
297 311
121 147
277 294
156 140
130 114
141 113
155 124
148 150
280 309
325 299
131 159 126 158
154 138 149 162
321 312 306
118 117 143
134 152 132
304 295 317
315 276 296
112 127
297 311
121 147
277 294
156 140
130 114
141 113
155 124
148 150
280 309
325 299
286 292
131 159 126 158
154 138 149 162
321 312 306
118 117 143
134 152 132
304 295 317
315 276 296
112 127
297 311
121 147
277 294
156 140
130 114
141 113
155 124
148 150
280 309
325 299
286 292
144 133
131 159 126 158
154 138 149 162
321 312 306
118 117 143
134 152 132
304 295 317
315 276 296
112 127
297 311
121 147
277 294
156 140
130 114
141 113
155 124
148 150
280 309
325 299
286 292
144 133
318 284
131 159 126 158
154 138 149 162
321 312 306
118 117 143
134 152 132
304 295 317
315 276 296
112 127
297 311
121 147
277 294
156 140
130 114
141 113
155 124
148 150
280 309
325 299
286 292
144 133
318 284
125 145
131 159 126 158
154 138 149 162
321 312 306
118 117 143
134 152 132
304 295 317
315 276 296
112 127
297 311
121 147
277 294
156 140
130 114
141 113
155 124
148 150
280 309
325 299
286 292
144 133
318 284
125 145
298 281
131 159 126 158
154 138 149 162
321 312 306
118 117 143
134 152 132
304 295 317
315 276 296
112 127
297 311
121 147
277 294
156 140
130 114
141 113
155 124
148 150
280 309
325 299
286 292
144 133
318 284
125 145
298 281
301 322
131 159 126 158
154 138 149 162
321 312 306
118 117 143
134 152 132
304 295 317
315 276 296
112 127
297 311
121 147
277 294
156 140
130 114
141 113
155 124
148 150
280 309
325 299
286 292
144 133
318 284
125 145
298 281
301 322
115 160
131 159 126 158
154 138 149 162
321 312 306
118 117 143
134 152 132
304 295 317
315 276 296
112 127
297 311
121 147
277 294
156 140
130 114
141 113
155 124
148 150
280 309
325 299
286 292
144 133
318 284
125 145
298 281
301 322
115 160
308 310
