101 32 168 43 135
101 32 168 43 135
226 66 196 245 142
101 32 168 43 135
226 66 196 245 142
148 195 9 185 127
101 32 168 43 135
226 66 196 245 142
148 195 9 185 127
163 174 125 13 49
101 32 168 43 135
226 66 196 245 142
148 195 9 185 127
163 174 125 13 49
241 8 15 202 133
101 32 168 43 135
226 66 196 245 142
148 195 9 185 127
163 174 125 13 49
241 8 15 202 133
4 227 224 52 229
101 32 168 43 135
226 66 196 245 142
148 195 9 185 127
163 174 125 13 49
241 8 15 202 133
4 227 224 52 229
119 17 210 158 7
101 32 168 43 135
226 66 196 245 142
148 195 9 185 127
163 174 125 13 49
241 8 15 202 133
4 227 224 52 229
119 17 210 158 7
181 46 146 85 103
101 32 168 43 135
226 66 196 245 142
148 195 9 185 127
163 174 125 13 49
241 8 15 202 133
4 227 224 52 229
119 17 210 158 7
181 46 146 85 103
26 217 74 110 131
101 32 168 43 135
226 66 196 245 142
148 195 9 185 127
163 174 125 13 49
241 8 15 202 133
4 227 224 52 229
119 17 210 158 7
181 46 146 85 103
26 217 74 110 131
189 153 140 97 111
101 32 168 43 135
226 66 196 245 142
148 195 9 185 127
163 174 125 13 49
241 8 15 202 133
4 227 224 52 229
119 17 210 158 7
181 46 146 85 103
26 217 74 110 131
189 153 140 97 111
212 44 220 73 176
101 32 168 43 135
226 66 196 245 142
148 195 9 185 127
163 174 125 13 49
241 8 15 202 133
4 227 224 52 229
119 17 210 158 7
181 46 146 85 103
26 217 74 110 131
189 153 140 97 111
212 44 220 73 176
156 186 37 83 2
101 32 168 43 135
226 66 196 245 142
148 195 9 185 127
163 174 125 13 49
241 8 15 202 133
4 227 224 52 229
119 17 210 158 7
181 46 146 85 103
26 217 74 110 131
189 153 140 97 111
212 44 220 73 176
156 186 37 83 2
23 93 121 92 55
101 32 168 43 135
226 66 196 245 142
148 195 9 185 127
163 174 125 13 49
241 8 15 202 133
4 227 224 52 229
119 17 210 158 7
181 46 146 85 103
26 217 74 110 131
189 153 140 97 111
212 44 220 73 176
156 186 37 83 2
23 93 121 92 55
20 10 216 28
101 32 168 43 135
226 66 196 245 142
148 195 9 185 127
163 174 125 13 49
241 8 15 202 133
4 227 224 52 229
119 17 210 158 7
181 46 146 85 103
26 217 74 110 131
189 153 140 97 111
212 44 220 73 176
156 186 37 83 2
23 93 121 92 55
20 10 216 28
38 42 68 67
101 32 168 43 135
226 66 196 245 142
148 195 9 185 127
163 174 125 13 49
241 8 15 202 133
4 227 224 52 229
119 17 210 158 7
181 46 146 85 103
26 217 74 110 131
189 153 140 97 111
212 44 220 73 176
156 186 37 83 2
23 93 121 92 55
20 10 216 28
38 42 68 67
77 244 5 41
101 32 168 43 135
226 66 196 245 142
148 195 9 185 127
163 174 125 13 49
241 8 15 202 133
4 227 224 52 229
119 17 210 158 7
181 46 146 85 103
26 217 74 110 131
189 153 140 97 111
212 44 220 73 176
156 186 37 83 2
23 93 121 92 55
20 10 216 28
38 42 68 67
77 244 5 41
150 223 11 0 29
101 32 168 43 135
226 66 196 245 142
148 195 9 185 127
163 174 125 13 49
241 8 15 202 133
4 227 224 52 229
119 17 210 158 7
181 46 146 85 103
26 217 74 110 131
189 153 140 97 111
212 44 220 73 176
156 186 37 83 2
23 93 121 92 55
20 10 216 28
38 42 68 67
77 244 5 41
150 223 11 0 29
3 180 219 239 171
101 32 168 43 135
226 66 196 245 142
148 195 9 185 127
163 174 125 13 49
241 8 15 202 133
4 227 224 52 229
119 17 210 158 7
181 46 146 85 103
26 217 74 110 131
189 153 140 97 111
212 44 220 73 176
156 186 37 83 2
23 93 121 92 55
20 10 216 28
38 42 68 67
77 244 5 41
150 223 11 0 29
3 180 219 239 171
246 143 59
101 32 168 43 135
226 66 196 245 142
148 195 9 185 127
163 174 125 13 49
241 8 15 202 133
4 227 224 52 229
119 17 210 158 7
181 46 146 85 103
26 217 74 110 131
189 153 140 97 111
212 44 220 73 176
156 186 37 83 2
23 93 121 92 55
20 10 216 28
38 42 68 67
77 244 5 41
150 223 11 0 29
3 180 219 239 171
246 143 59
157 177 235 165
101 32 168 43 135
226 66 196 245 142
148 195 9 185 127
163 174 125 13 49
241 8 15 202 133
4 227 224 52 229
119 17 210 158 7
181 46 146 85 103
26 217 74 110 131
189 153 140 97 111
212 44 220 73 176
156 186 37 83 2
23 93 121 92 55
20 10 216 28
38 42 68 67
77 244 5 41
150 223 11 0 29
3 180 219 239 171
246 143 59
157 177 235 165
58 154
101 32 168 43 135
226 66 196 245 142
148 195 9 185 127
163 174 125 13 49
241 8 15 202 133
4 227 224 52 229
119 17 210 158 7
181 46 146 85 103
26 217 74 110 131
189 153 140 97 111
212 44 220 73 176
156 186 37 83 2
23 93 121 92 55
20 10 216 28
38 42 68 67
77 244 5 41
150 223 11 0 29
3 180 219 239 171
246 143 59
157 177 235 165
58 154
192 78 234
101 32 168 43 135
226 66 196 245 142
148 195 9 185 127
163 174 125 13 49
241 8 15 202 133
4 227 224 52 229
119 17 210 158 7
181 46 146 85 103
26 217 74 110 131
189 153 140 97 111
212 44 220 73 176
156 186 37 83 2
23 93 121 92 55
20 10 216 28
38 42 68 67
77 244 5 41
150 223 11 0 29
3 180 219 239 171
246 143 59
157 177 235 165
58 154
192 78 234
187 113
101 32 168 43 135
226 66 196 245 142
148 195 9 185 127
163 174 125 13 49
241 8 15 202 133
4 227 224 52 229
119 17 210 158 7
181 46 146 85 103
26 217 74 110 131
189 153 140 97 111
212 44 220 73 176
156 186 37 83 2
23 93 121 92 55
20 10 216 28
38 42 68 67
77 244 5 41
150 223 11 0 29
3 180 219 239 171
246 143 59
157 177 235 165
58 154
192 78 234
187 113
56 63
101 32 168 43 135
226 66 196 245 142
148 195 9 185 127
163 174 125 13 49
241 8 15 202 133
4 227 224 52 229
119 17 210 158 7
181 46 146 85 103
26 217 74 110 131
189 153 140 97 111
212 44 220 73 176
156 186 37 83 2
23 93 121 92 55
20 10 216 28
38 42 68 67
77 244 5 41
150 223 11 0 29
3 180 219 239 171
246 143 59
157 177 235 165
58 154
192 78 234
187 113
56 63
183 70
101 32 168 43 135
226 66 196 245 142
148 195 9 185 127
163 174 125 13 49
241 8 15 202 133
4 227 224 52 229
119 17 210 158 7
181 46 146 85 103
26 217 74 110 131
189 153 140 97 111
212 44 220 73 176
156 186 37 83 2
23 93 121 92 55
20 10 216 28
38 42 68 67
77 244 5 41
150 223 11 0 29
3 180 219 239 171
246 143 59
157 177 235 165
58 154
192 78 234
187 113
56 63
183 70
200 18
101 32 168 43 135
226 66 196 245 142
148 195 9 185 127
163 174 125 13 49
241 8 15 202 133
4 227 224 52 229
119 17 210 158 7
181 46 146 85 103
26 217 74 110 131
189 153 140 97 111
212 44 220 73 176
156 186 37 83 2
23 93 121 92 55
20 10 216 28
38 42 68 67
77 244 5 41
150 223 11 0 29
3 180 219 239 171
246 143 59
157 177 235 165
58 154
192 78 234
187 113
56 63
183 70
200 18
22 50
101 32 168 43 135
226 66 196 245 142
148 195 9 185 127
163 174 125 13 49
241 8 15 202 133
4 227 224 52 229
119 17 210 158 7
181 46 146 85 103
26 217 74 110 131
189 153 140 97 111
212 44 220 73 176
156 186 37 83 2
23 93 121 92 55
20 10 216 28
38 42 68 67
77 244 5 41
150 223 11 0 29
3 180 219 239 171
246 143 59
157 177 235 165
58 154
192 78 234
187 113
56 63
183 70
200 18
22 50
238 188
