411 430 217 131 111
411 430 217 131 111
93 88 73 133 393
411 430 217 131 111
93 88 73 133 393
346 293 150 55 202
411 430 217 131 111
93 88 73 133 393
346 293 150 55 202
160 321 489 67 180
411 430 217 131 111
93 88 73 133 393
346 293 150 55 202
160 321 489 67 180
486 182 154 473 435
411 430 217 131 111
93 88 73 133 393
346 293 150 55 202
160 321 489 67 180
486 182 154 473 435
270 350 144 38 332
411 430 217 131 111
93 88 73 133 393
346 293 150 55 202
160 321 489 67 180
486 182 154 473 435
270 350 144 38 332
70 383 265 257 331
411 430 217 131 111
93 88 73 133 393
346 293 150 55 202
160 321 489 67 180
486 182 154 473 435
270 350 144 38 332
70 383 265 257 331
247 72 439 354 62
411 430 217 131 111
93 88 73 133 393
346 293 150 55 202
160 321 489 67 180
486 182 154 473 435
270 350 144 38 332
70 383 265 257 331
247 72 439 354 62
253 295 378 176 267
411 430 217 131 111
93 88 73 133 393
346 293 150 55 202
160 321 489 67 180
486 182 154 473 435
270 350 144 38 332
70 383 265 257 331
247 72 439 354 62
253 295 378 176 267
59 114 470 429 324
411 430 217 131 111
93 88 73 133 393
346 293 150 55 202
160 321 489 67 180
486 182 154 473 435
270 350 144 38 332
70 383 265 257 331
247 72 439 354 62
253 295 378 176 267
59 114 470 429 324
300 395 13 0 404
411 430 217 131 111
93 88 73 133 393
346 293 150 55 202
160 321 489 67 180
486 182 154 473 435
270 350 144 38 332
70 383 265 257 331
247 72 439 354 62
253 295 378 176 267
59 114 470 429 324
300 395 13 0 404
30 372 397 216 273
411 430 217 131 111
93 88 73 133 393
346 293 150 55 202
160 321 489 67 180
486 182 154 473 435
270 350 144 38 332
70 383 265 257 331
247 72 439 354 62
253 295 378 176 267
59 114 470 429 324
300 395 13 0 404
30 372 397 216 273
337 64 7 373 462
411 430 217 131 111
93 88 73 133 393
346 293 150 55 202
160 321 489 67 180
486 182 154 473 435
270 350 144 38 332
70 383 265 257 331
247 72 439 354 62
253 295 378 176 267
59 114 470 429 324
300 395 13 0 404
30 372 397 216 273
337 64 7 373 462
276 56 320 469 49
411 430 217 131 111
93 88 73 133 393
346 293 150 55 202
160 321 489 67 180
486 182 154 473 435
270 350 144 38 332
70 383 265 257 331
247 72 439 354 62
253 295 378 176 267
59 114 470 429 324
300 395 13 0 404
30 372 397 216 273
337 64 7 373 462
276 56 320 469 49
171 236 183 386 261
411 430 217 131 111
93 88 73 133 393
346 293 150 55 202
160 321 489 67 180
486 182 154 473 435
270 350 144 38 332
70 383 265 257 331
247 72 439 354 62
253 295 378 176 267
59 114 470 429 324
300 395 13 0 404
30 372 397 216 273
337 64 7 373 462
276 56 320 469 49
171 236 183 386 261
490 194 214 398 235
411 430 217 131 111
93 88 73 133 393
346 293 150 55 202
160 321 489 67 180
486 182 154 473 435
270 350 144 38 332
70 383 265 257 331
247 72 439 354 62
253 295 378 176 267
59 114 470 429 324
300 395 13 0 404
30 372 397 216 273
337 64 7 373 462
276 56 320 469 49
171 236 183 386 261
490 194 214 398 235
123 78 8 467 464
411 430 217 131 111
93 88 73 133 393
346 293 150 55 202
160 321 489 67 180
486 182 154 473 435
270 350 144 38 332
70 383 265 257 331
247 72 439 354 62
253 295 378 176 267
59 114 470 429 324
300 395 13 0 404
30 372 397 216 273
337 64 7 373 462
276 56 320 469 49
171 236 183 386 261
490 194 214 398 235
123 78 8 467 464
274 26 426 233 211
411 430 217 131 111
93 88 73 133 393
346 293 150 55 202
160 321 489 67 180
486 182 154 473 435
270 350 144 38 332
70 383 265 257 331
247 72 439 354 62
253 295 378 176 267
59 114 470 429 324
300 395 13 0 404
30 372 397 216 273
337 64 7 373 462
276 56 320 469 49
171 236 183 386 261
490 194 214 398 235
123 78 8 467 464
274 26 426 233 211
177 189 371 74 345
411 430 217 131 111
93 88 73 133 393
346 293 150 55 202
160 321 489 67 180
486 182 154 473 435
270 350 144 38 332
70 383 265 257 331
247 72 439 354 62
253 295 378 176 267
59 114 470 429 324
300 395 13 0 404
30 372 397 216 273
337 64 7 373 462
276 56 320 469 49
171 236 183 386 261
490 194 214 398 235
123 78 8 467 464
274 26 426 233 211
177 189 371 74 345
277 172 79 468 175
411 430 217 131 111
93 88 73 133 393
346 293 150 55 202
160 321 489 67 180
486 182 154 473 435
270 350 144 38 332
70 383 265 257 331
247 72 439 354 62
253 295 378 176 267
59 114 470 429 324
300 395 13 0 404
30 372 397 216 273
337 64 7 373 462
276 56 320 469 49
171 236 183 386 261
490 194 214 398 235
123 78 8 467 464
274 26 426 233 211
177 189 371 74 345
277 172 79 468 175
48 280 323 431 497
411 430 217 131 111
93 88 73 133 393
346 293 150 55 202
160 321 489 67 180
486 182 154 473 435
270 350 144 38 332
70 383 265 257 331
247 72 439 354 62
253 295 378 176 267
59 114 470 429 324
300 395 13 0 404
30 372 397 216 273
337 64 7 373 462
276 56 320 469 49
171 236 183 386 261
490 194 214 398 235
123 78 8 467 464
274 26 426 233 211
177 189 371 74 345
277 172 79 468 175
48 280 323 431 497
77 477 463 327 455
411 430 217 131 111
93 88 73 133 393
346 293 150 55 202
160 321 489 67 180
486 182 154 473 435
270 350 144 38 332
70 383 265 257 331
247 72 439 354 62
253 295 378 176 267
59 114 470 429 324
300 395 13 0 404
30 372 397 216 273
337 64 7 373 462
276 56 320 469 49
171 236 183 386 261
490 194 214 398 235
123 78 8 467 464
274 26 426 233 211
177 189 371 74 345
277 172 79 468 175
48 280 323 431 497
77 477 463 327 455
294 212 465 402 438
411 430 217 131 111
93 88 73 133 393
346 293 150 55 202
160 321 489 67 180
486 182 154 473 435
270 350 144 38 332
70 383 265 257 331
247 72 439 354 62
253 295 378 176 267
59 114 470 429 324
300 395 13 0 404
30 372 397 216 273
337 64 7 373 462
276 56 320 469 49
171 236 183 386 261
490 194 214 398 235
123 78 8 467 464
274 26 426 233 211
177 189 371 74 345
277 172 79 468 175
48 280 323 431 497
77 477 463 327 455
294 212 465 402 438
143 291 86 106 436
411 430 217 131 111
93 88 73 133 393
346 293 150 55 202
160 321 489 67 180
486 182 154 473 435
270 350 144 38 332
70 383 265 257 331
247 72 439 354 62
253 295 378 176 267
59 114 470 429 324
300 395 13 0 404
30 372 397 216 273
337 64 7 373 462
276 56 320 469 49
171 236 183 386 261
490 194 214 398 235
123 78 8 467 464
274 26 426 233 211
177 189 371 74 345
277 172 79 468 175
48 280 323 431 497
77 477 463 327 455
294 212 465 402 438
143 291 86 106 436
296 353 167 451 84
411 430 217 131 111
93 88 73 133 393
346 293 150 55 202
160 321 489 67 180
486 182 154 473 435
270 350 144 38 332
70 383 265 257 331
247 72 439 354 62
253 295 378 176 267
59 114 470 429 324
300 395 13 0 404
30 372 397 216 273
337 64 7 373 462
276 56 320 469 49
171 236 183 386 261
490 194 214 398 235
123 78 8 467 464
274 26 426 233 211
177 189 371 74 345
277 172 79 468 175
48 280 323 431 497
77 477 463 327 455
294 212 465 402 438
143 291 86 106 436
296 353 167 451 84
57 330 360 316 116
411 430 217 131 111
93 88 73 133 393
346 293 150 55 202
160 321 489 67 180
486 182 154 473 435
270 350 144 38 332
70 383 265 257 331
247 72 439 354 62
253 295 378 176 267
59 114 470 429 324
300 395 13 0 404
30 372 397 216 273
337 64 7 373 462
276 56 320 469 49
171 236 183 386 261
490 194 214 398 235
123 78 8 467 464
274 26 426 233 211
177 189 371 74 345
277 172 79 468 175
48 280 323 431 497
77 477 463 327 455
294 212 465 402 438
143 291 86 106 436
296 353 167 451 84
57 330 360 316 116
76 445 95 229 96
411 430 217 131 111
93 88 73 133 393
346 293 150 55 202
160 321 489 67 180
486 182 154 473 435
270 350 144 38 332
70 383 265 257 331
247 72 439 354 62
253 295 378 176 267
59 114 470 429 324
300 395 13 0 404
30 372 397 216 273
337 64 7 373 462
276 56 320 469 49
171 236 183 386 261
490 194 214 398 235
123 78 8 467 464
274 26 426 233 211
177 189 371 74 345
277 172 79 468 175
48 280 323 431 497
77 477 463 327 455
294 212 465 402 438
143 291 86 106 436
296 353 167 451 84
57 330 360 316 116
76 445 95 229 96
254 328 163 210 449
411 430 217 131 111
93 88 73 133 393
346 293 150 55 202
160 321 489 67 180
486 182 154 473 435
270 350 144 38 332
70 383 265 257 331
247 72 439 354 62
253 295 378 176 267
59 114 470 429 324
300 395 13 0 404
30 372 397 216 273
337 64 7 373 462
276 56 320 469 49
171 236 183 386 261
490 194 214 398 235
123 78 8 467 464
274 26 426 233 211
177 189 371 74 345
277 172 79 468 175
48 280 323 431 497
77 477 463 327 455
294 212 465 402 438
143 291 86 106 436
296 353 167 451 84
57 330 360 316 116
76 445 95 229 96
254 328 163 210 449
349 209 12 213 225
411 430 217 131 111
93 88 73 133 393
346 293 150 55 202
160 321 489 67 180
486 182 154 473 435
270 350 144 38 332
70 383 265 257 331
247 72 439 354 62
253 295 378 176 267
59 114 470 429 324
300 395 13 0 404
30 372 397 216 273
337 64 7 373 462
276 56 320 469 49
171 236 183 386 261
490 194 214 398 235
123 78 8 467 464
274 26 426 233 211
177 189 371 74 345
277 172 79 468 175
48 280 323 431 497
77 477 463 327 455
294 212 465 402 438
143 291 86 106 436
296 353 167 451 84
57 330 360 316 116
76 445 95 229 96
254 328 163 210 449
349 209 12 213 225
433 51 130 312 90
411 430 217 131 111
93 88 73 133 393
346 293 150 55 202
160 321 489 67 180
486 182 154 473 435
270 350 144 38 332
70 383 265 257 331
247 72 439 354 62
253 295 378 176 267
59 114 470 429 324
300 395 13 0 404
30 372 397 216 273
337 64 7 373 462
276 56 320 469 49
171 236 183 386 261
490 194 214 398 235
123 78 8 467 464
274 26 426 233 211
177 189 371 74 345
277 172 79 468 175
48 280 323 431 497
77 477 463 327 455
294 212 465 402 438
143 291 86 106 436
296 353 167 451 84
57 330 360 316 116
76 445 95 229 96
254 328 163 210 449
349 209 12 213 225
433 51 130 312 90
204 185 215 325 188
411 430 217 131 111
93 88 73 133 393
346 293 150 55 202
160 321 489 67 180
486 182 154 473 435
270 350 144 38 332
70 383 265 257 331
247 72 439 354 62
253 295 378 176 267
59 114 470 429 324
300 395 13 0 404
30 372 397 216 273
337 64 7 373 462
276 56 320 469 49
171 236 183 386 261
490 194 214 398 235
123 78 8 467 464
274 26 426 233 211
177 189 371 74 345
277 172 79 468 175
48 280 323 431 497
77 477 463 327 455
294 212 465 402 438
143 291 86 106 436
296 353 167 451 84
57 330 360 316 116
76 445 95 229 96
254 328 163 210 449
349 209 12 213 225
433 51 130 312 90
204 185 215 325 188
329 186 41 459 169
411 430 217 131 111
93 88 73 133 393
346 293 150 55 202
160 321 489 67 180
486 182 154 473 435
270 350 144 38 332
70 383 265 257 331
247 72 439 354 62
253 295 378 176 267
59 114 470 429 324
300 395 13 0 404
30 372 397 216 273
337 64 7 373 462
276 56 320 469 49
171 236 183 386 261
490 194 214 398 235
123 78 8 467 464
274 26 426 233 211
177 189 371 74 345
277 172 79 468 175
48 280 323 431 497
77 477 463 327 455
294 212 465 402 438
143 291 86 106 436
296 353 167 451 84
57 330 360 316 116
76 445 95 229 96
254 328 163 210 449
349 209 12 213 225
433 51 130 312 90
204 185 215 325 188
329 186 41 459 169
231 474 414 299 491
411 430 217 131 111
93 88 73 133 393
346 293 150 55 202
160 321 489 67 180
486 182 154 473 435
270 350 144 38 332
70 383 265 257 331
247 72 439 354 62
253 295 378 176 267
59 114 470 429 324
300 395 13 0 404
30 372 397 216 273
337 64 7 373 462
276 56 320 469 49
171 236 183 386 261
490 194 214 398 235
123 78 8 467 464
274 26 426 233 211
177 189 371 74 345
277 172 79 468 175
48 280 323 431 497
77 477 463 327 455
294 212 465 402 438
143 291 86 106 436
296 353 167 451 84
57 330 360 316 116
76 445 95 229 96
254 328 163 210 449
349 209 12 213 225
433 51 130 312 90
204 185 215 325 188
329 186 41 459 169
231 474 414 299 491
6 335 156 352 92
411 430 217 131 111
93 88 73 133 393
346 293 150 55 202
160 321 489 67 180
486 182 154 473 435
270 350 144 38 332
70 383 265 257 331
247 72 439 354 62
253 295 378 176 267
59 114 470 429 324
300 395 13 0 404
30 372 397 216 273
337 64 7 373 462
276 56 320 469 49
171 236 183 386 261
490 194 214 398 235
123 78 8 467 464
274 26 426 233 211
177 189 371 74 345
277 172 79 468 175
48 280 323 431 497
77 477 463 327 455
294 212 465 402 438
143 291 86 106 436
296 353 167 451 84
57 330 360 316 116
76 445 95 229 96
254 328 163 210 449
349 209 12 213 225
433 51 130 312 90
204 185 215 325 188
329 186 41 459 169
231 474 414 299 491
6 335 156 352 92
184 339 326 230 3
411 430 217 131 111
93 88 73 133 393
346 293 150 55 202
160 321 489 67 180
486 182 154 473 435
270 350 144 38 332
70 383 265 257 331
247 72 439 354 62
253 295 378 176 267
59 114 470 429 324
300 395 13 0 404
30 372 397 216 273
337 64 7 373 462
276 56 320 469 49
171 236 183 386 261
490 194 214 398 235
123 78 8 467 464
274 26 426 233 211
177 189 371 74 345
277 172 79 468 175
48 280 323 431 497
77 477 463 327 455
294 212 465 402 438
143 291 86 106 436
296 353 167 451 84
57 330 360 316 116
76 445 95 229 96
254 328 163 210 449
349 209 12 213 225
433 51 130 312 90
204 185 215 325 188
329 186 41 459 169
231 474 414 299 491
6 335 156 352 92
184 339 326 230 3
374 110 221 264 54
411 430 217 131 111
93 88 73 133 393
346 293 150 55 202
160 321 489 67 180
486 182 154 473 435
270 350 144 38 332
70 383 265 257 331
247 72 439 354 62
253 295 378 176 267
59 114 470 429 324
300 395 13 0 404
30 372 397 216 273
337 64 7 373 462
276 56 320 469 49
171 236 183 386 261
490 194 214 398 235
123 78 8 467 464
274 26 426 233 211
177 189 371 74 345
277 172 79 468 175
48 280 323 431 497
77 477 463 327 455
294 212 465 402 438
143 291 86 106 436
296 353 167 451 84
57 330 360 316 116
76 445 95 229 96
254 328 163 210 449
349 209 12 213 225
433 51 130 312 90
204 185 215 325 188
329 186 41 459 169
231 474 414 299 491
6 335 156 352 92
184 339 326 230 3
374 110 221 264 54
322 226 83 425 197
411 430 217 131 111
93 88 73 133 393
346 293 150 55 202
160 321 489 67 180
486 182 154 473 435
270 350 144 38 332
70 383 265 257 331
247 72 439 354 62
253 295 378 176 267
59 114 470 429 324
300 395 13 0 404
30 372 397 216 273
337 64 7 373 462
276 56 320 469 49
171 236 183 386 261
490 194 214 398 235
123 78 8 467 464
274 26 426 233 211
177 189 371 74 345
277 172 79 468 175
48 280 323 431 497
77 477 463 327 455
294 212 465 402 438
143 291 86 106 436
296 353 167 451 84
57 330 360 316 116
76 445 95 229 96
254 328 163 210 449
349 209 12 213 225
433 51 130 312 90
204 185 215 325 188
329 186 41 459 169
231 474 414 299 491
6 335 156 352 92
184 339 326 230 3
374 110 221 264 54
322 226 83 425 197
2 400 403 164 418
411 430 217 131 111
93 88 73 133 393
346 293 150 55 202
160 321 489 67 180
486 182 154 473 435
270 350 144 38 332
70 383 265 257 331
247 72 439 354 62
253 295 378 176 267
59 114 470 429 324
300 395 13 0 404
30 372 397 216 273
337 64 7 373 462
276 56 320 469 49
171 236 183 386 261
490 194 214 398 235
123 78 8 467 464
274 26 426 233 211
177 189 371 74 345
277 172 79 468 175
48 280 323 431 497
77 477 463 327 455
294 212 465 402 438
143 291 86 106 436
296 353 167 451 84
57 330 360 316 116
76 445 95 229 96
254 328 163 210 449
349 209 12 213 225
433 51 130 312 90
204 185 215 325 188
329 186 41 459 169
231 474 414 299 491
6 335 156 352 92
184 339 326 230 3
374 110 221 264 54
322 226 83 425 197
2 400 403 164 418
416 159 103 422 399
411 430 217 131 111
93 88 73 133 393
346 293 150 55 202
160 321 489 67 180
486 182 154 473 435
270 350 144 38 332
70 383 265 257 331
247 72 439 354 62
253 295 378 176 267
59 114 470 429 324
300 395 13 0 404
30 372 397 216 273
337 64 7 373 462
276 56 320 469 49
171 236 183 386 261
490 194 214 398 235
123 78 8 467 464
274 26 426 233 211
177 189 371 74 345
277 172 79 468 175
48 280 323 431 497
77 477 463 327 455
294 212 465 402 438
143 291 86 106 436
296 353 167 451 84
57 330 360 316 116
76 445 95 229 96
254 328 163 210 449
349 209 12 213 225
433 51 130 312 90
204 185 215 325 188
329 186 41 459 169
231 474 414 299 491
6 335 156 352 92
184 339 326 230 3
374 110 221 264 54
322 226 83 425 197
2 400 403 164 418
416 159 103 422 399
122 389 18 266 132
411 430 217 131 111
93 88 73 133 393
346 293 150 55 202
160 321 489 67 180
486 182 154 473 435
270 350 144 38 332
70 383 265 257 331
247 72 439 354 62
253 295 378 176 267
59 114 470 429 324
300 395 13 0 404
30 372 397 216 273
337 64 7 373 462
276 56 320 469 49
171 236 183 386 261
490 194 214 398 235
123 78 8 467 464
274 26 426 233 211
177 189 371 74 345
277 172 79 468 175
48 280 323 431 497
77 477 463 327 455
294 212 465 402 438
143 291 86 106 436
296 353 167 451 84
57 330 360 316 116
76 445 95 229 96
254 328 163 210 449
349 209 12 213 225
433 51 130 312 90
204 185 215 325 188
329 186 41 459 169
231 474 414 299 491
6 335 156 352 92
184 339 326 230 3
374 110 221 264 54
322 226 83 425 197
2 400 403 164 418
416 159 103 422 399
122 389 18 266 132
492 94 124 178 75
411 430 217 131 111
93 88 73 133 393
346 293 150 55 202
160 321 489 67 180
486 182 154 473 435
270 350 144 38 332
70 383 265 257 331
247 72 439 354 62
253 295 378 176 267
59 114 470 429 324
300 395 13 0 404
30 372 397 216 273
337 64 7 373 462
276 56 320 469 49
171 236 183 386 261
490 194 214 398 235
123 78 8 467 464
274 26 426 233 211
177 189 371 74 345
277 172 79 468 175
48 280 323 431 497
77 477 463 327 455
294 212 465 402 438
143 291 86 106 436
296 353 167 451 84
57 330 360 316 116
76 445 95 229 96
254 328 163 210 449
349 209 12 213 225
433 51 130 312 90
204 185 215 325 188
329 186 41 459 169
231 474 414 299 491
6 335 156 352 92
184 339 326 230 3
374 110 221 264 54
322 226 83 425 197
2 400 403 164 418
416 159 103 422 399
122 389 18 266 132
492 94 124 178 75
19 157 218 271 348
411 430 217 131 111
93 88 73 133 393
346 293 150 55 202
160 321 489 67 180
486 182 154 473 435
270 350 144 38 332
70 383 265 257 331
247 72 439 354 62
253 295 378 176 267
59 114 470 429 324
300 395 13 0 404
30 372 397 216 273
337 64 7 373 462
276 56 320 469 49
171 236 183 386 261
490 194 214 398 235
123 78 8 467 464
274 26 426 233 211
177 189 371 74 345
277 172 79 468 175
48 280 323 431 497
77 477 463 327 455
294 212 465 402 438
143 291 86 106 436
296 353 167 451 84
57 330 360 316 116
76 445 95 229 96
254 328 163 210 449
349 209 12 213 225
433 51 130 312 90
204 185 215 325 188
329 186 41 459 169
231 474 414 299 491
6 335 156 352 92
184 339 326 230 3
374 110 221 264 54
322 226 83 425 197
2 400 403 164 418
416 159 103 422 399
122 389 18 266 132
492 94 124 178 75
19 157 218 271 348
479 297 23 85 196
411 430 217 131 111
93 88 73 133 393
346 293 150 55 202
160 321 489 67 180
486 182 154 473 435
270 350 144 38 332
70 383 265 257 331
247 72 439 354 62
253 295 378 176 267
59 114 470 429 324
300 395 13 0 404
30 372 397 216 273
337 64 7 373 462
276 56 320 469 49
171 236 183 386 261
490 194 214 398 235
123 78 8 467 464
274 26 426 233 211
177 189 371 74 345
277 172 79 468 175
48 280 323 431 497
77 477 463 327 455
294 212 465 402 438
143 291 86 106 436
296 353 167 451 84
57 330 360 316 116
76 445 95 229 96
254 328 163 210 449
349 209 12 213 225
433 51 130 312 90
204 185 215 325 188
329 186 41 459 169
231 474 414 299 491
6 335 156 352 92
184 339 326 230 3
374 110 221 264 54
322 226 83 425 197
2 400 403 164 418
416 159 103 422 399
122 389 18 266 132
492 94 124 178 75
19 157 218 271 348
479 297 23 85 196
263 471 138 310 382
411 430 217 131 111
93 88 73 133 393
346 293 150 55 202
160 321 489 67 180
486 182 154 473 435
270 350 144 38 332
70 383 265 257 331
247 72 439 354 62
253 295 378 176 267
59 114 470 429 324
300 395 13 0 404
30 372 397 216 273
337 64 7 373 462
276 56 320 469 49
171 236 183 386 261
490 194 214 398 235
123 78 8 467 464
274 26 426 233 211
177 189 371 74 345
277 172 79 468 175
48 280 323 431 497
77 477 463 327 455
294 212 465 402 438
143 291 86 106 436
296 353 167 451 84
57 330 360 316 116
76 445 95 229 96
254 328 163 210 449
349 209 12 213 225
433 51 130 312 90
204 185 215 325 188
329 186 41 459 169
231 474 414 299 491
6 335 156 352 92
184 339 326 230 3
374 110 221 264 54
322 226 83 425 197
2 400 403 164 418
416 159 103 422 399
122 389 18 266 132
492 94 124 178 75
19 157 218 271 348
479 297 23 85 196
263 471 138 310 382
370 376 243 437 9
411 430 217 131 111
93 88 73 133 393
346 293 150 55 202
160 321 489 67 180
486 182 154 473 435
270 350 144 38 332
70 383 265 257 331
247 72 439 354 62
253 295 378 176 267
59 114 470 429 324
300 395 13 0 404
30 372 397 216 273
337 64 7 373 462
276 56 320 469 49
171 236 183 386 261
490 194 214 398 235
123 78 8 467 464
274 26 426 233 211
177 189 371 74 345
277 172 79 468 175
48 280 323 431 497
77 477 463 327 455
294 212 465 402 438
143 291 86 106 436
296 353 167 451 84
57 330 360 316 116
76 445 95 229 96
254 328 163 210 449
349 209 12 213 225
433 51 130 312 90
204 185 215 325 188
329 186 41 459 169
231 474 414 299 491
6 335 156 352 92
184 339 326 230 3
374 110 221 264 54
322 226 83 425 197
2 400 403 164 418
416 159 103 422 399
122 389 18 266 132
492 94 124 178 75
19 157 218 271 348
479 297 23 85 196
263 471 138 310 382
370 376 243 437 9
162 21 58 412 61
411 430 217 131 111
93 88 73 133 393
346 293 150 55 202
160 321 489 67 180
486 182 154 473 435
270 350 144 38 332
70 383 265 257 331
247 72 439 354 62
253 295 378 176 267
59 114 470 429 324
300 395 13 0 404
30 372 397 216 273
337 64 7 373 462
276 56 320 469 49
171 236 183 386 261
490 194 214 398 235
123 78 8 467 464
274 26 426 233 211
177 189 371 74 345
277 172 79 468 175
48 280 323 431 497
77 477 463 327 455
294 212 465 402 438
143 291 86 106 436
296 353 167 451 84
57 330 360 316 116
76 445 95 229 96
254 328 163 210 449
349 209 12 213 225
433 51 130 312 90
204 185 215 325 188
329 186 41 459 169
231 474 414 299 491
6 335 156 352 92
184 339 326 230 3
374 110 221 264 54
322 226 83 425 197
2 400 403 164 418
416 159 103 422 399
122 389 18 266 132
492 94 124 178 75
19 157 218 271 348
479 297 23 85 196
263 471 138 310 382
370 376 243 437 9
162 21 58 412 61
179 14 69 112 284
411 430 217 131 111
93 88 73 133 393
346 293 150 55 202
160 321 489 67 180
486 182 154 473 435
270 350 144 38 332
70 383 265 257 331
247 72 439 354 62
253 295 378 176 267
59 114 470 429 324
300 395 13 0 404
30 372 397 216 273
337 64 7 373 462
276 56 320 469 49
171 236 183 386 261
490 194 214 398 235
123 78 8 467 464
274 26 426 233 211
177 189 371 74 345
277 172 79 468 175
48 280 323 431 497
77 477 463 327 455
294 212 465 402 438
143 291 86 106 436
296 353 167 451 84
57 330 360 316 116
76 445 95 229 96
254 328 163 210 449
349 209 12 213 225
433 51 130 312 90
204 185 215 325 188
329 186 41 459 169
231 474 414 299 491
6 335 156 352 92
184 339 326 230 3
374 110 221 264 54
322 226 83 425 197
2 400 403 164 418
416 159 103 422 399
122 389 18 266 132
492 94 124 178 75
19 157 218 271 348
479 297 23 85 196
263 471 138 310 382
370 376 243 437 9
162 21 58 412 61
179 14 69 112 284
174 47 151 115 317
411 430 217 131 111
93 88 73 133 393
346 293 150 55 202
160 321 489 67 180
486 182 154 473 435
270 350 144 38 332
70 383 265 257 331
247 72 439 354 62
253 295 378 176 267
59 114 470 429 324
300 395 13 0 404
30 372 397 216 273
337 64 7 373 462
276 56 320 469 49
171 236 183 386 261
490 194 214 398 235
123 78 8 467 464
274 26 426 233 211
177 189 371 74 345
277 172 79 468 175
48 280 323 431 497
77 477 463 327 455
294 212 465 402 438
143 291 86 106 436
296 353 167 451 84
57 330 360 316 116
76 445 95 229 96
254 328 163 210 449
349 209 12 213 225
433 51 130 312 90
204 185 215 325 188
329 186 41 459 169
231 474 414 299 491
6 335 156 352 92
184 339 326 230 3
374 110 221 264 54
322 226 83 425 197
2 400 403 164 418
416 159 103 422 399
122 389 18 266 132
492 94 124 178 75
19 157 218 271 348
479 297 23 85 196
263 471 138 310 382
370 376 243 437 9
162 21 58 412 61
179 14 69 112 284
174 47 151 115 317
454 40 318 205 428
411 430 217 131 111
93 88 73 133 393
346 293 150 55 202
160 321 489 67 180
486 182 154 473 435
270 350 144 38 332
70 383 265 257 331
247 72 439 354 62
253 295 378 176 267
59 114 470 429 324
300 395 13 0 404
30 372 397 216 273
337 64 7 373 462
276 56 320 469 49
171 236 183 386 261
490 194 214 398 235
123 78 8 467 464
274 26 426 233 211
177 189 371 74 345
277 172 79 468 175
48 280 323 431 497
77 477 463 327 455
294 212 465 402 438
143 291 86 106 436
296 353 167 451 84
57 330 360 316 116
76 445 95 229 96
254 328 163 210 449
349 209 12 213 225
433 51 130 312 90
204 185 215 325 188
329 186 41 459 169
231 474 414 299 491
6 335 156 352 92
184 339 326 230 3
374 110 221 264 54
322 226 83 425 197
2 400 403 164 418
416 159 103 422 399
122 389 18 266 132
492 94 124 178 75
19 157 218 271 348
479 297 23 85 196
263 471 138 310 382
370 376 243 437 9
162 21 58 412 61
179 14 69 112 284
174 47 151 115 317
454 40 318 205 428
228 453 452 200 302
