90 436 398 1 288
342 453 55 496 278
317 140 444 284 311
153 130 320 219 348
123 429 378 472 400
272 72 476 414 47
230 260 151 434 470
218 291 452 484 160
377 105 431 326 442
118 252 183 467 134
114 82 116 449 404
412 86 305 432 159
103 353 253 139 31
471 3 24 112 396
358 393 180 168 213
371 148 304 48 286
125 176 273 5 336
149 312 303 93 464
13 392 397 487 51
350 386 461 265 420
302 80 424 146 448
66 308 462 74 372
451 425 294 354 435
106 422 315 454 171
85 152 131 344 459
480 494 266 458 216
263 64 324 439 197
132 382 310 293 135
236 275 351 254 62
401 157 192 456 463
402 277 493 261 111
190 19 120 323 318
495 394 113 322 406
418 450 225 173 488
417 298 391 430 343
256 340 440 389 184
196 143 281 388 49
362 32 438 6 380
57 204 313 421 259
186 244 385 268 250
489 395 411 233 352
474 373 241 446 479
423 280 299 482 333
54 428 199 147
498 427 221 115
419 108 187 144
407 67 53 376
384 99 164
205 330 485
228 206 91
89 300
465 441
154 172
361 490
455 163
