240 241 242 243 244
240 241 242 243 244
160 161 162 163 164
240 241 242 243 244
160 161 162 163 164
280 281 282 283 284
240 241 242 243 244
160 161 162 163 164
280 281 282 283 284
260 261 262 263 264
240 241 242 243 244
160 161 162 163 164
280 281 282 283 284
260 261 262 263 264
480 481 482 483 484
240 241 242 243 244
160 161 162 163 164
280 281 282 283 284
260 261 262 263 264
480 481 482 483 484
220 221 222 223 224
240 241 242 243 244
160 161 162 163 164
280 281 282 283 284
260 261 262 263 264
480 481 482 483 484
220 221 222 223 224
200 201 202 203 204
240 241 242 243 244
160 161 162 163 164
280 281 282 283 284
260 261 262 263 264
480 481 482 483 484
220 221 222 223 224
200 201 202 203 204
180 181 182 183 184
240 241 242 243 244
160 161 162 163 164
280 281 282 283 284
260 261 262 263 264
480 481 482 483 484
220 221 222 223 224
200 201 202 203 204
180 181 182 183 184
140 141 142 143 144
240 241 242 243 244
160 161 162 163 164
280 281 282 283 284
260 261 262 263 264
480 481 482 483 484
220 221 222 223 224
200 201 202 203 204
180 181 182 183 184
140 141 142 143 144
320 321 322 323 324
240 241 242 243 244
160 161 162 163 164
280 281 282 283 284
260 261 262 263 264
480 481 482 483 484
220 221 222 223 224
200 201 202 203 204
180 181 182 183 184
140 141 142 143 144
320 321 322 323 324
120 121 122 123 124
240 241 242 243 244
160 161 162 163 164
280 281 282 283 284
260 261 262 263 264
480 481 482 483 484
220 221 222 223 224
200 201 202 203 204
180 181 182 183 184
140 141 142 143 144
320 321 322 323 324
120 121 122 123 124
100 101 102 103 104
240 241 242 243 244
160 161 162 163 164
280 281 282 283 284
260 261 262 263 264
480 481 482 483 484
220 221 222 223 224
200 201 202 203 204
180 181 182 183 184
140 141 142 143 144
320 321 322 323 324
120 121 122 123 124
100 101 102 103 104
80 81 82 83 84
240 241 242 243 244
160 161 162 163 164
280 281 282 283 284
260 261 262 263 264
480 481 482 483 484
220 221 222 223 224
200 201 202 203 204
180 181 182 183 184
140 141 142 143 144
320 321 322 323 324
120 121 122 123 124
100 101 102 103 104
80 81 82 83 84
60 61 62 63 64
240 241 242 243 244
160 161 162 163 164
280 281 282 283 284
260 261 262 263 264
480 481 482 483 484
220 221 222 223 224
200 201 202 203 204
180 181 182 183 184
140 141 142 143 144
320 321 322 323 324
120 121 122 123 124
100 101 102 103 104
80 81 82 83 84
60 61 62 63 64
40 41 42 43 44
240 241 242 243 244
160 161 162 163 164
280 281 282 283 284
260 261 262 263 264
480 481 482 483 484
220 221 222 223 224
200 201 202 203 204
180 181 182 183 184
140 141 142 143 144
320 321 322 323 324
120 121 122 123 124
100 101 102 103 104
80 81 82 83 84
60 61 62 63 64
40 41 42 43 44
20 21 22 23 24
240 241 242 243 244
160 161 162 163 164
280 281 282 283 284
260 261 262 263 264
480 481 482 483 484
220 221 222 223 224
200 201 202 203 204
180 181 182 183 184
140 141 142 143 144
320 321 322 323 324
120 121 122 123 124
100 101 102 103 104
80 81 82 83 84
60 61 62 63 64
40 41 42 43 44
20 21 22 23 24
300 301 302 303 304
240 241 242 243 244
160 161 162 163 164
280 281 282 283 284
260 261 262 263 264
480 481 482 483 484
220 221 222 223 224
200 201 202 203 204
180 181 182 183 184
140 141 142 143 144
320 321 322 323 324
120 121 122 123 124
100 101 102 103 104
80 81 82 83 84
60 61 62 63 64
40 41 42 43 44
20 21 22 23 24
300 301 302 303 304
0 1 2 3 4
240 241 242 243 244
160 161 162 163 164
280 281 282 283 284
260 261 262 263 264
480 481 482 483 484
220 221 222 223 224
200 201 202 203 204
180 181 182 183 184
140 141 142 143 144
320 321 322 323 324
120 121 122 123 124
100 101 102 103 104
80 81 82 83 84
60 61 62 63 64
40 41 42 43 44
20 21 22 23 24
300 301 302 303 304
0 1 2 3 4
420 421 422 423 424
240 241 242 243 244
160 161 162 163 164
280 281 282 283 284
260 261 262 263 264
480 481 482 483 484
220 221 222 223 224
200 201 202 203 204
180 181 182 183 184
140 141 142 143 144
320 321 322 323 324
120 121 122 123 124
100 101 102 103 104
80 81 82 83 84
60 61 62 63 64
40 41 42 43 44
20 21 22 23 24
300 301 302 303 304
0 1 2 3 4
420 421 422 423 424
380 381 382 383 384
240 241 242 243 244
160 161 162 163 164
280 281 282 283 284
260 261 262 263 264
480 481 482 483 484
220 221 222 223 224
200 201 202 203 204
180 181 182 183 184
140 141 142 143 144
320 321 322 323 324
120 121 122 123 124
100 101 102 103 104
80 81 82 83 84
60 61 62 63 64
40 41 42 43 44
20 21 22 23 24
300 301 302 303 304
0 1 2 3 4
420 421 422 423 424
380 381 382 383 384
340 341 342 343 344
240 241 242 243 244
160 161 162 163 164
280 281 282 283 284
260 261 262 263 264
480 481 482 483 484
220 221 222 223 224
200 201 202 203 204
180 181 182 183 184
140 141 142 143 144
320 321 322 323 324
120 121 122 123 124
100 101 102 103 104
80 81 82 83 84
60 61 62 63 64
40 41 42 43 44
20 21 22 23 24
300 301 302 303 304
0 1 2 3 4
420 421 422 423 424
380 381 382 383 384
340 341 342 343 344
400 401 402 403 404
240 241 242 243 244
160 161 162 163 164
280 281 282 283 284
260 261 262 263 264
480 481 482 483 484
220 221 222 223 224
200 201 202 203 204
180 181 182 183 184
140 141 142 143 144
320 321 322 323 324
120 121 122 123 124
100 101 102 103 104
80 81 82 83 84
60 61 62 63 64
40 41 42 43 44
20 21 22 23 24
300 301 302 303 304
0 1 2 3 4
420 421 422 423 424
380 381 382 383 384
340 341 342 343 344
400 401 402 403 404
460 461 462 463 464
240 241 242 243 244
160 161 162 163 164
280 281 282 283 284
260 261 262 263 264
480 481 482 483 484
220 221 222 223 224
200 201 202 203 204
180 181 182 183 184
140 141 142 143 144
320 321 322 323 324
120 121 122 123 124
100 101 102 103 104
80 81 82 83 84
60 61 62 63 64
40 41 42 43 44
20 21 22 23 24
300 301 302 303 304
0 1 2 3 4
420 421 422 423 424
380 381 382 383 384
340 341 342 343 344
400 401 402 403 404
460 461 462 463 464
360 361 362 363 364
240 241 242 243 244
160 161 162 163 164
280 281 282 283 284
260 261 262 263 264
480 481 482 483 484
220 221 222 223 224
200 201 202 203 204
180 181 182 183 184
140 141 142 143 144
320 321 322 323 324
120 121 122 123 124
100 101 102 103 104
80 81 82 83 84
60 61 62 63 64
40 41 42 43 44
20 21 22 23 24
300 301 302 303 304
0 1 2 3 4
420 421 422 423 424
380 381 382 383 384
340 341 342 343 344
400 401 402 403 404
460 461 462 463 464
360 361 362 363 364
440 441 442 443 444
