146 334 106 321 255
146 334 106 321 255
17 414 73 143
146 334 106 321 255
17 414 73 143
147 10 326 222 181
146 334 106 321 255
17 414 73 143
147 10 326 222 181
407 291 456 220 352
146 334 106 321 255
17 414 73 143
147 10 326 222 181
407 291 456 220 352
241 58 109 446 47
146 334 106 321 255
17 414 73 143
147 10 326 222 181
407 291 456 220 352
241 58 109 446 47
437 389 264 6 11
146 334 106 321 255
17 414 73 143
147 10 326 222 181
407 291 456 220 352
241 58 109 446 47
437 389 264 6 11
2 141 203 418
146 334 106 321 255
17 414 73 143
147 10 326 222 181
407 291 456 220 352
241 58 109 446 47
437 389 264 6 11
2 141 203 418
209 16 278
146 334 106 321 255
17 414 73 143
147 10 326 222 181
407 291 456 220 352
241 58 109 446 47
437 389 264 6 11
2 141 203 418
209 16 278
69 402 465 322
146 334 106 321 255
17 414 73 143
147 10 326 222 181
407 291 456 220 352
241 58 109 446 47
437 389 264 6 11
2 141 203 418
209 16 278
69 402 465 322
196 129 383
146 334 106 321 255
17 414 73 143
147 10 326 222 181
407 291 456 220 352
241 58 109 446 47
437 389 264 6 11
2 141 203 418
209 16 278
69 402 465 322
196 129 383
132 385 53
146 334 106 321 255
17 414 73 143
147 10 326 222 181
407 291 456 220 352
241 58 109 446 47
437 389 264 6 11
2 141 203 418
209 16 278
69 402 465 322
196 129 383
132 385 53
350 469 166
146 334 106 321 255
17 414 73 143
147 10 326 222 181
407 291 456 220 352
241 58 109 446 47
437 389 264 6 11
2 141 203 418
209 16 278
69 402 465 322
196 129 383
132 385 53
350 469 166
113 84 454
146 334 106 321 255
17 414 73 143
147 10 326 222 181
407 291 456 220 352
241 58 109 446 47
437 389 264 6 11
2 141 203 418
209 16 278
69 402 465 322
196 129 383
132 385 53
350 469 166
113 84 454
486 444 455
146 334 106 321 255
17 414 73 143
147 10 326 222 181
407 291 456 220 352
241 58 109 446 47
437 389 264 6 11
2 141 203 418
209 16 278
69 402 465 322
196 129 383
132 385 53
350 469 166
113 84 454
486 444 455
82 243
146 334 106 321 255
17 414 73 143
147 10 326 222 181
407 291 456 220 352
241 58 109 446 47
437 389 264 6 11
2 141 203 418
209 16 278
69 402 465 322
196 129 383
132 385 53
350 469 166
113 84 454
486 444 455
82 243
349 107 431
146 334 106 321 255
17 414 73 143
147 10 326 222 181
407 291 456 220 352
241 58 109 446 47
437 389 264 6 11
2 141 203 418
209 16 278
69 402 465 322
196 129 383
132 385 53
350 469 166
113 84 454
486 444 455
82 243
349 107 431
261 300 425
146 334 106 321 255
17 414 73 143
147 10 326 222 181
407 291 456 220 352
241 58 109 446 47
437 389 264 6 11
2 141 203 418
209 16 278
69 402 465 322
196 129 383
132 385 53
350 469 166
113 84 454
486 444 455
82 243
349 107 431
261 300 425
419 293
146 334 106 321 255
17 414 73 143
147 10 326 222 181
407 291 456 220 352
241 58 109 446 47
437 389 264 6 11
2 141 203 418
209 16 278
69 402 465 322
196 129 383
132 385 53
350 469 166
113 84 454
486 444 455
82 243
349 107 431
261 300 425
419 293
87 5
146 334 106 321 255
17 414 73 143
147 10 326 222 181
407 291 456 220 352
241 58 109 446 47
437 389 264 6 11
2 141 203 418
209 16 278
69 402 465 322
196 129 383
132 385 53
350 469 166
113 84 454
486 444 455
82 243
349 107 431
261 300 425
419 293
87 5
101 30
146 334 106 321 255
17 414 73 143
147 10 326 222 181
407 291 456 220 352
241 58 109 446 47
437 389 264 6 11
2 141 203 418
209 16 278
69 402 465 322
196 129 383
132 385 53
350 469 166
113 84 454
486 444 455
82 243
349 107 431
261 300 425
419 293
87 5
101 30
412 303
146 334 106 321 255
17 414 73 143
147 10 326 222 181
407 291 456 220 352
241 58 109 446 47
437 389 264 6 11
2 141 203 418
209 16 278
69 402 465 322
196 129 383
132 385 53
350 469 166
113 84 454
486 444 455
82 243
349 107 431
261 300 425
419 293
87 5
101 30
412 303
351 24
146 334 106 321 255
17 414 73 143
147 10 326 222 181
407 291 456 220 352
241 58 109 446 47
437 389 264 6 11
2 141 203 418
209 16 278
69 402 465 322
196 129 383
132 385 53
350 469 166
113 84 454
486 444 455
82 243
349 107 431
261 300 425
419 293
87 5
101 30
412 303
351 24
74 310
146 334 106 321 255
17 414 73 143
147 10 326 222 181
407 291 456 220 352
241 58 109 446 47
437 389 264 6 11
2 141 203 418
209 16 278
69 402 465 322
196 129 383
132 385 53
350 469 166
113 84 454
486 444 455
82 243
349 107 431
261 300 425
419 293
87 5
101 30
412 303
351 24
74 310
205 481
146 334 106 321 255
17 414 73 143
147 10 326 222 181
407 291 456 220 352
241 58 109 446 47
437 389 264 6 11
2 141 203 418
209 16 278
69 402 465 322
196 129 383
132 385 53
350 469 166
113 84 454
486 444 455
82 243
349 107 431
261 300 425
419 293
87 5
101 30
412 303
351 24
74 310
205 481
182 23
146 334 106 321 255
17 414 73 143
147 10 326 222 181
407 291 456 220 352
241 58 109 446 47
437 389 264 6 11
2 141 203 418
209 16 278
69 402 465 322
196 129 383
132 385 53
350 469 166
113 84 454
486 444 455
82 243
349 107 431
261 300 425
419 293
87 5
101 30
412 303
351 24
74 310
205 481
182 23
258 100
146 334 106 321 255
17 414 73 143
147 10 326 222 181
407 291 456 220 352
241 58 109 446 47
437 389 264 6 11
2 141 203 418
209 16 278
69 402 465 322
196 129 383
132 385 53
350 469 166
113 84 454
486 444 455
82 243
349 107 431
261 300 425
419 293
87 5
101 30
412 303
351 24
74 310
205 481
182 23
258 100
64 259
