480 481 482 483 484
480 481 482 483 484
120 125 130
480 481 482 483 484
120 125 130
225 226 227 228 229
480 481 482 483 484
120 125 130
225 226 227 228 229
210 215 220
480 481 482 483 484
120 125 130
225 226 227 228 229
210 215 220
195 200 205
480 481 482 483 484
120 125 130
225 226 227 228 229
210 215 220
195 200 205
180 181 182 183 184
480 481 482 483 484
120 125 130
225 226 227 228 229
210 215 220
195 200 205
180 181 182 183 184
165 170 175
480 481 482 483 484
120 125 130
225 226 227 228 229
210 215 220
195 200 205
180 181 182 183 184
165 170 175
150 151 152 153 154
480 481 482 483 484
120 125 130
225 226 227 228 229
210 215 220
195 200 205
180 181 182 183 184
165 170 175
150 151 152 153 154
135 136 137 138 139
480 481 482 483 484
120 125 130
225 226 227 228 229
210 215 220
195 200 205
180 181 182 183 184
165 170 175
150 151 152 153 154
135 136 137 138 139
105 110 115
480 481 482 483 484
120 125 130
225 226 227 228 229
210 215 220
195 200 205
180 181 182 183 184
165 170 175
150 151 152 153 154
135 136 137 138 139
105 110 115
90 95 100
480 481 482 483 484
120 125 130
225 226 227 228 229
210 215 220
195 200 205
180 181 182 183 184
165 170 175
150 151 152 153 154
135 136 137 138 139
105 110 115
90 95 100
75 80 85
480 481 482 483 484
120 125 130
225 226 227 228 229
210 215 220
195 200 205
180 181 182 183 184
165 170 175
150 151 152 153 154
135 136 137 138 139
105 110 115
90 95 100
75 80 85
60 61 62 63 64
480 481 482 483 484
120 125 130
225 226 227 228 229
210 215 220
195 200 205
180 181 182 183 184
165 170 175
150 151 152 153 154
135 136 137 138 139
105 110 115
90 95 100
75 80 85
60 61 62 63 64
45 50 55
480 481 482 483 484
120 125 130
225 226 227 228 229
210 215 220
195 200 205
180 181 182 183 184
165 170 175
150 151 152 153 154
135 136 137 138 139
105 110 115
90 95 100
75 80 85
60 61 62 63 64
45 50 55
30 31 32 33 34
480 481 482 483 484
120 125 130
225 226 227 228 229
210 215 220
195 200 205
180 181 182 183 184
165 170 175
150 151 152 153 154
135 136 137 138 139
105 110 115
90 95 100
75 80 85
60 61 62 63 64
45 50 55
30 31 32 33 34
15 16 17 18 19
480 481 482 483 484
120 125 130
225 226 227 228 229
210 215 220
195 200 205
180 181 182 183 184
165 170 175
150 151 152 153 154
135 136 137 138 139
105 110 115
90 95 100
75 80 85
60 61 62 63 64
45 50 55
30 31 32 33 34
15 16 17 18 19
0 1 2 3 4
480 481 482 483 484
120 125 130
225 226 227 228 229
210 215 220
195 200 205
180 181 182 183 184
165 170 175
150 151 152 153 154
135 136 137 138 139
105 110 115
90 95 100
75 80 85
60 61 62 63 64
45 50 55
30 31 32 33 34
15 16 17 18 19
0 1 2 3 4
240 245 250
480 481 482 483 484
120 125 130
225 226 227 228 229
210 215 220
195 200 205
180 181 182 183 184
165 170 175
150 151 152 153 154
135 136 137 138 139
105 110 115
90 95 100
75 80 85
60 61 62 63 64
45 50 55
30 31 32 33 34
15 16 17 18 19
0 1 2 3 4
240 245 250
255 260 265
480 481 482 483 484
120 125 130
225 226 227 228 229
210 215 220
195 200 205
180 181 182 183 184
165 170 175
150 151 152 153 154
135 136 137 138 139
105 110 115
90 95 100
75 80 85
60 61 62 63 64
45 50 55
30 31 32 33 34
15 16 17 18 19
0 1 2 3 4
240 245 250
255 260 265
465 470 475
480 481 482 483 484
120 125 130
225 226 227 228 229
210 215 220
195 200 205
180 181 182 183 184
165 170 175
150 151 152 153 154
135 136 137 138 139
105 110 115
90 95 100
75 80 85
60 61 62 63 64
45 50 55
30 31 32 33 34
15 16 17 18 19
0 1 2 3 4
240 245 250
255 260 265
465 470 475
450 455 460
480 481 482 483 484
120 125 130
225 226 227 228 229
210 215 220
195 200 205
180 181 182 183 184
165 170 175
150 151 152 153 154
135 136 137 138 139
105 110 115
90 95 100
75 80 85
60 61 62 63 64
45 50 55
30 31 32 33 34
15 16 17 18 19
0 1 2 3 4
240 245 250
255 260 265
465 470 475
450 455 460
435 440 445
480 481 482 483 484
120 125 130
225 226 227 228 229
210 215 220
195 200 205
180 181 182 183 184
165 170 175
150 151 152 153 154
135 136 137 138 139
105 110 115
90 95 100
75 80 85
60 61 62 63 64
45 50 55
30 31 32 33 34
15 16 17 18 19
0 1 2 3 4
240 245 250
255 260 265
465 470 475
450 455 460
435 440 445
420 421 422 423 424
480 481 482 483 484
120 125 130
225 226 227 228 229
210 215 220
195 200 205
180 181 182 183 184
165 170 175
150 151 152 153 154
135 136 137 138 139
105 110 115
90 95 100
75 80 85
60 61 62 63 64
45 50 55
30 31 32 33 34
15 16 17 18 19
0 1 2 3 4
240 245 250
255 260 265
465 470 475
450 455 460
435 440 445
420 421 422 423 424
405 410 415
480 481 482 483 484
120 125 130
225 226 227 228 229
210 215 220
195 200 205
180 181 182 183 184
165 170 175
150 151 152 153 154
135 136 137 138 139
105 110 115
90 95 100
75 80 85
60 61 62 63 64
45 50 55
30 31 32 33 34
15 16 17 18 19
0 1 2 3 4
240 245 250
255 260 265
465 470 475
450 455 460
435 440 445
420 421 422 423 424
405 410 415
390 391 392 393 394
480 481 482 483 484
120 125 130
225 226 227 228 229
210 215 220
195 200 205
180 181 182 183 184
165 170 175
150 151 152 153 154
135 136 137 138 139
105 110 115
90 95 100
75 80 85
60 61 62 63 64
45 50 55
30 31 32 33 34
15 16 17 18 19
0 1 2 3 4
240 245 250
255 260 265
465 470 475
450 455 460
435 440 445
420 421 422 423 424
405 410 415
390 391 392 393 394
375 376 377 378 379
480 481 482 483 484
120 125 130
225 226 227 228 229
210 215 220
195 200 205
180 181 182 183 184
165 170 175
150 151 152 153 154
135 136 137 138 139
105 110 115
90 95 100
75 80 85
60 61 62 63 64
45 50 55
30 31 32 33 34
15 16 17 18 19
0 1 2 3 4
240 245 250
255 260 265
465 470 475
450 455 460
435 440 445
420 421 422 423 424
405 410 415
390 391 392 393 394
375 376 377 378 379
360 361 362 363 364
480 481 482 483 484
120 125 130
225 226 227 228 229
210 215 220
195 200 205
180 181 182 183 184
165 170 175
150 151 152 153 154
135 136 137 138 139
105 110 115
90 95 100
75 80 85
60 61 62 63 64
45 50 55
30 31 32 33 34
15 16 17 18 19
0 1 2 3 4
240 245 250
255 260 265
465 470 475
450 455 460
435 440 445
420 421 422 423 424
405 410 415
390 391 392 393 394
375 376 377 378 379
360 361 362 363 364
345 350 355
480 481 482 483 484
120 125 130
225 226 227 228 229
210 215 220
195 200 205
180 181 182 183 184
165 170 175
150 151 152 153 154
135 136 137 138 139
105 110 115
90 95 100
75 80 85
60 61 62 63 64
45 50 55
30 31 32 33 34
15 16 17 18 19
0 1 2 3 4
240 245 250
255 260 265
465 470 475
450 455 460
435 440 445
420 421 422 423 424
405 410 415
390 391 392 393 394
375 376 377 378 379
360 361 362 363 364
345 350 355
330 335 340
480 481 482 483 484
120 125 130
225 226 227 228 229
210 215 220
195 200 205
180 181 182 183 184
165 170 175
150 151 152 153 154
135 136 137 138 139
105 110 115
90 95 100
75 80 85
60 61 62 63 64
45 50 55
30 31 32 33 34
15 16 17 18 19
0 1 2 3 4
240 245 250
255 260 265
465 470 475
450 455 460
435 440 445
420 421 422 423 424
405 410 415
390 391 392 393 394
375 376 377 378 379
360 361 362 363 364
345 350 355
330 335 340
315 320 325
480 481 482 483 484
120 125 130
225 226 227 228 229
210 215 220
195 200 205
180 181 182 183 184
165 170 175
150 151 152 153 154
135 136 137 138 139
105 110 115
90 95 100
75 80 85
60 61 62 63 64
45 50 55
30 31 32 33 34
15 16 17 18 19
0 1 2 3 4
240 245 250
255 260 265
465 470 475
450 455 460
435 440 445
420 421 422 423 424
405 410 415
390 391 392 393 394
375 376 377 378 379
360 361 362 363 364
345 350 355
330 335 340
315 320 325
300 301 302 303 304
480 481 482 483 484
120 125 130
225 226 227 228 229
210 215 220
195 200 205
180 181 182 183 184
165 170 175
150 151 152 153 154
135 136 137 138 139
105 110 115
90 95 100
75 80 85
60 61 62 63 64
45 50 55
30 31 32 33 34
15 16 17 18 19
0 1 2 3 4
240 245 250
255 260 265
465 470 475
450 455 460
435 440 445
420 421 422 423 424
405 410 415
390 391 392 393 394
375 376 377 378 379
360 361 362 363 364
345 350 355
330 335 340
315 320 325
300 301 302 303 304
285 290 295
480 481 482 483 484
120 125 130
225 226 227 228 229
210 215 220
195 200 205
180 181 182 183 184
165 170 175
150 151 152 153 154
135 136 137 138 139
105 110 115
90 95 100
75 80 85
60 61 62 63 64
45 50 55
30 31 32 33 34
15 16 17 18 19
0 1 2 3 4
240 245 250
255 260 265
465 470 475
450 455 460
435 440 445
420 421 422 423 424
405 410 415
390 391 392 393 394
375 376 377 378 379
360 361 362 363 364
345 350 355
330 335 340
315 320 325
300 301 302 303 304
285 290 295
270 271 272 273 274
