421 187 96 22 58
29 111 228 90 88
443 256 297 295 489
165 149 471 43 341
110 384 36 52 359
448 305 86 336 316
404 473 62 436 440
452 174 122 326 277
410 290 385 155 281
444 380 433 195 77
251 495 361 212 144
337 284 498 72 459
240 396 293 338 366
123 146 245 4 408
331 490 234 185 196
142 190 154 301 461
460 14 21 398 269
69 127 1 255 377
54 84 106 15 352
488 496 53 75 0
178 411 413 403 2
486 435 425 26 350
145 199 364 333 342
445 156 484 472 94
220 87 153 304 369
112 267 216 258 50
227 268 329 191 231
93 365 456 248 210
137 286 310 405 313
243 97 319 61 392
264 6 118 357 497
205 101 318 78 479
45 95 74 287 193
494 135 119 65 237
257 367 63 442 128
374 423 99 451 368
390 355 147 60 85
17 230 427 354 345
322 129 109 431 224
343 130 317 79 136
424 186 37 183 493
132 35 33 116 163
246 223 18 172 56
394 167 371 309 168
419 294 415 386 192
82 235 157 450 70
143 139 5 41 32
238 105 140 363
232 9 49 214
412 83
24 206
