349 155 135 54 294
167 7 67 74 133
333 48 202 234 318
351 140 277 24 166
106 236 101 203 63
292 0 290 297 77
317 141 304 367 220
75 153 183 193 354
269 243 79 181 126
323 295 120 369 180
145 57 78 370 154
97 212 179 300 88
152 150 306 107 259
362 221 18 99 115
117 35 218 272 237
112 223 50 380 301
134 257 32 373 332
104 382 348 346 252
34 28 123 386 283
58 347 191 261 116
310 17 256 85 40
175 81 204 62 14
20 222 267 342 46
161 37 278 158 162
379 172 118 33 364
198 251 275 122 130
110 238 376 16 384
224 250 42 103 228
219 358 289 196 233
125 55 144 305 331
308 64 76 244 13
352 113 201 322 188
197 286 359 230 298
299 356 71 102 132
253 146 151 372 345
200 211 366 208 29
138 327 285 235 44
164 307 119 207 69
109 171 216 30 302
377 2 210 93 282
