58 451 37 399 255
58 451 37 399 255
238 345 46 72 424
58 451 37 399 255
238 345 46 72 424
401 123 283 431 371
58 451 37 399 255
238 345 46 72 424
401 123 283 431 371
209 385 202 471 261
58 451 37 399 255
238 345 46 72 424
401 123 283 431 371
209 385 202 471 261
423 278 120 21 337
58 451 37 399 255
238 345 46 72 424
401 123 283 431 371
209 385 202 471 261
423 278 120 21 337
169 264 425 322 234
58 451 37 399 255
238 345 46 72 424
401 123 283 431 371
209 385 202 471 261
423 278 120 21 337
169 264 425 322 234
55 38 249 353 428
58 451 37 399 255
238 345 46 72 424
401 123 283 431 371
209 385 202 471 261
423 278 120 21 337
169 264 425 322 234
55 38 249 353 428
206 449 93 125 289
58 451 37 399 255
238 345 46 72 424
401 123 283 431 371
209 385 202 471 261
423 278 120 21 337
169 264 425 322 234
55 38 249 353 428
206 449 93 125 289
131 212 203 463 291
58 451 37 399 255
238 345 46 72 424
401 123 283 431 371
209 385 202 471 261
423 278 120 21 337
169 264 425 322 234
55 38 249 353 428
206 449 93 125 289
131 212 203 463 291
487 394 339 310 416
58 451 37 399 255
238 345 46 72 424
401 123 283 431 371
209 385 202 471 261
423 278 120 21 337
169 264 425 322 234
55 38 249 353 428
206 449 93 125 289
131 212 203 463 291
487 394 339 310 416
1 366 194 281 101
58 451 37 399 255
238 345 46 72 424
401 123 283 431 371
209 385 202 471 261
423 278 120 21 337
169 264 425 322 234
55 38 249 353 428
206 449 93 125 289
131 212 203 463 291
487 394 339 310 416
1 366 194 281 101
343 458 421 391 217
58 451 37 399 255
238 345 46 72 424
401 123 283 431 371
209 385 202 471 261
423 278 120 21 337
169 264 425 322 234
55 38 249 353 428
206 449 93 125 289
131 212 203 463 291
487 394 339 310 416
1 366 194 281 101
343 458 421 391 217
258 196 149 17 47
58 451 37 399 255
238 345 46 72 424
401 123 283 431 371
209 385 202 471 261
423 278 120 21 337
169 264 425 322 234
55 38 249 353 428
206 449 93 125 289
131 212 203 463 291
487 394 339 310 416
1 366 194 281 101
343 458 421 391 217
258 196 149 17 47
108 87 373 350 222
58 451 37 399 255
238 345 46 72 424
401 123 283 431 371
209 385 202 471 261
423 278 120 21 337
169 264 425 322 234
55 38 249 353 428
206 449 93 125 289
131 212 203 463 291
487 394 339 310 416
1 366 194 281 101
343 458 421 391 217
258 196 149 17 47
108 87 373 350 222
114 390 61 359 433
58 451 37 399 255
238 345 46 72 424
401 123 283 431 371
209 385 202 471 261
423 278 120 21 337
169 264 425 322 234
55 38 249 353 428
206 449 93 125 289
131 212 203 463 291
487 394 339 310 416
1 366 194 281 101
343 458 421 391 217
258 196 149 17 47
108 87 373 350 222
114 390 61 359 433
199 304 454 460 499
58 451 37 399 255
238 345 46 72 424
401 123 283 431 371
209 385 202 471 261
423 278 120 21 337
169 264 425 322 234
55 38 249 353 428
206 449 93 125 289
131 212 203 463 291
487 394 339 310 416
1 366 194 281 101
343 458 421 391 217
258 196 149 17 47
108 87 373 350 222
114 390 61 359 433
199 304 454 460 499
102 227 378 12 190
58 451 37 399 255
238 345 46 72 424
401 123 283 431 371
209 385 202 471 261
423 278 120 21 337
169 264 425 322 234
55 38 249 353 428
206 449 93 125 289
131 212 203 463 291
487 394 339 310 416
1 366 194 281 101
343 458 421 391 217
258 196 149 17 47
108 87 373 350 222
114 390 61 359 433
199 304 454 460 499
102 227 378 12 190
73 334 11 133 50
58 451 37 399 255
238 345 46 72 424
401 123 283 431 371
209 385 202 471 261
423 278 120 21 337
169 264 425 322 234
55 38 249 353 428
206 449 93 125 289
131 212 203 463 291
487 394 339 310 416
1 366 194 281 101
343 458 421 391 217
258 196 149 17 47
108 87 373 350 222
114 390 61 359 433
199 304 454 460 499
102 227 378 12 190
73 334 11 133 50
429 106 287 84 191
58 451 37 399 255
238 345 46 72 424
401 123 283 431 371
209 385 202 471 261
423 278 120 21 337
169 264 425 322 234
55 38 249 353 428
206 449 93 125 289
131 212 203 463 291
487 394 339 310 416
1 366 194 281 101
343 458 421 391 217
258 196 149 17 47
108 87 373 350 222
114 390 61 359 433
199 304 454 460 499
102 227 378 12 190
73 334 11 133 50
429 106 287 84 191
323 306 148 188 486
58 451 37 399 255
238 345 46 72 424
401 123 283 431 371
209 385 202 471 261
423 278 120 21 337
169 264 425 322 234
55 38 249 353 428
206 449 93 125 289
131 212 203 463 291
487 394 339 310 416
1 366 194 281 101
343 458 421 391 217
258 196 149 17 47
108 87 373 350 222
114 390 61 359 433
199 304 454 460 499
102 227 378 12 190
73 334 11 133 50
429 106 287 84 191
323 306 148 188 486
325 121 435 151 7
58 451 37 399 255
238 345 46 72 424
401 123 283 431 371
209 385 202 471 261
423 278 120 21 337
169 264 425 322 234
55 38 249 353 428
206 449 93 125 289
131 212 203 463 291
487 394 339 310 416
1 366 194 281 101
343 458 421 391 217
258 196 149 17 47
108 87 373 350 222
114 390 61 359 433
199 304 454 460 499
102 227 378 12 190
73 334 11 133 50
429 106 287 84 191
323 306 148 188 486
325 121 435 151 7
210 182 434 303 98
58 451 37 399 255
238 345 46 72 424
401 123 283 431 371
209 385 202 471 261
423 278 120 21 337
169 264 425 322 234
55 38 249 353 428
206 449 93 125 289
131 212 203 463 291
487 394 339 310 416
1 366 194 281 101
343 458 421 391 217
258 196 149 17 47
108 87 373 350 222
114 390 61 359 433
199 304 454 460 499
102 227 378 12 190
73 334 11 133 50
429 106 287 84 191
323 306 148 188 486
325 121 435 151 7
210 182 434 303 98
355 393 272 311 381
58 451 37 399 255
238 345 46 72 424
401 123 283 431 371
209 385 202 471 261
423 278 120 21 337
169 264 425 322 234
55 38 249 353 428
206 449 93 125 289
131 212 203 463 291
487 394 339 310 416
1 366 194 281 101
343 458 421 391 217
258 196 149 17 47
108 87 373 350 222
114 390 61 359 433
199 304 454 460 499
102 227 378 12 190
73 334 11 133 50
429 106 287 84 191
323 306 148 188 486
325 121 435 151 7
210 182 434 303 98
355 393 272 311 381
363 372 225 346 243
58 451 37 399 255
238 345 46 72 424
401 123 283 431 371
209 385 202 471 261
423 278 120 21 337
169 264 425 322 234
55 38 249 353 428
206 449 93 125 289
131 212 203 463 291
487 394 339 310 416
1 366 194 281 101
343 458 421 391 217
258 196 149 17 47
108 87 373 350 222
114 390 61 359 433
199 304 454 460 499
102 227 378 12 190
73 334 11 133 50
429 106 287 84 191
323 306 148 188 486
325 121 435 151 7
210 182 434 303 98
355 393 272 311 381
363 372 225 346 243
94 110 448 83 25
58 451 37 399 255
238 345 46 72 424
401 123 283 431 371
209 385 202 471 261
423 278 120 21 337
169 264 425 322 234
55 38 249 353 428
206 449 93 125 289
131 212 203 463 291
487 394 339 310 416
1 366 194 281 101
343 458 421 391 217
258 196 149 17 47
108 87 373 350 222
114 390 61 359 433
199 304 454 460 499
102 227 378 12 190
73 334 11 133 50
429 106 287 84 191
323 306 148 188 486
325 121 435 151 7
210 182 434 303 98
355 393 272 311 381
363 372 225 346 243
94 110 448 83 25
276 233 485 167 483
58 451 37 399 255
238 345 46 72 424
401 123 283 431 371
209 385 202 471 261
423 278 120 21 337
169 264 425 322 234
55 38 249 353 428
206 449 93 125 289
131 212 203 463 291
487 394 339 310 416
1 366 194 281 101
343 458 421 391 217
258 196 149 17 47
108 87 373 350 222
114 390 61 359 433
199 304 454 460 499
102 227 378 12 190
73 334 11 133 50
429 106 287 84 191
323 306 148 188 486
325 121 435 151 7
210 182 434 303 98
355 393 272 311 381
363 372 225 346 243
94 110 448 83 25
276 233 485 167 483
240 134 282 439 327
58 451 37 399 255
238 345 46 72 424
401 123 283 431 371
209 385 202 471 261
423 278 120 21 337
169 264 425 322 234
55 38 249 353 428
206 449 93 125 289
131 212 203 463 291
487 394 339 310 416
1 366 194 281 101
343 458 421 391 217
258 196 149 17 47
108 87 373 350 222
114 390 61 359 433
199 304 454 460 499
102 227 378 12 190
73 334 11 133 50
429 106 287 84 191
323 306 148 188 486
325 121 435 151 7
210 182 434 303 98
355 393 272 311 381
363 372 225 346 243
94 110 448 83 25
276 233 485 167 483
240 134 282 439 327
168 262 152 213 51
58 451 37 399 255
238 345 46 72 424
401 123 283 431 371
209 385 202 471 261
423 278 120 21 337
169 264 425 322 234
55 38 249 353 428
206 449 93 125 289
131 212 203 463 291
487 394 339 310 416
1 366 194 281 101
343 458 421 391 217
258 196 149 17 47
108 87 373 350 222
114 390 61 359 433
199 304 454 460 499
102 227 378 12 190
73 334 11 133 50
429 106 287 84 191
323 306 148 188 486
325 121 435 151 7
210 182 434 303 98
355 393 272 311 381
363 372 225 346 243
94 110 448 83 25
276 233 485 167 483
240 134 282 439 327
168 262 152 213 51
24 163 88 445 284
58 451 37 399 255
238 345 46 72 424
401 123 283 431 371
209 385 202 471 261
423 278 120 21 337
169 264 425 322 234
55 38 249 353 428
206 449 93 125 289
131 212 203 463 291
487 394 339 310 416
1 366 194 281 101
343 458 421 391 217
258 196 149 17 47
108 87 373 350 222
114 390 61 359 433
199 304 454 460 499
102 227 378 12 190
73 334 11 133 50
429 106 287 84 191
323 306 148 188 486
325 121 435 151 7
210 182 434 303 98
355 393 272 311 381
363 372 225 346 243
94 110 448 83 25
276 233 485 167 483
240 134 282 439 327
168 262 152 213 51
24 163 88 445 284
198 160 330 367 273
58 451 37 399 255
238 345 46 72 424
401 123 283 431 371
209 385 202 471 261
423 278 120 21 337
169 264 425 322 234
55 38 249 353 428
206 449 93 125 289
131 212 203 463 291
487 394 339 310 416
1 366 194 281 101
343 458 421 391 217
258 196 149 17 47
108 87 373 350 222
114 390 61 359 433
199 304 454 460 499
102 227 378 12 190
73 334 11 133 50
429 106 287 84 191
323 306 148 188 486
325 121 435 151 7
210 182 434 303 98
355 393 272 311 381
363 372 225 346 243
94 110 448 83 25
276 233 485 167 483
240 134 282 439 327
168 262 152 213 51
24 163 88 445 284
198 160 330 367 273
476 237 158 317 155
58 451 37 399 255
238 345 46 72 424
401 123 283 431 371
209 385 202 471 261
423 278 120 21 337
169 264 425 322 234
55 38 249 353 428
206 449 93 125 289
131 212 203 463 291
487 394 339 310 416
1 366 194 281 101
343 458 421 391 217
258 196 149 17 47
108 87 373 350 222
114 390 61 359 433
199 304 454 460 499
102 227 378 12 190
73 334 11 133 50
429 106 287 84 191
323 306 148 188 486
325 121 435 151 7
210 182 434 303 98
355 393 272 311 381
363 372 225 346 243
94 110 448 83 25
276 233 485 167 483
240 134 282 439 327
168 262 152 213 51
24 163 88 445 284
198 160 330 367 273
476 237 158 317 155
467 417 315 294 288
58 451 37 399 255
238 345 46 72 424
401 123 283 431 371
209 385 202 471 261
423 278 120 21 337
169 264 425 322 234
55 38 249 353 428
206 449 93 125 289
131 212 203 463 291
487 394 339 310 416
1 366 194 281 101
343 458 421 391 217
258 196 149 17 47
108 87 373 350 222
114 390 61 359 433
199 304 454 460 499
102 227 378 12 190
73 334 11 133 50
429 106 287 84 191
323 306 148 188 486
325 121 435 151 7
210 182 434 303 98
355 393 272 311 381
363 372 225 346 243
94 110 448 83 25
276 233 485 167 483
240 134 282 439 327
168 262 152 213 51
24 163 88 445 284
198 160 330 367 273
476 237 158 317 155
467 417 315 294 288
328 130 335 408 135
58 451 37 399 255
238 345 46 72 424
401 123 283 431 371
209 385 202 471 261
423 278 120 21 337
169 264 425 322 234
55 38 249 353 428
206 449 93 125 289
131 212 203 463 291
487 394 339 310 416
1 366 194 281 101
343 458 421 391 217
258 196 149 17 47
108 87 373 350 222
114 390 61 359 433
199 304 454 460 499
102 227 378 12 190
73 334 11 133 50
429 106 287 84 191
323 306 148 188 486
325 121 435 151 7
210 182 434 303 98
355 393 272 311 381
363 372 225 346 243
94 110 448 83 25
276 233 485 167 483
240 134 282 439 327
168 262 152 213 51
24 163 88 445 284
198 160 330 367 273
476 237 158 317 155
467 417 315 294 288
328 130 335 408 135
392 341 65 15 488
58 451 37 399 255
238 345 46 72 424
401 123 283 431 371
209 385 202 471 261
423 278 120 21 337
169 264 425 322 234
55 38 249 353 428
206 449 93 125 289
131 212 203 463 291
487 394 339 310 416
1 366 194 281 101
343 458 421 391 217
258 196 149 17 47
108 87 373 350 222
114 390 61 359 433
199 304 454 460 499
102 227 378 12 190
73 334 11 133 50
429 106 287 84 191
323 306 148 188 486
325 121 435 151 7
210 182 434 303 98
355 393 272 311 381
363 372 225 346 243
94 110 448 83 25
276 233 485 167 483
240 134 282 439 327
168 262 152 213 51
24 163 88 445 284
198 160 330 367 273
476 237 158 317 155
467 417 315 294 288
328 130 335 408 135
392 341 65 15 488
62 86 104 242 298
58 451 37 399 255
238 345 46 72 424
401 123 283 431 371
209 385 202 471 261
423 278 120 21 337
169 264 425 322 234
55 38 249 353 428
206 449 93 125 289
131 212 203 463 291
487 394 339 310 416
1 366 194 281 101
343 458 421 391 217
258 196 149 17 47
108 87 373 350 222
114 390 61 359 433
199 304 454 460 499
102 227 378 12 190
73 334 11 133 50
429 106 287 84 191
323 306 148 188 486
325 121 435 151 7
210 182 434 303 98
355 393 272 311 381
363 372 225 346 243
94 110 448 83 25
276 233 485 167 483
240 134 282 439 327
168 262 152 213 51
24 163 88 445 284
198 160 330 367 273
476 237 158 317 155
467 417 315 294 288
328 130 335 408 135
392 341 65 15 488
62 86 104 242 298
495 245 126 410 447
58 451 37 399 255
238 345 46 72 424
401 123 283 431 371
209 385 202 471 261
423 278 120 21 337
169 264 425 322 234
55 38 249 353 428
206 449 93 125 289
131 212 203 463 291
487 394 339 310 416
1 366 194 281 101
343 458 421 391 217
258 196 149 17 47
108 87 373 350 222
114 390 61 359 433
199 304 454 460 499
102 227 378 12 190
73 334 11 133 50
429 106 287 84 191
323 306 148 188 486
325 121 435 151 7
210 182 434 303 98
355 393 272 311 381
363 372 225 346 243
94 110 448 83 25
276 233 485 167 483
240 134 282 439 327
168 262 152 213 51
24 163 88 445 284
198 160 330 367 273
476 237 158 317 155
467 417 315 294 288
328 130 335 408 135
392 341 65 15 488
62 86 104 242 298
495 245 126 410 447
450 383 452 362 370
58 451 37 399 255
238 345 46 72 424
401 123 283 431 371
209 385 202 471 261
423 278 120 21 337
169 264 425 322 234
55 38 249 353 428
206 449 93 125 289
131 212 203 463 291
487 394 339 310 416
1 366 194 281 101
343 458 421 391 217
258 196 149 17 47
108 87 373 350 222
114 390 61 359 433
199 304 454 460 499
102 227 378 12 190
73 334 11 133 50
429 106 287 84 191
323 306 148 188 486
325 121 435 151 7
210 182 434 303 98
355 393 272 311 381
363 372 225 346 243
94 110 448 83 25
276 233 485 167 483
240 134 282 439 327
168 262 152 213 51
24 163 88 445 284
198 160 330 367 273
476 237 158 317 155
467 417 315 294 288
328 130 335 408 135
392 341 65 15 488
62 86 104 242 298
495 245 126 410 447
450 383 452 362 370
145 357 82 473 351
58 451 37 399 255
238 345 46 72 424
401 123 283 431 371
209 385 202 471 261
423 278 120 21 337
169 264 425 322 234
55 38 249 353 428
206 449 93 125 289
131 212 203 463 291
487 394 339 310 416
1 366 194 281 101
343 458 421 391 217
258 196 149 17 47
108 87 373 350 222
114 390 61 359 433
199 304 454 460 499
102 227 378 12 190
73 334 11 133 50
429 106 287 84 191
323 306 148 188 486
325 121 435 151 7
210 182 434 303 98
355 393 272 311 381
363 372 225 346 243
94 110 448 83 25
276 233 485 167 483
240 134 282 439 327
168 262 152 213 51
24 163 88 445 284
198 160 330 367 273
476 237 158 317 155
467 417 315 294 288
328 130 335 408 135
392 341 65 15 488
62 86 104 242 298
495 245 126 410 447
450 383 452 362 370
145 357 82 473 351
266 99 132 44 41
58 451 37 399 255
238 345 46 72 424
401 123 283 431 371
209 385 202 471 261
423 278 120 21 337
169 264 425 322 234
55 38 249 353 428
206 449 93 125 289
131 212 203 463 291
487 394 339 310 416
1 366 194 281 101
343 458 421 391 217
258 196 149 17 47
108 87 373 350 222
114 390 61 359 433
199 304 454 460 499
102 227 378 12 190
73 334 11 133 50
429 106 287 84 191
323 306 148 188 486
325 121 435 151 7
210 182 434 303 98
355 393 272 311 381
363 372 225 346 243
94 110 448 83 25
276 233 485 167 483
240 134 282 439 327
168 262 152 213 51
24 163 88 445 284
198 160 330 367 273
476 237 158 317 155
467 417 315 294 288
328 130 335 408 135
392 341 65 15 488
62 86 104 242 298
495 245 126 410 447
450 383 452 362 370
145 357 82 473 351
266 99 132 44 41
348 374 267 34 117
58 451 37 399 255
238 345 46 72 424
401 123 283 431 371
209 385 202 471 261
423 278 120 21 337
169 264 425 322 234
55 38 249 353 428
206 449 93 125 289
131 212 203 463 291
487 394 339 310 416
1 366 194 281 101
343 458 421 391 217
258 196 149 17 47
108 87 373 350 222
114 390 61 359 433
199 304 454 460 499
102 227 378 12 190
73 334 11 133 50
429 106 287 84 191
323 306 148 188 486
325 121 435 151 7
210 182 434 303 98
355 393 272 311 381
363 372 225 346 243
94 110 448 83 25
276 233 485 167 483
240 134 282 439 327
168 262 152 213 51
24 163 88 445 284
198 160 330 367 273
476 237 158 317 155
467 417 315 294 288
328 130 335 408 135
392 341 65 15 488
62 86 104 242 298
495 245 126 410 447
450 383 452 362 370
145 357 82 473 351
266 99 132 44 41
348 374 267 34 117
397 358 461 181 360
58 451 37 399 255
238 345 46 72 424
401 123 283 431 371
209 385 202 471 261
423 278 120 21 337
169 264 425 322 234
55 38 249 353 428
206 449 93 125 289
131 212 203 463 291
487 394 339 310 416
1 366 194 281 101
343 458 421 391 217
258 196 149 17 47
108 87 373 350 222
114 390 61 359 433
199 304 454 460 499
102 227 378 12 190
73 334 11 133 50
429 106 287 84 191
323 306 148 188 486
325 121 435 151 7
210 182 434 303 98
355 393 272 311 381
363 372 225 346 243
94 110 448 83 25
276 233 485 167 483
240 134 282 439 327
168 262 152 213 51
24 163 88 445 284
198 160 330 367 273
476 237 158 317 155
467 417 315 294 288
328 130 335 408 135
392 341 65 15 488
62 86 104 242 298
495 245 126 410 447
450 383 452 362 370
145 357 82 473 351
266 99 132 44 41
348 374 267 34 117
397 358 461 181 360
407 48 124 331 252
58 451 37 399 255
238 345 46 72 424
401 123 283 431 371
209 385 202 471 261
423 278 120 21 337
169 264 425 322 234
55 38 249 353 428
206 449 93 125 289
131 212 203 463 291
487 394 339 310 416
1 366 194 281 101
343 458 421 391 217
258 196 149 17 47
108 87 373 350 222
114 390 61 359 433
199 304 454 460 499
102 227 378 12 190
73 334 11 133 50
429 106 287 84 191
323 306 148 188 486
325 121 435 151 7
210 182 434 303 98
355 393 272 311 381
363 372 225 346 243
94 110 448 83 25
276 233 485 167 483
240 134 282 439 327
168 262 152 213 51
24 163 88 445 284
198 160 330 367 273
476 237 158 317 155
467 417 315 294 288
328 130 335 408 135
392 341 65 15 488
62 86 104 242 298
495 245 126 410 447
450 383 452 362 370
145 357 82 473 351
266 99 132 44 41
348 374 267 34 117
397 358 461 181 360
407 48 124 331 252
28 418 214 33 103
58 451 37 399 255
238 345 46 72 424
401 123 283 431 371
209 385 202 471 261
423 278 120 21 337
169 264 425 322 234
55 38 249 353 428
206 449 93 125 289
131 212 203 463 291
487 394 339 310 416
1 366 194 281 101
343 458 421 391 217
258 196 149 17 47
108 87 373 350 222
114 390 61 359 433
199 304 454 460 499
102 227 378 12 190
73 334 11 133 50
429 106 287 84 191
323 306 148 188 486
325 121 435 151 7
210 182 434 303 98
355 393 272 311 381
363 372 225 346 243
94 110 448 83 25
276 233 485 167 483
240 134 282 439 327
168 262 152 213 51
24 163 88 445 284
198 160 330 367 273
476 237 158 317 155
467 417 315 294 288
328 130 335 408 135
392 341 65 15 488
62 86 104 242 298
495 245 126 410 447
450 383 452 362 370
145 357 82 473 351
266 99 132 44 41
348 374 267 34 117
397 358 461 181 360
407 48 124 331 252
28 418 214 33 103
437 216 219 81 412
58 451 37 399 255
238 345 46 72 424
401 123 283 431 371
209 385 202 471 261
423 278 120 21 337
169 264 425 322 234
55 38 249 353 428
206 449 93 125 289
131 212 203 463 291
487 394 339 310 416
1 366 194 281 101
343 458 421 391 217
258 196 149 17 47
108 87 373 350 222
114 390 61 359 433
199 304 454 460 499
102 227 378 12 190
73 334 11 133 50
429 106 287 84 191
323 306 148 188 486
325 121 435 151 7
210 182 434 303 98
355 393 272 311 381
363 372 225 346 243
94 110 448 83 25
276 233 485 167 483
240 134 282 439 327
168 262 152 213 51
24 163 88 445 284
198 160 330 367 273
476 237 158 317 155
467 417 315 294 288
328 130 335 408 135
392 341 65 15 488
62 86 104 242 298
495 245 126 410 447
450 383 452 362 370
145 357 82 473 351
266 99 132 44 41
348 374 267 34 117
397 358 461 181 360
407 48 124 331 252
28 418 214 33 103
437 216 219 81 412
489 232 464 32 76
58 451 37 399 255
238 345 46 72 424
401 123 283 431 371
209 385 202 471 261
423 278 120 21 337
169 264 425 322 234
55 38 249 353 428
206 449 93 125 289
131 212 203 463 291
487 394 339 310 416
1 366 194 281 101
343 458 421 391 217
258 196 149 17 47
108 87 373 350 222
114 390 61 359 433
199 304 454 460 499
102 227 378 12 190
73 334 11 133 50
429 106 287 84 191
323 306 148 188 486
325 121 435 151 7
210 182 434 303 98
355 393 272 311 381
363 372 225 346 243
94 110 448 83 25
276 233 485 167 483
240 134 282 439 327
168 262 152 213 51
24 163 88 445 284
198 160 330 367 273
476 237 158 317 155
467 417 315 294 288
328 130 335 408 135
392 341 65 15 488
62 86 104 242 298
495 245 126 410 447
450 383 452 362 370
145 357 82 473 351
266 99 132 44 41
348 374 267 34 117
397 358 461 181 360
407 48 124 331 252
28 418 214 33 103
437 216 219 81 412
489 232 464 32 76
318 10 475 226 295
58 451 37 399 255
238 345 46 72 424
401 123 283 431 371
209 385 202 471 261
423 278 120 21 337
169 264 425 322 234
55 38 249 353 428
206 449 93 125 289
131 212 203 463 291
487 394 339 310 416
1 366 194 281 101
343 458 421 391 217
258 196 149 17 47
108 87 373 350 222
114 390 61 359 433
199 304 454 460 499
102 227 378 12 190
73 334 11 133 50
429 106 287 84 191
323 306 148 188 486
325 121 435 151 7
210 182 434 303 98
355 393 272 311 381
363 372 225 346 243
94 110 448 83 25
276 233 485 167 483
240 134 282 439 327
168 262 152 213 51
24 163 88 445 284
198 160 330 367 273
476 237 158 317 155
467 417 315 294 288
328 130 335 408 135
392 341 65 15 488
62 86 104 242 298
495 245 126 410 447
450 383 452 362 370
145 357 82 473 351
266 99 132 44 41
348 374 267 34 117
397 358 461 181 360
407 48 124 331 252
28 418 214 33 103
437 216 219 81 412
489 232 464 32 76
318 10 475 226 295
228 440 462 415 16
58 451 37 399 255
238 345 46 72 424
401 123 283 431 371
209 385 202 471 261
423 278 120 21 337
169 264 425 322 234
55 38 249 353 428
206 449 93 125 289
131 212 203 463 291
487 394 339 310 416
1 366 194 281 101
343 458 421 391 217
258 196 149 17 47
108 87 373 350 222
114 390 61 359 433
199 304 454 460 499
102 227 378 12 190
73 334 11 133 50
429 106 287 84 191
323 306 148 188 486
325 121 435 151 7
210 182 434 303 98
355 393 272 311 381
363 372 225 346 243
94 110 448 83 25
276 233 485 167 483
240 134 282 439 327
168 262 152 213 51
24 163 88 445 284
198 160 330 367 273
476 237 158 317 155
467 417 315 294 288
328 130 335 408 135
392 341 65 15 488
62 86 104 242 298
495 245 126 410 447
450 383 452 362 370
145 357 82 473 351
266 99 132 44 41
348 374 267 34 117
397 358 461 181 360
407 48 124 331 252
28 418 214 33 103
437 216 219 81 412
489 232 464 32 76
318 10 475 226 295
228 440 462 415 16
164 165 39 446 184
58 451 37 399 255
238 345 46 72 424
401 123 283 431 371
209 385 202 471 261
423 278 120 21 337
169 264 425 322 234
55 38 249 353 428
206 449 93 125 289
131 212 203 463 291
487 394 339 310 416
1 366 194 281 101
343 458 421 391 217
258 196 149 17 47
108 87 373 350 222
114 390 61 359 433
199 304 454 460 499
102 227 378 12 190
73 334 11 133 50
429 106 287 84 191
323 306 148 188 486
325 121 435 151 7
210 182 434 303 98
355 393 272 311 381
363 372 225 346 243
94 110 448 83 25
276 233 485 167 483
240 134 282 439 327
168 262 152 213 51
24 163 88 445 284
198 160 330 367 273
476 237 158 317 155
467 417 315 294 288
328 130 335 408 135
392 341 65 15 488
62 86 104 242 298
495 245 126 410 447
450 383 452 362 370
145 357 82 473 351
266 99 132 44 41
348 374 267 34 117
397 358 461 181 360
407 48 124 331 252
28 418 214 33 103
437 216 219 81 412
489 232 464 32 76
318 10 475 226 295
228 440 462 415 16
164 165 39 446 184
27 382 277 215 349
58 451 37 399 255
238 345 46 72 424
401 123 283 431 371
209 385 202 471 261
423 278 120 21 337
169 264 425 322 234
55 38 249 353 428
206 449 93 125 289
131 212 203 463 291
487 394 339 310 416
1 366 194 281 101
343 458 421 391 217
258 196 149 17 47
108 87 373 350 222
114 390 61 359 433
199 304 454 460 499
102 227 378 12 190
73 334 11 133 50
429 106 287 84 191
323 306 148 188 486
325 121 435 151 7
210 182 434 303 98
355 393 272 311 381
363 372 225 346 243
94 110 448 83 25
276 233 485 167 483
240 134 282 439 327
168 262 152 213 51
24 163 88 445 284
198 160 330 367 273
476 237 158 317 155
467 417 315 294 288
328 130 335 408 135
392 341 65 15 488
62 86 104 242 298
495 245 126 410 447
450 383 452 362 370
145 357 82 473 351
266 99 132 44 41
348 374 267 34 117
397 358 461 181 360
407 48 124 331 252
28 418 214 33 103
437 216 219 81 412
489 232 464 32 76
318 10 475 226 295
228 440 462 415 16
164 165 39 446 184
27 382 277 215 349
138 465
58 451 37 399 255
238 345 46 72 424
401 123 283 431 371
209 385 202 471 261
423 278 120 21 337
169 264 425 322 234
55 38 249 353 428
206 449 93 125 289
131 212 203 463 291
487 394 339 310 416
1 366 194 281 101
343 458 421 391 217
258 196 149 17 47
108 87 373 350 222
114 390 61 359 433
199 304 454 460 499
102 227 378 12 190
73 334 11 133 50
429 106 287 84 191
323 306 148 188 486
325 121 435 151 7
210 182 434 303 98
355 393 272 311 381
363 372 225 346 243
94 110 448 83 25
276 233 485 167 483
240 134 282 439 327
168 262 152 213 51
24 163 88 445 284
198 160 330 367 273
476 237 158 317 155
467 417 315 294 288
328 130 335 408 135
392 341 65 15 488
62 86 104 242 298
495 245 126 410 447
450 383 452 362 370
145 357 82 473 351
266 99 132 44 41
348 374 267 34 117
397 358 461 181 360
407 48 124 331 252
28 418 214 33 103
437 216 219 81 412
489 232 464 32 76
318 10 475 226 295
228 440 462 415 16
164 165 39 446 184
27 382 277 215 349
138 465
319 321
58 451 37 399 255
238 345 46 72 424
401 123 283 431 371
209 385 202 471 261
423 278 120 21 337
169 264 425 322 234
55 38 249 353 428
206 449 93 125 289
131 212 203 463 291
487 394 339 310 416
1 366 194 281 101
343 458 421 391 217
258 196 149 17 47
108 87 373 350 222
114 390 61 359 433
199 304 454 460 499
102 227 378 12 190
73 334 11 133 50
429 106 287 84 191
323 306 148 188 486
325 121 435 151 7
210 182 434 303 98
355 393 272 311 381
363 372 225 346 243
94 110 448 83 25
276 233 485 167 483
240 134 282 439 327
168 262 152 213 51
24 163 88 445 284
198 160 330 367 273
476 237 158 317 155
467 417 315 294 288
328 130 335 408 135
392 341 65 15 488
62 86 104 242 298
495 245 126 410 447
450 383 452 362 370
145 357 82 473 351
266 99 132 44 41
348 374 267 34 117
397 358 461 181 360
407 48 124 331 252
28 418 214 33 103
437 216 219 81 412
489 232 464 32 76
318 10 475 226 295
228 440 462 415 16
164 165 39 446 184
27 382 277 215 349
138 465
319 321
162 223
