125 132 361 497 371
333 220 116 490 240
244 109 156 211 168
56 284 49 176 6
34 230 382 319 209
367 61 431 477 175
84 103 275 488 484
379 385 181 474 76
453 405 144 203 108
316 79 296 80 50
251 472 346 407 406
218 207 67 100 457
30 23 52 99 314
486 481 225 47 187
345 197 106 228 334
496 381 384 340 351
471 242 417 454 298
204 323 317 482 418
312 69 343 35 376
261 372 40 360 55
402 416 2 267 25
359 425 58 283 70
163 403 447 388 4
248 98 309 73 172
148 260 442 141 432
292 357 118 286 26
256 434 459 420 37
259 466 352 117 32
90 210 20 273 120
424 21 233 446 160
202 257 64 92 151
129 41 102 373 293
196 498 276 185 57
445 38 5 169 237
17 121 278 13 31
1 190 173 397 348
331 85 205 288 473
456 235 87 200 140
107 450 369 337 463
400 341 394 383 215
452 19 299 335 493
349 250 238 199 461
105 155 192 27 465
332 222 392 28 245
91 433 82 133 421
282 63 419 277 158
54 330 227 310 439
386 246 216 289 430
440 449 480 252 295
195 167 97 9 479
