319 308 179 347 370
319 308 179 347 370
430 148 33 217
319 308 179 347 370
430 148 33 217
127 229 241 219
319 308 179 347 370
430 148 33 217
127 229 241 219
117 187 170
319 308 179 347 370
430 148 33 217
127 229 241 219
117 187 170
100 392
319 308 179 347 370
430 148 33 217
127 229 241 219
117 187 170
100 392
205 301
319 308 179 347 370
430 148 33 217
127 229 241 219
117 187 170
100 392
205 301
147 266
319 308 179 347 370
430 148 33 217
127 229 241 219
117 187 170
100 392
205 301
147 266
75 188
