423 369 1 331 400
423 369 1 331 400
330 126 313 96 47
423 369 1 331 400
330 126 313 96 47
22 242 392 18 457
423 369 1 331 400
330 126 313 96 47
22 242 392 18 457
83 381 469 359 192
423 369 1 331 400
330 126 313 96 47
22 242 392 18 457
83 381 469 359 192
386 141 130 417 135
423 369 1 331 400
330 126 313 96 47
22 242 392 18 457
83 381 469 359 192
386 141 130 417 135
283 360 52 249 395
423 369 1 331 400
330 126 313 96 47
22 242 392 18 457
83 381 469 359 192
386 141 130 417 135
283 360 52 249 395
205 462 213 225 335
423 369 1 331 400
330 126 313 96 47
22 242 392 18 457
83 381 469 359 192
386 141 130 417 135
283 360 52 249 395
205 462 213 225 335
191 189 45 266 118
423 369 1 331 400
330 126 313 96 47
22 242 392 18 457
83 381 469 359 192
386 141 130 417 135
283 360 52 249 395
205 462 213 225 335
191 189 45 266 118
99 113 233 70 139
423 369 1 331 400
330 126 313 96 47
22 242 392 18 457
83 381 469 359 192
386 141 130 417 135
283 360 52 249 395
205 462 213 225 335
191 189 45 266 118
99 113 233 70 139
448 26 46 51 229
423 369 1 331 400
330 126 313 96 47
22 242 392 18 457
83 381 469 359 192
386 141 130 417 135
283 360 52 249 395
205 462 213 225 335
191 189 45 266 118
99 113 233 70 139
448 26 46 51 229
97 195 38 151 318
423 369 1 331 400
330 126 313 96 47
22 242 392 18 457
83 381 469 359 192
386 141 130 417 135
283 360 52 249 395
205 462 213 225 335
191 189 45 266 118
99 113 233 70 139
448 26 46 51 229
97 195 38 151 318
63 373 324 303 299
423 369 1 331 400
330 126 313 96 47
22 242 392 18 457
83 381 469 359 192
386 141 130 417 135
283 360 52 249 395
205 462 213 225 335
191 189 45 266 118
99 113 233 70 139
448 26 46 51 229
97 195 38 151 318
63 373 324 303 299
60 483 379 377 295
423 369 1 331 400
330 126 313 96 47
22 242 392 18 457
83 381 469 359 192
386 141 130 417 135
283 360 52 249 395
205 462 213 225 335
191 189 45 266 118
99 113 233 70 139
448 26 46 51 229
97 195 38 151 318
63 373 324 303 299
60 483 379 377 295
24 36 314 240 94
423 369 1 331 400
330 126 313 96 47
22 242 392 18 457
83 381 469 359 192
386 141 130 417 135
283 360 52 249 395
205 462 213 225 335
191 189 45 266 118
99 113 233 70 139
448 26 46 51 229
97 195 38 151 318
63 373 324 303 299
60 483 379 377 295
24 36 314 240 94
290 384 134 12 167
423 369 1 331 400
330 126 313 96 47
22 242 392 18 457
83 381 469 359 192
386 141 130 417 135
283 360 52 249 395
205 462 213 225 335
191 189 45 266 118
99 113 233 70 139
448 26 46 51 229
97 195 38 151 318
63 373 324 303 299
60 483 379 377 295
24 36 314 240 94
290 384 134 12 167
31 267 137 165 107
423 369 1 331 400
330 126 313 96 47
22 242 392 18 457
83 381 469 359 192
386 141 130 417 135
283 360 52 249 395
205 462 213 225 335
191 189 45 266 118
99 113 233 70 139
448 26 46 51 229
97 195 38 151 318
63 373 324 303 299
60 483 379 377 295
24 36 314 240 94
290 384 134 12 167
31 267 137 165 107
471 7 66 41 255
423 369 1 331 400
330 126 313 96 47
22 242 392 18 457
83 381 469 359 192
386 141 130 417 135
283 360 52 249 395
205 462 213 225 335
191 189 45 266 118
99 113 233 70 139
448 26 46 51 229
97 195 38 151 318
63 373 324 303 299
60 483 379 377 295
24 36 314 240 94
290 384 134 12 167
31 267 137 165 107
471 7 66 41 255
499 402 154 428 297
423 369 1 331 400
330 126 313 96 47
22 242 392 18 457
83 381 469 359 192
386 141 130 417 135
283 360 52 249 395
205 462 213 225 335
191 189 45 266 118
99 113 233 70 139
448 26 46 51 229
97 195 38 151 318
63 373 324 303 299
60 483 379 377 295
24 36 314 240 94
290 384 134 12 167
31 267 137 165 107
471 7 66 41 255
499 402 154 428 297
348 356 37 180 358
423 369 1 331 400
330 126 313 96 47
22 242 392 18 457
83 381 469 359 192
386 141 130 417 135
283 360 52 249 395
205 462 213 225 335
191 189 45 266 118
99 113 233 70 139
448 26 46 51 229
97 195 38 151 318
63 373 324 303 299
60 483 379 377 295
24 36 314 240 94
290 384 134 12 167
31 267 137 165 107
471 7 66 41 255
499 402 154 428 297
348 356 37 180 358
391 438 320 354 87
423 369 1 331 400
330 126 313 96 47
22 242 392 18 457
83 381 469 359 192
386 141 130 417 135
283 360 52 249 395
205 462 213 225 335
191 189 45 266 118
99 113 233 70 139
448 26 46 51 229
97 195 38 151 318
63 373 324 303 299
60 483 379 377 295
24 36 314 240 94
290 384 134 12 167
31 267 137 165 107
471 7 66 41 255
499 402 154 428 297
348 356 37 180 358
391 438 320 354 87
309 300 355 247 496
423 369 1 331 400
330 126 313 96 47
22 242 392 18 457
83 381 469 359 192
386 141 130 417 135
283 360 52 249 395
205 462 213 225 335
191 189 45 266 118
99 113 233 70 139
448 26 46 51 229
97 195 38 151 318
63 373 324 303 299
60 483 379 377 295
24 36 314 240 94
290 384 134 12 167
31 267 137 165 107
471 7 66 41 255
499 402 154 428 297
348 356 37 180 358
391 438 320 354 87
309 300 355 247 496
169 224 178 194 272
423 369 1 331 400
330 126 313 96 47
22 242 392 18 457
83 381 469 359 192
386 141 130 417 135
283 360 52 249 395
205 462 213 225 335
191 189 45 266 118
99 113 233 70 139
448 26 46 51 229
97 195 38 151 318
63 373 324 303 299
60 483 379 377 295
24 36 314 240 94
290 384 134 12 167
31 267 137 165 107
471 7 66 41 255
499 402 154 428 297
348 356 37 180 358
391 438 320 354 87
309 300 355 247 496
169 224 178 194 272
48 293 123 498 67
423 369 1 331 400
330 126 313 96 47
22 242 392 18 457
83 381 469 359 192
386 141 130 417 135
283 360 52 249 395
205 462 213 225 335
191 189 45 266 118
99 113 233 70 139
448 26 46 51 229
97 195 38 151 318
63 373 324 303 299
60 483 379 377 295
24 36 314 240 94
290 384 134 12 167
31 267 137 165 107
471 7 66 41 255
499 402 154 428 297
348 356 37 180 358
391 438 320 354 87
309 300 355 247 496
169 224 178 194 272
48 293 123 498 67
208 246 163 408 149
423 369 1 331 400
330 126 313 96 47
22 242 392 18 457
83 381 469 359 192
386 141 130 417 135
283 360 52 249 395
205 462 213 225 335
191 189 45 266 118
99 113 233 70 139
448 26 46 51 229
97 195 38 151 318
63 373 324 303 299
60 483 379 377 295
24 36 314 240 94
290 384 134 12 167
31 267 137 165 107
471 7 66 41 255
499 402 154 428 297
348 356 37 180 358
391 438 320 354 87
309 300 355 247 496
169 224 178 194 272
48 293 123 498 67
208 246 163 408 149
92 111 244 156 161
423 369 1 331 400
330 126 313 96 47
22 242 392 18 457
83 381 469 359 192
386 141 130 417 135
283 360 52 249 395
205 462 213 225 335
191 189 45 266 118
99 113 233 70 139
448 26 46 51 229
97 195 38 151 318
63 373 324 303 299
60 483 379 377 295
24 36 314 240 94
290 384 134 12 167
31 267 137 165 107
471 7 66 41 255
499 402 154 428 297
348 356 37 180 358
391 438 320 354 87
309 300 355 247 496
169 224 178 194 272
48 293 123 498 67
208 246 163 408 149
92 111 244 156 161
321 404 198 413 72
423 369 1 331 400
330 126 313 96 47
22 242 392 18 457
83 381 469 359 192
386 141 130 417 135
283 360 52 249 395
205 462 213 225 335
191 189 45 266 118
99 113 233 70 139
448 26 46 51 229
97 195 38 151 318
63 373 324 303 299
60 483 379 377 295
24 36 314 240 94
290 384 134 12 167
31 267 137 165 107
471 7 66 41 255
499 402 154 428 297
348 356 37 180 358
391 438 320 354 87
309 300 355 247 496
169 224 178 194 272
48 293 123 498 67
208 246 163 408 149
92 111 244 156 161
321 404 198 413 72
168 306 220 147 284
423 369 1 331 400
330 126 313 96 47
22 242 392 18 457
83 381 469 359 192
386 141 130 417 135
283 360 52 249 395
205 462 213 225 335
191 189 45 266 118
99 113 233 70 139
448 26 46 51 229
97 195 38 151 318
63 373 324 303 299
60 483 379 377 295
24 36 314 240 94
290 384 134 12 167
31 267 137 165 107
471 7 66 41 255
499 402 154 428 297
348 356 37 180 358
391 438 320 354 87
309 300 355 247 496
169 224 178 194 272
48 293 123 498 67
208 246 163 408 149
92 111 244 156 161
321 404 198 413 72
168 306 220 147 284
407 325 285 399 387
423 369 1 331 400
330 126 313 96 47
22 242 392 18 457
83 381 469 359 192
386 141 130 417 135
283 360 52 249 395
205 462 213 225 335
191 189 45 266 118
99 113 233 70 139
448 26 46 51 229
97 195 38 151 318
63 373 324 303 299
60 483 379 377 295
24 36 314 240 94
290 384 134 12 167
31 267 137 165 107
471 7 66 41 255
499 402 154 428 297
348 356 37 180 358
391 438 320 354 87
309 300 355 247 496
169 224 178 194 272
48 293 123 498 67
208 246 163 408 149
92 111 244 156 161
321 404 198 413 72
168 306 220 147 284
407 325 285 399 387
437 157 304 401 264
423 369 1 331 400
330 126 313 96 47
22 242 392 18 457
83 381 469 359 192
386 141 130 417 135
283 360 52 249 395
205 462 213 225 335
191 189 45 266 118
99 113 233 70 139
448 26 46 51 229
97 195 38 151 318
63 373 324 303 299
60 483 379 377 295
24 36 314 240 94
290 384 134 12 167
31 267 137 165 107
471 7 66 41 255
499 402 154 428 297
348 356 37 180 358
391 438 320 354 87
309 300 355 247 496
169 224 178 194 272
48 293 123 498 67
208 246 163 408 149
92 111 244 156 161
321 404 198 413 72
168 306 220 147 284
407 325 285 399 387
437 157 304 401 264
88 319 370 464 429
423 369 1 331 400
330 126 313 96 47
22 242 392 18 457
83 381 469 359 192
386 141 130 417 135
283 360 52 249 395
205 462 213 225 335
191 189 45 266 118
99 113 233 70 139
448 26 46 51 229
97 195 38 151 318
63 373 324 303 299
60 483 379 377 295
24 36 314 240 94
290 384 134 12 167
31 267 137 165 107
471 7 66 41 255
499 402 154 428 297
348 356 37 180 358
391 438 320 354 87
309 300 355 247 496
169 224 178 194 272
48 293 123 498 67
208 246 163 408 149
92 111 244 156 161
321 404 198 413 72
168 306 220 147 284
407 325 285 399 387
437 157 304 401 264
88 319 370 464 429
11 197 108 488 310
423 369 1 331 400
330 126 313 96 47
22 242 392 18 457
83 381 469 359 192
386 141 130 417 135
283 360 52 249 395
205 462 213 225 335
191 189 45 266 118
99 113 233 70 139
448 26 46 51 229
97 195 38 151 318
63 373 324 303 299
60 483 379 377 295
24 36 314 240 94
290 384 134 12 167
31 267 137 165 107
471 7 66 41 255
499 402 154 428 297
348 356 37 180 358
391 438 320 354 87
309 300 355 247 496
169 224 178 194 272
48 293 123 498 67
208 246 163 408 149
92 111 244 156 161
321 404 198 413 72
168 306 220 147 284
407 325 285 399 387
437 157 304 401 264
88 319 370 464 429
11 197 108 488 310
142 364 265 463 30
423 369 1 331 400
330 126 313 96 47
22 242 392 18 457
83 381 469 359 192
386 141 130 417 135
283 360 52 249 395
205 462 213 225 335
191 189 45 266 118
99 113 233 70 139
448 26 46 51 229
97 195 38 151 318
63 373 324 303 299
60 483 379 377 295
24 36 314 240 94
290 384 134 12 167
31 267 137 165 107
471 7 66 41 255
499 402 154 428 297
348 356 37 180 358
391 438 320 354 87
309 300 355 247 496
169 224 178 194 272
48 293 123 498 67
208 246 163 408 149
92 111 244 156 161
321 404 198 413 72
168 306 220 147 284
407 325 285 399 387
437 157 304 401 264
88 319 370 464 429
11 197 108 488 310
142 364 265 463 30
202 286 352 311 128
423 369 1 331 400
330 126 313 96 47
22 242 392 18 457
83 381 469 359 192
386 141 130 417 135
283 360 52 249 395
205 462 213 225 335
191 189 45 266 118
99 113 233 70 139
448 26 46 51 229
97 195 38 151 318
63 373 324 303 299
60 483 379 377 295
24 36 314 240 94
290 384 134 12 167
31 267 137 165 107
471 7 66 41 255
499 402 154 428 297
348 356 37 180 358
391 438 320 354 87
309 300 355 247 496
169 224 178 194 272
48 293 123 498 67
208 246 163 408 149
92 111 244 156 161
321 404 198 413 72
168 306 220 147 284
407 325 285 399 387
437 157 304 401 264
88 319 370 464 429
11 197 108 488 310
142 364 265 463 30
202 286 352 311 128
78 478 61 317 380
423 369 1 331 400
330 126 313 96 47
22 242 392 18 457
83 381 469 359 192
386 141 130 417 135
283 360 52 249 395
205 462 213 225 335
191 189 45 266 118
99 113 233 70 139
448 26 46 51 229
97 195 38 151 318
63 373 324 303 299
60 483 379 377 295
24 36 314 240 94
290 384 134 12 167
31 267 137 165 107
471 7 66 41 255
499 402 154 428 297
348 356 37 180 358
391 438 320 354 87
309 300 355 247 496
169 224 178 194 272
48 293 123 498 67
208 246 163 408 149
92 111 244 156 161
321 404 198 413 72
168 306 220 147 284
407 325 285 399 387
437 157 304 401 264
88 319 370 464 429
11 197 108 488 310
142 364 265 463 30
202 286 352 311 128
78 478 61 317 380
449 143 261 221 305
423 369 1 331 400
330 126 313 96 47
22 242 392 18 457
83 381 469 359 192
386 141 130 417 135
283 360 52 249 395
205 462 213 225 335
191 189 45 266 118
99 113 233 70 139
448 26 46 51 229
97 195 38 151 318
63 373 324 303 299
60 483 379 377 295
24 36 314 240 94
290 384 134 12 167
31 267 137 165 107
471 7 66 41 255
499 402 154 428 297
348 356 37 180 358
391 438 320 354 87
309 300 355 247 496
169 224 178 194 272
48 293 123 498 67
208 246 163 408 149
92 111 244 156 161
321 404 198 413 72
168 306 220 147 284
407 325 285 399 387
437 157 304 401 264
88 319 370 464 429
11 197 108 488 310
142 364 265 463 30
202 286 352 311 128
78 478 61 317 380
449 143 261 221 305
105 81 119 398 476
423 369 1 331 400
330 126 313 96 47
22 242 392 18 457
83 381 469 359 192
386 141 130 417 135
283 360 52 249 395
205 462 213 225 335
191 189 45 266 118
99 113 233 70 139
448 26 46 51 229
97 195 38 151 318
63 373 324 303 299
60 483 379 377 295
24 36 314 240 94
290 384 134 12 167
31 267 137 165 107
471 7 66 41 255
499 402 154 428 297
348 356 37 180 358
391 438 320 354 87
309 300 355 247 496
169 224 178 194 272
48 293 123 498 67
208 246 163 408 149
92 111 244 156 161
321 404 198 413 72
168 306 220 147 284
407 325 285 399 387
437 157 304 401 264
88 319 370 464 429
11 197 108 488 310
142 364 265 463 30
202 286 352 311 128
78 478 61 317 380
449 143 261 221 305
105 81 119 398 476
77 263 190 378 10
423 369 1 331 400
330 126 313 96 47
22 242 392 18 457
83 381 469 359 192
386 141 130 417 135
283 360 52 249 395
205 462 213 225 335
191 189 45 266 118
99 113 233 70 139
448 26 46 51 229
97 195 38 151 318
63 373 324 303 299
60 483 379 377 295
24 36 314 240 94
290 384 134 12 167
31 267 137 165 107
471 7 66 41 255
499 402 154 428 297
348 356 37 180 358
391 438 320 354 87
309 300 355 247 496
169 224 178 194 272
48 293 123 498 67
208 246 163 408 149
92 111 244 156 161
321 404 198 413 72
168 306 220 147 284
407 325 285 399 387
437 157 304 401 264
88 319 370 464 429
11 197 108 488 310
142 364 265 463 30
202 286 352 311 128
78 478 61 317 380
449 143 261 221 305
105 81 119 398 476
77 263 190 378 10
385 121 146 20 162
423 369 1 331 400
330 126 313 96 47
22 242 392 18 457
83 381 469 359 192
386 141 130 417 135
283 360 52 249 395
205 462 213 225 335
191 189 45 266 118
99 113 233 70 139
448 26 46 51 229
97 195 38 151 318
63 373 324 303 299
60 483 379 377 295
24 36 314 240 94
290 384 134 12 167
31 267 137 165 107
471 7 66 41 255
499 402 154 428 297
348 356 37 180 358
391 438 320 354 87
309 300 355 247 496
169 224 178 194 272
48 293 123 498 67
208 246 163 408 149
92 111 244 156 161
321 404 198 413 72
168 306 220 147 284
407 325 285 399 387
437 157 304 401 264
88 319 370 464 429
11 197 108 488 310
142 364 265 463 30
202 286 352 311 128
78 478 61 317 380
449 143 261 221 305
105 81 119 398 476
77 263 190 378 10
385 121 146 20 162
341 316 35 86 42
423 369 1 331 400
330 126 313 96 47
22 242 392 18 457
83 381 469 359 192
386 141 130 417 135
283 360 52 249 395
205 462 213 225 335
191 189 45 266 118
99 113 233 70 139
448 26 46 51 229
97 195 38 151 318
63 373 324 303 299
60 483 379 377 295
24 36 314 240 94
290 384 134 12 167
31 267 137 165 107
471 7 66 41 255
499 402 154 428 297
348 356 37 180 358
391 438 320 354 87
309 300 355 247 496
169 224 178 194 272
48 293 123 498 67
208 246 163 408 149
92 111 244 156 161
321 404 198 413 72
168 306 220 147 284
407 325 285 399 387
437 157 304 401 264
88 319 370 464 429
11 197 108 488 310
142 364 265 463 30
202 286 352 311 128
78 478 61 317 380
449 143 261 221 305
105 81 119 398 476
77 263 190 378 10
385 121 146 20 162
341 316 35 86 42
187 245 344 434 57
423 369 1 331 400
330 126 313 96 47
22 242 392 18 457
83 381 469 359 192
386 141 130 417 135
283 360 52 249 395
205 462 213 225 335
191 189 45 266 118
99 113 233 70 139
448 26 46 51 229
97 195 38 151 318
63 373 324 303 299
60 483 379 377 295
24 36 314 240 94
290 384 134 12 167
31 267 137 165 107
471 7 66 41 255
499 402 154 428 297
348 356 37 180 358
391 438 320 354 87
309 300 355 247 496
169 224 178 194 272
48 293 123 498 67
208 246 163 408 149
92 111 244 156 161
321 404 198 413 72
168 306 220 147 284
407 325 285 399 387
437 157 304 401 264
88 319 370 464 429
11 197 108 488 310
142 364 265 463 30
202 286 352 311 128
78 478 61 317 380
449 143 261 221 305
105 81 119 398 476
77 263 190 378 10
385 121 146 20 162
341 316 35 86 42
187 245 344 434 57
209 460 268 375 406
423 369 1 331 400
330 126 313 96 47
22 242 392 18 457
83 381 469 359 192
386 141 130 417 135
283 360 52 249 395
205 462 213 225 335
191 189 45 266 118
99 113 233 70 139
448 26 46 51 229
97 195 38 151 318
63 373 324 303 299
60 483 379 377 295
24 36 314 240 94
290 384 134 12 167
31 267 137 165 107
471 7 66 41 255
499 402 154 428 297
348 356 37 180 358
391 438 320 354 87
309 300 355 247 496
169 224 178 194 272
48 293 123 498 67
208 246 163 408 149
92 111 244 156 161
321 404 198 413 72
168 306 220 147 284
407 325 285 399 387
437 157 304 401 264
88 319 370 464 429
11 197 108 488 310
142 364 265 463 30
202 286 352 311 128
78 478 61 317 380
449 143 261 221 305
105 81 119 398 476
77 263 190 378 10
385 121 146 20 162
341 316 35 86 42
187 245 344 434 57
209 460 268 375 406
228 13 27 418 116
423 369 1 331 400
330 126 313 96 47
22 242 392 18 457
83 381 469 359 192
386 141 130 417 135
283 360 52 249 395
205 462 213 225 335
191 189 45 266 118
99 113 233 70 139
448 26 46 51 229
97 195 38 151 318
63 373 324 303 299
60 483 379 377 295
24 36 314 240 94
290 384 134 12 167
31 267 137 165 107
471 7 66 41 255
499 402 154 428 297
348 356 37 180 358
391 438 320 354 87
309 300 355 247 496
169 224 178 194 272
48 293 123 498 67
208 246 163 408 149
92 111 244 156 161
321 404 198 413 72
168 306 220 147 284
407 325 285 399 387
437 157 304 401 264
88 319 370 464 429
11 197 108 488 310
142 364 265 463 30
202 286 352 311 128
78 478 61 317 380
449 143 261 221 305
105 81 119 398 476
77 263 190 378 10
385 121 146 20 162
341 316 35 86 42
187 245 344 434 57
209 460 268 375 406
228 13 27 418 116
282 69 315 16 140
423 369 1 331 400
330 126 313 96 47
22 242 392 18 457
83 381 469 359 192
386 141 130 417 135
283 360 52 249 395
205 462 213 225 335
191 189 45 266 118
99 113 233 70 139
448 26 46 51 229
97 195 38 151 318
63 373 324 303 299
60 483 379 377 295
24 36 314 240 94
290 384 134 12 167
31 267 137 165 107
471 7 66 41 255
499 402 154 428 297
348 356 37 180 358
391 438 320 354 87
309 300 355 247 496
169 224 178 194 272
48 293 123 498 67
208 246 163 408 149
92 111 244 156 161
321 404 198 413 72
168 306 220 147 284
407 325 285 399 387
437 157 304 401 264
88 319 370 464 429
11 197 108 488 310
142 364 265 463 30
202 286 352 311 128
78 478 61 317 380
449 143 261 221 305
105 81 119 398 476
77 263 190 378 10
385 121 146 20 162
341 316 35 86 42
187 245 344 434 57
209 460 268 375 406
228 13 27 418 116
282 69 315 16 140
376 480 17 98 138
423 369 1 331 400
330 126 313 96 47
22 242 392 18 457
83 381 469 359 192
386 141 130 417 135
283 360 52 249 395
205 462 213 225 335
191 189 45 266 118
99 113 233 70 139
448 26 46 51 229
97 195 38 151 318
63 373 324 303 299
60 483 379 377 295
24 36 314 240 94
290 384 134 12 167
31 267 137 165 107
471 7 66 41 255
499 402 154 428 297
348 356 37 180 358
391 438 320 354 87
309 300 355 247 496
169 224 178 194 272
48 293 123 498 67
208 246 163 408 149
92 111 244 156 161
321 404 198 413 72
168 306 220 147 284
407 325 285 399 387
437 157 304 401 264
88 319 370 464 429
11 197 108 488 310
142 364 265 463 30
202 286 352 311 128
78 478 61 317 380
449 143 261 221 305
105 81 119 398 476
77 263 190 378 10
385 121 146 20 162
341 316 35 86 42
187 245 344 434 57
209 460 268 375 406
228 13 27 418 116
282 69 315 16 140
376 480 17 98 138
289 145 110 160 421
423 369 1 331 400
330 126 313 96 47
22 242 392 18 457
83 381 469 359 192
386 141 130 417 135
283 360 52 249 395
205 462 213 225 335
191 189 45 266 118
99 113 233 70 139
448 26 46 51 229
97 195 38 151 318
63 373 324 303 299
60 483 379 377 295
24 36 314 240 94
290 384 134 12 167
31 267 137 165 107
471 7 66 41 255
499 402 154 428 297
348 356 37 180 358
391 438 320 354 87
309 300 355 247 496
169 224 178 194 272
48 293 123 498 67
208 246 163 408 149
92 111 244 156 161
321 404 198 413 72
168 306 220 147 284
407 325 285 399 387
437 157 304 401 264
88 319 370 464 429
11 197 108 488 310
142 364 265 463 30
202 286 352 311 128
78 478 61 317 380
449 143 261 221 305
105 81 119 398 476
77 263 190 378 10
385 121 146 20 162
341 316 35 86 42
187 245 344 434 57
209 460 268 375 406
228 13 27 418 116
282 69 315 16 140
376 480 17 98 138
289 145 110 160 421
312 248 453 486 219
423 369 1 331 400
330 126 313 96 47
22 242 392 18 457
83 381 469 359 192
386 141 130 417 135
283 360 52 249 395
205 462 213 225 335
191 189 45 266 118
99 113 233 70 139
448 26 46 51 229
97 195 38 151 318
63 373 324 303 299
60 483 379 377 295
24 36 314 240 94
290 384 134 12 167
31 267 137 165 107
471 7 66 41 255
499 402 154 428 297
348 356 37 180 358
391 438 320 354 87
309 300 355 247 496
169 224 178 194 272
48 293 123 498 67
208 246 163 408 149
92 111 244 156 161
321 404 198 413 72
168 306 220 147 284
407 325 285 399 387
437 157 304 401 264
88 319 370 464 429
11 197 108 488 310
142 364 265 463 30
202 286 352 311 128
78 478 61 317 380
449 143 261 221 305
105 81 119 398 476
77 263 190 378 10
385 121 146 20 162
341 316 35 86 42
187 245 344 434 57
209 460 268 375 406
228 13 27 418 116
282 69 315 16 140
376 480 17 98 138
289 145 110 160 421
312 248 453 486 219
422 346 173 382 269
423 369 1 331 400
330 126 313 96 47
22 242 392 18 457
83 381 469 359 192
386 141 130 417 135
283 360 52 249 395
205 462 213 225 335
191 189 45 266 118
99 113 233 70 139
448 26 46 51 229
97 195 38 151 318
63 373 324 303 299
60 483 379 377 295
24 36 314 240 94
290 384 134 12 167
31 267 137 165 107
471 7 66 41 255
499 402 154 428 297
348 356 37 180 358
391 438 320 354 87
309 300 355 247 496
169 224 178 194 272
48 293 123 498 67
208 246 163 408 149
92 111 244 156 161
321 404 198 413 72
168 306 220 147 284
407 325 285 399 387
437 157 304 401 264
88 319 370 464 429
11 197 108 488 310
142 364 265 463 30
202 286 352 311 128
78 478 61 317 380
449 143 261 221 305
105 81 119 398 476
77 263 190 378 10
385 121 146 20 162
341 316 35 86 42
187 245 344 434 57
209 460 268 375 406
228 13 27 418 116
282 69 315 16 140
376 480 17 98 138
289 145 110 160 421
312 248 453 486 219
422 346 173 382 269
106 50 174 125 59
423 369 1 331 400
330 126 313 96 47
22 242 392 18 457
83 381 469 359 192
386 141 130 417 135
283 360 52 249 395
205 462 213 225 335
191 189 45 266 118
99 113 233 70 139
448 26 46 51 229
97 195 38 151 318
63 373 324 303 299
60 483 379 377 295
24 36 314 240 94
290 384 134 12 167
31 267 137 165 107
471 7 66 41 255
499 402 154 428 297
348 356 37 180 358
391 438 320 354 87
309 300 355 247 496
169 224 178 194 272
48 293 123 498 67
208 246 163 408 149
92 111 244 156 161
321 404 198 413 72
168 306 220 147 284
407 325 285 399 387
437 157 304 401 264
88 319 370 464 429
11 197 108 488 310
142 364 265 463 30
202 286 352 311 128
78 478 61 317 380
449 143 261 221 305
105 81 119 398 476
77 263 190 378 10
385 121 146 20 162
341 316 35 86 42
187 245 344 434 57
209 460 268 375 406
228 13 27 418 116
282 69 315 16 140
376 480 17 98 138
289 145 110 160 421
312 248 453 486 219
422 346 173 382 269
106 50 174 125 59
239 446 155 276 420
423 369 1 331 400
330 126 313 96 47
22 242 392 18 457
83 381 469 359 192
386 141 130 417 135
283 360 52 249 395
205 462 213 225 335
191 189 45 266 118
99 113 233 70 139
448 26 46 51 229
97 195 38 151 318
63 373 324 303 299
60 483 379 377 295
24 36 314 240 94
290 384 134 12 167
31 267 137 165 107
471 7 66 41 255
499 402 154 428 297
348 356 37 180 358
391 438 320 354 87
309 300 355 247 496
169 224 178 194 272
48 293 123 498 67
208 246 163 408 149
92 111 244 156 161
321 404 198 413 72
168 306 220 147 284
407 325 285 399 387
437 157 304 401 264
88 319 370 464 429
11 197 108 488 310
142 364 265 463 30
202 286 352 311 128
78 478 61 317 380
449 143 261 221 305
105 81 119 398 476
77 263 190 378 10
385 121 146 20 162
341 316 35 86 42
187 245 344 434 57
209 460 268 375 406
228 13 27 418 116
282 69 315 16 140
376 480 17 98 138
289 145 110 160 421
312 248 453 486 219
422 346 173 382 269
106 50 174 125 59
239 446 155 276 420
439 468 298 485 443
