268 231 338 119 5
265 115 187 54 4
276 464 206 36 349
285 271 150 296 94
275 235 2 462 182
438 257 16 90 77
83 396 304 221 124
495 215 191 260 386
60 95 485 489 22
64 498 248 470 457
46 25 468 454 412
21 430 339 118 364
55 309 270 389 479
491 143 103 297 476
7 35 49 387 350
335 314 172 183 266
405 126 453 217 33
169 73 201 214 420
484 79 459 480 59
141 435 24 192 258
97 238 252 204 456
315 134 99 229 213
443 481 232 226 381
411 331 380 149 171
32 295 43 220 324
135 56 190 330 178
421 69 334 418 429
343 311 423 466 44
436 432 269 142 157
42 75 346 289 14
156 145 497 38 283
431 247 490 308 478
494 409 244 80 422
195 139 263 250 84
108 158 465 397 40
185 352 159 415 274
74 125 101 359 354
384 186 137 8 472
264 109 3 179 390
407 167 53 441 417
86 408 461 48 65
237 272 486 147 326
222 88 188 148 254
236 136 496 463 307
347 51 273 120 72
388 427 18 499 253
11 446 37 325 477
403 39 17 34 493
102 19 395 379 327
251 450 96 321 303
