444 147 280 181 178
444 147 280 181 178
79 30 499 18 133
444 147 280 181 178
79 30 499 18 133
16 229 163 383 387
444 147 280 181 178
79 30 499 18 133
16 229 163 383 387
399 305 341 384 93
444 147 280 181 178
79 30 499 18 133
16 229 163 383 387
399 305 341 384 93
240 412 498 423 187
444 147 280 181 178
79 30 499 18 133
16 229 163 383 387
399 305 341 384 93
240 412 498 423 187
3 431 235 208 196
444 147 280 181 178
79 30 499 18 133
16 229 163 383 387
399 305 341 384 93
240 412 498 423 187
3 431 235 208 196
373 28 360 241 182
444 147 280 181 178
79 30 499 18 133
16 229 163 383 387
399 305 341 384 93
240 412 498 423 187
3 431 235 208 196
373 28 360 241 182
367 375 312 2 494
444 147 280 181 178
79 30 499 18 133
16 229 163 383 387
399 305 341 384 93
240 412 498 423 187
3 431 235 208 196
373 28 360 241 182
367 375 312 2 494
195 266 318 464 56
444 147 280 181 178
79 30 499 18 133
16 229 163 383 387
399 305 341 384 93
240 412 498 423 187
3 431 235 208 196
373 28 360 241 182
367 375 312 2 494
195 266 318 464 56
350 417 101 95 310
444 147 280 181 178
79 30 499 18 133
16 229 163 383 387
399 305 341 384 93
240 412 498 423 187
3 431 235 208 196
373 28 360 241 182
367 375 312 2 494
195 266 318 464 56
350 417 101 95 310
65 160 409 432 482
444 147 280 181 178
79 30 499 18 133
16 229 163 383 387
399 305 341 384 93
240 412 498 423 187
3 431 235 208 196
373 28 360 241 182
367 375 312 2 494
195 266 318 464 56
350 417 101 95 310
65 160 409 432 482
454 209 175 137 450
444 147 280 181 178
79 30 499 18 133
16 229 163 383 387
399 305 341 384 93
240 412 498 423 187
3 431 235 208 196
373 28 360 241 182
367 375 312 2 494
195 266 318 464 56
350 417 101 95 310
65 160 409 432 482
454 209 175 137 450
410 287 38 284 27
444 147 280 181 178
79 30 499 18 133
16 229 163 383 387
399 305 341 384 93
240 412 498 423 187
3 431 235 208 196
373 28 360 241 182
367 375 312 2 494
195 266 318 464 56
350 417 101 95 310
65 160 409 432 482
454 209 175 137 450
410 287 38 284 27
142 356 131 129 194
444 147 280 181 178
79 30 499 18 133
16 229 163 383 387
399 305 341 384 93
240 412 498 423 187
3 431 235 208 196
373 28 360 241 182
367 375 312 2 494
195 266 318 464 56
350 417 101 95 310
65 160 409 432 482
454 209 175 137 450
410 287 38 284 27
142 356 131 129 194
121 227 415 316 254
444 147 280 181 178
79 30 499 18 133
16 229 163 383 387
399 305 341 384 93
240 412 498 423 187
3 431 235 208 196
373 28 360 241 182
367 375 312 2 494
195 266 318 464 56
350 417 101 95 310
65 160 409 432 482
454 209 175 137 450
410 287 38 284 27
142 356 131 129 194
121 227 415 316 254
216 416 86 262 143
444 147 280 181 178
79 30 499 18 133
16 229 163 383 387
399 305 341 384 93
240 412 498 423 187
3 431 235 208 196
373 28 360 241 182
367 375 312 2 494
195 266 318 464 56
350 417 101 95 310
65 160 409 432 482
454 209 175 137 450
410 287 38 284 27
142 356 131 129 194
121 227 415 316 254
216 416 86 262 143
35 7 309 239 313
444 147 280 181 178
79 30 499 18 133
16 229 163 383 387
399 305 341 384 93
240 412 498 423 187
3 431 235 208 196
373 28 360 241 182
367 375 312 2 494
195 266 318 464 56
350 417 101 95 310
65 160 409 432 482
454 209 175 137 450
410 287 38 284 27
142 356 131 129 194
121 227 415 316 254
216 416 86 262 143
35 7 309 239 313
250 68 455 180 462
444 147 280 181 178
79 30 499 18 133
16 229 163 383 387
399 305 341 384 93
240 412 498 423 187
3 431 235 208 196
373 28 360 241 182
367 375 312 2 494
195 266 318 464 56
350 417 101 95 310
65 160 409 432 482
454 209 175 137 450
410 287 38 284 27
142 356 131 129 194
121 227 415 316 254
216 416 86 262 143
35 7 309 239 313
250 68 455 180 462
314 184 330 258 435
444 147 280 181 178
79 30 499 18 133
16 229 163 383 387
399 305 341 384 93
240 412 498 423 187
3 431 235 208 196
373 28 360 241 182
367 375 312 2 494
195 266 318 464 56
350 417 101 95 310
65 160 409 432 482
454 209 175 137 450
410 287 38 284 27
142 356 131 129 194
121 227 415 316 254
216 416 86 262 143
35 7 309 239 313
250 68 455 180 462
314 184 330 258 435
335 212 122 159 426
444 147 280 181 178
79 30 499 18 133
16 229 163 383 387
399 305 341 384 93
240 412 498 423 187
3 431 235 208 196
373 28 360 241 182
367 375 312 2 494
195 266 318 464 56
350 417 101 95 310
65 160 409 432 482
454 209 175 137 450
410 287 38 284 27
142 356 131 129 194
121 227 415 316 254
216 416 86 262 143
35 7 309 239 313
250 68 455 180 462
314 184 330 258 435
335 212 122 159 426
161 0 51 135 372
444 147 280 181 178
79 30 499 18 133
16 229 163 383 387
399 305 341 384 93
240 412 498 423 187
3 431 235 208 196
373 28 360 241 182
367 375 312 2 494
195 266 318 464 56
350 417 101 95 310
65 160 409 432 482
454 209 175 137 450
410 287 38 284 27
142 356 131 129 194
121 227 415 316 254
216 416 86 262 143
35 7 309 239 313
250 68 455 180 462
314 184 330 258 435
335 212 122 159 426
161 0 51 135 372
303 69 13 290 89
444 147 280 181 178
79 30 499 18 133
16 229 163 383 387
399 305 341 384 93
240 412 498 423 187
3 431 235 208 196
373 28 360 241 182
367 375 312 2 494
195 266 318 464 56
350 417 101 95 310
65 160 409 432 482
454 209 175 137 450
410 287 38 284 27
142 356 131 129 194
121 227 415 316 254
216 416 86 262 143
35 7 309 239 313
250 68 455 180 462
314 184 330 258 435
335 212 122 159 426
161 0 51 135 372
303 69 13 290 89
21 448 429 190 413
444 147 280 181 178
79 30 499 18 133
16 229 163 383 387
399 305 341 384 93
240 412 498 423 187
3 431 235 208 196
373 28 360 241 182
367 375 312 2 494
195 266 318 464 56
350 417 101 95 310
65 160 409 432 482
454 209 175 137 450
410 287 38 284 27
142 356 131 129 194
121 227 415 316 254
216 416 86 262 143
35 7 309 239 313
250 68 455 180 462
314 184 330 258 435
335 212 122 159 426
161 0 51 135 372
303 69 13 290 89
21 448 429 190 413
456 217 80 393 11
444 147 280 181 178
79 30 499 18 133
16 229 163 383 387
399 305 341 384 93
240 412 498 423 187
3 431 235 208 196
373 28 360 241 182
367 375 312 2 494
195 266 318 464 56
350 417 101 95 310
65 160 409 432 482
454 209 175 137 450
410 287 38 284 27
142 356 131 129 194
121 227 415 316 254
216 416 86 262 143
35 7 309 239 313
250 68 455 180 462
314 184 330 258 435
335 212 122 159 426
161 0 51 135 372
303 69 13 290 89
21 448 429 190 413
456 217 80 393 11
177 200 17 144 443
444 147 280 181 178
79 30 499 18 133
16 229 163 383 387
399 305 341 384 93
240 412 498 423 187
3 431 235 208 196
373 28 360 241 182
367 375 312 2 494
195 266 318 464 56
350 417 101 95 310
65 160 409 432 482
454 209 175 137 450
410 287 38 284 27
142 356 131 129 194
121 227 415 316 254
216 416 86 262 143
35 7 309 239 313
250 68 455 180 462
314 184 330 258 435
335 212 122 159 426
161 0 51 135 372
303 69 13 290 89
21 448 429 190 413
456 217 80 393 11
177 200 17 144 443
1 446 43 485 210
444 147 280 181 178
79 30 499 18 133
16 229 163 383 387
399 305 341 384 93
240 412 498 423 187
3 431 235 208 196
373 28 360 241 182
367 375 312 2 494
195 266 318 464 56
350 417 101 95 310
65 160 409 432 482
454 209 175 137 450
410 287 38 284 27
142 356 131 129 194
121 227 415 316 254
216 416 86 262 143
35 7 309 239 313
250 68 455 180 462
314 184 330 258 435
335 212 122 159 426
161 0 51 135 372
303 69 13 290 89
21 448 429 190 413
456 217 80 393 11
177 200 17 144 443
1 446 43 485 210
141 343 281 421 264
444 147 280 181 178
79 30 499 18 133
16 229 163 383 387
399 305 341 384 93
240 412 498 423 187
3 431 235 208 196
373 28 360 241 182
367 375 312 2 494
195 266 318 464 56
350 417 101 95 310
65 160 409 432 482
454 209 175 137 450
410 287 38 284 27
142 356 131 129 194
121 227 415 316 254
216 416 86 262 143
35 7 309 239 313
250 68 455 180 462
314 184 330 258 435
335 212 122 159 426
161 0 51 135 372
303 69 13 290 89
21 448 429 190 413
456 217 80 393 11
177 200 17 144 443
1 446 43 485 210
141 343 281 421 264
4 336 221 424 422
444 147 280 181 178
79 30 499 18 133
16 229 163 383 387
399 305 341 384 93
240 412 498 423 187
3 431 235 208 196
373 28 360 241 182
367 375 312 2 494
195 266 318 464 56
350 417 101 95 310
65 160 409 432 482
454 209 175 137 450
410 287 38 284 27
142 356 131 129 194
121 227 415 316 254
216 416 86 262 143
35 7 309 239 313
250 68 455 180 462
314 184 330 258 435
335 212 122 159 426
161 0 51 135 372
303 69 13 290 89
21 448 429 190 413
456 217 80 393 11
177 200 17 144 443
1 446 43 485 210
141 343 281 421 264
4 336 221 424 422
333 473 377 488 385
444 147 280 181 178
79 30 499 18 133
16 229 163 383 387
399 305 341 384 93
240 412 498 423 187
3 431 235 208 196
373 28 360 241 182
367 375 312 2 494
195 266 318 464 56
350 417 101 95 310
65 160 409 432 482
454 209 175 137 450
410 287 38 284 27
142 356 131 129 194
121 227 415 316 254
216 416 86 262 143
35 7 309 239 313
250 68 455 180 462
314 184 330 258 435
335 212 122 159 426
161 0 51 135 372
303 69 13 290 89
21 448 429 190 413
456 217 80 393 11
177 200 17 144 443
1 446 43 485 210
141 343 281 421 264
4 336 221 424 422
333 473 377 488 385
246 211 292 495 346
444 147 280 181 178
79 30 499 18 133
16 229 163 383 387
399 305 341 384 93
240 412 498 423 187
3 431 235 208 196
373 28 360 241 182
367 375 312 2 494
195 266 318 464 56
350 417 101 95 310
65 160 409 432 482
454 209 175 137 450
410 287 38 284 27
142 356 131 129 194
121 227 415 316 254
216 416 86 262 143
35 7 309 239 313
250 68 455 180 462
314 184 330 258 435
335 212 122 159 426
161 0 51 135 372
303 69 13 290 89
21 448 429 190 413
456 217 80 393 11
177 200 17 144 443
1 446 43 485 210
141 343 281 421 264
4 336 221 424 422
333 473 377 488 385
246 211 292 495 346
156 366 75 26 107
444 147 280 181 178
79 30 499 18 133
16 229 163 383 387
399 305 341 384 93
240 412 498 423 187
3 431 235 208 196
373 28 360 241 182
367 375 312 2 494
195 266 318 464 56
350 417 101 95 310
65 160 409 432 482
454 209 175 137 450
410 287 38 284 27
142 356 131 129 194
121 227 415 316 254
216 416 86 262 143
35 7 309 239 313
250 68 455 180 462
314 184 330 258 435
335 212 122 159 426
161 0 51 135 372
303 69 13 290 89
21 448 429 190 413
456 217 80 393 11
177 200 17 144 443
1 446 43 485 210
141 343 281 421 264
4 336 221 424 422
333 473 377 488 385
246 211 292 495 346
156 366 75 26 107
23 14 117 427 496
444 147 280 181 178
79 30 499 18 133
16 229 163 383 387
399 305 341 384 93
240 412 498 423 187
3 431 235 208 196
373 28 360 241 182
367 375 312 2 494
195 266 318 464 56
350 417 101 95 310
65 160 409 432 482
454 209 175 137 450
410 287 38 284 27
142 356 131 129 194
121 227 415 316 254
216 416 86 262 143
35 7 309 239 313
250 68 455 180 462
314 184 330 258 435
335 212 122 159 426
161 0 51 135 372
303 69 13 290 89
21 448 429 190 413
456 217 80 393 11
177 200 17 144 443
1 446 43 485 210
141 343 281 421 264
4 336 221 424 422
333 473 377 488 385
246 211 292 495 346
156 366 75 26 107
23 14 117 427 496
244 411 134 249 348
444 147 280 181 178
79 30 499 18 133
16 229 163 383 387
399 305 341 384 93
240 412 498 423 187
3 431 235 208 196
373 28 360 241 182
367 375 312 2 494
195 266 318 464 56
350 417 101 95 310
65 160 409 432 482
454 209 175 137 450
410 287 38 284 27
142 356 131 129 194
121 227 415 316 254
216 416 86 262 143
35 7 309 239 313
250 68 455 180 462
314 184 330 258 435
335 212 122 159 426
161 0 51 135 372
303 69 13 290 89
21 448 429 190 413
456 217 80 393 11
177 200 17 144 443
1 446 43 485 210
141 343 281 421 264
4 336 221 424 422
333 473 377 488 385
246 211 292 495 346
156 366 75 26 107
23 14 117 427 496
244 411 134 249 348
32 231 397 115 395
444 147 280 181 178
79 30 499 18 133
16 229 163 383 387
399 305 341 384 93
240 412 498 423 187
3 431 235 208 196
373 28 360 241 182
367 375 312 2 494
195 266 318 464 56
350 417 101 95 310
65 160 409 432 482
454 209 175 137 450
410 287 38 284 27
142 356 131 129 194
121 227 415 316 254
216 416 86 262 143
35 7 309 239 313
250 68 455 180 462
314 184 330 258 435
335 212 122 159 426
161 0 51 135 372
303 69 13 290 89
21 448 429 190 413
456 217 80 393 11
177 200 17 144 443
1 446 43 485 210
141 343 281 421 264
4 336 221 424 422
333 473 377 488 385
246 211 292 495 346
156 366 75 26 107
23 14 117 427 496
244 411 134 249 348
32 231 397 115 395
460 201 430 98 165
444 147 280 181 178
79 30 499 18 133
16 229 163 383 387
399 305 341 384 93
240 412 498 423 187
3 431 235 208 196
373 28 360 241 182
367 375 312 2 494
195 266 318 464 56
350 417 101 95 310
65 160 409 432 482
454 209 175 137 450
410 287 38 284 27
142 356 131 129 194
121 227 415 316 254
216 416 86 262 143
35 7 309 239 313
250 68 455 180 462
314 184 330 258 435
335 212 122 159 426
161 0 51 135 372
303 69 13 290 89
21 448 429 190 413
456 217 80 393 11
177 200 17 144 443
1 446 43 485 210
141 343 281 421 264
4 336 221 424 422
333 473 377 488 385
246 211 292 495 346
156 366 75 26 107
23 14 117 427 496
244 411 134 249 348
32 231 397 115 395
460 201 430 98 165
99 468 174 369 452
444 147 280 181 178
79 30 499 18 133
16 229 163 383 387
399 305 341 384 93
240 412 498 423 187
3 431 235 208 196
373 28 360 241 182
367 375 312 2 494
195 266 318 464 56
350 417 101 95 310
65 160 409 432 482
454 209 175 137 450
410 287 38 284 27
142 356 131 129 194
121 227 415 316 254
216 416 86 262 143
35 7 309 239 313
250 68 455 180 462
314 184 330 258 435
335 212 122 159 426
161 0 51 135 372
303 69 13 290 89
21 448 429 190 413
456 217 80 393 11
177 200 17 144 443
1 446 43 485 210
141 343 281 421 264
4 336 221 424 422
333 473 377 488 385
246 211 292 495 346
156 366 75 26 107
23 14 117 427 496
244 411 134 249 348
32 231 397 115 395
460 201 430 98 165
99 468 174 369 452
317 186 94 185 394
444 147 280 181 178
79 30 499 18 133
16 229 163 383 387
399 305 341 384 93
240 412 498 423 187
3 431 235 208 196
373 28 360 241 182
367 375 312 2 494
195 266 318 464 56
350 417 101 95 310
65 160 409 432 482
454 209 175 137 450
410 287 38 284 27
142 356 131 129 194
121 227 415 316 254
216 416 86 262 143
35 7 309 239 313
250 68 455 180 462
314 184 330 258 435
335 212 122 159 426
161 0 51 135 372
303 69 13 290 89
21 448 429 190 413
456 217 80 393 11
177 200 17 144 443
1 446 43 485 210
141 343 281 421 264
4 336 221 424 422
333 473 377 488 385
246 211 292 495 346
156 366 75 26 107
23 14 117 427 496
244 411 134 249 348
32 231 397 115 395
460 201 430 98 165
99 468 174 369 452
317 186 94 185 394
71 6 74 471 470
444 147 280 181 178
79 30 499 18 133
16 229 163 383 387
399 305 341 384 93
240 412 498 423 187
3 431 235 208 196
373 28 360 241 182
367 375 312 2 494
195 266 318 464 56
350 417 101 95 310
65 160 409 432 482
454 209 175 137 450
410 287 38 284 27
142 356 131 129 194
121 227 415 316 254
216 416 86 262 143
35 7 309 239 313
250 68 455 180 462
314 184 330 258 435
335 212 122 159 426
161 0 51 135 372
303 69 13 290 89
21 448 429 190 413
456 217 80 393 11
177 200 17 144 443
1 446 43 485 210
141 343 281 421 264
4 336 221 424 422
333 473 377 488 385
246 211 292 495 346
156 366 75 26 107
23 14 117 427 496
244 411 134 249 348
32 231 397 115 395
460 201 430 98 165
99 468 174 369 452
317 186 94 185 394
71 6 74 471 470
493 191 132 325 198
444 147 280 181 178
79 30 499 18 133
16 229 163 383 387
399 305 341 384 93
240 412 498 423 187
3 431 235 208 196
373 28 360 241 182
367 375 312 2 494
195 266 318 464 56
350 417 101 95 310
65 160 409 432 482
454 209 175 137 450
410 287 38 284 27
142 356 131 129 194
121 227 415 316 254
216 416 86 262 143
35 7 309 239 313
250 68 455 180 462
314 184 330 258 435
335 212 122 159 426
161 0 51 135 372
303 69 13 290 89
21 448 429 190 413
456 217 80 393 11
177 200 17 144 443
1 446 43 485 210
141 343 281 421 264
4 336 221 424 422
333 473 377 488 385
246 211 292 495 346
156 366 75 26 107
23 14 117 427 496
244 411 134 249 348
32 231 397 115 395
460 201 430 98 165
99 468 174 369 452
317 186 94 185 394
71 6 74 471 470
493 191 132 325 198
148 81 363 52 331
444 147 280 181 178
79 30 499 18 133
16 229 163 383 387
399 305 341 384 93
240 412 498 423 187
3 431 235 208 196
373 28 360 241 182
367 375 312 2 494
195 266 318 464 56
350 417 101 95 310
65 160 409 432 482
454 209 175 137 450
410 287 38 284 27
142 356 131 129 194
121 227 415 316 254
216 416 86 262 143
35 7 309 239 313
250 68 455 180 462
314 184 330 258 435
335 212 122 159 426
161 0 51 135 372
303 69 13 290 89
21 448 429 190 413
456 217 80 393 11
177 200 17 144 443
1 446 43 485 210
141 343 281 421 264
4 336 221 424 422
333 473 377 488 385
246 211 292 495 346
156 366 75 26 107
23 14 117 427 496
244 411 134 249 348
32 231 397 115 395
460 201 430 98 165
99 468 174 369 452
317 186 94 185 394
71 6 74 471 470
493 191 132 325 198
148 81 363 52 331
166 96 63 138 388
444 147 280 181 178
79 30 499 18 133
16 229 163 383 387
399 305 341 384 93
240 412 498 423 187
3 431 235 208 196
373 28 360 241 182
367 375 312 2 494
195 266 318 464 56
350 417 101 95 310
65 160 409 432 482
454 209 175 137 450
410 287 38 284 27
142 356 131 129 194
121 227 415 316 254
216 416 86 262 143
35 7 309 239 313
250 68 455 180 462
314 184 330 258 435
335 212 122 159 426
161 0 51 135 372
303 69 13 290 89
21 448 429 190 413
456 217 80 393 11
177 200 17 144 443
1 446 43 485 210
141 343 281 421 264
4 336 221 424 422
333 473 377 488 385
246 211 292 495 346
156 366 75 26 107
23 14 117 427 496
244 411 134 249 348
32 231 397 115 395
460 201 430 98 165
99 468 174 369 452
317 186 94 185 394
71 6 74 471 470
493 191 132 325 198
148 81 363 52 331
166 96 63 138 388
24 428 106 447 151
444 147 280 181 178
79 30 499 18 133
16 229 163 383 387
399 305 341 384 93
240 412 498 423 187
3 431 235 208 196
373 28 360 241 182
367 375 312 2 494
195 266 318 464 56
350 417 101 95 310
65 160 409 432 482
454 209 175 137 450
410 287 38 284 27
142 356 131 129 194
121 227 415 316 254
216 416 86 262 143
35 7 309 239 313
250 68 455 180 462
314 184 330 258 435
335 212 122 159 426
161 0 51 135 372
303 69 13 290 89
21 448 429 190 413
456 217 80 393 11
177 200 17 144 443
1 446 43 485 210
141 343 281 421 264
4 336 221 424 422
333 473 377 488 385
246 211 292 495 346
156 366 75 26 107
23 14 117 427 496
244 411 134 249 348
32 231 397 115 395
460 201 430 98 165
99 468 174 369 452
317 186 94 185 394
71 6 74 471 470
493 191 132 325 198
148 81 363 52 331
166 96 63 138 388
24 428 106 447 151
252 176 420 295 282
444 147 280 181 178
79 30 499 18 133
16 229 163 383 387
399 305 341 384 93
240 412 498 423 187
3 431 235 208 196
373 28 360 241 182
367 375 312 2 494
195 266 318 464 56
350 417 101 95 310
65 160 409 432 482
454 209 175 137 450
410 287 38 284 27
142 356 131 129 194
121 227 415 316 254
216 416 86 262 143
35 7 309 239 313
250 68 455 180 462
314 184 330 258 435
335 212 122 159 426
161 0 51 135 372
303 69 13 290 89
21 448 429 190 413
456 217 80 393 11
177 200 17 144 443
1 446 43 485 210
141 343 281 421 264
4 336 221 424 422
333 473 377 488 385
246 211 292 495 346
156 366 75 26 107
23 14 117 427 496
244 411 134 249 348
32 231 397 115 395
460 201 430 98 165
99 468 174 369 452
317 186 94 185 394
71 6 74 471 470
493 191 132 325 198
148 81 363 52 331
166 96 63 138 388
24 428 106 447 151
252 176 420 295 282
152 12 220 97 259
444 147 280 181 178
79 30 499 18 133
16 229 163 383 387
399 305 341 384 93
240 412 498 423 187
3 431 235 208 196
373 28 360 241 182
367 375 312 2 494
195 266 318 464 56
350 417 101 95 310
65 160 409 432 482
454 209 175 137 450
410 287 38 284 27
142 356 131 129 194
121 227 415 316 254
216 416 86 262 143
35 7 309 239 313
250 68 455 180 462
314 184 330 258 435
335 212 122 159 426
161 0 51 135 372
303 69 13 290 89
21 448 429 190 413
456 217 80 393 11
177 200 17 144 443
1 446 43 485 210
141 343 281 421 264
4 336 221 424 422
333 473 377 488 385
246 211 292 495 346
156 366 75 26 107
23 14 117 427 496
244 411 134 249 348
32 231 397 115 395
460 201 430 98 165
99 468 174 369 452
317 186 94 185 394
71 6 74 471 470
493 191 132 325 198
148 81 363 52 331
166 96 63 138 388
24 428 106 447 151
252 176 420 295 282
152 12 220 97 259
358 197 37 401 57
444 147 280 181 178
79 30 499 18 133
16 229 163 383 387
399 305 341 384 93
240 412 498 423 187
3 431 235 208 196
373 28 360 241 182
367 375 312 2 494
195 266 318 464 56
350 417 101 95 310
65 160 409 432 482
454 209 175 137 450
410 287 38 284 27
142 356 131 129 194
121 227 415 316 254
216 416 86 262 143
35 7 309 239 313
250 68 455 180 462
314 184 330 258 435
335 212 122 159 426
161 0 51 135 372
303 69 13 290 89
21 448 429 190 413
456 217 80 393 11
177 200 17 144 443
1 446 43 485 210
141 343 281 421 264
4 336 221 424 422
333 473 377 488 385
246 211 292 495 346
156 366 75 26 107
23 14 117 427 496
244 411 134 249 348
32 231 397 115 395
460 201 430 98 165
99 468 174 369 452
317 186 94 185 394
71 6 74 471 470
493 191 132 325 198
148 81 363 52 331
166 96 63 138 388
24 428 106 447 151
252 176 420 295 282
152 12 220 97 259
358 197 37 401 57
171 84 300 437 33
444 147 280 181 178
79 30 499 18 133
16 229 163 383 387
399 305 341 384 93
240 412 498 423 187
3 431 235 208 196
373 28 360 241 182
367 375 312 2 494
195 266 318 464 56
350 417 101 95 310
65 160 409 432 482
454 209 175 137 450
410 287 38 284 27
142 356 131 129 194
121 227 415 316 254
216 416 86 262 143
35 7 309 239 313
250 68 455 180 462
314 184 330 258 435
335 212 122 159 426
161 0 51 135 372
303 69 13 290 89
21 448 429 190 413
456 217 80 393 11
177 200 17 144 443
1 446 43 485 210
141 343 281 421 264
4 336 221 424 422
333 473 377 488 385
246 211 292 495 346
156 366 75 26 107
23 14 117 427 496
244 411 134 249 348
32 231 397 115 395
460 201 430 98 165
99 468 174 369 452
317 186 94 185 394
71 6 74 471 470
493 191 132 325 198
148 81 363 52 331
166 96 63 138 388
24 428 106 447 151
252 176 420 295 282
152 12 220 97 259
358 197 37 401 57
171 84 300 437 33
112 392 257 82 327
444 147 280 181 178
79 30 499 18 133
16 229 163 383 387
399 305 341 384 93
240 412 498 423 187
3 431 235 208 196
373 28 360 241 182
367 375 312 2 494
195 266 318 464 56
350 417 101 95 310
65 160 409 432 482
454 209 175 137 450
410 287 38 284 27
142 356 131 129 194
121 227 415 316 254
216 416 86 262 143
35 7 309 239 313
250 68 455 180 462
314 184 330 258 435
335 212 122 159 426
161 0 51 135 372
303 69 13 290 89
21 448 429 190 413
456 217 80 393 11
177 200 17 144 443
1 446 43 485 210
141 343 281 421 264
4 336 221 424 422
333 473 377 488 385
246 211 292 495 346
156 366 75 26 107
23 14 117 427 496
244 411 134 249 348
32 231 397 115 395
460 201 430 98 165
99 468 174 369 452
317 186 94 185 394
71 6 74 471 470
493 191 132 325 198
148 81 363 52 331
166 96 63 138 388
24 428 106 447 151
252 176 420 295 282
152 12 220 97 259
358 197 37 401 57
171 84 300 437 33
112 392 257 82 327
497 118 154 110 22
444 147 280 181 178
79 30 499 18 133
16 229 163 383 387
399 305 341 384 93
240 412 498 423 187
3 431 235 208 196
373 28 360 241 182
367 375 312 2 494
195 266 318 464 56
350 417 101 95 310
65 160 409 432 482
454 209 175 137 450
410 287 38 284 27
142 356 131 129 194
121 227 415 316 254
216 416 86 262 143
35 7 309 239 313
250 68 455 180 462
314 184 330 258 435
335 212 122 159 426
161 0 51 135 372
303 69 13 290 89
21 448 429 190 413
456 217 80 393 11
177 200 17 144 443
1 446 43 485 210
141 343 281 421 264
4 336 221 424 422
333 473 377 488 385
246 211 292 495 346
156 366 75 26 107
23 14 117 427 496
244 411 134 249 348
32 231 397 115 395
460 201 430 98 165
99 468 174 369 452
317 186 94 185 394
71 6 74 471 470
493 191 132 325 198
148 81 363 52 331
166 96 63 138 388
24 428 106 447 151
252 176 420 295 282
152 12 220 97 259
358 197 37 401 57
171 84 300 437 33
112 392 257 82 327
497 118 154 110 22
128 164 260 285 78
444 147 280 181 178
79 30 499 18 133
16 229 163 383 387
399 305 341 384 93
240 412 498 423 187
3 431 235 208 196
373 28 360 241 182
367 375 312 2 494
195 266 318 464 56
350 417 101 95 310
65 160 409 432 482
454 209 175 137 450
410 287 38 284 27
142 356 131 129 194
121 227 415 316 254
216 416 86 262 143
35 7 309 239 313
250 68 455 180 462
314 184 330 258 435
335 212 122 159 426
161 0 51 135 372
303 69 13 290 89
21 448 429 190 413
456 217 80 393 11
177 200 17 144 443
1 446 43 485 210
141 343 281 421 264
4 336 221 424 422
333 473 377 488 385
246 211 292 495 346
156 366 75 26 107
23 14 117 427 496
244 411 134 249 348
32 231 397 115 395
460 201 430 98 165
99 468 174 369 452
317 186 94 185 394
71 6 74 471 470
493 191 132 325 198
148 81 363 52 331
166 96 63 138 388
24 428 106 447 151
252 176 420 295 282
152 12 220 97 259
358 197 37 401 57
171 84 300 437 33
112 392 257 82 327
497 118 154 110 22
128 164 260 285 78
207 365 371 400 222
