122 125 251 111 121
122 125 251 111 121
288 205 90 24 22
122 125 251 111 121
288 205 90 24 22
7 281 158 236 88
122 125 251 111 121
288 205 90 24 22
7 281 158 236 88
196 170 156 213 5
122 125 251 111 121
288 205 90 24 22
7 281 158 236 88
196 170 156 213 5
80 3 119 167 169
122 125 251 111 121
288 205 90 24 22
7 281 158 236 88
196 170 156 213 5
80 3 119 167 169
262 276 252 32 155
122 125 251 111 121
288 205 90 24 22
7 281 158 236 88
196 170 156 213 5
80 3 119 167 169
262 276 252 32 155
79 26 283 102 168
122 125 251 111 121
288 205 90 24 22
7 281 158 236 88
196 170 156 213 5
80 3 119 167 169
262 276 252 32 155
79 26 283 102 168
30 131 28 233 165
122 125 251 111 121
288 205 90 24 22
7 281 158 236 88
196 170 156 213 5
80 3 119 167 169
262 276 252 32 155
79 26 283 102 168
30 131 28 233 165
178 277 40 280 153
122 125 251 111 121
288 205 90 24 22
7 281 158 236 88
196 170 156 213 5
80 3 119 167 169
262 276 252 32 155
79 26 283 102 168
30 131 28 233 165
178 277 40 280 153
144 120 11 224 124
122 125 251 111 121
288 205 90 24 22
7 281 158 236 88
196 170 156 213 5
80 3 119 167 169
262 276 252 32 155
79 26 283 102 168
30 131 28 233 165
178 277 40 280 153
144 120 11 224 124
237 212 103 141 36
122 125 251 111 121
288 205 90 24 22
7 281 158 236 88
196 170 156 213 5
80 3 119 167 169
262 276 252 32 155
79 26 283 102 168
30 131 28 233 165
178 277 40 280 153
144 120 11 224 124
237 212 103 141 36
115 235 39 84 185
122 125 251 111 121
288 205 90 24 22
7 281 158 236 88
196 170 156 213 5
80 3 119 167 169
262 276 252 32 155
79 26 283 102 168
30 131 28 233 165
178 277 40 280 153
144 120 11 224 124
237 212 103 141 36
115 235 39 84 185
286 116 260 146 226
122 125 251 111 121
288 205 90 24 22
7 281 158 236 88
196 170 156 213 5
80 3 119 167 169
262 276 252 32 155
79 26 283 102 168
30 131 28 233 165
178 277 40 280 153
144 120 11 224 124
237 212 103 141 36
115 235 39 84 185
286 116 260 146 226
180 177 66 148 265
122 125 251 111 121
288 205 90 24 22
7 281 158 236 88
196 170 156 213 5
80 3 119 167 169
262 276 252 32 155
79 26 283 102 168
30 131 28 233 165
178 277 40 280 153
144 120 11 224 124
237 212 103 141 36
115 235 39 84 185
286 116 260 146 226
180 177 66 148 265
75 17 92 117 46
122 125 251 111 121
288 205 90 24 22
7 281 158 236 88
196 170 156 213 5
80 3 119 167 169
262 276 252 32 155
79 26 283 102 168
30 131 28 233 165
178 277 40 280 153
144 120 11 224 124
237 212 103 141 36
115 235 39 84 185
286 116 260 146 226
180 177 66 148 265
75 17 92 117 46
248 19 242 179 256
122 125 251 111 121
288 205 90 24 22
7 281 158 236 88
196 170 156 213 5
80 3 119 167 169
262 276 252 32 155
79 26 283 102 168
30 131 28 233 165
178 277 40 280 153
144 120 11 224 124
237 212 103 141 36
115 235 39 84 185
286 116 260 146 226
180 177 66 148 265
75 17 92 117 46
248 19 242 179 256
243 255 240 77 18
122 125 251 111 121
288 205 90 24 22
7 281 158 236 88
196 170 156 213 5
80 3 119 167 169
262 276 252 32 155
79 26 283 102 168
30 131 28 233 165
178 277 40 280 153
144 120 11 224 124
237 212 103 141 36
115 235 39 84 185
286 116 260 146 226
180 177 66 148 265
75 17 92 117 46
248 19 242 179 256
243 255 240 77 18
143 175 258 172 104
122 125 251 111 121
288 205 90 24 22
7 281 158 236 88
196 170 156 213 5
80 3 119 167 169
262 276 252 32 155
79 26 283 102 168
30 131 28 233 165
178 277 40 280 153
144 120 11 224 124
237 212 103 141 36
115 235 39 84 185
286 116 260 146 226
180 177 66 148 265
75 17 92 117 46
248 19 242 179 256
243 255 240 77 18
143 175 258 172 104
83 55 150 53 244
122 125 251 111 121
288 205 90 24 22
7 281 158 236 88
196 170 156 213 5
80 3 119 167 169
262 276 252 32 155
79 26 283 102 168
30 131 28 233 165
178 277 40 280 153
144 120 11 224 124
237 212 103 141 36
115 235 39 84 185
286 116 260 146 226
180 177 66 148 265
75 17 92 117 46
248 19 242 179 256
243 255 240 77 18
143 175 258 172 104
83 55 150 53 244
182 70 275 287 89
122 125 251 111 121
288 205 90 24 22
7 281 158 236 88
196 170 156 213 5
80 3 119 167 169
262 276 252 32 155
79 26 283 102 168
30 131 28 233 165
178 277 40 280 153
144 120 11 224 124
237 212 103 141 36
115 235 39 84 185
286 116 260 146 226
180 177 66 148 265
75 17 92 117 46
248 19 242 179 256
243 255 240 77 18
143 175 258 172 104
83 55 150 53 244
182 70 275 287 89
108 64 229 274 215
122 125 251 111 121
288 205 90 24 22
7 281 158 236 88
196 170 156 213 5
80 3 119 167 169
262 276 252 32 155
79 26 283 102 168
30 131 28 233 165
178 277 40 280 153
144 120 11 224 124
237 212 103 141 36
115 235 39 84 185
286 116 260 146 226
180 177 66 148 265
75 17 92 117 46
248 19 242 179 256
243 255 240 77 18
143 175 258 172 104
83 55 150 53 244
182 70 275 287 89
108 64 229 274 215
257 57 135 250 160
122 125 251 111 121
288 205 90 24 22
7 281 158 236 88
196 170 156 213 5
80 3 119 167 169
262 276 252 32 155
79 26 283 102 168
30 131 28 233 165
178 277 40 280 153
144 120 11 224 124
237 212 103 141 36
115 235 39 84 185
286 116 260 146 226
180 177 66 148 265
75 17 92 117 46
248 19 242 179 256
243 255 240 77 18
143 175 258 172 104
83 55 150 53 244
182 70 275 287 89
108 64 229 274 215
257 57 135 250 160
110 272 188 173 197
122 125 251 111 121
288 205 90 24 22
7 281 158 236 88
196 170 156 213 5
80 3 119 167 169
262 276 252 32 155
79 26 283 102 168
30 131 28 233 165
178 277 40 280 153
144 120 11 224 124
237 212 103 141 36
115 235 39 84 185
286 116 260 146 226
180 177 66 148 265
75 17 92 117 46
248 19 242 179 256
243 255 240 77 18
143 175 258 172 104
83 55 150 53 244
182 70 275 287 89
108 64 229 274 215
257 57 135 250 160
110 272 188 173 197
25 261 91 38 99
122 125 251 111 121
288 205 90 24 22
7 281 158 236 88
196 170 156 213 5
80 3 119 167 169
262 276 252 32 155
79 26 283 102 168
30 131 28 233 165
178 277 40 280 153
144 120 11 224 124
237 212 103 141 36
115 235 39 84 185
286 116 260 146 226
180 177 66 148 265
75 17 92 117 46
248 19 242 179 256
243 255 240 77 18
143 175 258 172 104
83 55 150 53 244
182 70 275 287 89
108 64 229 274 215
257 57 135 250 160
110 272 188 173 197
25 261 91 38 99
201 273 132 51 279
122 125 251 111 121
288 205 90 24 22
7 281 158 236 88
196 170 156 213 5
80 3 119 167 169
262 276 252 32 155
79 26 283 102 168
30 131 28 233 165
178 277 40 280 153
144 120 11 224 124
237 212 103 141 36
115 235 39 84 185
286 116 260 146 226
180 177 66 148 265
75 17 92 117 46
248 19 242 179 256
243 255 240 77 18
143 175 258 172 104
83 55 150 53 244
182 70 275 287 89
108 64 229 274 215
257 57 135 250 160
110 272 188 173 197
25 261 91 38 99
201 273 132 51 279
209 164 14 183 113
122 125 251 111 121
288 205 90 24 22
7 281 158 236 88
196 170 156 213 5
80 3 119 167 169
262 276 252 32 155
79 26 283 102 168
30 131 28 233 165
178 277 40 280 153
144 120 11 224 124
237 212 103 141 36
115 235 39 84 185
286 116 260 146 226
180 177 66 148 265
75 17 92 117 46
248 19 242 179 256
243 255 240 77 18
143 175 258 172 104
83 55 150 53 244
182 70 275 287 89
108 64 229 274 215
257 57 135 250 160
110 272 188 173 197
25 261 91 38 99
201 273 132 51 279
209 164 14 183 113
184 186 4 129 145
122 125 251 111 121
288 205 90 24 22
7 281 158 236 88
196 170 156 213 5
80 3 119 167 169
262 276 252 32 155
79 26 283 102 168
30 131 28 233 165
178 277 40 280 153
144 120 11 224 124
237 212 103 141 36
115 235 39 84 185
286 116 260 146 226
180 177 66 148 265
75 17 92 117 46
248 19 242 179 256
243 255 240 77 18
143 175 258 172 104
83 55 150 53 244
182 70 275 287 89
108 64 229 274 215
257 57 135 250 160
110 272 188 173 197
25 261 91 38 99
201 273 132 51 279
209 164 14 183 113
184 186 4 129 145
161 220 222 253 52
122 125 251 111 121
288 205 90 24 22
7 281 158 236 88
196 170 156 213 5
80 3 119 167 169
262 276 252 32 155
79 26 283 102 168
30 131 28 233 165
178 277 40 280 153
144 120 11 224 124
237 212 103 141 36
115 235 39 84 185
286 116 260 146 226
180 177 66 148 265
75 17 92 117 46
248 19 242 179 256
243 255 240 77 18
143 175 258 172 104
83 55 150 53 244
182 70 275 287 89
108 64 229 274 215
257 57 135 250 160
110 272 188 173 197
25 261 91 38 99
201 273 132 51 279
209 164 14 183 113
184 186 4 129 145
161 220 222 253 52
94 210 259 43 118
