459 398 15 12 150
378 487 162 1 5
204 261 344 17 159
388 272 3 170 63
153 13 375 494 88
0 497 136 64 274
119 481 58 305 14
411 304 299 450 297
213 43 323 125 223
278 389 23 288 361
227 338 157 391 470
234 243 317 485 193
360 468 21 94 259
280 176 301 293 33
221 42 191 448 433
331 104 271 56 372
390 387 236 376 347
250 137 207 340 318
248 171 296 268 173
216 295 253 29 321
421 386 102 44 146
187 209 174 339 314
126 446 320 110 431
155 415 394 190 403
405 41 225 341 230
112 76 116 282 467
368 399 420 55 30
284 35 322 307 291
444 429 426 384 414
380 48 233 498 447
312 97 251 427 292
449 188 273 249 287
456 335 200 409 245
482 437 306 165
490 332 28 336
185 95 9
264 67 313 457
244 379 423 315
441 7 211
311 492 86 440
201 135 87 74
396 92 215
400 57 496
31 179 232
168 256 46
106 349
120 461
90 281
294 71
197 128
430 167
491 183
252 337
263 326
156 164
371 149
300 325
452 37
139 355
