458 309 186 419 448
458 309 186 419 448
233 349 54 90 157
458 309 186 419 448
233 349 54 90 157
58 144 319 239 52
458 309 186 419 448
233 349 54 90 157
58 144 319 239 52
447 139 306 370 461
458 309 186 419 448
233 349 54 90 157
58 144 319 239 52
447 139 306 370 461
422 268 311 372 86
458 309 186 419 448
233 349 54 90 157
58 144 319 239 52
447 139 306 370 461
422 268 311 372 86
147 200 3 84 23
458 309 186 419 448
233 349 54 90 157
58 144 319 239 52
447 139 306 370 461
422 268 311 372 86
147 200 3 84 23
121 260 332 273 135
458 309 186 419 448
233 349 54 90 157
58 144 319 239 52
447 139 306 370 461
422 268 311 372 86
147 200 3 84 23
121 260 332 273 135
487 201 358 197 439
458 309 186 419 448
233 349 54 90 157
58 144 319 239 52
447 139 306 370 461
422 268 311 372 86
147 200 3 84 23
121 260 332 273 135
487 201 358 197 439
421 113 160 497 378
458 309 186 419 448
233 349 54 90 157
58 144 319 239 52
447 139 306 370 461
422 268 311 372 86
147 200 3 84 23
121 260 332 273 135
487 201 358 197 439
421 113 160 497 378
293 172 59 80 228
458 309 186 419 448
233 349 54 90 157
58 144 319 239 52
447 139 306 370 461
422 268 311 372 86
147 200 3 84 23
121 260 332 273 135
487 201 358 197 439
421 113 160 497 378
293 172 59 80 228
99 406 2 281 8
458 309 186 419 448
233 349 54 90 157
58 144 319 239 52
447 139 306 370 461
422 268 311 372 86
147 200 3 84 23
121 260 332 273 135
487 201 358 197 439
421 113 160 497 378
293 172 59 80 228
99 406 2 281 8
292 32 72 490 232
458 309 186 419 448
233 349 54 90 157
58 144 319 239 52
447 139 306 370 461
422 268 311 372 86
147 200 3 84 23
121 260 332 273 135
487 201 358 197 439
421 113 160 497 378
293 172 59 80 228
99 406 2 281 8
292 32 72 490 232
359 88 257 56 324
458 309 186 419 448
233 349 54 90 157
58 144 319 239 52
447 139 306 370 461
422 268 311 372 86
147 200 3 84 23
121 260 332 273 135
487 201 358 197 439
421 113 160 497 378
293 172 59 80 228
99 406 2 281 8
292 32 72 490 232
359 88 257 56 324
136 119 66 414 21
458 309 186 419 448
233 349 54 90 157
58 144 319 239 52
447 139 306 370 461
422 268 311 372 86
147 200 3 84 23
121 260 332 273 135
487 201 358 197 439
421 113 160 497 378
293 172 59 80 228
99 406 2 281 8
292 32 72 490 232
359 88 257 56 324
136 119 66 414 21
287 69 163 64 33
458 309 186 419 448
233 349 54 90 157
58 144 319 239 52
447 139 306 370 461
422 268 311 372 86
147 200 3 84 23
121 260 332 273 135
487 201 358 197 439
421 113 160 497 378
293 172 59 80 228
99 406 2 281 8
292 32 72 490 232
359 88 257 56 324
136 119 66 414 21
287 69 163 64 33
402 270 78 433 134
458 309 186 419 448
233 349 54 90 157
58 144 319 239 52
447 139 306 370 461
422 268 311 372 86
147 200 3 84 23
121 260 332 273 135
487 201 358 197 439
421 113 160 497 378
293 172 59 80 228
99 406 2 281 8
292 32 72 490 232
359 88 257 56 324
136 119 66 414 21
287 69 163 64 33
402 270 78 433 134
125 441 50 91 259
458 309 186 419 448
233 349 54 90 157
58 144 319 239 52
447 139 306 370 461
422 268 311 372 86
147 200 3 84 23
121 260 332 273 135
487 201 358 197 439
421 113 160 497 378
293 172 59 80 228
99 406 2 281 8
292 32 72 490 232
359 88 257 56 324
136 119 66 414 21
287 69 163 64 33
402 270 78 433 134
125 441 50 91 259
343 137 6 214 238
458 309 186 419 448
233 349 54 90 157
58 144 319 239 52
447 139 306 370 461
422 268 311 372 86
147 200 3 84 23
121 260 332 273 135
487 201 358 197 439
421 113 160 497 378
293 172 59 80 228
99 406 2 281 8
292 32 72 490 232
359 88 257 56 324
136 119 66 414 21
287 69 163 64 33
402 270 78 433 134
125 441 50 91 259
343 137 6 214 238
34 81 243 109 291
458 309 186 419 448
233 349 54 90 157
58 144 319 239 52
447 139 306 370 461
422 268 311 372 86
147 200 3 84 23
121 260 332 273 135
487 201 358 197 439
421 113 160 497 378
293 172 59 80 228
99 406 2 281 8
292 32 72 490 232
359 88 257 56 324
136 119 66 414 21
287 69 163 64 33
402 270 78 433 134
125 441 50 91 259
343 137 6 214 238
34 81 243 109 291
28 217 348 68 123
458 309 186 419 448
233 349 54 90 157
58 144 319 239 52
447 139 306 370 461
422 268 311 372 86
147 200 3 84 23
121 260 332 273 135
487 201 358 197 439
421 113 160 497 378
293 172 59 80 228
99 406 2 281 8
292 32 72 490 232
359 88 257 56 324
136 119 66 414 21
287 69 163 64 33
402 270 78 433 134
125 441 50 91 259
343 137 6 214 238
34 81 243 109 291
28 217 348 68 123
488 250 269 284 262
458 309 186 419 448
233 349 54 90 157
58 144 319 239 52
447 139 306 370 461
422 268 311 372 86
147 200 3 84 23
121 260 332 273 135
487 201 358 197 439
421 113 160 497 378
293 172 59 80 228
99 406 2 281 8
292 32 72 490 232
359 88 257 56 324
136 119 66 414 21
287 69 163 64 33
402 270 78 433 134
125 441 50 91 259
343 137 6 214 238
34 81 243 109 291
28 217 348 68 123
488 250 269 284 262
235 417 168 18 187
458 309 186 419 448
233 349 54 90 157
58 144 319 239 52
447 139 306 370 461
422 268 311 372 86
147 200 3 84 23
121 260 332 273 135
487 201 358 197 439
421 113 160 497 378
293 172 59 80 228
99 406 2 281 8
292 32 72 490 232
359 88 257 56 324
136 119 66 414 21
287 69 163 64 33
402 270 78 433 134
125 441 50 91 259
343 137 6 214 238
34 81 243 109 291
28 217 348 68 123
488 250 269 284 262
235 417 168 18 187
173 368 96 379 366
458 309 186 419 448
233 349 54 90 157
58 144 319 239 52
447 139 306 370 461
422 268 311 372 86
147 200 3 84 23
121 260 332 273 135
487 201 358 197 439
421 113 160 497 378
293 172 59 80 228
99 406 2 281 8
292 32 72 490 232
359 88 257 56 324
136 119 66 414 21
287 69 163 64 33
402 270 78 433 134
125 441 50 91 259
343 137 6 214 238
34 81 243 109 291
28 217 348 68 123
488 250 269 284 262
235 417 168 18 187
173 368 96 379 366
407 7 159 208 345
458 309 186 419 448
233 349 54 90 157
58 144 319 239 52
447 139 306 370 461
422 268 311 372 86
147 200 3 84 23
121 260 332 273 135
487 201 358 197 439
421 113 160 497 378
293 172 59 80 228
99 406 2 281 8
292 32 72 490 232
359 88 257 56 324
136 119 66 414 21
287 69 163 64 33
402 270 78 433 134
125 441 50 91 259
343 137 6 214 238
34 81 243 109 291
28 217 348 68 123
488 250 269 284 262
235 417 168 18 187
173 368 96 379 366
407 7 159 208 345
328 39 256 315 63
458 309 186 419 448
233 349 54 90 157
58 144 319 239 52
447 139 306 370 461
422 268 311 372 86
147 200 3 84 23
121 260 332 273 135
487 201 358 197 439
421 113 160 497 378
293 172 59 80 228
99 406 2 281 8
292 32 72 490 232
359 88 257 56 324
136 119 66 414 21
287 69 163 64 33
402 270 78 433 134
125 441 50 91 259
343 137 6 214 238
34 81 243 109 291
28 217 348 68 123
488 250 269 284 262
235 417 168 18 187
173 368 96 379 366
407 7 159 208 345
328 39 256 315 63
65 400 283 180 474
458 309 186 419 448
233 349 54 90 157
58 144 319 239 52
447 139 306 370 461
422 268 311 372 86
147 200 3 84 23
121 260 332 273 135
487 201 358 197 439
421 113 160 497 378
293 172 59 80 228
99 406 2 281 8
292 32 72 490 232
359 88 257 56 324
136 119 66 414 21
287 69 163 64 33
402 270 78 433 134
125 441 50 91 259
343 137 6 214 238
34 81 243 109 291
28 217 348 68 123
488 250 269 284 262
235 417 168 18 187
173 368 96 379 366
407 7 159 208 345
328 39 256 315 63
65 400 283 180 474
478 150 356 82 25
458 309 186 419 448
233 349 54 90 157
58 144 319 239 52
447 139 306 370 461
422 268 311 372 86
147 200 3 84 23
121 260 332 273 135
487 201 358 197 439
421 113 160 497 378
293 172 59 80 228
99 406 2 281 8
292 32 72 490 232
359 88 257 56 324
136 119 66 414 21
287 69 163 64 33
402 270 78 433 134
125 441 50 91 259
343 137 6 214 238
34 81 243 109 291
28 217 348 68 123
488 250 269 284 262
235 417 168 18 187
173 368 96 379 366
407 7 159 208 345
328 39 256 315 63
65 400 283 180 474
478 150 356 82 25
449 387 194 346 158
458 309 186 419 448
233 349 54 90 157
58 144 319 239 52
447 139 306 370 461
422 268 311 372 86
147 200 3 84 23
121 260 332 273 135
487 201 358 197 439
421 113 160 497 378
293 172 59 80 228
99 406 2 281 8
292 32 72 490 232
359 88 257 56 324
136 119 66 414 21
287 69 163 64 33
402 270 78 433 134
125 441 50 91 259
343 137 6 214 238
34 81 243 109 291
28 217 348 68 123
488 250 269 284 262
235 417 168 18 187
173 368 96 379 366
407 7 159 208 345
328 39 256 315 63
65 400 283 180 474
478 150 356 82 25
449 387 194 346 158
353 483 215 289 141
458 309 186 419 448
233 349 54 90 157
58 144 319 239 52
447 139 306 370 461
422 268 311 372 86
147 200 3 84 23
121 260 332 273 135
487 201 358 197 439
421 113 160 497 378
293 172 59 80 228
99 406 2 281 8
292 32 72 490 232
359 88 257 56 324
136 119 66 414 21
287 69 163 64 33
402 270 78 433 134
125 441 50 91 259
343 137 6 214 238
34 81 243 109 291
28 217 348 68 123
488 250 269 284 262
235 417 168 18 187
173 368 96 379 366
407 7 159 208 345
328 39 256 315 63
65 400 283 180 474
478 150 356 82 25
449 387 194 346 158
353 483 215 289 141
203 195 234 412 162
458 309 186 419 448
233 349 54 90 157
58 144 319 239 52
447 139 306 370 461
422 268 311 372 86
147 200 3 84 23
121 260 332 273 135
487 201 358 197 439
421 113 160 497 378
293 172 59 80 228
99 406 2 281 8
292 32 72 490 232
359 88 257 56 324
136 119 66 414 21
287 69 163 64 33
402 270 78 433 134
125 441 50 91 259
343 137 6 214 238
34 81 243 109 291
28 217 348 68 123
488 250 269 284 262
235 417 168 18 187
173 368 96 379 366
407 7 159 208 345
328 39 256 315 63
65 400 283 180 474
478 150 356 82 25
449 387 194 346 158
353 483 215 289 141
203 195 234 412 162
382 481 391 207 120
458 309 186 419 448
233 349 54 90 157
58 144 319 239 52
447 139 306 370 461
422 268 311 372 86
147 200 3 84 23
121 260 332 273 135
487 201 358 197 439
421 113 160 497 378
293 172 59 80 228
99 406 2 281 8
292 32 72 490 232
359 88 257 56 324
136 119 66 414 21
287 69 163 64 33
402 270 78 433 134
125 441 50 91 259
343 137 6 214 238
34 81 243 109 291
28 217 348 68 123
488 250 269 284 262
235 417 168 18 187
173 368 96 379 366
407 7 159 208 345
328 39 256 315 63
65 400 283 180 474
478 150 356 82 25
449 387 194 346 158
353 483 215 289 141
203 195 234 412 162
382 481 391 207 120
480 213 386 43 185
458 309 186 419 448
233 349 54 90 157
58 144 319 239 52
447 139 306 370 461
422 268 311 372 86
147 200 3 84 23
121 260 332 273 135
487 201 358 197 439
421 113 160 497 378
293 172 59 80 228
99 406 2 281 8
292 32 72 490 232
359 88 257 56 324
136 119 66 414 21
287 69 163 64 33
402 270 78 433 134
125 441 50 91 259
343 137 6 214 238
34 81 243 109 291
28 217 348 68 123
488 250 269 284 262
235 417 168 18 187
173 368 96 379 366
407 7 159 208 345
328 39 256 315 63
65 400 283 180 474
478 150 356 82 25
449 387 194 346 158
353 483 215 289 141
203 195 234 412 162
382 481 391 207 120
480 213 386 43 185
303 245 388 454 491
458 309 186 419 448
233 349 54 90 157
58 144 319 239 52
447 139 306 370 461
422 268 311 372 86
147 200 3 84 23
121 260 332 273 135
487 201 358 197 439
421 113 160 497 378
293 172 59 80 228
99 406 2 281 8
292 32 72 490 232
359 88 257 56 324
136 119 66 414 21
287 69 163 64 33
402 270 78 433 134
125 441 50 91 259
343 137 6 214 238
34 81 243 109 291
28 217 348 68 123
488 250 269 284 262
235 417 168 18 187
173 368 96 379 366
407 7 159 208 345
328 39 256 315 63
65 400 283 180 474
478 150 356 82 25
449 387 194 346 158
353 483 215 289 141
203 195 234 412 162
382 481 391 207 120
480 213 386 43 185
303 245 388 454 491
5 118 101 335 462
458 309 186 419 448
233 349 54 90 157
58 144 319 239 52
447 139 306 370 461
422 268 311 372 86
147 200 3 84 23
121 260 332 273 135
487 201 358 197 439
421 113 160 497 378
293 172 59 80 228
99 406 2 281 8
292 32 72 490 232
359 88 257 56 324
136 119 66 414 21
287 69 163 64 33
402 270 78 433 134
125 441 50 91 259
343 137 6 214 238
34 81 243 109 291
28 217 348 68 123
488 250 269 284 262
235 417 168 18 187
173 368 96 379 366
407 7 159 208 345
328 39 256 315 63
65 400 283 180 474
478 150 356 82 25
449 387 194 346 158
353 483 215 289 141
203 195 234 412 162
382 481 391 207 120
480 213 386 43 185
303 245 388 454 491
5 118 101 335 462
247 191 211 253 369
458 309 186 419 448
233 349 54 90 157
58 144 319 239 52
447 139 306 370 461
422 268 311 372 86
147 200 3 84 23
121 260 332 273 135
487 201 358 197 439
421 113 160 497 378
293 172 59 80 228
99 406 2 281 8
292 32 72 490 232
359 88 257 56 324
136 119 66 414 21
287 69 163 64 33
402 270 78 433 134
125 441 50 91 259
343 137 6 214 238
34 81 243 109 291
28 217 348 68 123
488 250 269 284 262
235 417 168 18 187
173 368 96 379 366
407 7 159 208 345
328 39 256 315 63
65 400 283 180 474
478 150 356 82 25
449 387 194 346 158
353 483 215 289 141
203 195 234 412 162
382 481 391 207 120
480 213 386 43 185
303 245 388 454 491
5 118 101 335 462
247 191 211 253 369
297 456 142 338 227
458 309 186 419 448
233 349 54 90 157
58 144 319 239 52
447 139 306 370 461
422 268 311 372 86
147 200 3 84 23
121 260 332 273 135
487 201 358 197 439
421 113 160 497 378
293 172 59 80 228
99 406 2 281 8
292 32 72 490 232
359 88 257 56 324
136 119 66 414 21
287 69 163 64 33
402 270 78 433 134
125 441 50 91 259
343 137 6 214 238
34 81 243 109 291
28 217 348 68 123
488 250 269 284 262
235 417 168 18 187
173 368 96 379 366
407 7 159 208 345
328 39 256 315 63
65 400 283 180 474
478 150 356 82 25
449 387 194 346 158
353 483 215 289 141
203 195 234 412 162
382 481 391 207 120
480 213 386 43 185
303 245 388 454 491
5 118 101 335 462
247 191 211 253 369
297 456 142 338 227
429 374 385 318 286
458 309 186 419 448
233 349 54 90 157
58 144 319 239 52
447 139 306 370 461
422 268 311 372 86
147 200 3 84 23
121 260 332 273 135
487 201 358 197 439
421 113 160 497 378
293 172 59 80 228
99 406 2 281 8
292 32 72 490 232
359 88 257 56 324
136 119 66 414 21
287 69 163 64 33
402 270 78 433 134
125 441 50 91 259
343 137 6 214 238
34 81 243 109 291
28 217 348 68 123
488 250 269 284 262
235 417 168 18 187
173 368 96 379 366
407 7 159 208 345
328 39 256 315 63
65 400 283 180 474
478 150 356 82 25
449 387 194 346 158
353 483 215 289 141
203 195 234 412 162
382 481 391 207 120
480 213 386 43 185
303 245 388 454 491
5 118 101 335 462
247 191 211 253 369
297 456 142 338 227
429 374 385 318 286
380 468 363 44 175
458 309 186 419 448
233 349 54 90 157
58 144 319 239 52
447 139 306 370 461
422 268 311 372 86
147 200 3 84 23
121 260 332 273 135
487 201 358 197 439
421 113 160 497 378
293 172 59 80 228
99 406 2 281 8
292 32 72 490 232
359 88 257 56 324
136 119 66 414 21
287 69 163 64 33
402 270 78 433 134
125 441 50 91 259
343 137 6 214 238
34 81 243 109 291
28 217 348 68 123
488 250 269 284 262
235 417 168 18 187
173 368 96 379 366
407 7 159 208 345
328 39 256 315 63
65 400 283 180 474
478 150 356 82 25
449 387 194 346 158
353 483 215 289 141
203 195 234 412 162
382 481 391 207 120
480 213 386 43 185
303 245 388 454 491
5 118 101 335 462
247 191 211 253 369
297 456 142 338 227
429 374 385 318 286
380 468 363 44 175
320 299 10 428 330
458 309 186 419 448
233 349 54 90 157
58 144 319 239 52
447 139 306 370 461
422 268 311 372 86
147 200 3 84 23
121 260 332 273 135
487 201 358 197 439
421 113 160 497 378
293 172 59 80 228
99 406 2 281 8
292 32 72 490 232
359 88 257 56 324
136 119 66 414 21
287 69 163 64 33
402 270 78 433 134
125 441 50 91 259
343 137 6 214 238
34 81 243 109 291
28 217 348 68 123
488 250 269 284 262
235 417 168 18 187
173 368 96 379 366
407 7 159 208 345
328 39 256 315 63
65 400 283 180 474
478 150 356 82 25
449 387 194 346 158
353 483 215 289 141
203 195 234 412 162
382 481 391 207 120
480 213 386 43 185
303 245 388 454 491
5 118 101 335 462
247 191 211 253 369
297 456 142 338 227
429 374 385 318 286
380 468 363 44 175
320 299 10 428 330
206 29 354 375 103
458 309 186 419 448
233 349 54 90 157
58 144 319 239 52
447 139 306 370 461
422 268 311 372 86
147 200 3 84 23
121 260 332 273 135
487 201 358 197 439
421 113 160 497 378
293 172 59 80 228
99 406 2 281 8
292 32 72 490 232
359 88 257 56 324
136 119 66 414 21
287 69 163 64 33
402 270 78 433 134
125 441 50 91 259
343 137 6 214 238
34 81 243 109 291
28 217 348 68 123
488 250 269 284 262
235 417 168 18 187
173 368 96 379 366
407 7 159 208 345
328 39 256 315 63
65 400 283 180 474
478 150 356 82 25
449 387 194 346 158
353 483 215 289 141
203 195 234 412 162
382 481 391 207 120
480 213 386 43 185
303 245 388 454 491
5 118 101 335 462
247 191 211 253 369
297 456 142 338 227
429 374 385 318 286
380 468 363 44 175
320 299 10 428 330
206 29 354 375 103
24 184 408 19 261
458 309 186 419 448
233 349 54 90 157
58 144 319 239 52
447 139 306 370 461
422 268 311 372 86
147 200 3 84 23
121 260 332 273 135
487 201 358 197 439
421 113 160 497 378
293 172 59 80 228
99 406 2 281 8
292 32 72 490 232
359 88 257 56 324
136 119 66 414 21
287 69 163 64 33
402 270 78 433 134
125 441 50 91 259
343 137 6 214 238
34 81 243 109 291
28 217 348 68 123
488 250 269 284 262
235 417 168 18 187
173 368 96 379 366
407 7 159 208 345
328 39 256 315 63
65 400 283 180 474
478 150 356 82 25
449 387 194 346 158
353 483 215 289 141
203 195 234 412 162
382 481 391 207 120
480 213 386 43 185
303 245 388 454 491
5 118 101 335 462
247 191 211 253 369
297 456 142 338 227
429 374 385 318 286
380 468 363 44 175
320 299 10 428 330
206 29 354 375 103
24 184 408 19 261
424 393 138 71 70
458 309 186 419 448
233 349 54 90 157
58 144 319 239 52
447 139 306 370 461
422 268 311 372 86
147 200 3 84 23
121 260 332 273 135
487 201 358 197 439
421 113 160 497 378
293 172 59 80 228
99 406 2 281 8
292 32 72 490 232
359 88 257 56 324
136 119 66 414 21
287 69 163 64 33
402 270 78 433 134
125 441 50 91 259
343 137 6 214 238
34 81 243 109 291
28 217 348 68 123
488 250 269 284 262
235 417 168 18 187
173 368 96 379 366
407 7 159 208 345
328 39 256 315 63
65 400 283 180 474
478 150 356 82 25
449 387 194 346 158
353 483 215 289 141
203 195 234 412 162
382 481 391 207 120
480 213 386 43 185
303 245 388 454 491
5 118 101 335 462
247 191 211 253 369
297 456 142 338 227
429 374 385 318 286
380 468 363 44 175
320 299 10 428 330
206 29 354 375 103
24 184 408 19 261
424 393 138 71 70
146 4 61 26 404
458 309 186 419 448
233 349 54 90 157
58 144 319 239 52
447 139 306 370 461
422 268 311 372 86
147 200 3 84 23
121 260 332 273 135
487 201 358 197 439
421 113 160 497 378
293 172 59 80 228
99 406 2 281 8
292 32 72 490 232
359 88 257 56 324
136 119 66 414 21
287 69 163 64 33
402 270 78 433 134
125 441 50 91 259
343 137 6 214 238
34 81 243 109 291
28 217 348 68 123
488 250 269 284 262
235 417 168 18 187
173 368 96 379 366
407 7 159 208 345
328 39 256 315 63
65 400 283 180 474
478 150 356 82 25
449 387 194 346 158
353 483 215 289 141
203 195 234 412 162
382 481 391 207 120
480 213 386 43 185
303 245 388 454 491
5 118 101 335 462
247 191 211 253 369
297 456 142 338 227
429 374 385 318 286
380 468 363 44 175
320 299 10 428 330
206 29 354 375 103
24 184 408 19 261
424 393 138 71 70
146 4 61 26 404
435 467 322 236 114
458 309 186 419 448
233 349 54 90 157
58 144 319 239 52
447 139 306 370 461
422 268 311 372 86
147 200 3 84 23
121 260 332 273 135
487 201 358 197 439
421 113 160 497 378
293 172 59 80 228
99 406 2 281 8
292 32 72 490 232
359 88 257 56 324
136 119 66 414 21
287 69 163 64 33
402 270 78 433 134
125 441 50 91 259
343 137 6 214 238
34 81 243 109 291
28 217 348 68 123
488 250 269 284 262
235 417 168 18 187
173 368 96 379 366
407 7 159 208 345
328 39 256 315 63
65 400 283 180 474
478 150 356 82 25
449 387 194 346 158
353 483 215 289 141
203 195 234 412 162
382 481 391 207 120
480 213 386 43 185
303 245 388 454 491
5 118 101 335 462
247 191 211 253 369
297 456 142 338 227
429 374 385 318 286
380 468 363 44 175
320 299 10 428 330
206 29 354 375 103
24 184 408 19 261
424 393 138 71 70
146 4 61 26 404
435 467 322 236 114
89 183 83 244 249
458 309 186 419 448
233 349 54 90 157
58 144 319 239 52
447 139 306 370 461
422 268 311 372 86
147 200 3 84 23
121 260 332 273 135
487 201 358 197 439
421 113 160 497 378
293 172 59 80 228
99 406 2 281 8
292 32 72 490 232
359 88 257 56 324
136 119 66 414 21
287 69 163 64 33
402 270 78 433 134
125 441 50 91 259
343 137 6 214 238
34 81 243 109 291
28 217 348 68 123
488 250 269 284 262
235 417 168 18 187
173 368 96 379 366
407 7 159 208 345
328 39 256 315 63
65 400 283 180 474
478 150 356 82 25
449 387 194 346 158
353 483 215 289 141
203 195 234 412 162
382 481 391 207 120
480 213 386 43 185
303 245 388 454 491
5 118 101 335 462
247 191 211 253 369
297 456 142 338 227
429 374 385 318 286
380 468 363 44 175
320 299 10 428 330
206 29 354 375 103
24 184 408 19 261
424 393 138 71 70
146 4 61 26 404
435 467 322 236 114
89 183 83 244 249
166 264 74 220 334
458 309 186 419 448
233 349 54 90 157
58 144 319 239 52
447 139 306 370 461
422 268 311 372 86
147 200 3 84 23
121 260 332 273 135
487 201 358 197 439
421 113 160 497 378
293 172 59 80 228
99 406 2 281 8
292 32 72 490 232
359 88 257 56 324
136 119 66 414 21
287 69 163 64 33
402 270 78 433 134
125 441 50 91 259
343 137 6 214 238
34 81 243 109 291
28 217 348 68 123
488 250 269 284 262
235 417 168 18 187
173 368 96 379 366
407 7 159 208 345
328 39 256 315 63
65 400 283 180 474
478 150 356 82 25
449 387 194 346 158
353 483 215 289 141
203 195 234 412 162
382 481 391 207 120
480 213 386 43 185
303 245 388 454 491
5 118 101 335 462
247 191 211 253 369
297 456 142 338 227
429 374 385 318 286
380 468 363 44 175
320 299 10 428 330
206 29 354 375 103
24 184 408 19 261
424 393 138 71 70
146 4 61 26 404
435 467 322 236 114
89 183 83 244 249
166 264 74 220 334
420 1 276 129 161
458 309 186 419 448
233 349 54 90 157
58 144 319 239 52
447 139 306 370 461
422 268 311 372 86
147 200 3 84 23
121 260 332 273 135
487 201 358 197 439
421 113 160 497 378
293 172 59 80 228
99 406 2 281 8
292 32 72 490 232
359 88 257 56 324
136 119 66 414 21
287 69 163 64 33
402 270 78 433 134
125 441 50 91 259
343 137 6 214 238
34 81 243 109 291
28 217 348 68 123
488 250 269 284 262
235 417 168 18 187
173 368 96 379 366
407 7 159 208 345
328 39 256 315 63
65 400 283 180 474
478 150 356 82 25
449 387 194 346 158
353 483 215 289 141
203 195 234 412 162
382 481 391 207 120
480 213 386 43 185
303 245 388 454 491
5 118 101 335 462
247 191 211 253 369
297 456 142 338 227
429 374 385 318 286
380 468 363 44 175
320 299 10 428 330
206 29 354 375 103
24 184 408 19 261
424 393 138 71 70
146 4 61 26 404
435 467 322 236 114
89 183 83 244 249
166 264 74 220 334
420 1 276 129 161
45 226 364 409 210
458 309 186 419 448
233 349 54 90 157
58 144 319 239 52
447 139 306 370 461
422 268 311 372 86
147 200 3 84 23
121 260 332 273 135
487 201 358 197 439
421 113 160 497 378
293 172 59 80 228
99 406 2 281 8
292 32 72 490 232
359 88 257 56 324
136 119 66 414 21
287 69 163 64 33
402 270 78 433 134
125 441 50 91 259
343 137 6 214 238
34 81 243 109 291
28 217 348 68 123
488 250 269 284 262
235 417 168 18 187
173 368 96 379 366
407 7 159 208 345
328 39 256 315 63
65 400 283 180 474
478 150 356 82 25
449 387 194 346 158
353 483 215 289 141
203 195 234 412 162
382 481 391 207 120
480 213 386 43 185
303 245 388 454 491
5 118 101 335 462
247 191 211 253 369
297 456 142 338 227
429 374 385 318 286
380 468 363 44 175
320 299 10 428 330
206 29 354 375 103
24 184 408 19 261
424 393 138 71 70
146 4 61 26 404
435 467 322 236 114
89 183 83 244 249
166 264 74 220 334
420 1 276 129 161
45 226 364 409 210
376 416 443 177 202
458 309 186 419 448
233 349 54 90 157
58 144 319 239 52
447 139 306 370 461
422 268 311 372 86
147 200 3 84 23
121 260 332 273 135
487 201 358 197 439
421 113 160 497 378
293 172 59 80 228
99 406 2 281 8
292 32 72 490 232
359 88 257 56 324
136 119 66 414 21
287 69 163 64 33
402 270 78 433 134
125 441 50 91 259
343 137 6 214 238
34 81 243 109 291
28 217 348 68 123
488 250 269 284 262
235 417 168 18 187
173 368 96 379 366
407 7 159 208 345
328 39 256 315 63
65 400 283 180 474
478 150 356 82 25
449 387 194 346 158
353 483 215 289 141
203 195 234 412 162
382 481 391 207 120
480 213 386 43 185
303 245 388 454 491
5 118 101 335 462
247 191 211 253 369
297 456 142 338 227
429 374 385 318 286
380 468 363 44 175
320 299 10 428 330
206 29 354 375 103
24 184 408 19 261
424 393 138 71 70
146 4 61 26 404
435 467 322 236 114
89 183 83 244 249
166 264 74 220 334
420 1 276 129 161
45 226 364 409 210
376 416 443 177 202
282 452 100 305 97
