490 491 493 495 496
490 491 493 495 496
175 176 178 180 181
490 491 493 495 496
175 176 178 180 181
133 134 136 138 139
490 491 493 495 496
175 176 178 180 181
133 134 136 138 139
140 141 143 145 146
490 491 493 495 496
175 176 178 180 181
133 134 136 138 139
140 141 143 145 146
147 148 150 152 153
490 491 493 495 496
175 176 178 180 181
133 134 136 138 139
140 141 143 145 146
147 148 150 152 153
154 155 157 159 160
490 491 493 495 496
175 176 178 180 181
133 134 136 138 139
140 141 143 145 146
147 148 150 152 153
154 155 157 159 160
161 162 164 166 167
490 491 493 495 496
175 176 178 180 181
133 134 136 138 139
140 141 143 145 146
147 148 150 152 153
154 155 157 159 160
161 162 164 166 167
168 169 171 173 174
490 491 493 495 496
175 176 178 180 181
133 134 136 138 139
140 141 143 145 146
147 148 150 152 153
154 155 157 159 160
161 162 164 166 167
168 169 171 173 174
182 183 185 187 188
490 491 493 495 496
175 176 178 180 181
133 134 136 138 139
140 141 143 145 146
147 148 150 152 153
154 155 157 159 160
161 162 164 166 167
168 169 171 173 174
182 183 185 187 188
119 120 122 124 125
490 491 493 495 496
175 176 178 180 181
133 134 136 138 139
140 141 143 145 146
147 148 150 152 153
154 155 157 159 160
161 162 164 166 167
168 169 171 173 174
182 183 185 187 188
119 120 122 124 125
189 190 192 194 195
490 491 493 495 496
175 176 178 180 181
133 134 136 138 139
140 141 143 145 146
147 148 150 152 153
154 155 157 159 160
161 162 164 166 167
168 169 171 173 174
182 183 185 187 188
119 120 122 124 125
189 190 192 194 195
196 197 199 201 202
490 491 493 495 496
175 176 178 180 181
133 134 136 138 139
140 141 143 145 146
147 148 150 152 153
154 155 157 159 160
161 162 164 166 167
168 169 171 173 174
182 183 185 187 188
119 120 122 124 125
189 190 192 194 195
196 197 199 201 202
203 204 206 208 209
490 491 493 495 496
175 176 178 180 181
133 134 136 138 139
140 141 143 145 146
147 148 150 152 153
154 155 157 159 160
161 162 164 166 167
168 169 171 173 174
182 183 185 187 188
119 120 122 124 125
189 190 192 194 195
196 197 199 201 202
203 204 206 208 209
210 211 213 215 216
490 491 493 495 496
175 176 178 180 181
133 134 136 138 139
140 141 143 145 146
147 148 150 152 153
154 155 157 159 160
161 162 164 166 167
168 169 171 173 174
182 183 185 187 188
119 120 122 124 125
189 190 192 194 195
196 197 199 201 202
203 204 206 208 209
210 211 213 215 216
217 218 220 222 223
490 491 493 495 496
175 176 178 180 181
133 134 136 138 139
140 141 143 145 146
147 148 150 152 153
154 155 157 159 160
161 162 164 166 167
168 169 171 173 174
182 183 185 187 188
119 120 122 124 125
189 190 192 194 195
196 197 199 201 202
203 204 206 208 209
210 211 213 215 216
217 218 220 222 223
224 225 227 229 230
490 491 493 495 496
175 176 178 180 181
133 134 136 138 139
140 141 143 145 146
147 148 150 152 153
154 155 157 159 160
161 162 164 166 167
168 169 171 173 174
182 183 185 187 188
119 120 122 124 125
189 190 192 194 195
196 197 199 201 202
203 204 206 208 209
210 211 213 215 216
217 218 220 222 223
224 225 227 229 230
126 127 129 131 132
490 491 493 495 496
175 176 178 180 181
133 134 136 138 139
140 141 143 145 146
147 148 150 152 153
154 155 157 159 160
161 162 164 166 167
168 169 171 173 174
182 183 185 187 188
119 120 122 124 125
189 190 192 194 195
196 197 199 201 202
203 204 206 208 209
210 211 213 215 216
217 218 220 222 223
224 225 227 229 230
126 127 129 131 132
112 113 115 117 118
490 491 493 495 496
175 176 178 180 181
133 134 136 138 139
140 141 143 145 146
147 148 150 152 153
154 155 157 159 160
161 162 164 166 167
168 169 171 173 174
182 183 185 187 188
119 120 122 124 125
189 190 192 194 195
196 197 199 201 202
203 204 206 208 209
210 211 213 215 216
217 218 220 222 223
224 225 227 229 230
126 127 129 131 132
112 113 115 117 118
238 239 241 243 244
490 491 493 495 496
175 176 178 180 181
133 134 136 138 139
140 141 143 145 146
147 148 150 152 153
154 155 157 159 160
161 162 164 166 167
168 169 171 173 174
182 183 185 187 188
119 120 122 124 125
189 190 192 194 195
196 197 199 201 202
203 204 206 208 209
210 211 213 215 216
217 218 220 222 223
224 225 227 229 230
126 127 129 131 132
112 113 115 117 118
238 239 241 243 244
49 50 52 54 55
490 491 493 495 496
175 176 178 180 181
133 134 136 138 139
140 141 143 145 146
147 148 150 152 153
154 155 157 159 160
161 162 164 166 167
168 169 171 173 174
182 183 185 187 188
119 120 122 124 125
189 190 192 194 195
196 197 199 201 202
203 204 206 208 209
210 211 213 215 216
217 218 220 222 223
224 225 227 229 230
126 127 129 131 132
112 113 115 117 118
238 239 241 243 244
49 50 52 54 55
7 8 10 12 13
490 491 493 495 496
175 176 178 180 181
133 134 136 138 139
140 141 143 145 146
147 148 150 152 153
154 155 157 159 160
161 162 164 166 167
168 169 171 173 174
182 183 185 187 188
119 120 122 124 125
189 190 192 194 195
196 197 199 201 202
203 204 206 208 209
210 211 213 215 216
217 218 220 222 223
224 225 227 229 230
126 127 129 131 132
112 113 115 117 118
238 239 241 243 244
49 50 52 54 55
7 8 10 12 13
14 15 17 19 20
490 491 493 495 496
175 176 178 180 181
133 134 136 138 139
140 141 143 145 146
147 148 150 152 153
154 155 157 159 160
161 162 164 166 167
168 169 171 173 174
182 183 185 187 188
119 120 122 124 125
189 190 192 194 195
196 197 199 201 202
203 204 206 208 209
210 211 213 215 216
217 218 220 222 223
224 225 227 229 230
126 127 129 131 132
112 113 115 117 118
238 239 241 243 244
49 50 52 54 55
7 8 10 12 13
14 15 17 19 20
21 22 24 26 27
490 491 493 495 496
175 176 178 180 181
133 134 136 138 139
140 141 143 145 146
147 148 150 152 153
154 155 157 159 160
161 162 164 166 167
168 169 171 173 174
182 183 185 187 188
119 120 122 124 125
189 190 192 194 195
196 197 199 201 202
203 204 206 208 209
210 211 213 215 216
217 218 220 222 223
224 225 227 229 230
126 127 129 131 132
112 113 115 117 118
238 239 241 243 244
49 50 52 54 55
7 8 10 12 13
14 15 17 19 20
21 22 24 26 27
28 29 31 33 34
490 491 493 495 496
175 176 178 180 181
133 134 136 138 139
140 141 143 145 146
147 148 150 152 153
154 155 157 159 160
161 162 164 166 167
168 169 171 173 174
182 183 185 187 188
119 120 122 124 125
189 190 192 194 195
196 197 199 201 202
203 204 206 208 209
210 211 213 215 216
217 218 220 222 223
224 225 227 229 230
126 127 129 131 132
112 113 115 117 118
238 239 241 243 244
49 50 52 54 55
7 8 10 12 13
14 15 17 19 20
21 22 24 26 27
28 29 31 33 34
35 36 38 40 41
490 491 493 495 496
175 176 178 180 181
133 134 136 138 139
140 141 143 145 146
147 148 150 152 153
154 155 157 159 160
161 162 164 166 167
168 169 171 173 174
182 183 185 187 188
119 120 122 124 125
189 190 192 194 195
196 197 199 201 202
203 204 206 208 209
210 211 213 215 216
217 218 220 222 223
224 225 227 229 230
126 127 129 131 132
112 113 115 117 118
238 239 241 243 244
49 50 52 54 55
7 8 10 12 13
14 15 17 19 20
21 22 24 26 27
28 29 31 33 34
35 36 38 40 41
42 43 45 47 48
490 491 493 495 496
175 176 178 180 181
133 134 136 138 139
140 141 143 145 146
147 148 150 152 153
154 155 157 159 160
161 162 164 166 167
168 169 171 173 174
182 183 185 187 188
119 120 122 124 125
189 190 192 194 195
196 197 199 201 202
203 204 206 208 209
210 211 213 215 216
217 218 220 222 223
224 225 227 229 230
126 127 129 131 132
112 113 115 117 118
238 239 241 243 244
49 50 52 54 55
7 8 10 12 13
14 15 17 19 20
21 22 24 26 27
28 29 31 33 34
35 36 38 40 41
42 43 45 47 48
56 57 59 61 62
490 491 493 495 496
175 176 178 180 181
133 134 136 138 139
140 141 143 145 146
147 148 150 152 153
154 155 157 159 160
161 162 164 166 167
168 169 171 173 174
182 183 185 187 188
119 120 122 124 125
189 190 192 194 195
196 197 199 201 202
203 204 206 208 209
210 211 213 215 216
217 218 220 222 223
224 225 227 229 230
126 127 129 131 132
112 113 115 117 118
238 239 241 243 244
49 50 52 54 55
7 8 10 12 13
14 15 17 19 20
21 22 24 26 27
28 29 31 33 34
35 36 38 40 41
42 43 45 47 48
56 57 59 61 62
105 106 108 110 111
490 491 493 495 496
175 176 178 180 181
133 134 136 138 139
140 141 143 145 146
147 148 150 152 153
154 155 157 159 160
161 162 164 166 167
168 169 171 173 174
182 183 185 187 188
119 120 122 124 125
189 190 192 194 195
196 197 199 201 202
203 204 206 208 209
210 211 213 215 216
217 218 220 222 223
224 225 227 229 230
126 127 129 131 132
112 113 115 117 118
238 239 241 243 244
49 50 52 54 55
7 8 10 12 13
14 15 17 19 20
21 22 24 26 27
28 29 31 33 34
35 36 38 40 41
42 43 45 47 48
56 57 59 61 62
105 106 108 110 111
63 64 66 68 69
490 491 493 495 496
175 176 178 180 181
133 134 136 138 139
140 141 143 145 146
147 148 150 152 153
154 155 157 159 160
161 162 164 166 167
168 169 171 173 174
182 183 185 187 188
119 120 122 124 125
189 190 192 194 195
196 197 199 201 202
203 204 206 208 209
210 211 213 215 216
217 218 220 222 223
224 225 227 229 230
126 127 129 131 132
112 113 115 117 118
238 239 241 243 244
49 50 52 54 55
7 8 10 12 13
14 15 17 19 20
21 22 24 26 27
28 29 31 33 34
35 36 38 40 41
42 43 45 47 48
56 57 59 61 62
105 106 108 110 111
63 64 66 68 69
70 71 73 75 76
490 491 493 495 496
175 176 178 180 181
133 134 136 138 139
140 141 143 145 146
147 148 150 152 153
154 155 157 159 160
161 162 164 166 167
168 169 171 173 174
182 183 185 187 188
119 120 122 124 125
189 190 192 194 195
196 197 199 201 202
203 204 206 208 209
210 211 213 215 216
217 218 220 222 223
224 225 227 229 230
126 127 129 131 132
112 113 115 117 118
238 239 241 243 244
49 50 52 54 55
7 8 10 12 13
14 15 17 19 20
21 22 24 26 27
28 29 31 33 34
35 36 38 40 41
42 43 45 47 48
56 57 59 61 62
105 106 108 110 111
63 64 66 68 69
70 71 73 75 76
77 78 80 82 83
490 491 493 495 496
175 176 178 180 181
133 134 136 138 139
140 141 143 145 146
147 148 150 152 153
154 155 157 159 160
161 162 164 166 167
168 169 171 173 174
182 183 185 187 188
119 120 122 124 125
189 190 192 194 195
196 197 199 201 202
203 204 206 208 209
210 211 213 215 216
217 218 220 222 223
224 225 227 229 230
126 127 129 131 132
112 113 115 117 118
238 239 241 243 244
49 50 52 54 55
7 8 10 12 13
14 15 17 19 20
21 22 24 26 27
28 29 31 33 34
35 36 38 40 41
42 43 45 47 48
56 57 59 61 62
105 106 108 110 111
63 64 66 68 69
70 71 73 75 76
77 78 80 82 83
84 85 87 89 90
490 491 493 495 496
175 176 178 180 181
133 134 136 138 139
140 141 143 145 146
147 148 150 152 153
154 155 157 159 160
161 162 164 166 167
168 169 171 173 174
182 183 185 187 188
119 120 122 124 125
189 190 192 194 195
196 197 199 201 202
203 204 206 208 209
210 211 213 215 216
217 218 220 222 223
224 225 227 229 230
126 127 129 131 132
112 113 115 117 118
238 239 241 243 244
49 50 52 54 55
7 8 10 12 13
14 15 17 19 20
21 22 24 26 27
28 29 31 33 34
35 36 38 40 41
42 43 45 47 48
56 57 59 61 62
105 106 108 110 111
63 64 66 68 69
70 71 73 75 76
77 78 80 82 83
84 85 87 89 90
91 92 94 96 97
490 491 493 495 496
175 176 178 180 181
133 134 136 138 139
140 141 143 145 146
147 148 150 152 153
154 155 157 159 160
161 162 164 166 167
168 169 171 173 174
182 183 185 187 188
119 120 122 124 125
189 190 192 194 195
196 197 199 201 202
203 204 206 208 209
210 211 213 215 216
217 218 220 222 223
224 225 227 229 230
126 127 129 131 132
112 113 115 117 118
238 239 241 243 244
49 50 52 54 55
7 8 10 12 13
14 15 17 19 20
21 22 24 26 27
28 29 31 33 34
35 36 38 40 41
42 43 45 47 48
56 57 59 61 62
105 106 108 110 111
63 64 66 68 69
70 71 73 75 76
77 78 80 82 83
84 85 87 89 90
91 92 94 96 97
98 99 101 103 104
490 491 493 495 496
175 176 178 180 181
133 134 136 138 139
140 141 143 145 146
147 148 150 152 153
154 155 157 159 160
161 162 164 166 167
168 169 171 173 174
182 183 185 187 188
119 120 122 124 125
189 190 192 194 195
196 197 199 201 202
203 204 206 208 209
210 211 213 215 216
217 218 220 222 223
224 225 227 229 230
126 127 129 131 132
112 113 115 117 118
238 239 241 243 244
49 50 52 54 55
7 8 10 12 13
14 15 17 19 20
21 22 24 26 27
28 29 31 33 34
35 36 38 40 41
42 43 45 47 48
56 57 59 61 62
105 106 108 110 111
63 64 66 68 69
70 71 73 75 76
77 78 80 82 83
84 85 87 89 90
91 92 94 96 97
98 99 101 103 104
231 232 234 236 237
490 491 493 495 496
175 176 178 180 181
133 134 136 138 139
140 141 143 145 146
147 148 150 152 153
154 155 157 159 160
161 162 164 166 167
168 169 171 173 174
182 183 185 187 188
119 120 122 124 125
189 190 192 194 195
196 197 199 201 202
203 204 206 208 209
210 211 213 215 216
217 218 220 222 223
224 225 227 229 230
126 127 129 131 132
112 113 115 117 118
238 239 241 243 244
49 50 52 54 55
7 8 10 12 13
14 15 17 19 20
21 22 24 26 27
28 29 31 33 34
35 36 38 40 41
42 43 45 47 48
56 57 59 61 62
105 106 108 110 111
63 64 66 68 69
70 71 73 75 76
77 78 80 82 83
84 85 87 89 90
91 92 94 96 97
98 99 101 103 104
231 232 234 236 237
245 246 248 250 251
490 491 493 495 496
175 176 178 180 181
133 134 136 138 139
140 141 143 145 146
147 148 150 152 153
154 155 157 159 160
161 162 164 166 167
168 169 171 173 174
182 183 185 187 188
119 120 122 124 125
189 190 192 194 195
196 197 199 201 202
203 204 206 208 209
210 211 213 215 216
217 218 220 222 223
224 225 227 229 230
126 127 129 131 132
112 113 115 117 118
238 239 241 243 244
49 50 52 54 55
7 8 10 12 13
14 15 17 19 20
21 22 24 26 27
28 29 31 33 34
35 36 38 40 41
42 43 45 47 48
56 57 59 61 62
105 106 108 110 111
63 64 66 68 69
70 71 73 75 76
77 78 80 82 83
84 85 87 89 90
91 92 94 96 97
98 99 101 103 104
231 232 234 236 237
245 246 248 250 251
483 484 486 488 489
490 491 493 495 496
175 176 178 180 181
133 134 136 138 139
140 141 143 145 146
147 148 150 152 153
154 155 157 159 160
161 162 164 166 167
168 169 171 173 174
182 183 185 187 188
119 120 122 124 125
189 190 192 194 195
196 197 199 201 202
203 204 206 208 209
210 211 213 215 216
217 218 220 222 223
224 225 227 229 230
126 127 129 131 132
112 113 115 117 118
238 239 241 243 244
49 50 52 54 55
7 8 10 12 13
14 15 17 19 20
21 22 24 26 27
28 29 31 33 34
35 36 38 40 41
42 43 45 47 48
56 57 59 61 62
105 106 108 110 111
63 64 66 68 69
70 71 73 75 76
77 78 80 82 83
84 85 87 89 90
91 92 94 96 97
98 99 101 103 104
231 232 234 236 237
245 246 248 250 251
483 484 486 488 489
427 428 430 432 433
490 491 493 495 496
175 176 178 180 181
133 134 136 138 139
140 141 143 145 146
147 148 150 152 153
154 155 157 159 160
161 162 164 166 167
168 169 171 173 174
182 183 185 187 188
119 120 122 124 125
189 190 192 194 195
196 197 199 201 202
203 204 206 208 209
210 211 213 215 216
217 218 220 222 223
224 225 227 229 230
126 127 129 131 132
112 113 115 117 118
238 239 241 243 244
49 50 52 54 55
7 8 10 12 13
14 15 17 19 20
21 22 24 26 27
28 29 31 33 34
35 36 38 40 41
42 43 45 47 48
56 57 59 61 62
105 106 108 110 111
63 64 66 68 69
70 71 73 75 76
77 78 80 82 83
84 85 87 89 90
91 92 94 96 97
98 99 101 103 104
231 232 234 236 237
245 246 248 250 251
483 484 486 488 489
427 428 430 432 433
385 386 388 390 391
490 491 493 495 496
175 176 178 180 181
133 134 136 138 139
140 141 143 145 146
147 148 150 152 153
154 155 157 159 160
161 162 164 166 167
168 169 171 173 174
182 183 185 187 188
119 120 122 124 125
189 190 192 194 195
196 197 199 201 202
203 204 206 208 209
210 211 213 215 216
217 218 220 222 223
224 225 227 229 230
126 127 129 131 132
112 113 115 117 118
238 239 241 243 244
49 50 52 54 55
7 8 10 12 13
14 15 17 19 20
21 22 24 26 27
28 29 31 33 34
35 36 38 40 41
42 43 45 47 48
56 57 59 61 62
105 106 108 110 111
63 64 66 68 69
70 71 73 75 76
77 78 80 82 83
84 85 87 89 90
91 92 94 96 97
98 99 101 103 104
231 232 234 236 237
245 246 248 250 251
483 484 486 488 489
427 428 430 432 433
385 386 388 390 391
392 393 395 397 398
490 491 493 495 496
175 176 178 180 181
133 134 136 138 139
140 141 143 145 146
147 148 150 152 153
154 155 157 159 160
161 162 164 166 167
168 169 171 173 174
182 183 185 187 188
119 120 122 124 125
189 190 192 194 195
196 197 199 201 202
203 204 206 208 209
210 211 213 215 216
217 218 220 222 223
224 225 227 229 230
126 127 129 131 132
112 113 115 117 118
238 239 241 243 244
49 50 52 54 55
7 8 10 12 13
14 15 17 19 20
21 22 24 26 27
28 29 31 33 34
35 36 38 40 41
42 43 45 47 48
56 57 59 61 62
105 106 108 110 111
63 64 66 68 69
70 71 73 75 76
77 78 80 82 83
84 85 87 89 90
91 92 94 96 97
98 99 101 103 104
231 232 234 236 237
245 246 248 250 251
483 484 486 488 489
427 428 430 432 433
385 386 388 390 391
392 393 395 397 398
399 400 402 404 405
490 491 493 495 496
175 176 178 180 181
133 134 136 138 139
140 141 143 145 146
147 148 150 152 153
154 155 157 159 160
161 162 164 166 167
168 169 171 173 174
182 183 185 187 188
119 120 122 124 125
189 190 192 194 195
196 197 199 201 202
203 204 206 208 209
210 211 213 215 216
217 218 220 222 223
224 225 227 229 230
126 127 129 131 132
112 113 115 117 118
238 239 241 243 244
49 50 52 54 55
7 8 10 12 13
14 15 17 19 20
21 22 24 26 27
28 29 31 33 34
35 36 38 40 41
42 43 45 47 48
56 57 59 61 62
105 106 108 110 111
63 64 66 68 69
70 71 73 75 76
77 78 80 82 83
84 85 87 89 90
91 92 94 96 97
98 99 101 103 104
231 232 234 236 237
245 246 248 250 251
483 484 486 488 489
427 428 430 432 433
385 386 388 390 391
392 393 395 397 398
399 400 402 404 405
406 407 409 411 412
490 491 493 495 496
175 176 178 180 181
133 134 136 138 139
140 141 143 145 146
147 148 150 152 153
154 155 157 159 160
161 162 164 166 167
168 169 171 173 174
182 183 185 187 188
119 120 122 124 125
189 190 192 194 195
196 197 199 201 202
203 204 206 208 209
210 211 213 215 216
217 218 220 222 223
224 225 227 229 230
126 127 129 131 132
112 113 115 117 118
238 239 241 243 244
49 50 52 54 55
7 8 10 12 13
14 15 17 19 20
21 22 24 26 27
28 29 31 33 34
35 36 38 40 41
42 43 45 47 48
56 57 59 61 62
105 106 108 110 111
63 64 66 68 69
70 71 73 75 76
77 78 80 82 83
84 85 87 89 90
91 92 94 96 97
98 99 101 103 104
231 232 234 236 237
245 246 248 250 251
483 484 486 488 489
427 428 430 432 433
385 386 388 390 391
392 393 395 397 398
399 400 402 404 405
406 407 409 411 412
413 414 416 418 419
490 491 493 495 496
175 176 178 180 181
133 134 136 138 139
140 141 143 145 146
147 148 150 152 153
154 155 157 159 160
161 162 164 166 167
168 169 171 173 174
182 183 185 187 188
119 120 122 124 125
189 190 192 194 195
196 197 199 201 202
203 204 206 208 209
210 211 213 215 216
217 218 220 222 223
224 225 227 229 230
126 127 129 131 132
112 113 115 117 118
238 239 241 243 244
49 50 52 54 55
7 8 10 12 13
14 15 17 19 20
21 22 24 26 27
28 29 31 33 34
35 36 38 40 41
42 43 45 47 48
56 57 59 61 62
105 106 108 110 111
63 64 66 68 69
70 71 73 75 76
77 78 80 82 83
84 85 87 89 90
91 92 94 96 97
98 99 101 103 104
231 232 234 236 237
245 246 248 250 251
483 484 486 488 489
427 428 430 432 433
385 386 388 390 391
392 393 395 397 398
399 400 402 404 405
406 407 409 411 412
413 414 416 418 419
420 421 423 425 426
490 491 493 495 496
175 176 178 180 181
133 134 136 138 139
140 141 143 145 146
147 148 150 152 153
154 155 157 159 160
161 162 164 166 167
168 169 171 173 174
182 183 185 187 188
119 120 122 124 125
189 190 192 194 195
196 197 199 201 202
203 204 206 208 209
210 211 213 215 216
217 218 220 222 223
224 225 227 229 230
126 127 129 131 132
112 113 115 117 118
238 239 241 243 244
49 50 52 54 55
7 8 10 12 13
14 15 17 19 20
21 22 24 26 27
28 29 31 33 34
35 36 38 40 41
42 43 45 47 48
56 57 59 61 62
105 106 108 110 111
63 64 66 68 69
70 71 73 75 76
77 78 80 82 83
84 85 87 89 90
91 92 94 96 97
98 99 101 103 104
231 232 234 236 237
245 246 248 250 251
483 484 486 488 489
427 428 430 432 433
385 386 388 390 391
392 393 395 397 398
399 400 402 404 405
406 407 409 411 412
413 414 416 418 419
420 421 423 425 426
434 435 437 439 440
490 491 493 495 496
175 176 178 180 181
133 134 136 138 139
140 141 143 145 146
147 148 150 152 153
154 155 157 159 160
161 162 164 166 167
168 169 171 173 174
182 183 185 187 188
119 120 122 124 125
189 190 192 194 195
196 197 199 201 202
203 204 206 208 209
210 211 213 215 216
217 218 220 222 223
224 225 227 229 230
126 127 129 131 132
112 113 115 117 118
238 239 241 243 244
49 50 52 54 55
7 8 10 12 13
14 15 17 19 20
21 22 24 26 27
28 29 31 33 34
35 36 38 40 41
42 43 45 47 48
56 57 59 61 62
105 106 108 110 111
63 64 66 68 69
70 71 73 75 76
77 78 80 82 83
84 85 87 89 90
91 92 94 96 97
98 99 101 103 104
231 232 234 236 237
245 246 248 250 251
483 484 486 488 489
427 428 430 432 433
385 386 388 390 391
392 393 395 397 398
399 400 402 404 405
406 407 409 411 412
413 414 416 418 419
420 421 423 425 426
434 435 437 439 440
371 372 374 376 377
490 491 493 495 496
175 176 178 180 181
133 134 136 138 139
140 141 143 145 146
147 148 150 152 153
154 155 157 159 160
161 162 164 166 167
168 169 171 173 174
182 183 185 187 188
119 120 122 124 125
189 190 192 194 195
196 197 199 201 202
203 204 206 208 209
210 211 213 215 216
217 218 220 222 223
224 225 227 229 230
126 127 129 131 132
112 113 115 117 118
238 239 241 243 244
49 50 52 54 55
7 8 10 12 13
14 15 17 19 20
21 22 24 26 27
28 29 31 33 34
35 36 38 40 41
42 43 45 47 48
56 57 59 61 62
105 106 108 110 111
63 64 66 68 69
70 71 73 75 76
77 78 80 82 83
84 85 87 89 90
91 92 94 96 97
98 99 101 103 104
231 232 234 236 237
245 246 248 250 251
483 484 486 488 489
427 428 430 432 433
385 386 388 390 391
392 393 395 397 398
399 400 402 404 405
406 407 409 411 412
413 414 416 418 419
420 421 423 425 426
434 435 437 439 440
371 372 374 376 377
441 442 444 446 447
490 491 493 495 496
175 176 178 180 181
133 134 136 138 139
140 141 143 145 146
147 148 150 152 153
154 155 157 159 160
161 162 164 166 167
168 169 171 173 174
182 183 185 187 188
119 120 122 124 125
189 190 192 194 195
196 197 199 201 202
203 204 206 208 209
210 211 213 215 216
217 218 220 222 223
224 225 227 229 230
126 127 129 131 132
112 113 115 117 118
238 239 241 243 244
49 50 52 54 55
7 8 10 12 13
14 15 17 19 20
21 22 24 26 27
28 29 31 33 34
35 36 38 40 41
42 43 45 47 48
56 57 59 61 62
105 106 108 110 111
63 64 66 68 69
70 71 73 75 76
77 78 80 82 83
84 85 87 89 90
91 92 94 96 97
98 99 101 103 104
231 232 234 236 237
245 246 248 250 251
483 484 486 488 489
427 428 430 432 433
385 386 388 390 391
392 393 395 397 398
399 400 402 404 405
406 407 409 411 412
413 414 416 418 419
420 421 423 425 426
434 435 437 439 440
371 372 374 376 377
441 442 444 446 447
448 449 451 453 454
490 491 493 495 496
175 176 178 180 181
133 134 136 138 139
140 141 143 145 146
147 148 150 152 153
154 155 157 159 160
161 162 164 166 167
168 169 171 173 174
182 183 185 187 188
119 120 122 124 125
189 190 192 194 195
196 197 199 201 202
203 204 206 208 209
210 211 213 215 216
217 218 220 222 223
224 225 227 229 230
126 127 129 131 132
112 113 115 117 118
238 239 241 243 244
49 50 52 54 55
7 8 10 12 13
14 15 17 19 20
21 22 24 26 27
28 29 31 33 34
35 36 38 40 41
42 43 45 47 48
56 57 59 61 62
105 106 108 110 111
63 64 66 68 69
70 71 73 75 76
77 78 80 82 83
84 85 87 89 90
91 92 94 96 97
98 99 101 103 104
231 232 234 236 237
245 246 248 250 251
483 484 486 488 489
427 428 430 432 433
385 386 388 390 391
392 393 395 397 398
399 400 402 404 405
406 407 409 411 412
413 414 416 418 419
420 421 423 425 426
434 435 437 439 440
371 372 374 376 377
441 442 444 446 447
448 449 451 453 454
455 456 458 460 461
490 491 493 495 496
175 176 178 180 181
133 134 136 138 139
140 141 143 145 146
147 148 150 152 153
154 155 157 159 160
161 162 164 166 167
168 169 171 173 174
182 183 185 187 188
119 120 122 124 125
189 190 192 194 195
196 197 199 201 202
203 204 206 208 209
210 211 213 215 216
217 218 220 222 223
224 225 227 229 230
126 127 129 131 132
112 113 115 117 118
238 239 241 243 244
49 50 52 54 55
7 8 10 12 13
14 15 17 19 20
21 22 24 26 27
28 29 31 33 34
35 36 38 40 41
42 43 45 47 48
56 57 59 61 62
105 106 108 110 111
63 64 66 68 69
70 71 73 75 76
77 78 80 82 83
84 85 87 89 90
91 92 94 96 97
98 99 101 103 104
231 232 234 236 237
245 246 248 250 251
483 484 486 488 489
427 428 430 432 433
385 386 388 390 391
392 393 395 397 398
399 400 402 404 405
406 407 409 411 412
413 414 416 418 419
420 421 423 425 426
434 435 437 439 440
371 372 374 376 377
441 442 444 446 447
448 449 451 453 454
455 456 458 460 461
462 463 465 467 468
490 491 493 495 496
175 176 178 180 181
133 134 136 138 139
140 141 143 145 146
147 148 150 152 153
154 155 157 159 160
161 162 164 166 167
168 169 171 173 174
182 183 185 187 188
119 120 122 124 125
189 190 192 194 195
196 197 199 201 202
203 204 206 208 209
210 211 213 215 216
217 218 220 222 223
224 225 227 229 230
126 127 129 131 132
112 113 115 117 118
238 239 241 243 244
49 50 52 54 55
7 8 10 12 13
14 15 17 19 20
21 22 24 26 27
28 29 31 33 34
35 36 38 40 41
42 43 45 47 48
56 57 59 61 62
105 106 108 110 111
63 64 66 68 69
70 71 73 75 76
77 78 80 82 83
84 85 87 89 90
91 92 94 96 97
98 99 101 103 104
231 232 234 236 237
245 246 248 250 251
483 484 486 488 489
427 428 430 432 433
385 386 388 390 391
392 393 395 397 398
399 400 402 404 405
406 407 409 411 412
413 414 416 418 419
420 421 423 425 426
434 435 437 439 440
371 372 374 376 377
441 442 444 446 447
448 449 451 453 454
455 456 458 460 461
462 463 465 467 468
469 470 472 474 475
490 491 493 495 496
175 176 178 180 181
133 134 136 138 139
140 141 143 145 146
147 148 150 152 153
154 155 157 159 160
161 162 164 166 167
168 169 171 173 174
182 183 185 187 188
119 120 122 124 125
189 190 192 194 195
196 197 199 201 202
203 204 206 208 209
210 211 213 215 216
217 218 220 222 223
224 225 227 229 230
126 127 129 131 132
112 113 115 117 118
238 239 241 243 244
49 50 52 54 55
7 8 10 12 13
14 15 17 19 20
21 22 24 26 27
28 29 31 33 34
35 36 38 40 41
42 43 45 47 48
56 57 59 61 62
105 106 108 110 111
63 64 66 68 69
70 71 73 75 76
77 78 80 82 83
84 85 87 89 90
91 92 94 96 97
98 99 101 103 104
231 232 234 236 237
245 246 248 250 251
483 484 486 488 489
427 428 430 432 433
385 386 388 390 391
392 393 395 397 398
399 400 402 404 405
406 407 409 411 412
413 414 416 418 419
420 421 423 425 426
434 435 437 439 440
371 372 374 376 377
441 442 444 446 447
448 449 451 453 454
455 456 458 460 461
462 463 465 467 468
469 470 472 474 475
476 477 479 481 482
490 491 493 495 496
175 176 178 180 181
133 134 136 138 139
140 141 143 145 146
147 148 150 152 153
154 155 157 159 160
161 162 164 166 167
168 169 171 173 174
182 183 185 187 188
119 120 122 124 125
189 190 192 194 195
196 197 199 201 202
203 204 206 208 209
210 211 213 215 216
217 218 220 222 223
224 225 227 229 230
126 127 129 131 132
112 113 115 117 118
238 239 241 243 244
49 50 52 54 55
7 8 10 12 13
14 15 17 19 20
21 22 24 26 27
28 29 31 33 34
35 36 38 40 41
42 43 45 47 48
56 57 59 61 62
105 106 108 110 111
63 64 66 68 69
70 71 73 75 76
77 78 80 82 83
84 85 87 89 90
91 92 94 96 97
98 99 101 103 104
231 232 234 236 237
245 246 248 250 251
483 484 486 488 489
427 428 430 432 433
385 386 388 390 391
392 393 395 397 398
399 400 402 404 405
406 407 409 411 412
413 414 416 418 419
420 421 423 425 426
434 435 437 439 440
371 372 374 376 377
441 442 444 446 447
448 449 451 453 454
455 456 458 460 461
462 463 465 467 468
469 470 472 474 475
476 477 479 481 482
378 379 381 383 384
490 491 493 495 496
175 176 178 180 181
133 134 136 138 139
140 141 143 145 146
147 148 150 152 153
154 155 157 159 160
161 162 164 166 167
168 169 171 173 174
182 183 185 187 188
119 120 122 124 125
189 190 192 194 195
196 197 199 201 202
203 204 206 208 209
210 211 213 215 216
217 218 220 222 223
224 225 227 229 230
126 127 129 131 132
112 113 115 117 118
238 239 241 243 244
49 50 52 54 55
7 8 10 12 13
14 15 17 19 20
21 22 24 26 27
28 29 31 33 34
35 36 38 40 41
42 43 45 47 48
56 57 59 61 62
105 106 108 110 111
63 64 66 68 69
70 71 73 75 76
77 78 80 82 83
84 85 87 89 90
91 92 94 96 97
98 99 101 103 104
231 232 234 236 237
245 246 248 250 251
483 484 486 488 489
427 428 430 432 433
385 386 388 390 391
392 393 395 397 398
399 400 402 404 405
406 407 409 411 412
413 414 416 418 419
420 421 423 425 426
434 435 437 439 440
371 372 374 376 377
441 442 444 446 447
448 449 451 453 454
455 456 458 460 461
462 463 465 467 468
469 470 472 474 475
476 477 479 481 482
378 379 381 383 384
364 365 367 369 370
490 491 493 495 496
175 176 178 180 181
133 134 136 138 139
140 141 143 145 146
147 148 150 152 153
154 155 157 159 160
161 162 164 166 167
168 169 171 173 174
182 183 185 187 188
119 120 122 124 125
189 190 192 194 195
196 197 199 201 202
203 204 206 208 209
210 211 213 215 216
217 218 220 222 223
224 225 227 229 230
126 127 129 131 132
112 113 115 117 118
238 239 241 243 244
49 50 52 54 55
7 8 10 12 13
14 15 17 19 20
21 22 24 26 27
28 29 31 33 34
35 36 38 40 41
42 43 45 47 48
56 57 59 61 62
105 106 108 110 111
63 64 66 68 69
70 71 73 75 76
77 78 80 82 83
84 85 87 89 90
91 92 94 96 97
98 99 101 103 104
231 232 234 236 237
245 246 248 250 251
483 484 486 488 489
427 428 430 432 433
385 386 388 390 391
392 393 395 397 398
399 400 402 404 405
406 407 409 411 412
413 414 416 418 419
420 421 423 425 426
434 435 437 439 440
371 372 374 376 377
441 442 444 446 447
448 449 451 453 454
455 456 458 460 461
462 463 465 467 468
469 470 472 474 475
476 477 479 481 482
378 379 381 383 384
364 365 367 369 370
252 253 255 257 258
490 491 493 495 496
175 176 178 180 181
133 134 136 138 139
140 141 143 145 146
147 148 150 152 153
154 155 157 159 160
161 162 164 166 167
168 169 171 173 174
182 183 185 187 188
119 120 122 124 125
189 190 192 194 195
196 197 199 201 202
203 204 206 208 209
210 211 213 215 216
217 218 220 222 223
224 225 227 229 230
126 127 129 131 132
112 113 115 117 118
238 239 241 243 244
49 50 52 54 55
7 8 10 12 13
14 15 17 19 20
21 22 24 26 27
28 29 31 33 34
35 36 38 40 41
42 43 45 47 48
56 57 59 61 62
105 106 108 110 111
63 64 66 68 69
70 71 73 75 76
77 78 80 82 83
84 85 87 89 90
91 92 94 96 97
98 99 101 103 104
231 232 234 236 237
245 246 248 250 251
483 484 486 488 489
427 428 430 432 433
385 386 388 390 391
392 393 395 397 398
399 400 402 404 405
406 407 409 411 412
413 414 416 418 419
420 421 423 425 426
434 435 437 439 440
371 372 374 376 377
441 442 444 446 447
448 449 451 453 454
455 456 458 460 461
462 463 465 467 468
469 470 472 474 475
476 477 479 481 482
378 379 381 383 384
364 365 367 369 370
252 253 255 257 258
301 302 304 306 307
490 491 493 495 496
175 176 178 180 181
133 134 136 138 139
140 141 143 145 146
147 148 150 152 153
154 155 157 159 160
161 162 164 166 167
168 169 171 173 174
182 183 185 187 188
119 120 122 124 125
189 190 192 194 195
196 197 199 201 202
203 204 206 208 209
210 211 213 215 216
217 218 220 222 223
224 225 227 229 230
126 127 129 131 132
112 113 115 117 118
238 239 241 243 244
49 50 52 54 55
7 8 10 12 13
14 15 17 19 20
21 22 24 26 27
28 29 31 33 34
35 36 38 40 41
42 43 45 47 48
56 57 59 61 62
105 106 108 110 111
63 64 66 68 69
70 71 73 75 76
77 78 80 82 83
84 85 87 89 90
91 92 94 96 97
98 99 101 103 104
231 232 234 236 237
245 246 248 250 251
483 484 486 488 489
427 428 430 432 433
385 386 388 390 391
392 393 395 397 398
399 400 402 404 405
406 407 409 411 412
413 414 416 418 419
420 421 423 425 426
434 435 437 439 440
371 372 374 376 377
441 442 444 446 447
448 449 451 453 454
455 456 458 460 461
462 463 465 467 468
469 470 472 474 475
476 477 479 481 482
378 379 381 383 384
364 365 367 369 370
252 253 255 257 258
301 302 304 306 307
259 260 262 264 265
490 491 493 495 496
175 176 178 180 181
133 134 136 138 139
140 141 143 145 146
147 148 150 152 153
154 155 157 159 160
161 162 164 166 167
168 169 171 173 174
182 183 185 187 188
119 120 122 124 125
189 190 192 194 195
196 197 199 201 202
203 204 206 208 209
210 211 213 215 216
217 218 220 222 223
224 225 227 229 230
126 127 129 131 132
112 113 115 117 118
238 239 241 243 244
49 50 52 54 55
7 8 10 12 13
14 15 17 19 20
21 22 24 26 27
28 29 31 33 34
35 36 38 40 41
42 43 45 47 48
56 57 59 61 62
105 106 108 110 111
63 64 66 68 69
70 71 73 75 76
77 78 80 82 83
84 85 87 89 90
91 92 94 96 97
98 99 101 103 104
231 232 234 236 237
245 246 248 250 251
483 484 486 488 489
427 428 430 432 433
385 386 388 390 391
392 393 395 397 398
399 400 402 404 405
406 407 409 411 412
413 414 416 418 419
420 421 423 425 426
434 435 437 439 440
371 372 374 376 377
441 442 444 446 447
448 449 451 453 454
455 456 458 460 461
462 463 465 467 468
469 470 472 474 475
476 477 479 481 482
378 379 381 383 384
364 365 367 369 370
252 253 255 257 258
301 302 304 306 307
259 260 262 264 265
266 267 269 271 272
490 491 493 495 496
175 176 178 180 181
133 134 136 138 139
140 141 143 145 146
147 148 150 152 153
154 155 157 159 160
161 162 164 166 167
168 169 171 173 174
182 183 185 187 188
119 120 122 124 125
189 190 192 194 195
196 197 199 201 202
203 204 206 208 209
210 211 213 215 216
217 218 220 222 223
224 225 227 229 230
126 127 129 131 132
112 113 115 117 118
238 239 241 243 244
49 50 52 54 55
7 8 10 12 13
14 15 17 19 20
21 22 24 26 27
28 29 31 33 34
35 36 38 40 41
42 43 45 47 48
56 57 59 61 62
105 106 108 110 111
63 64 66 68 69
70 71 73 75 76
77 78 80 82 83
84 85 87 89 90
91 92 94 96 97
98 99 101 103 104
231 232 234 236 237
245 246 248 250 251
483 484 486 488 489
427 428 430 432 433
385 386 388 390 391
392 393 395 397 398
399 400 402 404 405
406 407 409 411 412
413 414 416 418 419
420 421 423 425 426
434 435 437 439 440
371 372 374 376 377
441 442 444 446 447
448 449 451 453 454
455 456 458 460 461
462 463 465 467 468
469 470 472 474 475
476 477 479 481 482
378 379 381 383 384
364 365 367 369 370
252 253 255 257 258
301 302 304 306 307
259 260 262 264 265
266 267 269 271 272
273 274 276 278 279
490 491 493 495 496
175 176 178 180 181
133 134 136 138 139
140 141 143 145 146
147 148 150 152 153
154 155 157 159 160
161 162 164 166 167
168 169 171 173 174
182 183 185 187 188
119 120 122 124 125
189 190 192 194 195
196 197 199 201 202
203 204 206 208 209
210 211 213 215 216
217 218 220 222 223
224 225 227 229 230
126 127 129 131 132
112 113 115 117 118
238 239 241 243 244
49 50 52 54 55
7 8 10 12 13
14 15 17 19 20
21 22 24 26 27
28 29 31 33 34
35 36 38 40 41
42 43 45 47 48
56 57 59 61 62
105 106 108 110 111
63 64 66 68 69
70 71 73 75 76
77 78 80 82 83
84 85 87 89 90
91 92 94 96 97
98 99 101 103 104
231 232 234 236 237
245 246 248 250 251
483 484 486 488 489
427 428 430 432 433
385 386 388 390 391
392 393 395 397 398
399 400 402 404 405
406 407 409 411 412
413 414 416 418 419
420 421 423 425 426
434 435 437 439 440
371 372 374 376 377
441 442 444 446 447
448 449 451 453 454
455 456 458 460 461
462 463 465 467 468
469 470 472 474 475
476 477 479 481 482
378 379 381 383 384
364 365 367 369 370
252 253 255 257 258
301 302 304 306 307
259 260 262 264 265
266 267 269 271 272
273 274 276 278 279
280 281 283 285 286
490 491 493 495 496
175 176 178 180 181
133 134 136 138 139
140 141 143 145 146
147 148 150 152 153
154 155 157 159 160
161 162 164 166 167
168 169 171 173 174
182 183 185 187 188
119 120 122 124 125
189 190 192 194 195
196 197 199 201 202
203 204 206 208 209
210 211 213 215 216
217 218 220 222 223
224 225 227 229 230
126 127 129 131 132
112 113 115 117 118
238 239 241 243 244
49 50 52 54 55
7 8 10 12 13
14 15 17 19 20
21 22 24 26 27
28 29 31 33 34
35 36 38 40 41
42 43 45 47 48
56 57 59 61 62
105 106 108 110 111
63 64 66 68 69
70 71 73 75 76
77 78 80 82 83
84 85 87 89 90
91 92 94 96 97
98 99 101 103 104
231 232 234 236 237
245 246 248 250 251
483 484 486 488 489
427 428 430 432 433
385 386 388 390 391
392 393 395 397 398
399 400 402 404 405
406 407 409 411 412
413 414 416 418 419
420 421 423 425 426
434 435 437 439 440
371 372 374 376 377
441 442 444 446 447
448 449 451 453 454
455 456 458 460 461
462 463 465 467 468
469 470 472 474 475
476 477 479 481 482
378 379 381 383 384
364 365 367 369 370
252 253 255 257 258
301 302 304 306 307
259 260 262 264 265
266 267 269 271 272
273 274 276 278 279
280 281 283 285 286
287 288 290 292 293
490 491 493 495 496
175 176 178 180 181
133 134 136 138 139
140 141 143 145 146
147 148 150 152 153
154 155 157 159 160
161 162 164 166 167
168 169 171 173 174
182 183 185 187 188
119 120 122 124 125
189 190 192 194 195
196 197 199 201 202
203 204 206 208 209
210 211 213 215 216
217 218 220 222 223
224 225 227 229 230
126 127 129 131 132
112 113 115 117 118
238 239 241 243 244
49 50 52 54 55
7 8 10 12 13
14 15 17 19 20
21 22 24 26 27
28 29 31 33 34
35 36 38 40 41
42 43 45 47 48
56 57 59 61 62
105 106 108 110 111
63 64 66 68 69
70 71 73 75 76
77 78 80 82 83
84 85 87 89 90
91 92 94 96 97
98 99 101 103 104
231 232 234 236 237
245 246 248 250 251
483 484 486 488 489
427 428 430 432 433
385 386 388 390 391
392 393 395 397 398
399 400 402 404 405
406 407 409 411 412
413 414 416 418 419
420 421 423 425 426
434 435 437 439 440
371 372 374 376 377
441 442 444 446 447
448 449 451 453 454
455 456 458 460 461
462 463 465 467 468
469 470 472 474 475
476 477 479 481 482
378 379 381 383 384
364 365 367 369 370
252 253 255 257 258
301 302 304 306 307
259 260 262 264 265
266 267 269 271 272
273 274 276 278 279
280 281 283 285 286
287 288 290 292 293
294 295 297 299 300
490 491 493 495 496
175 176 178 180 181
133 134 136 138 139
140 141 143 145 146
147 148 150 152 153
154 155 157 159 160
161 162 164 166 167
168 169 171 173 174
182 183 185 187 188
119 120 122 124 125
189 190 192 194 195
196 197 199 201 202
203 204 206 208 209
210 211 213 215 216
217 218 220 222 223
224 225 227 229 230
126 127 129 131 132
112 113 115 117 118
238 239 241 243 244
49 50 52 54 55
7 8 10 12 13
14 15 17 19 20
21 22 24 26 27
28 29 31 33 34
35 36 38 40 41
42 43 45 47 48
56 57 59 61 62
105 106 108 110 111
63 64 66 68 69
70 71 73 75 76
77 78 80 82 83
84 85 87 89 90
91 92 94 96 97
98 99 101 103 104
231 232 234 236 237
245 246 248 250 251
483 484 486 488 489
427 428 430 432 433
385 386 388 390 391
392 393 395 397 398
399 400 402 404 405
406 407 409 411 412
413 414 416 418 419
420 421 423 425 426
434 435 437 439 440
371 372 374 376 377
441 442 444 446 447
448 449 451 453 454
455 456 458 460 461
462 463 465 467 468
469 470 472 474 475
476 477 479 481 482
378 379 381 383 384
364 365 367 369 370
252 253 255 257 258
301 302 304 306 307
259 260 262 264 265
266 267 269 271 272
273 274 276 278 279
280 281 283 285 286
287 288 290 292 293
294 295 297 299 300
308 309 311 313 314
490 491 493 495 496
175 176 178 180 181
133 134 136 138 139
140 141 143 145 146
147 148 150 152 153
154 155 157 159 160
161 162 164 166 167
168 169 171 173 174
182 183 185 187 188
119 120 122 124 125
189 190 192 194 195
196 197 199 201 202
203 204 206 208 209
210 211 213 215 216
217 218 220 222 223
224 225 227 229 230
126 127 129 131 132
112 113 115 117 118
238 239 241 243 244
49 50 52 54 55
7 8 10 12 13
14 15 17 19 20
21 22 24 26 27
28 29 31 33 34
35 36 38 40 41
42 43 45 47 48
56 57 59 61 62
105 106 108 110 111
63 64 66 68 69
70 71 73 75 76
77 78 80 82 83
84 85 87 89 90
91 92 94 96 97
98 99 101 103 104
231 232 234 236 237
245 246 248 250 251
483 484 486 488 489
427 428 430 432 433
385 386 388 390 391
392 393 395 397 398
399 400 402 404 405
406 407 409 411 412
413 414 416 418 419
420 421 423 425 426
434 435 437 439 440
371 372 374 376 377
441 442 444 446 447
448 449 451 453 454
455 456 458 460 461
462 463 465 467 468
469 470 472 474 475
476 477 479 481 482
378 379 381 383 384
364 365 367 369 370
252 253 255 257 258
301 302 304 306 307
259 260 262 264 265
266 267 269 271 272
273 274 276 278 279
280 281 283 285 286
287 288 290 292 293
294 295 297 299 300
308 309 311 313 314
357 358 360 362 363
490 491 493 495 496
175 176 178 180 181
133 134 136 138 139
140 141 143 145 146
147 148 150 152 153
154 155 157 159 160
161 162 164 166 167
168 169 171 173 174
182 183 185 187 188
119 120 122 124 125
189 190 192 194 195
196 197 199 201 202
203 204 206 208 209
210 211 213 215 216
217 218 220 222 223
224 225 227 229 230
126 127 129 131 132
112 113 115 117 118
238 239 241 243 244
49 50 52 54 55
7 8 10 12 13
14 15 17 19 20
21 22 24 26 27
28 29 31 33 34
35 36 38 40 41
42 43 45 47 48
56 57 59 61 62
105 106 108 110 111
63 64 66 68 69
70 71 73 75 76
77 78 80 82 83
84 85 87 89 90
91 92 94 96 97
98 99 101 103 104
231 232 234 236 237
245 246 248 250 251
483 484 486 488 489
427 428 430 432 433
385 386 388 390 391
392 393 395 397 398
399 400 402 404 405
406 407 409 411 412
413 414 416 418 419
420 421 423 425 426
434 435 437 439 440
371 372 374 376 377
441 442 444 446 447
448 449 451 453 454
455 456 458 460 461
462 463 465 467 468
469 470 472 474 475
476 477 479 481 482
378 379 381 383 384
364 365 367 369 370
252 253 255 257 258
301 302 304 306 307
259 260 262 264 265
266 267 269 271 272
273 274 276 278 279
280 281 283 285 286
287 288 290 292 293
294 295 297 299 300
308 309 311 313 314
357 358 360 362 363
315 316 318 320 321
490 491 493 495 496
175 176 178 180 181
133 134 136 138 139
140 141 143 145 146
147 148 150 152 153
154 155 157 159 160
161 162 164 166 167
168 169 171 173 174
182 183 185 187 188
119 120 122 124 125
189 190 192 194 195
196 197 199 201 202
203 204 206 208 209
210 211 213 215 216
217 218 220 222 223
224 225 227 229 230
126 127 129 131 132
112 113 115 117 118
238 239 241 243 244
49 50 52 54 55
7 8 10 12 13
14 15 17 19 20
21 22 24 26 27
28 29 31 33 34
35 36 38 40 41
42 43 45 47 48
56 57 59 61 62
105 106 108 110 111
63 64 66 68 69
70 71 73 75 76
77 78 80 82 83
84 85 87 89 90
91 92 94 96 97
98 99 101 103 104
231 232 234 236 237
245 246 248 250 251
483 484 486 488 489
427 428 430 432 433
385 386 388 390 391
392 393 395 397 398
399 400 402 404 405
406 407 409 411 412
413 414 416 418 419
420 421 423 425 426
434 435 437 439 440
371 372 374 376 377
441 442 444 446 447
448 449 451 453 454
455 456 458 460 461
462 463 465 467 468
469 470 472 474 475
476 477 479 481 482
378 379 381 383 384
364 365 367 369 370
252 253 255 257 258
301 302 304 306 307
259 260 262 264 265
266 267 269 271 272
273 274 276 278 279
280 281 283 285 286
287 288 290 292 293
294 295 297 299 300
308 309 311 313 314
357 358 360 362 363
315 316 318 320 321
322 323 325 327 328
490 491 493 495 496
175 176 178 180 181
133 134 136 138 139
140 141 143 145 146
147 148 150 152 153
154 155 157 159 160
161 162 164 166 167
168 169 171 173 174
182 183 185 187 188
119 120 122 124 125
189 190 192 194 195
196 197 199 201 202
203 204 206 208 209
210 211 213 215 216
217 218 220 222 223
224 225 227 229 230
126 127 129 131 132
112 113 115 117 118
238 239 241 243 244
49 50 52 54 55
7 8 10 12 13
14 15 17 19 20
21 22 24 26 27
28 29 31 33 34
35 36 38 40 41
42 43 45 47 48
56 57 59 61 62
105 106 108 110 111
63 64 66 68 69
70 71 73 75 76
77 78 80 82 83
84 85 87 89 90
91 92 94 96 97
98 99 101 103 104
231 232 234 236 237
245 246 248 250 251
483 484 486 488 489
427 428 430 432 433
385 386 388 390 391
392 393 395 397 398
399 400 402 404 405
406 407 409 411 412
413 414 416 418 419
420 421 423 425 426
434 435 437 439 440
371 372 374 376 377
441 442 444 446 447
448 449 451 453 454
455 456 458 460 461
462 463 465 467 468
469 470 472 474 475
476 477 479 481 482
378 379 381 383 384
364 365 367 369 370
252 253 255 257 258
301 302 304 306 307
259 260 262 264 265
266 267 269 271 272
273 274 276 278 279
280 281 283 285 286
287 288 290 292 293
294 295 297 299 300
308 309 311 313 314
357 358 360 362 363
315 316 318 320 321
322 323 325 327 328
329 330 332 334 335
490 491 493 495 496
175 176 178 180 181
133 134 136 138 139
140 141 143 145 146
147 148 150 152 153
154 155 157 159 160
161 162 164 166 167
168 169 171 173 174
182 183 185 187 188
119 120 122 124 125
189 190 192 194 195
196 197 199 201 202
203 204 206 208 209
210 211 213 215 216
217 218 220 222 223
224 225 227 229 230
126 127 129 131 132
112 113 115 117 118
238 239 241 243 244
49 50 52 54 55
7 8 10 12 13
14 15 17 19 20
21 22 24 26 27
28 29 31 33 34
35 36 38 40 41
42 43 45 47 48
56 57 59 61 62
105 106 108 110 111
63 64 66 68 69
70 71 73 75 76
77 78 80 82 83
84 85 87 89 90
91 92 94 96 97
98 99 101 103 104
231 232 234 236 237
245 246 248 250 251
483 484 486 488 489
427 428 430 432 433
385 386 388 390 391
392 393 395 397 398
399 400 402 404 405
406 407 409 411 412
413 414 416 418 419
420 421 423 425 426
434 435 437 439 440
371 372 374 376 377
441 442 444 446 447
448 449 451 453 454
455 456 458 460 461
462 463 465 467 468
469 470 472 474 475
476 477 479 481 482
378 379 381 383 384
364 365 367 369 370
252 253 255 257 258
301 302 304 306 307
259 260 262 264 265
266 267 269 271 272
273 274 276 278 279
280 281 283 285 286
287 288 290 292 293
294 295 297 299 300
308 309 311 313 314
357 358 360 362 363
315 316 318 320 321
322 323 325 327 328
329 330 332 334 335
336 337 339 341 342
490 491 493 495 496
175 176 178 180 181
133 134 136 138 139
140 141 143 145 146
147 148 150 152 153
154 155 157 159 160
161 162 164 166 167
168 169 171 173 174
182 183 185 187 188
119 120 122 124 125
189 190 192 194 195
196 197 199 201 202
203 204 206 208 209
210 211 213 215 216
217 218 220 222 223
224 225 227 229 230
126 127 129 131 132
112 113 115 117 118
238 239 241 243 244
49 50 52 54 55
7 8 10 12 13
14 15 17 19 20
21 22 24 26 27
28 29 31 33 34
35 36 38 40 41
42 43 45 47 48
56 57 59 61 62
105 106 108 110 111
63 64 66 68 69
70 71 73 75 76
77 78 80 82 83
84 85 87 89 90
91 92 94 96 97
98 99 101 103 104
231 232 234 236 237
245 246 248 250 251
483 484 486 488 489
427 428 430 432 433
385 386 388 390 391
392 393 395 397 398
399 400 402 404 405
406 407 409 411 412
413 414 416 418 419
420 421 423 425 426
434 435 437 439 440
371 372 374 376 377
441 442 444 446 447
448 449 451 453 454
455 456 458 460 461
462 463 465 467 468
469 470 472 474 475
476 477 479 481 482
378 379 381 383 384
364 365 367 369 370
252 253 255 257 258
301 302 304 306 307
259 260 262 264 265
266 267 269 271 272
273 274 276 278 279
280 281 283 285 286
287 288 290 292 293
294 295 297 299 300
308 309 311 313 314
357 358 360 362 363
315 316 318 320 321
322 323 325 327 328
329 330 332 334 335
336 337 339 341 342
343 344 346 348 349
490 491 493 495 496
175 176 178 180 181
133 134 136 138 139
140 141 143 145 146
147 148 150 152 153
154 155 157 159 160
161 162 164 166 167
168 169 171 173 174
182 183 185 187 188
119 120 122 124 125
189 190 192 194 195
196 197 199 201 202
203 204 206 208 209
210 211 213 215 216
217 218 220 222 223
224 225 227 229 230
126 127 129 131 132
112 113 115 117 118
238 239 241 243 244
49 50 52 54 55
7 8 10 12 13
14 15 17 19 20
21 22 24 26 27
28 29 31 33 34
35 36 38 40 41
42 43 45 47 48
56 57 59 61 62
105 106 108 110 111
63 64 66 68 69
70 71 73 75 76
77 78 80 82 83
84 85 87 89 90
91 92 94 96 97
98 99 101 103 104
231 232 234 236 237
245 246 248 250 251
483 484 486 488 489
427 428 430 432 433
385 386 388 390 391
392 393 395 397 398
399 400 402 404 405
406 407 409 411 412
413 414 416 418 419
420 421 423 425 426
434 435 437 439 440
371 372 374 376 377
441 442 444 446 447
448 449 451 453 454
455 456 458 460 461
462 463 465 467 468
469 470 472 474 475
476 477 479 481 482
378 379 381 383 384
364 365 367 369 370
252 253 255 257 258
301 302 304 306 307
259 260 262 264 265
266 267 269 271 272
273 274 276 278 279
280 281 283 285 286
287 288 290 292 293
294 295 297 299 300
308 309 311 313 314
357 358 360 362 363
315 316 318 320 321
322 323 325 327 328
329 330 332 334 335
336 337 339 341 342
343 344 346 348 349
350 351 353 355 356
490 491 493 495 496
175 176 178 180 181
133 134 136 138 139
140 141 143 145 146
147 148 150 152 153
154 155 157 159 160
161 162 164 166 167
168 169 171 173 174
182 183 185 187 188
119 120 122 124 125
189 190 192 194 195
196 197 199 201 202
203 204 206 208 209
210 211 213 215 216
217 218 220 222 223
224 225 227 229 230
126 127 129 131 132
112 113 115 117 118
238 239 241 243 244
49 50 52 54 55
7 8 10 12 13
14 15 17 19 20
21 22 24 26 27
28 29 31 33 34
35 36 38 40 41
42 43 45 47 48
56 57 59 61 62
105 106 108 110 111
63 64 66 68 69
70 71 73 75 76
77 78 80 82 83
84 85 87 89 90
91 92 94 96 97
98 99 101 103 104
231 232 234 236 237
245 246 248 250 251
483 484 486 488 489
427 428 430 432 433
385 386 388 390 391
392 393 395 397 398
399 400 402 404 405
406 407 409 411 412
413 414 416 418 419
420 421 423 425 426
434 435 437 439 440
371 372 374 376 377
441 442 444 446 447
448 449 451 453 454
455 456 458 460 461
462 463 465 467 468
469 470 472 474 475
476 477 479 481 482
378 379 381 383 384
364 365 367 369 370
252 253 255 257 258
301 302 304 306 307
259 260 262 264 265
266 267 269 271 272
273 274 276 278 279
280 281 283 285 286
287 288 290 292 293
294 295 297 299 300
308 309 311 313 314
357 358 360 362 363
315 316 318 320 321
322 323 325 327 328
329 330 332 334 335
336 337 339 341 342
343 344 346 348 349
350 351 353 355 356
0 1 3 5 6
