175 330 291 342 73
476 231 228 249 374
40 86 27 317 482
194 53 385 307 106
286 462 135 150 248
25 319 268 122 192
419 18 125 395 80
78 189 226 98 415
440 390 326 79 127
37 295 184 2 88
183 406 362 182 426
464 237 240 67 422
58 218 387 389 241
318 170 215 13 378
458 259 350 369 405
57 445 492 137 256
105 271 221 15 262
101 217 303 469 71
159 45 92 356 493
44 216 84 143 425
163 367 349 474 481
28 460 494 129 453
157 355 156 141 274
121 375 414 487 126
442 260 306 48 123
165 247 381 55 266
285 352 416 337 60
399 171 41 281
238 222 398 208
172 479 438 118
207 83 133 90
36 401 14
35 206 293 412
242 269 209 72
289 275 258 22
77 227 471 346
185 431 51 19
82 59 113
358 100 239
115 368 167
486 325 394
166 24 69
363 62 450
89 1 17
111 264 376
498 201 488
107 340
145 95
434 478
219 370
332 380
402 290
288 283
251 314
140 484
202 3
278 333
322 70
475 298
