155 176 174 11 179
155 176 174 11 179
161 177 152 90 110
155 176 174 11 179
161 177 152 90 110
84 107 98 55 76
155 176 174 11 179
161 177 152 90 110
84 107 98 55 76
60 72 131 93 30
155 176 174 11 179
161 177 152 90 110
84 107 98 55 76
60 72 131 93 30
0 58 111 195 61
155 176 174 11 179
161 177 152 90 110
84 107 98 55 76
60 72 131 93 30
0 58 111 195 61
66 51 42 46 96
155 176 174 11 179
161 177 152 90 110
84 107 98 55 76
60 72 131 93 30
0 58 111 195 61
66 51 42 46 96
35 139 106 53 24
155 176 174 11 179
161 177 152 90 110
84 107 98 55 76
60 72 131 93 30
0 58 111 195 61
66 51 42 46 96
35 139 106 53 24
1 87 75 191 113
155 176 174 11 179
161 177 152 90 110
84 107 98 55 76
60 72 131 93 30
0 58 111 195 61
66 51 42 46 96
35 139 106 53 24
1 87 75 191 113
15 67 126 170 125
155 176 174 11 179
161 177 152 90 110
84 107 98 55 76
60 72 131 93 30
0 58 111 195 61
66 51 42 46 96
35 139 106 53 24
1 87 75 191 113
15 67 126 170 125
17 28 134 120 162
155 176 174 11 179
161 177 152 90 110
84 107 98 55 76
60 72 131 93 30
0 58 111 195 61
66 51 42 46 96
35 139 106 53 24
1 87 75 191 113
15 67 126 170 125
17 28 134 120 162
3 13 25 64 157
155 176 174 11 179
161 177 152 90 110
84 107 98 55 76
60 72 131 93 30
0 58 111 195 61
66 51 42 46 96
35 139 106 53 24
1 87 75 191 113
15 67 126 170 125
17 28 134 120 162
3 13 25 64 157
117 5 65 136 22
155 176 174 11 179
161 177 152 90 110
84 107 98 55 76
60 72 131 93 30
0 58 111 195 61
66 51 42 46 96
35 139 106 53 24
1 87 75 191 113
15 67 126 170 125
17 28 134 120 162
3 13 25 64 157
117 5 65 136 22
77 80 119 62 73
155 176 174 11 179
161 177 152 90 110
84 107 98 55 76
60 72 131 93 30
0 58 111 195 61
66 51 42 46 96
35 139 106 53 24
1 87 75 191 113
15 67 126 170 125
17 28 134 120 162
3 13 25 64 157
117 5 65 136 22
77 80 119 62 73
12 89 164 68 197
155 176 174 11 179
161 177 152 90 110
84 107 98 55 76
60 72 131 93 30
0 58 111 195 61
66 51 42 46 96
35 139 106 53 24
1 87 75 191 113
15 67 126 170 125
17 28 134 120 162
3 13 25 64 157
117 5 65 136 22
77 80 119 62 73
12 89 164 68 197
79 52 163 48 63
155 176 174 11 179
161 177 152 90 110
84 107 98 55 76
60 72 131 93 30
0 58 111 195 61
66 51 42 46 96
35 139 106 53 24
1 87 75 191 113
15 67 126 170 125
17 28 134 120 162
3 13 25 64 157
117 5 65 136 22
77 80 119 62 73
12 89 164 68 197
79 52 163 48 63
149 91 95 16 19
155 176 174 11 179
161 177 152 90 110
84 107 98 55 76
60 72 131 93 30
0 58 111 195 61
66 51 42 46 96
35 139 106 53 24
1 87 75 191 113
15 67 126 170 125
17 28 134 120 162
3 13 25 64 157
117 5 65 136 22
77 80 119 62 73
12 89 164 68 197
79 52 163 48 63
149 91 95 16 19
130 151 137 147 33
155 176 174 11 179
161 177 152 90 110
84 107 98 55 76
60 72 131 93 30
0 58 111 195 61
66 51 42 46 96
35 139 106 53 24
1 87 75 191 113
15 67 126 170 125
17 28 134 120 162
3 13 25 64 157
117 5 65 136 22
77 80 119 62 73
12 89 164 68 197
79 52 163 48 63
149 91 95 16 19
130 151 137 147 33
154 39 166 18 50
155 176 174 11 179
161 177 152 90 110
84 107 98 55 76
60 72 131 93 30
0 58 111 195 61
66 51 42 46 96
35 139 106 53 24
1 87 75 191 113
15 67 126 170 125
17 28 134 120 162
3 13 25 64 157
117 5 65 136 22
77 80 119 62 73
12 89 164 68 197
79 52 163 48 63
149 91 95 16 19
130 151 137 147 33
154 39 166 18 50
74 160 97 102 133
155 176 174 11 179
161 177 152 90 110
84 107 98 55 76
60 72 131 93 30
0 58 111 195 61
66 51 42 46 96
35 139 106 53 24
1 87 75 191 113
15 67 126 170 125
17 28 134 120 162
3 13 25 64 157
117 5 65 136 22
77 80 119 62 73
12 89 164 68 197
79 52 163 48 63
149 91 95 16 19
130 151 137 147 33
154 39 166 18 50
74 160 97 102 133
190 105 88 156 150
