175 491 451 363 368
175 491 451 363 368
256 134 393 418 7
175 491 451 363 368
256 134 393 418 7
367 9 26 150 196
175 491 451 363 368
256 134 393 418 7
367 9 26 150 196
356 409 421 389 23
175 491 451 363 368
256 134 393 418 7
367 9 26 150 196
356 409 421 389 23
378 391 180 487 170
175 491 451 363 368
256 134 393 418 7
367 9 26 150 196
356 409 421 389 23
378 391 180 487 170
198 63 419 118 274
175 491 451 363 368
256 134 393 418 7
367 9 26 150 196
356 409 421 389 23
378 391 180 487 170
198 63 419 118 274
455 254 369 305 10
175 491 451 363 368
256 134 393 418 7
367 9 26 150 196
356 409 421 389 23
378 391 180 487 170
198 63 419 118 274
455 254 369 305 10
67 48 167 45 450
175 491 451 363 368
256 134 393 418 7
367 9 26 150 196
356 409 421 389 23
378 391 180 487 170
198 63 419 118 274
455 254 369 305 10
67 48 167 45 450
463 121 96 401 390
175 491 451 363 368
256 134 393 418 7
367 9 26 150 196
356 409 421 389 23
378 391 180 487 170
198 63 419 118 274
455 254 369 305 10
67 48 167 45 450
463 121 96 401 390
56 242 90 137 314
175 491 451 363 368
256 134 393 418 7
367 9 26 150 196
356 409 421 389 23
378 391 180 487 170
198 63 419 118 274
455 254 369 305 10
67 48 167 45 450
463 121 96 401 390
56 242 90 137 314
295 265 215 298 225
175 491 451 363 368
256 134 393 418 7
367 9 26 150 196
356 409 421 389 23
378 391 180 487 170
198 63 419 118 274
455 254 369 305 10
67 48 167 45 450
463 121 96 401 390
56 242 90 137 314
295 265 215 298 225
329 445 64 278 72
175 491 451 363 368
256 134 393 418 7
367 9 26 150 196
356 409 421 389 23
378 391 180 487 170
198 63 419 118 274
455 254 369 305 10
67 48 167 45 450
463 121 96 401 390
56 242 90 137 314
295 265 215 298 225
329 445 64 278 72
80 73 458 457 430
175 491 451 363 368
256 134 393 418 7
367 9 26 150 196
356 409 421 389 23
378 391 180 487 170
198 63 419 118 274
455 254 369 305 10
67 48 167 45 450
463 121 96 401 390
56 242 90 137 314
295 265 215 298 225
329 445 64 278 72
80 73 458 457 430
412 436 93 303 30
175 491 451 363 368
256 134 393 418 7
367 9 26 150 196
356 409 421 389 23
378 391 180 487 170
198 63 419 118 274
455 254 369 305 10
67 48 167 45 450
463 121 96 401 390
56 242 90 137 314
295 265 215 298 225
329 445 64 278 72
80 73 458 457 430
412 436 93 303 30
194 94 264 485 343
175 491 451 363 368
256 134 393 418 7
367 9 26 150 196
356 409 421 389 23
378 391 180 487 170
198 63 419 118 274
455 254 369 305 10
67 48 167 45 450
463 121 96 401 390
56 242 90 137 314
295 265 215 298 225
329 445 64 278 72
80 73 458 457 430
412 436 93 303 30
194 94 264 485 343
327 346 394 123 443
175 491 451 363 368
256 134 393 418 7
367 9 26 150 196
356 409 421 389 23
378 391 180 487 170
198 63 419 118 274
455 254 369 305 10
67 48 167 45 450
463 121 96 401 390
56 242 90 137 314
295 265 215 298 225
329 445 64 278 72
80 73 458 457 430
412 436 93 303 30
194 94 264 485 343
327 346 394 123 443
178 173 469 204 301
175 491 451 363 368
256 134 393 418 7
367 9 26 150 196
356 409 421 389 23
378 391 180 487 170
198 63 419 118 274
455 254 369 305 10
67 48 167 45 450
463 121 96 401 390
56 242 90 137 314
295 265 215 298 225
329 445 64 278 72
80 73 458 457 430
412 436 93 303 30
194 94 264 485 343
327 346 394 123 443
178 173 469 204 301
316 230 57 183 177
175 491 451 363 368
256 134 393 418 7
367 9 26 150 196
356 409 421 389 23
378 391 180 487 170
198 63 419 118 274
455 254 369 305 10
67 48 167 45 450
463 121 96 401 390
56 242 90 137 314
295 265 215 298 225
329 445 64 278 72
80 73 458 457 430
412 436 93 303 30
194 94 264 485 343
327 346 394 123 443
178 173 469 204 301
316 230 57 183 177
145 32 293 138 5
175 491 451 363 368
256 134 393 418 7
367 9 26 150 196
356 409 421 389 23
378 391 180 487 170
198 63 419 118 274
455 254 369 305 10
67 48 167 45 450
463 121 96 401 390
56 242 90 137 314
295 265 215 298 225
329 445 64 278 72
80 73 458 457 430
412 436 93 303 30
194 94 264 485 343
327 346 394 123 443
178 173 469 204 301
316 230 57 183 177
145 32 293 138 5
16 483 497 54 379
175 491 451 363 368
256 134 393 418 7
367 9 26 150 196
356 409 421 389 23
378 391 180 487 170
198 63 419 118 274
455 254 369 305 10
67 48 167 45 450
463 121 96 401 390
56 242 90 137 314
295 265 215 298 225
329 445 64 278 72
80 73 458 457 430
412 436 93 303 30
194 94 264 485 343
327 346 394 123 443
178 173 469 204 301
316 230 57 183 177
145 32 293 138 5
16 483 497 54 379
405 479 444 240 375
175 491 451 363 368
256 134 393 418 7
367 9 26 150 196
356 409 421 389 23
378 391 180 487 170
198 63 419 118 274
455 254 369 305 10
67 48 167 45 450
463 121 96 401 390
56 242 90 137 314
295 265 215 298 225
329 445 64 278 72
80 73 458 457 430
412 436 93 303 30
194 94 264 485 343
327 346 394 123 443
178 173 469 204 301
316 230 57 183 177
145 32 293 138 5
16 483 497 54 379
405 479 444 240 375
106 89 203 381 165
175 491 451 363 368
256 134 393 418 7
367 9 26 150 196
356 409 421 389 23
378 391 180 487 170
198 63 419 118 274
455 254 369 305 10
67 48 167 45 450
463 121 96 401 390
56 242 90 137 314
295 265 215 298 225
329 445 64 278 72
80 73 458 457 430
412 436 93 303 30
194 94 264 485 343
327 346 394 123 443
178 173 469 204 301
316 230 57 183 177
145 32 293 138 5
16 483 497 54 379
405 479 444 240 375
106 89 203 381 165
247 243 476 27 228
175 491 451 363 368
256 134 393 418 7
367 9 26 150 196
356 409 421 389 23
378 391 180 487 170
198 63 419 118 274
455 254 369 305 10
67 48 167 45 450
463 121 96 401 390
56 242 90 137 314
295 265 215 298 225
329 445 64 278 72
80 73 458 457 430
412 436 93 303 30
194 94 264 485 343
327 346 394 123 443
178 173 469 204 301
316 230 57 183 177
145 32 293 138 5
16 483 497 54 379
405 479 444 240 375
106 89 203 381 165
247 243 476 27 228
157 279 360 434 426
175 491 451 363 368
256 134 393 418 7
367 9 26 150 196
356 409 421 389 23
378 391 180 487 170
198 63 419 118 274
455 254 369 305 10
67 48 167 45 450
463 121 96 401 390
56 242 90 137 314
295 265 215 298 225
329 445 64 278 72
80 73 458 457 430
412 436 93 303 30
194 94 264 485 343
327 346 394 123 443
178 173 469 204 301
316 230 57 183 177
145 32 293 138 5
16 483 497 54 379
405 479 444 240 375
106 89 203 381 165
247 243 476 27 228
157 279 360 434 426
373 248 19 413 199
175 491 451 363 368
256 134 393 418 7
367 9 26 150 196
356 409 421 389 23
378 391 180 487 170
198 63 419 118 274
455 254 369 305 10
67 48 167 45 450
463 121 96 401 390
56 242 90 137 314
295 265 215 298 225
329 445 64 278 72
80 73 458 457 430
412 436 93 303 30
194 94 264 485 343
327 346 394 123 443
178 173 469 204 301
316 230 57 183 177
145 32 293 138 5
16 483 497 54 379
405 479 444 240 375
106 89 203 381 165
247 243 476 27 228
157 279 360 434 426
373 248 19 413 199
38 51 322 499 239
175 491 451 363 368
256 134 393 418 7
367 9 26 150 196
356 409 421 389 23
378 391 180 487 170
198 63 419 118 274
455 254 369 305 10
67 48 167 45 450
463 121 96 401 390
56 242 90 137 314
295 265 215 298 225
329 445 64 278 72
80 73 458 457 430
412 436 93 303 30
194 94 264 485 343
327 346 394 123 443
178 173 469 204 301
316 230 57 183 177
145 32 293 138 5
16 483 497 54 379
405 479 444 240 375
106 89 203 381 165
247 243 476 27 228
157 279 360 434 426
373 248 19 413 199
38 51 322 499 239
299 136 245 477 270
175 491 451 363 368
256 134 393 418 7
367 9 26 150 196
356 409 421 389 23
378 391 180 487 170
198 63 419 118 274
455 254 369 305 10
67 48 167 45 450
463 121 96 401 390
56 242 90 137 314
295 265 215 298 225
329 445 64 278 72
80 73 458 457 430
412 436 93 303 30
194 94 264 485 343
327 346 394 123 443
178 173 469 204 301
316 230 57 183 177
145 32 293 138 5
16 483 497 54 379
405 479 444 240 375
106 89 203 381 165
247 243 476 27 228
157 279 360 434 426
373 248 19 413 199
38 51 322 499 239
299 136 245 477 270
352 114 326 332 297
175 491 451 363 368
256 134 393 418 7
367 9 26 150 196
356 409 421 389 23
378 391 180 487 170
198 63 419 118 274
455 254 369 305 10
67 48 167 45 450
463 121 96 401 390
56 242 90 137 314
295 265 215 298 225
329 445 64 278 72
80 73 458 457 430
412 436 93 303 30
194 94 264 485 343
327 346 394 123 443
178 173 469 204 301
316 230 57 183 177
145 32 293 138 5
16 483 497 54 379
405 479 444 240 375
106 89 203 381 165
247 243 476 27 228
157 279 360 434 426
373 248 19 413 199
38 51 322 499 239
299 136 245 477 270
352 114 326 332 297
366 76 235 148 222
175 491 451 363 368
256 134 393 418 7
367 9 26 150 196
356 409 421 389 23
378 391 180 487 170
198 63 419 118 274
455 254 369 305 10
67 48 167 45 450
463 121 96 401 390
56 242 90 137 314
295 265 215 298 225
329 445 64 278 72
80 73 458 457 430
412 436 93 303 30
194 94 264 485 343
327 346 394 123 443
178 173 469 204 301
316 230 57 183 177
145 32 293 138 5
16 483 497 54 379
405 479 444 240 375
106 89 203 381 165
247 243 476 27 228
157 279 360 434 426
373 248 19 413 199
38 51 322 499 239
299 136 245 477 270
352 114 326 332 297
366 76 235 148 222
261 340 474 355 250
175 491 451 363 368
256 134 393 418 7
367 9 26 150 196
356 409 421 389 23
378 391 180 487 170
198 63 419 118 274
455 254 369 305 10
67 48 167 45 450
463 121 96 401 390
56 242 90 137 314
295 265 215 298 225
329 445 64 278 72
80 73 458 457 430
412 436 93 303 30
194 94 264 485 343
327 346 394 123 443
178 173 469 204 301
316 230 57 183 177
145 32 293 138 5
16 483 497 54 379
405 479 444 240 375
106 89 203 381 165
247 243 476 27 228
157 279 360 434 426
373 248 19 413 199
38 51 322 499 239
299 136 245 477 270
352 114 326 332 297
366 76 235 148 222
261 340 474 355 250
400 214 306 164 1
175 491 451 363 368
256 134 393 418 7
367 9 26 150 196
356 409 421 389 23
378 391 180 487 170
198 63 419 118 274
455 254 369 305 10
67 48 167 45 450
463 121 96 401 390
56 242 90 137 314
295 265 215 298 225
329 445 64 278 72
80 73 458 457 430
412 436 93 303 30
194 94 264 485 343
327 346 394 123 443
178 173 469 204 301
316 230 57 183 177
145 32 293 138 5
16 483 497 54 379
405 479 444 240 375
106 89 203 381 165
247 243 476 27 228
157 279 360 434 426
373 248 19 413 199
38 51 322 499 239
299 136 245 477 270
352 114 326 332 297
366 76 235 148 222
261 340 474 355 250
400 214 306 164 1
83 39 282 44 122
175 491 451 363 368
256 134 393 418 7
367 9 26 150 196
356 409 421 389 23
378 391 180 487 170
198 63 419 118 274
455 254 369 305 10
67 48 167 45 450
463 121 96 401 390
56 242 90 137 314
295 265 215 298 225
329 445 64 278 72
80 73 458 457 430
412 436 93 303 30
194 94 264 485 343
327 346 394 123 443
178 173 469 204 301
316 230 57 183 177
145 32 293 138 5
16 483 497 54 379
405 479 444 240 375
106 89 203 381 165
247 243 476 27 228
157 279 360 434 426
373 248 19 413 199
38 51 322 499 239
299 136 245 477 270
352 114 326 332 297
366 76 235 148 222
261 340 474 355 250
400 214 306 164 1
83 39 282 44 122
420 60 427 75 466
175 491 451 363 368
256 134 393 418 7
367 9 26 150 196
356 409 421 389 23
378 391 180 487 170
198 63 419 118 274
455 254 369 305 10
67 48 167 45 450
463 121 96 401 390
56 242 90 137 314
295 265 215 298 225
329 445 64 278 72
80 73 458 457 430
412 436 93 303 30
194 94 264 485 343
327 346 394 123 443
178 173 469 204 301
316 230 57 183 177
145 32 293 138 5
16 483 497 54 379
405 479 444 240 375
106 89 203 381 165
247 243 476 27 228
157 279 360 434 426
373 248 19 413 199
38 51 322 499 239
299 136 245 477 270
352 114 326 332 297
366 76 235 148 222
261 340 474 355 250
400 214 306 164 1
83 39 282 44 122
420 60 427 75 466
461 126 11 358 415
175 491 451 363 368
256 134 393 418 7
367 9 26 150 196
356 409 421 389 23
378 391 180 487 170
198 63 419 118 274
455 254 369 305 10
67 48 167 45 450
463 121 96 401 390
56 242 90 137 314
295 265 215 298 225
329 445 64 278 72
80 73 458 457 430
412 436 93 303 30
194 94 264 485 343
327 346 394 123 443
178 173 469 204 301
316 230 57 183 177
145 32 293 138 5
16 483 497 54 379
405 479 444 240 375
106 89 203 381 165
247 243 476 27 228
157 279 360 434 426
373 248 19 413 199
38 51 322 499 239
299 136 245 477 270
352 114 326 332 297
366 76 235 148 222
261 340 474 355 250
400 214 306 164 1
83 39 282 44 122
420 60 427 75 466
461 126 11 358 415
176 4 402 354 216
175 491 451 363 368
256 134 393 418 7
367 9 26 150 196
356 409 421 389 23
378 391 180 487 170
198 63 419 118 274
455 254 369 305 10
67 48 167 45 450
463 121 96 401 390
56 242 90 137 314
295 265 215 298 225
329 445 64 278 72
80 73 458 457 430
412 436 93 303 30
194 94 264 485 343
327 346 394 123 443
178 173 469 204 301
316 230 57 183 177
145 32 293 138 5
16 483 497 54 379
405 479 444 240 375
106 89 203 381 165
247 243 476 27 228
157 279 360 434 426
373 248 19 413 199
38 51 322 499 239
299 136 245 477 270
352 114 326 332 297
366 76 235 148 222
261 340 474 355 250
400 214 306 164 1
83 39 282 44 122
420 60 427 75 466
461 126 11 358 415
176 4 402 354 216
115 269 193 357 423
175 491 451 363 368
256 134 393 418 7
367 9 26 150 196
356 409 421 389 23
378 391 180 487 170
198 63 419 118 274
455 254 369 305 10
67 48 167 45 450
463 121 96 401 390
56 242 90 137 314
295 265 215 298 225
329 445 64 278 72
80 73 458 457 430
412 436 93 303 30
194 94 264 485 343
327 346 394 123 443
178 173 469 204 301
316 230 57 183 177
145 32 293 138 5
16 483 497 54 379
405 479 444 240 375
106 89 203 381 165
247 243 476 27 228
157 279 360 434 426
373 248 19 413 199
38 51 322 499 239
299 136 245 477 270
352 114 326 332 297
366 76 235 148 222
261 340 474 355 250
400 214 306 164 1
83 39 282 44 122
420 60 427 75 466
461 126 11 358 415
176 4 402 354 216
115 269 193 357 423
288 82 182 429 399
175 491 451 363 368
256 134 393 418 7
367 9 26 150 196
356 409 421 389 23
378 391 180 487 170
198 63 419 118 274
455 254 369 305 10
67 48 167 45 450
463 121 96 401 390
56 242 90 137 314
295 265 215 298 225
329 445 64 278 72
80 73 458 457 430
412 436 93 303 30
194 94 264 485 343
327 346 394 123 443
178 173 469 204 301
316 230 57 183 177
145 32 293 138 5
16 483 497 54 379
405 479 444 240 375
106 89 203 381 165
247 243 476 27 228
157 279 360 434 426
373 248 19 413 199
38 51 322 499 239
299 136 245 477 270
352 114 326 332 297
366 76 235 148 222
261 340 474 355 250
400 214 306 164 1
83 39 282 44 122
420 60 427 75 466
461 126 11 358 415
176 4 402 354 216
115 269 193 357 423
288 82 182 429 399
468 496 482 13 370
175 491 451 363 368
256 134 393 418 7
367 9 26 150 196
356 409 421 389 23
378 391 180 487 170
198 63 419 118 274
455 254 369 305 10
67 48 167 45 450
463 121 96 401 390
56 242 90 137 314
295 265 215 298 225
329 445 64 278 72
80 73 458 457 430
412 436 93 303 30
194 94 264 485 343
327 346 394 123 443
178 173 469 204 301
316 230 57 183 177
145 32 293 138 5
16 483 497 54 379
405 479 444 240 375
106 89 203 381 165
247 243 476 27 228
157 279 360 434 426
373 248 19 413 199
38 51 322 499 239
299 136 245 477 270
352 114 326 332 297
366 76 235 148 222
261 340 474 355 250
400 214 306 164 1
83 39 282 44 122
420 60 427 75 466
461 126 11 358 415
176 4 402 354 216
115 269 193 357 423
288 82 182 429 399
468 496 482 13 370
286 14 359 153 380
175 491 451 363 368
256 134 393 418 7
367 9 26 150 196
356 409 421 389 23
378 391 180 487 170
198 63 419 118 274
455 254 369 305 10
67 48 167 45 450
463 121 96 401 390
56 242 90 137 314
295 265 215 298 225
329 445 64 278 72
80 73 458 457 430
412 436 93 303 30
194 94 264 485 343
327 346 394 123 443
178 173 469 204 301
316 230 57 183 177
145 32 293 138 5
16 483 497 54 379
405 479 444 240 375
106 89 203 381 165
247 243 476 27 228
157 279 360 434 426
373 248 19 413 199
38 51 322 499 239
299 136 245 477 270
352 114 326 332 297
366 76 235 148 222
261 340 474 355 250
400 214 306 164 1
83 39 282 44 122
420 60 427 75 466
461 126 11 358 415
176 4 402 354 216
115 269 193 357 423
288 82 182 429 399
468 496 482 13 370
286 14 359 153 380
395 291 453 433 267
175 491 451 363 368
256 134 393 418 7
367 9 26 150 196
356 409 421 389 23
378 391 180 487 170
198 63 419 118 274
455 254 369 305 10
67 48 167 45 450
463 121 96 401 390
56 242 90 137 314
295 265 215 298 225
329 445 64 278 72
80 73 458 457 430
412 436 93 303 30
194 94 264 485 343
327 346 394 123 443
178 173 469 204 301
316 230 57 183 177
145 32 293 138 5
16 483 497 54 379
405 479 444 240 375
106 89 203 381 165
247 243 476 27 228
157 279 360 434 426
373 248 19 413 199
38 51 322 499 239
299 136 245 477 270
352 114 326 332 297
366 76 235 148 222
261 340 474 355 250
400 214 306 164 1
83 39 282 44 122
420 60 427 75 466
461 126 11 358 415
176 4 402 354 216
115 269 193 357 423
288 82 182 429 399
468 496 482 13 370
286 14 359 153 380
395 291 453 433 267
309 88 284 208 42
175 491 451 363 368
256 134 393 418 7
367 9 26 150 196
356 409 421 389 23
378 391 180 487 170
198 63 419 118 274
455 254 369 305 10
67 48 167 45 450
463 121 96 401 390
56 242 90 137 314
295 265 215 298 225
329 445 64 278 72
80 73 458 457 430
412 436 93 303 30
194 94 264 485 343
327 346 394 123 443
178 173 469 204 301
316 230 57 183 177
145 32 293 138 5
16 483 497 54 379
405 479 444 240 375
106 89 203 381 165
247 243 476 27 228
157 279 360 434 426
373 248 19 413 199
38 51 322 499 239
299 136 245 477 270
352 114 326 332 297
366 76 235 148 222
261 340 474 355 250
400 214 306 164 1
83 39 282 44 122
420 60 427 75 466
461 126 11 358 415
176 4 402 354 216
115 269 193 357 423
288 82 182 429 399
468 496 482 13 370
286 14 359 153 380
395 291 453 433 267
309 88 284 208 42
396 62 87 460 294
175 491 451 363 368
256 134 393 418 7
367 9 26 150 196
356 409 421 389 23
378 391 180 487 170
198 63 419 118 274
455 254 369 305 10
67 48 167 45 450
463 121 96 401 390
56 242 90 137 314
295 265 215 298 225
329 445 64 278 72
80 73 458 457 430
412 436 93 303 30
194 94 264 485 343
327 346 394 123 443
178 173 469 204 301
316 230 57 183 177
145 32 293 138 5
16 483 497 54 379
405 479 444 240 375
106 89 203 381 165
247 243 476 27 228
157 279 360 434 426
373 248 19 413 199
38 51 322 499 239
299 136 245 477 270
352 114 326 332 297
366 76 235 148 222
261 340 474 355 250
400 214 306 164 1
83 39 282 44 122
420 60 427 75 466
461 126 11 358 415
176 4 402 354 216
115 269 193 357 423
288 82 182 429 399
468 496 482 13 370
286 14 359 153 380
395 291 453 433 267
309 88 284 208 42
396 62 87 460 294
104 290 289 272 452
175 491 451 363 368
256 134 393 418 7
367 9 26 150 196
356 409 421 389 23
378 391 180 487 170
198 63 419 118 274
455 254 369 305 10
67 48 167 45 450
463 121 96 401 390
56 242 90 137 314
295 265 215 298 225
329 445 64 278 72
80 73 458 457 430
412 436 93 303 30
194 94 264 485 343
327 346 394 123 443
178 173 469 204 301
316 230 57 183 177
145 32 293 138 5
16 483 497 54 379
405 479 444 240 375
106 89 203 381 165
247 243 476 27 228
157 279 360 434 426
373 248 19 413 199
38 51 322 499 239
299 136 245 477 270
352 114 326 332 297
366 76 235 148 222
261 340 474 355 250
400 214 306 164 1
83 39 282 44 122
420 60 427 75 466
461 126 11 358 415
176 4 402 354 216
115 269 193 357 423
288 82 182 429 399
468 496 482 13 370
286 14 359 153 380
395 291 453 433 267
309 88 284 208 42
396 62 87 460 294
104 290 289 272 452
41 498 342 21 166
175 491 451 363 368
256 134 393 418 7
367 9 26 150 196
356 409 421 389 23
378 391 180 487 170
198 63 419 118 274
455 254 369 305 10
67 48 167 45 450
463 121 96 401 390
56 242 90 137 314
295 265 215 298 225
329 445 64 278 72
80 73 458 457 430
412 436 93 303 30
194 94 264 485 343
327 346 394 123 443
178 173 469 204 301
316 230 57 183 177
145 32 293 138 5
16 483 497 54 379
405 479 444 240 375
106 89 203 381 165
247 243 476 27 228
157 279 360 434 426
373 248 19 413 199
38 51 322 499 239
299 136 245 477 270
352 114 326 332 297
366 76 235 148 222
261 340 474 355 250
400 214 306 164 1
83 39 282 44 122
420 60 427 75 466
461 126 11 358 415
176 4 402 354 216
115 269 193 357 423
288 82 182 429 399
468 496 482 13 370
286 14 359 153 380
395 291 453 433 267
309 88 284 208 42
396 62 87 460 294
104 290 289 272 452
41 498 342 21 166
37 187 244 197 143
175 491 451 363 368
256 134 393 418 7
367 9 26 150 196
356 409 421 389 23
378 391 180 487 170
198 63 419 118 274
455 254 369 305 10
67 48 167 45 450
463 121 96 401 390
56 242 90 137 314
295 265 215 298 225
329 445 64 278 72
80 73 458 457 430
412 436 93 303 30
194 94 264 485 343
327 346 394 123 443
178 173 469 204 301
316 230 57 183 177
145 32 293 138 5
16 483 497 54 379
405 479 444 240 375
106 89 203 381 165
247 243 476 27 228
157 279 360 434 426
373 248 19 413 199
38 51 322 499 239
299 136 245 477 270
352 114 326 332 297
366 76 235 148 222
261 340 474 355 250
400 214 306 164 1
83 39 282 44 122
420 60 427 75 466
461 126 11 358 415
176 4 402 354 216
115 269 193 357 423
288 82 182 429 399
468 496 482 13 370
286 14 359 153 380
395 291 453 433 267
309 88 284 208 42
396 62 87 460 294
104 290 289 272 452
41 498 342 21 166
37 187 244 197 143
446 124 34 236 387
175 491 451 363 368
256 134 393 418 7
367 9 26 150 196
356 409 421 389 23
378 391 180 487 170
198 63 419 118 274
455 254 369 305 10
67 48 167 45 450
463 121 96 401 390
56 242 90 137 314
295 265 215 298 225
329 445 64 278 72
80 73 458 457 430
412 436 93 303 30
194 94 264 485 343
327 346 394 123 443
178 173 469 204 301
316 230 57 183 177
145 32 293 138 5
16 483 497 54 379
405 479 444 240 375
106 89 203 381 165
247 243 476 27 228
157 279 360 434 426
373 248 19 413 199
38 51 322 499 239
299 136 245 477 270
352 114 326 332 297
366 76 235 148 222
261 340 474 355 250
400 214 306 164 1
83 39 282 44 122
420 60 427 75 466
461 126 11 358 415
176 4 402 354 216
115 269 193 357 423
288 82 182 429 399
468 496 482 13 370
286 14 359 153 380
395 291 453 433 267
309 88 284 208 42
396 62 87 460 294
104 290 289 272 452
41 498 342 21 166
37 187 244 197 143
446 124 34 236 387
382 308 149 172 376
175 491 451 363 368
256 134 393 418 7
367 9 26 150 196
356 409 421 389 23
378 391 180 487 170
198 63 419 118 274
455 254 369 305 10
67 48 167 45 450
463 121 96 401 390
56 242 90 137 314
295 265 215 298 225
329 445 64 278 72
80 73 458 457 430
412 436 93 303 30
194 94 264 485 343
327 346 394 123 443
178 173 469 204 301
316 230 57 183 177
145 32 293 138 5
16 483 497 54 379
405 479 444 240 375
106 89 203 381 165
247 243 476 27 228
157 279 360 434 426
373 248 19 413 199
38 51 322 499 239
299 136 245 477 270
352 114 326 332 297
366 76 235 148 222
261 340 474 355 250
400 214 306 164 1
83 39 282 44 122
420 60 427 75 466
461 126 11 358 415
176 4 402 354 216
115 269 193 357 423
288 82 182 429 399
468 496 482 13 370
286 14 359 153 380
395 291 453 433 267
309 88 284 208 42
396 62 87 460 294
104 290 289 272 452
41 498 342 21 166
37 187 244 197 143
446 124 34 236 387
382 308 149 172 376
431 141 364 249 68
175 491 451 363 368
256 134 393 418 7
367 9 26 150 196
356 409 421 389 23
378 391 180 487 170
198 63 419 118 274
455 254 369 305 10
67 48 167 45 450
463 121 96 401 390
56 242 90 137 314
295 265 215 298 225
329 445 64 278 72
80 73 458 457 430
412 436 93 303 30
194 94 264 485 343
327 346 394 123 443
178 173 469 204 301
316 230 57 183 177
145 32 293 138 5
16 483 497 54 379
405 479 444 240 375
106 89 203 381 165
247 243 476 27 228
157 279 360 434 426
373 248 19 413 199
38 51 322 499 239
299 136 245 477 270
352 114 326 332 297
366 76 235 148 222
261 340 474 355 250
400 214 306 164 1
83 39 282 44 122
420 60 427 75 466
461 126 11 358 415
176 4 402 354 216
115 269 193 357 423
288 82 182 429 399
468 496 482 13 370
286 14 359 153 380
395 291 453 433 267
309 88 284 208 42
396 62 87 460 294
104 290 289 272 452
41 498 342 21 166
37 187 244 197 143
446 124 34 236 387
382 308 149 172 376
431 141 364 249 68
489 335 338 388 345
175 491 451 363 368
256 134 393 418 7
367 9 26 150 196
356 409 421 389 23
378 391 180 487 170
198 63 419 118 274
455 254 369 305 10
67 48 167 45 450
463 121 96 401 390
56 242 90 137 314
295 265 215 298 225
329 445 64 278 72
80 73 458 457 430
412 436 93 303 30
194 94 264 485 343
327 346 394 123 443
178 173 469 204 301
316 230 57 183 177
145 32 293 138 5
16 483 497 54 379
405 479 444 240 375
106 89 203 381 165
247 243 476 27 228
157 279 360 434 426
373 248 19 413 199
38 51 322 499 239
299 136 245 477 270
352 114 326 332 297
366 76 235 148 222
261 340 474 355 250
400 214 306 164 1
83 39 282 44 122
420 60 427 75 466
461 126 11 358 415
176 4 402 354 216
115 269 193 357 423
288 82 182 429 399
468 496 482 13 370
286 14 359 153 380
395 291 453 433 267
309 88 284 208 42
396 62 87 460 294
104 290 289 272 452
41 498 342 21 166
37 187 244 197 143
446 124 34 236 387
382 308 149 172 376
431 141 364 249 68
489 335 338 388 345
33 202 263 406 179
