177 18 195 182 205
23 87 134 260 279
210 237 40 202 287
15 166 234 261 176
274 91 119 82 62
185 221 208 148 201
143 42 55 200 5
66 131 135 170 103
68 109 206 123 295
275 74 30 13 79
88 46 248 197 84
252 125 47 258 69
112 10 184 50 235
94 58 111 20 178
239 225 6 108 286
49 48 19 129 232
265 11 35 36 231
85 161 188 57 187
167 288 271 173 128
268 65 110 52 105
2 238 113 191 31
37 39 277 284 292
99 95 27 181 78
106 63 22 290 16
59 149 264 67 83
0 215 130 114 122
104 158 152 220 156
54 53 147 8 168
263 60 163 140 193
98 64 291 159 115
