139 219 78 384 90
189 42 472 357 370
471 401 118 225 470
29 316 117 87 227
211 71 292 489 178
381 275 457 404 409
221 190 437 222 91
126 172 168 58 493
369 67 379 47 94
5 300 335 345 149
388 399 55 36 186
306 73 10 476 97
445 431 214 93 3
20 255 177 169 199
469 490 72 239 230
19 396 455 444 439
297 50 367 76 486
188 165 449 256 203
498 112 462 49 411
122 69 313 436 21
248 1 56 234 461
236 290 114 270 63
295 16 83 361 210
478 325 366 238 150
250 408 115 232 424
332 344 247 434 15
82 311 320 144 333
328 99 456 163 285
204 491 298 135 319
180 183 224 143 365
70 415 281 170 410
324 84 279 393 207
358 253 198 412 223
30 302 105 402 192
14 102 429 398 176
226 129 147 37 200
158 79 98 272 138
336 148 459 423 162
355 259 101 360 406
425 372 426 287 164
288 95 22 312 196
314 296 33 152 57
81 127 343 337 413
246 140 46 391 215
228 231 171 389 421
263 25 45 241 352
284 181 11 385 405
240 191 119 249 110
260 305 54 245 38
35 359 403 17 128
