45 432 310 447 19
45 432 310 447 19
204 118 483 136 472
45 432 310 447 19
204 118 483 136 472
313 421 101 392 458
45 432 310 447 19
204 118 483 136 472
313 421 101 392 458
125 149 364 79 265
45 432 310 447 19
204 118 483 136 472
313 421 101 392 458
125 149 364 79 265
213 22 39 28 211
45 432 310 447 19
204 118 483 136 472
313 421 101 392 458
125 149 364 79 265
213 22 39 28 211
359 497 163 147 415
45 432 310 447 19
204 118 483 136 472
313 421 101 392 458
125 149 364 79 265
213 22 39 28 211
359 497 163 147 415
452 10 411 87 275
45 432 310 447 19
204 118 483 136 472
313 421 101 392 458
125 149 364 79 265
213 22 39 28 211
359 497 163 147 415
452 10 411 87 275
217 318 422 410 296
45 432 310 447 19
204 118 483 136 472
313 421 101 392 458
125 149 364 79 265
213 22 39 28 211
359 497 163 147 415
452 10 411 87 275
217 318 422 410 296
485 107 13 308 108
45 432 310 447 19
204 118 483 136 472
313 421 101 392 458
125 149 364 79 265
213 22 39 28 211
359 497 163 147 415
452 10 411 87 275
217 318 422 410 296
485 107 13 308 108
97 55 401 248 50
45 432 310 447 19
204 118 483 136 472
313 421 101 392 458
125 149 364 79 265
213 22 39 28 211
359 497 163 147 415
452 10 411 87 275
217 318 422 410 296
485 107 13 308 108
97 55 401 248 50
439 16 317 284 123
45 432 310 447 19
204 118 483 136 472
313 421 101 392 458
125 149 364 79 265
213 22 39 28 211
359 497 163 147 415
452 10 411 87 275
217 318 422 410 296
485 107 13 308 108
97 55 401 248 50
439 16 317 284 123
425 334 141 194 99
45 432 310 447 19
204 118 483 136 472
313 421 101 392 458
125 149 364 79 265
213 22 39 28 211
359 497 163 147 415
452 10 411 87 275
217 318 422 410 296
485 107 13 308 108
97 55 401 248 50
439 16 317 284 123
425 334 141 194 99
316 115 453 407 21
45 432 310 447 19
204 118 483 136 472
313 421 101 392 458
125 149 364 79 265
213 22 39 28 211
359 497 163 147 415
452 10 411 87 275
217 318 422 410 296
485 107 13 308 108
97 55 401 248 50
439 16 317 284 123
425 334 141 194 99
316 115 453 407 21
277 299 51 44 427
45 432 310 447 19
204 118 483 136 472
313 421 101 392 458
125 149 364 79 265
213 22 39 28 211
359 497 163 147 415
452 10 411 87 275
217 318 422 410 296
485 107 13 308 108
97 55 401 248 50
439 16 317 284 123
425 334 141 194 99
316 115 453 407 21
277 299 51 44 427
189 80 402 370 440
45 432 310 447 19
204 118 483 136 472
313 421 101 392 458
125 149 364 79 265
213 22 39 28 211
359 497 163 147 415
452 10 411 87 275
217 318 422 410 296
485 107 13 308 108
97 55 401 248 50
439 16 317 284 123
425 334 141 194 99
316 115 453 407 21
277 299 51 44 427
189 80 402 370 440
214 148 241 493 33
45 432 310 447 19
204 118 483 136 472
313 421 101 392 458
125 149 364 79 265
213 22 39 28 211
359 497 163 147 415
452 10 411 87 275
217 318 422 410 296
485 107 13 308 108
97 55 401 248 50
439 16 317 284 123
425 334 141 194 99
316 115 453 407 21
277 299 51 44 427
189 80 402 370 440
214 148 241 493 33
263 385 322 228 406
45 432 310 447 19
204 118 483 136 472
313 421 101 392 458
125 149 364 79 265
213 22 39 28 211
359 497 163 147 415
452 10 411 87 275
217 318 422 410 296
485 107 13 308 108
97 55 401 248 50
439 16 317 284 123
425 334 141 194 99
316 115 453 407 21
277 299 51 44 427
189 80 402 370 440
214 148 241 493 33
263 385 322 228 406
52 63 271 150 121
45 432 310 447 19
204 118 483 136 472
313 421 101 392 458
125 149 364 79 265
213 22 39 28 211
359 497 163 147 415
452 10 411 87 275
217 318 422 410 296
485 107 13 308 108
97 55 401 248 50
439 16 317 284 123
425 334 141 194 99
316 115 453 407 21
277 299 51 44 427
189 80 402 370 440
214 148 241 493 33
263 385 322 228 406
52 63 271 150 121
223 404 420 320 171
45 432 310 447 19
204 118 483 136 472
313 421 101 392 458
125 149 364 79 265
213 22 39 28 211
359 497 163 147 415
452 10 411 87 275
217 318 422 410 296
485 107 13 308 108
97 55 401 248 50
439 16 317 284 123
425 334 141 194 99
316 115 453 407 21
277 299 51 44 427
189 80 402 370 440
214 148 241 493 33
263 385 322 228 406
52 63 271 150 121
223 404 420 320 171
72 202 349 348 307
45 432 310 447 19
204 118 483 136 472
313 421 101 392 458
125 149 364 79 265
213 22 39 28 211
359 497 163 147 415
452 10 411 87 275
217 318 422 410 296
485 107 13 308 108
97 55 401 248 50
439 16 317 284 123
425 334 141 194 99
316 115 453 407 21
277 299 51 44 427
189 80 402 370 440
214 148 241 493 33
263 385 322 228 406
52 63 271 150 121
223 404 420 320 171
72 202 349 348 307
403 394 178 114 471
45 432 310 447 19
204 118 483 136 472
313 421 101 392 458
125 149 364 79 265
213 22 39 28 211
359 497 163 147 415
452 10 411 87 275
217 318 422 410 296
485 107 13 308 108
97 55 401 248 50
439 16 317 284 123
425 334 141 194 99
316 115 453 407 21
277 299 51 44 427
189 80 402 370 440
214 148 241 493 33
263 385 322 228 406
52 63 271 150 121
223 404 420 320 171
72 202 349 348 307
403 394 178 114 471
341 62 498 169 389
45 432 310 447 19
204 118 483 136 472
313 421 101 392 458
125 149 364 79 265
213 22 39 28 211
359 497 163 147 415
452 10 411 87 275
217 318 422 410 296
485 107 13 308 108
97 55 401 248 50
439 16 317 284 123
425 334 141 194 99
316 115 453 407 21
277 299 51 44 427
189 80 402 370 440
214 148 241 493 33
263 385 322 228 406
52 63 271 150 121
223 404 420 320 171
72 202 349 348 307
403 394 178 114 471
341 62 498 169 389
302 199 305 289 303
45 432 310 447 19
204 118 483 136 472
313 421 101 392 458
125 149 364 79 265
213 22 39 28 211
359 497 163 147 415
452 10 411 87 275
217 318 422 410 296
485 107 13 308 108
97 55 401 248 50
439 16 317 284 123
425 334 141 194 99
316 115 453 407 21
277 299 51 44 427
189 80 402 370 440
214 148 241 493 33
263 385 322 228 406
52 63 271 150 121
223 404 420 320 171
72 202 349 348 307
403 394 178 114 471
341 62 498 169 389
302 199 305 289 303
172 235 56 231 91
45 432 310 447 19
204 118 483 136 472
313 421 101 392 458
125 149 364 79 265
213 22 39 28 211
359 497 163 147 415
452 10 411 87 275
217 318 422 410 296
485 107 13 308 108
97 55 401 248 50
439 16 317 284 123
425 334 141 194 99
316 115 453 407 21
277 299 51 44 427
189 80 402 370 440
214 148 241 493 33
263 385 322 228 406
52 63 271 150 121
223 404 420 320 171
72 202 349 348 307
403 394 178 114 471
341 62 498 169 389
302 199 305 289 303
172 235 56 231 91
443 456 112 319 339
45 432 310 447 19
204 118 483 136 472
313 421 101 392 458
125 149 364 79 265
213 22 39 28 211
359 497 163 147 415
452 10 411 87 275
217 318 422 410 296
485 107 13 308 108
97 55 401 248 50
439 16 317 284 123
425 334 141 194 99
316 115 453 407 21
277 299 51 44 427
189 80 402 370 440
214 148 241 493 33
263 385 322 228 406
52 63 271 150 121
223 404 420 320 171
72 202 349 348 307
403 394 178 114 471
341 62 498 169 389
302 199 305 289 303
172 235 56 231 91
443 456 112 319 339
347 238 363 111 164
45 432 310 447 19
204 118 483 136 472
313 421 101 392 458
125 149 364 79 265
213 22 39 28 211
359 497 163 147 415
452 10 411 87 275
217 318 422 410 296
485 107 13 308 108
97 55 401 248 50
439 16 317 284 123
425 334 141 194 99
316 115 453 407 21
277 299 51 44 427
189 80 402 370 440
214 148 241 493 33
263 385 322 228 406
52 63 271 150 121
223 404 420 320 171
72 202 349 348 307
403 394 178 114 471
341 62 498 169 389
302 199 305 289 303
172 235 56 231 91
443 456 112 319 339
347 238 363 111 164
326 451 323 193 437
45 432 310 447 19
204 118 483 136 472
313 421 101 392 458
125 149 364 79 265
213 22 39 28 211
359 497 163 147 415
452 10 411 87 275
217 318 422 410 296
485 107 13 308 108
97 55 401 248 50
439 16 317 284 123
425 334 141 194 99
316 115 453 407 21
277 299 51 44 427
189 80 402 370 440
214 148 241 493 33
263 385 322 228 406
52 63 271 150 121
223 404 420 320 171
72 202 349 348 307
403 394 178 114 471
341 62 498 169 389
302 199 305 289 303
172 235 56 231 91
443 456 112 319 339
347 238 363 111 164
326 451 323 193 437
162 130 232 158 393
45 432 310 447 19
204 118 483 136 472
313 421 101 392 458
125 149 364 79 265
213 22 39 28 211
359 497 163 147 415
452 10 411 87 275
217 318 422 410 296
485 107 13 308 108
97 55 401 248 50
439 16 317 284 123
425 334 141 194 99
316 115 453 407 21
277 299 51 44 427
189 80 402 370 440
214 148 241 493 33
263 385 322 228 406
52 63 271 150 121
223 404 420 320 171
72 202 349 348 307
403 394 178 114 471
341 62 498 169 389
302 199 305 289 303
172 235 56 231 91
443 456 112 319 339
347 238 363 111 164
326 451 323 193 437
162 130 232 158 393
95 128 12 133 14
45 432 310 447 19
204 118 483 136 472
313 421 101 392 458
125 149 364 79 265
213 22 39 28 211
359 497 163 147 415
452 10 411 87 275
217 318 422 410 296
485 107 13 308 108
97 55 401 248 50
439 16 317 284 123
425 334 141 194 99
316 115 453 407 21
277 299 51 44 427
189 80 402 370 440
214 148 241 493 33
263 385 322 228 406
52 63 271 150 121
223 404 420 320 171
72 202 349 348 307
403 394 178 114 471
341 62 498 169 389
302 199 305 289 303
172 235 56 231 91
443 456 112 319 339
347 238 363 111 164
326 451 323 193 437
162 130 232 158 393
95 128 12 133 14
295 430 30 222 390
45 432 310 447 19
204 118 483 136 472
313 421 101 392 458
125 149 364 79 265
213 22 39 28 211
359 497 163 147 415
452 10 411 87 275
217 318 422 410 296
485 107 13 308 108
97 55 401 248 50
439 16 317 284 123
425 334 141 194 99
316 115 453 407 21
277 299 51 44 427
189 80 402 370 440
214 148 241 493 33
263 385 322 228 406
52 63 271 150 121
223 404 420 320 171
72 202 349 348 307
403 394 178 114 471
341 62 498 169 389
302 199 305 289 303
172 235 56 231 91
443 456 112 319 339
347 238 363 111 164
326 451 323 193 437
162 130 232 158 393
95 128 12 133 14
295 430 30 222 390
479 486 487 110 34
45 432 310 447 19
204 118 483 136 472
313 421 101 392 458
125 149 364 79 265
213 22 39 28 211
359 497 163 147 415
452 10 411 87 275
217 318 422 410 296
485 107 13 308 108
97 55 401 248 50
439 16 317 284 123
425 334 141 194 99
316 115 453 407 21
277 299 51 44 427
189 80 402 370 440
214 148 241 493 33
263 385 322 228 406
52 63 271 150 121
223 404 420 320 171
72 202 349 348 307
403 394 178 114 471
341 62 498 169 389
302 199 305 289 303
172 235 56 231 91
443 456 112 319 339
347 238 363 111 164
326 451 323 193 437
162 130 232 158 393
95 128 12 133 14
295 430 30 222 390
479 486 487 110 34
321 129 218 434 280
45 432 310 447 19
204 118 483 136 472
313 421 101 392 458
125 149 364 79 265
213 22 39 28 211
359 497 163 147 415
452 10 411 87 275
217 318 422 410 296
485 107 13 308 108
97 55 401 248 50
439 16 317 284 123
425 334 141 194 99
316 115 453 407 21
277 299 51 44 427
189 80 402 370 440
214 148 241 493 33
263 385 322 228 406
52 63 271 150 121
223 404 420 320 171
72 202 349 348 307
403 394 178 114 471
341 62 498 169 389
302 199 305 289 303
172 235 56 231 91
443 456 112 319 339
347 238 363 111 164
326 451 323 193 437
162 130 232 158 393
95 128 12 133 14
295 430 30 222 390
479 486 487 110 34
321 129 218 434 280
448 287 250 292 109
45 432 310 447 19
204 118 483 136 472
313 421 101 392 458
125 149 364 79 265
213 22 39 28 211
359 497 163 147 415
452 10 411 87 275
217 318 422 410 296
485 107 13 308 108
97 55 401 248 50
439 16 317 284 123
425 334 141 194 99
316 115 453 407 21
277 299 51 44 427
189 80 402 370 440
214 148 241 493 33
263 385 322 228 406
52 63 271 150 121
223 404 420 320 171
72 202 349 348 307
403 394 178 114 471
341 62 498 169 389
302 199 305 289 303
172 235 56 231 91
443 456 112 319 339
347 238 363 111 164
326 451 323 193 437
162 130 232 158 393
95 128 12 133 14
295 430 30 222 390
479 486 487 110 34
321 129 218 434 280
448 287 250 292 109
90 499 445 190 373
45 432 310 447 19
204 118 483 136 472
313 421 101 392 458
125 149 364 79 265
213 22 39 28 211
359 497 163 147 415
452 10 411 87 275
217 318 422 410 296
485 107 13 308 108
97 55 401 248 50
439 16 317 284 123
425 334 141 194 99
316 115 453 407 21
277 299 51 44 427
189 80 402 370 440
214 148 241 493 33
263 385 322 228 406
52 63 271 150 121
223 404 420 320 171
72 202 349 348 307
403 394 178 114 471
341 62 498 169 389
302 199 305 289 303
172 235 56 231 91
443 456 112 319 339
347 238 363 111 164
326 451 323 193 437
162 130 232 158 393
95 128 12 133 14
295 430 30 222 390
479 486 487 110 34
321 129 218 434 280
448 287 250 292 109
90 499 445 190 373
197 260 176 350 168
45 432 310 447 19
204 118 483 136 472
313 421 101 392 458
125 149 364 79 265
213 22 39 28 211
359 497 163 147 415
452 10 411 87 275
217 318 422 410 296
485 107 13 308 108
97 55 401 248 50
439 16 317 284 123
425 334 141 194 99
316 115 453 407 21
277 299 51 44 427
189 80 402 370 440
214 148 241 493 33
263 385 322 228 406
52 63 271 150 121
223 404 420 320 171
72 202 349 348 307
403 394 178 114 471
341 62 498 169 389
302 199 305 289 303
172 235 56 231 91
443 456 112 319 339
347 238 363 111 164
326 451 323 193 437
162 130 232 158 393
95 128 12 133 14
295 430 30 222 390
479 486 487 110 34
321 129 218 434 280
448 287 250 292 109
90 499 445 190 373
197 260 176 350 168
436 6 81 244 256
45 432 310 447 19
204 118 483 136 472
313 421 101 392 458
125 149 364 79 265
213 22 39 28 211
359 497 163 147 415
452 10 411 87 275
217 318 422 410 296
485 107 13 308 108
97 55 401 248 50
439 16 317 284 123
425 334 141 194 99
316 115 453 407 21
277 299 51 44 427
189 80 402 370 440
214 148 241 493 33
263 385 322 228 406
52 63 271 150 121
223 404 420 320 171
72 202 349 348 307
403 394 178 114 471
341 62 498 169 389
302 199 305 289 303
172 235 56 231 91
443 456 112 319 339
347 238 363 111 164
326 451 323 193 437
162 130 232 158 393
95 128 12 133 14
295 430 30 222 390
479 486 487 110 34
321 129 218 434 280
448 287 250 292 109
90 499 445 190 373
197 260 176 350 168
436 6 81 244 256
400 215 24 405 391
45 432 310 447 19
204 118 483 136 472
313 421 101 392 458
125 149 364 79 265
213 22 39 28 211
359 497 163 147 415
452 10 411 87 275
217 318 422 410 296
485 107 13 308 108
97 55 401 248 50
439 16 317 284 123
425 334 141 194 99
316 115 453 407 21
277 299 51 44 427
189 80 402 370 440
214 148 241 493 33
263 385 322 228 406
52 63 271 150 121
223 404 420 320 171
72 202 349 348 307
403 394 178 114 471
341 62 498 169 389
302 199 305 289 303
172 235 56 231 91
443 456 112 319 339
347 238 363 111 164
326 451 323 193 437
162 130 232 158 393
95 128 12 133 14
295 430 30 222 390
479 486 487 110 34
321 129 218 434 280
448 287 250 292 109
90 499 445 190 373
197 260 176 350 168
436 6 81 244 256
400 215 24 405 391
18 412 272 165 0
45 432 310 447 19
204 118 483 136 472
313 421 101 392 458
125 149 364 79 265
213 22 39 28 211
359 497 163 147 415
452 10 411 87 275
217 318 422 410 296
485 107 13 308 108
97 55 401 248 50
439 16 317 284 123
425 334 141 194 99
316 115 453 407 21
277 299 51 44 427
189 80 402 370 440
214 148 241 493 33
263 385 322 228 406
52 63 271 150 121
223 404 420 320 171
72 202 349 348 307
403 394 178 114 471
341 62 498 169 389
302 199 305 289 303
172 235 56 231 91
443 456 112 319 339
347 238 363 111 164
326 451 323 193 437
162 130 232 158 393
95 128 12 133 14
295 430 30 222 390
479 486 487 110 34
321 129 218 434 280
448 287 250 292 109
90 499 445 190 373
197 260 176 350 168
436 6 81 244 256
400 215 24 405 391
18 412 272 165 0
243 281 17 119 224
45 432 310 447 19
204 118 483 136 472
313 421 101 392 458
125 149 364 79 265
213 22 39 28 211
359 497 163 147 415
452 10 411 87 275
217 318 422 410 296
485 107 13 308 108
97 55 401 248 50
439 16 317 284 123
425 334 141 194 99
316 115 453 407 21
277 299 51 44 427
189 80 402 370 440
214 148 241 493 33
263 385 322 228 406
52 63 271 150 121
223 404 420 320 171
72 202 349 348 307
403 394 178 114 471
341 62 498 169 389
302 199 305 289 303
172 235 56 231 91
443 456 112 319 339
347 238 363 111 164
326 451 323 193 437
162 130 232 158 393
95 128 12 133 14
295 430 30 222 390
479 486 487 110 34
321 129 218 434 280
448 287 250 292 109
90 499 445 190 373
197 260 176 350 168
436 6 81 244 256
400 215 24 405 391
18 412 272 165 0
243 281 17 119 224
466 298 426 220 78
45 432 310 447 19
204 118 483 136 472
313 421 101 392 458
125 149 364 79 265
213 22 39 28 211
359 497 163 147 415
452 10 411 87 275
217 318 422 410 296
485 107 13 308 108
97 55 401 248 50
439 16 317 284 123
425 334 141 194 99
316 115 453 407 21
277 299 51 44 427
189 80 402 370 440
214 148 241 493 33
263 385 322 228 406
52 63 271 150 121
223 404 420 320 171
72 202 349 348 307
403 394 178 114 471
341 62 498 169 389
302 199 305 289 303
172 235 56 231 91
443 456 112 319 339
347 238 363 111 164
326 451 323 193 437
162 130 232 158 393
95 128 12 133 14
295 430 30 222 390
479 486 487 110 34
321 129 218 434 280
448 287 250 292 109
90 499 445 190 373
197 260 176 350 168
436 6 81 244 256
400 215 24 405 391
18 412 272 165 0
243 281 17 119 224
466 298 426 220 78
259 482 209 283 274
45 432 310 447 19
204 118 483 136 472
313 421 101 392 458
125 149 364 79 265
213 22 39 28 211
359 497 163 147 415
452 10 411 87 275
217 318 422 410 296
485 107 13 308 108
97 55 401 248 50
439 16 317 284 123
425 334 141 194 99
316 115 453 407 21
277 299 51 44 427
189 80 402 370 440
214 148 241 493 33
263 385 322 228 406
52 63 271 150 121
223 404 420 320 171
72 202 349 348 307
403 394 178 114 471
341 62 498 169 389
302 199 305 289 303
172 235 56 231 91
443 456 112 319 339
347 238 363 111 164
326 451 323 193 437
162 130 232 158 393
95 128 12 133 14
295 430 30 222 390
479 486 487 110 34
321 129 218 434 280
448 287 250 292 109
90 499 445 190 373
197 260 176 350 168
436 6 81 244 256
400 215 24 405 391
18 412 272 165 0
243 281 17 119 224
466 298 426 220 78
259 482 209 283 274
489 203 286 94 381
45 432 310 447 19
204 118 483 136 472
313 421 101 392 458
125 149 364 79 265
213 22 39 28 211
359 497 163 147 415
452 10 411 87 275
217 318 422 410 296
485 107 13 308 108
97 55 401 248 50
439 16 317 284 123
425 334 141 194 99
316 115 453 407 21
277 299 51 44 427
189 80 402 370 440
214 148 241 493 33
263 385 322 228 406
52 63 271 150 121
223 404 420 320 171
72 202 349 348 307
403 394 178 114 471
341 62 498 169 389
302 199 305 289 303
172 235 56 231 91
443 456 112 319 339
347 238 363 111 164
326 451 323 193 437
162 130 232 158 393
95 128 12 133 14
295 430 30 222 390
479 486 487 110 34
321 129 218 434 280
448 287 250 292 109
90 499 445 190 373
197 260 176 350 168
436 6 81 244 256
400 215 24 405 391
18 412 272 165 0
243 281 17 119 224
466 298 426 220 78
259 482 209 283 274
489 203 286 94 381
67 43 416 139 474
45 432 310 447 19
204 118 483 136 472
313 421 101 392 458
125 149 364 79 265
213 22 39 28 211
359 497 163 147 415
452 10 411 87 275
217 318 422 410 296
485 107 13 308 108
97 55 401 248 50
439 16 317 284 123
425 334 141 194 99
316 115 453 407 21
277 299 51 44 427
189 80 402 370 440
214 148 241 493 33
263 385 322 228 406
52 63 271 150 121
223 404 420 320 171
72 202 349 348 307
403 394 178 114 471
341 62 498 169 389
302 199 305 289 303
172 235 56 231 91
443 456 112 319 339
347 238 363 111 164
326 451 323 193 437
162 130 232 158 393
95 128 12 133 14
295 430 30 222 390
479 486 487 110 34
321 129 218 434 280
448 287 250 292 109
90 499 445 190 373
197 260 176 350 168
436 6 81 244 256
400 215 24 405 391
18 412 272 165 0
243 281 17 119 224
466 298 426 220 78
259 482 209 283 274
489 203 286 94 381
67 43 416 139 474
188 239 15 144 245
45 432 310 447 19
204 118 483 136 472
313 421 101 392 458
125 149 364 79 265
213 22 39 28 211
359 497 163 147 415
452 10 411 87 275
217 318 422 410 296
485 107 13 308 108
97 55 401 248 50
439 16 317 284 123
425 334 141 194 99
316 115 453 407 21
277 299 51 44 427
189 80 402 370 440
214 148 241 493 33
263 385 322 228 406
52 63 271 150 121
223 404 420 320 171
72 202 349 348 307
403 394 178 114 471
341 62 498 169 389
302 199 305 289 303
172 235 56 231 91
443 456 112 319 339
347 238 363 111 164
326 451 323 193 437
162 130 232 158 393
95 128 12 133 14
295 430 30 222 390
479 486 487 110 34
321 129 218 434 280
448 287 250 292 109
90 499 445 190 373
197 260 176 350 168
436 6 81 244 256
400 215 24 405 391
18 412 272 165 0
243 281 17 119 224
466 298 426 220 78
259 482 209 283 274
489 203 286 94 381
67 43 416 139 474
188 239 15 144 245
484 429 330 49 297
45 432 310 447 19
204 118 483 136 472
313 421 101 392 458
125 149 364 79 265
213 22 39 28 211
359 497 163 147 415
452 10 411 87 275
217 318 422 410 296
485 107 13 308 108
97 55 401 248 50
439 16 317 284 123
425 334 141 194 99
316 115 453 407 21
277 299 51 44 427
189 80 402 370 440
214 148 241 493 33
263 385 322 228 406
52 63 271 150 121
223 404 420 320 171
72 202 349 348 307
403 394 178 114 471
341 62 498 169 389
302 199 305 289 303
172 235 56 231 91
443 456 112 319 339
347 238 363 111 164
326 451 323 193 437
162 130 232 158 393
95 128 12 133 14
295 430 30 222 390
479 486 487 110 34
321 129 218 434 280
448 287 250 292 109
90 499 445 190 373
197 260 176 350 168
436 6 81 244 256
400 215 24 405 391
18 412 272 165 0
243 281 17 119 224
466 298 426 220 78
259 482 209 283 274
489 203 286 94 381
67 43 416 139 474
188 239 15 144 245
484 429 330 49 297
183 356 135 301 127
45 432 310 447 19
204 118 483 136 472
313 421 101 392 458
125 149 364 79 265
213 22 39 28 211
359 497 163 147 415
452 10 411 87 275
217 318 422 410 296
485 107 13 308 108
97 55 401 248 50
439 16 317 284 123
425 334 141 194 99
316 115 453 407 21
277 299 51 44 427
189 80 402 370 440
214 148 241 493 33
263 385 322 228 406
52 63 271 150 121
223 404 420 320 171
72 202 349 348 307
403 394 178 114 471
341 62 498 169 389
302 199 305 289 303
172 235 56 231 91
443 456 112 319 339
347 238 363 111 164
326 451 323 193 437
162 130 232 158 393
95 128 12 133 14
295 430 30 222 390
479 486 487 110 34
321 129 218 434 280
448 287 250 292 109
90 499 445 190 373
197 260 176 350 168
436 6 81 244 256
400 215 24 405 391
18 412 272 165 0
243 281 17 119 224
466 298 426 220 78
259 482 209 283 274
489 203 286 94 381
67 43 416 139 474
188 239 15 144 245
484 429 330 49 297
183 356 135 301 127
36 293 29 288 368
45 432 310 447 19
204 118 483 136 472
313 421 101 392 458
125 149 364 79 265
213 22 39 28 211
359 497 163 147 415
452 10 411 87 275
217 318 422 410 296
485 107 13 308 108
97 55 401 248 50
439 16 317 284 123
425 334 141 194 99
316 115 453 407 21
277 299 51 44 427
189 80 402 370 440
214 148 241 493 33
263 385 322 228 406
52 63 271 150 121
223 404 420 320 171
72 202 349 348 307
403 394 178 114 471
341 62 498 169 389
302 199 305 289 303
172 235 56 231 91
443 456 112 319 339
347 238 363 111 164
326 451 323 193 437
162 130 232 158 393
95 128 12 133 14
295 430 30 222 390
479 486 487 110 34
321 129 218 434 280
448 287 250 292 109
90 499 445 190 373
197 260 176 350 168
436 6 81 244 256
400 215 24 405 391
18 412 272 165 0
243 281 17 119 224
466 298 426 220 78
259 482 209 283 274
489 203 286 94 381
67 43 416 139 474
188 239 15 144 245
484 429 330 49 297
183 356 135 301 127
36 293 29 288 368
431 428 468 234 261
45 432 310 447 19
204 118 483 136 472
313 421 101 392 458
125 149 364 79 265
213 22 39 28 211
359 497 163 147 415
452 10 411 87 275
217 318 422 410 296
485 107 13 308 108
97 55 401 248 50
439 16 317 284 123
425 334 141 194 99
316 115 453 407 21
277 299 51 44 427
189 80 402 370 440
214 148 241 493 33
263 385 322 228 406
52 63 271 150 121
223 404 420 320 171
72 202 349 348 307
403 394 178 114 471
341 62 498 169 389
302 199 305 289 303
172 235 56 231 91
443 456 112 319 339
347 238 363 111 164
326 451 323 193 437
162 130 232 158 393
95 128 12 133 14
295 430 30 222 390
479 486 487 110 34
321 129 218 434 280
448 287 250 292 109
90 499 445 190 373
197 260 176 350 168
436 6 81 244 256
400 215 24 405 391
18 412 272 165 0
243 281 17 119 224
466 298 426 220 78
259 482 209 283 274
489 203 286 94 381
67 43 416 139 474
188 239 15 144 245
484 429 330 49 297
183 356 135 301 127
36 293 29 288 368
431 428 468 234 261
367 464 192 146 219
45 432 310 447 19
204 118 483 136 472
313 421 101 392 458
125 149 364 79 265
213 22 39 28 211
359 497 163 147 415
452 10 411 87 275
217 318 422 410 296
485 107 13 308 108
97 55 401 248 50
439 16 317 284 123
425 334 141 194 99
316 115 453 407 21
277 299 51 44 427
189 80 402 370 440
214 148 241 493 33
263 385 322 228 406
52 63 271 150 121
223 404 420 320 171
72 202 349 348 307
403 394 178 114 471
341 62 498 169 389
302 199 305 289 303
172 235 56 231 91
443 456 112 319 339
347 238 363 111 164
326 451 323 193 437
162 130 232 158 393
95 128 12 133 14
295 430 30 222 390
479 486 487 110 34
321 129 218 434 280
448 287 250 292 109
90 499 445 190 373
197 260 176 350 168
436 6 81 244 256
400 215 24 405 391
18 412 272 165 0
243 281 17 119 224
466 298 426 220 78
259 482 209 283 274
489 203 286 94 381
67 43 416 139 474
188 239 15 144 245
484 429 330 49 297
183 356 135 301 127
36 293 29 288 368
431 428 468 234 261
367 464 192 146 219
106 137 276 480 360
