116 405 409 194 305
116 405 409 194 305
21 395 204 443
116 405 409 194 305
21 395 204 443
75 87 92
116 405 409 194 305
21 395 204 443
75 87 92
18 479
116 405 409 194 305
21 395 204 443
75 87 92
18 479
327 378 89
116 405 409 194 305
21 395 204 443
75 87 92
18 479
327 378 89
465 227
116 405 409 194 305
21 395 204 443
75 87 92
18 479
327 378 89
465 227
95 62
116 405 409 194 305
21 395 204 443
75 87 92
18 479
327 378 89
465 227
95 62
185 207
116 405 409 194 305
21 395 204 443
75 87 92
18 479
327 378 89
465 227
95 62
185 207
234 382
116 405 409 194 305
21 395 204 443
75 87 92
18 479
327 378 89
465 227
95 62
185 207
234 382
197 356
116 405 409 194 305
21 395 204 443
75 87 92
18 479
327 378 89
465 227
95 62
185 207
234 382
197 356
38 190
