246 114 5 185 380
160 97 209 95 322
313 158 318 364 98
144 28 142 149 336
192 224 217 42 351
155 223 117 234 227
269 252 225 106 260
287 150 3 90 215
299 264 164 11 170
300 40 240 332 123
326 274 251 311 129
137 75 147 113 88
295 244 154 8 181
368 187 194 172 190
111 338 100 175 312
153 80 89 47 344
201 43 235 173 307
78 277 107 289 350
87 50 39 265 64
286 314 249 236 220
101 81 320 52 281
378 139 366 291 349
276 282 10 143 60
310 57 257 197 207
374 216 0 183 177
59 317 328 203 243
132 18 271 79 333
372 51 15 284 63
334 159 345 138 319
200 24 46 169 363
174 4 369 329 250
188 29 302 258 62
102 131 76 26 230
73 263 96 193 27
167 199 331 74 162
304 309 343 231 255
259 56 82 140 359
20 128 163 367 186
266 68 112 103 9
