421 368 242 146 371
421 368 242 146 371
244 239 70 45 5
421 368 242 146 371
244 239 70 45 5
278 83 485
421 368 242 146 371
244 239 70 45 5
278 83 485
467 330 193
421 368 242 146 371
244 239 70 45 5
278 83 485
467 330 193
412 284
421 368 242 146 371
244 239 70 45 5
278 83 485
467 330 193
412 284
177 48
421 368 242 146 371
244 239 70 45 5
278 83 485
467 330 193
412 284
177 48
305 84
421 368 242 146 371
244 239 70 45 5
278 83 485
467 330 193
412 284
177 48
305 84
331 217 418
421 368 242 146 371
244 239 70 45 5
278 83 485
467 330 193
412 284
177 48
305 84
331 217 418
238 361
421 368 242 146 371
244 239 70 45 5
278 83 485
467 330 193
412 284
177 48
305 84
331 217 418
238 361
439 110
421 368 242 146 371
244 239 70 45 5
278 83 485
467 330 193
412 284
177 48
305 84
331 217 418
238 361
439 110
34 388
