354 118 365 247 390
354 118 365 247 390
72 49 139 134 21
354 118 365 247 390
72 49 139 134 21
23 30 164 130 35
354 118 365 247 390
72 49 139 134 21
23 30 164 130 35
94 111 1 317 144
354 118 365 247 390
72 49 139 134 21
23 30 164 130 35
94 111 1 317 144
258 218 92 250 279
354 118 365 247 390
72 49 139 134 21
23 30 164 130 35
94 111 1 317 144
258 218 92 250 279
391 179 38 204
354 118 365 247 390
72 49 139 134 21
23 30 164 130 35
94 111 1 317 144
258 218 92 250 279
391 179 38 204
174 349 341 267 186
354 118 365 247 390
72 49 139 134 21
23 30 164 130 35
94 111 1 317 144
258 218 92 250 279
391 179 38 204
174 349 341 267 186
222 301 194 57 367
354 118 365 247 390
72 49 139 134 21
23 30 164 130 35
94 111 1 317 144
258 218 92 250 279
391 179 38 204
174 349 341 267 186
222 301 194 57 367
128 352 121 335 14
354 118 365 247 390
72 49 139 134 21
23 30 164 130 35
94 111 1 317 144
258 218 92 250 279
391 179 38 204
174 349 341 267 186
222 301 194 57 367
128 352 121 335 14
19 149 232 146 227
354 118 365 247 390
72 49 139 134 21
23 30 164 130 35
94 111 1 317 144
258 218 92 250 279
391 179 38 204
174 349 341 267 186
222 301 194 57 367
128 352 121 335 14
19 149 232 146 227
395 172 193 173 385
354 118 365 247 390
72 49 139 134 21
23 30 164 130 35
94 111 1 317 144
258 218 92 250 279
391 179 38 204
174 349 341 267 186
222 301 194 57 367
128 352 121 335 14
19 149 232 146 227
395 172 193 173 385
321 294 364 188 262
354 118 365 247 390
72 49 139 134 21
23 30 164 130 35
94 111 1 317 144
258 218 92 250 279
391 179 38 204
174 349 341 267 186
222 301 194 57 367
128 352 121 335 14
19 149 232 146 227
395 172 193 173 385
321 294 364 188 262
376 214 108 344 63
354 118 365 247 390
72 49 139 134 21
23 30 164 130 35
94 111 1 317 144
258 218 92 250 279
391 179 38 204
174 349 341 267 186
222 301 194 57 367
128 352 121 335 14
19 149 232 146 227
395 172 193 173 385
321 294 364 188 262
376 214 108 344 63
238 271 58 210 379
354 118 365 247 390
72 49 139 134 21
23 30 164 130 35
94 111 1 317 144
258 218 92 250 279
391 179 38 204
174 349 341 267 186
222 301 194 57 367
128 352 121 335 14
19 149 232 146 227
395 172 193 173 385
321 294 364 188 262
376 214 108 344 63
238 271 58 210 379
315 332 126 215 110
354 118 365 247 390
72 49 139 134 21
23 30 164 130 35
94 111 1 317 144
258 218 92 250 279
391 179 38 204
174 349 341 267 186
222 301 194 57 367
128 352 121 335 14
19 149 232 146 227
395 172 193 173 385
321 294 364 188 262
376 214 108 344 63
238 271 58 210 379
315 332 126 215 110
261 217 165 383 167
354 118 365 247 390
72 49 139 134 21
23 30 164 130 35
94 111 1 317 144
258 218 92 250 279
391 179 38 204
174 349 341 267 186
222 301 194 57 367
128 352 121 335 14
19 149 232 146 227
395 172 193 173 385
321 294 364 188 262
376 214 108 344 63
238 271 58 210 379
315 332 126 215 110
261 217 165 383 167
64 308 184 182 234
354 118 365 247 390
72 49 139 134 21
23 30 164 130 35
94 111 1 317 144
258 218 92 250 279
391 179 38 204
174 349 341 267 186
222 301 194 57 367
128 352 121 335 14
19 149 232 146 227
395 172 193 173 385
321 294 364 188 262
376 214 108 344 63
238 271 58 210 379
315 332 126 215 110
261 217 165 383 167
64 308 184 182 234
316 13 275 388 292
354 118 365 247 390
72 49 139 134 21
23 30 164 130 35
94 111 1 317 144
258 218 92 250 279
391 179 38 204
174 349 341 267 186
222 301 194 57 367
128 352 121 335 14
19 149 232 146 227
395 172 193 173 385
321 294 364 188 262
376 214 108 344 63
238 271 58 210 379
315 332 126 215 110
261 217 165 383 167
64 308 184 182 234
316 13 275 388 292
195 346 26 381 339
354 118 365 247 390
72 49 139 134 21
23 30 164 130 35
94 111 1 317 144
258 218 92 250 279
391 179 38 204
174 349 341 267 186
222 301 194 57 367
128 352 121 335 14
19 149 232 146 227
395 172 193 173 385
321 294 364 188 262
376 214 108 344 63
238 271 58 210 379
315 332 126 215 110
261 217 165 383 167
64 308 184 182 234
316 13 275 388 292
195 346 26 381 339
98 117 289 358 28
354 118 365 247 390
72 49 139 134 21
23 30 164 130 35
94 111 1 317 144
258 218 92 250 279
391 179 38 204
174 349 341 267 186
222 301 194 57 367
128 352 121 335 14
19 149 232 146 227
395 172 193 173 385
321 294 364 188 262
376 214 108 344 63
238 271 58 210 379
315 332 126 215 110
261 217 165 383 167
64 308 184 182 234
316 13 275 388 292
195 346 26 381 339
98 117 289 358 28
311 319 153 325 360
354 118 365 247 390
72 49 139 134 21
23 30 164 130 35
94 111 1 317 144
258 218 92 250 279
391 179 38 204
174 349 341 267 186
222 301 194 57 367
128 352 121 335 14
19 149 232 146 227
395 172 193 173 385
321 294 364 188 262
376 214 108 344 63
238 271 58 210 379
315 332 126 215 110
261 217 165 383 167
64 308 184 182 234
316 13 275 388 292
195 346 26 381 339
98 117 289 358 28
311 319 153 325 360
119 237 84 157 280
354 118 365 247 390
72 49 139 134 21
23 30 164 130 35
94 111 1 317 144
258 218 92 250 279
391 179 38 204
174 349 341 267 186
222 301 194 57 367
128 352 121 335 14
19 149 232 146 227
395 172 193 173 385
321 294 364 188 262
376 214 108 344 63
238 271 58 210 379
315 332 126 215 110
261 217 165 383 167
64 308 184 182 234
316 13 275 388 292
195 346 26 381 339
98 117 289 358 28
311 319 153 325 360
119 237 84 157 280
327 274 384 29 59
354 118 365 247 390
72 49 139 134 21
23 30 164 130 35
94 111 1 317 144
258 218 92 250 279
391 179 38 204
174 349 341 267 186
222 301 194 57 367
128 352 121 335 14
19 149 232 146 227
395 172 193 173 385
321 294 364 188 262
376 214 108 344 63
238 271 58 210 379
315 332 126 215 110
261 217 165 383 167
64 308 184 182 234
316 13 275 388 292
195 346 26 381 339
98 117 289 358 28
311 319 153 325 360
119 237 84 157 280
327 274 384 29 59
40 11 224 372 123
354 118 365 247 390
72 49 139 134 21
23 30 164 130 35
94 111 1 317 144
258 218 92 250 279
391 179 38 204
174 349 341 267 186
222 301 194 57 367
128 352 121 335 14
19 149 232 146 227
395 172 193 173 385
321 294 364 188 262
376 214 108 344 63
238 271 58 210 379
315 332 126 215 110
261 217 165 383 167
64 308 184 182 234
316 13 275 388 292
195 346 26 381 339
98 117 289 358 28
311 319 153 325 360
119 237 84 157 280
327 274 384 29 59
40 11 224 372 123
281 359 333 87 208
354 118 365 247 390
72 49 139 134 21
23 30 164 130 35
94 111 1 317 144
258 218 92 250 279
391 179 38 204
174 349 341 267 186
222 301 194 57 367
128 352 121 335 14
19 149 232 146 227
395 172 193 173 385
321 294 364 188 262
376 214 108 344 63
238 271 58 210 379
315 332 126 215 110
261 217 165 383 167
64 308 184 182 234
316 13 275 388 292
195 346 26 381 339
98 117 289 358 28
311 319 153 325 360
119 237 84 157 280
327 274 384 29 59
40 11 224 372 123
281 359 333 87 208
209 53 15 393 340
354 118 365 247 390
72 49 139 134 21
23 30 164 130 35
94 111 1 317 144
258 218 92 250 279
391 179 38 204
174 349 341 267 186
222 301 194 57 367
128 352 121 335 14
19 149 232 146 227
395 172 193 173 385
321 294 364 188 262
376 214 108 344 63
238 271 58 210 379
315 332 126 215 110
261 217 165 383 167
64 308 184 182 234
316 13 275 388 292
195 346 26 381 339
98 117 289 358 28
311 319 153 325 360
119 237 84 157 280
327 274 384 29 59
40 11 224 372 123
281 359 333 87 208
209 53 15 393 340
129 392 109 135 162
354 118 365 247 390
72 49 139 134 21
23 30 164 130 35
94 111 1 317 144
258 218 92 250 279
391 179 38 204
174 349 341 267 186
222 301 194 57 367
128 352 121 335 14
19 149 232 146 227
395 172 193 173 385
321 294 364 188 262
376 214 108 344 63
238 271 58 210 379
315 332 126 215 110
261 217 165 383 167
64 308 184 182 234
316 13 275 388 292
195 346 26 381 339
98 117 289 358 28
311 319 153 325 360
119 237 84 157 280
327 274 384 29 59
40 11 224 372 123
281 359 333 87 208
209 53 15 393 340
129 392 109 135 162
62 257 67 0
354 118 365 247 390
72 49 139 134 21
23 30 164 130 35
94 111 1 317 144
258 218 92 250 279
391 179 38 204
174 349 341 267 186
222 301 194 57 367
128 352 121 335 14
19 149 232 146 227
395 172 193 173 385
321 294 364 188 262
376 214 108 344 63
238 271 58 210 379
315 332 126 215 110
261 217 165 383 167
64 308 184 182 234
316 13 275 388 292
195 346 26 381 339
98 117 289 358 28
311 319 153 325 360
119 237 84 157 280
327 274 384 29 59
40 11 224 372 123
281 359 333 87 208
209 53 15 393 340
129 392 109 135 162
62 257 67 0
207 6 44 282
354 118 365 247 390
72 49 139 134 21
23 30 164 130 35
94 111 1 317 144
258 218 92 250 279
391 179 38 204
174 349 341 267 186
222 301 194 57 367
128 352 121 335 14
19 149 232 146 227
395 172 193 173 385
321 294 364 188 262
376 214 108 344 63
238 271 58 210 379
315 332 126 215 110
261 217 165 383 167
64 308 184 182 234
316 13 275 388 292
195 346 26 381 339
98 117 289 358 28
311 319 153 325 360
119 237 84 157 280
327 274 384 29 59
40 11 224 372 123
281 359 333 87 208
209 53 15 393 340
129 392 109 135 162
62 257 67 0
207 6 44 282
266 97 93 140
354 118 365 247 390
72 49 139 134 21
23 30 164 130 35
94 111 1 317 144
258 218 92 250 279
391 179 38 204
174 349 341 267 186
222 301 194 57 367
128 352 121 335 14
19 149 232 146 227
395 172 193 173 385
321 294 364 188 262
376 214 108 344 63
238 271 58 210 379
315 332 126 215 110
261 217 165 383 167
64 308 184 182 234
316 13 275 388 292
195 346 26 381 339
98 117 289 358 28
311 319 153 325 360
119 237 84 157 280
327 274 384 29 59
40 11 224 372 123
281 359 333 87 208
209 53 15 393 340
129 392 109 135 162
62 257 67 0
207 6 44 282
266 97 93 140
230 255 198
354 118 365 247 390
72 49 139 134 21
23 30 164 130 35
94 111 1 317 144
258 218 92 250 279
391 179 38 204
174 349 341 267 186
222 301 194 57 367
128 352 121 335 14
19 149 232 146 227
395 172 193 173 385
321 294 364 188 262
376 214 108 344 63
238 271 58 210 379
315 332 126 215 110
261 217 165 383 167
64 308 184 182 234
316 13 275 388 292
195 346 26 381 339
98 117 289 358 28
311 319 153 325 360
119 237 84 157 280
327 274 384 29 59
40 11 224 372 123
281 359 333 87 208
209 53 15 393 340
129 392 109 135 162
62 257 67 0
207 6 44 282
266 97 93 140
230 255 198
334 211 31
354 118 365 247 390
72 49 139 134 21
23 30 164 130 35
94 111 1 317 144
258 218 92 250 279
391 179 38 204
174 349 341 267 186
222 301 194 57 367
128 352 121 335 14
19 149 232 146 227
395 172 193 173 385
321 294 364 188 262
376 214 108 344 63
238 271 58 210 379
315 332 126 215 110
261 217 165 383 167
64 308 184 182 234
316 13 275 388 292
195 346 26 381 339
98 117 289 358 28
311 319 153 325 360
119 237 84 157 280
327 274 384 29 59
40 11 224 372 123
281 359 333 87 208
209 53 15 393 340
129 392 109 135 162
62 257 67 0
207 6 44 282
266 97 93 140
230 255 198
334 211 31
148 163 378
354 118 365 247 390
72 49 139 134 21
23 30 164 130 35
94 111 1 317 144
258 218 92 250 279
391 179 38 204
174 349 341 267 186
222 301 194 57 367
128 352 121 335 14
19 149 232 146 227
395 172 193 173 385
321 294 364 188 262
376 214 108 344 63
238 271 58 210 379
315 332 126 215 110
261 217 165 383 167
64 308 184 182 234
316 13 275 388 292
195 346 26 381 339
98 117 289 358 28
311 319 153 325 360
119 237 84 157 280
327 274 384 29 59
40 11 224 372 123
281 359 333 87 208
209 53 15 393 340
129 392 109 135 162
62 257 67 0
207 6 44 282
266 97 93 140
230 255 198
334 211 31
148 163 378
377 99 345
354 118 365 247 390
72 49 139 134 21
23 30 164 130 35
94 111 1 317 144
258 218 92 250 279
391 179 38 204
174 349 341 267 186
222 301 194 57 367
128 352 121 335 14
19 149 232 146 227
395 172 193 173 385
321 294 364 188 262
376 214 108 344 63
238 271 58 210 379
315 332 126 215 110
261 217 165 383 167
64 308 184 182 234
316 13 275 388 292
195 346 26 381 339
98 117 289 358 28
311 319 153 325 360
119 237 84 157 280
327 274 384 29 59
40 11 224 372 123
281 359 333 87 208
209 53 15 393 340
129 392 109 135 162
62 257 67 0
207 6 44 282
266 97 93 140
230 255 198
334 211 31
148 163 378
377 99 345
251 133
354 118 365 247 390
72 49 139 134 21
23 30 164 130 35
94 111 1 317 144
258 218 92 250 279
391 179 38 204
174 349 341 267 186
222 301 194 57 367
128 352 121 335 14
19 149 232 146 227
395 172 193 173 385
321 294 364 188 262
376 214 108 344 63
238 271 58 210 379
315 332 126 215 110
261 217 165 383 167
64 308 184 182 234
316 13 275 388 292
195 346 26 381 339
98 117 289 358 28
311 319 153 325 360
119 237 84 157 280
327 274 384 29 59
40 11 224 372 123
281 359 333 87 208
209 53 15 393 340
129 392 109 135 162
62 257 67 0
207 6 44 282
266 97 93 140
230 255 198
334 211 31
148 163 378
377 99 345
251 133
329 314 196
354 118 365 247 390
72 49 139 134 21
23 30 164 130 35
94 111 1 317 144
258 218 92 250 279
391 179 38 204
174 349 341 267 186
222 301 194 57 367
128 352 121 335 14
19 149 232 146 227
395 172 193 173 385
321 294 364 188 262
376 214 108 344 63
238 271 58 210 379
315 332 126 215 110
261 217 165 383 167
64 308 184 182 234
316 13 275 388 292
195 346 26 381 339
98 117 289 358 28
311 319 153 325 360
119 237 84 157 280
327 274 384 29 59
40 11 224 372 123
281 359 333 87 208
209 53 15 393 340
129 392 109 135 162
62 257 67 0
207 6 44 282
266 97 93 140
230 255 198
334 211 31
148 163 378
377 99 345
251 133
329 314 196
256 226
354 118 365 247 390
72 49 139 134 21
23 30 164 130 35
94 111 1 317 144
258 218 92 250 279
391 179 38 204
174 349 341 267 186
222 301 194 57 367
128 352 121 335 14
19 149 232 146 227
395 172 193 173 385
321 294 364 188 262
376 214 108 344 63
238 271 58 210 379
315 332 126 215 110
261 217 165 383 167
64 308 184 182 234
316 13 275 388 292
195 346 26 381 339
98 117 289 358 28
311 319 153 325 360
119 237 84 157 280
327 274 384 29 59
40 11 224 372 123
281 359 333 87 208
209 53 15 393 340
129 392 109 135 162
62 257 67 0
207 6 44 282
266 97 93 140
230 255 198
334 211 31
148 163 378
377 99 345
251 133
329 314 196
256 226
142 350
354 118 365 247 390
72 49 139 134 21
23 30 164 130 35
94 111 1 317 144
258 218 92 250 279
391 179 38 204
174 349 341 267 186
222 301 194 57 367
128 352 121 335 14
19 149 232 146 227
395 172 193 173 385
321 294 364 188 262
376 214 108 344 63
238 271 58 210 379
315 332 126 215 110
261 217 165 383 167
64 308 184 182 234
316 13 275 388 292
195 346 26 381 339
98 117 289 358 28
311 319 153 325 360
119 237 84 157 280
327 274 384 29 59
40 11 224 372 123
281 359 333 87 208
209 53 15 393 340
129 392 109 135 162
62 257 67 0
207 6 44 282
266 97 93 140
230 255 198
334 211 31
148 163 378
377 99 345
251 133
329 314 196
256 226
142 350
78 366
354 118 365 247 390
72 49 139 134 21
23 30 164 130 35
94 111 1 317 144
258 218 92 250 279
391 179 38 204
174 349 341 267 186
222 301 194 57 367
128 352 121 335 14
19 149 232 146 227
395 172 193 173 385
321 294 364 188 262
376 214 108 344 63
238 271 58 210 379
315 332 126 215 110
261 217 165 383 167
64 308 184 182 234
316 13 275 388 292
195 346 26 381 339
98 117 289 358 28
311 319 153 325 360
119 237 84 157 280
327 274 384 29 59
40 11 224 372 123
281 359 333 87 208
209 53 15 393 340
129 392 109 135 162
62 257 67 0
207 6 44 282
266 97 93 140
230 255 198
334 211 31
148 163 378
377 99 345
251 133
329 314 196
256 226
142 350
78 366
5 220
354 118 365 247 390
72 49 139 134 21
23 30 164 130 35
94 111 1 317 144
258 218 92 250 279
391 179 38 204
174 349 341 267 186
222 301 194 57 367
128 352 121 335 14
19 149 232 146 227
395 172 193 173 385
321 294 364 188 262
376 214 108 344 63
238 271 58 210 379
315 332 126 215 110
261 217 165 383 167
64 308 184 182 234
316 13 275 388 292
195 346 26 381 339
98 117 289 358 28
311 319 153 325 360
119 237 84 157 280
327 274 384 29 59
40 11 224 372 123
281 359 333 87 208
209 53 15 393 340
129 392 109 135 162
62 257 67 0
207 6 44 282
266 97 93 140
230 255 198
334 211 31
148 163 378
377 99 345
251 133
329 314 196
256 226
142 350
78 366
5 220
373 375
354 118 365 247 390
72 49 139 134 21
23 30 164 130 35
94 111 1 317 144
258 218 92 250 279
391 179 38 204
174 349 341 267 186
222 301 194 57 367
128 352 121 335 14
19 149 232 146 227
395 172 193 173 385
321 294 364 188 262
376 214 108 344 63
238 271 58 210 379
315 332 126 215 110
261 217 165 383 167
64 308 184 182 234
316 13 275 388 292
195 346 26 381 339
98 117 289 358 28
311 319 153 325 360
119 237 84 157 280
327 274 384 29 59
40 11 224 372 123
281 359 333 87 208
209 53 15 393 340
129 392 109 135 162
62 257 67 0
207 6 44 282
266 97 93 140
230 255 198
334 211 31
148 163 378
377 99 345
251 133
329 314 196
256 226
142 350
78 366
5 220
373 375
399 8
354 118 365 247 390
72 49 139 134 21
23 30 164 130 35
94 111 1 317 144
258 218 92 250 279
391 179 38 204
174 349 341 267 186
222 301 194 57 367
128 352 121 335 14
19 149 232 146 227
395 172 193 173 385
321 294 364 188 262
376 214 108 344 63
238 271 58 210 379
315 332 126 215 110
261 217 165 383 167
64 308 184 182 234
316 13 275 388 292
195 346 26 381 339
98 117 289 358 28
311 319 153 325 360
119 237 84 157 280
327 274 384 29 59
40 11 224 372 123
281 359 333 87 208
209 53 15 393 340
129 392 109 135 162
62 257 67 0
207 6 44 282
266 97 93 140
230 255 198
334 211 31
148 163 378
377 99 345
251 133
329 314 196
256 226
142 350
78 366
5 220
373 375
399 8
74 76
354 118 365 247 390
72 49 139 134 21
23 30 164 130 35
94 111 1 317 144
258 218 92 250 279
391 179 38 204
174 349 341 267 186
222 301 194 57 367
128 352 121 335 14
19 149 232 146 227
395 172 193 173 385
321 294 364 188 262
376 214 108 344 63
238 271 58 210 379
315 332 126 215 110
261 217 165 383 167
64 308 184 182 234
316 13 275 388 292
195 346 26 381 339
98 117 289 358 28
311 319 153 325 360
119 237 84 157 280
327 274 384 29 59
40 11 224 372 123
281 359 333 87 208
209 53 15 393 340
129 392 109 135 162
62 257 67 0
207 6 44 282
266 97 93 140
230 255 198
334 211 31
148 163 378
377 99 345
251 133
329 314 196
256 226
142 350
78 366
5 220
373 375
399 8
74 76
322 3
354 118 365 247 390
72 49 139 134 21
23 30 164 130 35
94 111 1 317 144
258 218 92 250 279
391 179 38 204
174 349 341 267 186
222 301 194 57 367
128 352 121 335 14
19 149 232 146 227
395 172 193 173 385
321 294 364 188 262
376 214 108 344 63
238 271 58 210 379
315 332 126 215 110
261 217 165 383 167
64 308 184 182 234
316 13 275 388 292
195 346 26 381 339
98 117 289 358 28
311 319 153 325 360
119 237 84 157 280
327 274 384 29 59
40 11 224 372 123
281 359 333 87 208
209 53 15 393 340
129 392 109 135 162
62 257 67 0
207 6 44 282
266 97 93 140
230 255 198
334 211 31
148 163 378
377 99 345
251 133
329 314 196
256 226
142 350
78 366
5 220
373 375
399 8
74 76
322 3
79 374
