90 42 45 36 120
90 42 45 36 120
108 69 144 147 39
90 42 45 36 120
108 69 144 147 39
0 96 123 101 126
90 42 45 36 120
108 69 144 147 39
0 96 123 101 126
112 105 48 117 141
90 42 45 36 120
108 69 144 147 39
0 96 123 101 126
112 105 48 117 141
27 57 93 70 9
90 42 45 36 120
108 69 144 147 39
0 96 123 101 126
112 105 48 117 141
27 57 93 70 9
65 3 66 102 33
90 42 45 36 120
108 69 144 147 39
0 96 123 101 126
112 105 48 117 141
27 57 93 70 9
65 3 66 102 33
73 148 6 75 99
90 42 45 36 120
108 69 144 147 39
0 96 123 101 126
112 105 48 117 141
27 57 93 70 9
65 3 66 102 33
73 148 6 75 99
86 138 91 87 18
90 42 45 36 120
108 69 144 147 39
0 96 123 101 126
112 105 48 117 141
27 57 93 70 9
65 3 66 102 33
73 148 6 75 99
86 138 91 87 18
77 132 140 72 81
90 42 45 36 120
108 69 144 147 39
0 96 123 101 126
112 105 48 117 141
27 57 93 70 9
65 3 66 102 33
73 148 6 75 99
86 138 91 87 18
77 132 140 72 81
109 24 54 128 122
90 42 45 36 120
108 69 144 147 39
0 96 123 101 126
112 105 48 117 141
27 57 93 70 9
65 3 66 102 33
73 148 6 75 99
86 138 91 87 18
77 132 140 72 81
109 24 54 128 122
68 143 51 135 11
90 42 45 36 120
108 69 144 147 39
0 96 123 101 126
112 105 48 117 141
27 57 93 70 9
65 3 66 102 33
73 148 6 75 99
86 138 91 87 18
77 132 140 72 81
109 24 54 128 122
68 143 51 135 11
64 110 21 111 23
90 42 45 36 120
108 69 144 147 39
0 96 123 101 126
112 105 48 117 141
27 57 93 70 9
65 3 66 102 33
73 148 6 75 99
86 138 91 87 18
77 132 140 72 81
109 24 54 128 122
68 143 51 135 11
64 110 21 111 23
106 55 84 130 103
90 42 45 36 120
108 69 144 147 39
0 96 123 101 126
112 105 48 117 141
27 57 93 70 9
65 3 66 102 33
73 148 6 75 99
86 138 91 87 18
77 132 140 72 81
109 24 54 128 122
68 143 51 135 11
64 110 21 111 23
106 55 84 130 103
63 56 13 100 121
90 42 45 36 120
108 69 144 147 39
0 96 123 101 126
112 105 48 117 141
27 57 93 70 9
65 3 66 102 33
73 148 6 75 99
86 138 91 87 18
77 132 140 72 81
109 24 54 128 122
68 143 51 135 11
64 110 21 111 23
106 55 84 130 103
63 56 13 100 121
25 12 34 97 22
