349 114 418 89 231
333 239 274 155 210
22 41 117 235 265
183 486 382 205 338
273 375 458 212 405
415 312 6 399 0
376 156 354 61 408
223 250 146 44 332
232 419 105 234 96
237 32 304 116
339 226 77 76
94 88 426 12 31
243 163 489 222
91 181 398 126
83 315 99 128
209 145 281 25
429 166 169 56 346
327 372 416 47 308
393 248 436 400 247
36 245 229 331 79
300 118 282 289
255 157 350 176
64 217 142 466 293
43 335 170 174 257
394 78 141 427 432
34 359 5
343 85 268 133 107
63 294 292 385
9 290 87 75 358
151 450 254 409
49 201 241 230
263 20 360 378
461 129 184 203 124
220 441 483
28 70 435 396 318
122 353
7 58 62 317
253 404 316
330 14
447 259
380 113 211
125 97 446
356 50
37 264 172
221 127
433 381
366 112 351 454
322 30
109 92
120 280
35 123
260 139
362 301
33 283
321 258
473 329
480 439
