82 408 266 182 291
82 408 266 182 291
154 255 206 370 412
82 408 266 182 291
154 255 206 370 412
9 149 190 239 253
82 408 266 182 291
154 255 206 370 412
9 149 190 239 253
87 413 471 448 156
82 408 266 182 291
154 255 206 370 412
9 149 190 239 253
87 413 471 448 156
69 431 188 159 125
82 408 266 182 291
154 255 206 370 412
9 149 190 239 253
87 413 471 448 156
69 431 188 159 125
0 195 393 290 378
82 408 266 182 291
154 255 206 370 412
9 149 190 239 253
87 413 471 448 156
69 431 188 159 125
0 195 393 290 378
38 335 491 472 460
82 408 266 182 291
154 255 206 370 412
9 149 190 239 253
87 413 471 448 156
69 431 188 159 125
0 195 393 290 378
38 335 491 472 460
51 260 474 176 91
82 408 266 182 291
154 255 206 370 412
9 149 190 239 253
87 413 471 448 156
69 431 188 159 125
0 195 393 290 378
38 335 491 472 460
51 260 474 176 91
42 269 436 297 300
82 408 266 182 291
154 255 206 370 412
9 149 190 239 253
87 413 471 448 156
69 431 188 159 125
0 195 393 290 378
38 335 491 472 460
51 260 474 176 91
42 269 436 297 300
29 46 126 33 40
82 408 266 182 291
154 255 206 370 412
9 149 190 239 253
87 413 471 448 156
69 431 188 159 125
0 195 393 290 378
38 335 491 472 460
51 260 474 176 91
42 269 436 297 300
29 46 126 33 40
119 359 317 258 131
82 408 266 182 291
154 255 206 370 412
9 149 190 239 253
87 413 471 448 156
69 431 188 159 125
0 195 393 290 378
38 335 491 472 460
51 260 474 176 91
42 269 436 297 300
29 46 126 33 40
119 359 317 258 131
104 331 315 268 446
82 408 266 182 291
154 255 206 370 412
9 149 190 239 253
87 413 471 448 156
69 431 188 159 125
0 195 393 290 378
38 335 491 472 460
51 260 474 176 91
42 269 436 297 300
29 46 126 33 40
119 359 317 258 131
104 331 315 268 446
8 88 336 222 314
82 408 266 182 291
154 255 206 370 412
9 149 190 239 253
87 413 471 448 156
69 431 188 159 125
0 195 393 290 378
38 335 491 472 460
51 260 474 176 91
42 269 436 297 300
29 46 126 33 40
119 359 317 258 131
104 331 315 268 446
8 88 336 222 314
13 302 354 122 158
82 408 266 182 291
154 255 206 370 412
9 149 190 239 253
87 413 471 448 156
69 431 188 159 125
0 195 393 290 378
38 335 491 472 460
51 260 474 176 91
42 269 436 297 300
29 46 126 33 40
119 359 317 258 131
104 331 315 268 446
8 88 336 222 314
13 302 354 122 158
12 168 25 221 484
82 408 266 182 291
154 255 206 370 412
9 149 190 239 253
87 413 471 448 156
69 431 188 159 125
0 195 393 290 378
38 335 491 472 460
51 260 474 176 91
42 269 436 297 300
29 46 126 33 40
119 359 317 258 131
104 331 315 268 446
8 88 336 222 314
13 302 354 122 158
12 168 25 221 484
100 389 453 151 486
82 408 266 182 291
154 255 206 370 412
9 149 190 239 253
87 413 471 448 156
69 431 188 159 125
0 195 393 290 378
38 335 491 472 460
51 260 474 176 91
42 269 436 297 300
29 46 126 33 40
119 359 317 258 131
104 331 315 268 446
8 88 336 222 314
13 302 354 122 158
12 168 25 221 484
100 389 453 151 486
55 425 386 197 350
82 408 266 182 291
154 255 206 370 412
9 149 190 239 253
87 413 471 448 156
69 431 188 159 125
0 195 393 290 378
38 335 491 472 460
51 260 474 176 91
42 269 436 297 300
29 46 126 33 40
119 359 317 258 131
104 331 315 268 446
8 88 336 222 314
13 302 354 122 158
12 168 25 221 484
100 389 453 151 486
55 425 386 197 350
14 201 210 371 103
82 408 266 182 291
154 255 206 370 412
9 149 190 239 253
87 413 471 448 156
69 431 188 159 125
0 195 393 290 378
38 335 491 472 460
51 260 474 176 91
42 269 436 297 300
29 46 126 33 40
119 359 317 258 131
104 331 315 268 446
8 88 336 222 314
13 302 354 122 158
12 168 25 221 484
100 389 453 151 486
55 425 386 197 350
14 201 210 371 103
15 488 207 365 202
82 408 266 182 291
154 255 206 370 412
9 149 190 239 253
87 413 471 448 156
69 431 188 159 125
0 195 393 290 378
38 335 491 472 460
51 260 474 176 91
42 269 436 297 300
29 46 126 33 40
119 359 317 258 131
104 331 315 268 446
8 88 336 222 314
13 302 354 122 158
12 168 25 221 484
100 389 453 151 486
55 425 386 197 350
14 201 210 371 103
15 488 207 365 202
1 232 309 79 358
82 408 266 182 291
154 255 206 370 412
9 149 190 239 253
87 413 471 448 156
69 431 188 159 125
0 195 393 290 378
38 335 491 472 460
51 260 474 176 91
42 269 436 297 300
29 46 126 33 40
119 359 317 258 131
104 331 315 268 446
8 88 336 222 314
13 302 354 122 158
12 168 25 221 484
100 389 453 151 486
55 425 386 197 350
14 201 210 371 103
15 488 207 365 202
1 232 309 79 358
98 143 250 333 106
82 408 266 182 291
154 255 206 370 412
9 149 190 239 253
87 413 471 448 156
69 431 188 159 125
0 195 393 290 378
38 335 491 472 460
51 260 474 176 91
42 269 436 297 300
29 46 126 33 40
119 359 317 258 131
104 331 315 268 446
8 88 336 222 314
13 302 354 122 158
12 168 25 221 484
100 389 453 151 486
55 425 386 197 350
14 201 210 371 103
15 488 207 365 202
1 232 309 79 358
98 143 250 333 106
172 416 334 432 227
82 408 266 182 291
154 255 206 370 412
9 149 190 239 253
87 413 471 448 156
69 431 188 159 125
0 195 393 290 378
38 335 491 472 460
51 260 474 176 91
42 269 436 297 300
29 46 126 33 40
119 359 317 258 131
104 331 315 268 446
8 88 336 222 314
13 302 354 122 158
12 168 25 221 484
100 389 453 151 486
55 425 386 197 350
14 201 210 371 103
15 488 207 365 202
1 232 309 79 358
98 143 250 333 106
172 416 334 432 227
92 252 438 353 430
82 408 266 182 291
154 255 206 370 412
9 149 190 239 253
87 413 471 448 156
69 431 188 159 125
0 195 393 290 378
38 335 491 472 460
51 260 474 176 91
42 269 436 297 300
29 46 126 33 40
119 359 317 258 131
104 331 315 268 446
8 88 336 222 314
13 302 354 122 158
12 168 25 221 484
100 389 453 151 486
55 425 386 197 350
14 201 210 371 103
15 488 207 365 202
1 232 309 79 358
98 143 250 333 106
172 416 334 432 227
92 252 438 353 430
2 10 399 465 418
82 408 266 182 291
154 255 206 370 412
9 149 190 239 253
87 413 471 448 156
69 431 188 159 125
0 195 393 290 378
38 335 491 472 460
51 260 474 176 91
42 269 436 297 300
29 46 126 33 40
119 359 317 258 131
104 331 315 268 446
8 88 336 222 314
13 302 354 122 158
12 168 25 221 484
100 389 453 151 486
55 425 386 197 350
14 201 210 371 103
15 488 207 365 202
1 232 309 79 358
98 143 250 333 106
172 416 334 432 227
92 252 438 353 430
2 10 399 465 418
43 451 102 280 385
82 408 266 182 291
154 255 206 370 412
9 149 190 239 253
87 413 471 448 156
69 431 188 159 125
0 195 393 290 378
38 335 491 472 460
51 260 474 176 91
42 269 436 297 300
29 46 126 33 40
119 359 317 258 131
104 331 315 268 446
8 88 336 222 314
13 302 354 122 158
12 168 25 221 484
100 389 453 151 486
55 425 386 197 350
14 201 210 371 103
15 488 207 365 202
1 232 309 79 358
98 143 250 333 106
172 416 334 432 227
92 252 438 353 430
2 10 399 465 418
43 451 102 280 385
37 219 441 372 70
82 408 266 182 291
154 255 206 370 412
9 149 190 239 253
87 413 471 448 156
69 431 188 159 125
0 195 393 290 378
38 335 491 472 460
51 260 474 176 91
42 269 436 297 300
29 46 126 33 40
119 359 317 258 131
104 331 315 268 446
8 88 336 222 314
13 302 354 122 158
12 168 25 221 484
100 389 453 151 486
55 425 386 197 350
14 201 210 371 103
15 488 207 365 202
1 232 309 79 358
98 143 250 333 106
172 416 334 432 227
92 252 438 353 430
2 10 399 465 418
43 451 102 280 385
37 219 441 372 70
146 390 467 351 405
82 408 266 182 291
154 255 206 370 412
9 149 190 239 253
87 413 471 448 156
69 431 188 159 125
0 195 393 290 378
38 335 491 472 460
51 260 474 176 91
42 269 436 297 300
29 46 126 33 40
119 359 317 258 131
104 331 315 268 446
8 88 336 222 314
13 302 354 122 158
12 168 25 221 484
100 389 453 151 486
55 425 386 197 350
14 201 210 371 103
15 488 207 365 202
1 232 309 79 358
98 143 250 333 106
172 416 334 432 227
92 252 438 353 430
2 10 399 465 418
43 451 102 280 385
37 219 441 372 70
146 390 467 351 405
34 272 74 339 96
82 408 266 182 291
154 255 206 370 412
9 149 190 239 253
87 413 471 448 156
69 431 188 159 125
0 195 393 290 378
38 335 491 472 460
51 260 474 176 91
42 269 436 297 300
29 46 126 33 40
119 359 317 258 131
104 331 315 268 446
8 88 336 222 314
13 302 354 122 158
12 168 25 221 484
100 389 453 151 486
55 425 386 197 350
14 201 210 371 103
15 488 207 365 202
1 232 309 79 358
98 143 250 333 106
172 416 334 432 227
92 252 438 353 430
2 10 399 465 418
43 451 102 280 385
37 219 441 372 70
146 390 467 351 405
34 272 74 339 96
78 110 295 343 184
82 408 266 182 291
154 255 206 370 412
9 149 190 239 253
87 413 471 448 156
69 431 188 159 125
0 195 393 290 378
38 335 491 472 460
51 260 474 176 91
42 269 436 297 300
29 46 126 33 40
119 359 317 258 131
104 331 315 268 446
8 88 336 222 314
13 302 354 122 158
12 168 25 221 484
100 389 453 151 486
55 425 386 197 350
14 201 210 371 103
15 488 207 365 202
1 232 309 79 358
98 143 250 333 106
172 416 334 432 227
92 252 438 353 430
2 10 399 465 418
43 451 102 280 385
37 219 441 372 70
146 390 467 351 405
34 272 74 339 96
78 110 295 343 184
26 424 457 261 117
82 408 266 182 291
154 255 206 370 412
9 149 190 239 253
87 413 471 448 156
69 431 188 159 125
0 195 393 290 378
38 335 491 472 460
51 260 474 176 91
42 269 436 297 300
29 46 126 33 40
119 359 317 258 131
104 331 315 268 446
8 88 336 222 314
13 302 354 122 158
12 168 25 221 484
100 389 453 151 486
55 425 386 197 350
14 201 210 371 103
15 488 207 365 202
1 232 309 79 358
98 143 250 333 106
172 416 334 432 227
92 252 438 353 430
2 10 399 465 418
43 451 102 280 385
37 219 441 372 70
146 390 467 351 405
34 272 74 339 96
78 110 295 343 184
26 424 457 261 117
59 458 400 173 447
82 408 266 182 291
154 255 206 370 412
9 149 190 239 253
87 413 471 448 156
69 431 188 159 125
0 195 393 290 378
38 335 491 472 460
51 260 474 176 91
42 269 436 297 300
29 46 126 33 40
119 359 317 258 131
104 331 315 268 446
8 88 336 222 314
13 302 354 122 158
12 168 25 221 484
100 389 453 151 486
55 425 386 197 350
14 201 210 371 103
15 488 207 365 202
1 232 309 79 358
98 143 250 333 106
172 416 334 432 227
92 252 438 353 430
2 10 399 465 418
43 451 102 280 385
37 219 441 372 70
146 390 467 351 405
34 272 74 339 96
78 110 295 343 184
26 424 457 261 117
59 458 400 173 447
36 417 152 220 384
82 408 266 182 291
154 255 206 370 412
9 149 190 239 253
87 413 471 448 156
69 431 188 159 125
0 195 393 290 378
38 335 491 472 460
51 260 474 176 91
42 269 436 297 300
29 46 126 33 40
119 359 317 258 131
104 331 315 268 446
8 88 336 222 314
13 302 354 122 158
12 168 25 221 484
100 389 453 151 486
55 425 386 197 350
14 201 210 371 103
15 488 207 365 202
1 232 309 79 358
98 143 250 333 106
172 416 334 432 227
92 252 438 353 430
2 10 399 465 418
43 451 102 280 385
37 219 441 372 70
146 390 467 351 405
34 272 74 339 96
78 110 295 343 184
26 424 457 261 117
59 458 400 173 447
36 417 152 220 384
169 437 179 461 226
82 408 266 182 291
154 255 206 370 412
9 149 190 239 253
87 413 471 448 156
69 431 188 159 125
0 195 393 290 378
38 335 491 472 460
51 260 474 176 91
42 269 436 297 300
29 46 126 33 40
119 359 317 258 131
104 331 315 268 446
8 88 336 222 314
13 302 354 122 158
12 168 25 221 484
100 389 453 151 486
55 425 386 197 350
14 201 210 371 103
15 488 207 365 202
1 232 309 79 358
98 143 250 333 106
172 416 334 432 227
92 252 438 353 430
2 10 399 465 418
43 451 102 280 385
37 219 441 372 70
146 390 467 351 405
34 272 74 339 96
78 110 295 343 184
26 424 457 261 117
59 458 400 173 447
36 417 152 220 384
169 437 179 461 226
44 144 130 109 402
82 408 266 182 291
154 255 206 370 412
9 149 190 239 253
87 413 471 448 156
69 431 188 159 125
0 195 393 290 378
38 335 491 472 460
51 260 474 176 91
42 269 436 297 300
29 46 126 33 40
119 359 317 258 131
104 331 315 268 446
8 88 336 222 314
13 302 354 122 158
12 168 25 221 484
100 389 453 151 486
55 425 386 197 350
14 201 210 371 103
15 488 207 365 202
1 232 309 79 358
98 143 250 333 106
172 416 334 432 227
92 252 438 353 430
2 10 399 465 418
43 451 102 280 385
37 219 441 372 70
146 390 467 351 405
34 272 74 339 96
78 110 295 343 184
26 424 457 261 117
59 458 400 173 447
36 417 152 220 384
169 437 179 461 226
44 144 130 109 402
107 440 120 401 426
82 408 266 182 291
154 255 206 370 412
9 149 190 239 253
87 413 471 448 156
69 431 188 159 125
0 195 393 290 378
38 335 491 472 460
51 260 474 176 91
42 269 436 297 300
29 46 126 33 40
119 359 317 258 131
104 331 315 268 446
8 88 336 222 314
13 302 354 122 158
12 168 25 221 484
100 389 453 151 486
55 425 386 197 350
14 201 210 371 103
15 488 207 365 202
1 232 309 79 358
98 143 250 333 106
172 416 334 432 227
92 252 438 353 430
2 10 399 465 418
43 451 102 280 385
37 219 441 372 70
146 390 467 351 405
34 272 74 339 96
78 110 295 343 184
26 424 457 261 117
59 458 400 173 447
36 417 152 220 384
169 437 179 461 226
44 144 130 109 402
107 440 120 401 426
65 445 459 419 112
82 408 266 182 291
154 255 206 370 412
9 149 190 239 253
87 413 471 448 156
69 431 188 159 125
0 195 393 290 378
38 335 491 472 460
51 260 474 176 91
42 269 436 297 300
29 46 126 33 40
119 359 317 258 131
104 331 315 268 446
8 88 336 222 314
13 302 354 122 158
12 168 25 221 484
100 389 453 151 486
55 425 386 197 350
14 201 210 371 103
15 488 207 365 202
1 232 309 79 358
98 143 250 333 106
172 416 334 432 227
92 252 438 353 430
2 10 399 465 418
43 451 102 280 385
37 219 441 372 70
146 390 467 351 405
34 272 74 339 96
78 110 295 343 184
26 424 457 261 117
59 458 400 173 447
36 417 152 220 384
169 437 179 461 226
44 144 130 109 402
107 440 120 401 426
65 445 459 419 112
118 420 322 341 489
82 408 266 182 291
154 255 206 370 412
9 149 190 239 253
87 413 471 448 156
69 431 188 159 125
0 195 393 290 378
38 335 491 472 460
51 260 474 176 91
42 269 436 297 300
29 46 126 33 40
119 359 317 258 131
104 331 315 268 446
8 88 336 222 314
13 302 354 122 158
12 168 25 221 484
100 389 453 151 486
55 425 386 197 350
14 201 210 371 103
15 488 207 365 202
1 232 309 79 358
98 143 250 333 106
172 416 334 432 227
92 252 438 353 430
2 10 399 465 418
43 451 102 280 385
37 219 441 372 70
146 390 467 351 405
34 272 74 339 96
78 110 295 343 184
26 424 457 261 117
59 458 400 173 447
36 417 152 220 384
169 437 179 461 226
44 144 130 109 402
107 440 120 401 426
65 445 459 419 112
118 420 322 341 489
58 490 236 101 72
82 408 266 182 291
154 255 206 370 412
9 149 190 239 253
87 413 471 448 156
69 431 188 159 125
0 195 393 290 378
38 335 491 472 460
51 260 474 176 91
42 269 436 297 300
29 46 126 33 40
119 359 317 258 131
104 331 315 268 446
8 88 336 222 314
13 302 354 122 158
12 168 25 221 484
100 389 453 151 486
55 425 386 197 350
14 201 210 371 103
15 488 207 365 202
1 232 309 79 358
98 143 250 333 106
172 416 334 432 227
92 252 438 353 430
2 10 399 465 418
43 451 102 280 385
37 219 441 372 70
146 390 467 351 405
34 272 74 339 96
78 110 295 343 184
26 424 457 261 117
59 458 400 173 447
36 417 152 220 384
169 437 179 461 226
44 144 130 109 402
107 440 120 401 426
65 445 459 419 112
118 420 322 341 489
58 490 236 101 72
121 124 165 332 177
82 408 266 182 291
154 255 206 370 412
9 149 190 239 253
87 413 471 448 156
69 431 188 159 125
0 195 393 290 378
38 335 491 472 460
51 260 474 176 91
42 269 436 297 300
29 46 126 33 40
119 359 317 258 131
104 331 315 268 446
8 88 336 222 314
13 302 354 122 158
12 168 25 221 484
100 389 453 151 486
55 425 386 197 350
14 201 210 371 103
15 488 207 365 202
1 232 309 79 358
98 143 250 333 106
172 416 334 432 227
92 252 438 353 430
2 10 399 465 418
43 451 102 280 385
37 219 441 372 70
146 390 467 351 405
34 272 74 339 96
78 110 295 343 184
26 424 457 261 117
59 458 400 173 447
36 417 152 220 384
169 437 179 461 226
44 144 130 109 402
107 440 120 401 426
65 445 459 419 112
118 420 322 341 489
58 490 236 101 72
121 124 165 332 177
30 68 373 366 381
82 408 266 182 291
154 255 206 370 412
9 149 190 239 253
87 413 471 448 156
69 431 188 159 125
0 195 393 290 378
38 335 491 472 460
51 260 474 176 91
42 269 436 297 300
29 46 126 33 40
119 359 317 258 131
104 331 315 268 446
8 88 336 222 314
13 302 354 122 158
12 168 25 221 484
100 389 453 151 486
55 425 386 197 350
14 201 210 371 103
15 488 207 365 202
1 232 309 79 358
98 143 250 333 106
172 416 334 432 227
92 252 438 353 430
2 10 399 465 418
43 451 102 280 385
37 219 441 372 70
146 390 467 351 405
34 272 74 339 96
78 110 295 343 184
26 424 457 261 117
59 458 400 173 447
36 417 152 220 384
169 437 179 461 226
44 144 130 109 402
107 440 120 401 426
65 445 459 419 112
118 420 322 341 489
58 490 236 101 72
121 124 165 332 177
30 68 373 366 381
41 288 64 347 287
82 408 266 182 291
154 255 206 370 412
9 149 190 239 253
87 413 471 448 156
69 431 188 159 125
0 195 393 290 378
38 335 491 472 460
51 260 474 176 91
42 269 436 297 300
29 46 126 33 40
119 359 317 258 131
104 331 315 268 446
8 88 336 222 314
13 302 354 122 158
12 168 25 221 484
100 389 453 151 486
55 425 386 197 350
14 201 210 371 103
15 488 207 365 202
1 232 309 79 358
98 143 250 333 106
172 416 334 432 227
92 252 438 353 430
2 10 399 465 418
43 451 102 280 385
37 219 441 372 70
146 390 467 351 405
34 272 74 339 96
78 110 295 343 184
26 424 457 261 117
59 458 400 173 447
36 417 152 220 384
169 437 179 461 226
44 144 130 109 402
107 440 120 401 426
65 445 459 419 112
118 420 322 341 489
58 490 236 101 72
121 124 165 332 177
30 68 373 366 381
41 288 64 347 287
16 155 312 497 111
82 408 266 182 291
154 255 206 370 412
9 149 190 239 253
87 413 471 448 156
69 431 188 159 125
0 195 393 290 378
38 335 491 472 460
51 260 474 176 91
42 269 436 297 300
29 46 126 33 40
119 359 317 258 131
104 331 315 268 446
8 88 336 222 314
13 302 354 122 158
12 168 25 221 484
100 389 453 151 486
55 425 386 197 350
14 201 210 371 103
15 488 207 365 202
1 232 309 79 358
98 143 250 333 106
172 416 334 432 227
92 252 438 353 430
2 10 399 465 418
43 451 102 280 385
37 219 441 372 70
146 390 467 351 405
34 272 74 339 96
78 110 295 343 184
26 424 457 261 117
59 458 400 173 447
36 417 152 220 384
169 437 179 461 226
44 144 130 109 402
107 440 120 401 426
65 445 459 419 112
118 420 322 341 489
58 490 236 101 72
121 124 165 332 177
30 68 373 366 381
41 288 64 347 287
16 155 312 497 111
4 364 127 410 259
82 408 266 182 291
154 255 206 370 412
9 149 190 239 253
87 413 471 448 156
69 431 188 159 125
0 195 393 290 378
38 335 491 472 460
51 260 474 176 91
42 269 436 297 300
29 46 126 33 40
119 359 317 258 131
104 331 315 268 446
8 88 336 222 314
13 302 354 122 158
12 168 25 221 484
100 389 453 151 486
55 425 386 197 350
14 201 210 371 103
15 488 207 365 202
1 232 309 79 358
98 143 250 333 106
172 416 334 432 227
92 252 438 353 430
2 10 399 465 418
43 451 102 280 385
37 219 441 372 70
146 390 467 351 405
34 272 74 339 96
78 110 295 343 184
26 424 457 261 117
59 458 400 173 447
36 417 152 220 384
169 437 179 461 226
44 144 130 109 402
107 440 120 401 426
65 445 459 419 112
118 420 322 341 489
58 490 236 101 72
121 124 165 332 177
30 68 373 366 381
41 288 64 347 287
16 155 312 497 111
4 364 127 410 259
3 376 157 409 132
82 408 266 182 291
154 255 206 370 412
9 149 190 239 253
87 413 471 448 156
69 431 188 159 125
0 195 393 290 378
38 335 491 472 460
51 260 474 176 91
42 269 436 297 300
29 46 126 33 40
119 359 317 258 131
104 331 315 268 446
8 88 336 222 314
13 302 354 122 158
12 168 25 221 484
100 389 453 151 486
55 425 386 197 350
14 201 210 371 103
15 488 207 365 202
1 232 309 79 358
98 143 250 333 106
172 416 334 432 227
92 252 438 353 430
2 10 399 465 418
43 451 102 280 385
37 219 441 372 70
146 390 467 351 405
34 272 74 339 96
78 110 295 343 184
26 424 457 261 117
59 458 400 173 447
36 417 152 220 384
169 437 179 461 226
44 144 130 109 402
107 440 120 401 426
65 445 459 419 112
118 420 322 341 489
58 490 236 101 72
121 124 165 332 177
30 68 373 366 381
41 288 64 347 287
16 155 312 497 111
4 364 127 410 259
3 376 157 409 132
116 356 205 293 327
82 408 266 182 291
154 255 206 370 412
9 149 190 239 253
87 413 471 448 156
69 431 188 159 125
0 195 393 290 378
38 335 491 472 460
51 260 474 176 91
42 269 436 297 300
29 46 126 33 40
119 359 317 258 131
104 331 315 268 446
8 88 336 222 314
13 302 354 122 158
12 168 25 221 484
100 389 453 151 486
55 425 386 197 350
14 201 210 371 103
15 488 207 365 202
1 232 309 79 358
98 143 250 333 106
172 416 334 432 227
92 252 438 353 430
2 10 399 465 418
43 451 102 280 385
37 219 441 372 70
146 390 467 351 405
34 272 74 339 96
78 110 295 343 184
26 424 457 261 117
59 458 400 173 447
36 417 152 220 384
169 437 179 461 226
44 144 130 109 402
107 440 120 401 426
65 445 459 419 112
118 420 322 341 489
58 490 236 101 72
121 124 165 332 177
30 68 373 366 381
41 288 64 347 287
16 155 312 497 111
4 364 127 410 259
3 376 157 409 132
116 356 205 293 327
39 304 178 133 225
82 408 266 182 291
154 255 206 370 412
9 149 190 239 253
87 413 471 448 156
69 431 188 159 125
0 195 393 290 378
38 335 491 472 460
51 260 474 176 91
42 269 436 297 300
29 46 126 33 40
119 359 317 258 131
104 331 315 268 446
8 88 336 222 314
13 302 354 122 158
12 168 25 221 484
100 389 453 151 486
55 425 386 197 350
14 201 210 371 103
15 488 207 365 202
1 232 309 79 358
98 143 250 333 106
172 416 334 432 227
92 252 438 353 430
2 10 399 465 418
43 451 102 280 385
37 219 441 372 70
146 390 467 351 405
34 272 74 339 96
78 110 295 343 184
26 424 457 261 117
59 458 400 173 447
36 417 152 220 384
169 437 179 461 226
44 144 130 109 402
107 440 120 401 426
65 445 459 419 112
118 420 322 341 489
58 490 236 101 72
121 124 165 332 177
30 68 373 366 381
41 288 64 347 287
16 155 312 497 111
4 364 127 410 259
3 376 157 409 132
116 356 205 293 327
39 304 178 133 225
99 493 212 138 303
82 408 266 182 291
154 255 206 370 412
9 149 190 239 253
87 413 471 448 156
69 431 188 159 125
0 195 393 290 378
38 335 491 472 460
51 260 474 176 91
42 269 436 297 300
29 46 126 33 40
119 359 317 258 131
104 331 315 268 446
8 88 336 222 314
13 302 354 122 158
12 168 25 221 484
100 389 453 151 486
55 425 386 197 350
14 201 210 371 103
15 488 207 365 202
1 232 309 79 358
98 143 250 333 106
172 416 334 432 227
92 252 438 353 430
2 10 399 465 418
43 451 102 280 385
37 219 441 372 70
146 390 467 351 405
34 272 74 339 96
78 110 295 343 184
26 424 457 261 117
59 458 400 173 447
36 417 152 220 384
169 437 179 461 226
44 144 130 109 402
107 440 120 401 426
65 445 459 419 112
118 420 322 341 489
58 490 236 101 72
121 124 165 332 177
30 68 373 366 381
41 288 64 347 287
16 155 312 497 111
4 364 127 410 259
3 376 157 409 132
116 356 205 293 327
39 304 178 133 225
99 493 212 138 303
86 388 464 251 392
82 408 266 182 291
154 255 206 370 412
9 149 190 239 253
87 413 471 448 156
69 431 188 159 125
0 195 393 290 378
38 335 491 472 460
51 260 474 176 91
42 269 436 297 300
29 46 126 33 40
119 359 317 258 131
104 331 315 268 446
8 88 336 222 314
13 302 354 122 158
12 168 25 221 484
100 389 453 151 486
55 425 386 197 350
14 201 210 371 103
15 488 207 365 202
1 232 309 79 358
98 143 250 333 106
172 416 334 432 227
92 252 438 353 430
2 10 399 465 418
43 451 102 280 385
37 219 441 372 70
146 390 467 351 405
34 272 74 339 96
78 110 295 343 184
26 424 457 261 117
59 458 400 173 447
36 417 152 220 384
169 437 179 461 226
44 144 130 109 402
107 440 120 401 426
65 445 459 419 112
118 420 322 341 489
58 490 236 101 72
121 124 165 332 177
30 68 373 366 381
41 288 64 347 287
16 155 312 497 111
4 364 127 410 259
3 376 157 409 132
116 356 205 293 327
39 304 178 133 225
99 493 212 138 303
86 388 464 251 392
244 344 246 285 374
82 408 266 182 291
154 255 206 370 412
9 149 190 239 253
87 413 471 448 156
69 431 188 159 125
0 195 393 290 378
38 335 491 472 460
51 260 474 176 91
42 269 436 297 300
29 46 126 33 40
119 359 317 258 131
104 331 315 268 446
8 88 336 222 314
13 302 354 122 158
12 168 25 221 484
100 389 453 151 486
55 425 386 197 350
14 201 210 371 103
15 488 207 365 202
1 232 309 79 358
98 143 250 333 106
172 416 334 432 227
92 252 438 353 430
2 10 399 465 418
43 451 102 280 385
37 219 441 372 70
146 390 467 351 405
34 272 74 339 96
78 110 295 343 184
26 424 457 261 117
59 458 400 173 447
36 417 152 220 384
169 437 179 461 226
44 144 130 109 402
107 440 120 401 426
65 445 459 419 112
118 420 322 341 489
58 490 236 101 72
121 124 165 332 177
30 68 373 366 381
41 288 64 347 287
16 155 312 497 111
4 364 127 410 259
3 376 157 409 132
116 356 205 293 327
39 304 178 133 225
99 493 212 138 303
86 388 464 251 392
244 344 246 285 374
21 427 231 230 338
82 408 266 182 291
154 255 206 370 412
9 149 190 239 253
87 413 471 448 156
69 431 188 159 125
0 195 393 290 378
38 335 491 472 460
51 260 474 176 91
42 269 436 297 300
29 46 126 33 40
119 359 317 258 131
104 331 315 268 446
8 88 336 222 314
13 302 354 122 158
12 168 25 221 484
100 389 453 151 486
55 425 386 197 350
14 201 210 371 103
15 488 207 365 202
1 232 309 79 358
98 143 250 333 106
172 416 334 432 227
92 252 438 353 430
2 10 399 465 418
43 451 102 280 385
37 219 441 372 70
146 390 467 351 405
34 272 74 339 96
78 110 295 343 184
26 424 457 261 117
59 458 400 173 447
36 417 152 220 384
169 437 179 461 226
44 144 130 109 402
107 440 120 401 426
65 445 459 419 112
118 420 322 341 489
58 490 236 101 72
121 124 165 332 177
30 68 373 366 381
41 288 64 347 287
16 155 312 497 111
4 364 127 410 259
3 376 157 409 132
116 356 205 293 327
39 304 178 133 225
99 493 212 138 303
86 388 464 251 392
244 344 246 285 374
21 427 231 230 338
196 387 346 209 318
82 408 266 182 291
154 255 206 370 412
9 149 190 239 253
87 413 471 448 156
69 431 188 159 125
0 195 393 290 378
38 335 491 472 460
51 260 474 176 91
42 269 436 297 300
29 46 126 33 40
119 359 317 258 131
104 331 315 268 446
8 88 336 222 314
13 302 354 122 158
12 168 25 221 484
100 389 453 151 486
55 425 386 197 350
14 201 210 371 103
15 488 207 365 202
1 232 309 79 358
98 143 250 333 106
172 416 334 432 227
92 252 438 353 430
2 10 399 465 418
43 451 102 280 385
37 219 441 372 70
146 390 467 351 405
34 272 74 339 96
78 110 295 343 184
26 424 457 261 117
59 458 400 173 447
36 417 152 220 384
169 437 179 461 226
44 144 130 109 402
107 440 120 401 426
65 445 459 419 112
118 420 322 341 489
58 490 236 101 72
121 124 165 332 177
30 68 373 366 381
41 288 64 347 287
16 155 312 497 111
4 364 127 410 259
3 376 157 409 132
116 356 205 293 327
39 304 178 133 225
99 493 212 138 303
86 388 464 251 392
244 344 246 285 374
21 427 231 230 338
196 387 346 209 318
11 228 180 267 466
82 408 266 182 291
154 255 206 370 412
9 149 190 239 253
87 413 471 448 156
69 431 188 159 125
0 195 393 290 378
38 335 491 472 460
51 260 474 176 91
42 269 436 297 300
29 46 126 33 40
119 359 317 258 131
104 331 315 268 446
8 88 336 222 314
13 302 354 122 158
12 168 25 221 484
100 389 453 151 486
55 425 386 197 350
14 201 210 371 103
15 488 207 365 202
1 232 309 79 358
98 143 250 333 106
172 416 334 432 227
92 252 438 353 430
2 10 399 465 418
43 451 102 280 385
37 219 441 372 70
146 390 467 351 405
34 272 74 339 96
78 110 295 343 184
26 424 457 261 117
59 458 400 173 447
36 417 152 220 384
169 437 179 461 226
44 144 130 109 402
107 440 120 401 426
65 445 459 419 112
118 420 322 341 489
58 490 236 101 72
121 124 165 332 177
30 68 373 366 381
41 288 64 347 287
16 155 312 497 111
4 364 127 410 259
3 376 157 409 132
116 356 205 293 327
39 304 178 133 225
99 493 212 138 303
86 388 464 251 392
244 344 246 285 374
21 427 231 230 338
196 387 346 209 318
11 228 180 267 466
141 357 273 479 360
82 408 266 182 291
154 255 206 370 412
9 149 190 239 253
87 413 471 448 156
69 431 188 159 125
0 195 393 290 378
38 335 491 472 460
51 260 474 176 91
42 269 436 297 300
29 46 126 33 40
119 359 317 258 131
104 331 315 268 446
8 88 336 222 314
13 302 354 122 158
12 168 25 221 484
100 389 453 151 486
55 425 386 197 350
14 201 210 371 103
15 488 207 365 202
1 232 309 79 358
98 143 250 333 106
172 416 334 432 227
92 252 438 353 430
2 10 399 465 418
43 451 102 280 385
37 219 441 372 70
146 390 467 351 405
34 272 74 339 96
78 110 295 343 184
26 424 457 261 117
59 458 400 173 447
36 417 152 220 384
169 437 179 461 226
44 144 130 109 402
107 440 120 401 426
65 445 459 419 112
118 420 322 341 489
58 490 236 101 72
121 124 165 332 177
30 68 373 366 381
41 288 64 347 287
16 155 312 497 111
4 364 127 410 259
3 376 157 409 132
116 356 205 293 327
39 304 178 133 225
99 493 212 138 303
86 388 464 251 392
244 344 246 285 374
21 427 231 230 338
196 387 346 209 318
11 228 180 267 466
141 357 273 479 360
56 434 442 162 139
82 408 266 182 291
154 255 206 370 412
9 149 190 239 253
87 413 471 448 156
69 431 188 159 125
0 195 393 290 378
38 335 491 472 460
51 260 474 176 91
42 269 436 297 300
29 46 126 33 40
119 359 317 258 131
104 331 315 268 446
8 88 336 222 314
13 302 354 122 158
12 168 25 221 484
100 389 453 151 486
55 425 386 197 350
14 201 210 371 103
15 488 207 365 202
1 232 309 79 358
98 143 250 333 106
172 416 334 432 227
92 252 438 353 430
2 10 399 465 418
43 451 102 280 385
37 219 441 372 70
146 390 467 351 405
34 272 74 339 96
78 110 295 343 184
26 424 457 261 117
59 458 400 173 447
36 417 152 220 384
169 437 179 461 226
44 144 130 109 402
107 440 120 401 426
65 445 459 419 112
118 420 322 341 489
58 490 236 101 72
121 124 165 332 177
30 68 373 366 381
41 288 64 347 287
16 155 312 497 111
4 364 127 410 259
3 376 157 409 132
116 356 205 293 327
39 304 178 133 225
99 493 212 138 303
86 388 464 251 392
244 344 246 285 374
21 427 231 230 338
196 387 346 209 318
11 228 180 267 466
141 357 273 479 360
56 434 442 162 139
75 296 395 161 153
82 408 266 182 291
154 255 206 370 412
9 149 190 239 253
87 413 471 448 156
69 431 188 159 125
0 195 393 290 378
38 335 491 472 460
51 260 474 176 91
42 269 436 297 300
29 46 126 33 40
119 359 317 258 131
104 331 315 268 446
8 88 336 222 314
13 302 354 122 158
12 168 25 221 484
100 389 453 151 486
55 425 386 197 350
14 201 210 371 103
15 488 207 365 202
1 232 309 79 358
98 143 250 333 106
172 416 334 432 227
92 252 438 353 430
2 10 399 465 418
43 451 102 280 385
37 219 441 372 70
146 390 467 351 405
34 272 74 339 96
78 110 295 343 184
26 424 457 261 117
59 458 400 173 447
36 417 152 220 384
169 437 179 461 226
44 144 130 109 402
107 440 120 401 426
65 445 459 419 112
118 420 322 341 489
58 490 236 101 72
121 124 165 332 177
30 68 373 366 381
41 288 64 347 287
16 155 312 497 111
4 364 127 410 259
3 376 157 409 132
116 356 205 293 327
39 304 178 133 225
99 493 212 138 303
86 388 464 251 392
244 344 246 285 374
21 427 231 230 338
196 387 346 209 318
11 228 180 267 466
141 357 273 479 360
56 434 442 162 139
75 296 395 161 153
62 279 483 242 473
82 408 266 182 291
154 255 206 370 412
9 149 190 239 253
87 413 471 448 156
69 431 188 159 125
0 195 393 290 378
38 335 491 472 460
51 260 474 176 91
42 269 436 297 300
29 46 126 33 40
119 359 317 258 131
104 331 315 268 446
8 88 336 222 314
13 302 354 122 158
12 168 25 221 484
100 389 453 151 486
55 425 386 197 350
14 201 210 371 103
15 488 207 365 202
1 232 309 79 358
98 143 250 333 106
172 416 334 432 227
92 252 438 353 430
2 10 399 465 418
43 451 102 280 385
37 219 441 372 70
146 390 467 351 405
34 272 74 339 96
78 110 295 343 184
26 424 457 261 117
59 458 400 173 447
36 417 152 220 384
169 437 179 461 226
44 144 130 109 402
107 440 120 401 426
65 445 459 419 112
118 420 322 341 489
58 490 236 101 72
121 124 165 332 177
30 68 373 366 381
41 288 64 347 287
16 155 312 497 111
4 364 127 410 259
3 376 157 409 132
116 356 205 293 327
39 304 178 133 225
99 493 212 138 303
86 388 464 251 392
244 344 246 285 374
21 427 231 230 338
196 387 346 209 318
11 228 180 267 466
141 357 273 479 360
56 434 442 162 139
75 296 395 161 153
62 279 483 242 473
108 311 150 237 241
82 408 266 182 291
154 255 206 370 412
9 149 190 239 253
87 413 471 448 156
69 431 188 159 125
0 195 393 290 378
38 335 491 472 460
51 260 474 176 91
42 269 436 297 300
29 46 126 33 40
119 359 317 258 131
104 331 315 268 446
8 88 336 222 314
13 302 354 122 158
12 168 25 221 484
100 389 453 151 486
55 425 386 197 350
14 201 210 371 103
15 488 207 365 202
1 232 309 79 358
98 143 250 333 106
172 416 334 432 227
92 252 438 353 430
2 10 399 465 418
43 451 102 280 385
37 219 441 372 70
146 390 467 351 405
34 272 74 339 96
78 110 295 343 184
26 424 457 261 117
59 458 400 173 447
36 417 152 220 384
169 437 179 461 226
44 144 130 109 402
107 440 120 401 426
65 445 459 419 112
118 420 322 341 489
58 490 236 101 72
121 124 165 332 177
30 68 373 366 381
41 288 64 347 287
16 155 312 497 111
4 364 127 410 259
3 376 157 409 132
116 356 205 293 327
39 304 178 133 225
99 493 212 138 303
86 388 464 251 392
244 344 246 285 374
21 427 231 230 338
196 387 346 209 318
11 228 180 267 466
141 357 273 479 360
56 434 442 162 139
75 296 395 161 153
62 279 483 242 473
108 311 150 237 241
27 449 271 240 462
82 408 266 182 291
154 255 206 370 412
9 149 190 239 253
87 413 471 448 156
69 431 188 159 125
0 195 393 290 378
38 335 491 472 460
51 260 474 176 91
42 269 436 297 300
29 46 126 33 40
119 359 317 258 131
104 331 315 268 446
8 88 336 222 314
13 302 354 122 158
12 168 25 221 484
100 389 453 151 486
55 425 386 197 350
14 201 210 371 103
15 488 207 365 202
1 232 309 79 358
98 143 250 333 106
172 416 334 432 227
92 252 438 353 430
2 10 399 465 418
43 451 102 280 385
37 219 441 372 70
146 390 467 351 405
34 272 74 339 96
78 110 295 343 184
26 424 457 261 117
59 458 400 173 447
36 417 152 220 384
169 437 179 461 226
44 144 130 109 402
107 440 120 401 426
65 445 459 419 112
118 420 322 341 489
58 490 236 101 72
121 124 165 332 177
30 68 373 366 381
41 288 64 347 287
16 155 312 497 111
4 364 127 410 259
3 376 157 409 132
116 356 205 293 327
39 304 178 133 225
99 493 212 138 303
86 388 464 251 392
244 344 246 285 374
21 427 231 230 338
196 387 346 209 318
11 228 180 267 466
141 357 273 479 360
56 434 442 162 139
75 296 395 161 153
62 279 483 242 473
108 311 150 237 241
27 449 271 240 462
63 256 380 411 301
82 408 266 182 291
154 255 206 370 412
9 149 190 239 253
87 413 471 448 156
69 431 188 159 125
0 195 393 290 378
38 335 491 472 460
51 260 474 176 91
42 269 436 297 300
29 46 126 33 40
119 359 317 258 131
104 331 315 268 446
8 88 336 222 314
13 302 354 122 158
12 168 25 221 484
100 389 453 151 486
55 425 386 197 350
14 201 210 371 103
15 488 207 365 202
1 232 309 79 358
98 143 250 333 106
172 416 334 432 227
92 252 438 353 430
2 10 399 465 418
43 451 102 280 385
37 219 441 372 70
146 390 467 351 405
34 272 74 339 96
78 110 295 343 184
26 424 457 261 117
59 458 400 173 447
36 417 152 220 384
169 437 179 461 226
44 144 130 109 402
107 440 120 401 426
65 445 459 419 112
118 420 322 341 489
58 490 236 101 72
121 124 165 332 177
30 68 373 366 381
41 288 64 347 287
16 155 312 497 111
4 364 127 410 259
3 376 157 409 132
116 356 205 293 327
39 304 178 133 225
99 493 212 138 303
86 388 464 251 392
244 344 246 285 374
21 427 231 230 338
196 387 346 209 318
11 228 180 267 466
141 357 273 479 360
56 434 442 162 139
75 296 395 161 153
62 279 483 242 473
108 311 150 237 241
27 449 271 240 462
63 256 380 411 301
24 71 342 80 54
82 408 266 182 291
154 255 206 370 412
9 149 190 239 253
87 413 471 448 156
69 431 188 159 125
0 195 393 290 378
38 335 491 472 460
51 260 474 176 91
42 269 436 297 300
29 46 126 33 40
119 359 317 258 131
104 331 315 268 446
8 88 336 222 314
13 302 354 122 158
12 168 25 221 484
100 389 453 151 486
55 425 386 197 350
14 201 210 371 103
15 488 207 365 202
1 232 309 79 358
98 143 250 333 106
172 416 334 432 227
92 252 438 353 430
2 10 399 465 418
43 451 102 280 385
37 219 441 372 70
146 390 467 351 405
34 272 74 339 96
78 110 295 343 184
26 424 457 261 117
59 458 400 173 447
36 417 152 220 384
169 437 179 461 226
44 144 130 109 402
107 440 120 401 426
65 445 459 419 112
118 420 322 341 489
58 490 236 101 72
121 124 165 332 177
30 68 373 366 381
41 288 64 347 287
16 155 312 497 111
4 364 127 410 259
3 376 157 409 132
116 356 205 293 327
39 304 178 133 225
99 493 212 138 303
86 388 464 251 392
244 344 246 285 374
21 427 231 230 338
196 387 346 209 318
11 228 180 267 466
141 357 273 479 360
56 434 442 162 139
75 296 395 161 153
62 279 483 242 473
108 311 150 237 241
27 449 271 240 462
63 256 380 411 301
24 71 342 80 54
18 275 73 185 487
82 408 266 182 291
154 255 206 370 412
9 149 190 239 253
87 413 471 448 156
69 431 188 159 125
0 195 393 290 378
38 335 491 472 460
51 260 474 176 91
42 269 436 297 300
29 46 126 33 40
119 359 317 258 131
104 331 315 268 446
8 88 336 222 314
13 302 354 122 158
12 168 25 221 484
100 389 453 151 486
55 425 386 197 350
14 201 210 371 103
15 488 207 365 202
1 232 309 79 358
98 143 250 333 106
172 416 334 432 227
92 252 438 353 430
2 10 399 465 418
43 451 102 280 385
37 219 441 372 70
146 390 467 351 405
34 272 74 339 96
78 110 295 343 184
26 424 457 261 117
59 458 400 173 447
36 417 152 220 384
169 437 179 461 226
44 144 130 109 402
107 440 120 401 426
65 445 459 419 112
118 420 322 341 489
58 490 236 101 72
121 124 165 332 177
30 68 373 366 381
41 288 64 347 287
16 155 312 497 111
4 364 127 410 259
3 376 157 409 132
116 356 205 293 327
39 304 178 133 225
99 493 212 138 303
86 388 464 251 392
244 344 246 285 374
21 427 231 230 338
196 387 346 209 318
11 228 180 267 466
141 357 273 479 360
56 434 442 162 139
75 296 395 161 153
62 279 483 242 473
108 311 150 237 241
27 449 271 240 462
63 256 380 411 301
24 71 342 80 54
18 275 73 185 487
35 292 469 171 200
82 408 266 182 291
154 255 206 370 412
9 149 190 239 253
87 413 471 448 156
69 431 188 159 125
0 195 393 290 378
38 335 491 472 460
51 260 474 176 91
42 269 436 297 300
29 46 126 33 40
119 359 317 258 131
104 331 315 268 446
8 88 336 222 314
13 302 354 122 158
12 168 25 221 484
100 389 453 151 486
55 425 386 197 350
14 201 210 371 103
15 488 207 365 202
1 232 309 79 358
98 143 250 333 106
172 416 334 432 227
92 252 438 353 430
2 10 399 465 418
43 451 102 280 385
37 219 441 372 70
146 390 467 351 405
34 272 74 339 96
78 110 295 343 184
26 424 457 261 117
59 458 400 173 447
36 417 152 220 384
169 437 179 461 226
44 144 130 109 402
107 440 120 401 426
65 445 459 419 112
118 420 322 341 489
58 490 236 101 72
121 124 165 332 177
30 68 373 366 381
41 288 64 347 287
16 155 312 497 111
4 364 127 410 259
3 376 157 409 132
116 356 205 293 327
39 304 178 133 225
99 493 212 138 303
86 388 464 251 392
244 344 246 285 374
21 427 231 230 338
196 387 346 209 318
11 228 180 267 466
141 357 273 479 360
56 434 442 162 139
75 296 395 161 153
62 279 483 242 473
108 311 150 237 241
27 449 271 240 462
63 256 380 411 301
24 71 342 80 54
18 275 73 185 487
35 292 469 171 200
52 379 428 494 404
82 408 266 182 291
154 255 206 370 412
9 149 190 239 253
87 413 471 448 156
69 431 188 159 125
0 195 393 290 378
38 335 491 472 460
51 260 474 176 91
42 269 436 297 300
29 46 126 33 40
119 359 317 258 131
104 331 315 268 446
8 88 336 222 314
13 302 354 122 158
12 168 25 221 484
100 389 453 151 486
55 425 386 197 350
14 201 210 371 103
15 488 207 365 202
1 232 309 79 358
98 143 250 333 106
172 416 334 432 227
92 252 438 353 430
2 10 399 465 418
43 451 102 280 385
37 219 441 372 70
146 390 467 351 405
34 272 74 339 96
78 110 295 343 184
26 424 457 261 117
59 458 400 173 447
36 417 152 220 384
169 437 179 461 226
44 144 130 109 402
107 440 120 401 426
65 445 459 419 112
118 420 322 341 489
58 490 236 101 72
121 124 165 332 177
30 68 373 366 381
41 288 64 347 287
16 155 312 497 111
4 364 127 410 259
3 376 157 409 132
116 356 205 293 327
39 304 178 133 225
99 493 212 138 303
86 388 464 251 392
244 344 246 285 374
21 427 231 230 338
196 387 346 209 318
11 228 180 267 466
141 357 273 479 360
56 434 442 162 139
75 296 395 161 153
62 279 483 242 473
108 311 150 237 241
27 449 271 240 462
63 256 380 411 301
24 71 342 80 54
18 275 73 185 487
35 292 469 171 200
52 379 428 494 404
17 67 234 468 274
82 408 266 182 291
154 255 206 370 412
9 149 190 239 253
87 413 471 448 156
69 431 188 159 125
0 195 393 290 378
38 335 491 472 460
51 260 474 176 91
42 269 436 297 300
29 46 126 33 40
119 359 317 258 131
104 331 315 268 446
8 88 336 222 314
13 302 354 122 158
12 168 25 221 484
100 389 453 151 486
55 425 386 197 350
14 201 210 371 103
15 488 207 365 202
1 232 309 79 358
98 143 250 333 106
172 416 334 432 227
92 252 438 353 430
2 10 399 465 418
43 451 102 280 385
37 219 441 372 70
146 390 467 351 405
34 272 74 339 96
78 110 295 343 184
26 424 457 261 117
59 458 400 173 447
36 417 152 220 384
169 437 179 461 226
44 144 130 109 402
107 440 120 401 426
65 445 459 419 112
118 420 322 341 489
58 490 236 101 72
121 124 165 332 177
30 68 373 366 381
41 288 64 347 287
16 155 312 497 111
4 364 127 410 259
3 376 157 409 132
116 356 205 293 327
39 304 178 133 225
99 493 212 138 303
86 388 464 251 392
244 344 246 285 374
21 427 231 230 338
196 387 346 209 318
11 228 180 267 466
141 357 273 479 360
56 434 442 162 139
75 296 395 161 153
62 279 483 242 473
108 311 150 237 241
27 449 271 240 462
63 256 380 411 301
24 71 342 80 54
18 275 73 185 487
35 292 469 171 200
52 379 428 494 404
17 67 234 468 274
31 444 53 397 192
82 408 266 182 291
154 255 206 370 412
9 149 190 239 253
87 413 471 448 156
69 431 188 159 125
0 195 393 290 378
38 335 491 472 460
51 260 474 176 91
42 269 436 297 300
29 46 126 33 40
119 359 317 258 131
104 331 315 268 446
8 88 336 222 314
13 302 354 122 158
12 168 25 221 484
100 389 453 151 486
55 425 386 197 350
14 201 210 371 103
15 488 207 365 202
1 232 309 79 358
98 143 250 333 106
172 416 334 432 227
92 252 438 353 430
2 10 399 465 418
43 451 102 280 385
37 219 441 372 70
146 390 467 351 405
34 272 74 339 96
78 110 295 343 184
26 424 457 261 117
59 458 400 173 447
36 417 152 220 384
169 437 179 461 226
44 144 130 109 402
107 440 120 401 426
65 445 459 419 112
118 420 322 341 489
58 490 236 101 72
121 124 165 332 177
30 68 373 366 381
41 288 64 347 287
16 155 312 497 111
4 364 127 410 259
3 376 157 409 132
116 356 205 293 327
39 304 178 133 225
99 493 212 138 303
86 388 464 251 392
244 344 246 285 374
21 427 231 230 338
196 387 346 209 318
11 228 180 267 466
141 357 273 479 360
56 434 442 162 139
75 296 395 161 153
62 279 483 242 473
108 311 150 237 241
27 449 271 240 462
63 256 380 411 301
24 71 342 80 54
18 275 73 185 487
35 292 469 171 200
52 379 428 494 404
17 67 234 468 274
31 444 53 397 192
23 480 276 48 60
82 408 266 182 291
154 255 206 370 412
9 149 190 239 253
87 413 471 448 156
69 431 188 159 125
0 195 393 290 378
38 335 491 472 460
51 260 474 176 91
42 269 436 297 300
29 46 126 33 40
119 359 317 258 131
104 331 315 268 446
8 88 336 222 314
13 302 354 122 158
12 168 25 221 484
100 389 453 151 486
55 425 386 197 350
14 201 210 371 103
15 488 207 365 202
1 232 309 79 358
98 143 250 333 106
172 416 334 432 227
92 252 438 353 430
2 10 399 465 418
43 451 102 280 385
37 219 441 372 70
146 390 467 351 405
34 272 74 339 96
78 110 295 343 184
26 424 457 261 117
59 458 400 173 447
36 417 152 220 384
169 437 179 461 226
44 144 130 109 402
107 440 120 401 426
65 445 459 419 112
118 420 322 341 489
58 490 236 101 72
121 124 165 332 177
30 68 373 366 381
41 288 64 347 287
16 155 312 497 111
4 364 127 410 259
3 376 157 409 132
116 356 205 293 327
39 304 178 133 225
99 493 212 138 303
86 388 464 251 392
244 344 246 285 374
21 427 231 230 338
196 387 346 209 318
11 228 180 267 466
141 357 273 479 360
56 434 442 162 139
75 296 395 161 153
62 279 483 242 473
108 311 150 237 241
27 449 271 240 462
63 256 380 411 301
24 71 342 80 54
18 275 73 185 487
35 292 469 171 200
52 379 428 494 404
17 67 234 468 274
31 444 53 397 192
23 480 276 48 60
167 193 383 382 316
82 408 266 182 291
154 255 206 370 412
9 149 190 239 253
87 413 471 448 156
69 431 188 159 125
0 195 393 290 378
38 335 491 472 460
51 260 474 176 91
42 269 436 297 300
29 46 126 33 40
119 359 317 258 131
104 331 315 268 446
8 88 336 222 314
13 302 354 122 158
12 168 25 221 484
100 389 453 151 486
55 425 386 197 350
14 201 210 371 103
15 488 207 365 202
1 232 309 79 358
98 143 250 333 106
172 416 334 432 227
92 252 438 353 430
2 10 399 465 418
43 451 102 280 385
37 219 441 372 70
146 390 467 351 405
34 272 74 339 96
78 110 295 343 184
26 424 457 261 117
59 458 400 173 447
36 417 152 220 384
169 437 179 461 226
44 144 130 109 402
107 440 120 401 426
65 445 459 419 112
118 420 322 341 489
58 490 236 101 72
121 124 165 332 177
30 68 373 366 381
41 288 64 347 287
16 155 312 497 111
4 364 127 410 259
3 376 157 409 132
116 356 205 293 327
39 304 178 133 225
99 493 212 138 303
86 388 464 251 392
244 344 246 285 374
21 427 231 230 338
196 387 346 209 318
11 228 180 267 466
141 357 273 479 360
56 434 442 162 139
75 296 395 161 153
62 279 483 242 473
108 311 150 237 241
27 449 271 240 462
63 256 380 411 301
24 71 342 80 54
18 275 73 185 487
35 292 469 171 200
52 379 428 494 404
17 67 234 468 274
31 444 53 397 192
23 480 276 48 60
167 193 383 382 316
32 368 223 281 194
82 408 266 182 291
154 255 206 370 412
9 149 190 239 253
87 413 471 448 156
69 431 188 159 125
0 195 393 290 378
38 335 491 472 460
51 260 474 176 91
42 269 436 297 300
29 46 126 33 40
119 359 317 258 131
104 331 315 268 446
8 88 336 222 314
13 302 354 122 158
12 168 25 221 484
100 389 453 151 486
55 425 386 197 350
14 201 210 371 103
15 488 207 365 202
1 232 309 79 358
98 143 250 333 106
172 416 334 432 227
92 252 438 353 430
2 10 399 465 418
43 451 102 280 385
37 219 441 372 70
146 390 467 351 405
34 272 74 339 96
78 110 295 343 184
26 424 457 261 117
59 458 400 173 447
36 417 152 220 384
169 437 179 461 226
44 144 130 109 402
107 440 120 401 426
65 445 459 419 112
118 420 322 341 489
58 490 236 101 72
121 124 165 332 177
30 68 373 366 381
41 288 64 347 287
16 155 312 497 111
4 364 127 410 259
3 376 157 409 132
116 356 205 293 327
39 304 178 133 225
99 493 212 138 303
86 388 464 251 392
244 344 246 285 374
21 427 231 230 338
196 387 346 209 318
11 228 180 267 466
141 357 273 479 360
56 434 442 162 139
75 296 395 161 153
62 279 483 242 473
108 311 150 237 241
27 449 271 240 462
63 256 380 411 301
24 71 342 80 54
18 275 73 185 487
35 292 469 171 200
52 379 428 494 404
17 67 234 468 274
31 444 53 397 192
23 480 276 48 60
167 193 383 382 316
32 368 223 281 194
147 282 218 452 375
82 408 266 182 291
154 255 206 370 412
9 149 190 239 253
87 413 471 448 156
69 431 188 159 125
0 195 393 290 378
38 335 491 472 460
51 260 474 176 91
42 269 436 297 300
29 46 126 33 40
119 359 317 258 131
104 331 315 268 446
8 88 336 222 314
13 302 354 122 158
12 168 25 221 484
100 389 453 151 486
55 425 386 197 350
14 201 210 371 103
15 488 207 365 202
1 232 309 79 358
98 143 250 333 106
172 416 334 432 227
92 252 438 353 430
2 10 399 465 418
43 451 102 280 385
37 219 441 372 70
146 390 467 351 405
34 272 74 339 96
78 110 295 343 184
26 424 457 261 117
59 458 400 173 447
36 417 152 220 384
169 437 179 461 226
44 144 130 109 402
107 440 120 401 426
65 445 459 419 112
118 420 322 341 489
58 490 236 101 72
121 124 165 332 177
30 68 373 366 381
41 288 64 347 287
16 155 312 497 111
4 364 127 410 259
3 376 157 409 132
116 356 205 293 327
39 304 178 133 225
99 493 212 138 303
86 388 464 251 392
244 344 246 285 374
21 427 231 230 338
196 387 346 209 318
11 228 180 267 466
141 357 273 479 360
56 434 442 162 139
75 296 395 161 153
62 279 483 242 473
108 311 150 237 241
27 449 271 240 462
63 256 380 411 301
24 71 342 80 54
18 275 73 185 487
35 292 469 171 200
52 379 428 494 404
17 67 234 468 274
31 444 53 397 192
23 480 276 48 60
167 193 383 382 316
32 368 223 281 194
147 282 218 452 375
7 134 443 391 238
82 408 266 182 291
154 255 206 370 412
9 149 190 239 253
87 413 471 448 156
69 431 188 159 125
0 195 393 290 378
38 335 491 472 460
51 260 474 176 91
42 269 436 297 300
29 46 126 33 40
119 359 317 258 131
104 331 315 268 446
8 88 336 222 314
13 302 354 122 158
12 168 25 221 484
100 389 453 151 486
55 425 386 197 350
14 201 210 371 103
15 488 207 365 202
1 232 309 79 358
98 143 250 333 106
172 416 334 432 227
92 252 438 353 430
2 10 399 465 418
43 451 102 280 385
37 219 441 372 70
146 390 467 351 405
34 272 74 339 96
78 110 295 343 184
26 424 457 261 117
59 458 400 173 447
36 417 152 220 384
169 437 179 461 226
44 144 130 109 402
107 440 120 401 426
65 445 459 419 112
118 420 322 341 489
58 490 236 101 72
121 124 165 332 177
30 68 373 366 381
41 288 64 347 287
16 155 312 497 111
4 364 127 410 259
3 376 157 409 132
116 356 205 293 327
39 304 178 133 225
99 493 212 138 303
86 388 464 251 392
244 344 246 285 374
21 427 231 230 338
196 387 346 209 318
11 228 180 267 466
141 357 273 479 360
56 434 442 162 139
75 296 395 161 153
62 279 483 242 473
108 311 150 237 241
27 449 271 240 462
63 256 380 411 301
24 71 342 80 54
18 275 73 185 487
35 292 469 171 200
52 379 428 494 404
17 67 234 468 274
31 444 53 397 192
23 480 276 48 60
167 193 383 382 316
32 368 223 281 194
147 282 218 452 375
7 134 443 391 238
93 482 429 213 123
82 408 266 182 291
154 255 206 370 412
9 149 190 239 253
87 413 471 448 156
69 431 188 159 125
0 195 393 290 378
38 335 491 472 460
51 260 474 176 91
42 269 436 297 300
29 46 126 33 40
119 359 317 258 131
104 331 315 268 446
8 88 336 222 314
13 302 354 122 158
12 168 25 221 484
100 389 453 151 486
55 425 386 197 350
14 201 210 371 103
15 488 207 365 202
1 232 309 79 358
98 143 250 333 106
172 416 334 432 227
92 252 438 353 430
2 10 399 465 418
43 451 102 280 385
37 219 441 372 70
146 390 467 351 405
34 272 74 339 96
78 110 295 343 184
26 424 457 261 117
59 458 400 173 447
36 417 152 220 384
169 437 179 461 226
44 144 130 109 402
107 440 120 401 426
65 445 459 419 112
118 420 322 341 489
58 490 236 101 72
121 124 165 332 177
30 68 373 366 381
41 288 64 347 287
16 155 312 497 111
4 364 127 410 259
3 376 157 409 132
116 356 205 293 327
39 304 178 133 225
99 493 212 138 303
86 388 464 251 392
244 344 246 285 374
21 427 231 230 338
196 387 346 209 318
11 228 180 267 466
141 357 273 479 360
56 434 442 162 139
75 296 395 161 153
62 279 483 242 473
108 311 150 237 241
27 449 271 240 462
63 256 380 411 301
24 71 342 80 54
18 275 73 185 487
35 292 469 171 200
52 379 428 494 404
17 67 234 468 274
31 444 53 397 192
23 480 276 48 60
167 193 383 382 316
32 368 223 281 194
147 282 218 452 375
7 134 443 391 238
93 482 429 213 123
6 433 203 306 423
82 408 266 182 291
154 255 206 370 412
9 149 190 239 253
87 413 471 448 156
69 431 188 159 125
0 195 393 290 378
38 335 491 472 460
51 260 474 176 91
42 269 436 297 300
29 46 126 33 40
119 359 317 258 131
104 331 315 268 446
8 88 336 222 314
13 302 354 122 158
12 168 25 221 484
100 389 453 151 486
55 425 386 197 350
14 201 210 371 103
15 488 207 365 202
1 232 309 79 358
98 143 250 333 106
172 416 334 432 227
92 252 438 353 430
2 10 399 465 418
43 451 102 280 385
37 219 441 372 70
146 390 467 351 405
34 272 74 339 96
78 110 295 343 184
26 424 457 261 117
59 458 400 173 447
36 417 152 220 384
169 437 179 461 226
44 144 130 109 402
107 440 120 401 426
65 445 459 419 112
118 420 322 341 489
58 490 236 101 72
121 124 165 332 177
30 68 373 366 381
41 288 64 347 287
16 155 312 497 111
4 364 127 410 259
3 376 157 409 132
116 356 205 293 327
39 304 178 133 225
99 493 212 138 303
86 388 464 251 392
244 344 246 285 374
21 427 231 230 338
196 387 346 209 318
11 228 180 267 466
141 357 273 479 360
56 434 442 162 139
75 296 395 161 153
62 279 483 242 473
108 311 150 237 241
27 449 271 240 462
63 256 380 411 301
24 71 342 80 54
18 275 73 185 487
35 292 469 171 200
52 379 428 494 404
17 67 234 468 274
31 444 53 397 192
23 480 276 48 60
167 193 383 382 316
32 368 223 281 194
147 282 218 452 375
7 134 443 391 238
93 482 429 213 123
6 433 203 306 423
5 355 325 216 166
82 408 266 182 291
154 255 206 370 412
9 149 190 239 253
87 413 471 448 156
69 431 188 159 125
0 195 393 290 378
38 335 491 472 460
51 260 474 176 91
42 269 436 297 300
29 46 126 33 40
119 359 317 258 131
104 331 315 268 446
8 88 336 222 314
13 302 354 122 158
12 168 25 221 484
100 389 453 151 486
55 425 386 197 350
14 201 210 371 103
15 488 207 365 202
1 232 309 79 358
98 143 250 333 106
172 416 334 432 227
92 252 438 353 430
2 10 399 465 418
43 451 102 280 385
37 219 441 372 70
146 390 467 351 405
34 272 74 339 96
78 110 295 343 184
26 424 457 261 117
59 458 400 173 447
36 417 152 220 384
169 437 179 461 226
44 144 130 109 402
107 440 120 401 426
65 445 459 419 112
118 420 322 341 489
58 490 236 101 72
121 124 165 332 177
30 68 373 366 381
41 288 64 347 287
16 155 312 497 111
4 364 127 410 259
3 376 157 409 132
116 356 205 293 327
39 304 178 133 225
99 493 212 138 303
86 388 464 251 392
244 344 246 285 374
21 427 231 230 338
196 387 346 209 318
11 228 180 267 466
141 357 273 479 360
56 434 442 162 139
75 296 395 161 153
62 279 483 242 473
108 311 150 237 241
27 449 271 240 462
63 256 380 411 301
24 71 342 80 54
18 275 73 185 487
35 292 469 171 200
52 379 428 494 404
17 67 234 468 274
31 444 53 397 192
23 480 276 48 60
167 193 383 382 316
32 368 223 281 194
147 282 218 452 375
7 134 443 391 238
93 482 429 213 123
6 433 203 306 423
5 355 325 216 166
20 187 299 286 498
82 408 266 182 291
154 255 206 370 412
9 149 190 239 253
87 413 471 448 156
69 431 188 159 125
0 195 393 290 378
38 335 491 472 460
51 260 474 176 91
42 269 436 297 300
29 46 126 33 40
119 359 317 258 131
104 331 315 268 446
8 88 336 222 314
13 302 354 122 158
12 168 25 221 484
100 389 453 151 486
55 425 386 197 350
14 201 210 371 103
15 488 207 365 202
1 232 309 79 358
98 143 250 333 106
172 416 334 432 227
92 252 438 353 430
2 10 399 465 418
43 451 102 280 385
37 219 441 372 70
146 390 467 351 405
34 272 74 339 96
78 110 295 343 184
26 424 457 261 117
59 458 400 173 447
36 417 152 220 384
169 437 179 461 226
44 144 130 109 402
107 440 120 401 426
65 445 459 419 112
118 420 322 341 489
58 490 236 101 72
121 124 165 332 177
30 68 373 366 381
41 288 64 347 287
16 155 312 497 111
4 364 127 410 259
3 376 157 409 132
116 356 205 293 327
39 304 178 133 225
99 493 212 138 303
86 388 464 251 392
244 344 246 285 374
21 427 231 230 338
196 387 346 209 318
11 228 180 267 466
141 357 273 479 360
56 434 442 162 139
75 296 395 161 153
62 279 483 242 473
108 311 150 237 241
27 449 271 240 462
63 256 380 411 301
24 71 342 80 54
18 275 73 185 487
35 292 469 171 200
52 379 428 494 404
17 67 234 468 274
31 444 53 397 192
23 480 276 48 60
167 193 383 382 316
32 368 223 281 194
147 282 218 452 375
7 134 443 391 238
93 482 429 213 123
6 433 203 306 423
5 355 325 216 166
20 187 299 286 498
89 129 204 499 289
82 408 266 182 291
154 255 206 370 412
9 149 190 239 253
87 413 471 448 156
69 431 188 159 125
0 195 393 290 378
38 335 491 472 460
51 260 474 176 91
42 269 436 297 300
29 46 126 33 40
119 359 317 258 131
104 331 315 268 446
8 88 336 222 314
13 302 354 122 158
12 168 25 221 484
100 389 453 151 486
55 425 386 197 350
14 201 210 371 103
15 488 207 365 202
1 232 309 79 358
98 143 250 333 106
172 416 334 432 227
92 252 438 353 430
2 10 399 465 418
43 451 102 280 385
37 219 441 372 70
146 390 467 351 405
34 272 74 339 96
78 110 295 343 184
26 424 457 261 117
59 458 400 173 447
36 417 152 220 384
169 437 179 461 226
44 144 130 109 402
107 440 120 401 426
65 445 459 419 112
118 420 322 341 489
58 490 236 101 72
121 124 165 332 177
30 68 373 366 381
41 288 64 347 287
16 155 312 497 111
4 364 127 410 259
3 376 157 409 132
116 356 205 293 327
39 304 178 133 225
99 493 212 138 303
86 388 464 251 392
244 344 246 285 374
21 427 231 230 338
196 387 346 209 318
11 228 180 267 466
141 357 273 479 360
56 434 442 162 139
75 296 395 161 153
62 279 483 242 473
108 311 150 237 241
27 449 271 240 462
63 256 380 411 301
24 71 342 80 54
18 275 73 185 487
35 292 469 171 200
52 379 428 494 404
17 67 234 468 274
31 444 53 397 192
23 480 276 48 60
167 193 383 382 316
32 368 223 281 194
147 282 218 452 375
7 134 443 391 238
93 482 429 213 123
6 433 203 306 423
5 355 325 216 166
20 187 299 286 498
89 129 204 499 289
175 249 345 363 229
82 408 266 182 291
154 255 206 370 412
9 149 190 239 253
87 413 471 448 156
69 431 188 159 125
0 195 393 290 378
38 335 491 472 460
51 260 474 176 91
42 269 436 297 300
29 46 126 33 40
119 359 317 258 131
104 331 315 268 446
8 88 336 222 314
13 302 354 122 158
12 168 25 221 484
100 389 453 151 486
55 425 386 197 350
14 201 210 371 103
15 488 207 365 202
1 232 309 79 358
98 143 250 333 106
172 416 334 432 227
92 252 438 353 430
2 10 399 465 418
43 451 102 280 385
37 219 441 372 70
146 390 467 351 405
34 272 74 339 96
78 110 295 343 184
26 424 457 261 117
59 458 400 173 447
36 417 152 220 384
169 437 179 461 226
44 144 130 109 402
107 440 120 401 426
65 445 459 419 112
118 420 322 341 489
58 490 236 101 72
121 124 165 332 177
30 68 373 366 381
41 288 64 347 287
16 155 312 497 111
4 364 127 410 259
3 376 157 409 132
116 356 205 293 327
39 304 178 133 225
99 493 212 138 303
86 388 464 251 392
244 344 246 285 374
21 427 231 230 338
196 387 346 209 318
11 228 180 267 466
141 357 273 479 360
56 434 442 162 139
75 296 395 161 153
62 279 483 242 473
108 311 150 237 241
27 449 271 240 462
63 256 380 411 301
24 71 342 80 54
18 275 73 185 487
35 292 469 171 200
52 379 428 494 404
17 67 234 468 274
31 444 53 397 192
23 480 276 48 60
167 193 383 382 316
32 368 223 281 194
147 282 218 452 375
7 134 443 391 238
93 482 429 213 123
6 433 203 306 423
5 355 325 216 166
20 187 299 286 498
89 129 204 499 289
175 249 345 363 229
66 369
82 408 266 182 291
154 255 206 370 412
9 149 190 239 253
87 413 471 448 156
69 431 188 159 125
0 195 393 290 378
38 335 491 472 460
51 260 474 176 91
42 269 436 297 300
29 46 126 33 40
119 359 317 258 131
104 331 315 268 446
8 88 336 222 314
13 302 354 122 158
12 168 25 221 484
100 389 453 151 486
55 425 386 197 350
14 201 210 371 103
15 488 207 365 202
1 232 309 79 358
98 143 250 333 106
172 416 334 432 227
92 252 438 353 430
2 10 399 465 418
43 451 102 280 385
37 219 441 372 70
146 390 467 351 405
34 272 74 339 96
78 110 295 343 184
26 424 457 261 117
59 458 400 173 447
36 417 152 220 384
169 437 179 461 226
44 144 130 109 402
107 440 120 401 426
65 445 459 419 112
118 420 322 341 489
58 490 236 101 72
121 124 165 332 177
30 68 373 366 381
41 288 64 347 287
16 155 312 497 111
4 364 127 410 259
3 376 157 409 132
116 356 205 293 327
39 304 178 133 225
99 493 212 138 303
86 388 464 251 392
244 344 246 285 374
21 427 231 230 338
196 387 346 209 318
11 228 180 267 466
141 357 273 479 360
56 434 442 162 139
75 296 395 161 153
62 279 483 242 473
108 311 150 237 241
27 449 271 240 462
63 256 380 411 301
24 71 342 80 54
18 275 73 185 487
35 292 469 171 200
52 379 428 494 404
17 67 234 468 274
31 444 53 397 192
23 480 276 48 60
167 193 383 382 316
32 368 223 281 194
147 282 218 452 375
7 134 443 391 238
93 482 429 213 123
6 433 203 306 423
5 355 325 216 166
20 187 299 286 498
89 129 204 499 289
175 249 345 363 229
66 369
22 307
82 408 266 182 291
154 255 206 370 412
9 149 190 239 253
87 413 471 448 156
69 431 188 159 125
0 195 393 290 378
38 335 491 472 460
51 260 474 176 91
42 269 436 297 300
29 46 126 33 40
119 359 317 258 131
104 331 315 268 446
8 88 336 222 314
13 302 354 122 158
12 168 25 221 484
100 389 453 151 486
55 425 386 197 350
14 201 210 371 103
15 488 207 365 202
1 232 309 79 358
98 143 250 333 106
172 416 334 432 227
92 252 438 353 430
2 10 399 465 418
43 451 102 280 385
37 219 441 372 70
146 390 467 351 405
34 272 74 339 96
78 110 295 343 184
26 424 457 261 117
59 458 400 173 447
36 417 152 220 384
169 437 179 461 226
44 144 130 109 402
107 440 120 401 426
65 445 459 419 112
118 420 322 341 489
58 490 236 101 72
121 124 165 332 177
30 68 373 366 381
41 288 64 347 287
16 155 312 497 111
4 364 127 410 259
3 376 157 409 132
116 356 205 293 327
39 304 178 133 225
99 493 212 138 303
86 388 464 251 392
244 344 246 285 374
21 427 231 230 338
196 387 346 209 318
11 228 180 267 466
141 357 273 479 360
56 434 442 162 139
75 296 395 161 153
62 279 483 242 473
108 311 150 237 241
27 449 271 240 462
63 256 380 411 301
24 71 342 80 54
18 275 73 185 487
35 292 469 171 200
52 379 428 494 404
17 67 234 468 274
31 444 53 397 192
23 480 276 48 60
167 193 383 382 316
32 368 223 281 194
147 282 218 452 375
7 134 443 391 238
93 482 429 213 123
6 433 203 306 423
5 355 325 216 166
20 187 299 286 498
89 129 204 499 289
175 249 345 363 229
66 369
22 307
114 224
82 408 266 182 291
154 255 206 370 412
9 149 190 239 253
87 413 471 448 156
69 431 188 159 125
0 195 393 290 378
38 335 491 472 460
51 260 474 176 91
42 269 436 297 300
29 46 126 33 40
119 359 317 258 131
104 331 315 268 446
8 88 336 222 314
13 302 354 122 158
12 168 25 221 484
100 389 453 151 486
55 425 386 197 350
14 201 210 371 103
15 488 207 365 202
1 232 309 79 358
98 143 250 333 106
172 416 334 432 227
92 252 438 353 430
2 10 399 465 418
43 451 102 280 385
37 219 441 372 70
146 390 467 351 405
34 272 74 339 96
78 110 295 343 184
26 424 457 261 117
59 458 400 173 447
36 417 152 220 384
169 437 179 461 226
44 144 130 109 402
107 440 120 401 426
65 445 459 419 112
118 420 322 341 489
58 490 236 101 72
121 124 165 332 177
30 68 373 366 381
41 288 64 347 287
16 155 312 497 111
4 364 127 410 259
3 376 157 409 132
116 356 205 293 327
39 304 178 133 225
99 493 212 138 303
86 388 464 251 392
244 344 246 285 374
21 427 231 230 338
196 387 346 209 318
11 228 180 267 466
141 357 273 479 360
56 434 442 162 139
75 296 395 161 153
62 279 483 242 473
108 311 150 237 241
27 449 271 240 462
63 256 380 411 301
24 71 342 80 54
18 275 73 185 487
35 292 469 171 200
52 379 428 494 404
17 67 234 468 274
31 444 53 397 192
23 480 276 48 60
167 193 383 382 316
32 368 223 281 194
147 282 218 452 375
7 134 443 391 238
93 482 429 213 123
6 433 203 306 423
5 355 325 216 166
20 187 299 286 498
89 129 204 499 289
175 249 345 363 229
66 369
22 307
114 224
45 128
82 408 266 182 291
154 255 206 370 412
9 149 190 239 253
87 413 471 448 156
69 431 188 159 125
0 195 393 290 378
38 335 491 472 460
51 260 474 176 91
42 269 436 297 300
29 46 126 33 40
119 359 317 258 131
104 331 315 268 446
8 88 336 222 314
13 302 354 122 158
12 168 25 221 484
100 389 453 151 486
55 425 386 197 350
14 201 210 371 103
15 488 207 365 202
1 232 309 79 358
98 143 250 333 106
172 416 334 432 227
92 252 438 353 430
2 10 399 465 418
43 451 102 280 385
37 219 441 372 70
146 390 467 351 405
34 272 74 339 96
78 110 295 343 184
26 424 457 261 117
59 458 400 173 447
36 417 152 220 384
169 437 179 461 226
44 144 130 109 402
107 440 120 401 426
65 445 459 419 112
118 420 322 341 489
58 490 236 101 72
121 124 165 332 177
30 68 373 366 381
41 288 64 347 287
16 155 312 497 111
4 364 127 410 259
3 376 157 409 132
116 356 205 293 327
39 304 178 133 225
99 493 212 138 303
86 388 464 251 392
244 344 246 285 374
21 427 231 230 338
196 387 346 209 318
11 228 180 267 466
141 357 273 479 360
56 434 442 162 139
75 296 395 161 153
62 279 483 242 473
108 311 150 237 241
27 449 271 240 462
63 256 380 411 301
24 71 342 80 54
18 275 73 185 487
35 292 469 171 200
52 379 428 494 404
17 67 234 468 274
31 444 53 397 192
23 480 276 48 60
167 193 383 382 316
32 368 223 281 194
147 282 218 452 375
7 134 443 391 238
93 482 429 213 123
6 433 203 306 423
5 355 325 216 166
20 187 299 286 498
89 129 204 499 289
175 249 345 363 229
66 369
22 307
114 224
45 128
115 456
82 408 266 182 291
154 255 206 370 412
9 149 190 239 253
87 413 471 448 156
69 431 188 159 125
0 195 393 290 378
38 335 491 472 460
51 260 474 176 91
42 269 436 297 300
29 46 126 33 40
119 359 317 258 131
104 331 315 268 446
8 88 336 222 314
13 302 354 122 158
12 168 25 221 484
100 389 453 151 486
55 425 386 197 350
14 201 210 371 103
15 488 207 365 202
1 232 309 79 358
98 143 250 333 106
172 416 334 432 227
92 252 438 353 430
2 10 399 465 418
43 451 102 280 385
37 219 441 372 70
146 390 467 351 405
34 272 74 339 96
78 110 295 343 184
26 424 457 261 117
59 458 400 173 447
36 417 152 220 384
169 437 179 461 226
44 144 130 109 402
107 440 120 401 426
65 445 459 419 112
118 420 322 341 489
58 490 236 101 72
121 124 165 332 177
30 68 373 366 381
41 288 64 347 287
16 155 312 497 111
4 364 127 410 259
3 376 157 409 132
116 356 205 293 327
39 304 178 133 225
99 493 212 138 303
86 388 464 251 392
244 344 246 285 374
21 427 231 230 338
196 387 346 209 318
11 228 180 267 466
141 357 273 479 360
56 434 442 162 139
75 296 395 161 153
62 279 483 242 473
108 311 150 237 241
27 449 271 240 462
63 256 380 411 301
24 71 342 80 54
18 275 73 185 487
35 292 469 171 200
52 379 428 494 404
17 67 234 468 274
31 444 53 397 192
23 480 276 48 60
167 193 383 382 316
32 368 223 281 194
147 282 218 452 375
7 134 443 391 238
93 482 429 213 123
6 433 203 306 423
5 355 325 216 166
20 187 299 286 498
89 129 204 499 289
175 249 345 363 229
66 369
22 307
114 224
45 128
115 456
84 113
82 408 266 182 291
154 255 206 370 412
9 149 190 239 253
87 413 471 448 156
69 431 188 159 125
0 195 393 290 378
38 335 491 472 460
51 260 474 176 91
42 269 436 297 300
29 46 126 33 40
119 359 317 258 131
104 331 315 268 446
8 88 336 222 314
13 302 354 122 158
12 168 25 221 484
100 389 453 151 486
55 425 386 197 350
14 201 210 371 103
15 488 207 365 202
1 232 309 79 358
98 143 250 333 106
172 416 334 432 227
92 252 438 353 430
2 10 399 465 418
43 451 102 280 385
37 219 441 372 70
146 390 467 351 405
34 272 74 339 96
78 110 295 343 184
26 424 457 261 117
59 458 400 173 447
36 417 152 220 384
169 437 179 461 226
44 144 130 109 402
107 440 120 401 426
65 445 459 419 112
118 420 322 341 489
58 490 236 101 72
121 124 165 332 177
30 68 373 366 381
41 288 64 347 287
16 155 312 497 111
4 364 127 410 259
3 376 157 409 132
116 356 205 293 327
39 304 178 133 225
99 493 212 138 303
86 388 464 251 392
244 344 246 285 374
21 427 231 230 338
196 387 346 209 318
11 228 180 267 466
141 357 273 479 360
56 434 442 162 139
75 296 395 161 153
62 279 483 242 473
108 311 150 237 241
27 449 271 240 462
63 256 380 411 301
24 71 342 80 54
18 275 73 185 487
35 292 469 171 200
52 379 428 494 404
17 67 234 468 274
31 444 53 397 192
23 480 276 48 60
167 193 383 382 316
32 368 223 281 194
147 282 218 452 375
7 134 443 391 238
93 482 429 213 123
6 433 203 306 423
5 355 325 216 166
20 187 299 286 498
89 129 204 499 289
175 249 345 363 229
66 369
22 307
114 224
45 128
115 456
84 113
57 90
