492 203 5 426 421
204 236 165 239 181
160 56 9 335 314
114 269 473 267 76
200 52 16 270 452
439 484 380 364 375
396 283 2 176 297
172 398 71 252 476
219 406 404 163 472
376 103 151 109 497
296 98 317 86 145
7 445 351 453 137
50 362 66 222 87
13 478 47 224 307
154 174 363 164 352
251 155 146 338 39
280 240 238 290 12
264 223 178 129 133
291 102 69 43 22
428 379 385 367 233
232 312 78 424 346
411 100 185 112 275
308 450 271 36 436
161 371 488 467 89
305 256 287 29 272
400 162 356 110 122
0 51 144 196 456
84 73 75 82 383
188 409 94 159 444
431 276 303 201 242
119 499 10 486 277
393 247 260 417 361
265 64 284 389 449
377 397 266 470 299
120 166 496 392 194
304 117 107 402 42
423 474 139 123 244
111 15 85 104 440
288 197 229 19 316
468 255 23 447 61
414 54 6 34 306
53 427 193 26 433
381 171 355 263 237
294 189 83 150 209
91 448 152 132 259
490 489 106 302 301
195 443 324 434 230
170 420 384 321 148
31 253 169 495 457
1 491 481 187 438
