460 402 242 201 355
460 402 242 201 355
267 70 276 325 248
460 402 242 201 355
267 70 276 325 248
372 397 444 272 202
460 402 242 201 355
267 70 276 325 248
372 397 444 272 202
310 175 250 393 181
460 402 242 201 355
267 70 276 325 248
372 397 444 272 202
310 175 250 393 181
473 17 289 185 403
460 402 242 201 355
267 70 276 325 248
372 397 444 272 202
310 175 250 393 181
473 17 289 185 403
232 307 305 450 30
460 402 242 201 355
267 70 276 325 248
372 397 444 272 202
310 175 250 393 181
473 17 289 185 403
232 307 305 450 30
263 34 374 157 447
460 402 242 201 355
267 70 276 325 248
372 397 444 272 202
310 175 250 393 181
473 17 289 185 403
232 307 305 450 30
263 34 374 157 447
198 273 55 178 363
460 402 242 201 355
267 70 276 325 248
372 397 444 272 202
310 175 250 393 181
473 17 289 185 403
232 307 305 450 30
263 34 374 157 447
198 273 55 178 363
477 410 49 244 364
460 402 242 201 355
267 70 276 325 248
372 397 444 272 202
310 175 250 393 181
473 17 289 185 403
232 307 305 450 30
263 34 374 157 447
198 273 55 178 363
477 410 49 244 364
300 196 218 81 382
460 402 242 201 355
267 70 276 325 248
372 397 444 272 202
310 175 250 393 181
473 17 289 185 403
232 307 305 450 30
263 34 374 157 447
198 273 55 178 363
477 410 49 244 364
300 196 218 81 382
4 27 264 160 435
460 402 242 201 355
267 70 276 325 248
372 397 444 272 202
310 175 250 393 181
473 17 289 185 403
232 307 305 450 30
263 34 374 157 447
198 273 55 178 363
477 410 49 244 364
300 196 218 81 382
4 27 264 160 435
454 5 240 158 467
460 402 242 201 355
267 70 276 325 248
372 397 444 272 202
310 175 250 393 181
473 17 289 185 403
232 307 305 450 30
263 34 374 157 447
198 273 55 178 363
477 410 49 244 364
300 196 218 81 382
4 27 264 160 435
454 5 240 158 467
24 442 399 149 23
460 402 242 201 355
267 70 276 325 248
372 397 444 272 202
310 175 250 393 181
473 17 289 185 403
232 307 305 450 30
263 34 374 157 447
198 273 55 178 363
477 410 49 244 364
300 196 218 81 382
4 27 264 160 435
454 5 240 158 467
24 442 399 149 23
57 52 166 474 153
460 402 242 201 355
267 70 276 325 248
372 397 444 272 202
310 175 250 393 181
473 17 289 185 403
232 307 305 450 30
263 34 374 157 447
198 273 55 178 363
477 410 49 244 364
300 196 218 81 382
4 27 264 160 435
454 5 240 158 467
24 442 399 149 23
57 52 166 474 153
120 26 318 85 475
460 402 242 201 355
267 70 276 325 248
372 397 444 272 202
310 175 250 393 181
473 17 289 185 403
232 307 305 450 30
263 34 374 157 447
198 273 55 178 363
477 410 49 244 364
300 196 218 81 382
4 27 264 160 435
454 5 240 158 467
24 442 399 149 23
57 52 166 474 153
120 26 318 85 475
36 37 428 332 404
460 402 242 201 355
267 70 276 325 248
372 397 444 272 202
310 175 250 393 181
473 17 289 185 403
232 307 305 450 30
263 34 374 157 447
198 273 55 178 363
477 410 49 244 364
300 196 218 81 382
4 27 264 160 435
454 5 240 158 467
24 442 399 149 23
57 52 166 474 153
120 26 318 85 475
36 37 428 332 404
495 375 139 385 150
460 402 242 201 355
267 70 276 325 248
372 397 444 272 202
310 175 250 393 181
473 17 289 185 403
232 307 305 450 30
263 34 374 157 447
198 273 55 178 363
477 410 49 244 364
300 196 218 81 382
4 27 264 160 435
454 5 240 158 467
24 442 399 149 23
57 52 166 474 153
120 26 318 85 475
36 37 428 332 404
495 375 139 385 150
287 371 233 398 192
460 402 242 201 355
267 70 276 325 248
372 397 444 272 202
310 175 250 393 181
473 17 289 185 403
232 307 305 450 30
263 34 374 157 447
198 273 55 178 363
477 410 49 244 364
300 196 218 81 382
4 27 264 160 435
454 5 240 158 467
24 442 399 149 23
57 52 166 474 153
120 26 318 85 475
36 37 428 332 404
495 375 139 385 150
287 371 233 398 192
376 118 179 284 82
460 402 242 201 355
267 70 276 325 248
372 397 444 272 202
310 175 250 393 181
473 17 289 185 403
232 307 305 450 30
263 34 374 157 447
198 273 55 178 363
477 410 49 244 364
300 196 218 81 382
4 27 264 160 435
454 5 240 158 467
24 442 399 149 23
57 52 166 474 153
120 26 318 85 475
36 37 428 332 404
495 375 139 385 150
287 371 233 398 192
376 118 179 284 82
481 16 229 71 111
460 402 242 201 355
267 70 276 325 248
372 397 444 272 202
310 175 250 393 181
473 17 289 185 403
232 307 305 450 30
263 34 374 157 447
198 273 55 178 363
477 410 49 244 364
300 196 218 81 382
4 27 264 160 435
454 5 240 158 467
24 442 399 149 23
57 52 166 474 153
120 26 318 85 475
36 37 428 332 404
495 375 139 385 150
287 371 233 398 192
376 118 179 284 82
481 16 229 71 111
194 285 499 327 424
460 402 242 201 355
267 70 276 325 248
372 397 444 272 202
310 175 250 393 181
473 17 289 185 403
232 307 305 450 30
263 34 374 157 447
198 273 55 178 363
477 410 49 244 364
300 196 218 81 382
4 27 264 160 435
454 5 240 158 467
24 442 399 149 23
57 52 166 474 153
120 26 318 85 475
36 37 428 332 404
495 375 139 385 150
287 371 233 398 192
376 118 179 284 82
481 16 229 71 111
194 285 499 327 424
379 390 316 426 381
460 402 242 201 355
267 70 276 325 248
372 397 444 272 202
310 175 250 393 181
473 17 289 185 403
232 307 305 450 30
263 34 374 157 447
198 273 55 178 363
477 410 49 244 364
300 196 218 81 382
4 27 264 160 435
454 5 240 158 467
24 442 399 149 23
57 52 166 474 153
120 26 318 85 475
36 37 428 332 404
495 375 139 385 150
287 371 233 398 192
376 118 179 284 82
481 16 229 71 111
194 285 499 327 424
379 390 316 426 381
9 437 351 358 141
460 402 242 201 355
267 70 276 325 248
372 397 444 272 202
310 175 250 393 181
473 17 289 185 403
232 307 305 450 30
263 34 374 157 447
198 273 55 178 363
477 410 49 244 364
300 196 218 81 382
4 27 264 160 435
454 5 240 158 467
24 442 399 149 23
57 52 166 474 153
120 26 318 85 475
36 37 428 332 404
495 375 139 385 150
287 371 233 398 192
376 118 179 284 82
481 16 229 71 111
194 285 499 327 424
379 390 316 426 381
9 437 351 358 141
405 109 345 63 200
460 402 242 201 355
267 70 276 325 248
372 397 444 272 202
310 175 250 393 181
473 17 289 185 403
232 307 305 450 30
263 34 374 157 447
198 273 55 178 363
477 410 49 244 364
300 196 218 81 382
4 27 264 160 435
454 5 240 158 467
24 442 399 149 23
57 52 166 474 153
120 26 318 85 475
36 37 428 332 404
495 375 139 385 150
287 371 233 398 192
376 118 179 284 82
481 16 229 71 111
194 285 499 327 424
379 390 316 426 381
9 437 351 358 141
405 109 345 63 200
80 271 62 59 193
460 402 242 201 355
267 70 276 325 248
372 397 444 272 202
310 175 250 393 181
473 17 289 185 403
232 307 305 450 30
263 34 374 157 447
198 273 55 178 363
477 410 49 244 364
300 196 218 81 382
4 27 264 160 435
454 5 240 158 467
24 442 399 149 23
57 52 166 474 153
120 26 318 85 475
36 37 428 332 404
495 375 139 385 150
287 371 233 398 192
376 118 179 284 82
481 16 229 71 111
194 285 499 327 424
379 390 316 426 381
9 437 351 358 141
405 109 345 63 200
80 271 62 59 193
322 206 480 281 308
460 402 242 201 355
267 70 276 325 248
372 397 444 272 202
310 175 250 393 181
473 17 289 185 403
232 307 305 450 30
263 34 374 157 447
198 273 55 178 363
477 410 49 244 364
300 196 218 81 382
4 27 264 160 435
454 5 240 158 467
24 442 399 149 23
57 52 166 474 153
120 26 318 85 475
36 37 428 332 404
495 375 139 385 150
287 371 233 398 192
376 118 179 284 82
481 16 229 71 111
194 285 499 327 424
379 390 316 426 381
9 437 351 358 141
405 109 345 63 200
80 271 62 59 193
322 206 480 281 308
32 408 93 212 236
460 402 242 201 355
267 70 276 325 248
372 397 444 272 202
310 175 250 393 181
473 17 289 185 403
232 307 305 450 30
263 34 374 157 447
198 273 55 178 363
477 410 49 244 364
300 196 218 81 382
4 27 264 160 435
454 5 240 158 467
24 442 399 149 23
57 52 166 474 153
120 26 318 85 475
36 37 428 332 404
495 375 139 385 150
287 371 233 398 192
376 118 179 284 82
481 16 229 71 111
194 285 499 327 424
379 390 316 426 381
9 437 351 358 141
405 109 345 63 200
80 271 62 59 193
322 206 480 281 308
32 408 93 212 236
146 89 11 237 132
460 402 242 201 355
267 70 276 325 248
372 397 444 272 202
310 175 250 393 181
473 17 289 185 403
232 307 305 450 30
263 34 374 157 447
198 273 55 178 363
477 410 49 244 364
300 196 218 81 382
4 27 264 160 435
454 5 240 158 467
24 442 399 149 23
57 52 166 474 153
120 26 318 85 475
36 37 428 332 404
495 375 139 385 150
287 371 233 398 192
376 118 179 284 82
481 16 229 71 111
194 285 499 327 424
379 390 316 426 381
9 437 351 358 141
405 109 345 63 200
80 271 62 59 193
322 206 480 281 308
32 408 93 212 236
146 89 11 237 132
485 421 50 210 151
460 402 242 201 355
267 70 276 325 248
372 397 444 272 202
310 175 250 393 181
473 17 289 185 403
232 307 305 450 30
263 34 374 157 447
198 273 55 178 363
477 410 49 244 364
300 196 218 81 382
4 27 264 160 435
454 5 240 158 467
24 442 399 149 23
57 52 166 474 153
120 26 318 85 475
36 37 428 332 404
495 375 139 385 150
287 371 233 398 192
376 118 179 284 82
481 16 229 71 111
194 285 499 327 424
379 390 316 426 381
9 437 351 358 141
405 109 345 63 200
80 271 62 59 193
322 206 480 281 308
32 408 93 212 236
146 89 11 237 132
485 421 50 210 151
174 29 335 279 75
460 402 242 201 355
267 70 276 325 248
372 397 444 272 202
310 175 250 393 181
473 17 289 185 403
232 307 305 450 30
263 34 374 157 447
198 273 55 178 363
477 410 49 244 364
300 196 218 81 382
4 27 264 160 435
454 5 240 158 467
24 442 399 149 23
57 52 166 474 153
120 26 318 85 475
36 37 428 332 404
495 375 139 385 150
287 371 233 398 192
376 118 179 284 82
481 16 229 71 111
194 285 499 327 424
379 390 316 426 381
9 437 351 358 141
405 109 345 63 200
80 271 62 59 193
322 206 480 281 308
32 408 93 212 236
146 89 11 237 132
485 421 50 210 151
174 29 335 279 75
449 148 373 246 107
460 402 242 201 355
267 70 276 325 248
372 397 444 272 202
310 175 250 393 181
473 17 289 185 403
232 307 305 450 30
263 34 374 157 447
198 273 55 178 363
477 410 49 244 364
300 196 218 81 382
4 27 264 160 435
454 5 240 158 467
24 442 399 149 23
57 52 166 474 153
120 26 318 85 475
36 37 428 332 404
495 375 139 385 150
287 371 233 398 192
376 118 179 284 82
481 16 229 71 111
194 285 499 327 424
379 390 316 426 381
9 437 351 358 141
405 109 345 63 200
80 271 62 59 193
322 206 480 281 308
32 408 93 212 236
146 89 11 237 132
485 421 50 210 151
174 29 335 279 75
449 148 373 246 107
177 42 367 416 411
460 402 242 201 355
267 70 276 325 248
372 397 444 272 202
310 175 250 393 181
473 17 289 185 403
232 307 305 450 30
263 34 374 157 447
198 273 55 178 363
477 410 49 244 364
300 196 218 81 382
4 27 264 160 435
454 5 240 158 467
24 442 399 149 23
57 52 166 474 153
120 26 318 85 475
36 37 428 332 404
495 375 139 385 150
287 371 233 398 192
376 118 179 284 82
481 16 229 71 111
194 285 499 327 424
379 390 316 426 381
9 437 351 358 141
405 109 345 63 200
80 271 62 59 193
322 206 480 281 308
32 408 93 212 236
146 89 11 237 132
485 421 50 210 151
174 29 335 279 75
449 148 373 246 107
177 42 367 416 411
370 383 182 152 412
460 402 242 201 355
267 70 276 325 248
372 397 444 272 202
310 175 250 393 181
473 17 289 185 403
232 307 305 450 30
263 34 374 157 447
198 273 55 178 363
477 410 49 244 364
300 196 218 81 382
4 27 264 160 435
454 5 240 158 467
24 442 399 149 23
57 52 166 474 153
120 26 318 85 475
36 37 428 332 404
495 375 139 385 150
287 371 233 398 192
376 118 179 284 82
481 16 229 71 111
194 285 499 327 424
379 390 316 426 381
9 437 351 358 141
405 109 345 63 200
80 271 62 59 193
322 206 480 281 308
32 408 93 212 236
146 89 11 237 132
485 421 50 210 151
174 29 335 279 75
449 148 373 246 107
177 42 367 416 411
370 383 182 152 412
478 10 396 183 482
460 402 242 201 355
267 70 276 325 248
372 397 444 272 202
310 175 250 393 181
473 17 289 185 403
232 307 305 450 30
263 34 374 157 447
198 273 55 178 363
477 410 49 244 364
300 196 218 81 382
4 27 264 160 435
454 5 240 158 467
24 442 399 149 23
57 52 166 474 153
120 26 318 85 475
36 37 428 332 404
495 375 139 385 150
287 371 233 398 192
376 118 179 284 82
481 16 229 71 111
194 285 499 327 424
379 390 316 426 381
9 437 351 358 141
405 109 345 63 200
80 271 62 59 193
322 206 480 281 308
32 408 93 212 236
146 89 11 237 132
485 421 50 210 151
174 29 335 279 75
449 148 373 246 107
177 42 367 416 411
370 383 182 152 412
478 10 396 183 482
361 14 39 90 66
460 402 242 201 355
267 70 276 325 248
372 397 444 272 202
310 175 250 393 181
473 17 289 185 403
232 307 305 450 30
263 34 374 157 447
198 273 55 178 363
477 410 49 244 364
300 196 218 81 382
4 27 264 160 435
454 5 240 158 467
24 442 399 149 23
57 52 166 474 153
120 26 318 85 475
36 37 428 332 404
495 375 139 385 150
287 371 233 398 192
376 118 179 284 82
481 16 229 71 111
194 285 499 327 424
379 390 316 426 381
9 437 351 358 141
405 109 345 63 200
80 271 62 59 193
322 206 480 281 308
32 408 93 212 236
146 89 11 237 132
485 421 50 210 151
174 29 335 279 75
449 148 373 246 107
177 42 367 416 411
370 383 182 152 412
478 10 396 183 482
361 14 39 90 66
79 365 20 191
460 402 242 201 355
267 70 276 325 248
372 397 444 272 202
310 175 250 393 181
473 17 289 185 403
232 307 305 450 30
263 34 374 157 447
198 273 55 178 363
477 410 49 244 364
300 196 218 81 382
4 27 264 160 435
454 5 240 158 467
24 442 399 149 23
57 52 166 474 153
120 26 318 85 475
36 37 428 332 404
495 375 139 385 150
287 371 233 398 192
376 118 179 284 82
481 16 229 71 111
194 285 499 327 424
379 390 316 426 381
9 437 351 358 141
405 109 345 63 200
80 271 62 59 193
322 206 480 281 308
32 408 93 212 236
146 89 11 237 132
485 421 50 210 151
174 29 335 279 75
449 148 373 246 107
177 42 367 416 411
370 383 182 152 412
478 10 396 183 482
361 14 39 90 66
79 365 20 191
226 96 302 350 116
460 402 242 201 355
267 70 276 325 248
372 397 444 272 202
310 175 250 393 181
473 17 289 185 403
232 307 305 450 30
263 34 374 157 447
198 273 55 178 363
477 410 49 244 364
300 196 218 81 382
4 27 264 160 435
454 5 240 158 467
24 442 399 149 23
57 52 166 474 153
120 26 318 85 475
36 37 428 332 404
495 375 139 385 150
287 371 233 398 192
376 118 179 284 82
481 16 229 71 111
194 285 499 327 424
379 390 316 426 381
9 437 351 358 141
405 109 345 63 200
80 271 62 59 193
322 206 480 281 308
32 408 93 212 236
146 89 11 237 132
485 421 50 210 151
174 29 335 279 75
449 148 373 246 107
177 42 367 416 411
370 383 182 152 412
478 10 396 183 482
361 14 39 90 66
79 365 20 191
226 96 302 350 116
359 280 187 303 274
460 402 242 201 355
267 70 276 325 248
372 397 444 272 202
310 175 250 393 181
473 17 289 185 403
232 307 305 450 30
263 34 374 157 447
198 273 55 178 363
477 410 49 244 364
300 196 218 81 382
4 27 264 160 435
454 5 240 158 467
24 442 399 149 23
57 52 166 474 153
120 26 318 85 475
36 37 428 332 404
495 375 139 385 150
287 371 233 398 192
376 118 179 284 82
481 16 229 71 111
194 285 499 327 424
379 390 316 426 381
9 437 351 358 141
405 109 345 63 200
80 271 62 59 193
322 206 480 281 308
32 408 93 212 236
146 89 11 237 132
485 421 50 210 151
174 29 335 279 75
449 148 373 246 107
177 42 367 416 411
370 383 182 152 412
478 10 396 183 482
361 14 39 90 66
79 365 20 191
226 96 302 350 116
359 280 187 303 274
455 321 290 87 472
460 402 242 201 355
267 70 276 325 248
372 397 444 272 202
310 175 250 393 181
473 17 289 185 403
232 307 305 450 30
263 34 374 157 447
198 273 55 178 363
477 410 49 244 364
300 196 218 81 382
4 27 264 160 435
454 5 240 158 467
24 442 399 149 23
57 52 166 474 153
120 26 318 85 475
36 37 428 332 404
495 375 139 385 150
287 371 233 398 192
376 118 179 284 82
481 16 229 71 111
194 285 499 327 424
379 390 316 426 381
9 437 351 358 141
405 109 345 63 200
80 271 62 59 193
322 206 480 281 308
32 408 93 212 236
146 89 11 237 132
485 421 50 210 151
174 29 335 279 75
449 148 373 246 107
177 42 367 416 411
370 383 182 152 412
478 10 396 183 482
361 14 39 90 66
79 365 20 191
226 96 302 350 116
359 280 187 303 274
455 321 290 87 472
461 468 430 222 419
460 402 242 201 355
267 70 276 325 248
372 397 444 272 202
310 175 250 393 181
473 17 289 185 403
232 307 305 450 30
263 34 374 157 447
198 273 55 178 363
477 410 49 244 364
300 196 218 81 382
4 27 264 160 435
454 5 240 158 467
24 442 399 149 23
57 52 166 474 153
120 26 318 85 475
36 37 428 332 404
495 375 139 385 150
287 371 233 398 192
376 118 179 284 82
481 16 229 71 111
194 285 499 327 424
379 390 316 426 381
9 437 351 358 141
405 109 345 63 200
80 271 62 59 193
322 206 480 281 308
32 408 93 212 236
146 89 11 237 132
485 421 50 210 151
174 29 335 279 75
449 148 373 246 107
177 42 367 416 411
370 383 182 152 412
478 10 396 183 482
361 14 39 90 66
79 365 20 191
226 96 302 350 116
359 280 187 303 274
455 321 290 87 472
461 468 430 222 419
333 41 439 199 92
460 402 242 201 355
267 70 276 325 248
372 397 444 272 202
310 175 250 393 181
473 17 289 185 403
232 307 305 450 30
263 34 374 157 447
198 273 55 178 363
477 410 49 244 364
300 196 218 81 382
4 27 264 160 435
454 5 240 158 467
24 442 399 149 23
57 52 166 474 153
120 26 318 85 475
36 37 428 332 404
495 375 139 385 150
287 371 233 398 192
376 118 179 284 82
481 16 229 71 111
194 285 499 327 424
379 390 316 426 381
9 437 351 358 141
405 109 345 63 200
80 271 62 59 193
322 206 480 281 308
32 408 93 212 236
146 89 11 237 132
485 421 50 210 151
174 29 335 279 75
449 148 373 246 107
177 42 367 416 411
370 383 182 152 412
478 10 396 183 482
361 14 39 90 66
79 365 20 191
226 96 302 350 116
359 280 187 303 274
455 321 290 87 472
461 468 430 222 419
333 41 439 199 92
145 47 3 203 125
460 402 242 201 355
267 70 276 325 248
372 397 444 272 202
310 175 250 393 181
473 17 289 185 403
232 307 305 450 30
263 34 374 157 447
198 273 55 178 363
477 410 49 244 364
300 196 218 81 382
4 27 264 160 435
454 5 240 158 467
24 442 399 149 23
57 52 166 474 153
120 26 318 85 475
36 37 428 332 404
495 375 139 385 150
287 371 233 398 192
376 118 179 284 82
481 16 229 71 111
194 285 499 327 424
379 390 316 426 381
9 437 351 358 141
405 109 345 63 200
80 271 62 59 193
322 206 480 281 308
32 408 93 212 236
146 89 11 237 132
485 421 50 210 151
174 29 335 279 75
449 148 373 246 107
177 42 367 416 411
370 383 182 152 412
478 10 396 183 482
361 14 39 90 66
79 365 20 191
226 96 302 350 116
359 280 187 303 274
455 321 290 87 472
461 468 430 222 419
333 41 439 199 92
145 47 3 203 125
164 347 388 130 72
460 402 242 201 355
267 70 276 325 248
372 397 444 272 202
310 175 250 393 181
473 17 289 185 403
232 307 305 450 30
263 34 374 157 447
198 273 55 178 363
477 410 49 244 364
300 196 218 81 382
4 27 264 160 435
454 5 240 158 467
24 442 399 149 23
57 52 166 474 153
120 26 318 85 475
36 37 428 332 404
495 375 139 385 150
287 371 233 398 192
376 118 179 284 82
481 16 229 71 111
194 285 499 327 424
379 390 316 426 381
9 437 351 358 141
405 109 345 63 200
80 271 62 59 193
322 206 480 281 308
32 408 93 212 236
146 89 11 237 132
485 421 50 210 151
174 29 335 279 75
449 148 373 246 107
177 42 367 416 411
370 383 182 152 412
478 10 396 183 482
361 14 39 90 66
79 365 20 191
226 96 302 350 116
359 280 187 303 274
455 321 290 87 472
461 468 430 222 419
333 41 439 199 92
145 47 3 203 125
164 347 388 130 72
463 261 74 413 123
460 402 242 201 355
267 70 276 325 248
372 397 444 272 202
310 175 250 393 181
473 17 289 185 403
232 307 305 450 30
263 34 374 157 447
198 273 55 178 363
477 410 49 244 364
300 196 218 81 382
4 27 264 160 435
454 5 240 158 467
24 442 399 149 23
57 52 166 474 153
120 26 318 85 475
36 37 428 332 404
495 375 139 385 150
287 371 233 398 192
376 118 179 284 82
481 16 229 71 111
194 285 499 327 424
379 390 316 426 381
9 437 351 358 141
405 109 345 63 200
80 271 62 59 193
322 206 480 281 308
32 408 93 212 236
146 89 11 237 132
485 421 50 210 151
174 29 335 279 75
449 148 373 246 107
177 42 367 416 411
370 383 182 152 412
478 10 396 183 482
361 14 39 90 66
79 365 20 191
226 96 302 350 116
359 280 187 303 274
455 321 290 87 472
461 468 430 222 419
333 41 439 199 92
145 47 3 203 125
164 347 388 130 72
463 261 74 413 123
406 133 69 255 418
460 402 242 201 355
267 70 276 325 248
372 397 444 272 202
310 175 250 393 181
473 17 289 185 403
232 307 305 450 30
263 34 374 157 447
198 273 55 178 363
477 410 49 244 364
300 196 218 81 382
4 27 264 160 435
454 5 240 158 467
24 442 399 149 23
57 52 166 474 153
120 26 318 85 475
36 37 428 332 404
495 375 139 385 150
287 371 233 398 192
376 118 179 284 82
481 16 229 71 111
194 285 499 327 424
379 390 316 426 381
9 437 351 358 141
405 109 345 63 200
80 271 62 59 193
322 206 480 281 308
32 408 93 212 236
146 89 11 237 132
485 421 50 210 151
174 29 335 279 75
449 148 373 246 107
177 42 367 416 411
370 383 182 152 412
478 10 396 183 482
361 14 39 90 66
79 365 20 191
226 96 302 350 116
359 280 187 303 274
455 321 290 87 472
461 468 430 222 419
333 41 439 199 92
145 47 3 203 125
164 347 388 130 72
463 261 74 413 123
406 133 69 255 418
215 422 126 282 227
460 402 242 201 355
267 70 276 325 248
372 397 444 272 202
310 175 250 393 181
473 17 289 185 403
232 307 305 450 30
263 34 374 157 447
198 273 55 178 363
477 410 49 244 364
300 196 218 81 382
4 27 264 160 435
454 5 240 158 467
24 442 399 149 23
57 52 166 474 153
120 26 318 85 475
36 37 428 332 404
495 375 139 385 150
287 371 233 398 192
376 118 179 284 82
481 16 229 71 111
194 285 499 327 424
379 390 316 426 381
9 437 351 358 141
405 109 345 63 200
80 271 62 59 193
322 206 480 281 308
32 408 93 212 236
146 89 11 237 132
485 421 50 210 151
174 29 335 279 75
449 148 373 246 107
177 42 367 416 411
370 383 182 152 412
478 10 396 183 482
361 14 39 90 66
79 365 20 191
226 96 302 350 116
359 280 187 303 274
455 321 290 87 472
461 468 430 222 419
333 41 439 199 92
145 47 3 203 125
164 347 388 130 72
463 261 74 413 123
406 133 69 255 418
215 422 126 282 227
488 65 136 137
460 402 242 201 355
267 70 276 325 248
372 397 444 272 202
310 175 250 393 181
473 17 289 185 403
232 307 305 450 30
263 34 374 157 447
198 273 55 178 363
477 410 49 244 364
300 196 218 81 382
4 27 264 160 435
454 5 240 158 467
24 442 399 149 23
57 52 166 474 153
120 26 318 85 475
36 37 428 332 404
495 375 139 385 150
287 371 233 398 192
376 118 179 284 82
481 16 229 71 111
194 285 499 327 424
379 390 316 426 381
9 437 351 358 141
405 109 345 63 200
80 271 62 59 193
322 206 480 281 308
32 408 93 212 236
146 89 11 237 132
485 421 50 210 151
174 29 335 279 75
449 148 373 246 107
177 42 367 416 411
370 383 182 152 412
478 10 396 183 482
361 14 39 90 66
79 365 20 191
226 96 302 350 116
359 280 187 303 274
455 321 290 87 472
461 468 430 222 419
333 41 439 199 92
145 47 3 203 125
164 347 388 130 72
463 261 74 413 123
406 133 69 255 418
215 422 126 282 227
488 65 136 137
457 122 378 144 169
460 402 242 201 355
267 70 276 325 248
372 397 444 272 202
310 175 250 393 181
473 17 289 185 403
232 307 305 450 30
263 34 374 157 447
198 273 55 178 363
477 410 49 244 364
300 196 218 81 382
4 27 264 160 435
454 5 240 158 467
24 442 399 149 23
57 52 166 474 153
120 26 318 85 475
36 37 428 332 404
495 375 139 385 150
287 371 233 398 192
376 118 179 284 82
481 16 229 71 111
194 285 499 327 424
379 390 316 426 381
9 437 351 358 141
405 109 345 63 200
80 271 62 59 193
322 206 480 281 308
32 408 93 212 236
146 89 11 237 132
485 421 50 210 151
174 29 335 279 75
449 148 373 246 107
177 42 367 416 411
370 383 182 152 412
478 10 396 183 482
361 14 39 90 66
79 365 20 191
226 96 302 350 116
359 280 187 303 274
455 321 290 87 472
461 468 430 222 419
333 41 439 199 92
145 47 3 203 125
164 347 388 130 72
463 261 74 413 123
406 133 69 255 418
215 422 126 282 227
488 65 136 137
457 122 378 144 169
352 269 48 56 15
460 402 242 201 355
267 70 276 325 248
372 397 444 272 202
310 175 250 393 181
473 17 289 185 403
232 307 305 450 30
263 34 374 157 447
198 273 55 178 363
477 410 49 244 364
300 196 218 81 382
4 27 264 160 435
454 5 240 158 467
24 442 399 149 23
57 52 166 474 153
120 26 318 85 475
36 37 428 332 404
495 375 139 385 150
287 371 233 398 192
376 118 179 284 82
481 16 229 71 111
194 285 499 327 424
379 390 316 426 381
9 437 351 358 141
405 109 345 63 200
80 271 62 59 193
322 206 480 281 308
32 408 93 212 236
146 89 11 237 132
485 421 50 210 151
174 29 335 279 75
449 148 373 246 107
177 42 367 416 411
370 383 182 152 412
478 10 396 183 482
361 14 39 90 66
79 365 20 191
226 96 302 350 116
359 280 187 303 274
455 321 290 87 472
461 468 430 222 419
333 41 439 199 92
145 47 3 203 125
164 347 388 130 72
463 261 74 413 123
406 133 69 255 418
215 422 126 282 227
488 65 136 137
457 122 378 144 169
352 269 48 56 15
260 340
460 402 242 201 355
267 70 276 325 248
372 397 444 272 202
310 175 250 393 181
473 17 289 185 403
232 307 305 450 30
263 34 374 157 447
198 273 55 178 363
477 410 49 244 364
300 196 218 81 382
4 27 264 160 435
454 5 240 158 467
24 442 399 149 23
57 52 166 474 153
120 26 318 85 475
36 37 428 332 404
495 375 139 385 150
287 371 233 398 192
376 118 179 284 82
481 16 229 71 111
194 285 499 327 424
379 390 316 426 381
9 437 351 358 141
405 109 345 63 200
80 271 62 59 193
322 206 480 281 308
32 408 93 212 236
146 89 11 237 132
485 421 50 210 151
174 29 335 279 75
449 148 373 246 107
177 42 367 416 411
370 383 182 152 412
478 10 396 183 482
361 14 39 90 66
79 365 20 191
226 96 302 350 116
359 280 187 303 274
455 321 290 87 472
461 468 430 222 419
333 41 439 199 92
145 47 3 203 125
164 347 388 130 72
463 261 74 413 123
406 133 69 255 418
215 422 126 282 227
488 65 136 137
457 122 378 144 169
352 269 48 56 15
260 340
208 68
460 402 242 201 355
267 70 276 325 248
372 397 444 272 202
310 175 250 393 181
473 17 289 185 403
232 307 305 450 30
263 34 374 157 447
198 273 55 178 363
477 410 49 244 364
300 196 218 81 382
4 27 264 160 435
454 5 240 158 467
24 442 399 149 23
57 52 166 474 153
120 26 318 85 475
36 37 428 332 404
495 375 139 385 150
287 371 233 398 192
376 118 179 284 82
481 16 229 71 111
194 285 499 327 424
379 390 316 426 381
9 437 351 358 141
405 109 345 63 200
80 271 62 59 193
322 206 480 281 308
32 408 93 212 236
146 89 11 237 132
485 421 50 210 151
174 29 335 279 75
449 148 373 246 107
177 42 367 416 411
370 383 182 152 412
478 10 396 183 482
361 14 39 90 66
79 365 20 191
226 96 302 350 116
359 280 187 303 274
455 321 290 87 472
461 468 430 222 419
333 41 439 199 92
145 47 3 203 125
164 347 388 130 72
463 261 74 413 123
406 133 69 255 418
215 422 126 282 227
488 65 136 137
457 122 378 144 169
352 269 48 56 15
260 340
208 68
176 135
460 402 242 201 355
267 70 276 325 248
372 397 444 272 202
310 175 250 393 181
473 17 289 185 403
232 307 305 450 30
263 34 374 157 447
198 273 55 178 363
477 410 49 244 364
300 196 218 81 382
4 27 264 160 435
454 5 240 158 467
24 442 399 149 23
57 52 166 474 153
120 26 318 85 475
36 37 428 332 404
495 375 139 385 150
287 371 233 398 192
376 118 179 284 82
481 16 229 71 111
194 285 499 327 424
379 390 316 426 381
9 437 351 358 141
405 109 345 63 200
80 271 62 59 193
322 206 480 281 308
32 408 93 212 236
146 89 11 237 132
485 421 50 210 151
174 29 335 279 75
449 148 373 246 107
177 42 367 416 411
370 383 182 152 412
478 10 396 183 482
361 14 39 90 66
79 365 20 191
226 96 302 350 116
359 280 187 303 274
455 321 290 87 472
461 468 430 222 419
333 41 439 199 92
145 47 3 203 125
164 347 388 130 72
463 261 74 413 123
406 133 69 255 418
215 422 126 282 227
488 65 136 137
457 122 378 144 169
352 269 48 56 15
260 340
208 68
176 135
343 394
