173 231 40 137 102
311 142 280 254 192
209 478 8 322 489
197 484 157 493 215
365 411 213 414 331
31 135 156 74 41
51 240 286 234 443
62 12 276 397 361
245 186 454 48 347
376 498 445 392 179
334 354 375 304 17
189 465 205 194 404
76 434 396 69
101 239 333 181 244
418 133 342 419 29
487 90 210 319 9
174 287 306 395
402 80 195 225
147 328 266 103
111 420 85 343
310 97 446 37 117
440 476 456 171
293 164 98 373
288 438 58
246 14 253 363 224
460 238 371 140
422 459 168 151
341 303 425 182
221 255 483 330
261 268 332
480 335 4 45
145 132 165
338 113 388 450
248 398 339 408
232 54 252 99
219 282 116 183
387 428 39 53
475 496 486 453
325 274 134 382
180 46 481 466
424 468 495
42 109 88 10
264 242 272 30
497 284 67
95 13 426 485
309 317 263
350 370 211
91 207 86
71 364 492
105 23 92 226
448 25 301 110
206 273 256 320
2 271 257
68 461 313
89 176 50 470
121 193 24
467 167 423
199 227 277 427
3 413
412 154 384
315 190 321
258 52
369 170 64
123 421
300 139
281 406 345
441 11
223 228 104
214 33 5
159 357
324 308 127
124 212 368
410 351 267 202
141 383 38
7 188 247
21 455 295
184 358 403
318 374
172 66 393 409
230 27 34
473 128
218 44
314 316
73 479
198 107 494
72 269
415 55
237 203
200 19
265 177
405 366
18 275 126
394 47
216 292
355 429 220
20 153
175 83 474
35 367
390 112
491 59
131 138
260 162
290 360 377
119 452
378 285
136 326
451 362
278 201 399
499 144 26
477 217
279 108
32 84
129 243
349 416
185 178
372 143
353 348
391 106
118 337
114 229
16 43
436 222
