275 168 231 317 443
447 439 300 104 172
23 258 297 407 265
254 155 483 7 75
202 183 11 226 319
237 119 51 102 268
474 311 143 15 81
43 257 411 5 351
103 403 96 497 281
180 279 207 156 347
35 314 494 396 426
309 2 260 250 479
463 414 91 361 54
37 13 423 332 216
136 324 418 288 204
79 334 107 195 242
67 371 26 27 125
188 249 153 224 116
406 424 323 329 72
263 359 455 387 243
413 253 185 337 177
1 452 106 338 386
94 419 360 21 453
93 425 370 336 327
346 325 302 301 0
481 284 55 45 489
73 348 261 71 61
29 262 184 272 68
486 368 229 417 145
402 293 306 333 40
362 326 383 305 34
478 320 151 458 433
421 56 235 142 221
286 429 267 171 388
392 33 488 321 36
65 251 437 357 236
139 398 244 475 58
84 342 385 247 343
312 339 100 397 454
208 315 390 352 97
356 117 408 52 318
22 422 416 41 101
161 222 499 241 19
69 464 271 484 191
473 285 377 384 230
487 335 381 197 140
252 393 401 20 295
30 477 322 233 176
98 115 158 248 349
350 277 266 380 328
