313 19 450 37 86
313 19 450 37 86
388 322 324 0 432
313 19 450 37 86
388 322 324 0 432
159 383 437 368 38
313 19 450 37 86
388 322 324 0 432
159 383 437 368 38
333 47 66 63 172
313 19 450 37 86
388 322 324 0 432
159 383 437 368 38
333 47 66 63 172
271 326 287 436 406
313 19 450 37 86
388 322 324 0 432
159 383 437 368 38
333 47 66 63 172
271 326 287 436 406
367 440 22 379 204
313 19 450 37 86
388 322 324 0 432
159 383 437 368 38
333 47 66 63 172
271 326 287 436 406
367 440 22 379 204
300 312 404 358 446
313 19 450 37 86
388 322 324 0 432
159 383 437 368 38
333 47 66 63 172
271 326 287 436 406
367 440 22 379 204
300 312 404 358 446
266 228 131 138 451
313 19 450 37 86
388 322 324 0 432
159 383 437 368 38
333 47 66 63 172
271 326 287 436 406
367 440 22 379 204
300 312 404 358 446
266 228 131 138 451
10 315 4 269 301
313 19 450 37 86
388 322 324 0 432
159 383 437 368 38
333 47 66 63 172
271 326 287 436 406
367 440 22 379 204
300 312 404 358 446
266 228 131 138 451
10 315 4 269 301
9 224 400 210 161
313 19 450 37 86
388 322 324 0 432
159 383 437 368 38
333 47 66 63 172
271 326 287 436 406
367 440 22 379 204
300 312 404 358 446
266 228 131 138 451
10 315 4 269 301
9 224 400 210 161
26 247 114 150 1
313 19 450 37 86
388 322 324 0 432
159 383 437 368 38
333 47 66 63 172
271 326 287 436 406
367 440 22 379 204
300 312 404 358 446
266 228 131 138 451
10 315 4 269 301
9 224 400 210 161
26 247 114 150 1
298 217 213 91 121
313 19 450 37 86
388 322 324 0 432
159 383 437 368 38
333 47 66 63 172
271 326 287 436 406
367 440 22 379 204
300 312 404 358 446
266 228 131 138 451
10 315 4 269 301
9 224 400 210 161
26 247 114 150 1
298 217 213 91 121
458 264 21 418 288
313 19 450 37 86
388 322 324 0 432
159 383 437 368 38
333 47 66 63 172
271 326 287 436 406
367 440 22 379 204
300 312 404 358 446
266 228 131 138 451
10 315 4 269 301
9 224 400 210 161
26 247 114 150 1
298 217 213 91 121
458 264 21 418 288
430 460 189 250 162
313 19 450 37 86
388 322 324 0 432
159 383 437 368 38
333 47 66 63 172
271 326 287 436 406
367 440 22 379 204
300 312 404 358 446
266 228 131 138 451
10 315 4 269 301
9 224 400 210 161
26 247 114 150 1
298 217 213 91 121
458 264 21 418 288
430 460 189 250 162
261 83 171 196 356
313 19 450 37 86
388 322 324 0 432
159 383 437 368 38
333 47 66 63 172
271 326 287 436 406
367 440 22 379 204
300 312 404 358 446
266 228 131 138 451
10 315 4 269 301
9 224 400 210 161
26 247 114 150 1
298 217 213 91 121
458 264 21 418 288
430 460 189 250 162
261 83 171 196 356
311 337 302 448 428
313 19 450 37 86
388 322 324 0 432
159 383 437 368 38
333 47 66 63 172
271 326 287 436 406
367 440 22 379 204
300 312 404 358 446
266 228 131 138 451
10 315 4 269 301
9 224 400 210 161
26 247 114 150 1
298 217 213 91 121
458 264 21 418 288
430 460 189 250 162
261 83 171 196 356
311 337 302 448 428
252 401 314 34 463
313 19 450 37 86
388 322 324 0 432
159 383 437 368 38
333 47 66 63 172
271 326 287 436 406
367 440 22 379 204
300 312 404 358 446
266 228 131 138 451
10 315 4 269 301
9 224 400 210 161
26 247 114 150 1
298 217 213 91 121
458 264 21 418 288
430 460 189 250 162
261 83 171 196 356
311 337 302 448 428
252 401 314 34 463
443 260 181 62 343
313 19 450 37 86
388 322 324 0 432
159 383 437 368 38
333 47 66 63 172
271 326 287 436 406
367 440 22 379 204
300 312 404 358 446
266 228 131 138 451
10 315 4 269 301
9 224 400 210 161
26 247 114 150 1
298 217 213 91 121
458 264 21 418 288
430 460 189 250 162
261 83 171 196 356
311 337 302 448 428
252 401 314 34 463
443 260 181 62 343
75 198 157 74 128
313 19 450 37 86
388 322 324 0 432
159 383 437 368 38
333 47 66 63 172
271 326 287 436 406
367 440 22 379 204
300 312 404 358 446
266 228 131 138 451
10 315 4 269 301
9 224 400 210 161
26 247 114 150 1
298 217 213 91 121
458 264 21 418 288
430 460 189 250 162
261 83 171 196 356
311 337 302 448 428
252 401 314 34 463
443 260 181 62 343
75 198 157 74 128
284 118 309 193 7
313 19 450 37 86
388 322 324 0 432
159 383 437 368 38
333 47 66 63 172
271 326 287 436 406
367 440 22 379 204
300 312 404 358 446
266 228 131 138 451
10 315 4 269 301
9 224 400 210 161
26 247 114 150 1
298 217 213 91 121
458 264 21 418 288
430 460 189 250 162
261 83 171 196 356
311 337 302 448 428
252 401 314 34 463
443 260 181 62 343
75 198 157 74 128
284 118 309 193 7
286 283 216 202 381
313 19 450 37 86
388 322 324 0 432
159 383 437 368 38
333 47 66 63 172
271 326 287 436 406
367 440 22 379 204
300 312 404 358 446
266 228 131 138 451
10 315 4 269 301
9 224 400 210 161
26 247 114 150 1
298 217 213 91 121
458 264 21 418 288
430 460 189 250 162
261 83 171 196 356
311 337 302 448 428
252 401 314 34 463
443 260 181 62 343
75 198 157 74 128
284 118 309 193 7
286 283 216 202 381
361 407 33 72 42
313 19 450 37 86
388 322 324 0 432
159 383 437 368 38
333 47 66 63 172
271 326 287 436 406
367 440 22 379 204
300 312 404 358 446
266 228 131 138 451
10 315 4 269 301
9 224 400 210 161
26 247 114 150 1
298 217 213 91 121
458 264 21 418 288
430 460 189 250 162
261 83 171 196 356
311 337 302 448 428
252 401 314 34 463
443 260 181 62 343
75 198 157 74 128
284 118 309 193 7
286 283 216 202 381
361 407 33 72 42
13 173 126 339 429
313 19 450 37 86
388 322 324 0 432
159 383 437 368 38
333 47 66 63 172
271 326 287 436 406
367 440 22 379 204
300 312 404 358 446
266 228 131 138 451
10 315 4 269 301
9 224 400 210 161
26 247 114 150 1
298 217 213 91 121
458 264 21 418 288
430 460 189 250 162
261 83 171 196 356
311 337 302 448 428
252 401 314 34 463
443 260 181 62 343
75 198 157 74 128
284 118 309 193 7
286 283 216 202 381
361 407 33 72 42
13 173 126 339 429
267 303 282 411 278
313 19 450 37 86
388 322 324 0 432
159 383 437 368 38
333 47 66 63 172
271 326 287 436 406
367 440 22 379 204
300 312 404 358 446
266 228 131 138 451
10 315 4 269 301
9 224 400 210 161
26 247 114 150 1
298 217 213 91 121
458 264 21 418 288
430 460 189 250 162
261 83 171 196 356
311 337 302 448 428
252 401 314 34 463
443 260 181 62 343
75 198 157 74 128
284 118 309 193 7
286 283 216 202 381
361 407 33 72 42
13 173 126 339 429
267 303 282 411 278
116 360 296 119 67
313 19 450 37 86
388 322 324 0 432
159 383 437 368 38
333 47 66 63 172
271 326 287 436 406
367 440 22 379 204
300 312 404 358 446
266 228 131 138 451
10 315 4 269 301
9 224 400 210 161
26 247 114 150 1
298 217 213 91 121
458 264 21 418 288
430 460 189 250 162
261 83 171 196 356
311 337 302 448 428
252 401 314 34 463
443 260 181 62 343
75 198 157 74 128
284 118 309 193 7
286 283 216 202 381
361 407 33 72 42
13 173 126 339 429
267 303 282 411 278
116 360 296 119 67
227 130 49 109 77
313 19 450 37 86
388 322 324 0 432
159 383 437 368 38
333 47 66 63 172
271 326 287 436 406
367 440 22 379 204
300 312 404 358 446
266 228 131 138 451
10 315 4 269 301
9 224 400 210 161
26 247 114 150 1
298 217 213 91 121
458 264 21 418 288
430 460 189 250 162
261 83 171 196 356
311 337 302 448 428
252 401 314 34 463
443 260 181 62 343
75 198 157 74 128
284 118 309 193 7
286 283 216 202 381
361 407 33 72 42
13 173 126 339 429
267 303 282 411 278
116 360 296 119 67
227 130 49 109 77
259 207 334 113 95
313 19 450 37 86
388 322 324 0 432
159 383 437 368 38
333 47 66 63 172
271 326 287 436 406
367 440 22 379 204
300 312 404 358 446
266 228 131 138 451
10 315 4 269 301
9 224 400 210 161
26 247 114 150 1
298 217 213 91 121
458 264 21 418 288
430 460 189 250 162
261 83 171 196 356
311 337 302 448 428
252 401 314 34 463
443 260 181 62 343
75 198 157 74 128
284 118 309 193 7
286 283 216 202 381
361 407 33 72 42
13 173 126 339 429
267 303 282 411 278
116 360 296 119 67
227 130 49 109 77
259 207 334 113 95
145 206 452 222 184
313 19 450 37 86
388 322 324 0 432
159 383 437 368 38
333 47 66 63 172
271 326 287 436 406
367 440 22 379 204
300 312 404 358 446
266 228 131 138 451
10 315 4 269 301
9 224 400 210 161
26 247 114 150 1
298 217 213 91 121
458 264 21 418 288
430 460 189 250 162
261 83 171 196 356
311 337 302 448 428
252 401 314 34 463
443 260 181 62 343
75 198 157 74 128
284 118 309 193 7
286 283 216 202 381
361 407 33 72 42
13 173 126 339 429
267 303 282 411 278
116 360 296 119 67
227 130 49 109 77
259 207 334 113 95
145 206 452 222 184
108 55 165 323 329
313 19 450 37 86
388 322 324 0 432
159 383 437 368 38
333 47 66 63 172
271 326 287 436 406
367 440 22 379 204
300 312 404 358 446
266 228 131 138 451
10 315 4 269 301
9 224 400 210 161
26 247 114 150 1
298 217 213 91 121
458 264 21 418 288
430 460 189 250 162
261 83 171 196 356
311 337 302 448 428
252 401 314 34 463
443 260 181 62 343
75 198 157 74 128
284 118 309 193 7
286 283 216 202 381
361 407 33 72 42
13 173 126 339 429
267 303 282 411 278
116 360 296 119 67
227 130 49 109 77
259 207 334 113 95
145 206 452 222 184
108 55 165 323 329
274 382 219 320 330
313 19 450 37 86
388 322 324 0 432
159 383 437 368 38
333 47 66 63 172
271 326 287 436 406
367 440 22 379 204
300 312 404 358 446
266 228 131 138 451
10 315 4 269 301
9 224 400 210 161
26 247 114 150 1
298 217 213 91 121
458 264 21 418 288
430 460 189 250 162
261 83 171 196 356
311 337 302 448 428
252 401 314 34 463
443 260 181 62 343
75 198 157 74 128
284 118 309 193 7
286 283 216 202 381
361 407 33 72 42
13 173 126 339 429
267 303 282 411 278
116 360 296 119 67
227 130 49 109 77
259 207 334 113 95
145 206 452 222 184
108 55 165 323 329
274 382 219 320 330
243 438 195 76 27
313 19 450 37 86
388 322 324 0 432
159 383 437 368 38
333 47 66 63 172
271 326 287 436 406
367 440 22 379 204
300 312 404 358 446
266 228 131 138 451
10 315 4 269 301
9 224 400 210 161
26 247 114 150 1
298 217 213 91 121
458 264 21 418 288
430 460 189 250 162
261 83 171 196 356
311 337 302 448 428
252 401 314 34 463
443 260 181 62 343
75 198 157 74 128
284 118 309 193 7
286 283 216 202 381
361 407 33 72 42
13 173 126 339 429
267 303 282 411 278
116 360 296 119 67
227 130 49 109 77
259 207 334 113 95
145 206 452 222 184
108 55 165 323 329
274 382 219 320 330
243 438 195 76 27
426 60 208 65 225
313 19 450 37 86
388 322 324 0 432
159 383 437 368 38
333 47 66 63 172
271 326 287 436 406
367 440 22 379 204
300 312 404 358 446
266 228 131 138 451
10 315 4 269 301
9 224 400 210 161
26 247 114 150 1
298 217 213 91 121
458 264 21 418 288
430 460 189 250 162
261 83 171 196 356
311 337 302 448 428
252 401 314 34 463
443 260 181 62 343
75 198 157 74 128
284 118 309 193 7
286 283 216 202 381
361 407 33 72 42
13 173 126 339 429
267 303 282 411 278
116 360 296 119 67
227 130 49 109 77
259 207 334 113 95
145 206 452 222 184
108 55 165 323 329
274 382 219 320 330
243 438 195 76 27
426 60 208 65 225
257 141 100 365 142
313 19 450 37 86
388 322 324 0 432
159 383 437 368 38
333 47 66 63 172
271 326 287 436 406
367 440 22 379 204
300 312 404 358 446
266 228 131 138 451
10 315 4 269 301
9 224 400 210 161
26 247 114 150 1
298 217 213 91 121
458 264 21 418 288
430 460 189 250 162
261 83 171 196 356
311 337 302 448 428
252 401 314 34 463
443 260 181 62 343
75 198 157 74 128
284 118 309 193 7
286 283 216 202 381
361 407 33 72 42
13 173 126 339 429
267 303 282 411 278
116 360 296 119 67
227 130 49 109 77
259 207 334 113 95
145 206 452 222 184
108 55 165 323 329
274 382 219 320 330
243 438 195 76 27
426 60 208 65 225
257 141 100 365 142
371 304 58 155 306
313 19 450 37 86
388 322 324 0 432
159 383 437 368 38
333 47 66 63 172
271 326 287 436 406
367 440 22 379 204
300 312 404 358 446
266 228 131 138 451
10 315 4 269 301
9 224 400 210 161
26 247 114 150 1
298 217 213 91 121
458 264 21 418 288
430 460 189 250 162
261 83 171 196 356
311 337 302 448 428
252 401 314 34 463
443 260 181 62 343
75 198 157 74 128
284 118 309 193 7
286 283 216 202 381
361 407 33 72 42
13 173 126 339 429
267 303 282 411 278
116 360 296 119 67
227 130 49 109 77
259 207 334 113 95
145 206 452 222 184
108 55 165 323 329
274 382 219 320 330
243 438 195 76 27
426 60 208 65 225
257 141 100 365 142
371 304 58 155 306
295 236 317 163 125
313 19 450 37 86
388 322 324 0 432
159 383 437 368 38
333 47 66 63 172
271 326 287 436 406
367 440 22 379 204
300 312 404 358 446
266 228 131 138 451
10 315 4 269 301
9 224 400 210 161
26 247 114 150 1
298 217 213 91 121
458 264 21 418 288
430 460 189 250 162
261 83 171 196 356
311 337 302 448 428
252 401 314 34 463
443 260 181 62 343
75 198 157 74 128
284 118 309 193 7
286 283 216 202 381
361 407 33 72 42
13 173 126 339 429
267 303 282 411 278
116 360 296 119 67
227 130 49 109 77
259 207 334 113 95
145 206 452 222 184
108 55 165 323 329
274 382 219 320 330
243 438 195 76 27
426 60 208 65 225
257 141 100 365 142
371 304 58 155 306
295 236 317 163 125
73 235 422 90 105
313 19 450 37 86
388 322 324 0 432
159 383 437 368 38
333 47 66 63 172
271 326 287 436 406
367 440 22 379 204
300 312 404 358 446
266 228 131 138 451
10 315 4 269 301
9 224 400 210 161
26 247 114 150 1
298 217 213 91 121
458 264 21 418 288
430 460 189 250 162
261 83 171 196 356
311 337 302 448 428
252 401 314 34 463
443 260 181 62 343
75 198 157 74 128
284 118 309 193 7
286 283 216 202 381
361 407 33 72 42
13 173 126 339 429
267 303 282 411 278
116 360 296 119 67
227 130 49 109 77
259 207 334 113 95
145 206 452 222 184
108 55 165 323 329
274 382 219 320 330
243 438 195 76 27
426 60 208 65 225
257 141 100 365 142
371 304 58 155 306
295 236 317 163 125
73 235 422 90 105
454 11 194 29 3
313 19 450 37 86
388 322 324 0 432
159 383 437 368 38
333 47 66 63 172
271 326 287 436 406
367 440 22 379 204
300 312 404 358 446
266 228 131 138 451
10 315 4 269 301
9 224 400 210 161
26 247 114 150 1
298 217 213 91 121
458 264 21 418 288
430 460 189 250 162
261 83 171 196 356
311 337 302 448 428
252 401 314 34 463
443 260 181 62 343
75 198 157 74 128
284 118 309 193 7
286 283 216 202 381
361 407 33 72 42
13 173 126 339 429
267 303 282 411 278
116 360 296 119 67
227 130 49 109 77
259 207 334 113 95
145 206 452 222 184
108 55 165 323 329
274 382 219 320 330
243 438 195 76 27
426 60 208 65 225
257 141 100 365 142
371 304 58 155 306
295 236 317 163 125
73 235 422 90 105
454 11 194 29 3
237 427 199 355 156
313 19 450 37 86
388 322 324 0 432
159 383 437 368 38
333 47 66 63 172
271 326 287 436 406
367 440 22 379 204
300 312 404 358 446
266 228 131 138 451
10 315 4 269 301
9 224 400 210 161
26 247 114 150 1
298 217 213 91 121
458 264 21 418 288
430 460 189 250 162
261 83 171 196 356
311 337 302 448 428
252 401 314 34 463
443 260 181 62 343
75 198 157 74 128
284 118 309 193 7
286 283 216 202 381
361 407 33 72 42
13 173 126 339 429
267 303 282 411 278
116 360 296 119 67
227 130 49 109 77
259 207 334 113 95
145 206 452 222 184
108 55 165 323 329
274 382 219 320 330
243 438 195 76 27
426 60 208 65 225
257 141 100 365 142
371 304 58 155 306
295 236 317 163 125
73 235 422 90 105
454 11 194 29 3
237 427 199 355 156
297 455 170 374 229
313 19 450 37 86
388 322 324 0 432
159 383 437 368 38
333 47 66 63 172
271 326 287 436 406
367 440 22 379 204
300 312 404 358 446
266 228 131 138 451
10 315 4 269 301
9 224 400 210 161
26 247 114 150 1
298 217 213 91 121
458 264 21 418 288
430 460 189 250 162
261 83 171 196 356
311 337 302 448 428
252 401 314 34 463
443 260 181 62 343
75 198 157 74 128
284 118 309 193 7
286 283 216 202 381
361 407 33 72 42
13 173 126 339 429
267 303 282 411 278
116 360 296 119 67
227 130 49 109 77
259 207 334 113 95
145 206 452 222 184
108 55 165 323 329
274 382 219 320 330
243 438 195 76 27
426 60 208 65 225
257 141 100 365 142
371 304 58 155 306
295 236 317 163 125
73 235 422 90 105
454 11 194 29 3
237 427 199 355 156
297 455 170 374 229
2 28 357 160 115
313 19 450 37 86
388 322 324 0 432
159 383 437 368 38
333 47 66 63 172
271 326 287 436 406
367 440 22 379 204
300 312 404 358 446
266 228 131 138 451
10 315 4 269 301
9 224 400 210 161
26 247 114 150 1
298 217 213 91 121
458 264 21 418 288
430 460 189 250 162
261 83 171 196 356
311 337 302 448 428
252 401 314 34 463
443 260 181 62 343
75 198 157 74 128
284 118 309 193 7
286 283 216 202 381
361 407 33 72 42
13 173 126 339 429
267 303 282 411 278
116 360 296 119 67
227 130 49 109 77
259 207 334 113 95
145 206 452 222 184
108 55 165 323 329
274 382 219 320 330
243 438 195 76 27
426 60 208 65 225
257 141 100 365 142
371 304 58 155 306
295 236 317 163 125
73 235 422 90 105
454 11 194 29 3
237 427 199 355 156
297 455 170 374 229
2 28 357 160 115
294 178 369 409 50
313 19 450 37 86
388 322 324 0 432
159 383 437 368 38
333 47 66 63 172
271 326 287 436 406
367 440 22 379 204
300 312 404 358 446
266 228 131 138 451
10 315 4 269 301
9 224 400 210 161
26 247 114 150 1
298 217 213 91 121
458 264 21 418 288
430 460 189 250 162
261 83 171 196 356
311 337 302 448 428
252 401 314 34 463
443 260 181 62 343
75 198 157 74 128
284 118 309 193 7
286 283 216 202 381
361 407 33 72 42
13 173 126 339 429
267 303 282 411 278
116 360 296 119 67
227 130 49 109 77
259 207 334 113 95
145 206 452 222 184
108 55 165 323 329
274 382 219 320 330
243 438 195 76 27
426 60 208 65 225
257 141 100 365 142
371 304 58 155 306
295 236 317 163 125
73 235 422 90 105
454 11 194 29 3
237 427 199 355 156
297 455 170 374 229
2 28 357 160 115
294 178 369 409 50
92 338 84 120 375
313 19 450 37 86
388 322 324 0 432
159 383 437 368 38
333 47 66 63 172
271 326 287 436 406
367 440 22 379 204
300 312 404 358 446
266 228 131 138 451
10 315 4 269 301
9 224 400 210 161
26 247 114 150 1
298 217 213 91 121
458 264 21 418 288
430 460 189 250 162
261 83 171 196 356
311 337 302 448 428
252 401 314 34 463
443 260 181 62 343
75 198 157 74 128
284 118 309 193 7
286 283 216 202 381
361 407 33 72 42
13 173 126 339 429
267 303 282 411 278
116 360 296 119 67
227 130 49 109 77
259 207 334 113 95
145 206 452 222 184
108 55 165 323 329
274 382 219 320 330
243 438 195 76 27
426 60 208 65 225
257 141 100 365 142
371 304 58 155 306
295 236 317 163 125
73 235 422 90 105
454 11 194 29 3
237 427 199 355 156
297 455 170 374 229
2 28 357 160 115
294 178 369 409 50
92 338 84 120 375
218 158 289 215 391
313 19 450 37 86
388 322 324 0 432
159 383 437 368 38
333 47 66 63 172
271 326 287 436 406
367 440 22 379 204
300 312 404 358 446
266 228 131 138 451
10 315 4 269 301
9 224 400 210 161
26 247 114 150 1
298 217 213 91 121
458 264 21 418 288
430 460 189 250 162
261 83 171 196 356
311 337 302 448 428
252 401 314 34 463
443 260 181 62 343
75 198 157 74 128
284 118 309 193 7
286 283 216 202 381
361 407 33 72 42
13 173 126 339 429
267 303 282 411 278
116 360 296 119 67
227 130 49 109 77
259 207 334 113 95
145 206 452 222 184
108 55 165 323 329
274 382 219 320 330
243 438 195 76 27
426 60 208 65 225
257 141 100 365 142
371 304 58 155 306
295 236 317 163 125
73 235 422 90 105
454 11 194 29 3
237 427 199 355 156
297 455 170 374 229
2 28 357 160 115
294 178 369 409 50
92 338 84 120 375
218 158 289 215 391
433 459 85 102 425
313 19 450 37 86
388 322 324 0 432
159 383 437 368 38
333 47 66 63 172
271 326 287 436 406
367 440 22 379 204
300 312 404 358 446
266 228 131 138 451
10 315 4 269 301
9 224 400 210 161
26 247 114 150 1
298 217 213 91 121
458 264 21 418 288
430 460 189 250 162
261 83 171 196 356
311 337 302 448 428
252 401 314 34 463
443 260 181 62 343
75 198 157 74 128
284 118 309 193 7
286 283 216 202 381
361 407 33 72 42
13 173 126 339 429
267 303 282 411 278
116 360 296 119 67
227 130 49 109 77
259 207 334 113 95
145 206 452 222 184
108 55 165 323 329
274 382 219 320 330
243 438 195 76 27
426 60 208 65 225
257 141 100 365 142
371 304 58 155 306
295 236 317 163 125
73 235 422 90 105
454 11 194 29 3
237 427 199 355 156
297 455 170 374 229
2 28 357 160 115
294 178 369 409 50
92 338 84 120 375
218 158 289 215 391
433 459 85 102 425
277 205 258 137 223
313 19 450 37 86
388 322 324 0 432
159 383 437 368 38
333 47 66 63 172
271 326 287 436 406
367 440 22 379 204
300 312 404 358 446
266 228 131 138 451
10 315 4 269 301
9 224 400 210 161
26 247 114 150 1
298 217 213 91 121
458 264 21 418 288
430 460 189 250 162
261 83 171 196 356
311 337 302 448 428
252 401 314 34 463
443 260 181 62 343
75 198 157 74 128
284 118 309 193 7
286 283 216 202 381
361 407 33 72 42
13 173 126 339 429
267 303 282 411 278
116 360 296 119 67
227 130 49 109 77
259 207 334 113 95
145 206 452 222 184
108 55 165 323 329
274 382 219 320 330
243 438 195 76 27
426 60 208 65 225
257 141 100 365 142
371 304 58 155 306
295 236 317 163 125
73 235 422 90 105
454 11 194 29 3
237 427 199 355 156
297 455 170 374 229
2 28 357 160 115
294 178 369 409 50
92 338 84 120 375
218 158 289 215 391
433 459 85 102 425
277 205 258 137 223
132 16 293 61 135
313 19 450 37 86
388 322 324 0 432
159 383 437 368 38
333 47 66 63 172
271 326 287 436 406
367 440 22 379 204
300 312 404 358 446
266 228 131 138 451
10 315 4 269 301
9 224 400 210 161
26 247 114 150 1
298 217 213 91 121
458 264 21 418 288
430 460 189 250 162
261 83 171 196 356
311 337 302 448 428
252 401 314 34 463
443 260 181 62 343
75 198 157 74 128
284 118 309 193 7
286 283 216 202 381
361 407 33 72 42
13 173 126 339 429
267 303 282 411 278
116 360 296 119 67
227 130 49 109 77
259 207 334 113 95
145 206 452 222 184
108 55 165 323 329
274 382 219 320 330
243 438 195 76 27
426 60 208 65 225
257 141 100 365 142
371 304 58 155 306
295 236 317 163 125
73 235 422 90 105
454 11 194 29 3
237 427 199 355 156
297 455 170 374 229
2 28 357 160 115
294 178 369 409 50
92 338 84 120 375
218 158 289 215 391
433 459 85 102 425
277 205 258 137 223
132 16 293 61 135
40 192 56 88 12
