188 47 17 102 413
265 368 36 141 198
153 130 498 201 229
310 311 490 209 93
89 304 126 276 274
323 22 59 176 53
285 214 367 408 40
351 163 487 80 486
451 429 292 247 324
162 363 343 464 199
267 488 419 373 233
174 478 217 331 378
239 179 166 455 49
411 495 169 165 6
241 382 43 278 273
113 167 206 107 2
119 173 282 182 54
85 68 15 13 243
181 16 499 155 0
219 83 150 433 416
428 314 480 439 313
45 154 272 376 370
72 260 422 24 74
23 151 431 186 337
328 114 443 232 448
289 67 60 483 78
415 64 477 62 355
440 427 332 207 69
281 405 9 156 283
354 406 352 496 453
94 92 345 307 424
303 366 95 234 112
8 97 395 205 263
221 361 384 223 27
386 142 290 482 255
329 21 197 456 73
138 418 98 460 149
33 484 203 245 184
256 212 189 65 118
284 383 420 231 71
479 251 46 213 250
110 178 268 238 462
254 134 215 270 458
216 441 185 258 287
77 365 407 387 336
108 90 409 190 19
211 444 111 261 410
105 100 450 187 253
374 168 317 353 210
474 437 124 296 346
