292 291 268 246 293
292 291 268 246 293
371 399 398 345 344
292 291 268 246 293
371 399 398 345 344
380 379 438 437
292 291 268 246 293
371 399 398 345 344
380 379 438 437
121 106 122 139 123
292 291 268 246 293
371 399 398 345 344
380 379 438 437
121 106 122 139 123
303 329 280 279 304
292 291 268 246 293
371 399 398 345 344
380 379 438 437
121 106 122 139 123
303 329 280 279 304
387 446 445 388
292 291 268 246 293
371 399 398 345 344
380 379 438 437
121 106 122 139 123
303 329 280 279 304
387 446 445 388
483 482 452 451 422
292 291 268 246 293
371 399 398 345 344
380 379 438 437
121 106 122 139 123
303 329 280 279 304
387 446 445 388
483 482 452 451 422
59 71 60 72 61
292 291 268 246 293
371 399 398 345 344
380 379 438 437
121 106 122 139 123
303 329 280 279 304
387 446 445 388
483 482 452 451 422
59 71 60 72 61
100 115 131 102
292 291 268 246 293
371 399 398 345 344
380 379 438 437
121 106 122 139 123
303 329 280 279 304
387 446 445 388
483 482 452 451 422
59 71 60 72 61
100 115 131 102
68 81 95 70
292 291 268 246 293
371 399 398 345 344
380 379 438 437
121 106 122 139 123
303 329 280 279 304
387 446 445 388
483 482 452 451 422
59 71 60 72 61
100 115 131 102
68 81 95 70
465 435 406 467 466
292 291 268 246 293
371 399 398 345 344
380 379 438 437
121 106 122 139 123
303 329 280 279 304
387 446 445 388
483 482 452 451 422
59 71 60 72 61
100 115 131 102
68 81 95 70
465 435 406 467 466
391 338 336
292 291 268 246 293
371 399 398 345 344
380 379 438 437
121 106 122 139 123
303 329 280 279 304
387 446 445 388
483 482 452 451 422
59 71 60 72 61
100 115 131 102
68 81 95 70
465 435 406 467 466
391 338 336
53 64 62 74
292 291 268 246 293
371 399 398 345 344
380 379 438 437
121 106 122 139 123
303 329 280 279 304
387 446 445 388
483 482 452 451 422
59 71 60 72 61
100 115 131 102
68 81 95 70
465 435 406 467 466
391 338 336
53 64 62 74
218 217 262 240 219
292 291 268 246 293
371 399 398 345 344
380 379 438 437
121 106 122 139 123
303 329 280 279 304
387 446 445 388
483 482 452 451 422
59 71 60 72 61
100 115 131 102
68 81 95 70
465 435 406 467 466
391 338 336
53 64 62 74
218 217 262 240 219
456 454 485 426
292 291 268 246 293
371 399 398 345 344
380 379 438 437
121 106 122 139 123
303 329 280 279 304
387 446 445 388
483 482 452 451 422
59 71 60 72 61
100 115 131 102
68 81 95 70
465 435 406 467 466
391 338 336
53 64 62 74
218 217 262 240 219
456 454 485 426
460 459 490
292 291 268 246 293
371 399 398 345 344
380 379 438 437
121 106 122 139 123
303 329 280 279 304
387 446 445 388
483 482 452 451 422
59 71 60 72 61
100 115 131 102
68 81 95 70
465 435 406 467 466
391 338 336
53 64 62 74
218 217 262 240 219
456 454 485 426
460 459 490
229 251 250
292 291 268 246 293
371 399 398 345 344
380 379 438 437
121 106 122 139 123
303 329 280 279 304
387 446 445 388
483 482 452 451 422
59 71 60 72 61
100 115 131 102
68 81 95 70
465 435 406 467 466
391 338 336
53 64 62 74
218 217 262 240 219
456 454 485 426
460 459 490
229 251 250
56 37 47 58
292 291 268 246 293
371 399 398 345 344
380 379 438 437
121 106 122 139 123
303 329 280 279 304
387 446 445 388
483 482 452 451 422
59 71 60 72 61
100 115 131 102
68 81 95 70
465 435 406 467 466
391 338 336
53 64 62 74
218 217 262 240 219
456 454 485 426
460 459 490
229 251 250
56 37 47 58
216 196 195
292 291 268 246 293
371 399 398 345 344
380 379 438 437
121 106 122 139 123
303 329 280 279 304
387 446 445 388
483 482 452 451 422
59 71 60 72 61
100 115 131 102
68 81 95 70
465 435 406 467 466
391 338 336
53 64 62 74
218 217 262 240 219
456 454 485 426
460 459 490
229 251 250
56 37 47 58
216 196 195
136 154 153
292 291 268 246 293
371 399 398 345 344
380 379 438 437
121 106 122 139 123
303 329 280 279 304
387 446 445 388
483 482 452 451 422
59 71 60 72 61
100 115 131 102
68 81 95 70
465 435 406 467 466
391 338 336
53 64 62 74
218 217 262 240 219
456 454 485 426
460 459 490
229 251 250
56 37 47 58
216 196 195
136 154 153
236 259 237
292 291 268 246 293
371 399 398 345 344
380 379 438 437
121 106 122 139 123
303 329 280 279 304
387 446 445 388
483 482 452 451 422
59 71 60 72 61
100 115 131 102
68 81 95 70
465 435 406 467 466
391 338 336
53 64 62 74
218 217 262 240 219
456 454 485 426
460 459 490
229 251 250
56 37 47 58
216 196 195
136 154 153
236 259 237
366 340 339
292 291 268 246 293
371 399 398 345 344
380 379 438 437
121 106 122 139 123
303 329 280 279 304
387 446 445 388
483 482 452 451 422
59 71 60 72 61
100 115 131 102
68 81 95 70
465 435 406 467 466
391 338 336
53 64 62 74
218 217 262 240 219
456 454 485 426
460 459 490
229 251 250
56 37 47 58
216 196 195
136 154 153
236 259 237
366 340 339
301 327 326
292 291 268 246 293
371 399 398 345 344
380 379 438 437
121 106 122 139 123
303 329 280 279 304
387 446 445 388
483 482 452 451 422
59 71 60 72 61
100 115 131 102
68 81 95 70
465 435 406 467 466
391 338 336
53 64 62 74
218 217 262 240 219
456 454 485 426
460 459 490
229 251 250
56 37 47 58
216 196 195
136 154 153
236 259 237
366 340 339
301 327 326
166 185 167
292 291 268 246 293
371 399 398 345 344
380 379 438 437
121 106 122 139 123
303 329 280 279 304
387 446 445 388
483 482 452 451 422
59 71 60 72 61
100 115 131 102
68 81 95 70
465 435 406 467 466
391 338 336
53 64 62 74
218 217 262 240 219
456 454 485 426
460 459 490
229 251 250
56 37 47 58
216 196 195
136 154 153
236 259 237
366 340 339
301 327 326
166 185 167
270 248 247
292 291 268 246 293
371 399 398 345 344
380 379 438 437
121 106 122 139 123
303 329 280 279 304
387 446 445 388
483 482 452 451 422
59 71 60 72 61
100 115 131 102
68 81 95 70
465 435 406 467 466
391 338 336
53 64 62 74
218 217 262 240 219
456 454 485 426
460 459 490
229 251 250
56 37 47 58
216 196 195
136 154 153
236 259 237
366 340 339
301 327 326
166 185 167
270 248 247
261 239 238
292 291 268 246 293
371 399 398 345 344
380 379 438 437
121 106 122 139 123
303 329 280 279 304
387 446 445 388
483 482 452 451 422
59 71 60 72 61
100 115 131 102
68 81 95 70
465 435 406 467 466
391 338 336
53 64 62 74
218 217 262 240 219
456 454 485 426
460 459 490
229 251 250
56 37 47 58
216 196 195
136 154 153
236 259 237
366 340 339
301 327 326
166 185 167
270 248 247
261 239 238
424 423 395
292 291 268 246 293
371 399 398 345 344
380 379 438 437
121 106 122 139 123
303 329 280 279 304
387 446 445 388
483 482 452 451 422
59 71 60 72 61
100 115 131 102
68 81 95 70
465 435 406 467 466
391 338 336
53 64 62 74
218 217 262 240 219
456 454 485 426
460 459 490
229 251 250
56 37 47 58
216 196 195
136 154 153
236 259 237
366 340 339
301 327 326
166 185 167
270 248 247
261 239 238
424 423 395
273 297 274
292 291 268 246 293
371 399 398 345 344
380 379 438 437
121 106 122 139 123
303 329 280 279 304
387 446 445 388
483 482 452 451 422
59 71 60 72 61
100 115 131 102
68 81 95 70
465 435 406 467 466
391 338 336
53 64 62 74
218 217 262 240 219
456 454 485 426
460 459 490
229 251 250
56 37 47 58
216 196 195
136 154 153
236 259 237
366 340 339
301 327 326
166 185 167
270 248 247
261 239 238
424 423 395
273 297 274
319 295 320
292 291 268 246 293
371 399 398 345 344
380 379 438 437
121 106 122 139 123
303 329 280 279 304
387 446 445 388
483 482 452 451 422
59 71 60 72 61
100 115 131 102
68 81 95 70
465 435 406 467 466
391 338 336
53 64 62 74
218 217 262 240 219
456 454 485 426
460 459 490
229 251 250
56 37 47 58
216 196 195
136 154 153
236 259 237
366 340 339
301 327 326
166 185 167
270 248 247
261 239 238
424 423 395
273 297 274
319 295 320
383 356 355
292 291 268 246 293
371 399 398 345 344
380 379 438 437
121 106 122 139 123
303 329 280 279 304
387 446 445 388
483 482 452 451 422
59 71 60 72 61
100 115 131 102
68 81 95 70
465 435 406 467 466
391 338 336
53 64 62 74
218 217 262 240 219
456 454 485 426
460 459 490
229 251 250
56 37 47 58
216 196 195
136 154 153
236 259 237
366 340 339
301 327 326
166 185 167
270 248 247
261 239 238
424 423 395
273 297 274
319 295 320
383 356 355
19 26 25
292 291 268 246 293
371 399 398 345 344
380 379 438 437
121 106 122 139 123
303 329 280 279 304
387 446 445 388
483 482 452 451 422
59 71 60 72 61
100 115 131 102
68 81 95 70
465 435 406 467 466
391 338 336
53 64 62 74
218 217 262 240 219
456 454 485 426
460 459 490
229 251 250
56 37 47 58
216 196 195
136 154 153
236 259 237
366 340 339
301 327 326
166 185 167
270 248 247
261 239 238
424 423 395
273 297 274
319 295 320
383 356 355
19 26 25
376 350 377
292 291 268 246 293
371 399 398 345 344
380 379 438 437
121 106 122 139 123
303 329 280 279 304
387 446 445 388
483 482 452 451 422
59 71 60 72 61
100 115 131 102
68 81 95 70
465 435 406 467 466
391 338 336
53 64 62 74
218 217 262 240 219
456 454 485 426
460 459 490
229 251 250
56 37 47 58
216 196 195
136 154 153
236 259 237
366 340 339
301 327 326
166 185 167
270 248 247
261 239 238
424 423 395
273 297 274
319 295 320
383 356 355
19 26 25
376 350 377
191 172 171
292 291 268 246 293
371 399 398 345 344
380 379 438 437
121 106 122 139 123
303 329 280 279 304
387 446 445 388
483 482 452 451 422
59 71 60 72 61
100 115 131 102
68 81 95 70
465 435 406 467 466
391 338 336
53 64 62 74
218 217 262 240 219
456 454 485 426
460 459 490
229 251 250
56 37 47 58
216 196 195
136 154 153
236 259 237
366 340 339
301 327 326
166 185 167
270 248 247
261 239 238
424 423 395
273 297 274
319 295 320
383 356 355
19 26 25
376 350 377
191 172 171
265 264 263 220
292 291 268 246 293
371 399 398 345 344
380 379 438 437
121 106 122 139 123
303 329 280 279 304
387 446 445 388
483 482 452 451 422
59 71 60 72 61
100 115 131 102
68 81 95 70
465 435 406 467 466
391 338 336
53 64 62 74
218 217 262 240 219
456 454 485 426
460 459 490
229 251 250
56 37 47 58
216 196 195
136 154 153
236 259 237
366 340 339
301 327 326
166 185 167
270 248 247
261 239 238
424 423 395
273 297 274
319 295 320
383 356 355
19 26 25
376 350 377
191 172 171
265 264 263 220
12 5 3
292 291 268 246 293
371 399 398 345 344
380 379 438 437
121 106 122 139 123
303 329 280 279 304
387 446 445 388
483 482 452 451 422
59 71 60 72 61
100 115 131 102
68 81 95 70
465 435 406 467 466
391 338 336
53 64 62 74
218 217 262 240 219
456 454 485 426
460 459 490
229 251 250
56 37 47 58
216 196 195
136 154 153
236 259 237
366 340 339
301 327 326
166 185 167
270 248 247
261 239 238
424 423 395
273 297 274
319 295 320
383 356 355
19 26 25
376 350 377
191 172 171
265 264 263 220
12 5 3
428 489 487
292 291 268 246 293
371 399 398 345 344
380 379 438 437
121 106 122 139 123
303 329 280 279 304
387 446 445 388
483 482 452 451 422
59 71 60 72 61
100 115 131 102
68 81 95 70
465 435 406 467 466
391 338 336
53 64 62 74
218 217 262 240 219
456 454 485 426
460 459 490
229 251 250
56 37 47 58
216 196 195
136 154 153
236 259 237
366 340 339
301 327 326
166 185 167
270 248 247
261 239 238
424 423 395
273 297 274
319 295 320
383 356 355
19 26 25
376 350 377
191 172 171
265 264 263 220
12 5 3
428 489 487
486 427 425
292 291 268 246 293
371 399 398 345 344
380 379 438 437
121 106 122 139 123
303 329 280 279 304
387 446 445 388
483 482 452 451 422
59 71 60 72 61
100 115 131 102
68 81 95 70
465 435 406 467 466
391 338 336
53 64 62 74
218 217 262 240 219
456 454 485 426
460 459 490
229 251 250
56 37 47 58
216 196 195
136 154 153
236 259 237
366 340 339
301 327 326
166 185 167
270 248 247
261 239 238
424 423 395
273 297 274
319 295 320
383 356 355
19 26 25
376 350 377
191 172 171
265 264 263 220
12 5 3
428 489 487
486 427 425
184 149 186
