455 69 137 141 480
455 69 137 141 480
338 37 289 353 448
455 69 137 141 480
338 37 289 353 448
181 292 271 88
455 69 137 141 480
338 37 289 353 448
181 292 271 88
110 267 265 244
455 69 137 141 480
338 37 289 353 448
181 292 271 88
110 267 265 244
20 309 232 193
455 69 137 141 480
338 37 289 353 448
181 292 271 88
110 267 265 244
20 309 232 193
402 210 189 344
455 69 137 141 480
338 37 289 353 448
181 292 271 88
110 267 265 244
20 309 232 193
402 210 189 344
443 4 326 212
455 69 137 141 480
338 37 289 353 448
181 292 271 88
110 267 265 244
20 309 232 193
402 210 189 344
443 4 326 212
471 184 465 301
455 69 137 141 480
338 37 289 353 448
181 292 271 88
110 267 265 244
20 309 232 193
402 210 189 344
443 4 326 212
471 184 465 301
369 254 364 175
455 69 137 141 480
338 37 289 353 448
181 292 271 88
110 267 265 244
20 309 232 193
402 210 189 344
443 4 326 212
471 184 465 301
369 254 364 175
462 21 183 22
455 69 137 141 480
338 37 289 353 448
181 292 271 88
110 267 265 244
20 309 232 193
402 210 189 344
443 4 326 212
471 184 465 301
369 254 364 175
462 21 183 22
442 167 235
455 69 137 141 480
338 37 289 353 448
181 292 271 88
110 267 265 244
20 309 232 193
402 210 189 344
443 4 326 212
471 184 465 301
369 254 364 175
462 21 183 22
442 167 235
5 322 43
455 69 137 141 480
338 37 289 353 448
181 292 271 88
110 267 265 244
20 309 232 193
402 210 189 344
443 4 326 212
471 184 465 301
369 254 364 175
462 21 183 22
442 167 235
5 322 43
468 453 59
455 69 137 141 480
338 37 289 353 448
181 292 271 88
110 267 265 244
20 309 232 193
402 210 189 344
443 4 326 212
471 184 465 301
369 254 364 175
462 21 183 22
442 167 235
5 322 43
468 453 59
14 227 494
455 69 137 141 480
338 37 289 353 448
181 292 271 88
110 267 265 244
20 309 232 193
402 210 189 344
443 4 326 212
471 184 465 301
369 254 364 175
462 21 183 22
442 167 235
5 322 43
468 453 59
14 227 494
191 219
455 69 137 141 480
338 37 289 353 448
181 292 271 88
110 267 265 244
20 309 232 193
402 210 189 344
443 4 326 212
471 184 465 301
369 254 364 175
462 21 183 22
442 167 235
5 322 43
468 453 59
14 227 494
191 219
472 50
455 69 137 141 480
338 37 289 353 448
181 292 271 88
110 267 265 244
20 309 232 193
402 210 189 344
443 4 326 212
471 184 465 301
369 254 364 175
462 21 183 22
442 167 235
5 322 43
468 453 59
14 227 494
191 219
472 50
280 372
455 69 137 141 480
338 37 289 353 448
181 292 271 88
110 267 265 244
20 309 232 193
402 210 189 344
443 4 326 212
471 184 465 301
369 254 364 175
462 21 183 22
442 167 235
5 322 43
468 453 59
14 227 494
191 219
472 50
280 372
269 125
455 69 137 141 480
338 37 289 353 448
181 292 271 88
110 267 265 244
20 309 232 193
402 210 189 344
443 4 326 212
471 184 465 301
369 254 364 175
462 21 183 22
442 167 235
5 322 43
468 453 59
14 227 494
191 219
472 50
280 372
269 125
160 315
455 69 137 141 480
338 37 289 353 448
181 292 271 88
110 267 265 244
20 309 232 193
402 210 189 344
443 4 326 212
471 184 465 301
369 254 364 175
462 21 183 22
442 167 235
5 322 43
468 453 59
14 227 494
191 219
472 50
280 372
269 125
160 315
400 445
455 69 137 141 480
338 37 289 353 448
181 292 271 88
110 267 265 244
20 309 232 193
402 210 189 344
443 4 326 212
471 184 465 301
369 254 364 175
462 21 183 22
442 167 235
5 322 43
468 453 59
14 227 494
191 219
472 50
280 372
269 125
160 315
400 445
220 140
455 69 137 141 480
338 37 289 353 448
181 292 271 88
110 267 265 244
20 309 232 193
402 210 189 344
443 4 326 212
471 184 465 301
369 254 364 175
462 21 183 22
442 167 235
5 322 43
468 453 59
14 227 494
191 219
472 50
280 372
269 125
160 315
400 445
220 140
158 427
455 69 137 141 480
338 37 289 353 448
181 292 271 88
110 267 265 244
20 309 232 193
402 210 189 344
443 4 326 212
471 184 465 301
369 254 364 175
462 21 183 22
442 167 235
5 322 43
468 453 59
14 227 494
191 219
472 50
280 372
269 125
160 315
400 445
220 140
158 427
316 0
455 69 137 141 480
338 37 289 353 448
181 292 271 88
110 267 265 244
20 309 232 193
402 210 189 344
443 4 326 212
471 184 465 301
369 254 364 175
462 21 183 22
442 167 235
5 322 43
468 453 59
14 227 494
191 219
472 50
280 372
269 125
160 315
400 445
220 140
158 427
316 0
65 154
455 69 137 141 480
338 37 289 353 448
181 292 271 88
110 267 265 244
20 309 232 193
402 210 189 344
443 4 326 212
471 184 465 301
369 254 364 175
462 21 183 22
442 167 235
5 322 43
468 453 59
14 227 494
191 219
472 50
280 372
269 125
160 315
400 445
220 140
158 427
316 0
65 154
461 80
455 69 137 141 480
338 37 289 353 448
181 292 271 88
110 267 265 244
20 309 232 193
402 210 189 344
443 4 326 212
471 184 465 301
369 254 364 175
462 21 183 22
442 167 235
5 322 43
468 453 59
14 227 494
191 219
472 50
280 372
269 125
160 315
400 445
220 140
158 427
316 0
65 154
461 80
114 19
