397 292 227 6 442
449 134 57 29 30
486 418 233 243 241
385 64 387 204 67
355 88 225 7 65
372 154 44 396 12
282 82 33 384
210 468 298 316
104 474 81 4 420
46 189 404 172 435
379 472 381 494 273
499 228 42 105
365 89
179 191 94
400 354 43 487
126 152
209 408 155 458
436 437 1 313
402 478
258 441 171
41 275
256 336 133
124 465
356 37
72 320
329 36
193 283
482 85
186 158
266 47
454 181
145 147
278 110
392 173
416 339
455 346
183 415
277 426
359 261
452 61
45 450
178 270
394 24
305 252
115 116
148 389
399 428
206 352
259 248
117 146
157 21
485 343
268 265
496 78
128 332
297 27
39 77
495 447
112 308
430 59
481 410
269 109
0 380
113 87
26 321
