84 183 146 174 61
22 265 14 242 386
224 225 125 74 8
200 191 121 90 371
159 35 165 240 274
258 253 223 156 30
145 109 59 377 214
355 398 132 7 261
335 162 359 107 307
41 147 102 139 131
32 28 118 187 280
21 36 122 39 79
126 217 256 358 384
216 51 279 130 164
85 282 89 317 299
46 198 138 50 334
167 211 158 275 332
83 44 273 99 38
178 222 230 29 210
13 380 252 117 161
239 333 18 77 336
180 34 262 237 391
357 204 212 266 399
246 388 170 342 19
81 2 57 235 114
40 1 60 309 49
182 392 98 115 86
70 65 175 33 361
113 128 344 300 4
71 104 251 373 331
339 365 313 238 16
374 379 226 281 133
179 328 10 87 390
327 25 42 294 250
15 350 68 372 308
345 340 149 283 376
236 393 20 96 270
43 271 5 370 306
137 203 341 177 12
142 397 82 208 249
