447 307 356 471 453
447 307 356 471 453
0 258 179 446 149
447 307 356 471 453
0 258 179 446 149
175 143 31 368 35
447 307 356 471 453
0 258 179 446 149
175 143 31 368 35
221 364 388 340 272
447 307 356 471 453
0 258 179 446 149
175 143 31 368 35
221 364 388 340 272
413 492 463 408 378
447 307 356 471 453
0 258 179 446 149
175 143 31 368 35
221 364 388 340 272
413 492 463 408 378
344 438 134 98 85
447 307 356 471 453
0 258 179 446 149
175 143 31 368 35
221 364 388 340 272
413 492 463 408 378
344 438 134 98 85
42 224 70 332 46
447 307 356 471 453
0 258 179 446 149
175 143 31 368 35
221 364 388 340 272
413 492 463 408 378
344 438 134 98 85
42 224 70 332 46
341 360 203 460 479
447 307 356 471 453
0 258 179 446 149
175 143 31 368 35
221 364 388 340 272
413 492 463 408 378
344 438 134 98 85
42 224 70 332 46
341 360 203 460 479
391 77 376 66 218
447 307 356 471 453
0 258 179 446 149
175 143 31 368 35
221 364 388 340 272
413 492 463 408 378
344 438 134 98 85
42 224 70 332 46
341 360 203 460 479
391 77 376 66 218
18 432 87 120 251
447 307 356 471 453
0 258 179 446 149
175 143 31 368 35
221 364 388 340 272
413 492 463 408 378
344 438 134 98 85
42 224 70 332 46
341 360 203 460 479
391 77 376 66 218
18 432 87 120 251
489 44 331 336 119
447 307 356 471 453
0 258 179 446 149
175 143 31 368 35
221 364 388 340 272
413 492 463 408 378
344 438 134 98 85
42 224 70 332 46
341 360 203 460 479
391 77 376 66 218
18 432 87 120 251
489 44 331 336 119
379 57 24 414 132
447 307 356 471 453
0 258 179 446 149
175 143 31 368 35
221 364 388 340 272
413 492 463 408 378
344 438 134 98 85
42 224 70 332 46
341 360 203 460 479
391 77 376 66 218
18 432 87 120 251
489 44 331 336 119
379 57 24 414 132
136 263 461 405 219
447 307 356 471 453
0 258 179 446 149
175 143 31 368 35
221 364 388 340 272
413 492 463 408 378
344 438 134 98 85
42 224 70 332 46
341 360 203 460 479
391 77 376 66 218
18 432 87 120 251
489 44 331 336 119
379 57 24 414 132
136 263 461 405 219
442 211 284 26 335
447 307 356 471 453
0 258 179 446 149
175 143 31 368 35
221 364 388 340 272
413 492 463 408 378
344 438 134 98 85
42 224 70 332 46
341 360 203 460 479
391 77 376 66 218
18 432 87 120 251
489 44 331 336 119
379 57 24 414 132
136 263 461 405 219
442 211 284 26 335
279 253 193 337 397
447 307 356 471 453
0 258 179 446 149
175 143 31 368 35
221 364 388 340 272
413 492 463 408 378
344 438 134 98 85
42 224 70 332 46
341 360 203 460 479
391 77 376 66 218
18 432 87 120 251
489 44 331 336 119
379 57 24 414 132
136 263 461 405 219
442 211 284 26 335
279 253 193 337 397
239 458 277 81 82
447 307 356 471 453
0 258 179 446 149
175 143 31 368 35
221 364 388 340 272
413 492 463 408 378
344 438 134 98 85
42 224 70 332 46
341 360 203 460 479
391 77 376 66 218
18 432 87 120 251
489 44 331 336 119
379 57 24 414 132
136 263 461 405 219
442 211 284 26 335
279 253 193 337 397
239 458 277 81 82
393 386 89 154 16
447 307 356 471 453
0 258 179 446 149
175 143 31 368 35
221 364 388 340 272
413 492 463 408 378
344 438 134 98 85
42 224 70 332 46
341 360 203 460 479
391 77 376 66 218
18 432 87 120 251
489 44 331 336 119
379 57 24 414 132
136 263 461 405 219
442 211 284 26 335
279 253 193 337 397
239 458 277 81 82
393 386 89 154 16
309 128 343 91 238
447 307 356 471 453
0 258 179 446 149
175 143 31 368 35
221 364 388 340 272
413 492 463 408 378
344 438 134 98 85
42 224 70 332 46
341 360 203 460 479
391 77 376 66 218
18 432 87 120 251
489 44 331 336 119
379 57 24 414 132
136 263 461 405 219
442 211 284 26 335
279 253 193 337 397
239 458 277 81 82
393 386 89 154 16
309 128 343 91 238
322 415 328 197 102
447 307 356 471 453
0 258 179 446 149
175 143 31 368 35
221 364 388 340 272
413 492 463 408 378
344 438 134 98 85
42 224 70 332 46
341 360 203 460 479
391 77 376 66 218
18 432 87 120 251
489 44 331 336 119
379 57 24 414 132
136 263 461 405 219
442 211 284 26 335
279 253 193 337 397
239 458 277 81 82
393 386 89 154 16
309 128 343 91 238
322 415 328 197 102
290 157 104 148 256
447 307 356 471 453
0 258 179 446 149
175 143 31 368 35
221 364 388 340 272
413 492 463 408 378
344 438 134 98 85
42 224 70 332 46
341 360 203 460 479
391 77 376 66 218
18 432 87 120 251
489 44 331 336 119
379 57 24 414 132
136 263 461 405 219
442 211 284 26 335
279 253 193 337 397
239 458 277 81 82
393 386 89 154 16
309 128 343 91 238
322 415 328 197 102
290 157 104 148 256
113 11 162 334 464
447 307 356 471 453
0 258 179 446 149
175 143 31 368 35
221 364 388 340 272
413 492 463 408 378
344 438 134 98 85
42 224 70 332 46
341 360 203 460 479
391 77 376 66 218
18 432 87 120 251
489 44 331 336 119
379 57 24 414 132
136 263 461 405 219
442 211 284 26 335
279 253 193 337 397
239 458 277 81 82
393 386 89 154 16
309 128 343 91 238
322 415 328 197 102
290 157 104 148 256
113 11 162 334 464
25 494 374 74 73
447 307 356 471 453
0 258 179 446 149
175 143 31 368 35
221 364 388 340 272
413 492 463 408 378
344 438 134 98 85
42 224 70 332 46
341 360 203 460 479
391 77 376 66 218
18 432 87 120 251
489 44 331 336 119
379 57 24 414 132
136 263 461 405 219
442 211 284 26 335
279 253 193 337 397
239 458 277 81 82
393 386 89 154 16
309 128 343 91 238
322 415 328 197 102
290 157 104 148 256
113 11 162 334 464
25 494 374 74 73
407 491 295 444 209
447 307 356 471 453
0 258 179 446 149
175 143 31 368 35
221 364 388 340 272
413 492 463 408 378
344 438 134 98 85
42 224 70 332 46
341 360 203 460 479
391 77 376 66 218
18 432 87 120 251
489 44 331 336 119
379 57 24 414 132
136 263 461 405 219
442 211 284 26 335
279 253 193 337 397
239 458 277 81 82
393 386 89 154 16
309 128 343 91 238
322 415 328 197 102
290 157 104 148 256
113 11 162 334 464
25 494 374 74 73
407 491 295 444 209
194 462 468 476 305
447 307 356 471 453
0 258 179 446 149
175 143 31 368 35
221 364 388 340 272
413 492 463 408 378
344 438 134 98 85
42 224 70 332 46
341 360 203 460 479
391 77 376 66 218
18 432 87 120 251
489 44 331 336 119
379 57 24 414 132
136 263 461 405 219
442 211 284 26 335
279 253 193 337 397
239 458 277 81 82
393 386 89 154 16
309 128 343 91 238
322 415 328 197 102
290 157 104 148 256
113 11 162 334 464
25 494 374 74 73
407 491 295 444 209
194 462 468 476 305
207 205 271 310 3
447 307 356 471 453
0 258 179 446 149
175 143 31 368 35
221 364 388 340 272
413 492 463 408 378
344 438 134 98 85
42 224 70 332 46
341 360 203 460 479
391 77 376 66 218
18 432 87 120 251
489 44 331 336 119
379 57 24 414 132
136 263 461 405 219
442 211 284 26 335
279 253 193 337 397
239 458 277 81 82
393 386 89 154 16
309 128 343 91 238
322 415 328 197 102
290 157 104 148 256
113 11 162 334 464
25 494 374 74 73
407 491 295 444 209
194 462 468 476 305
207 205 271 310 3
302 217 293 249 43
447 307 356 471 453
0 258 179 446 149
175 143 31 368 35
221 364 388 340 272
413 492 463 408 378
344 438 134 98 85
42 224 70 332 46
341 360 203 460 479
391 77 376 66 218
18 432 87 120 251
489 44 331 336 119
379 57 24 414 132
136 263 461 405 219
442 211 284 26 335
279 253 193 337 397
239 458 277 81 82
393 386 89 154 16
309 128 343 91 238
322 415 328 197 102
290 157 104 148 256
113 11 162 334 464
25 494 374 74 73
407 491 295 444 209
194 462 468 476 305
207 205 271 310 3
302 217 293 249 43
33 306 99 109 288
447 307 356 471 453
0 258 179 446 149
175 143 31 368 35
221 364 388 340 272
413 492 463 408 378
344 438 134 98 85
42 224 70 332 46
341 360 203 460 479
391 77 376 66 218
18 432 87 120 251
489 44 331 336 119
379 57 24 414 132
136 263 461 405 219
442 211 284 26 335
279 253 193 337 397
239 458 277 81 82
393 386 89 154 16
309 128 343 91 238
322 415 328 197 102
290 157 104 148 256
113 11 162 334 464
25 494 374 74 73
407 491 295 444 209
194 462 468 476 305
207 205 271 310 3
302 217 293 249 43
33 306 99 109 288
19 465 437 58 79
447 307 356 471 453
0 258 179 446 149
175 143 31 368 35
221 364 388 340 272
413 492 463 408 378
344 438 134 98 85
42 224 70 332 46
341 360 203 460 479
391 77 376 66 218
18 432 87 120 251
489 44 331 336 119
379 57 24 414 132
136 263 461 405 219
442 211 284 26 335
279 253 193 337 397
239 458 277 81 82
393 386 89 154 16
309 128 343 91 238
322 415 328 197 102
290 157 104 148 256
113 11 162 334 464
25 494 374 74 73
407 491 295 444 209
194 462 468 476 305
207 205 271 310 3
302 217 293 249 43
33 306 99 109 288
19 465 437 58 79
185 473 147 403 455
447 307 356 471 453
0 258 179 446 149
175 143 31 368 35
221 364 388 340 272
413 492 463 408 378
344 438 134 98 85
42 224 70 332 46
341 360 203 460 479
391 77 376 66 218
18 432 87 120 251
489 44 331 336 119
379 57 24 414 132
136 263 461 405 219
442 211 284 26 335
279 253 193 337 397
239 458 277 81 82
393 386 89 154 16
309 128 343 91 238
322 415 328 197 102
290 157 104 148 256
113 11 162 334 464
25 494 374 74 73
407 491 295 444 209
194 462 468 476 305
207 205 271 310 3
302 217 293 249 43
33 306 99 109 288
19 465 437 58 79
185 473 147 403 455
75 223 29 8 153
447 307 356 471 453
0 258 179 446 149
175 143 31 368 35
221 364 388 340 272
413 492 463 408 378
344 438 134 98 85
42 224 70 332 46
341 360 203 460 479
391 77 376 66 218
18 432 87 120 251
489 44 331 336 119
379 57 24 414 132
136 263 461 405 219
442 211 284 26 335
279 253 193 337 397
239 458 277 81 82
393 386 89 154 16
309 128 343 91 238
322 415 328 197 102
290 157 104 148 256
113 11 162 334 464
25 494 374 74 73
407 491 295 444 209
194 462 468 476 305
207 205 271 310 3
302 217 293 249 43
33 306 99 109 288
19 465 437 58 79
185 473 147 403 455
75 223 29 8 153
321 7 312 275 130
447 307 356 471 453
0 258 179 446 149
175 143 31 368 35
221 364 388 340 272
413 492 463 408 378
344 438 134 98 85
42 224 70 332 46
341 360 203 460 479
391 77 376 66 218
18 432 87 120 251
489 44 331 336 119
379 57 24 414 132
136 263 461 405 219
442 211 284 26 335
279 253 193 337 397
239 458 277 81 82
393 386 89 154 16
309 128 343 91 238
322 415 328 197 102
290 157 104 148 256
113 11 162 334 464
25 494 374 74 73
407 491 295 444 209
194 462 468 476 305
207 205 271 310 3
302 217 293 249 43
33 306 99 109 288
19 465 437 58 79
185 473 147 403 455
75 223 29 8 153
321 7 312 275 130
123 195 106 425 291
447 307 356 471 453
0 258 179 446 149
175 143 31 368 35
221 364 388 340 272
413 492 463 408 378
344 438 134 98 85
42 224 70 332 46
341 360 203 460 479
391 77 376 66 218
18 432 87 120 251
489 44 331 336 119
379 57 24 414 132
136 263 461 405 219
442 211 284 26 335
279 253 193 337 397
239 458 277 81 82
393 386 89 154 16
309 128 343 91 238
322 415 328 197 102
290 157 104 148 256
113 11 162 334 464
25 494 374 74 73
407 491 295 444 209
194 462 468 476 305
207 205 271 310 3
302 217 293 249 43
33 306 99 109 288
19 465 437 58 79
185 473 147 403 455
75 223 29 8 153
321 7 312 275 130
123 195 106 425 291
459 167 474 40 228
447 307 356 471 453
0 258 179 446 149
175 143 31 368 35
221 364 388 340 272
413 492 463 408 378
344 438 134 98 85
42 224 70 332 46
341 360 203 460 479
391 77 376 66 218
18 432 87 120 251
489 44 331 336 119
379 57 24 414 132
136 263 461 405 219
442 211 284 26 335
279 253 193 337 397
239 458 277 81 82
393 386 89 154 16
309 128 343 91 238
322 415 328 197 102
290 157 104 148 256
113 11 162 334 464
25 494 374 74 73
407 491 295 444 209
194 462 468 476 305
207 205 271 310 3
302 217 293 249 43
33 306 99 109 288
19 465 437 58 79
185 473 147 403 455
75 223 29 8 153
321 7 312 275 130
123 195 106 425 291
459 167 474 40 228
206 303 496 215 182
447 307 356 471 453
0 258 179 446 149
175 143 31 368 35
221 364 388 340 272
413 492 463 408 378
344 438 134 98 85
42 224 70 332 46
341 360 203 460 479
391 77 376 66 218
18 432 87 120 251
489 44 331 336 119
379 57 24 414 132
136 263 461 405 219
442 211 284 26 335
279 253 193 337 397
239 458 277 81 82
393 386 89 154 16
309 128 343 91 238
322 415 328 197 102
290 157 104 148 256
113 11 162 334 464
25 494 374 74 73
407 491 295 444 209
194 462 468 476 305
207 205 271 310 3
302 217 293 249 43
33 306 99 109 288
19 465 437 58 79
185 473 147 403 455
75 223 29 8 153
321 7 312 275 130
123 195 106 425 291
459 167 474 40 228
206 303 496 215 182
412 366 139 482 37
447 307 356 471 453
0 258 179 446 149
175 143 31 368 35
221 364 388 340 272
413 492 463 408 378
344 438 134 98 85
42 224 70 332 46
341 360 203 460 479
391 77 376 66 218
18 432 87 120 251
489 44 331 336 119
379 57 24 414 132
136 263 461 405 219
442 211 284 26 335
279 253 193 337 397
239 458 277 81 82
393 386 89 154 16
309 128 343 91 238
322 415 328 197 102
290 157 104 148 256
113 11 162 334 464
25 494 374 74 73
407 491 295 444 209
194 462 468 476 305
207 205 271 310 3
302 217 293 249 43
33 306 99 109 288
19 465 437 58 79
185 473 147 403 455
75 223 29 8 153
321 7 312 275 130
123 195 106 425 291
459 167 474 40 228
206 303 496 215 182
412 366 139 482 37
247 339 78 431 201
447 307 356 471 453
0 258 179 446 149
175 143 31 368 35
221 364 388 340 272
413 492 463 408 378
344 438 134 98 85
42 224 70 332 46
341 360 203 460 479
391 77 376 66 218
18 432 87 120 251
489 44 331 336 119
379 57 24 414 132
136 263 461 405 219
442 211 284 26 335
279 253 193 337 397
239 458 277 81 82
393 386 89 154 16
309 128 343 91 238
322 415 328 197 102
290 157 104 148 256
113 11 162 334 464
25 494 374 74 73
407 491 295 444 209
194 462 468 476 305
207 205 271 310 3
302 217 293 249 43
33 306 99 109 288
19 465 437 58 79
185 473 147 403 455
75 223 29 8 153
321 7 312 275 130
123 195 106 425 291
459 167 474 40 228
206 303 496 215 182
412 366 139 482 37
247 339 78 431 201
115 452 365 384 158
447 307 356 471 453
0 258 179 446 149
175 143 31 368 35
221 364 388 340 272
413 492 463 408 378
344 438 134 98 85
42 224 70 332 46
341 360 203 460 479
391 77 376 66 218
18 432 87 120 251
489 44 331 336 119
379 57 24 414 132
136 263 461 405 219
442 211 284 26 335
279 253 193 337 397
239 458 277 81 82
393 386 89 154 16
309 128 343 91 238
322 415 328 197 102
290 157 104 148 256
113 11 162 334 464
25 494 374 74 73
407 491 295 444 209
194 462 468 476 305
207 205 271 310 3
302 217 293 249 43
33 306 99 109 288
19 465 437 58 79
185 473 147 403 455
75 223 29 8 153
321 7 312 275 130
123 195 106 425 291
459 167 474 40 228
206 303 496 215 182
412 366 139 482 37
247 339 78 431 201
115 452 365 384 158
36 202 245 398 12
447 307 356 471 453
0 258 179 446 149
175 143 31 368 35
221 364 388 340 272
413 492 463 408 378
344 438 134 98 85
42 224 70 332 46
341 360 203 460 479
391 77 376 66 218
18 432 87 120 251
489 44 331 336 119
379 57 24 414 132
136 263 461 405 219
442 211 284 26 335
279 253 193 337 397
239 458 277 81 82
393 386 89 154 16
309 128 343 91 238
322 415 328 197 102
290 157 104 148 256
113 11 162 334 464
25 494 374 74 73
407 491 295 444 209
194 462 468 476 305
207 205 271 310 3
302 217 293 249 43
33 306 99 109 288
19 465 437 58 79
185 473 147 403 455
75 223 29 8 153
321 7 312 275 130
123 195 106 425 291
459 167 474 40 228
206 303 496 215 182
412 366 139 482 37
247 339 78 431 201
115 452 365 384 158
36 202 245 398 12
23 140 62 214 330
447 307 356 471 453
0 258 179 446 149
175 143 31 368 35
221 364 388 340 272
413 492 463 408 378
344 438 134 98 85
42 224 70 332 46
341 360 203 460 479
391 77 376 66 218
18 432 87 120 251
489 44 331 336 119
379 57 24 414 132
136 263 461 405 219
442 211 284 26 335
279 253 193 337 397
239 458 277 81 82
393 386 89 154 16
309 128 343 91 238
322 415 328 197 102
290 157 104 148 256
113 11 162 334 464
25 494 374 74 73
407 491 295 444 209
194 462 468 476 305
207 205 271 310 3
302 217 293 249 43
33 306 99 109 288
19 465 437 58 79
185 473 147 403 455
75 223 29 8 153
321 7 312 275 130
123 195 106 425 291
459 167 474 40 228
206 303 496 215 182
412 366 139 482 37
247 339 78 431 201
115 452 365 384 158
36 202 245 398 12
23 140 62 214 330
314 189 226 325 313
447 307 356 471 453
0 258 179 446 149
175 143 31 368 35
221 364 388 340 272
413 492 463 408 378
344 438 134 98 85
42 224 70 332 46
341 360 203 460 479
391 77 376 66 218
18 432 87 120 251
489 44 331 336 119
379 57 24 414 132
136 263 461 405 219
442 211 284 26 335
279 253 193 337 397
239 458 277 81 82
393 386 89 154 16
309 128 343 91 238
322 415 328 197 102
290 157 104 148 256
113 11 162 334 464
25 494 374 74 73
407 491 295 444 209
194 462 468 476 305
207 205 271 310 3
302 217 293 249 43
33 306 99 109 288
19 465 437 58 79
185 473 147 403 455
75 223 29 8 153
321 7 312 275 130
123 195 106 425 291
459 167 474 40 228
206 303 496 215 182
412 366 139 482 37
247 339 78 431 201
115 452 365 384 158
36 202 245 398 12
23 140 62 214 330
314 189 226 325 313
80 269 326 192 252
447 307 356 471 453
0 258 179 446 149
175 143 31 368 35
221 364 388 340 272
413 492 463 408 378
344 438 134 98 85
42 224 70 332 46
341 360 203 460 479
391 77 376 66 218
18 432 87 120 251
489 44 331 336 119
379 57 24 414 132
136 263 461 405 219
442 211 284 26 335
279 253 193 337 397
239 458 277 81 82
393 386 89 154 16
309 128 343 91 238
322 415 328 197 102
290 157 104 148 256
113 11 162 334 464
25 494 374 74 73
407 491 295 444 209
194 462 468 476 305
207 205 271 310 3
302 217 293 249 43
33 306 99 109 288
19 465 437 58 79
185 473 147 403 455
75 223 29 8 153
321 7 312 275 130
123 195 106 425 291
459 167 474 40 228
206 303 496 215 182
412 366 139 482 37
247 339 78 431 201
115 452 365 384 158
36 202 245 398 12
23 140 62 214 330
314 189 226 325 313
80 269 326 192 252
86 187 404 499 441
447 307 356 471 453
0 258 179 446 149
175 143 31 368 35
221 364 388 340 272
413 492 463 408 378
344 438 134 98 85
42 224 70 332 46
341 360 203 460 479
391 77 376 66 218
18 432 87 120 251
489 44 331 336 119
379 57 24 414 132
136 263 461 405 219
442 211 284 26 335
279 253 193 337 397
239 458 277 81 82
393 386 89 154 16
309 128 343 91 238
322 415 328 197 102
290 157 104 148 256
113 11 162 334 464
25 494 374 74 73
407 491 295 444 209
194 462 468 476 305
207 205 271 310 3
302 217 293 249 43
33 306 99 109 288
19 465 437 58 79
185 473 147 403 455
75 223 29 8 153
321 7 312 275 130
123 195 106 425 291
459 167 474 40 228
206 303 496 215 182
412 366 139 482 37
247 339 78 431 201
115 452 365 384 158
36 202 245 398 12
23 140 62 214 330
314 189 226 325 313
80 269 326 192 252
86 187 404 499 441
399 204 333 493 230
447 307 356 471 453
0 258 179 446 149
175 143 31 368 35
221 364 388 340 272
413 492 463 408 378
344 438 134 98 85
42 224 70 332 46
341 360 203 460 479
391 77 376 66 218
18 432 87 120 251
489 44 331 336 119
379 57 24 414 132
136 263 461 405 219
442 211 284 26 335
279 253 193 337 397
239 458 277 81 82
393 386 89 154 16
309 128 343 91 238
322 415 328 197 102
290 157 104 148 256
113 11 162 334 464
25 494 374 74 73
407 491 295 444 209
194 462 468 476 305
207 205 271 310 3
302 217 293 249 43
33 306 99 109 288
19 465 437 58 79
185 473 147 403 455
75 223 29 8 153
321 7 312 275 130
123 195 106 425 291
459 167 474 40 228
206 303 496 215 182
412 366 139 482 37
247 339 78 431 201
115 452 365 384 158
36 202 245 398 12
23 140 62 214 330
314 189 226 325 313
80 269 326 192 252
86 187 404 499 441
399 204 333 493 230
363 54 14 301 304
447 307 356 471 453
0 258 179 446 149
175 143 31 368 35
221 364 388 340 272
413 492 463 408 378
344 438 134 98 85
42 224 70 332 46
341 360 203 460 479
391 77 376 66 218
18 432 87 120 251
489 44 331 336 119
379 57 24 414 132
136 263 461 405 219
442 211 284 26 335
279 253 193 337 397
239 458 277 81 82
393 386 89 154 16
309 128 343 91 238
322 415 328 197 102
290 157 104 148 256
113 11 162 334 464
25 494 374 74 73
407 491 295 444 209
194 462 468 476 305
207 205 271 310 3
302 217 293 249 43
33 306 99 109 288
19 465 437 58 79
185 473 147 403 455
75 223 29 8 153
321 7 312 275 130
123 195 106 425 291
459 167 474 40 228
206 303 496 215 182
412 366 139 482 37
247 339 78 431 201
115 452 365 384 158
36 202 245 398 12
23 140 62 214 330
314 189 226 325 313
80 269 326 192 252
86 187 404 499 441
399 204 333 493 230
363 54 14 301 304
436 41 423 168 183
447 307 356 471 453
0 258 179 446 149
175 143 31 368 35
221 364 388 340 272
413 492 463 408 378
344 438 134 98 85
42 224 70 332 46
341 360 203 460 479
391 77 376 66 218
18 432 87 120 251
489 44 331 336 119
379 57 24 414 132
136 263 461 405 219
442 211 284 26 335
279 253 193 337 397
239 458 277 81 82
393 386 89 154 16
309 128 343 91 238
322 415 328 197 102
290 157 104 148 256
113 11 162 334 464
25 494 374 74 73
407 491 295 444 209
194 462 468 476 305
207 205 271 310 3
302 217 293 249 43
33 306 99 109 288
19 465 437 58 79
185 473 147 403 455
75 223 29 8 153
321 7 312 275 130
123 195 106 425 291
459 167 474 40 228
206 303 496 215 182
412 366 139 482 37
247 339 78 431 201
115 452 365 384 158
36 202 245 398 12
23 140 62 214 330
314 189 226 325 313
80 269 326 192 252
86 187 404 499 441
399 204 333 493 230
363 54 14 301 304
436 41 423 168 183
111 456 375 396 420
447 307 356 471 453
0 258 179 446 149
175 143 31 368 35
221 364 388 340 272
413 492 463 408 378
344 438 134 98 85
42 224 70 332 46
341 360 203 460 479
391 77 376 66 218
18 432 87 120 251
489 44 331 336 119
379 57 24 414 132
136 263 461 405 219
442 211 284 26 335
279 253 193 337 397
239 458 277 81 82
393 386 89 154 16
309 128 343 91 238
322 415 328 197 102
290 157 104 148 256
113 11 162 334 464
25 494 374 74 73
407 491 295 444 209
194 462 468 476 305
207 205 271 310 3
302 217 293 249 43
33 306 99 109 288
19 465 437 58 79
185 473 147 403 455
75 223 29 8 153
321 7 312 275 130
123 195 106 425 291
459 167 474 40 228
206 303 496 215 182
412 366 139 482 37
247 339 78 431 201
115 452 365 384 158
36 202 245 398 12
23 140 62 214 330
314 189 226 325 313
80 269 326 192 252
86 187 404 499 441
399 204 333 493 230
363 54 14 301 304
436 41 423 168 183
111 456 375 396 420
308 244 208 72 317
447 307 356 471 453
0 258 179 446 149
175 143 31 368 35
221 364 388 340 272
413 492 463 408 378
344 438 134 98 85
42 224 70 332 46
341 360 203 460 479
391 77 376 66 218
18 432 87 120 251
489 44 331 336 119
379 57 24 414 132
136 263 461 405 219
442 211 284 26 335
279 253 193 337 397
239 458 277 81 82
393 386 89 154 16
309 128 343 91 238
322 415 328 197 102
290 157 104 148 256
113 11 162 334 464
25 494 374 74 73
407 491 295 444 209
194 462 468 476 305
207 205 271 310 3
302 217 293 249 43
33 306 99 109 288
19 465 437 58 79
185 473 147 403 455
75 223 29 8 153
321 7 312 275 130
123 195 106 425 291
459 167 474 40 228
206 303 496 215 182
412 366 139 482 37
247 339 78 431 201
115 452 365 384 158
36 202 245 398 12
23 140 62 214 330
314 189 226 325 313
80 269 326 192 252
86 187 404 499 441
399 204 333 493 230
363 54 14 301 304
436 41 423 168 183
111 456 375 396 420
308 244 208 72 317
2 483 107 257 122
447 307 356 471 453
0 258 179 446 149
175 143 31 368 35
221 364 388 340 272
413 492 463 408 378
344 438 134 98 85
42 224 70 332 46
341 360 203 460 479
391 77 376 66 218
18 432 87 120 251
489 44 331 336 119
379 57 24 414 132
136 263 461 405 219
442 211 284 26 335
279 253 193 337 397
239 458 277 81 82
393 386 89 154 16
309 128 343 91 238
322 415 328 197 102
290 157 104 148 256
113 11 162 334 464
25 494 374 74 73
407 491 295 444 209
194 462 468 476 305
207 205 271 310 3
302 217 293 249 43
33 306 99 109 288
19 465 437 58 79
185 473 147 403 455
75 223 29 8 153
321 7 312 275 130
123 195 106 425 291
459 167 474 40 228
206 303 496 215 182
412 366 139 482 37
247 339 78 431 201
115 452 365 384 158
36 202 245 398 12
23 140 62 214 330
314 189 226 325 313
80 269 326 192 252
86 187 404 499 441
399 204 333 493 230
363 54 14 301 304
436 41 423 168 183
111 456 375 396 420
308 244 208 72 317
2 483 107 257 122
94 236 196 357 255
447 307 356 471 453
0 258 179 446 149
175 143 31 368 35
221 364 388 340 272
413 492 463 408 378
344 438 134 98 85
42 224 70 332 46
341 360 203 460 479
391 77 376 66 218
18 432 87 120 251
489 44 331 336 119
379 57 24 414 132
136 263 461 405 219
442 211 284 26 335
279 253 193 337 397
239 458 277 81 82
393 386 89 154 16
309 128 343 91 238
322 415 328 197 102
290 157 104 148 256
113 11 162 334 464
25 494 374 74 73
407 491 295 444 209
194 462 468 476 305
207 205 271 310 3
302 217 293 249 43
33 306 99 109 288
19 465 437 58 79
185 473 147 403 455
75 223 29 8 153
321 7 312 275 130
123 195 106 425 291
459 167 474 40 228
206 303 496 215 182
412 366 139 482 37
247 339 78 431 201
115 452 365 384 158
36 202 245 398 12
23 140 62 214 330
314 189 226 325 313
80 269 326 192 252
86 187 404 499 441
399 204 333 493 230
363 54 14 301 304
436 41 423 168 183
111 456 375 396 420
308 244 208 72 317
2 483 107 257 122
94 236 196 357 255
103 300 231 323 475
