139 368 354 190
139 368 354 190
53 150 20
139 368 354 190
53 150 20
288 142 217
139 368 354 190
53 150 20
288 142 217
313 311 140
139 368 354 190
53 150 20
288 142 217
313 311 140
357 163 435
139 368 354 190
53 150 20
288 142 217
313 311 140
357 163 435
135 356 376
139 368 354 190
53 150 20
288 142 217
313 311 140
357 163 435
135 356 376
85 248 297 17
139 368 354 190
53 150 20
288 142 217
313 311 140
357 163 435
135 356 376
85 248 297 17
207 301 201
139 368 354 190
53 150 20
288 142 217
313 311 140
357 163 435
135 356 376
85 248 297 17
207 301 201
475 213 290 385
139 368 354 190
53 150 20
288 142 217
313 311 140
357 163 435
135 356 376
85 248 297 17
207 301 201
475 213 290 385
89 415
139 368 354 190
53 150 20
288 142 217
313 311 140
357 163 435
135 356 376
85 248 297 17
207 301 201
475 213 290 385
89 415
267 102
139 368 354 190
53 150 20
288 142 217
313 311 140
357 163 435
135 356 376
85 248 297 17
207 301 201
475 213 290 385
89 415
267 102
302 402 337
139 368 354 190
53 150 20
288 142 217
313 311 140
357 163 435
135 356 376
85 248 297 17
207 301 201
475 213 290 385
89 415
267 102
302 402 337
30 241
139 368 354 190
53 150 20
288 142 217
313 311 140
357 163 435
135 356 376
85 248 297 17
207 301 201
475 213 290 385
89 415
267 102
302 402 337
30 241
219 314
139 368 354 190
53 150 20
288 142 217
313 311 140
357 163 435
135 356 376
85 248 297 17
207 301 201
475 213 290 385
89 415
267 102
302 402 337
30 241
219 314
381 41
139 368 354 190
53 150 20
288 142 217
313 311 140
357 163 435
135 356 376
85 248 297 17
207 301 201
475 213 290 385
89 415
267 102
302 402 337
30 241
219 314
381 41
372 377
139 368 354 190
53 150 20
288 142 217
313 311 140
357 163 435
135 356 376
85 248 297 17
207 301 201
475 213 290 385
89 415
267 102
302 402 337
30 241
219 314
381 41
372 377
229 178 260
139 368 354 190
53 150 20
288 142 217
313 311 140
357 163 435
135 356 376
85 248 297 17
207 301 201
475 213 290 385
89 415
267 102
302 402 337
30 241
219 314
381 41
372 377
229 178 260
221 358
139 368 354 190
53 150 20
288 142 217
313 311 140
357 163 435
135 356 376
85 248 297 17
207 301 201
475 213 290 385
89 415
267 102
302 402 337
30 241
219 314
381 41
372 377
229 178 260
221 358
363 253 59
139 368 354 190
53 150 20
288 142 217
313 311 140
357 163 435
135 356 376
85 248 297 17
207 301 201
475 213 290 385
89 415
267 102
302 402 337
30 241
219 314
381 41
372 377
229 178 260
221 358
363 253 59
39 250
139 368 354 190
53 150 20
288 142 217
313 311 140
357 163 435
135 356 376
85 248 297 17
207 301 201
475 213 290 385
89 415
267 102
302 402 337
30 241
219 314
381 41
372 377
229 178 260
221 358
363 253 59
39 250
285 395
139 368 354 190
53 150 20
288 142 217
313 311 140
357 163 435
135 356 376
85 248 297 17
207 301 201
475 213 290 385
89 415
267 102
302 402 337
30 241
219 314
381 41
372 377
229 178 260
221 358
363 253 59
39 250
285 395
33 10
139 368 354 190
53 150 20
288 142 217
313 311 140
357 163 435
135 356 376
85 248 297 17
207 301 201
475 213 290 385
89 415
267 102
302 402 337
30 241
219 314
381 41
372 377
229 178 260
221 358
363 253 59
39 250
285 395
33 10
495 168
139 368 354 190
53 150 20
288 142 217
313 311 140
357 163 435
135 356 376
85 248 297 17
207 301 201
475 213 290 385
89 415
267 102
302 402 337
30 241
219 314
381 41
372 377
229 178 260
221 358
363 253 59
39 250
285 395
33 10
495 168
324 470
139 368 354 190
53 150 20
288 142 217
313 311 140
357 163 435
135 356 376
85 248 297 17
207 301 201
475 213 290 385
89 415
267 102
302 402 337
30 241
219 314
381 41
372 377
229 178 260
221 358
363 253 59
39 250
285 395
33 10
495 168
324 470
431 351
139 368 354 190
53 150 20
288 142 217
313 311 140
357 163 435
135 356 376
85 248 297 17
207 301 201
475 213 290 385
89 415
267 102
302 402 337
30 241
219 314
381 41
372 377
229 178 260
221 358
363 253 59
39 250
285 395
33 10
495 168
324 470
431 351
60 471
139 368 354 190
53 150 20
288 142 217
313 311 140
357 163 435
135 356 376
85 248 297 17
207 301 201
475 213 290 385
89 415
267 102
302 402 337
30 241
219 314
381 41
372 377
229 178 260
221 358
363 253 59
39 250
285 395
33 10
495 168
324 470
431 351
60 471
206 220
139 368 354 190
53 150 20
288 142 217
313 311 140
357 163 435
135 356 376
85 248 297 17
207 301 201
475 213 290 385
89 415
267 102
302 402 337
30 241
219 314
381 41
372 377
229 178 260
221 358
363 253 59
39 250
285 395
33 10
495 168
324 470
431 351
60 471
206 220
282 54 230
139 368 354 190
53 150 20
288 142 217
313 311 140
357 163 435
135 356 376
85 248 297 17
207 301 201
475 213 290 385
89 415
267 102
302 402 337
30 241
219 314
381 41
372 377
229 178 260
221 358
363 253 59
39 250
285 395
33 10
495 168
324 470
431 351
60 471
206 220
282 54 230
370 289
139 368 354 190
53 150 20
288 142 217
313 311 140
357 163 435
135 356 376
85 248 297 17
207 301 201
475 213 290 385
89 415
267 102
302 402 337
30 241
219 314
381 41
372 377
229 178 260
221 358
363 253 59
39 250
285 395
33 10
495 168
324 470
431 351
60 471
206 220
282 54 230
370 289
114 332
139 368 354 190
53 150 20
288 142 217
313 311 140
357 163 435
135 356 376
85 248 297 17
207 301 201
475 213 290 385
89 415
267 102
302 402 337
30 241
219 314
381 41
372 377
229 178 260
221 358
363 253 59
39 250
285 395
33 10
495 168
324 470
431 351
60 471
206 220
282 54 230
370 289
114 332
224 450
139 368 354 190
53 150 20
288 142 217
313 311 140
357 163 435
135 356 376
85 248 297 17
207 301 201
475 213 290 385
89 415
267 102
302 402 337
30 241
219 314
381 41
372 377
229 178 260
221 358
363 253 59
39 250
285 395
33 10
495 168
324 470
431 351
60 471
206 220
282 54 230
370 289
114 332
224 450
387 175
139 368 354 190
53 150 20
288 142 217
313 311 140
357 163 435
135 356 376
85 248 297 17
207 301 201
475 213 290 385
89 415
267 102
302 402 337
30 241
219 314
381 41
372 377
229 178 260
221 358
363 253 59
39 250
285 395
33 10
495 168
324 470
431 351
60 471
206 220
282 54 230
370 289
114 332
224 450
387 175
263 166
139 368 354 190
53 150 20
288 142 217
313 311 140
357 163 435
135 356 376
85 248 297 17
207 301 201
475 213 290 385
89 415
267 102
302 402 337
30 241
219 314
381 41
372 377
229 178 260
221 358
363 253 59
39 250
285 395
33 10
495 168
324 470
431 351
60 471
206 220
282 54 230
370 289
114 332
224 450
387 175
263 166
68 417
139 368 354 190
53 150 20
288 142 217
313 311 140
357 163 435
135 356 376
85 248 297 17
207 301 201
475 213 290 385
89 415
267 102
302 402 337
30 241
219 314
381 41
372 377
229 178 260
221 358
363 253 59
39 250
285 395
33 10
495 168
324 470
431 351
60 471
206 220
282 54 230
370 289
114 332
224 450
387 175
263 166
68 417
132 147
139 368 354 190
53 150 20
288 142 217
313 311 140
357 163 435
135 356 376
85 248 297 17
207 301 201
475 213 290 385
89 415
267 102
302 402 337
30 241
219 314
381 41
372 377
229 178 260
221 358
363 253 59
39 250
285 395
33 10
495 168
324 470
431 351
60 471
206 220
282 54 230
370 289
114 332
224 450
387 175
263 166
68 417
132 147
319 108
139 368 354 190
53 150 20
288 142 217
313 311 140
357 163 435
135 356 376
85 248 297 17
207 301 201
475 213 290 385
89 415
267 102
302 402 337
30 241
219 314
381 41
372 377
229 178 260
221 358
363 253 59
39 250
285 395
33 10
495 168
324 470
431 351
60 471
206 220
282 54 230
370 289
114 332
224 450
387 175
263 166
68 417
132 147
319 108
119 257
139 368 354 190
53 150 20
288 142 217
313 311 140
357 163 435
135 356 376
85 248 297 17
207 301 201
475 213 290 385
89 415
267 102
302 402 337
30 241
219 314
381 41
372 377
229 178 260
221 358
363 253 59
39 250
285 395
33 10
495 168
324 470
431 351
60 471
206 220
282 54 230
370 289
114 332
224 450
387 175
263 166
68 417
132 147
319 108
119 257
43 476 386
139 368 354 190
53 150 20
288 142 217
313 311 140
357 163 435
135 356 376
85 248 297 17
207 301 201
475 213 290 385
89 415
267 102
302 402 337
30 241
219 314
381 41
372 377
229 178 260
221 358
363 253 59
39 250
285 395
33 10
495 168
324 470
431 351
60 471
206 220
282 54 230
370 289
114 332
224 450
387 175
263 166
68 417
132 147
319 108
119 257
43 476 386
281 117
139 368 354 190
53 150 20
288 142 217
313 311 140
357 163 435
135 356 376
85 248 297 17
207 301 201
475 213 290 385
89 415
267 102
302 402 337
30 241
219 314
381 41
372 377
229 178 260
221 358
363 253 59
39 250
285 395
33 10
495 168
324 470
431 351
60 471
206 220
282 54 230
370 289
114 332
224 450
387 175
263 166
68 417
132 147
319 108
119 257
43 476 386
281 117
75 361
139 368 354 190
53 150 20
288 142 217
313 311 140
357 163 435
135 356 376
85 248 297 17
207 301 201
475 213 290 385
89 415
267 102
302 402 337
30 241
219 314
381 41
372 377
229 178 260
221 358
363 253 59
39 250
285 395
33 10
495 168
324 470
431 351
60 471
206 220
282 54 230
370 289
114 332
224 450
387 175
263 166
68 417
132 147
319 108
119 257
43 476 386
281 117
75 361
271 80
139 368 354 190
53 150 20
288 142 217
313 311 140
357 163 435
135 356 376
85 248 297 17
207 301 201
475 213 290 385
89 415
267 102
302 402 337
30 241
219 314
381 41
372 377
229 178 260
221 358
363 253 59
39 250
285 395
33 10
495 168
324 470
431 351
60 471
206 220
282 54 230
370 289
114 332
224 450
387 175
263 166
68 417
132 147
319 108
119 257
43 476 386
281 117
75 361
271 80
15 169
139 368 354 190
53 150 20
288 142 217
313 311 140
357 163 435
135 356 376
85 248 297 17
207 301 201
475 213 290 385
89 415
267 102
302 402 337
30 241
219 314
381 41
372 377
229 178 260
221 358
363 253 59
39 250
285 395
33 10
495 168
324 470
431 351
60 471
206 220
282 54 230
370 289
114 332
224 450
387 175
263 166
68 417
132 147
319 108
119 257
43 476 386
281 117
75 361
271 80
15 169
479 124
139 368 354 190
53 150 20
288 142 217
313 311 140
357 163 435
135 356 376
85 248 297 17
207 301 201
475 213 290 385
89 415
267 102
302 402 337
30 241
219 314
381 41
372 377
229 178 260
221 358
363 253 59
39 250
285 395
33 10
495 168
324 470
431 351
60 471
206 220
282 54 230
370 289
114 332
224 450
387 175
263 166
68 417
132 147
319 108
119 257
43 476 386
281 117
75 361
271 80
15 169
479 124
287 268
139 368 354 190
53 150 20
288 142 217
313 311 140
357 163 435
135 356 376
85 248 297 17
207 301 201
475 213 290 385
89 415
267 102
302 402 337
30 241
219 314
381 41
372 377
229 178 260
221 358
363 253 59
39 250
285 395
33 10
495 168
324 470
431 351
60 471
206 220
282 54 230
370 289
114 332
224 450
387 175
263 166
68 417
132 147
319 108
119 257
43 476 386
281 117
75 361
271 80
15 169
479 124
287 268
191 116
139 368 354 190
53 150 20
288 142 217
313 311 140
357 163 435
135 356 376
85 248 297 17
207 301 201
475 213 290 385
89 415
267 102
302 402 337
30 241
219 314
381 41
372 377
229 178 260
221 358
363 253 59
39 250
285 395
33 10
495 168
324 470
431 351
60 471
206 220
282 54 230
370 289
114 332
224 450
387 175
263 166
68 417
132 147
319 108
119 257
43 476 386
281 117
75 361
271 80
15 169
479 124
287 268
191 116
494 317
139 368 354 190
53 150 20
288 142 217
313 311 140
357 163 435
135 356 376
85 248 297 17
207 301 201
475 213 290 385
89 415
267 102
302 402 337
30 241
219 314
381 41
372 377
229 178 260
221 358
363 253 59
39 250
285 395
33 10
495 168
324 470
431 351
60 471
206 220
282 54 230
370 289
114 332
224 450
387 175
263 166
68 417
132 147
319 108
119 257
43 476 386
281 117
75 361
271 80
15 169
479 124
287 268
191 116
494 317
328 218
