408 380 418 364
408 380 418 364
218 94 172 298
408 380 418 364
218 94 172 298
491 441 356 65 217
408 380 418 364
218 94 172 298
491 441 356 65 217
35 192 305 186
408 380 418 364
218 94 172 298
491 441 356 65 217
35 192 305 186
199 476 472 346
408 380 418 364
218 94 172 298
491 441 356 65 217
35 192 305 186
199 476 472 346
345 434 20 395 26
408 380 418 364
218 94 172 298
491 441 356 65 217
35 192 305 186
199 476 472 346
345 434 20 395 26
233 74 13 40
408 380 418 364
218 94 172 298
491 441 356 65 217
35 192 305 186
199 476 472 346
345 434 20 395 26
233 74 13 40
58 45 71 166
408 380 418 364
218 94 172 298
491 441 356 65 217
35 192 305 186
199 476 472 346
345 434 20 395 26
233 74 13 40
58 45 71 166
332 211 337 455
408 380 418 364
218 94 172 298
491 441 356 65 217
35 192 305 186
199 476 472 346
345 434 20 395 26
233 74 13 40
58 45 71 166
332 211 337 455
50 470 381
408 380 418 364
218 94 172 298
491 441 356 65 217
35 192 305 186
199 476 472 346
345 434 20 395 26
233 74 13 40
58 45 71 166
332 211 337 455
50 470 381
124 433 265 275
408 380 418 364
218 94 172 298
491 441 356 65 217
35 192 305 186
199 476 472 346
345 434 20 395 26
233 74 13 40
58 45 71 166
332 211 337 455
50 470 381
124 433 265 275
266 224 490 177
408 380 418 364
218 94 172 298
491 441 356 65 217
35 192 305 186
199 476 472 346
345 434 20 395 26
233 74 13 40
58 45 71 166
332 211 337 455
50 470 381
124 433 265 275
266 224 490 177
174 397 123 138
408 380 418 364
218 94 172 298
491 441 356 65 217
35 192 305 186
199 476 472 346
345 434 20 395 26
233 74 13 40
58 45 71 166
332 211 337 455
50 470 381
124 433 265 275
266 224 490 177
174 397 123 138
445 480 216 18
408 380 418 364
218 94 172 298
491 441 356 65 217
35 192 305 186
199 476 472 346
345 434 20 395 26
233 74 13 40
58 45 71 166
332 211 337 455
50 470 381
124 433 265 275
266 224 490 177
174 397 123 138
445 480 216 18
117 454 190 446 393
408 380 418 364
218 94 172 298
491 441 356 65 217
35 192 305 186
199 476 472 346
345 434 20 395 26
233 74 13 40
58 45 71 166
332 211 337 455
50 470 381
124 433 265 275
266 224 490 177
174 397 123 138
445 480 216 18
117 454 190 446 393
195 81 348
408 380 418 364
218 94 172 298
491 441 356 65 217
35 192 305 186
199 476 472 346
345 434 20 395 26
233 74 13 40
58 45 71 166
332 211 337 455
50 470 381
124 433 265 275
266 224 490 177
174 397 123 138
445 480 216 18
117 454 190 446 393
195 81 348
351 36 248
408 380 418 364
218 94 172 298
491 441 356 65 217
35 192 305 186
199 476 472 346
345 434 20 395 26
233 74 13 40
58 45 71 166
332 211 337 455
50 470 381
124 433 265 275
266 224 490 177
174 397 123 138
445 480 216 18
117 454 190 446 393
195 81 348
351 36 248
406 452 420
408 380 418 364
218 94 172 298
491 441 356 65 217
35 192 305 186
199 476 472 346
345 434 20 395 26
233 74 13 40
58 45 71 166
332 211 337 455
50 470 381
124 433 265 275
266 224 490 177
174 397 123 138
445 480 216 18
117 454 190 446 393
195 81 348
351 36 248
406 452 420
252 39 262
408 380 418 364
218 94 172 298
491 441 356 65 217
35 192 305 186
199 476 472 346
345 434 20 395 26
233 74 13 40
58 45 71 166
332 211 337 455
50 470 381
124 433 265 275
266 224 490 177
174 397 123 138
445 480 216 18
117 454 190 446 393
195 81 348
351 36 248
406 452 420
252 39 262
427 316
408 380 418 364
218 94 172 298
491 441 356 65 217
35 192 305 186
199 476 472 346
345 434 20 395 26
233 74 13 40
58 45 71 166
332 211 337 455
50 470 381
124 433 265 275
266 224 490 177
174 397 123 138
445 480 216 18
117 454 190 446 393
195 81 348
351 36 248
406 452 420
252 39 262
427 316
69 361 270
408 380 418 364
218 94 172 298
491 441 356 65 217
35 192 305 186
199 476 472 346
345 434 20 395 26
233 74 13 40
58 45 71 166
332 211 337 455
50 470 381
124 433 265 275
266 224 490 177
174 397 123 138
445 480 216 18
117 454 190 446 393
195 81 348
351 36 248
406 452 420
252 39 262
427 316
69 361 270
4 73
408 380 418 364
218 94 172 298
491 441 356 65 217
35 192 305 186
199 476 472 346
345 434 20 395 26
233 74 13 40
58 45 71 166
332 211 337 455
50 470 381
124 433 265 275
266 224 490 177
174 397 123 138
445 480 216 18
117 454 190 446 393
195 81 348
351 36 248
406 452 420
252 39 262
427 316
69 361 270
4 73
15 311 153
408 380 418 364
218 94 172 298
491 441 356 65 217
35 192 305 186
199 476 472 346
345 434 20 395 26
233 74 13 40
58 45 71 166
332 211 337 455
50 470 381
124 433 265 275
266 224 490 177
174 397 123 138
445 480 216 18
117 454 190 446 393
195 81 348
351 36 248
406 452 420
252 39 262
427 316
69 361 270
4 73
15 311 153
461 378
408 380 418 364
218 94 172 298
491 441 356 65 217
35 192 305 186
199 476 472 346
345 434 20 395 26
233 74 13 40
58 45 71 166
332 211 337 455
50 470 381
124 433 265 275
266 224 490 177
174 397 123 138
445 480 216 18
117 454 190 446 393
195 81 348
351 36 248
406 452 420
252 39 262
427 316
69 361 270
4 73
15 311 153
461 378
467 70 32
408 380 418 364
218 94 172 298
491 441 356 65 217
35 192 305 186
199 476 472 346
345 434 20 395 26
233 74 13 40
58 45 71 166
332 211 337 455
50 470 381
124 433 265 275
266 224 490 177
174 397 123 138
445 480 216 18
117 454 190 446 393
195 81 348
351 36 248
406 452 420
252 39 262
427 316
69 361 270
4 73
15 311 153
461 378
467 70 32
207 9
408 380 418 364
218 94 172 298
491 441 356 65 217
35 192 305 186
199 476 472 346
345 434 20 395 26
233 74 13 40
58 45 71 166
332 211 337 455
50 470 381
124 433 265 275
266 224 490 177
174 397 123 138
445 480 216 18
117 454 190 446 393
195 81 348
351 36 248
406 452 420
252 39 262
427 316
69 361 270
4 73
15 311 153
461 378
467 70 32
207 9
89 457
408 380 418 364
218 94 172 298
491 441 356 65 217
35 192 305 186
199 476 472 346
345 434 20 395 26
233 74 13 40
58 45 71 166
332 211 337 455
50 470 381
124 433 265 275
266 224 490 177
174 397 123 138
445 480 216 18
117 454 190 446 393
195 81 348
351 36 248
406 452 420
252 39 262
427 316
69 361 270
4 73
15 311 153
461 378
467 70 32
207 9
89 457
34 308
408 380 418 364
218 94 172 298
491 441 356 65 217
35 192 305 186
199 476 472 346
345 434 20 395 26
233 74 13 40
58 45 71 166
332 211 337 455
50 470 381
124 433 265 275
266 224 490 177
174 397 123 138
445 480 216 18
117 454 190 446 393
195 81 348
351 36 248
406 452 420
252 39 262
427 316
69 361 270
4 73
15 311 153
461 378
467 70 32
207 9
89 457
34 308
163 235
408 380 418 364
218 94 172 298
491 441 356 65 217
35 192 305 186
199 476 472 346
345 434 20 395 26
233 74 13 40
58 45 71 166
332 211 337 455
50 470 381
124 433 265 275
266 224 490 177
174 397 123 138
445 480 216 18
117 454 190 446 393
195 81 348
351 36 248
406 452 420
252 39 262
427 316
69 361 270
4 73
15 311 153
461 378
467 70 32
207 9
89 457
34 308
163 235
110 150
408 380 418 364
218 94 172 298
491 441 356 65 217
35 192 305 186
199 476 472 346
345 434 20 395 26
233 74 13 40
58 45 71 166
332 211 337 455
50 470 381
124 433 265 275
266 224 490 177
174 397 123 138
445 480 216 18
117 454 190 446 393
195 81 348
351 36 248
406 452 420
252 39 262
427 316
69 361 270
4 73
15 311 153
461 378
467 70 32
207 9
89 457
34 308
163 235
110 150
21 91
408 380 418 364
218 94 172 298
491 441 356 65 217
35 192 305 186
199 476 472 346
345 434 20 395 26
233 74 13 40
58 45 71 166
332 211 337 455
50 470 381
124 433 265 275
266 224 490 177
174 397 123 138
445 480 216 18
117 454 190 446 393
195 81 348
351 36 248
406 452 420
252 39 262
427 316
69 361 270
4 73
15 311 153
461 378
467 70 32
207 9
89 457
34 308
163 235
110 150
21 91
223 19
408 380 418 364
218 94 172 298
491 441 356 65 217
35 192 305 186
199 476 472 346
345 434 20 395 26
233 74 13 40
58 45 71 166
332 211 337 455
50 470 381
124 433 265 275
266 224 490 177
174 397 123 138
445 480 216 18
117 454 190 446 393
195 81 348
351 36 248
406 452 420
252 39 262
427 316
69 361 270
4 73
15 311 153
461 378
467 70 32
207 9
89 457
34 308
163 235
110 150
21 91
223 19
169 83
408 380 418 364
218 94 172 298
491 441 356 65 217
35 192 305 186
199 476 472 346
345 434 20 395 26
233 74 13 40
58 45 71 166
332 211 337 455
50 470 381
124 433 265 275
266 224 490 177
174 397 123 138
445 480 216 18
117 454 190 446 393
195 81 348
351 36 248
406 452 420
252 39 262
427 316
69 361 270
4 73
15 311 153
461 378
467 70 32
207 9
89 457
34 308
163 235
110 150
21 91
223 19
169 83
421 147
408 380 418 364
218 94 172 298
491 441 356 65 217
35 192 305 186
199 476 472 346
345 434 20 395 26
233 74 13 40
58 45 71 166
332 211 337 455
50 470 381
124 433 265 275
266 224 490 177
174 397 123 138
445 480 216 18
117 454 190 446 393
195 81 348
351 36 248
406 452 420
252 39 262
427 316
69 361 270
4 73
15 311 153
461 378
467 70 32
207 9
89 457
34 308
163 235
110 150
21 91
223 19
169 83
421 147
424 79
408 380 418 364
218 94 172 298
491 441 356 65 217
35 192 305 186
199 476 472 346
345 434 20 395 26
233 74 13 40
58 45 71 166
332 211 337 455
50 470 381
124 433 265 275
266 224 490 177
174 397 123 138
445 480 216 18
117 454 190 446 393
195 81 348
351 36 248
406 452 420
252 39 262
427 316
69 361 270
4 73
15 311 153
461 378
467 70 32
207 9
89 457
34 308
163 235
110 150
21 91
223 19
169 83
421 147
424 79
97 354
408 380 418 364
218 94 172 298
491 441 356 65 217
35 192 305 186
199 476 472 346
345 434 20 395 26
233 74 13 40
58 45 71 166
332 211 337 455
50 470 381
124 433 265 275
266 224 490 177
174 397 123 138
445 480 216 18
117 454 190 446 393
195 81 348
351 36 248
406 452 420
252 39 262
427 316
69 361 270
4 73
15 311 153
461 378
467 70 32
207 9
89 457
34 308
163 235
110 150
21 91
223 19
169 83
421 147
424 79
97 354
392 112
408 380 418 364
218 94 172 298
491 441 356 65 217
35 192 305 186
199 476 472 346
345 434 20 395 26
233 74 13 40
58 45 71 166
332 211 337 455
50 470 381
124 433 265 275
266 224 490 177
174 397 123 138
445 480 216 18
117 454 190 446 393
195 81 348
351 36 248
406 452 420
252 39 262
427 316
69 361 270
4 73
15 311 153
461 378
467 70 32
207 9
89 457
34 308
163 235
110 150
21 91
223 19
169 83
421 147
424 79
97 354
392 112
64 335
408 380 418 364
218 94 172 298
491 441 356 65 217
35 192 305 186
199 476 472 346
345 434 20 395 26
233 74 13 40
58 45 71 166
332 211 337 455
50 470 381
124 433 265 275
266 224 490 177
174 397 123 138
445 480 216 18
117 454 190 446 393
195 81 348
351 36 248
406 452 420
252 39 262
427 316
69 361 270
4 73
15 311 153
461 378
467 70 32
207 9
89 457
34 308
163 235
110 150
21 91
223 19
169 83
421 147
424 79
97 354
392 112
64 335
25 274
408 380 418 364
218 94 172 298
491 441 356 65 217
35 192 305 186
199 476 472 346
345 434 20 395 26
233 74 13 40
58 45 71 166
332 211 337 455
50 470 381
124 433 265 275
266 224 490 177
174 397 123 138
445 480 216 18
117 454 190 446 393
195 81 348
351 36 248
406 452 420
252 39 262
427 316
69 361 270
4 73
15 311 153
461 378
467 70 32
207 9
89 457
34 308
163 235
110 150
21 91
223 19
169 83
421 147
424 79
97 354
392 112
64 335
25 274
141 31
