170 35 320 65 386
170 35 320 65 386
344 346 159 87 384
170 35 320 65 386
344 346 159 87 384
122 59 298 253 299
170 35 320 65 386
344 346 159 87 384
122 59 298 253 299
160 6 0 77
170 35 320 65 386
344 346 159 87 384
122 59 298 253 299
160 6 0 77
306 99 68 309
170 35 320 65 386
344 346 159 87 384
122 59 298 253 299
160 6 0 77
306 99 68 309
186 301 17 356
170 35 320 65 386
344 346 159 87 384
122 59 298 253 299
160 6 0 77
306 99 68 309
186 301 17 356
119 149
170 35 320 65 386
344 346 159 87 384
122 59 298 253 299
160 6 0 77
306 99 68 309
186 301 17 356
119 149
157 296 287 267
170 35 320 65 386
344 346 159 87 384
122 59 298 253 299
160 6 0 77
306 99 68 309
186 301 17 356
119 149
157 296 287 267
295 338 48
170 35 320 65 386
344 346 159 87 384
122 59 298 253 299
160 6 0 77
306 99 68 309
186 301 17 356
119 149
157 296 287 267
295 338 48
196 378 393 188
170 35 320 65 386
344 346 159 87 384
122 59 298 253 299
160 6 0 77
306 99 68 309
186 301 17 356
119 149
157 296 287 267
295 338 48
196 378 393 188
291 41 314
170 35 320 65 386
344 346 159 87 384
122 59 298 253 299
160 6 0 77
306 99 68 309
186 301 17 356
119 149
157 296 287 267
295 338 48
196 378 393 188
291 41 314
380 108 249 7
170 35 320 65 386
344 346 159 87 384
122 59 298 253 299
160 6 0 77
306 99 68 309
186 301 17 356
119 149
157 296 287 267
295 338 48
196 378 393 188
291 41 314
380 108 249 7
44 317 210
170 35 320 65 386
344 346 159 87 384
122 59 298 253 299
160 6 0 77
306 99 68 309
186 301 17 356
119 149
157 296 287 267
295 338 48
196 378 393 188
291 41 314
380 108 249 7
44 317 210
319 40
170 35 320 65 386
344 346 159 87 384
122 59 298 253 299
160 6 0 77
306 99 68 309
186 301 17 356
119 149
157 296 287 267
295 338 48
196 378 393 188
291 41 314
380 108 249 7
44 317 210
319 40
125 252 76
170 35 320 65 386
344 346 159 87 384
122 59 298 253 299
160 6 0 77
306 99 68 309
186 301 17 356
119 149
157 296 287 267
295 338 48
196 378 393 188
291 41 314
380 108 249 7
44 317 210
319 40
125 252 76
169 137 381
170 35 320 65 386
344 346 159 87 384
122 59 298 253 299
160 6 0 77
306 99 68 309
186 301 17 356
119 149
157 296 287 267
295 338 48
196 378 393 188
291 41 314
380 108 249 7
44 317 210
319 40
125 252 76
169 137 381
63 273 56
170 35 320 65 386
344 346 159 87 384
122 59 298 253 299
160 6 0 77
306 99 68 309
186 301 17 356
119 149
157 296 287 267
295 338 48
196 378 393 188
291 41 314
380 108 249 7
44 317 210
319 40
125 252 76
169 137 381
63 273 56
161 189
170 35 320 65 386
344 346 159 87 384
122 59 298 253 299
160 6 0 77
306 99 68 309
186 301 17 356
119 149
157 296 287 267
295 338 48
196 378 393 188
291 41 314
380 108 249 7
44 317 210
319 40
125 252 76
169 137 381
63 273 56
161 189
305 241
170 35 320 65 386
344 346 159 87 384
122 59 298 253 299
160 6 0 77
306 99 68 309
186 301 17 356
119 149
157 296 287 267
295 338 48
196 378 393 188
291 41 314
380 108 249 7
44 317 210
319 40
125 252 76
169 137 381
63 273 56
161 189
305 241
236 110
170 35 320 65 386
344 346 159 87 384
122 59 298 253 299
160 6 0 77
306 99 68 309
186 301 17 356
119 149
157 296 287 267
295 338 48
196 378 393 188
291 41 314
380 108 249 7
44 317 210
319 40
125 252 76
169 137 381
63 273 56
161 189
305 241
236 110
118 81
170 35 320 65 386
344 346 159 87 384
122 59 298 253 299
160 6 0 77
306 99 68 309
186 301 17 356
119 149
157 296 287 267
295 338 48
196 378 393 188
291 41 314
380 108 249 7
44 317 210
319 40
125 252 76
169 137 381
63 273 56
161 189
305 241
236 110
118 81
279 166
170 35 320 65 386
344 346 159 87 384
122 59 298 253 299
160 6 0 77
306 99 68 309
186 301 17 356
119 149
157 296 287 267
295 338 48
196 378 393 188
291 41 314
380 108 249 7
44 317 210
319 40
125 252 76
169 137 381
63 273 56
161 189
305 241
236 110
118 81
279 166
144 218
170 35 320 65 386
344 346 159 87 384
122 59 298 253 299
160 6 0 77
306 99 68 309
186 301 17 356
119 149
157 296 287 267
295 338 48
196 378 393 188
291 41 314
380 108 249 7
44 317 210
319 40
125 252 76
169 137 381
63 273 56
161 189
305 241
236 110
118 81
279 166
144 218
66 84
170 35 320 65 386
344 346 159 87 384
122 59 298 253 299
160 6 0 77
306 99 68 309
186 301 17 356
119 149
157 296 287 267
295 338 48
196 378 393 188
291 41 314
380 108 249 7
44 317 210
319 40
125 252 76
169 137 381
63 273 56
161 189
305 241
236 110
118 81
279 166
144 218
66 84
206 292
