260 278 279 274 277
260 278 279 274 277
200 201 202 203 204
260 278 279 274 277
200 201 202 203 204
180 181 182 183 184
260 278 279 274 277
200 201 202 203 204
180 181 182 183 184
20 21 22 23 24
260 278 279 274 277
200 201 202 203 204
180 181 182 183 184
20 21 22 23 24
400 418 419 414 417
260 278 279 274 277
200 201 202 203 204
180 181 182 183 184
20 21 22 23 24
400 418 419 414 417
0 18 19 14 17
260 278 279 274 277
200 201 202 203 204
180 181 182 183 184
20 21 22 23 24
400 418 419 414 417
0 18 19 14 17
40 58 59 54 57
260 278 279 274 277
200 201 202 203 204
180 181 182 183 184
20 21 22 23 24
400 418 419 414 417
0 18 19 14 17
40 58 59 54 57
80 81 82 83 84
260 278 279 274 277
200 201 202 203 204
180 181 182 183 184
20 21 22 23 24
400 418 419 414 417
0 18 19 14 17
40 58 59 54 57
80 81 82 83 84
240 241 242 243 244
260 278 279 274 277
200 201 202 203 204
180 181 182 183 184
20 21 22 23 24
400 418 419 414 417
0 18 19 14 17
40 58 59 54 57
80 81 82 83 84
240 241 242 243 244
120 121 122 123 124
260 278 279 274 277
200 201 202 203 204
180 181 182 183 184
20 21 22 23 24
400 418 419 414 417
0 18 19 14 17
40 58 59 54 57
80 81 82 83 84
240 241 242 243 244
120 121 122 123 124
160 161 162 163 164
260 278 279 274 277
200 201 202 203 204
180 181 182 183 184
20 21 22 23 24
400 418 419 414 417
0 18 19 14 17
40 58 59 54 57
80 81 82 83 84
240 241 242 243 244
120 121 122 123 124
160 161 162 163 164
220 221 222 223 224
260 278 279 274 277
200 201 202 203 204
180 181 182 183 184
20 21 22 23 24
400 418 419 414 417
0 18 19 14 17
40 58 59 54 57
80 81 82 83 84
240 241 242 243 244
120 121 122 123 124
160 161 162 163 164
220 221 222 223 224
300 301 302 303 304
