294 170 215 188 479
294 170 215 188 479
231 194 162 71 171
294 170 215 188 479
231 194 162 71 171
383 169 236 308 223
294 170 215 188 479
231 194 162 71 171
383 169 236 308 223
219 280 437 10 77
294 170 215 188 479
231 194 162 71 171
383 169 236 308 223
219 280 437 10 77
233 152 63 129 481
294 170 215 188 479
231 194 162 71 171
383 169 236 308 223
219 280 437 10 77
233 152 63 129 481
412 82 0 164 408
294 170 215 188 479
231 194 162 71 171
383 169 236 308 223
219 280 437 10 77
233 152 63 129 481
412 82 0 164 408
463 266 21 303 449
294 170 215 188 479
231 194 162 71 171
383 169 236 308 223
219 280 437 10 77
233 152 63 129 481
412 82 0 164 408
463 266 21 303 449
201 17 97 135 418
294 170 215 188 479
231 194 162 71 171
383 169 236 308 223
219 280 437 10 77
233 152 63 129 481
412 82 0 164 408
463 266 21 303 449
201 17 97 135 418
28 32 292 248 337
294 170 215 188 479
231 194 162 71 171
383 169 236 308 223
219 280 437 10 77
233 152 63 129 481
412 82 0 164 408
463 266 21 303 449
201 17 97 135 418
28 32 292 248 337
122 482 460 89
294 170 215 188 479
231 194 162 71 171
383 169 236 308 223
219 280 437 10 77
233 152 63 129 481
412 82 0 164 408
463 266 21 303 449
201 17 97 135 418
28 32 292 248 337
122 482 460 89
459 92 67 100
294 170 215 188 479
231 194 162 71 171
383 169 236 308 223
219 280 437 10 77
233 152 63 129 481
412 82 0 164 408
463 266 21 303 449
201 17 97 135 418
28 32 292 248 337
122 482 460 89
459 92 67 100
470 232 69 483
294 170 215 188 479
231 194 162 71 171
383 169 236 308 223
219 280 437 10 77
233 152 63 129 481
412 82 0 164 408
463 266 21 303 449
201 17 97 135 418
28 32 292 248 337
122 482 460 89
459 92 67 100
470 232 69 483
128 377 264 245 375
294 170 215 188 479
231 194 162 71 171
383 169 236 308 223
219 280 437 10 77
233 152 63 129 481
412 82 0 164 408
463 266 21 303 449
201 17 97 135 418
28 32 292 248 337
122 482 460 89
459 92 67 100
470 232 69 483
128 377 264 245 375
320 60 118 160 158
294 170 215 188 479
231 194 162 71 171
383 169 236 308 223
219 280 437 10 77
233 152 63 129 481
412 82 0 164 408
463 266 21 303 449
201 17 97 135 418
28 32 292 248 337
122 482 460 89
459 92 67 100
470 232 69 483
128 377 264 245 375
320 60 118 160 158
283 378 139 340 477
294 170 215 188 479
231 194 162 71 171
383 169 236 308 223
219 280 437 10 77
233 152 63 129 481
412 82 0 164 408
463 266 21 303 449
201 17 97 135 418
28 32 292 248 337
122 482 460 89
459 92 67 100
470 232 69 483
128 377 264 245 375
320 60 118 160 158
283 378 139 340 477
9 289 108 287 367
294 170 215 188 479
231 194 162 71 171
383 169 236 308 223
219 280 437 10 77
233 152 63 129 481
412 82 0 164 408
463 266 21 303 449
201 17 97 135 418
28 32 292 248 337
122 482 460 89
459 92 67 100
470 232 69 483
128 377 264 245 375
320 60 118 160 158
283 378 139 340 477
9 289 108 287 367
185 446 325 189
294 170 215 188 479
231 194 162 71 171
383 169 236 308 223
219 280 437 10 77
233 152 63 129 481
412 82 0 164 408
463 266 21 303 449
201 17 97 135 418
28 32 292 248 337
122 482 460 89
459 92 67 100
470 232 69 483
128 377 264 245 375
320 60 118 160 158
283 378 139 340 477
9 289 108 287 367
185 446 325 189
373 249 284 44
294 170 215 188 479
231 194 162 71 171
383 169 236 308 223
219 280 437 10 77
233 152 63 129 481
412 82 0 164 408
463 266 21 303 449
201 17 97 135 418
28 32 292 248 337
122 482 460 89
459 92 67 100
470 232 69 483
128 377 264 245 375
320 60 118 160 158
283 378 139 340 477
9 289 108 287 367
185 446 325 189
373 249 284 44
256 334 332 355 359
294 170 215 188 479
231 194 162 71 171
383 169 236 308 223
219 280 437 10 77
233 152 63 129 481
412 82 0 164 408
463 266 21 303 449
201 17 97 135 418
28 32 292 248 337
122 482 460 89
459 92 67 100
470 232 69 483
128 377 264 245 375
320 60 118 160 158
283 378 139 340 477
9 289 108 287 367
185 446 325 189
373 249 284 44
256 334 332 355 359
79 168 291 458 22
294 170 215 188 479
231 194 162 71 171
383 169 236 308 223
219 280 437 10 77
233 152 63 129 481
412 82 0 164 408
463 266 21 303 449
201 17 97 135 418
28 32 292 248 337
122 482 460 89
459 92 67 100
470 232 69 483
128 377 264 245 375
320 60 118 160 158
283 378 139 340 477
9 289 108 287 367
185 446 325 189
373 249 284 44
256 334 332 355 359
79 168 291 458 22
30 370 230 413 306
294 170 215 188 479
231 194 162 71 171
383 169 236 308 223
219 280 437 10 77
233 152 63 129 481
412 82 0 164 408
463 266 21 303 449
201 17 97 135 418
28 32 292 248 337
122 482 460 89
459 92 67 100
470 232 69 483
128 377 264 245 375
320 60 118 160 158
283 378 139 340 477
9 289 108 287 367
185 446 325 189
373 249 284 44
256 334 332 355 359
79 168 291 458 22
30 370 230 413 306
251 302 319
294 170 215 188 479
231 194 162 71 171
383 169 236 308 223
219 280 437 10 77
233 152 63 129 481
412 82 0 164 408
463 266 21 303 449
201 17 97 135 418
28 32 292 248 337
122 482 460 89
459 92 67 100
470 232 69 483
128 377 264 245 375
320 60 118 160 158
283 378 139 340 477
9 289 108 287 367
185 446 325 189
373 249 284 44
256 334 332 355 359
79 168 291 458 22
30 370 230 413 306
251 302 319
339 15 333 8
294 170 215 188 479
231 194 162 71 171
383 169 236 308 223
219 280 437 10 77
233 152 63 129 481
412 82 0 164 408
463 266 21 303 449
201 17 97 135 418
28 32 292 248 337
122 482 460 89
459 92 67 100
470 232 69 483
128 377 264 245 375
320 60 118 160 158
283 378 139 340 477
9 289 108 287 367
185 446 325 189
373 249 284 44
256 334 332 355 359
79 168 291 458 22
30 370 230 413 306
251 302 319
339 15 333 8
286 271 455 439
294 170 215 188 479
231 194 162 71 171
383 169 236 308 223
219 280 437 10 77
233 152 63 129 481
412 82 0 164 408
463 266 21 303 449
201 17 97 135 418
28 32 292 248 337
122 482 460 89
459 92 67 100
470 232 69 483
128 377 264 245 375
320 60 118 160 158
283 378 139 340 477
9 289 108 287 367
185 446 325 189
373 249 284 44
256 334 332 355 359
79 168 291 458 22
30 370 230 413 306
251 302 319
339 15 333 8
286 271 455 439
246 388 270 404
294 170 215 188 479
231 194 162 71 171
383 169 236 308 223
219 280 437 10 77
233 152 63 129 481
412 82 0 164 408
463 266 21 303 449
201 17 97 135 418
28 32 292 248 337
122 482 460 89
459 92 67 100
470 232 69 483
128 377 264 245 375
320 60 118 160 158
283 378 139 340 477
9 289 108 287 367
185 446 325 189
373 249 284 44
256 334 332 355 359
79 168 291 458 22
30 370 230 413 306
251 302 319
339 15 333 8
286 271 455 439
246 388 270 404
91 433 66 293
294 170 215 188 479
231 194 162 71 171
383 169 236 308 223
219 280 437 10 77
233 152 63 129 481
412 82 0 164 408
463 266 21 303 449
201 17 97 135 418
28 32 292 248 337
122 482 460 89
459 92 67 100
470 232 69 483
128 377 264 245 375
320 60 118 160 158
283 378 139 340 477
9 289 108 287 367
185 446 325 189
373 249 284 44
256 334 332 355 359
79 168 291 458 22
30 370 230 413 306
251 302 319
339 15 333 8
286 271 455 439
246 388 270 404
91 433 66 293
104 124 35 182 197
294 170 215 188 479
231 194 162 71 171
383 169 236 308 223
219 280 437 10 77
233 152 63 129 481
412 82 0 164 408
463 266 21 303 449
201 17 97 135 418
28 32 292 248 337
122 482 460 89
459 92 67 100
470 232 69 483
128 377 264 245 375
320 60 118 160 158
283 378 139 340 477
9 289 108 287 367
185 446 325 189
373 249 284 44
256 334 332 355 359
79 168 291 458 22
30 370 230 413 306
251 302 319
339 15 333 8
286 271 455 439
246 388 270 404
91 433 66 293
104 124 35 182 197
117 323 26 193
294 170 215 188 479
231 194 162 71 171
383 169 236 308 223
219 280 437 10 77
233 152 63 129 481
412 82 0 164 408
463 266 21 303 449
201 17 97 135 418
28 32 292 248 337
122 482 460 89
459 92 67 100
470 232 69 483
128 377 264 245 375
320 60 118 160 158
283 378 139 340 477
9 289 108 287 367
185 446 325 189
373 249 284 44
256 334 332 355 359
79 168 291 458 22
30 370 230 413 306
251 302 319
339 15 333 8
286 271 455 439
246 388 270 404
91 433 66 293
104 124 35 182 197
117 323 26 193
226 36 420 11
294 170 215 188 479
231 194 162 71 171
383 169 236 308 223
219 280 437 10 77
233 152 63 129 481
412 82 0 164 408
463 266 21 303 449
201 17 97 135 418
28 32 292 248 337
122 482 460 89
459 92 67 100
470 232 69 483
128 377 264 245 375
320 60 118 160 158
283 378 139 340 477
9 289 108 287 367
185 446 325 189
373 249 284 44
256 334 332 355 359
79 168 291 458 22
30 370 230 413 306
251 302 319
339 15 333 8
286 271 455 439
246 388 270 404
91 433 66 293
104 124 35 182 197
117 323 26 193
226 36 420 11
38 438
294 170 215 188 479
231 194 162 71 171
383 169 236 308 223
219 280 437 10 77
233 152 63 129 481
412 82 0 164 408
463 266 21 303 449
201 17 97 135 418
28 32 292 248 337
122 482 460 89
459 92 67 100
470 232 69 483
128 377 264 245 375
320 60 118 160 158
283 378 139 340 477
9 289 108 287 367
185 446 325 189
373 249 284 44
256 334 332 355 359
79 168 291 458 22
30 370 230 413 306
251 302 319
339 15 333 8
286 271 455 439
246 388 270 404
91 433 66 293
104 124 35 182 197
117 323 26 193
226 36 420 11
38 438
93 48 380 275
294 170 215 188 479
231 194 162 71 171
383 169 236 308 223
219 280 437 10 77
233 152 63 129 481
412 82 0 164 408
463 266 21 303 449
201 17 97 135 418
28 32 292 248 337
122 482 460 89
459 92 67 100
470 232 69 483
128 377 264 245 375
320 60 118 160 158
283 378 139 340 477
9 289 108 287 367
185 446 325 189
373 249 284 44
256 334 332 355 359
79 168 291 458 22
30 370 230 413 306
251 302 319
339 15 333 8
286 271 455 439
246 388 270 404
91 433 66 293
104 124 35 182 197
117 323 26 193
226 36 420 11
38 438
93 48 380 275
300 485 422
294 170 215 188 479
231 194 162 71 171
383 169 236 308 223
219 280 437 10 77
233 152 63 129 481
412 82 0 164 408
463 266 21 303 449
201 17 97 135 418
28 32 292 248 337
122 482 460 89
459 92 67 100
470 232 69 483
128 377 264 245 375
320 60 118 160 158
283 378 139 340 477
9 289 108 287 367
185 446 325 189
373 249 284 44
256 334 332 355 359
79 168 291 458 22
30 370 230 413 306
251 302 319
339 15 333 8
286 271 455 439
246 388 270 404
91 433 66 293
104 124 35 182 197
117 323 26 193
226 36 420 11
38 438
93 48 380 275
300 485 422
207 179
294 170 215 188 479
231 194 162 71 171
383 169 236 308 223
219 280 437 10 77
233 152 63 129 481
412 82 0 164 408
463 266 21 303 449
201 17 97 135 418
28 32 292 248 337
122 482 460 89
459 92 67 100
470 232 69 483
128 377 264 245 375
320 60 118 160 158
283 378 139 340 477
9 289 108 287 367
185 446 325 189
373 249 284 44
256 334 332 355 359
79 168 291 458 22
30 370 230 413 306
251 302 319
339 15 333 8
286 271 455 439
246 388 270 404
91 433 66 293
104 124 35 182 197
117 323 26 193
226 36 420 11
38 438
93 48 380 275
300 485 422
207 179
177 330 414
294 170 215 188 479
231 194 162 71 171
383 169 236 308 223
219 280 437 10 77
233 152 63 129 481
412 82 0 164 408
463 266 21 303 449
201 17 97 135 418
28 32 292 248 337
122 482 460 89
459 92 67 100
470 232 69 483
128 377 264 245 375
320 60 118 160 158
283 378 139 340 477
9 289 108 287 367
185 446 325 189
373 249 284 44
256 334 332 355 359
79 168 291 458 22
30 370 230 413 306
251 302 319
339 15 333 8
286 271 455 439
246 388 270 404
91 433 66 293
104 124 35 182 197
117 323 26 193
226 36 420 11
38 438
93 48 380 275
300 485 422
207 179
177 330 414
450 144 425
294 170 215 188 479
231 194 162 71 171
383 169 236 308 223
219 280 437 10 77
233 152 63 129 481
412 82 0 164 408
463 266 21 303 449
201 17 97 135 418
28 32 292 248 337
122 482 460 89
459 92 67 100
470 232 69 483
128 377 264 245 375
320 60 118 160 158
283 378 139 340 477
9 289 108 287 367
185 446 325 189
373 249 284 44
256 334 332 355 359
79 168 291 458 22
30 370 230 413 306
251 302 319
339 15 333 8
286 271 455 439
246 388 270 404
91 433 66 293
104 124 35 182 197
117 323 26 193
226 36 420 11
38 438
93 48 380 275
300 485 422
207 179
177 330 414
450 144 425
175 342
294 170 215 188 479
231 194 162 71 171
383 169 236 308 223
219 280 437 10 77
233 152 63 129 481
412 82 0 164 408
463 266 21 303 449
201 17 97 135 418
28 32 292 248 337
122 482 460 89
459 92 67 100
470 232 69 483
128 377 264 245 375
320 60 118 160 158
283 378 139 340 477
9 289 108 287 367
185 446 325 189
373 249 284 44
256 334 332 355 359
79 168 291 458 22
30 370 230 413 306
251 302 319
339 15 333 8
286 271 455 439
246 388 270 404
91 433 66 293
104 124 35 182 197
117 323 26 193
226 36 420 11
38 438
93 48 380 275
300 485 422
207 179
177 330 414
450 144 425
175 342
49 88
294 170 215 188 479
231 194 162 71 171
383 169 236 308 223
219 280 437 10 77
233 152 63 129 481
412 82 0 164 408
463 266 21 303 449
201 17 97 135 418
28 32 292 248 337
122 482 460 89
459 92 67 100
470 232 69 483
128 377 264 245 375
320 60 118 160 158
283 378 139 340 477
9 289 108 287 367
185 446 325 189
373 249 284 44
256 334 332 355 359
79 168 291 458 22
30 370 230 413 306
251 302 319
339 15 333 8
286 271 455 439
246 388 270 404
91 433 66 293
104 124 35 182 197
117 323 26 193
226 36 420 11
38 438
93 48 380 275
300 485 422
207 179
177 330 414
450 144 425
175 342
49 88
391 401
294 170 215 188 479
231 194 162 71 171
383 169 236 308 223
219 280 437 10 77
233 152 63 129 481
412 82 0 164 408
463 266 21 303 449
201 17 97 135 418
28 32 292 248 337
122 482 460 89
459 92 67 100
470 232 69 483
128 377 264 245 375
320 60 118 160 158
283 378 139 340 477
9 289 108 287 367
185 446 325 189
373 249 284 44
256 334 332 355 359
79 168 291 458 22
30 370 230 413 306
251 302 319
339 15 333 8
286 271 455 439
246 388 270 404
91 433 66 293
104 124 35 182 197
117 323 26 193
226 36 420 11
38 438
93 48 380 275
300 485 422
207 179
177 330 414
450 144 425
175 342
49 88
391 401
43 136
294 170 215 188 479
231 194 162 71 171
383 169 236 308 223
219 280 437 10 77
233 152 63 129 481
412 82 0 164 408
463 266 21 303 449
201 17 97 135 418
28 32 292 248 337
122 482 460 89
459 92 67 100
470 232 69 483
128 377 264 245 375
320 60 118 160 158
283 378 139 340 477
9 289 108 287 367
185 446 325 189
373 249 284 44
256 334 332 355 359
79 168 291 458 22
30 370 230 413 306
251 302 319
339 15 333 8
286 271 455 439
246 388 270 404
91 433 66 293
104 124 35 182 197
117 323 26 193
226 36 420 11
38 438
93 48 380 275
300 485 422
207 179
177 330 414
450 144 425
175 342
49 88
391 401
43 136
56 101
294 170 215 188 479
231 194 162 71 171
383 169 236 308 223
219 280 437 10 77
233 152 63 129 481
412 82 0 164 408
463 266 21 303 449
201 17 97 135 418
28 32 292 248 337
122 482 460 89
459 92 67 100
470 232 69 483
128 377 264 245 375
320 60 118 160 158
283 378 139 340 477
9 289 108 287 367
185 446 325 189
373 249 284 44
256 334 332 355 359
79 168 291 458 22
30 370 230 413 306
251 302 319
339 15 333 8
286 271 455 439
246 388 270 404
91 433 66 293
104 124 35 182 197
117 323 26 193
226 36 420 11
38 438
93 48 380 275
300 485 422
207 179
177 330 414
450 144 425
175 342
49 88
391 401
43 136
56 101
269 384 475
294 170 215 188 479
231 194 162 71 171
383 169 236 308 223
219 280 437 10 77
233 152 63 129 481
412 82 0 164 408
463 266 21 303 449
201 17 97 135 418
28 32 292 248 337
122 482 460 89
459 92 67 100
470 232 69 483
128 377 264 245 375
320 60 118 160 158
283 378 139 340 477
9 289 108 287 367
185 446 325 189
373 249 284 44
256 334 332 355 359
79 168 291 458 22
30 370 230 413 306
251 302 319
339 15 333 8
286 271 455 439
246 388 270 404
91 433 66 293
104 124 35 182 197
117 323 26 193
226 36 420 11
38 438
93 48 380 275
300 485 422
207 179
177 330 414
450 144 425
175 342
49 88
391 401
43 136
56 101
269 384 475
212 46
294 170 215 188 479
231 194 162 71 171
383 169 236 308 223
219 280 437 10 77
233 152 63 129 481
412 82 0 164 408
463 266 21 303 449
201 17 97 135 418
28 32 292 248 337
122 482 460 89
459 92 67 100
470 232 69 483
128 377 264 245 375
320 60 118 160 158
283 378 139 340 477
9 289 108 287 367
185 446 325 189
373 249 284 44
256 334 332 355 359
79 168 291 458 22
30 370 230 413 306
251 302 319
339 15 333 8
286 271 455 439
246 388 270 404
91 433 66 293
104 124 35 182 197
117 323 26 193
226 36 420 11
38 438
93 48 380 275
300 485 422
207 179
177 330 414
450 144 425
175 342
49 88
391 401
43 136
56 101
269 384 475
212 46
354 261
294 170 215 188 479
231 194 162 71 171
383 169 236 308 223
219 280 437 10 77
233 152 63 129 481
412 82 0 164 408
463 266 21 303 449
201 17 97 135 418
28 32 292 248 337
122 482 460 89
459 92 67 100
470 232 69 483
128 377 264 245 375
320 60 118 160 158
283 378 139 340 477
9 289 108 287 367
185 446 325 189
373 249 284 44
256 334 332 355 359
79 168 291 458 22
30 370 230 413 306
251 302 319
339 15 333 8
286 271 455 439
246 388 270 404
91 433 66 293
104 124 35 182 197
117 323 26 193
226 36 420 11
38 438
93 48 380 275
300 485 422
207 179
177 330 414
450 144 425
175 342
49 88
391 401
43 136
56 101
269 384 475
212 46
354 261
253 200
294 170 215 188 479
231 194 162 71 171
383 169 236 308 223
219 280 437 10 77
233 152 63 129 481
412 82 0 164 408
463 266 21 303 449
201 17 97 135 418
28 32 292 248 337
122 482 460 89
459 92 67 100
470 232 69 483
128 377 264 245 375
320 60 118 160 158
283 378 139 340 477
9 289 108 287 367
185 446 325 189
373 249 284 44
256 334 332 355 359
79 168 291 458 22
30 370 230 413 306
251 302 319
339 15 333 8
286 271 455 439
246 388 270 404
91 433 66 293
104 124 35 182 197
117 323 26 193
226 36 420 11
38 438
93 48 380 275
300 485 422
207 179
177 330 414
450 144 425
175 342
49 88
391 401
43 136
56 101
269 384 475
212 46
354 261
253 200
415 402
294 170 215 188 479
231 194 162 71 171
383 169 236 308 223
219 280 437 10 77
233 152 63 129 481
412 82 0 164 408
463 266 21 303 449
201 17 97 135 418
28 32 292 248 337
122 482 460 89
459 92 67 100
470 232 69 483
128 377 264 245 375
320 60 118 160 158
283 378 139 340 477
9 289 108 287 367
185 446 325 189
373 249 284 44
256 334 332 355 359
79 168 291 458 22
30 370 230 413 306
251 302 319
339 15 333 8
286 271 455 439
246 388 270 404
91 433 66 293
104 124 35 182 197
117 323 26 193
226 36 420 11
38 438
93 48 380 275
300 485 422
207 179
177 330 414
450 144 425
175 342
49 88
391 401
43 136
56 101
269 384 475
212 46
354 261
253 200
415 402
45 216
294 170 215 188 479
231 194 162 71 171
383 169 236 308 223
219 280 437 10 77
233 152 63 129 481
412 82 0 164 408
463 266 21 303 449
201 17 97 135 418
28 32 292 248 337
122 482 460 89
459 92 67 100
470 232 69 483
128 377 264 245 375
320 60 118 160 158
283 378 139 340 477
9 289 108 287 367
185 446 325 189
373 249 284 44
256 334 332 355 359
79 168 291 458 22
30 370 230 413 306
251 302 319
339 15 333 8
286 271 455 439
246 388 270 404
91 433 66 293
104 124 35 182 197
117 323 26 193
226 36 420 11
38 438
93 48 380 275
300 485 422
207 179
177 330 414
450 144 425
175 342
49 88
391 401
43 136
56 101
269 384 475
212 46
354 261
253 200
415 402
45 216
84 138
294 170 215 188 479
231 194 162 71 171
383 169 236 308 223
219 280 437 10 77
233 152 63 129 481
412 82 0 164 408
463 266 21 303 449
201 17 97 135 418
28 32 292 248 337
122 482 460 89
459 92 67 100
470 232 69 483
128 377 264 245 375
320 60 118 160 158
283 378 139 340 477
9 289 108 287 367
185 446 325 189
373 249 284 44
256 334 332 355 359
79 168 291 458 22
30 370 230 413 306
251 302 319
339 15 333 8
286 271 455 439
246 388 270 404
91 433 66 293
104 124 35 182 197
117 323 26 193
226 36 420 11
38 438
93 48 380 275
300 485 422
207 179
177 330 414
450 144 425
175 342
49 88
391 401
43 136
56 101
269 384 475
212 46
354 261
253 200
415 402
45 216
84 138
225 429
294 170 215 188 479
231 194 162 71 171
383 169 236 308 223
219 280 437 10 77
233 152 63 129 481
412 82 0 164 408
463 266 21 303 449
201 17 97 135 418
28 32 292 248 337
122 482 460 89
459 92 67 100
470 232 69 483
128 377 264 245 375
320 60 118 160 158
283 378 139 340 477
9 289 108 287 367
185 446 325 189
373 249 284 44
256 334 332 355 359
79 168 291 458 22
30 370 230 413 306
251 302 319
339 15 333 8
286 271 455 439
246 388 270 404
91 433 66 293
104 124 35 182 197
117 323 26 193
226 36 420 11
38 438
93 48 380 275
300 485 422
207 179
177 330 414
450 144 425
175 342
49 88
391 401
43 136
56 101
269 384 475
212 46
354 261
253 200
415 402
45 216
84 138
225 429
239 310
294 170 215 188 479
231 194 162 71 171
383 169 236 308 223
219 280 437 10 77
233 152 63 129 481
412 82 0 164 408
463 266 21 303 449
201 17 97 135 418
28 32 292 248 337
122 482 460 89
459 92 67 100
470 232 69 483
128 377 264 245 375
320 60 118 160 158
283 378 139 340 477
9 289 108 287 367
185 446 325 189
373 249 284 44
256 334 332 355 359
79 168 291 458 22
30 370 230 413 306
251 302 319
339 15 333 8
286 271 455 439
246 388 270 404
91 433 66 293
104 124 35 182 197
117 323 26 193
226 36 420 11
38 438
93 48 380 275
300 485 422
207 179
177 330 414
450 144 425
175 342
49 88
391 401
43 136
56 101
269 384 475
212 46
354 261
253 200
415 402
45 216
84 138
225 429
239 310
42 47
294 170 215 188 479
231 194 162 71 171
383 169 236 308 223
219 280 437 10 77
233 152 63 129 481
412 82 0 164 408
463 266 21 303 449
201 17 97 135 418
28 32 292 248 337
122 482 460 89
459 92 67 100
470 232 69 483
128 377 264 245 375
320 60 118 160 158
283 378 139 340 477
9 289 108 287 367
185 446 325 189
373 249 284 44
256 334 332 355 359
79 168 291 458 22
30 370 230 413 306
251 302 319
339 15 333 8
286 271 455 439
246 388 270 404
91 433 66 293
104 124 35 182 197
117 323 26 193
226 36 420 11
38 438
93 48 380 275
300 485 422
207 179
177 330 414
450 144 425
175 342
49 88
391 401
43 136
56 101
269 384 475
212 46
354 261
253 200
415 402
45 216
84 138
225 429
239 310
42 47
132 369
