244 260
244 260
463 408
244 260
463 408
296 326
244 260
463 408
296 326
233 0
244 260
463 408
296 326
233 0
8 483
244 260
463 408
296 326
233 0
8 483
201 301
244 260
463 408
296 326
233 0
8 483
201 301
3 204
244 260
463 408
296 326
233 0
8 483
201 301
3 204
495 46
244 260
463 408
296 326
233 0
8 483
201 301
3 204
495 46
167 154
244 260
463 408
296 326
233 0
8 483
201 301
3 204
495 46
167 154
331 250
244 260
463 408
296 326
233 0
8 483
201 301
3 204
495 46
167 154
331 250
482 485
244 260
463 408
296 326
233 0
8 483
201 301
3 204
495 46
167 154
331 250
482 485
13 187
244 260
463 408
296 326
233 0
8 483
201 301
3 204
495 46
167 154
331 250
482 485
13 187
174 347
244 260
463 408
296 326
233 0
8 483
201 301
3 204
495 46
167 154
331 250
482 485
13 187
174 347
81 80
244 260
463 408
296 326
233 0
8 483
201 301
3 204
495 46
167 154
331 250
482 485
13 187
174 347
81 80
438 298
244 260
463 408
296 326
233 0
8 483
201 301
3 204
495 46
167 154
331 250
482 485
13 187
174 347
81 80
438 298
237 20
244 260
463 408
296 326
233 0
8 483
201 301
3 204
495 46
167 154
331 250
482 485
13 187
174 347
81 80
438 298
237 20
150 476
244 260
463 408
296 326
233 0
8 483
201 301
3 204
495 46
167 154
331 250
482 485
13 187
174 347
81 80
438 298
237 20
150 476
382 195
244 260
463 408
296 326
233 0
8 483
201 301
3 204
495 46
167 154
331 250
482 485
13 187
174 347
81 80
438 298
237 20
150 476
382 195
106 42
244 260
463 408
296 326
233 0
8 483
201 301
3 204
495 46
167 154
331 250
482 485
13 187
174 347
81 80
438 298
237 20
150 476
382 195
106 42
478 122
244 260
463 408
296 326
233 0
8 483
201 301
3 204
495 46
167 154
331 250
482 485
13 187
174 347
81 80
438 298
237 20
150 476
382 195
106 42
478 122
234 70
244 260
463 408
296 326
233 0
8 483
201 301
3 204
495 46
167 154
331 250
482 485
13 187
174 347
81 80
438 298
237 20
150 476
382 195
106 42
478 122
234 70
400 448
244 260
463 408
296 326
233 0
8 483
201 301
3 204
495 46
167 154
331 250
482 485
13 187
174 347
81 80
438 298
237 20
150 476
382 195
106 42
478 122
234 70
400 448
359 297
244 260
463 408
296 326
233 0
8 483
201 301
3 204
495 46
167 154
331 250
482 485
13 187
174 347
81 80
438 298
237 20
150 476
382 195
106 42
478 122
234 70
400 448
359 297
362 339
244 260
463 408
296 326
233 0
8 483
201 301
3 204
495 46
167 154
331 250
482 485
13 187
174 347
81 80
438 298
237 20
150 476
382 195
106 42
478 122
234 70
400 448
359 297
362 339
434 107
244 260
463 408
296 326
233 0
8 483
201 301
3 204
495 46
167 154
331 250
482 485
13 187
174 347
81 80
438 298
237 20
150 476
382 195
106 42
478 122
234 70
400 448
359 297
362 339
434 107
48 5
244 260
463 408
296 326
233 0
8 483
201 301
3 204
495 46
167 154
331 250
482 485
13 187
174 347
81 80
438 298
237 20
150 476
382 195
106 42
478 122
234 70
400 448
359 297
362 339
434 107
48 5
179 349
244 260
463 408
296 326
233 0
8 483
201 301
3 204
495 46
167 154
331 250
482 485
13 187
174 347
81 80
438 298
237 20
150 476
382 195
106 42
478 122
234 70
400 448
359 297
362 339
434 107
48 5
179 349
231 10
244 260
463 408
296 326
233 0
8 483
201 301
3 204
495 46
167 154
331 250
482 485
13 187
174 347
81 80
438 298
237 20
150 476
382 195
106 42
478 122
234 70
400 448
359 297
362 339
434 107
48 5
179 349
231 10
26 16
244 260
463 408
296 326
233 0
8 483
201 301
3 204
495 46
167 154
331 250
482 485
13 187
174 347
81 80
438 298
237 20
150 476
382 195
106 42
478 122
234 70
400 448
359 297
362 339
434 107
48 5
179 349
231 10
26 16
355 105
244 260
463 408
296 326
233 0
8 483
201 301
3 204
495 46
167 154
331 250
482 485
13 187
174 347
81 80
438 298
237 20
150 476
382 195
106 42
478 122
234 70
400 448
359 297
362 339
434 107
48 5
179 349
231 10
26 16
355 105
103 37
244 260
463 408
296 326
233 0
8 483
201 301
3 204
495 46
167 154
331 250
482 485
13 187
174 347
81 80
438 298
237 20
150 476
382 195
106 42
478 122
234 70
400 448
359 297
362 339
434 107
48 5
179 349
231 10
26 16
355 105
103 37
23 270
244 260
463 408
296 326
233 0
8 483
201 301
3 204
495 46
167 154
331 250
482 485
13 187
174 347
81 80
438 298
237 20
150 476
382 195
106 42
478 122
234 70
400 448
359 297
362 339
434 107
48 5
179 349
231 10
26 16
355 105
103 37
23 270
308 67
244 260
463 408
296 326
233 0
8 483
201 301
3 204
495 46
167 154
331 250
482 485
13 187
174 347
81 80
438 298
237 20
150 476
382 195
106 42
478 122
234 70
400 448
359 297
362 339
434 107
48 5
179 349
231 10
26 16
355 105
103 37
23 270
308 67
393 263
244 260
463 408
296 326
233 0
8 483
201 301
3 204
495 46
167 154
331 250
482 485
13 187
174 347
81 80
438 298
237 20
150 476
382 195
106 42
478 122
234 70
400 448
359 297
362 339
434 107
48 5
179 349
231 10
26 16
355 105
103 37
23 270
308 67
393 263
71 119
