96 4 164 45 79
96 4 164 45 79
190 106 140 84 55
96 4 164 45 79
190 106 140 84 55
149 158 36 197 13
96 4 164 45 79
190 106 140 84 55
149 158 36 197 13
110 37 163 177 148
96 4 164 45 79
190 106 140 84 55
149 158 36 197 13
110 37 163 177 148
98 66 19 189 27
96 4 164 45 79
190 106 140 84 55
149 158 36 197 13
110 37 163 177 148
98 66 19 189 27
194 130 120 18 157
96 4 164 45 79
190 106 140 84 55
149 158 36 197 13
110 37 163 177 148
98 66 19 189 27
194 130 120 18 157
54 172 57 71 49
96 4 164 45 79
190 106 140 84 55
149 158 36 197 13
110 37 163 177 148
98 66 19 189 27
194 130 120 18 157
54 172 57 71 49
52 118 35 90 167
96 4 164 45 79
190 106 140 84 55
149 158 36 197 13
110 37 163 177 148
98 66 19 189 27
194 130 120 18 157
54 172 57 71 49
52 118 35 90 167
144 139 16 161 56
96 4 164 45 79
190 106 140 84 55
149 158 36 197 13
110 37 163 177 148
98 66 19 189 27
194 130 120 18 157
54 172 57 71 49
52 118 35 90 167
144 139 16 161 56
9 6 92 174 44
96 4 164 45 79
190 106 140 84 55
149 158 36 197 13
110 37 163 177 148
98 66 19 189 27
194 130 120 18 157
54 172 57 71 49
52 118 35 90 167
144 139 16 161 56
9 6 92 174 44
191 95 25 30 152
96 4 164 45 79
190 106 140 84 55
149 158 36 197 13
110 37 163 177 148
98 66 19 189 27
194 130 120 18 157
54 172 57 71 49
52 118 35 90 167
144 139 16 161 56
9 6 92 174 44
191 95 25 30 152
198 178 121 29 170
96 4 164 45 79
190 106 140 84 55
149 158 36 197 13
110 37 163 177 148
98 66 19 189 27
194 130 120 18 157
54 172 57 71 49
52 118 35 90 167
144 139 16 161 56
9 6 92 174 44
191 95 25 30 152
198 178 121 29 170
20 34 59 173 129
96 4 164 45 79
190 106 140 84 55
149 158 36 197 13
110 37 163 177 148
98 66 19 189 27
194 130 120 18 157
54 172 57 71 49
52 118 35 90 167
144 139 16 161 56
9 6 92 174 44
191 95 25 30 152
198 178 121 29 170
20 34 59 173 129
108 11 128 48 182
96 4 164 45 79
190 106 140 84 55
149 158 36 197 13
110 37 163 177 148
98 66 19 189 27
194 130 120 18 157
54 172 57 71 49
52 118 35 90 167
144 139 16 161 56
9 6 92 174 44
191 95 25 30 152
198 178 121 29 170
20 34 59 173 129
108 11 128 48 182
193 165 88 123 47
96 4 164 45 79
190 106 140 84 55
149 158 36 197 13
110 37 163 177 148
98 66 19 189 27
194 130 120 18 157
54 172 57 71 49
52 118 35 90 167
144 139 16 161 56
9 6 92 174 44
191 95 25 30 152
198 178 121 29 170
20 34 59 173 129
108 11 128 48 182
193 165 88 123 47
31 14 22 89 69
96 4 164 45 79
190 106 140 84 55
149 158 36 197 13
110 37 163 177 148
98 66 19 189 27
194 130 120 18 157
54 172 57 71 49
52 118 35 90 167
144 139 16 161 56
9 6 92 174 44
191 95 25 30 152
198 178 121 29 170
20 34 59 173 129
108 11 128 48 182
193 165 88 123 47
31 14 22 89 69
77 100 132 3 116
96 4 164 45 79
190 106 140 84 55
149 158 36 197 13
110 37 163 177 148
98 66 19 189 27
194 130 120 18 157
54 172 57 71 49
52 118 35 90 167
144 139 16 161 56
9 6 92 174 44
191 95 25 30 152
198 178 121 29 170
20 34 59 173 129
108 11 128 48 182
193 165 88 123 47
31 14 22 89 69
77 100 132 3 116
0 171 142 58 113
96 4 164 45 79
190 106 140 84 55
149 158 36 197 13
110 37 163 177 148
98 66 19 189 27
194 130 120 18 157
54 172 57 71 49
52 118 35 90 167
144 139 16 161 56
9 6 92 174 44
191 95 25 30 152
198 178 121 29 170
20 34 59 173 129
108 11 128 48 182
193 165 88 123 47
31 14 22 89 69
77 100 132 3 116
0 171 142 58 113
115 133 168 185 162
96 4 164 45 79
190 106 140 84 55
149 158 36 197 13
110 37 163 177 148
98 66 19 189 27
194 130 120 18 157
54 172 57 71 49
52 118 35 90 167
144 139 16 161 56
9 6 92 174 44
191 95 25 30 152
198 178 121 29 170
20 34 59 173 129
108 11 128 48 182
193 165 88 123 47
31 14 22 89 69
77 100 132 3 116
0 171 142 58 113
115 133 168 185 162
188 5 1 60 104
