4 217 1 148 481
4 217 1 148 481
223 176 450 329 250
4 217 1 148 481
223 176 450 329 250
191 10 415 65 442
4 217 1 148 481
223 176 450 329 250
191 10 415 65 442
127 470 462 244 315
4 217 1 148 481
223 176 450 329 250
191 10 415 65 442
127 470 462 244 315
63 5 308 53 99
4 217 1 148 481
223 176 450 329 250
191 10 415 65 442
127 470 462 244 315
63 5 308 53 99
351 420 413 270 27
4 217 1 148 481
223 176 450 329 250
191 10 415 65 442
127 470 462 244 315
63 5 308 53 99
351 420 413 270 27
423 100 258 136 23
4 217 1 148 481
223 176 450 329 250
191 10 415 65 442
127 470 462 244 315
63 5 308 53 99
351 420 413 270 27
423 100 258 136 23
300 347 28 294 445
4 217 1 148 481
223 176 450 329 250
191 10 415 65 442
127 470 462 244 315
63 5 308 53 99
351 420 413 270 27
423 100 258 136 23
300 347 28 294 445
271 11 155 404 225
4 217 1 148 481
223 176 450 329 250
191 10 415 65 442
127 470 462 244 315
63 5 308 53 99
351 420 413 270 27
423 100 258 136 23
300 347 28 294 445
271 11 155 404 225
352 262 194 488 201
4 217 1 148 481
223 176 450 329 250
191 10 415 65 442
127 470 462 244 315
63 5 308 53 99
351 420 413 270 27
423 100 258 136 23
300 347 28 294 445
271 11 155 404 225
352 262 194 488 201
397 321 471 443 430
4 217 1 148 481
223 176 450 329 250
191 10 415 65 442
127 470 462 244 315
63 5 308 53 99
351 420 413 270 27
423 100 258 136 23
300 347 28 294 445
271 11 155 404 225
352 262 194 488 201
397 321 471 443 430
494 314 47 118 241
4 217 1 148 481
223 176 450 329 250
191 10 415 65 442
127 470 462 244 315
63 5 308 53 99
351 420 413 270 27
423 100 258 136 23
300 347 28 294 445
271 11 155 404 225
352 262 194 488 201
397 321 471 443 430
494 314 47 118 241
101 180 17 493 40
4 217 1 148 481
223 176 450 329 250
191 10 415 65 442
127 470 462 244 315
63 5 308 53 99
351 420 413 270 27
423 100 258 136 23
300 347 28 294 445
271 11 155 404 225
352 262 194 488 201
397 321 471 443 430
494 314 47 118 241
101 180 17 493 40
275 97 48 21 87
4 217 1 148 481
223 176 450 329 250
191 10 415 65 442
127 470 462 244 315
63 5 308 53 99
351 420 413 270 27
423 100 258 136 23
300 347 28 294 445
271 11 155 404 225
352 262 194 488 201
397 321 471 443 430
494 314 47 118 241
101 180 17 493 40
275 97 48 21 87
273 261 19 95 138
4 217 1 148 481
223 176 450 329 250
191 10 415 65 442
127 470 462 244 315
63 5 308 53 99
351 420 413 270 27
423 100 258 136 23
300 347 28 294 445
271 11 155 404 225
352 262 194 488 201
397 321 471 443 430
494 314 47 118 241
101 180 17 493 40
275 97 48 21 87
273 261 19 95 138
245 396 215 400 402
4 217 1 148 481
223 176 450 329 250
191 10 415 65 442
127 470 462 244 315
63 5 308 53 99
351 420 413 270 27
423 100 258 136 23
300 347 28 294 445
271 11 155 404 225
352 262 194 488 201
397 321 471 443 430
494 314 47 118 241
101 180 17 493 40
275 97 48 21 87
273 261 19 95 138
245 396 215 400 402
189 395 385 324 192
4 217 1 148 481
223 176 450 329 250
191 10 415 65 442
127 470 462 244 315
63 5 308 53 99
351 420 413 270 27
423 100 258 136 23
300 347 28 294 445
271 11 155 404 225
352 262 194 488 201
397 321 471 443 430
494 314 47 118 241
101 180 17 493 40
275 97 48 21 87
273 261 19 95 138
245 396 215 400 402
189 395 385 324 192
416 54 363 464 240
4 217 1 148 481
223 176 450 329 250
191 10 415 65 442
127 470 462 244 315
63 5 308 53 99
351 420 413 270 27
423 100 258 136 23
300 347 28 294 445
271 11 155 404 225
352 262 194 488 201
397 321 471 443 430
494 314 47 118 241
101 180 17 493 40
275 97 48 21 87
273 261 19 95 138
245 396 215 400 402
189 395 385 324 192
416 54 363 464 240
311 30 327 187 57
4 217 1 148 481
223 176 450 329 250
191 10 415 65 442
127 470 462 244 315
63 5 308 53 99
351 420 413 270 27
423 100 258 136 23
300 347 28 294 445
271 11 155 404 225
352 262 194 488 201
397 321 471 443 430
494 314 47 118 241
101 180 17 493 40
275 97 48 21 87
273 261 19 95 138
245 396 215 400 402
189 395 385 324 192
416 54 363 464 240
311 30 327 187 57
62 203 224 411 228
4 217 1 148 481
223 176 450 329 250
191 10 415 65 442
127 470 462 244 315
63 5 308 53 99
351 420 413 270 27
423 100 258 136 23
300 347 28 294 445
271 11 155 404 225
352 262 194 488 201
397 321 471 443 430
494 314 47 118 241
101 180 17 493 40
275 97 48 21 87
273 261 19 95 138
245 396 215 400 402
189 395 385 324 192
416 54 363 464 240
311 30 327 187 57
62 203 224 411 228
334 483 376 75 282
4 217 1 148 481
223 176 450 329 250
191 10 415 65 442
127 470 462 244 315
63 5 308 53 99
351 420 413 270 27
423 100 258 136 23
300 347 28 294 445
271 11 155 404 225
352 262 194 488 201
397 321 471 443 430
494 314 47 118 241
101 180 17 493 40
275 97 48 21 87
273 261 19 95 138
245 396 215 400 402
189 395 385 324 192
416 54 363 464 240
311 30 327 187 57
62 203 224 411 228
334 483 376 75 282
429 82 70 457 137
4 217 1 148 481
223 176 450 329 250
191 10 415 65 442
127 470 462 244 315
63 5 308 53 99
351 420 413 270 27
423 100 258 136 23
300 347 28 294 445
271 11 155 404 225
352 262 194 488 201
397 321 471 443 430
494 314 47 118 241
101 180 17 493 40
275 97 48 21 87
273 261 19 95 138
245 396 215 400 402
189 395 385 324 192
416 54 363 464 240
311 30 327 187 57
62 203 224 411 228
334 483 376 75 282
429 82 70 457 137
386 183 77 425 412
4 217 1 148 481
223 176 450 329 250
191 10 415 65 442
127 470 462 244 315
63 5 308 53 99
351 420 413 270 27
423 100 258 136 23
300 347 28 294 445
271 11 155 404 225
352 262 194 488 201
397 321 471 443 430
494 314 47 118 241
101 180 17 493 40
275 97 48 21 87
273 261 19 95 138
245 396 215 400 402
189 395 385 324 192
416 54 363 464 240
311 30 327 187 57
62 203 224 411 228
334 483 376 75 282
429 82 70 457 137
386 183 77 425 412
459 407 474 198 33
4 217 1 148 481
223 176 450 329 250
191 10 415 65 442
127 470 462 244 315
63 5 308 53 99
351 420 413 270 27
423 100 258 136 23
300 347 28 294 445
271 11 155 404 225
352 262 194 488 201
397 321 471 443 430
494 314 47 118 241
101 180 17 493 40
275 97 48 21 87
273 261 19 95 138
245 396 215 400 402
189 395 385 324 192
416 54 363 464 240
311 30 327 187 57
62 203 224 411 228
334 483 376 75 282
429 82 70 457 137
386 183 77 425 412
459 407 474 198 33
106 421 135 354 25
4 217 1 148 481
223 176 450 329 250
191 10 415 65 442
127 470 462 244 315
63 5 308 53 99
351 420 413 270 27
423 100 258 136 23
300 347 28 294 445
271 11 155 404 225
352 262 194 488 201
397 321 471 443 430
494 314 47 118 241
101 180 17 493 40
275 97 48 21 87
273 261 19 95 138
245 396 215 400 402
189 395 385 324 192
416 54 363 464 240
311 30 327 187 57
62 203 224 411 228
334 483 376 75 282
429 82 70 457 137
386 183 77 425 412
459 407 474 198 33
106 421 135 354 25
338 114 317 465 278
4 217 1 148 481
223 176 450 329 250
191 10 415 65 442
127 470 462 244 315
63 5 308 53 99
351 420 413 270 27
423 100 258 136 23
300 347 28 294 445
271 11 155 404 225
352 262 194 488 201
397 321 471 443 430
494 314 47 118 241
101 180 17 493 40
275 97 48 21 87
273 261 19 95 138
245 396 215 400 402
189 395 385 324 192
416 54 363 464 240
311 30 327 187 57
62 203 224 411 228
334 483 376 75 282
429 82 70 457 137
386 183 77 425 412
459 407 474 198 33
106 421 135 354 25
338 114 317 465 278
109 496 233 323 484
4 217 1 148 481
223 176 450 329 250
191 10 415 65 442
127 470 462 244 315
63 5 308 53 99
351 420 413 270 27
423 100 258 136 23
300 347 28 294 445
271 11 155 404 225
352 262 194 488 201
397 321 471 443 430
494 314 47 118 241
101 180 17 493 40
275 97 48 21 87
273 261 19 95 138
245 396 215 400 402
189 395 385 324 192
416 54 363 464 240
311 30 327 187 57
62 203 224 411 228
334 483 376 75 282
429 82 70 457 137
386 183 77 425 412
459 407 474 198 33
106 421 135 354 25
338 114 317 465 278
109 496 233 323 484
342 133 0 284 218
4 217 1 148 481
223 176 450 329 250
191 10 415 65 442
127 470 462 244 315
63 5 308 53 99
351 420 413 270 27
423 100 258 136 23
300 347 28 294 445
271 11 155 404 225
352 262 194 488 201
397 321 471 443 430
494 314 47 118 241
101 180 17 493 40
275 97 48 21 87
273 261 19 95 138
245 396 215 400 402
189 395 385 324 192
416 54 363 464 240
311 30 327 187 57
62 203 224 411 228
334 483 376 75 282
429 82 70 457 137
386 183 77 425 412
459 407 474 198 33
106 421 135 354 25
338 114 317 465 278
109 496 233 323 484
342 133 0 284 218
289 437 309 350 96
4 217 1 148 481
223 176 450 329 250
191 10 415 65 442
127 470 462 244 315
63 5 308 53 99
351 420 413 270 27
423 100 258 136 23
300 347 28 294 445
271 11 155 404 225
352 262 194 488 201
397 321 471 443 430
494 314 47 118 241
101 180 17 493 40
275 97 48 21 87
273 261 19 95 138
245 396 215 400 402
189 395 385 324 192
416 54 363 464 240
311 30 327 187 57
62 203 224 411 228
334 483 376 75 282
429 82 70 457 137
386 183 77 425 412
459 407 474 198 33
106 421 135 354 25
338 114 317 465 278
109 496 233 323 484
342 133 0 284 218
289 437 309 350 96
460 81 186 344 174
4 217 1 148 481
223 176 450 329 250
191 10 415 65 442
127 470 462 244 315
63 5 308 53 99
351 420 413 270 27
423 100 258 136 23
300 347 28 294 445
271 11 155 404 225
352 262 194 488 201
397 321 471 443 430
494 314 47 118 241
101 180 17 493 40
275 97 48 21 87
273 261 19 95 138
245 396 215 400 402
189 395 385 324 192
416 54 363 464 240
311 30 327 187 57
62 203 224 411 228
334 483 376 75 282
429 82 70 457 137
386 183 77 425 412
459 407 474 198 33
106 421 135 354 25
338 114 317 465 278
109 496 233 323 484
342 133 0 284 218
289 437 309 350 96
460 81 186 344 174
318 451 372 213 332
4 217 1 148 481
223 176 450 329 250
191 10 415 65 442
127 470 462 244 315
63 5 308 53 99
351 420 413 270 27
423 100 258 136 23
300 347 28 294 445
271 11 155 404 225
352 262 194 488 201
397 321 471 443 430
494 314 47 118 241
101 180 17 493 40
275 97 48 21 87
273 261 19 95 138
245 396 215 400 402
189 395 385 324 192
416 54 363 464 240
311 30 327 187 57
62 203 224 411 228
334 483 376 75 282
429 82 70 457 137
386 183 77 425 412
459 407 474 198 33
106 421 135 354 25
338 114 317 465 278
109 496 233 323 484
342 133 0 284 218
289 437 309 350 96
460 81 186 344 174
318 451 372 213 332
60 207 410 326 168
4 217 1 148 481
223 176 450 329 250
191 10 415 65 442
127 470 462 244 315
63 5 308 53 99
351 420 413 270 27
423 100 258 136 23
300 347 28 294 445
271 11 155 404 225
352 262 194 488 201
397 321 471 443 430
494 314 47 118 241
101 180 17 493 40
275 97 48 21 87
273 261 19 95 138
245 396 215 400 402
189 395 385 324 192
416 54 363 464 240
311 30 327 187 57
62 203 224 411 228
334 483 376 75 282
429 82 70 457 137
386 183 77 425 412
459 407 474 198 33
106 421 135 354 25
338 114 317 465 278
109 496 233 323 484
342 133 0 284 218
289 437 309 350 96
460 81 186 344 174
318 451 372 213 332
60 207 410 326 168
358 156 103 76 254
4 217 1 148 481
223 176 450 329 250
191 10 415 65 442
127 470 462 244 315
63 5 308 53 99
351 420 413 270 27
423 100 258 136 23
300 347 28 294 445
271 11 155 404 225
352 262 194 488 201
397 321 471 443 430
494 314 47 118 241
101 180 17 493 40
275 97 48 21 87
273 261 19 95 138
245 396 215 400 402
189 395 385 324 192
416 54 363 464 240
311 30 327 187 57
62 203 224 411 228
334 483 376 75 282
429 82 70 457 137
386 183 77 425 412
459 407 474 198 33
106 421 135 354 25
338 114 317 465 278
109 496 233 323 484
342 133 0 284 218
289 437 309 350 96
460 81 186 344 174
318 451 372 213 332
60 207 410 326 168
358 156 103 76 254
144 232 455 61 239
4 217 1 148 481
223 176 450 329 250
191 10 415 65 442
127 470 462 244 315
63 5 308 53 99
351 420 413 270 27
423 100 258 136 23
300 347 28 294 445
271 11 155 404 225
352 262 194 488 201
397 321 471 443 430
494 314 47 118 241
101 180 17 493 40
275 97 48 21 87
273 261 19 95 138
245 396 215 400 402
189 395 385 324 192
416 54 363 464 240
311 30 327 187 57
62 203 224 411 228
334 483 376 75 282
429 82 70 457 137
386 183 77 425 412
459 407 474 198 33
106 421 135 354 25
338 114 317 465 278
109 496 233 323 484
342 133 0 284 218
289 437 309 350 96
460 81 186 344 174
318 451 372 213 332
60 207 410 326 168
358 156 103 76 254
144 232 455 61 239
469 495 435 161 171
4 217 1 148 481
223 176 450 329 250
191 10 415 65 442
127 470 462 244 315
63 5 308 53 99
351 420 413 270 27
423 100 258 136 23
300 347 28 294 445
271 11 155 404 225
352 262 194 488 201
397 321 471 443 430
494 314 47 118 241
101 180 17 493 40
275 97 48 21 87
273 261 19 95 138
245 396 215 400 402
189 395 385 324 192
416 54 363 464 240
311 30 327 187 57
62 203 224 411 228
334 483 376 75 282
429 82 70 457 137
386 183 77 425 412
459 407 474 198 33
106 421 135 354 25
338 114 317 465 278
109 496 233 323 484
342 133 0 284 218
289 437 309 350 96
460 81 186 344 174
318 451 372 213 332
60 207 410 326 168
358 156 103 76 254
144 232 455 61 239
469 495 435 161 171
476 237 302 50 306
4 217 1 148 481
223 176 450 329 250
191 10 415 65 442
127 470 462 244 315
63 5 308 53 99
351 420 413 270 27
423 100 258 136 23
300 347 28 294 445
271 11 155 404 225
352 262 194 488 201
397 321 471 443 430
494 314 47 118 241
101 180 17 493 40
275 97 48 21 87
273 261 19 95 138
245 396 215 400 402
189 395 385 324 192
416 54 363 464 240
311 30 327 187 57
62 203 224 411 228
334 483 376 75 282
429 82 70 457 137
386 183 77 425 412
459 407 474 198 33
106 421 135 354 25
338 114 317 465 278
109 496 233 323 484
342 133 0 284 218
289 437 309 350 96
460 81 186 344 174
318 451 372 213 332
60 207 410 326 168
358 156 103 76 254
144 232 455 61 239
469 495 435 161 171
476 237 302 50 306
113 382 428 37 387
4 217 1 148 481
223 176 450 329 250
191 10 415 65 442
127 470 462 244 315
63 5 308 53 99
351 420 413 270 27
423 100 258 136 23
300 347 28 294 445
271 11 155 404 225
352 262 194 488 201
397 321 471 443 430
494 314 47 118 241
101 180 17 493 40
275 97 48 21 87
273 261 19 95 138
245 396 215 400 402
189 395 385 324 192
416 54 363 464 240
311 30 327 187 57
62 203 224 411 228
334 483 376 75 282
429 82 70 457 137
386 183 77 425 412
459 407 474 198 33
106 421 135 354 25
338 114 317 465 278
109 496 233 323 484
342 133 0 284 218
289 437 309 350 96
460 81 186 344 174
318 451 372 213 332
60 207 410 326 168
358 156 103 76 254
144 232 455 61 239
469 495 435 161 171
476 237 302 50 306
113 382 428 37 387
472 248 125 182 226
4 217 1 148 481
223 176 450 329 250
191 10 415 65 442
127 470 462 244 315
63 5 308 53 99
351 420 413 270 27
423 100 258 136 23
300 347 28 294 445
271 11 155 404 225
352 262 194 488 201
397 321 471 443 430
494 314 47 118 241
101 180 17 493 40
275 97 48 21 87
273 261 19 95 138
245 396 215 400 402
189 395 385 324 192
416 54 363 464 240
311 30 327 187 57
62 203 224 411 228
334 483 376 75 282
429 82 70 457 137
386 183 77 425 412
459 407 474 198 33
106 421 135 354 25
338 114 317 465 278
109 496 233 323 484
342 133 0 284 218
289 437 309 350 96
460 81 186 344 174
318 451 372 213 332
60 207 410 326 168
358 156 103 76 254
144 232 455 61 239
469 495 435 161 171
476 237 302 50 306
113 382 428 37 387
472 248 125 182 226
14 360 298 166 130
4 217 1 148 481
223 176 450 329 250
191 10 415 65 442
127 470 462 244 315
63 5 308 53 99
351 420 413 270 27
423 100 258 136 23
300 347 28 294 445
271 11 155 404 225
352 262 194 488 201
397 321 471 443 430
494 314 47 118 241
101 180 17 493 40
275 97 48 21 87
273 261 19 95 138
245 396 215 400 402
189 395 385 324 192
416 54 363 464 240
311 30 327 187 57
62 203 224 411 228
334 483 376 75 282
429 82 70 457 137
386 183 77 425 412
459 407 474 198 33
106 421 135 354 25
338 114 317 465 278
109 496 233 323 484
342 133 0 284 218
289 437 309 350 96
460 81 186 344 174
318 451 372 213 332
60 207 410 326 168
358 156 103 76 254
144 232 455 61 239
469 495 435 161 171
476 237 302 50 306
113 382 428 37 387
472 248 125 182 226
14 360 298 166 130
389 247 216 305 32
4 217 1 148 481
223 176 450 329 250
191 10 415 65 442
127 470 462 244 315
63 5 308 53 99
351 420 413 270 27
423 100 258 136 23
300 347 28 294 445
271 11 155 404 225
352 262 194 488 201
397 321 471 443 430
494 314 47 118 241
101 180 17 493 40
275 97 48 21 87
273 261 19 95 138
245 396 215 400 402
189 395 385 324 192
416 54 363 464 240
311 30 327 187 57
62 203 224 411 228
334 483 376 75 282
429 82 70 457 137
386 183 77 425 412
459 407 474 198 33
106 421 135 354 25
338 114 317 465 278
109 496 233 323 484
342 133 0 284 218
289 437 309 350 96
460 81 186 344 174
318 451 372 213 332
60 207 410 326 168
358 156 103 76 254
144 232 455 61 239
469 495 435 161 171
476 237 302 50 306
113 382 428 37 387
472 248 125 182 226
14 360 298 166 130
389 247 216 305 32
212 432 36 246 331
4 217 1 148 481
223 176 450 329 250
191 10 415 65 442
127 470 462 244 315
63 5 308 53 99
351 420 413 270 27
423 100 258 136 23
300 347 28 294 445
271 11 155 404 225
352 262 194 488 201
397 321 471 443 430
494 314 47 118 241
101 180 17 493 40
275 97 48 21 87
273 261 19 95 138
245 396 215 400 402
189 395 385 324 192
416 54 363 464 240
311 30 327 187 57
62 203 224 411 228
334 483 376 75 282
429 82 70 457 137
386 183 77 425 412
459 407 474 198 33
106 421 135 354 25
338 114 317 465 278
109 496 233 323 484
342 133 0 284 218
289 437 309 350 96
460 81 186 344 174
318 451 372 213 332
60 207 410 326 168
358 156 103 76 254
144 232 455 61 239
469 495 435 161 171
476 237 302 50 306
113 382 428 37 387
472 248 125 182 226
14 360 298 166 130
389 247 216 305 32
212 432 36 246 331
373 418 379 463 6
4 217 1 148 481
223 176 450 329 250
191 10 415 65 442
127 470 462 244 315
63 5 308 53 99
351 420 413 270 27
423 100 258 136 23
300 347 28 294 445
271 11 155 404 225
352 262 194 488 201
397 321 471 443 430
494 314 47 118 241
101 180 17 493 40
275 97 48 21 87
273 261 19 95 138
245 396 215 400 402
189 395 385 324 192
416 54 363 464 240
311 30 327 187 57
62 203 224 411 228
334 483 376 75 282
429 82 70 457 137
386 183 77 425 412
459 407 474 198 33
106 421 135 354 25
338 114 317 465 278
109 496 233 323 484
342 133 0 284 218
289 437 309 350 96
460 81 186 344 174
318 451 372 213 332
60 207 410 326 168
358 156 103 76 254
144 232 455 61 239
469 495 435 161 171
476 237 302 50 306
113 382 428 37 387
472 248 125 182 226
14 360 298 166 130
389 247 216 305 32
212 432 36 246 331
373 418 379 463 6
38 304 392 381 394
4 217 1 148 481
223 176 450 329 250
191 10 415 65 442
127 470 462 244 315
63 5 308 53 99
351 420 413 270 27
423 100 258 136 23
300 347 28 294 445
271 11 155 404 225
352 262 194 488 201
397 321 471 443 430
494 314 47 118 241
101 180 17 493 40
275 97 48 21 87
273 261 19 95 138
245 396 215 400 402
189 395 385 324 192
416 54 363 464 240
311 30 327 187 57
62 203 224 411 228
334 483 376 75 282
429 82 70 457 137
386 183 77 425 412
459 407 474 198 33
106 421 135 354 25
338 114 317 465 278
109 496 233 323 484
342 133 0 284 218
289 437 309 350 96
460 81 186 344 174
318 451 372 213 332
60 207 410 326 168
358 156 103 76 254
144 232 455 61 239
469 495 435 161 171
476 237 302 50 306
113 382 428 37 387
472 248 125 182 226
14 360 298 166 130
389 247 216 305 32
212 432 36 246 331
373 418 379 463 6
38 304 392 381 394
296 119 92 414 24
4 217 1 148 481
223 176 450 329 250
191 10 415 65 442
127 470 462 244 315
63 5 308 53 99
351 420 413 270 27
423 100 258 136 23
300 347 28 294 445
271 11 155 404 225
352 262 194 488 201
397 321 471 443 430
494 314 47 118 241
101 180 17 493 40
275 97 48 21 87
273 261 19 95 138
245 396 215 400 402
189 395 385 324 192
416 54 363 464 240
311 30 327 187 57
62 203 224 411 228
334 483 376 75 282
429 82 70 457 137
386 183 77 425 412
459 407 474 198 33
106 421 135 354 25
338 114 317 465 278
109 496 233 323 484
342 133 0 284 218
289 437 309 350 96
460 81 186 344 174
318 451 372 213 332
60 207 410 326 168
358 156 103 76 254
144 232 455 61 239
469 495 435 161 171
476 237 302 50 306
113 382 428 37 387
472 248 125 182 226
14 360 298 166 130
389 247 216 305 32
212 432 36 246 331
373 418 379 463 6
38 304 392 381 394
296 119 92 414 24
398 274 41 390 26
4 217 1 148 481
223 176 450 329 250
191 10 415 65 442
127 470 462 244 315
63 5 308 53 99
351 420 413 270 27
423 100 258 136 23
300 347 28 294 445
271 11 155 404 225
352 262 194 488 201
397 321 471 443 430
494 314 47 118 241
101 180 17 493 40
275 97 48 21 87
273 261 19 95 138
245 396 215 400 402
189 395 385 324 192
416 54 363 464 240
311 30 327 187 57
62 203 224 411 228
334 483 376 75 282
429 82 70 457 137
386 183 77 425 412
459 407 474 198 33
106 421 135 354 25
338 114 317 465 278
109 496 233 323 484
342 133 0 284 218
289 437 309 350 96
460 81 186 344 174
318 451 372 213 332
60 207 410 326 168
358 156 103 76 254
144 232 455 61 239
469 495 435 161 171
476 237 302 50 306
113 382 428 37 387
472 248 125 182 226
14 360 298 166 130
389 247 216 305 32
212 432 36 246 331
373 418 379 463 6
38 304 392 381 394
296 119 92 414 24
398 274 41 390 26
18 489 264 340 362
4 217 1 148 481
223 176 450 329 250
191 10 415 65 442
127 470 462 244 315
63 5 308 53 99
351 420 413 270 27
423 100 258 136 23
300 347 28 294 445
271 11 155 404 225
352 262 194 488 201
397 321 471 443 430
494 314 47 118 241
101 180 17 493 40
275 97 48 21 87
273 261 19 95 138
245 396 215 400 402
189 395 385 324 192
416 54 363 464 240
311 30 327 187 57
62 203 224 411 228
334 483 376 75 282
429 82 70 457 137
386 183 77 425 412
459 407 474 198 33
106 421 135 354 25
338 114 317 465 278
109 496 233 323 484
342 133 0 284 218
289 437 309 350 96
460 81 186 344 174
318 451 372 213 332
60 207 410 326 168
358 156 103 76 254
144 232 455 61 239
469 495 435 161 171
476 237 302 50 306
113 382 428 37 387
472 248 125 182 226
14 360 298 166 130
389 247 216 305 32
212 432 36 246 331
373 418 379 463 6
38 304 392 381 394
296 119 92 414 24
398 274 41 390 26
18 489 264 340 362
238 229 375 34 158
4 217 1 148 481
223 176 450 329 250
191 10 415 65 442
127 470 462 244 315
63 5 308 53 99
351 420 413 270 27
423 100 258 136 23
300 347 28 294 445
271 11 155 404 225
352 262 194 488 201
397 321 471 443 430
494 314 47 118 241
101 180 17 493 40
275 97 48 21 87
273 261 19 95 138
245 396 215 400 402
189 395 385 324 192
416 54 363 464 240
311 30 327 187 57
62 203 224 411 228
334 483 376 75 282
429 82 70 457 137
386 183 77 425 412
459 407 474 198 33
106 421 135 354 25
338 114 317 465 278
109 496 233 323 484
342 133 0 284 218
289 437 309 350 96
460 81 186 344 174
318 451 372 213 332
60 207 410 326 168
358 156 103 76 254
144 232 455 61 239
469 495 435 161 171
476 237 302 50 306
113 382 428 37 387
472 248 125 182 226
14 360 298 166 130
389 247 216 305 32
212 432 36 246 331
373 418 379 463 6
38 304 392 381 394
296 119 92 414 24
398 274 41 390 26
18 489 264 340 362
238 229 375 34 158
214 312 35 66 147
4 217 1 148 481
223 176 450 329 250
191 10 415 65 442
127 470 462 244 315
63 5 308 53 99
351 420 413 270 27
423 100 258 136 23
300 347 28 294 445
271 11 155 404 225
352 262 194 488 201
397 321 471 443 430
494 314 47 118 241
101 180 17 493 40
275 97 48 21 87
273 261 19 95 138
245 396 215 400 402
189 395 385 324 192
416 54 363 464 240
311 30 327 187 57
62 203 224 411 228
334 483 376 75 282
429 82 70 457 137
386 183 77 425 412
459 407 474 198 33
106 421 135 354 25
338 114 317 465 278
109 496 233 323 484
342 133 0 284 218
289 437 309 350 96
460 81 186 344 174
318 451 372 213 332
60 207 410 326 168
358 156 103 76 254
144 232 455 61 239
469 495 435 161 171
476 237 302 50 306
113 382 428 37 387
472 248 125 182 226
14 360 298 166 130
389 247 216 305 32
212 432 36 246 331
373 418 379 463 6
38 304 392 381 394
296 119 92 414 24
398 274 41 390 26
18 489 264 340 362
238 229 375 34 158
214 312 35 66 147
85 115 403 132 141
4 217 1 148 481
223 176 450 329 250
191 10 415 65 442
127 470 462 244 315
63 5 308 53 99
351 420 413 270 27
423 100 258 136 23
300 347 28 294 445
271 11 155 404 225
352 262 194 488 201
397 321 471 443 430
494 314 47 118 241
101 180 17 493 40
275 97 48 21 87
273 261 19 95 138
245 396 215 400 402
189 395 385 324 192
416 54 363 464 240
311 30 327 187 57
62 203 224 411 228
334 483 376 75 282
429 82 70 457 137
386 183 77 425 412
459 407 474 198 33
106 421 135 354 25
338 114 317 465 278
109 496 233 323 484
342 133 0 284 218
289 437 309 350 96
460 81 186 344 174
318 451 372 213 332
60 207 410 326 168
358 156 103 76 254
144 232 455 61 239
469 495 435 161 171
476 237 302 50 306
113 382 428 37 387
472 248 125 182 226
14 360 298 166 130
389 247 216 305 32
212 432 36 246 331
373 418 379 463 6
38 304 392 381 394
296 119 92 414 24
398 274 41 390 26
18 489 264 340 362
238 229 375 34 158
214 312 35 66 147
85 115 403 132 141
15 163 378 44 281
