97 426 404 12 280
97 426 404 12 280
309 344 193 266 139
97 426 404 12 280
309 344 193 266 139
11 365 305 83 216
97 426 404 12 280
309 344 193 266 139
11 365 305 83 216
134 395 347 361 248
97 426 404 12 280
309 344 193 266 139
11 365 305 83 216
134 395 347 361 248
230 481 417 392 190
97 426 404 12 280
309 344 193 266 139
11 365 305 83 216
134 395 347 361 248
230 481 417 392 190
77 324 64 461 411
97 426 404 12 280
309 344 193 266 139
11 365 305 83 216
134 395 347 361 248
230 481 417 392 190
77 324 64 461 411
371 289 367 35 483
97 426 404 12 280
309 344 193 266 139
11 365 305 83 216
134 395 347 361 248
230 481 417 392 190
77 324 64 461 411
371 289 367 35 483
492 257 358 151 26
97 426 404 12 280
309 344 193 266 139
11 365 305 83 216
134 395 347 361 248
230 481 417 392 190
77 324 64 461 411
371 289 367 35 483
492 257 358 151 26
7 197 251 50 474
97 426 404 12 280
309 344 193 266 139
11 365 305 83 216
134 395 347 361 248
230 481 417 392 190
77 324 64 461 411
371 289 367 35 483
492 257 358 151 26
7 197 251 50 474
71 422 322 255 369
97 426 404 12 280
309 344 193 266 139
11 365 305 83 216
134 395 347 361 248
230 481 417 392 190
77 324 64 461 411
371 289 367 35 483
492 257 358 151 26
7 197 251 50 474
71 422 322 255 369
229 112 435 490 318
97 426 404 12 280
309 344 193 266 139
11 365 305 83 216
134 395 347 361 248
230 481 417 392 190
77 324 64 461 411
371 289 367 35 483
492 257 358 151 26
7 197 251 50 474
71 422 322 255 369
229 112 435 490 318
1 219 153 420 41
97 426 404 12 280
309 344 193 266 139
11 365 305 83 216
134 395 347 361 248
230 481 417 392 190
77 324 64 461 411
371 289 367 35 483
492 257 358 151 26
7 197 251 50 474
71 422 322 255 369
229 112 435 490 318
1 219 153 420 41
253 220 314 54 437
97 426 404 12 280
309 344 193 266 139
11 365 305 83 216
134 395 347 361 248
230 481 417 392 190
77 324 64 461 411
371 289 367 35 483
492 257 358 151 26
7 197 251 50 474
71 422 322 255 369
229 112 435 490 318
1 219 153 420 41
253 220 314 54 437
434 28 40 431 491
97 426 404 12 280
309 344 193 266 139
11 365 305 83 216
134 395 347 361 248
230 481 417 392 190
77 324 64 461 411
371 289 367 35 483
492 257 358 151 26
7 197 251 50 474
71 422 322 255 369
229 112 435 490 318
1 219 153 420 41
253 220 314 54 437
434 28 40 431 491
271 377 142 268 443
97 426 404 12 280
309 344 193 266 139
11 365 305 83 216
134 395 347 361 248
230 481 417 392 190
77 324 64 461 411
371 289 367 35 483
492 257 358 151 26
7 197 251 50 474
71 422 322 255 369
229 112 435 490 318
1 219 153 420 41
253 220 314 54 437
434 28 40 431 491
271 377 142 268 443
447 402 152 20 254
97 426 404 12 280
309 344 193 266 139
11 365 305 83 216
134 395 347 361 248
230 481 417 392 190
77 324 64 461 411
371 289 367 35 483
492 257 358 151 26
7 197 251 50 474
71 422 322 255 369
229 112 435 490 318
1 219 153 420 41
253 220 314 54 437
434 28 40 431 491
271 377 142 268 443
447 402 152 20 254
360 279 70 49 17
97 426 404 12 280
309 344 193 266 139
11 365 305 83 216
134 395 347 361 248
230 481 417 392 190
77 324 64 461 411
371 289 367 35 483
492 257 358 151 26
7 197 251 50 474
71 422 322 255 369
229 112 435 490 318
1 219 153 420 41
253 220 314 54 437
434 28 40 431 491
271 377 142 268 443
447 402 152 20 254
360 279 70 49 17
291 273 320 416 145
97 426 404 12 280
309 344 193 266 139
11 365 305 83 216
134 395 347 361 248
230 481 417 392 190
77 324 64 461 411
371 289 367 35 483
492 257 358 151 26
7 197 251 50 474
71 422 322 255 369
229 112 435 490 318
1 219 153 420 41
253 220 314 54 437
434 28 40 431 491
271 377 142 268 443
447 402 152 20 254
360 279 70 49 17
291 273 320 416 145
467 138 233 252 410
97 426 404 12 280
309 344 193 266 139
11 365 305 83 216
134 395 347 361 248
230 481 417 392 190
77 324 64 461 411
371 289 367 35 483
492 257 358 151 26
7 197 251 50 474
71 422 322 255 369
229 112 435 490 318
1 219 153 420 41
253 220 314 54 437
434 28 40 431 491
271 377 142 268 443
447 402 152 20 254
360 279 70 49 17
291 273 320 416 145
467 138 233 252 410
391 225 415 95 73
97 426 404 12 280
309 344 193 266 139
11 365 305 83 216
134 395 347 361 248
230 481 417 392 190
77 324 64 461 411
371 289 367 35 483
492 257 358 151 26
7 197 251 50 474
71 422 322 255 369
229 112 435 490 318
1 219 153 420 41
253 220 314 54 437
434 28 40 431 491
271 377 142 268 443
447 402 152 20 254
360 279 70 49 17
291 273 320 416 145
467 138 233 252 410
391 225 415 95 73
419 226 240 174 19
97 426 404 12 280
309 344 193 266 139
11 365 305 83 216
134 395 347 361 248
230 481 417 392 190
77 324 64 461 411
371 289 367 35 483
492 257 358 151 26
7 197 251 50 474
71 422 322 255 369
229 112 435 490 318
1 219 153 420 41
253 220 314 54 437
434 28 40 431 491
271 377 142 268 443
447 402 152 20 254
360 279 70 49 17
291 273 320 416 145
467 138 233 252 410
391 225 415 95 73
419 226 240 174 19
204 412 79 337 63
97 426 404 12 280
309 344 193 266 139
11 365 305 83 216
134 395 347 361 248
230 481 417 392 190
77 324 64 461 411
371 289 367 35 483
492 257 358 151 26
7 197 251 50 474
71 422 322 255 369
229 112 435 490 318
1 219 153 420 41
253 220 314 54 437
434 28 40 431 491
271 377 142 268 443
447 402 152 20 254
360 279 70 49 17
291 273 320 416 145
467 138 233 252 410
391 225 415 95 73
419 226 240 174 19
204 412 79 337 63
36 312 76 105 325
97 426 404 12 280
309 344 193 266 139
11 365 305 83 216
134 395 347 361 248
230 481 417 392 190
77 324 64 461 411
371 289 367 35 483
492 257 358 151 26
7 197 251 50 474
71 422 322 255 369
229 112 435 490 318
1 219 153 420 41
253 220 314 54 437
434 28 40 431 491
271 377 142 268 443
447 402 152 20 254
360 279 70 49 17
291 273 320 416 145
467 138 233 252 410
391 225 415 95 73
419 226 240 174 19
204 412 79 337 63
36 312 76 105 325
301 149 228 339 16
97 426 404 12 280
309 344 193 266 139
11 365 305 83 216
134 395 347 361 248
230 481 417 392 190
77 324 64 461 411
371 289 367 35 483
492 257 358 151 26
7 197 251 50 474
71 422 322 255 369
229 112 435 490 318
1 219 153 420 41
253 220 314 54 437
434 28 40 431 491
271 377 142 268 443
447 402 152 20 254
360 279 70 49 17
291 273 320 416 145
467 138 233 252 410
391 225 415 95 73
419 226 240 174 19
204 412 79 337 63
36 312 76 105 325
301 149 228 339 16
201 106 10 488 46
97 426 404 12 280
309 344 193 266 139
11 365 305 83 216
134 395 347 361 248
230 481 417 392 190
77 324 64 461 411
371 289 367 35 483
492 257 358 151 26
7 197 251 50 474
71 422 322 255 369
229 112 435 490 318
1 219 153 420 41
253 220 314 54 437
434 28 40 431 491
271 377 142 268 443
447 402 152 20 254
360 279 70 49 17
291 273 320 416 145
467 138 233 252 410
391 225 415 95 73
419 226 240 174 19
204 412 79 337 63
36 312 76 105 325
301 149 228 339 16
201 106 10 488 46
403 160 231 244 189
97 426 404 12 280
309 344 193 266 139
11 365 305 83 216
134 395 347 361 248
230 481 417 392 190
77 324 64 461 411
371 289 367 35 483
492 257 358 151 26
7 197 251 50 474
71 422 322 255 369
229 112 435 490 318
1 219 153 420 41
253 220 314 54 437
434 28 40 431 491
271 377 142 268 443
447 402 152 20 254
360 279 70 49 17
291 273 320 416 145
467 138 233 252 410
391 225 415 95 73
419 226 240 174 19
204 412 79 337 63
36 312 76 105 325
301 149 228 339 16
201 106 10 488 46
403 160 231 244 189
446 181 175 442 159
97 426 404 12 280
309 344 193 266 139
11 365 305 83 216
134 395 347 361 248
230 481 417 392 190
77 324 64 461 411
371 289 367 35 483
492 257 358 151 26
7 197 251 50 474
71 422 322 255 369
229 112 435 490 318
1 219 153 420 41
253 220 314 54 437
434 28 40 431 491
271 377 142 268 443
447 402 152 20 254
360 279 70 49 17
291 273 320 416 145
467 138 233 252 410
391 225 415 95 73
419 226 240 174 19
204 412 79 337 63
36 312 76 105 325
301 149 228 339 16
201 106 10 488 46
403 160 231 244 189
446 181 175 442 159
121 406 430 297 179
97 426 404 12 280
309 344 193 266 139
11 365 305 83 216
134 395 347 361 248
230 481 417 392 190
77 324 64 461 411
371 289 367 35 483
492 257 358 151 26
7 197 251 50 474
71 422 322 255 369
229 112 435 490 318
1 219 153 420 41
253 220 314 54 437
434 28 40 431 491
271 377 142 268 443
447 402 152 20 254
360 279 70 49 17
291 273 320 416 145
467 138 233 252 410
391 225 415 95 73
419 226 240 174 19
204 412 79 337 63
36 312 76 105 325
301 149 228 339 16
201 106 10 488 46
403 160 231 244 189
446 181 175 442 159
121 406 430 297 179
293 278 180 405 486
97 426 404 12 280
309 344 193 266 139
11 365 305 83 216
134 395 347 361 248
230 481 417 392 190
77 324 64 461 411
371 289 367 35 483
492 257 358 151 26
7 197 251 50 474
71 422 322 255 369
229 112 435 490 318
1 219 153 420 41
253 220 314 54 437
434 28 40 431 491
271 377 142 268 443
447 402 152 20 254
360 279 70 49 17
291 273 320 416 145
467 138 233 252 410
391 225 415 95 73
419 226 240 174 19
204 412 79 337 63
36 312 76 105 325
301 149 228 339 16
201 106 10 488 46
403 160 231 244 189
446 181 175 442 159
121 406 430 297 179
293 278 180 405 486
290 374 338 258 370
97 426 404 12 280
309 344 193 266 139
11 365 305 83 216
134 395 347 361 248
230 481 417 392 190
77 324 64 461 411
371 289 367 35 483
492 257 358 151 26
7 197 251 50 474
71 422 322 255 369
229 112 435 490 318
1 219 153 420 41
253 220 314 54 437
434 28 40 431 491
271 377 142 268 443
447 402 152 20 254
360 279 70 49 17
291 273 320 416 145
467 138 233 252 410
391 225 415 95 73
419 226 240 174 19
204 412 79 337 63
36 312 76 105 325
301 149 228 339 16
201 106 10 488 46
403 160 231 244 189
446 181 175 442 159
121 406 430 297 179
293 278 180 405 486
290 374 338 258 370
148 129 5 260 459
97 426 404 12 280
309 344 193 266 139
11 365 305 83 216
134 395 347 361 248
230 481 417 392 190
77 324 64 461 411
371 289 367 35 483
492 257 358 151 26
7 197 251 50 474
71 422 322 255 369
229 112 435 490 318
1 219 153 420 41
253 220 314 54 437
434 28 40 431 491
271 377 142 268 443
447 402 152 20 254
360 279 70 49 17
291 273 320 416 145
467 138 233 252 410
391 225 415 95 73
419 226 240 174 19
204 412 79 337 63
36 312 76 105 325
301 149 228 339 16
201 106 10 488 46
403 160 231 244 189
446 181 175 442 159
121 406 430 297 179
293 278 180 405 486
290 374 338 258 370
148 129 5 260 459
281 485 487 75 113
97 426 404 12 280
309 344 193 266 139
11 365 305 83 216
134 395 347 361 248
230 481 417 392 190
77 324 64 461 411
371 289 367 35 483
492 257 358 151 26
7 197 251 50 474
71 422 322 255 369
229 112 435 490 318
1 219 153 420 41
253 220 314 54 437
434 28 40 431 491
271 377 142 268 443
447 402 152 20 254
360 279 70 49 17
291 273 320 416 145
467 138 233 252 410
391 225 415 95 73
419 226 240 174 19
204 412 79 337 63
36 312 76 105 325
301 149 228 339 16
201 106 10 488 46
403 160 231 244 189
446 181 175 442 159
121 406 430 297 179
293 278 180 405 486
290 374 338 258 370
148 129 5 260 459
281 485 487 75 113
334 29 400 140 373
97 426 404 12 280
309 344 193 266 139
11 365 305 83 216
134 395 347 361 248
230 481 417 392 190
77 324 64 461 411
371 289 367 35 483
492 257 358 151 26
7 197 251 50 474
71 422 322 255 369
229 112 435 490 318
1 219 153 420 41
253 220 314 54 437
434 28 40 431 491
271 377 142 268 443
447 402 152 20 254
360 279 70 49 17
291 273 320 416 145
467 138 233 252 410
391 225 415 95 73
419 226 240 174 19
204 412 79 337 63
36 312 76 105 325
301 149 228 339 16
201 106 10 488 46
403 160 231 244 189
446 181 175 442 159
121 406 430 297 179
293 278 180 405 486
290 374 338 258 370
148 129 5 260 459
281 485 487 75 113
334 29 400 140 373
108 283 357 285 428
97 426 404 12 280
309 344 193 266 139
11 365 305 83 216
134 395 347 361 248
230 481 417 392 190
77 324 64 461 411
371 289 367 35 483
492 257 358 151 26
7 197 251 50 474
71 422 322 255 369
229 112 435 490 318
1 219 153 420 41
253 220 314 54 437
434 28 40 431 491
271 377 142 268 443
447 402 152 20 254
360 279 70 49 17
291 273 320 416 145
467 138 233 252 410
391 225 415 95 73
419 226 240 174 19
204 412 79 337 63
36 312 76 105 325
301 149 228 339 16
201 106 10 488 46
403 160 231 244 189
446 181 175 442 159
121 406 430 297 179
293 278 180 405 486
290 374 338 258 370
148 129 5 260 459
281 485 487 75 113
334 29 400 140 373
108 283 357 285 428
74 33 66 92 206
97 426 404 12 280
309 344 193 266 139
11 365 305 83 216
134 395 347 361 248
230 481 417 392 190
77 324 64 461 411
371 289 367 35 483
492 257 358 151 26
7 197 251 50 474
71 422 322 255 369
229 112 435 490 318
1 219 153 420 41
253 220 314 54 437
434 28 40 431 491
271 377 142 268 443
447 402 152 20 254
360 279 70 49 17
291 273 320 416 145
467 138 233 252 410
391 225 415 95 73
419 226 240 174 19
204 412 79 337 63
36 312 76 105 325
301 149 228 339 16
201 106 10 488 46
403 160 231 244 189
446 181 175 442 159
121 406 430 297 179
293 278 180 405 486
290 374 338 258 370
148 129 5 260 459
281 485 487 75 113
334 29 400 140 373
108 283 357 285 428
74 33 66 92 206
274 99 223 269 348
97 426 404 12 280
309 344 193 266 139
11 365 305 83 216
134 395 347 361 248
230 481 417 392 190
77 324 64 461 411
371 289 367 35 483
492 257 358 151 26
7 197 251 50 474
71 422 322 255 369
229 112 435 490 318
1 219 153 420 41
253 220 314 54 437
434 28 40 431 491
271 377 142 268 443
447 402 152 20 254
360 279 70 49 17
291 273 320 416 145
467 138 233 252 410
391 225 415 95 73
419 226 240 174 19
204 412 79 337 63
36 312 76 105 325
301 149 228 339 16
201 106 10 488 46
403 160 231 244 189
446 181 175 442 159
121 406 430 297 179
293 278 180 405 486
290 374 338 258 370
148 129 5 260 459
281 485 487 75 113
334 29 400 140 373
108 283 357 285 428
74 33 66 92 206
274 99 223 269 348
267 479 102 214 186
97 426 404 12 280
309 344 193 266 139
11 365 305 83 216
134 395 347 361 248
230 481 417 392 190
77 324 64 461 411
371 289 367 35 483
492 257 358 151 26
7 197 251 50 474
71 422 322 255 369
229 112 435 490 318
1 219 153 420 41
253 220 314 54 437
434 28 40 431 491
271 377 142 268 443
447 402 152 20 254
360 279 70 49 17
291 273 320 416 145
467 138 233 252 410
391 225 415 95 73
419 226 240 174 19
204 412 79 337 63
36 312 76 105 325
301 149 228 339 16
201 106 10 488 46
403 160 231 244 189
446 181 175 442 159
121 406 430 297 179
293 278 180 405 486
290 374 338 258 370
148 129 5 260 459
281 485 487 75 113
334 29 400 140 373
108 283 357 285 428
74 33 66 92 206
274 99 223 269 348
267 479 102 214 186
48 364 310 235 128
97 426 404 12 280
309 344 193 266 139
11 365 305 83 216
134 395 347 361 248
230 481 417 392 190
77 324 64 461 411
371 289 367 35 483
492 257 358 151 26
7 197 251 50 474
71 422 322 255 369
229 112 435 490 318
1 219 153 420 41
253 220 314 54 437
434 28 40 431 491
271 377 142 268 443
447 402 152 20 254
360 279 70 49 17
291 273 320 416 145
467 138 233 252 410
391 225 415 95 73
419 226 240 174 19
204 412 79 337 63
36 312 76 105 325
301 149 228 339 16
201 106 10 488 46
403 160 231 244 189
446 181 175 442 159
121 406 430 297 179
293 278 180 405 486
290 374 338 258 370
148 129 5 260 459
281 485 487 75 113
334 29 400 140 373
108 283 357 285 428
74 33 66 92 206
274 99 223 269 348
267 479 102 214 186
48 364 310 235 128
85 114 131 256 468
97 426 404 12 280
309 344 193 266 139
11 365 305 83 216
134 395 347 361 248
230 481 417 392 190
77 324 64 461 411
371 289 367 35 483
492 257 358 151 26
7 197 251 50 474
71 422 322 255 369
229 112 435 490 318
1 219 153 420 41
253 220 314 54 437
434 28 40 431 491
271 377 142 268 443
447 402 152 20 254
360 279 70 49 17
291 273 320 416 145
467 138 233 252 410
391 225 415 95 73
419 226 240 174 19
204 412 79 337 63
36 312 76 105 325
301 149 228 339 16
201 106 10 488 46
403 160 231 244 189
446 181 175 442 159
121 406 430 297 179
293 278 180 405 486
290 374 338 258 370
148 129 5 260 459
281 485 487 75 113
334 29 400 140 373
108 283 357 285 428
74 33 66 92 206
274 99 223 269 348
267 479 102 214 186
48 364 310 235 128
85 114 131 256 468
200 276 498 433 107
97 426 404 12 280
309 344 193 266 139
11 365 305 83 216
134 395 347 361 248
230 481 417 392 190
77 324 64 461 411
371 289 367 35 483
492 257 358 151 26
7 197 251 50 474
71 422 322 255 369
229 112 435 490 318
1 219 153 420 41
253 220 314 54 437
434 28 40 431 491
271 377 142 268 443
447 402 152 20 254
360 279 70 49 17
291 273 320 416 145
467 138 233 252 410
391 225 415 95 73
419 226 240 174 19
204 412 79 337 63
36 312 76 105 325
301 149 228 339 16
201 106 10 488 46
403 160 231 244 189
446 181 175 442 159
121 406 430 297 179
293 278 180 405 486
290 374 338 258 370
148 129 5 260 459
281 485 487 75 113
334 29 400 140 373
108 283 357 285 428
74 33 66 92 206
274 99 223 269 348
267 479 102 214 186
48 364 310 235 128
85 114 131 256 468
200 276 498 433 107
270 215 450 457 137
97 426 404 12 280
309 344 193 266 139
11 365 305 83 216
134 395 347 361 248
230 481 417 392 190
77 324 64 461 411
371 289 367 35 483
492 257 358 151 26
7 197 251 50 474
71 422 322 255 369
229 112 435 490 318
1 219 153 420 41
253 220 314 54 437
434 28 40 431 491
271 377 142 268 443
447 402 152 20 254
360 279 70 49 17
291 273 320 416 145
467 138 233 252 410
391 225 415 95 73
419 226 240 174 19
204 412 79 337 63
36 312 76 105 325
301 149 228 339 16
201 106 10 488 46
403 160 231 244 189
446 181 175 442 159
121 406 430 297 179
293 278 180 405 486
290 374 338 258 370
148 129 5 260 459
281 485 487 75 113
334 29 400 140 373
108 283 357 285 428
74 33 66 92 206
274 99 223 269 348
267 479 102 214 186
48 364 310 235 128
85 114 131 256 468
200 276 498 433 107
270 215 450 457 137
470 96 448 313 335
97 426 404 12 280
309 344 193 266 139
11 365 305 83 216
134 395 347 361 248
230 481 417 392 190
77 324 64 461 411
371 289 367 35 483
492 257 358 151 26
7 197 251 50 474
71 422 322 255 369
229 112 435 490 318
1 219 153 420 41
253 220 314 54 437
434 28 40 431 491
271 377 142 268 443
447 402 152 20 254
360 279 70 49 17
291 273 320 416 145
467 138 233 252 410
391 225 415 95 73
419 226 240 174 19
204 412 79 337 63
36 312 76 105 325
301 149 228 339 16
201 106 10 488 46
403 160 231 244 189
446 181 175 442 159
121 406 430 297 179
293 278 180 405 486
290 374 338 258 370
148 129 5 260 459
281 485 487 75 113
334 29 400 140 373
108 283 357 285 428
74 33 66 92 206
274 99 223 269 348
267 479 102 214 186
48 364 310 235 128
85 114 131 256 468
200 276 498 433 107
270 215 450 457 137
470 96 448 313 335
65 27 409 163 455
97 426 404 12 280
309 344 193 266 139
11 365 305 83 216
134 395 347 361 248
230 481 417 392 190
77 324 64 461 411
371 289 367 35 483
492 257 358 151 26
7 197 251 50 474
71 422 322 255 369
229 112 435 490 318
1 219 153 420 41
253 220 314 54 437
434 28 40 431 491
271 377 142 268 443
447 402 152 20 254
360 279 70 49 17
291 273 320 416 145
467 138 233 252 410
391 225 415 95 73
419 226 240 174 19
204 412 79 337 63
36 312 76 105 325
301 149 228 339 16
201 106 10 488 46
403 160 231 244 189
446 181 175 442 159
121 406 430 297 179
293 278 180 405 486
290 374 338 258 370
148 129 5 260 459
281 485 487 75 113
334 29 400 140 373
108 283 357 285 428
74 33 66 92 206
274 99 223 269 348
267 479 102 214 186
48 364 310 235 128
85 114 131 256 468
200 276 498 433 107
270 215 450 457 137
470 96 448 313 335
65 27 409 163 455
117 445 249 429 399
97 426 404 12 280
309 344 193 266 139
11 365 305 83 216
134 395 347 361 248
230 481 417 392 190
77 324 64 461 411
371 289 367 35 483
492 257 358 151 26
7 197 251 50 474
71 422 322 255 369
229 112 435 490 318
1 219 153 420 41
253 220 314 54 437
434 28 40 431 491
271 377 142 268 443
447 402 152 20 254
360 279 70 49 17
291 273 320 416 145
467 138 233 252 410
391 225 415 95 73
419 226 240 174 19
204 412 79 337 63
36 312 76 105 325
301 149 228 339 16
201 106 10 488 46
403 160 231 244 189
446 181 175 442 159
121 406 430 297 179
293 278 180 405 486
290 374 338 258 370
148 129 5 260 459
281 485 487 75 113
334 29 400 140 373
108 283 357 285 428
74 33 66 92 206
274 99 223 269 348
267 479 102 214 186
48 364 310 235 128
85 114 131 256 468
200 276 498 433 107
270 215 450 457 137
470 96 448 313 335
65 27 409 163 455
117 445 249 429 399
493 238 444 472 349
97 426 404 12 280
309 344 193 266 139
11 365 305 83 216
134 395 347 361 248
230 481 417 392 190
77 324 64 461 411
371 289 367 35 483
492 257 358 151 26
7 197 251 50 474
71 422 322 255 369
229 112 435 490 318
1 219 153 420 41
253 220 314 54 437
434 28 40 431 491
271 377 142 268 443
447 402 152 20 254
360 279 70 49 17
291 273 320 416 145
467 138 233 252 410
391 225 415 95 73
419 226 240 174 19
204 412 79 337 63
36 312 76 105 325
301 149 228 339 16
201 106 10 488 46
403 160 231 244 189
446 181 175 442 159
121 406 430 297 179
293 278 180 405 486
290 374 338 258 370
148 129 5 260 459
281 485 487 75 113
334 29 400 140 373
108 283 357 285 428
74 33 66 92 206
274 99 223 269 348
267 479 102 214 186
48 364 310 235 128
85 114 131 256 468
200 276 498 433 107
270 215 450 457 137
470 96 448 313 335
65 27 409 163 455
117 445 249 429 399
493 238 444 472 349
342 156 202 167 265
97 426 404 12 280
309 344 193 266 139
11 365 305 83 216
134 395 347 361 248
230 481 417 392 190
77 324 64 461 411
371 289 367 35 483
492 257 358 151 26
7 197 251 50 474
71 422 322 255 369
229 112 435 490 318
1 219 153 420 41
253 220 314 54 437
434 28 40 431 491
271 377 142 268 443
447 402 152 20 254
360 279 70 49 17
291 273 320 416 145
467 138 233 252 410
391 225 415 95 73
419 226 240 174 19
204 412 79 337 63
36 312 76 105 325
301 149 228 339 16
201 106 10 488 46
403 160 231 244 189
446 181 175 442 159
121 406 430 297 179
293 278 180 405 486
290 374 338 258 370
148 129 5 260 459
281 485 487 75 113
334 29 400 140 373
108 283 357 285 428
74 33 66 92 206
274 99 223 269 348
267 479 102 214 186
48 364 310 235 128
85 114 131 256 468
200 276 498 433 107
270 215 450 457 137
470 96 448 313 335
65 27 409 163 455
117 445 249 429 399
493 238 444 472 349
342 156 202 167 265
130 126 171 182 199
97 426 404 12 280
309 344 193 266 139
11 365 305 83 216
134 395 347 361 248
230 481 417 392 190
77 324 64 461 411
371 289 367 35 483
492 257 358 151 26
7 197 251 50 474
71 422 322 255 369
229 112 435 490 318
1 219 153 420 41
253 220 314 54 437
434 28 40 431 491
271 377 142 268 443
447 402 152 20 254
360 279 70 49 17
291 273 320 416 145
467 138 233 252 410
391 225 415 95 73
419 226 240 174 19
204 412 79 337 63
36 312 76 105 325
301 149 228 339 16
201 106 10 488 46
403 160 231 244 189
446 181 175 442 159
121 406 430 297 179
293 278 180 405 486
290 374 338 258 370
148 129 5 260 459
281 485 487 75 113
334 29 400 140 373
108 283 357 285 428
74 33 66 92 206
274 99 223 269 348
267 479 102 214 186
48 364 310 235 128
85 114 131 256 468
200 276 498 433 107
270 215 450 457 137
470 96 448 313 335
65 27 409 163 455
117 445 249 429 399
493 238 444 472 349
342 156 202 167 265
130 126 171 182 199
477 441 259 143 496
97 426 404 12 280
309 344 193 266 139
11 365 305 83 216
134 395 347 361 248
230 481 417 392 190
77 324 64 461 411
371 289 367 35 483
492 257 358 151 26
7 197 251 50 474
71 422 322 255 369
229 112 435 490 318
1 219 153 420 41
253 220 314 54 437
434 28 40 431 491
271 377 142 268 443
447 402 152 20 254
360 279 70 49 17
291 273 320 416 145
467 138 233 252 410
391 225 415 95 73
419 226 240 174 19
204 412 79 337 63
36 312 76 105 325
301 149 228 339 16
201 106 10 488 46
403 160 231 244 189
446 181 175 442 159
121 406 430 297 179
293 278 180 405 486
290 374 338 258 370
148 129 5 260 459
281 485 487 75 113
334 29 400 140 373
108 283 357 285 428
74 33 66 92 206
274 99 223 269 348
267 479 102 214 186
48 364 310 235 128
85 114 131 256 468
200 276 498 433 107
270 215 450 457 137
470 96 448 313 335
65 27 409 163 455
117 445 249 429 399
493 238 444 472 349
342 156 202 167 265
130 126 171 182 199
477 441 259 143 496
232 379 109 453 62
97 426 404 12 280
309 344 193 266 139
11 365 305 83 216
134 395 347 361 248
230 481 417 392 190
77 324 64 461 411
371 289 367 35 483
492 257 358 151 26
7 197 251 50 474
71 422 322 255 369
229 112 435 490 318
1 219 153 420 41
253 220 314 54 437
434 28 40 431 491
271 377 142 268 443
447 402 152 20 254
360 279 70 49 17
291 273 320 416 145
467 138 233 252 410
391 225 415 95 73
419 226 240 174 19
204 412 79 337 63
36 312 76 105 325
301 149 228 339 16
201 106 10 488 46
403 160 231 244 189
446 181 175 442 159
121 406 430 297 179
293 278 180 405 486
290 374 338 258 370
148 129 5 260 459
281 485 487 75 113
334 29 400 140 373
108 283 357 285 428
74 33 66 92 206
274 99 223 269 348
267 479 102 214 186
48 364 310 235 128
85 114 131 256 468
200 276 498 433 107
270 215 450 457 137
470 96 448 313 335
65 27 409 163 455
117 445 249 429 399
493 238 444 472 349
342 156 202 167 265
130 126 171 182 199
477 441 259 143 496
232 379 109 453 62
352 304 195 315 80
