92 90 93
92 90 93
126 129
92 90 93
126 129
215 212
92 90 93
126 129
215 212
99 96
92 90 93
126 129
215 212
99 96
371 369
92 90 93
126 129
215 212
99 96
371 369
74 73
92 90 93
126 129
215 212
99 96
371 369
74 73
87 88
92 90 93
126 129
215 212
99 96
371 369
74 73
87 88
237 236
92 90 93
126 129
215 212
99 96
371 369
74 73
87 88
237 236
496 497
92 90 93
126 129
215 212
99 96
371 369
74 73
87 88
237 236
496 497
192 193
92 90 93
126 129
215 212
99 96
371 369
74 73
87 88
237 236
496 497
192 193
239 235
92 90 93
126 129
215 212
99 96
371 369
74 73
87 88
237 236
496 497
192 193
239 235
257 255
92 90 93
126 129
215 212
99 96
371 369
74 73
87 88
237 236
496 497
192 193
239 235
257 255
106 107
92 90 93
126 129
215 212
99 96
371 369
74 73
87 88
237 236
496 497
192 193
239 235
257 255
106 107
376 375
92 90 93
126 129
215 212
99 96
371 369
74 73
87 88
237 236
496 497
192 193
239 235
257 255
106 107
376 375
435 434
92 90 93
126 129
215 212
99 96
371 369
74 73
87 88
237 236
496 497
192 193
239 235
257 255
106 107
376 375
435 434
430 431
92 90 93
126 129
215 212
99 96
371 369
74 73
87 88
237 236
496 497
192 193
239 235
257 255
106 107
376 375
435 434
430 431
132 135
92 90 93
126 129
215 212
99 96
371 369
74 73
87 88
237 236
496 497
192 193
239 235
257 255
106 107
376 375
435 434
430 431
132 135
272 274
92 90 93
126 129
215 212
99 96
371 369
74 73
87 88
237 236
496 497
192 193
239 235
257 255
106 107
376 375
435 434
430 431
132 135
272 274
172 171
