36 13 67 81 94
36 13 67 81 94
49 25 87 58 62
36 13 67 81 94
49 25 87 58 62
79 52 64 99 77
36 13 67 81 94
49 25 87 58 62
79 52 64 99 77
19 16 53 84 83
36 13 67 81 94
49 25 87 58 62
79 52 64 99 77
19 16 53 84 83
9 86 66 35 6
36 13 67 81 94
49 25 87 58 62
79 52 64 99 77
19 16 53 84 83
9 86 66 35 6
34 85 72 68 1
36 13 67 81 94
49 25 87 58 62
79 52 64 99 77
19 16 53 84 83
9 86 66 35 6
34 85 72 68 1
55 75 3 12 4
36 13 67 81 94
49 25 87 58 62
79 52 64 99 77
19 16 53 84 83
9 86 66 35 6
34 85 72 68 1
55 75 3 12 4
38 10 23 73 41
36 13 67 81 94
49 25 87 58 62
79 52 64 99 77
19 16 53 84 83
9 86 66 35 6
34 85 72 68 1
55 75 3 12 4
38 10 23 73 41
48 93 96 40 56
36 13 67 81 94
49 25 87 58 62
79 52 64 99 77
19 16 53 84 83
9 86 66 35 6
34 85 72 68 1
55 75 3 12 4
38 10 23 73 41
48 93 96 40 56
71 90 42 30 37
