270 271 272 273 274
270 271 272 273 274
492 493 494 495 496
270 271 272 273 274
492 493 494 495 496
368 369 370 371 372
270 271 272 273 274
492 493 494 495 496
368 369 370 371 372
261 262 263 264
270 271 272 273 274
492 493 494 495 496
368 369 370 371 372
261 262 263 264
24 25 26 27
270 271 272 273 274
492 493 494 495 496
368 369 370 371 372
261 262 263 264
24 25 26 27
246 247 248 249
270 271 272 273 274
492 493 494 495 496
368 369 370 371 372
261 262 263 264
24 25 26 27
246 247 248 249
211 212 213 214 215
270 271 272 273 274
492 493 494 495 496
368 369 370 371 372
261 262 263 264
24 25 26 27
246 247 248 249
211 212 213 214 215
48 49 50 51 52
270 271 272 273 274
492 493 494 495 496
368 369 370 371 372
261 262 263 264
24 25 26 27
246 247 248 249
211 212 213 214 215
48 49 50 51 52
373 374 375 376 377
270 271 272 273 274
492 493 494 495 496
368 369 370 371 372
261 262 263 264
24 25 26 27
246 247 248 249
211 212 213 214 215
48 49 50 51 52
373 374 375 376 377
265 266 268 269 267
270 271 272 273 274
492 493 494 495 496
368 369 370 371 372
261 262 263 264
24 25 26 27
246 247 248 249
211 212 213 214 215
48 49 50 51 52
373 374 375 376 377
265 266 268 269 267
285 286 287 288
270 271 272 273 274
492 493 494 495 496
368 369 370 371 372
261 262 263 264
24 25 26 27
246 247 248 249
211 212 213 214 215
48 49 50 51 52
373 374 375 376 377
265 266 268 269 267
285 286 287 288
28 29 30 31
270 271 272 273 274
492 493 494 495 496
368 369 370 371 372
261 262 263 264
24 25 26 27
246 247 248 249
211 212 213 214 215
48 49 50 51 52
373 374 375 376 377
265 266 268 269 267
285 286 287 288
28 29 30 31
475 476 477
270 271 272 273 274
492 493 494 495 496
368 369 370 371 372
261 262 263 264
24 25 26 27
246 247 248 249
211 212 213 214 215
48 49 50 51 52
373 374 375 376 377
265 266 268 269 267
285 286 287 288
28 29 30 31
475 476 477
8 9 10 11 12
270 271 272 273 274
492 493 494 495 496
368 369 370 371 372
261 262 263 264
24 25 26 27
246 247 248 249
211 212 213 214 215
48 49 50 51 52
373 374 375 376 377
265 266 268 269 267
285 286 287 288
28 29 30 31
475 476 477
8 9 10 11 12
471 472 473 474
270 271 272 273 274
492 493 494 495 496
368 369 370 371 372
261 262 263 264
24 25 26 27
246 247 248 249
211 212 213 214 215
48 49 50 51 52
373 374 375 376 377
265 266 268 269 267
285 286 287 288
28 29 30 31
475 476 477
8 9 10 11 12
471 472 473 474
2 3 4 5
270 271 272 273 274
492 493 494 495 496
368 369 370 371 372
261 262 263 264
24 25 26 27
246 247 248 249
211 212 213 214 215
48 49 50 51 52
373 374 375 376 377
265 266 268 269 267
285 286 287 288
28 29 30 31
475 476 477
8 9 10 11 12
471 472 473 474
2 3 4 5
317 318 319 320 321
270 271 272 273 274
492 493 494 495 496
368 369 370 371 372
261 262 263 264
24 25 26 27
246 247 248 249
211 212 213 214 215
48 49 50 51 52
373 374 375 376 377
265 266 268 269 267
285 286 287 288
28 29 30 31
475 476 477
8 9 10 11 12
471 472 473 474
2 3 4 5
317 318 319 320 321
170 171 172
270 271 272 273 274
492 493 494 495 496
368 369 370 371 372
261 262 263 264
24 25 26 27
246 247 248 249
211 212 213 214 215
48 49 50 51 52
373 374 375 376 377
265 266 268 269 267
285 286 287 288
28 29 30 31
475 476 477
8 9 10 11 12
471 472 473 474
2 3 4 5
317 318 319 320 321
170 171 172
207 208 209 210
270 271 272 273 274
492 493 494 495 496
368 369 370 371 372
261 262 263 264
24 25 26 27
246 247 248 249
211 212 213 214 215
48 49 50 51 52
373 374 375 376 377
265 266 268 269 267
285 286 287 288
28 29 30 31
475 476 477
8 9 10 11 12
471 472 473 474
2 3 4 5
317 318 319 320 321
170 171 172
207 208 209 210
166 167 168 169
270 271 272 273 274
492 493 494 495 496
368 369 370 371 372
261 262 263 264
24 25 26 27
246 247 248 249
211 212 213 214 215
48 49 50 51 52
373 374 375 376 377
265 266 268 269 267
285 286 287 288
28 29 30 31
475 476 477
8 9 10 11 12
471 472 473 474
2 3 4 5
317 318 319 320 321
170 171 172
207 208 209 210
166 167 168 169
216 217 218 219
270 271 272 273 274
492 493 494 495 496
368 369 370 371 372
261 262 263 264
24 25 26 27
246 247 248 249
211 212 213 214 215
48 49 50 51 52
373 374 375 376 377
265 266 268 269 267
285 286 287 288
28 29 30 31
475 476 477
8 9 10 11 12
471 472 473 474
2 3 4 5
317 318 319 320 321
170 171 172
207 208 209 210
166 167 168 169
216 217 218 219
202 203 204 205 206
270 271 272 273 274
492 493 494 495 496
368 369 370 371 372
261 262 263 264
24 25 26 27
246 247 248 249
211 212 213 214 215
48 49 50 51 52
373 374 375 376 377
265 266 268 269 267
285 286 287 288
28 29 30 31
475 476 477
8 9 10 11 12
471 472 473 474
2 3 4 5
317 318 319 320 321
170 171 172
207 208 209 210
166 167 168 169
216 217 218 219
202 203 204 205 206
242 243 244 245
270 271 272 273 274
492 493 494 495 496
368 369 370 371 372
261 262 263 264
24 25 26 27
246 247 248 249
211 212 213 214 215
48 49 50 51 52
373 374 375 376 377
265 266 268 269 267
285 286 287 288
28 29 30 31
475 476 477
8 9 10 11 12
471 472 473 474
2 3 4 5
317 318 319 320 321
170 171 172
207 208 209 210
166 167 168 169
216 217 218 219
202 203 204 205 206
242 243 244 245
350 351 352
270 271 272 273 274
492 493 494 495 496
368 369 370 371 372
261 262 263 264
24 25 26 27
246 247 248 249
211 212 213 214 215
48 49 50 51 52
373 374 375 376 377
265 266 268 269 267
285 286 287 288
28 29 30 31
475 476 477
8 9 10 11 12
471 472 473 474
2 3 4 5
317 318 319 320 321
170 171 172
207 208 209 210
166 167 168 169
216 217 218 219
202 203 204 205 206
242 243 244 245
350 351 352
432 433 434 435
270 271 272 273 274
492 493 494 495 496
368 369 370 371 372
261 262 263 264
24 25 26 27
246 247 248 249
211 212 213 214 215
48 49 50 51 52
373 374 375 376 377
265 266 268 269 267
285 286 287 288
28 29 30 31
475 476 477
8 9 10 11 12
471 472 473 474
2 3 4 5
317 318 319 320 321
170 171 172
207 208 209 210
166 167 168 169
216 217 218 219
202 203 204 205 206
242 243 244 245
350 351 352
432 433 434 435
33 34 35
270 271 272 273 274
492 493 494 495 496
368 369 370 371 372
261 262 263 264
24 25 26 27
246 247 248 249
211 212 213 214 215
48 49 50 51 52
373 374 375 376 377
265 266 268 269 267
285 286 287 288
28 29 30 31
475 476 477
8 9 10 11 12
471 472 473 474
2 3 4 5
317 318 319 320 321
170 171 172
207 208 209 210
166 167 168 169
216 217 218 219
202 203 204 205 206
242 243 244 245
350 351 352
432 433 434 435
33 34 35
95 96 97
270 271 272 273 274
492 493 494 495 496
368 369 370 371 372
261 262 263 264
24 25 26 27
246 247 248 249
211 212 213 214 215
48 49 50 51 52
373 374 375 376 377
265 266 268 269 267
285 286 287 288
28 29 30 31
475 476 477
8 9 10 11 12
471 472 473 474
2 3 4 5
317 318 319 320 321
170 171 172
207 208 209 210
166 167 168 169
216 217 218 219
202 203 204 205 206
242 243 244 245
350 351 352
432 433 434 435
33 34 35
95 96 97
85 86 87
270 271 272 273 274
492 493 494 495 496
368 369 370 371 372
261 262 263 264
24 25 26 27
246 247 248 249
211 212 213 214 215
48 49 50 51 52
373 374 375 376 377
265 266 268 269 267
285 286 287 288
28 29 30 31
475 476 477
8 9 10 11 12
471 472 473 474
2 3 4 5
317 318 319 320 321
170 171 172
207 208 209 210
166 167 168 169
216 217 218 219
202 203 204 205 206
242 243 244 245
350 351 352
432 433 434 435
33 34 35
95 96 97
85 86 87
428 429 430
270 271 272 273 274
492 493 494 495 496
368 369 370 371 372
261 262 263 264
24 25 26 27
246 247 248 249
211 212 213 214 215
48 49 50 51 52
373 374 375 376 377
265 266 268 269 267
285 286 287 288
28 29 30 31
475 476 477
8 9 10 11 12
471 472 473 474
2 3 4 5
317 318 319 320 321
170 171 172
207 208 209 210
166 167 168 169
216 217 218 219
202 203 204 205 206
242 243 244 245
350 351 352
432 433 434 435
33 34 35
95 96 97
85 86 87
428 429 430
186 187 188
270 271 272 273 274
492 493 494 495 496
368 369 370 371 372
261 262 263 264
24 25 26 27
246 247 248 249
211 212 213 214 215
48 49 50 51 52
373 374 375 376 377
265 266 268 269 267
285 286 287 288
28 29 30 31
475 476 477
8 9 10 11 12
471 472 473 474
2 3 4 5
317 318 319 320 321
170 171 172
207 208 209 210
166 167 168 169
216 217 218 219
202 203 204 205 206
242 243 244 245
350 351 352
432 433 434 435
33 34 35
95 96 97
85 86 87
428 429 430
186 187 188
81 82
270 271 272 273 274
492 493 494 495 496
368 369 370 371 372
261 262 263 264
24 25 26 27
246 247 248 249
211 212 213 214 215
48 49 50 51 52
373 374 375 376 377
265 266 268 269 267
285 286 287 288
28 29 30 31
475 476 477
8 9 10 11 12
471 472 473 474
2 3 4 5
317 318 319 320 321
170 171 172
207 208 209 210
166 167 168 169
216 217 218 219
202 203 204 205 206
242 243 244 245
350 351 352
432 433 434 435
33 34 35
95 96 97
85 86 87
428 429 430
186 187 188
81 82
71 72 73 74
270 271 272 273 274
492 493 494 495 496
368 369 370 371 372
261 262 263 264
24 25 26 27
246 247 248 249
211 212 213 214 215
48 49 50 51 52
373 374 375 376 377
265 266 268 269 267
285 286 287 288
28 29 30 31
475 476 477
8 9 10 11 12
471 472 473 474
2 3 4 5
317 318 319 320 321
170 171 172
207 208 209 210
166 167 168 169
216 217 218 219
202 203 204 205 206
242 243 244 245
350 351 352
432 433 434 435
33 34 35
95 96 97
85 86 87
428 429 430
186 187 188
81 82
71 72 73 74
386 387 388
270 271 272 273 274
492 493 494 495 496
368 369 370 371 372
261 262 263 264
24 25 26 27
246 247 248 249
211 212 213 214 215
48 49 50 51 52
373 374 375 376 377
265 266 268 269 267
285 286 287 288
28 29 30 31
475 476 477
8 9 10 11 12
471 472 473 474
2 3 4 5
317 318 319 320 321
170 171 172
207 208 209 210
166 167 168 169
216 217 218 219
202 203 204 205 206
242 243 244 245
350 351 352
432 433 434 435
33 34 35
95 96 97
85 86 87
428 429 430
186 187 188
81 82
71 72 73 74
386 387 388
456 457
270 271 272 273 274
492 493 494 495 496
368 369 370 371 372
261 262 263 264
24 25 26 27
246 247 248 249
211 212 213 214 215
48 49 50 51 52
373 374 375 376 377
265 266 268 269 267
285 286 287 288
28 29 30 31
475 476 477
8 9 10 11 12
471 472 473 474
2 3 4 5
317 318 319 320 321
170 171 172
207 208 209 210
166 167 168 169
216 217 218 219
202 203 204 205 206
242 243 244 245
350 351 352
432 433 434 435
33 34 35
95 96 97
85 86 87
428 429 430
186 187 188
81 82
71 72 73 74
386 387 388
456 457
128 129 130
270 271 272 273 274
492 493 494 495 496
368 369 370 371 372
261 262 263 264
24 25 26 27
246 247 248 249
211 212 213 214 215
48 49 50 51 52
373 374 375 376 377
265 266 268 269 267
285 286 287 288
28 29 30 31
475 476 477
8 9 10 11 12
471 472 473 474
2 3 4 5
317 318 319 320 321
170 171 172
207 208 209 210
166 167 168 169
216 217 218 219
202 203 204 205 206
242 243 244 245
350 351 352
432 433 434 435
33 34 35
95 96 97
85 86 87
428 429 430
186 187 188
81 82
71 72 73 74
386 387 388
456 457
128 129 130
345 346 347 348
270 271 272 273 274
492 493 494 495 496
368 369 370 371 372
261 262 263 264
24 25 26 27
246 247 248 249
211 212 213 214 215
48 49 50 51 52
373 374 375 376 377
265 266 268 269 267
285 286 287 288
28 29 30 31
475 476 477
8 9 10 11 12
471 472 473 474
2 3 4 5
317 318 319 320 321
170 171 172
207 208 209 210
166 167 168 169
216 217 218 219
202 203 204 205 206
242 243 244 245
350 351 352
432 433 434 435
33 34 35
95 96 97
85 86 87
428 429 430
186 187 188
81 82
71 72 73 74
386 387 388
456 457
128 129 130
345 346 347 348
469 470
270 271 272 273 274
492 493 494 495 496
368 369 370 371 372
261 262 263 264
24 25 26 27
246 247 248 249
211 212 213 214 215
48 49 50 51 52
373 374 375 376 377
265 266 268 269 267
285 286 287 288
28 29 30 31
475 476 477
8 9 10 11 12
471 472 473 474
2 3 4 5
317 318 319 320 321
170 171 172
207 208 209 210
166 167 168 169
216 217 218 219
202 203 204 205 206
242 243 244 245
350 351 352
432 433 434 435
33 34 35
95 96 97
85 86 87
428 429 430
186 187 188
81 82
71 72 73 74
386 387 388
456 457
128 129 130
345 346 347 348
469 470
325 326 327
270 271 272 273 274
492 493 494 495 496
368 369 370 371 372
261 262 263 264
24 25 26 27
246 247 248 249
211 212 213 214 215
48 49 50 51 52
373 374 375 376 377
265 266 268 269 267
285 286 287 288
28 29 30 31
475 476 477
8 9 10 11 12
471 472 473 474
2 3 4 5
317 318 319 320 321
170 171 172
207 208 209 210
166 167 168 169
216 217 218 219
202 203 204 205 206
242 243 244 245
350 351 352
432 433 434 435
33 34 35
95 96 97
85 86 87
428 429 430
186 187 188
81 82
71 72 73 74
386 387 388
456 457
128 129 130
345 346 347 348
469 470
325 326 327
162 163 164
270 271 272 273 274
492 493 494 495 496
368 369 370 371 372
261 262 263 264
24 25 26 27
246 247 248 249
211 212 213 214 215
48 49 50 51 52
373 374 375 376 377
265 266 268 269 267
285 286 287 288
28 29 30 31
475 476 477
8 9 10 11 12
471 472 473 474
2 3 4 5
317 318 319 320 321
170 171 172
207 208 209 210
166 167 168 169
216 217 218 219
202 203 204 205 206
242 243 244 245
350 351 352
432 433 434 435
33 34 35
95 96 97
85 86 87
428 429 430
186 187 188
81 82
71 72 73 74
386 387 388
456 457
128 129 130
345 346 347 348
469 470
325 326 327
162 163 164
478 479
270 271 272 273 274
492 493 494 495 496
368 369 370 371 372
261 262 263 264
24 25 26 27
246 247 248 249
211 212 213 214 215
48 49 50 51 52
373 374 375 376 377
265 266 268 269 267
285 286 287 288
28 29 30 31
475 476 477
8 9 10 11 12
471 472 473 474
2 3 4 5
317 318 319 320 321
170 171 172
207 208 209 210
166 167 168 169
216 217 218 219
202 203 204 205 206
242 243 244 245
350 351 352
432 433 434 435
33 34 35
95 96 97
85 86 87
428 429 430
186 187 188
81 82
71 72 73 74
386 387 388
456 457
128 129 130
345 346 347 348
469 470
325 326 327
162 163 164
478 479
13 22 23
270 271 272 273 274
492 493 494 495 496
368 369 370 371 372
261 262 263 264
24 25 26 27
246 247 248 249
211 212 213 214 215
48 49 50 51 52
373 374 375 376 377
265 266 268 269 267
285 286 287 288
28 29 30 31
475 476 477
8 9 10 11 12
471 472 473 474
2 3 4 5
317 318 319 320 321
170 171 172
207 208 209 210
166 167 168 169
216 217 218 219
202 203 204 205 206
242 243 244 245
350 351 352
432 433 434 435
33 34 35
95 96 97
85 86 87
428 429 430
186 187 188
81 82
71 72 73 74
386 387 388
456 457
128 129 130
345 346 347 348
469 470
325 326 327
162 163 164
478 479
13 22 23
488 489
270 271 272 273 274
492 493 494 495 496
368 369 370 371 372
261 262 263 264
24 25 26 27
246 247 248 249
211 212 213 214 215
48 49 50 51 52
373 374 375 376 377
265 266 268 269 267
285 286 287 288
28 29 30 31
475 476 477
8 9 10 11 12
471 472 473 474
2 3 4 5
317 318 319 320 321
170 171 172
207 208 209 210
166 167 168 169
216 217 218 219
202 203 204 205 206
242 243 244 245
350 351 352
432 433 434 435
33 34 35
95 96 97
85 86 87
428 429 430
186 187 188
81 82
71 72 73 74
386 387 388
456 457
128 129 130
345 346 347 348
469 470
325 326 327
162 163 164
478 479
13 22 23
488 489
458 459
270 271 272 273 274
492 493 494 495 496
368 369 370 371 372
261 262 263 264
24 25 26 27
246 247 248 249
211 212 213 214 215
48 49 50 51 52
373 374 375 376 377
265 266 268 269 267
285 286 287 288
28 29 30 31
475 476 477
8 9 10 11 12
471 472 473 474
2 3 4 5
317 318 319 320 321
170 171 172
207 208 209 210
166 167 168 169
216 217 218 219
202 203 204 205 206
242 243 244 245
350 351 352
432 433 434 435
33 34 35
95 96 97
85 86 87
428 429 430
186 187 188
81 82
71 72 73 74
386 387 388
456 457
128 129 130
345 346 347 348
469 470
325 326 327
162 163 164
478 479
13 22 23
488 489
458 459
322 323
270 271 272 273 274
492 493 494 495 496
368 369 370 371 372
261 262 263 264
24 25 26 27
246 247 248 249
211 212 213 214 215
48 49 50 51 52
373 374 375 376 377
265 266 268 269 267
285 286 287 288
28 29 30 31
475 476 477
8 9 10 11 12
471 472 473 474
2 3 4 5
317 318 319 320 321
170 171 172
207 208 209 210
166 167 168 169
216 217 218 219
202 203 204 205 206
242 243 244 245
350 351 352
432 433 434 435
33 34 35
95 96 97
85 86 87
428 429 430
186 187 188
81 82
71 72 73 74
386 387 388
456 457
128 129 130
345 346 347 348
469 470
325 326 327
162 163 164
478 479
13 22 23
488 489
458 459
322 323
152 153 154
270 271 272 273 274
492 493 494 495 496
368 369 370 371 372
261 262 263 264
24 25 26 27
246 247 248 249
211 212 213 214 215
48 49 50 51 52
373 374 375 376 377
265 266 268 269 267
285 286 287 288
28 29 30 31
475 476 477
8 9 10 11 12
471 472 473 474
2 3 4 5
317 318 319 320 321
170 171 172
207 208 209 210
166 167 168 169
216 217 218 219
202 203 204 205 206
242 243 244 245
350 351 352
432 433 434 435
33 34 35
95 96 97
85 86 87
428 429 430
186 187 188
81 82
71 72 73 74
386 387 388
456 457
128 129 130
345 346 347 348
469 470
325 326 327
162 163 164
478 479
13 22 23
488 489
458 459
322 323
152 153 154
356 357 358
270 271 272 273 274
492 493 494 495 496
368 369 370 371 372
261 262 263 264
24 25 26 27
246 247 248 249
211 212 213 214 215
48 49 50 51 52
373 374 375 376 377
265 266 268 269 267
285 286 287 288
28 29 30 31
475 476 477
8 9 10 11 12
471 472 473 474
2 3 4 5
317 318 319 320 321
170 171 172
207 208 209 210
166 167 168 169
216 217 218 219
202 203 204 205 206
242 243 244 245
350 351 352
432 433 434 435
33 34 35
95 96 97
85 86 87
428 429 430
186 187 188
81 82
71 72 73 74
386 387 388
456 457
128 129 130
345 346 347 348
469 470
325 326 327
162 163 164
478 479
13 22 23
488 489
458 459
322 323
152 153 154
356 357 358
490 491
270 271 272 273 274
492 493 494 495 496
368 369 370 371 372
261 262 263 264
24 25 26 27
246 247 248 249
211 212 213 214 215
48 49 50 51 52
373 374 375 376 377
265 266 268 269 267
285 286 287 288
28 29 30 31
475 476 477
8 9 10 11 12
471 472 473 474
2 3 4 5
317 318 319 320 321
170 171 172
207 208 209 210
166 167 168 169
216 217 218 219
202 203 204 205 206
242 243 244 245
350 351 352
432 433 434 435
33 34 35
95 96 97
85 86 87
428 429 430
186 187 188
81 82
71 72 73 74
386 387 388
456 457
128 129 130
345 346 347 348
469 470
325 326 327
162 163 164
478 479
13 22 23
488 489
458 459
322 323
152 153 154
356 357 358
490 491
224 225 226
270 271 272 273 274
492 493 494 495 496
368 369 370 371 372
261 262 263 264
24 25 26 27
246 247 248 249
211 212 213 214 215
48 49 50 51 52
373 374 375 376 377
265 266 268 269 267
285 286 287 288
28 29 30 31
475 476 477
8 9 10 11 12
471 472 473 474
2 3 4 5
317 318 319 320 321
170 171 172
207 208 209 210
166 167 168 169
216 217 218 219
202 203 204 205 206
242 243 244 245
350 351 352
432 433 434 435
33 34 35
95 96 97
85 86 87
428 429 430
186 187 188
81 82
71 72 73 74
386 387 388
456 457
128 129 130
345 346 347 348
469 470
325 326 327
162 163 164
478 479
13 22 23
488 489
458 459
322 323
152 153 154
356 357 358
490 491
224 225 226
220 221 222
270 271 272 273 274
492 493 494 495 496
368 369 370 371 372
261 262 263 264
24 25 26 27
246 247 248 249
211 212 213 214 215
48 49 50 51 52
373 374 375 376 377
265 266 268 269 267
285 286 287 288
28 29 30 31
475 476 477
8 9 10 11 12
471 472 473 474
2 3 4 5
317 318 319 320 321
170 171 172
207 208 209 210
166 167 168 169
216 217 218 219
202 203 204 205 206
242 243 244 245
350 351 352
432 433 434 435
33 34 35
95 96 97
85 86 87
428 429 430
186 187 188
81 82
71 72 73 74
386 387 388
456 457
128 129 130
345 346 347 348
469 470
325 326 327
162 163 164
478 479
13 22 23
488 489
458 459
322 323
152 153 154
356 357 358
490 491
224 225 226
220 221 222
353 354
270 271 272 273 274
492 493 494 495 496
368 369 370 371 372
261 262 263 264
24 25 26 27
246 247 248 249
211 212 213 214 215
48 49 50 51 52
373 374 375 376 377
265 266 268 269 267
285 286 287 288
28 29 30 31
475 476 477
8 9 10 11 12
471 472 473 474
2 3 4 5
317 318 319 320 321
170 171 172
207 208 209 210
166 167 168 169
216 217 218 219
202 203 204 205 206
242 243 244 245
350 351 352
432 433 434 435
33 34 35
95 96 97
85 86 87
428 429 430
186 187 188
81 82
71 72 73 74
386 387 388
456 457
128 129 130
345 346 347 348
469 470
325 326 327
162 163 164
478 479
13 22 23
488 489
458 459
322 323
152 153 154
356 357 358
490 491
224 225 226
220 221 222
353 354
180 181 182
270 271 272 273 274
492 493 494 495 496
368 369 370 371 372
261 262 263 264
24 25 26 27
246 247 248 249
211 212 213 214 215
48 49 50 51 52
373 374 375 376 377
265 266 268 269 267
285 286 287 288
28 29 30 31
475 476 477
8 9 10 11 12
471 472 473 474
2 3 4 5
317 318 319 320 321
170 171 172
207 208 209 210
166 167 168 169
216 217 218 219
202 203 204 205 206
242 243 244 245
350 351 352
432 433 434 435
33 34 35
95 96 97
85 86 87
428 429 430
186 187 188
81 82
71 72 73 74
386 387 388
456 457
128 129 130
345 346 347 348
469 470
325 326 327
162 163 164
478 479
13 22 23
488 489
458 459
322 323
152 153 154
356 357 358
490 491
224 225 226
220 221 222
353 354
180 181 182
45 46
270 271 272 273 274
492 493 494 495 496
368 369 370 371 372
261 262 263 264
24 25 26 27
246 247 248 249
211 212 213 214 215
48 49 50 51 52
373 374 375 376 377
265 266 268 269 267
285 286 287 288
28 29 30 31
475 476 477
8 9 10 11 12
471 472 473 474
2 3 4 5
317 318 319 320 321
170 171 172
207 208 209 210
166 167 168 169
216 217 218 219
202 203 204 205 206
242 243 244 245
350 351 352
432 433 434 435
33 34 35
95 96 97
85 86 87
428 429 430
186 187 188
81 82
71 72 73 74
386 387 388
456 457
128 129 130
345 346 347 348
469 470
325 326 327
162 163 164
478 479
13 22 23
488 489
458 459
322 323
152 153 154
356 357 358
490 491
224 225 226
220 221 222
353 354
180 181 182
45 46
299 300
270 271 272 273 274
492 493 494 495 496
368 369 370 371 372
261 262 263 264
24 25 26 27
246 247 248 249
211 212 213 214 215
48 49 50 51 52
373 374 375 376 377
265 266 268 269 267
285 286 287 288
28 29 30 31
475 476 477
8 9 10 11 12
471 472 473 474
2 3 4 5
317 318 319 320 321
170 171 172
207 208 209 210
166 167 168 169
216 217 218 219
202 203 204 205 206
242 243 244 245
350 351 352
432 433 434 435
33 34 35
95 96 97
85 86 87
428 429 430
186 187 188
81 82
71 72 73 74
386 387 388
456 457
128 129 130
345 346 347 348
469 470
325 326 327
162 163 164
478 479
13 22 23
488 489
458 459
322 323
152 153 154
356 357 358
490 491
224 225 226
220 221 222
353 354
180 181 182
45 46
299 300
328 329
270 271 272 273 274
492 493 494 495 496
368 369 370 371 372
261 262 263 264
24 25 26 27
246 247 248 249
211 212 213 214 215
48 49 50 51 52
373 374 375 376 377
265 266 268 269 267
285 286 287 288
28 29 30 31
475 476 477
8 9 10 11 12
471 472 473 474
2 3 4 5
317 318 319 320 321
170 171 172
207 208 209 210
166 167 168 169
216 217 218 219
202 203 204 205 206
242 243 244 245
350 351 352
432 433 434 435
33 34 35
95 96 97
85 86 87
428 429 430
186 187 188
81 82
71 72 73 74
386 387 388
456 457
128 129 130
345 346 347 348
469 470
325 326 327
162 163 164
478 479
13 22 23
488 489
458 459
322 323
152 153 154
356 357 358
490 491
224 225 226
220 221 222
353 354
180 181 182
45 46
299 300
328 329
83 84
270 271 272 273 274
492 493 494 495 496
368 369 370 371 372
261 262 263 264
24 25 26 27
246 247 248 249
211 212 213 214 215
48 49 50 51 52
373 374 375 376 377
265 266 268 269 267
285 286 287 288
28 29 30 31
475 476 477
8 9 10 11 12
471 472 473 474
2 3 4 5
317 318 319 320 321
170 171 172
207 208 209 210
166 167 168 169
216 217 218 219
202 203 204 205 206
242 243 244 245
350 351 352
432 433 434 435
33 34 35
95 96 97
85 86 87
428 429 430
186 187 188
81 82
71 72 73 74
386 387 388
456 457
128 129 130
345 346 347 348
469 470
325 326 327
162 163 164
478 479
13 22 23
488 489
458 459
322 323
152 153 154
356 357 358
490 491
224 225 226
220 221 222
353 354
180 181 182
45 46
299 300
328 329
83 84
6 7
270 271 272 273 274
492 493 494 495 496
368 369 370 371 372
261 262 263 264
24 25 26 27
246 247 248 249
211 212 213 214 215
48 49 50 51 52
373 374 375 376 377
265 266 268 269 267
285 286 287 288
28 29 30 31
475 476 477
8 9 10 11 12
471 472 473 474
2 3 4 5
317 318 319 320 321
170 171 172
207 208 209 210
166 167 168 169
216 217 218 219
202 203 204 205 206
242 243 244 245
350 351 352
432 433 434 435
33 34 35
95 96 97
85 86 87
428 429 430
186 187 188
81 82
71 72 73 74
386 387 388
456 457
128 129 130
345 346 347 348
469 470
325 326 327
162 163 164
478 479
13 22 23
488 489
458 459
322 323
152 153 154
356 357 358
490 491
224 225 226
220 221 222
353 354
180 181 182
45 46
299 300
328 329
83 84
6 7
296 297
270 271 272 273 274
492 493 494 495 496
368 369 370 371 372
261 262 263 264
24 25 26 27
246 247 248 249
211 212 213 214 215
48 49 50 51 52
373 374 375 376 377
265 266 268 269 267
285 286 287 288
28 29 30 31
475 476 477
8 9 10 11 12
471 472 473 474
2 3 4 5
317 318 319 320 321
170 171 172
207 208 209 210
166 167 168 169
216 217 218 219
202 203 204 205 206
242 243 244 245
350 351 352
432 433 434 435
33 34 35
95 96 97
85 86 87
428 429 430
186 187 188
81 82
71 72 73 74
386 387 388
456 457
128 129 130
345 346 347 348
469 470
325 326 327
162 163 164
478 479
13 22 23
488 489
458 459
322 323
152 153 154
356 357 358
490 491
224 225 226
220 221 222
353 354
180 181 182
45 46
299 300
328 329
83 84
6 7
296 297
0 1
