297 197 457 13 260
75 136 187 55 495
431 235 317 329 326
467 435 264 118 234
255 219 420 344 453
277 212 423 89 449
274 60 224 188 148
3 34 172 439 432
18 248 265 442 362
78 482 207 203 108
135 191 477 85 476
291 73 99 381 414
287 243 139 361 125
388 27 236 182 346
272 307 62 410 169
157 322 458 383 113
87 490 163 245 91
318 282 97 59 392
475 237 24 192 66
231 70 242 251 499
0 9 418 129 41
186 39 14 205 198
390 218 103 286 330
373 443 11 292 94
64 269 258 232 349
298 5 466 19 67
374 389 52 143 175
190 152 227 478 17
447 149 429 35 159
132 223 225 38 239
49 299 303 146 446
100 36 336 320 201
406 313 360 37 350
441 331 109 367 79
153 206 228 88 335
486 213 342 195 81
71 468 147 76 408
372 217 293 314 306
259 391 327 359 133
433 183 221 379 90
405 40 74 2 456
416 401 168 353 421
498 180 96 166 403
268 54 301 463 167
220 430 128 324 295
222 285 419 438 44
22 116 341 387 50
273 16 156 384 193
261 491 444 479 92
325 43 138 181 304
