286 22 119 330 190
286 22 119 330 190
181 273 71 468 18
286 22 119 330 190
181 273 71 468 18
408 125 15 123 446
286 22 119 330 190
181 273 71 468 18
408 125 15 123 446
292 318 464 364 142
286 22 119 330 190
181 273 71 468 18
408 125 15 123 446
292 318 464 364 142
126 406 170 380 256
286 22 119 330 190
181 273 71 468 18
408 125 15 123 446
292 318 464 364 142
126 406 170 380 256
439 234 328 465 214
286 22 119 330 190
181 273 71 468 18
408 125 15 123 446
292 318 464 364 142
126 406 170 380 256
439 234 328 465 214
432 287 179 104 27
286 22 119 330 190
181 273 71 468 18
408 125 15 123 446
292 318 464 364 142
126 406 170 380 256
439 234 328 465 214
432 287 179 104 27
6 496 19 402 91
286 22 119 330 190
181 273 71 468 18
408 125 15 123 446
292 318 464 364 142
126 406 170 380 256
439 234 328 465 214
432 287 179 104 27
6 496 19 402 91
458 331 355 68 365
286 22 119 330 190
181 273 71 468 18
408 125 15 123 446
292 318 464 364 142
126 406 170 380 256
439 234 328 465 214
432 287 179 104 27
6 496 19 402 91
458 331 355 68 365
14 63 196 10 320
286 22 119 330 190
181 273 71 468 18
408 125 15 123 446
292 318 464 364 142
126 406 170 380 256
439 234 328 465 214
432 287 179 104 27
6 496 19 402 91
458 331 355 68 365
14 63 196 10 320
166 376 284 302 32
286 22 119 330 190
181 273 71 468 18
408 125 15 123 446
292 318 464 364 142
126 406 170 380 256
439 234 328 465 214
432 287 179 104 27
6 496 19 402 91
458 331 355 68 365
14 63 196 10 320
166 376 284 302 32
97 421 34 89 137
286 22 119 330 190
181 273 71 468 18
408 125 15 123 446
292 318 464 364 142
126 406 170 380 256
439 234 328 465 214
432 287 179 104 27
6 496 19 402 91
458 331 355 68 365
14 63 196 10 320
166 376 284 302 32
97 421 34 89 137
66 251 30 298 129
286 22 119 330 190
181 273 71 468 18
408 125 15 123 446
292 318 464 364 142
126 406 170 380 256
439 234 328 465 214
432 287 179 104 27
6 496 19 402 91
458 331 355 68 365
14 63 196 10 320
166 376 284 302 32
97 421 34 89 137
66 251 30 298 129
186 258 61 150 312
286 22 119 330 190
181 273 71 468 18
408 125 15 123 446
292 318 464 364 142
126 406 170 380 256
439 234 328 465 214
432 287 179 104 27
6 496 19 402 91
458 331 355 68 365
14 63 196 10 320
166 376 284 302 32
97 421 34 89 137
66 251 30 298 129
186 258 61 150 312
415 177 197 236 127
286 22 119 330 190
181 273 71 468 18
408 125 15 123 446
292 318 464 364 142
126 406 170 380 256
439 234 328 465 214
432 287 179 104 27
6 496 19 402 91
458 331 355 68 365
14 63 196 10 320
166 376 284 302 32
97 421 34 89 137
66 251 30 298 129
186 258 61 150 312
415 177 197 236 127
138 35 305 334 262
286 22 119 330 190
181 273 71 468 18
408 125 15 123 446
292 318 464 364 142
126 406 170 380 256
439 234 328 465 214
432 287 179 104 27
6 496 19 402 91
458 331 355 68 365
14 63 196 10 320
166 376 284 302 32
97 421 34 89 137
66 251 30 298 129
186 258 61 150 312
415 177 197 236 127
138 35 305 334 262
90 65 471 109 405
286 22 119 330 190
181 273 71 468 18
408 125 15 123 446
292 318 464 364 142
126 406 170 380 256
439 234 328 465 214
432 287 179 104 27
6 496 19 402 91
458 331 355 68 365
14 63 196 10 320
166 376 284 302 32
97 421 34 89 137
66 251 30 298 129
186 258 61 150 312
415 177 197 236 127
138 35 305 334 262
90 65 471 109 405
259 279 59 363 1
286 22 119 330 190
181 273 71 468 18
408 125 15 123 446
292 318 464 364 142
126 406 170 380 256
439 234 328 465 214
432 287 179 104 27
6 496 19 402 91
458 331 355 68 365
14 63 196 10 320
166 376 284 302 32
97 421 34 89 137
66 251 30 298 129
186 258 61 150 312
415 177 197 236 127
138 35 305 334 262
90 65 471 109 405
259 279 59 363 1
411 417 238 2 383
286 22 119 330 190
181 273 71 468 18
408 125 15 123 446
292 318 464 364 142
126 406 170 380 256
439 234 328 465 214
432 287 179 104 27
6 496 19 402 91
458 331 355 68 365
14 63 196 10 320
166 376 284 302 32
97 421 34 89 137
66 251 30 298 129
186 258 61 150 312
415 177 197 236 127
138 35 305 334 262
90 65 471 109 405
259 279 59 363 1
411 417 238 2 383
223 182 149 44 246
286 22 119 330 190
181 273 71 468 18
408 125 15 123 446
292 318 464 364 142
126 406 170 380 256
439 234 328 465 214
432 287 179 104 27
6 496 19 402 91
458 331 355 68 365
14 63 196 10 320
166 376 284 302 32
97 421 34 89 137
66 251 30 298 129
186 258 61 150 312
415 177 197 236 127
138 35 305 334 262
90 65 471 109 405
259 279 59 363 1
411 417 238 2 383
223 182 149 44 246
73 325 47 110 414
286 22 119 330 190
181 273 71 468 18
408 125 15 123 446
292 318 464 364 142
126 406 170 380 256
439 234 328 465 214
432 287 179 104 27
6 496 19 402 91
458 331 355 68 365
14 63 196 10 320
166 376 284 302 32
97 421 34 89 137
66 251 30 298 129
186 258 61 150 312
415 177 197 236 127
138 35 305 334 262
90 65 471 109 405
259 279 59 363 1
411 417 238 2 383
223 182 149 44 246
73 325 47 110 414
111 400 387 477 175
286 22 119 330 190
181 273 71 468 18
408 125 15 123 446
292 318 464 364 142
126 406 170 380 256
439 234 328 465 214
432 287 179 104 27
6 496 19 402 91
458 331 355 68 365
14 63 196 10 320
166 376 284 302 32
97 421 34 89 137
66 251 30 298 129
186 258 61 150 312
415 177 197 236 127
138 35 305 334 262
90 65 471 109 405
259 279 59 363 1
411 417 238 2 383
223 182 149 44 246
73 325 47 110 414
111 400 387 477 175
193 194 313 478 343
286 22 119 330 190
181 273 71 468 18
408 125 15 123 446
292 318 464 364 142
126 406 170 380 256
439 234 328 465 214
432 287 179 104 27
6 496 19 402 91
458 331 355 68 365
14 63 196 10 320
166 376 284 302 32
97 421 34 89 137
66 251 30 298 129
186 258 61 150 312
415 177 197 236 127
138 35 305 334 262
90 65 471 109 405
259 279 59 363 1
411 417 238 2 383
223 182 149 44 246
73 325 47 110 414
111 400 387 477 175
193 194 313 478 343
39 42 469 225 350
286 22 119 330 190
181 273 71 468 18
408 125 15 123 446
292 318 464 364 142
126 406 170 380 256
439 234 328 465 214
432 287 179 104 27
6 496 19 402 91
458 331 355 68 365
14 63 196 10 320
166 376 284 302 32
97 421 34 89 137
66 251 30 298 129
186 258 61 150 312
415 177 197 236 127
138 35 305 334 262
90 65 471 109 405
259 279 59 363 1
411 417 238 2 383
223 182 149 44 246
73 325 47 110 414
111 400 387 477 175
193 194 313 478 343
39 42 469 225 350
282 165 474 189 257
286 22 119 330 190
181 273 71 468 18
408 125 15 123 446
292 318 464 364 142
126 406 170 380 256
439 234 328 465 214
432 287 179 104 27
6 496 19 402 91
458 331 355 68 365
14 63 196 10 320
166 376 284 302 32
97 421 34 89 137
66 251 30 298 129
186 258 61 150 312
415 177 197 236 127
138 35 305 334 262
90 65 471 109 405
259 279 59 363 1
411 417 238 2 383
223 182 149 44 246
73 325 47 110 414
111 400 387 477 175
193 194 313 478 343
39 42 469 225 350
282 165 474 189 257
215 339 482 342 213
286 22 119 330 190
181 273 71 468 18
408 125 15 123 446
292 318 464 364 142
126 406 170 380 256
439 234 328 465 214
432 287 179 104 27
6 496 19 402 91
458 331 355 68 365
14 63 196 10 320
166 376 284 302 32
97 421 34 89 137
66 251 30 298 129
186 258 61 150 312
415 177 197 236 127
138 35 305 334 262
90 65 471 109 405
259 279 59 363 1
411 417 238 2 383
223 182 149 44 246
73 325 47 110 414
111 400 387 477 175
193 194 313 478 343
39 42 469 225 350
282 165 474 189 257
215 339 482 342 213
332 453 285 315 348
286 22 119 330 190
181 273 71 468 18
408 125 15 123 446
292 318 464 364 142
126 406 170 380 256
439 234 328 465 214
432 287 179 104 27
6 496 19 402 91
458 331 355 68 365
14 63 196 10 320
166 376 284 302 32
97 421 34 89 137
66 251 30 298 129
186 258 61 150 312
415 177 197 236 127
138 35 305 334 262
90 65 471 109 405
259 279 59 363 1
411 417 238 2 383
223 182 149 44 246
73 325 47 110 414
111 400 387 477 175
193 194 313 478 343
39 42 469 225 350
282 165 474 189 257
215 339 482 342 213
332 453 285 315 348
252 329 271 317 148
286 22 119 330 190
181 273 71 468 18
408 125 15 123 446
292 318 464 364 142
126 406 170 380 256
439 234 328 465 214
432 287 179 104 27
6 496 19 402 91
458 331 355 68 365
14 63 196 10 320
166 376 284 302 32
97 421 34 89 137
66 251 30 298 129
186 258 61 150 312
415 177 197 236 127
138 35 305 334 262
90 65 471 109 405
259 279 59 363 1
411 417 238 2 383
223 182 149 44 246
73 325 47 110 414
111 400 387 477 175
193 194 313 478 343
39 42 469 225 350
282 165 474 189 257
215 339 482 342 213
332 453 285 315 348
252 329 271 317 148
420 136 293 475 311
286 22 119 330 190
181 273 71 468 18
408 125 15 123 446
292 318 464 364 142
126 406 170 380 256
439 234 328 465 214
432 287 179 104 27
6 496 19 402 91
458 331 355 68 365
14 63 196 10 320
166 376 284 302 32
97 421 34 89 137
66 251 30 298 129
186 258 61 150 312
415 177 197 236 127
138 35 305 334 262
90 65 471 109 405
259 279 59 363 1
411 417 238 2 383
223 182 149 44 246
73 325 47 110 414
111 400 387 477 175
193 194 313 478 343
39 42 469 225 350
282 165 474 189 257
215 339 482 342 213
332 453 285 315 348
252 329 271 317 148
420 136 293 475 311
143 497 491 265 423
286 22 119 330 190
181 273 71 468 18
408 125 15 123 446
292 318 464 364 142
126 406 170 380 256
439 234 328 465 214
432 287 179 104 27
6 496 19 402 91
458 331 355 68 365
14 63 196 10 320
166 376 284 302 32
97 421 34 89 137
66 251 30 298 129
186 258 61 150 312
415 177 197 236 127
138 35 305 334 262
90 65 471 109 405
259 279 59 363 1
411 417 238 2 383
223 182 149 44 246
73 325 47 110 414
111 400 387 477 175
193 194 313 478 343
39 42 469 225 350
282 165 474 189 257
215 339 482 342 213
332 453 285 315 348
252 329 271 317 148
420 136 293 475 311
143 497 491 265 423
390 114 12 398 243
286 22 119 330 190
181 273 71 468 18
408 125 15 123 446
292 318 464 364 142
126 406 170 380 256
439 234 328 465 214
432 287 179 104 27
6 496 19 402 91
458 331 355 68 365
14 63 196 10 320
166 376 284 302 32
97 421 34 89 137
66 251 30 298 129
186 258 61 150 312
415 177 197 236 127
138 35 305 334 262
90 65 471 109 405
259 279 59 363 1
411 417 238 2 383
223 182 149 44 246
73 325 47 110 414
111 400 387 477 175
193 194 313 478 343
39 42 469 225 350
282 165 474 189 257
215 339 482 342 213
332 453 285 315 348
252 329 271 317 148
420 136 293 475 311
143 497 491 265 423
390 114 12 398 243
118 187 172 13 335
286 22 119 330 190
181 273 71 468 18
408 125 15 123 446
292 318 464 364 142
126 406 170 380 256
439 234 328 465 214
432 287 179 104 27
6 496 19 402 91
458 331 355 68 365
14 63 196 10 320
166 376 284 302 32
97 421 34 89 137
66 251 30 298 129
186 258 61 150 312
415 177 197 236 127
138 35 305 334 262
90 65 471 109 405
259 279 59 363 1
411 417 238 2 383
223 182 149 44 246
73 325 47 110 414
111 400 387 477 175
193 194 313 478 343
39 42 469 225 350
282 165 474 189 257
215 339 482 342 213
332 453 285 315 348
252 329 271 317 148
420 136 293 475 311
143 497 491 265 423
390 114 12 398 243
118 187 172 13 335
233 3 395 367 192
286 22 119 330 190
181 273 71 468 18
408 125 15 123 446
292 318 464 364 142
126 406 170 380 256
439 234 328 465 214
432 287 179 104 27
6 496 19 402 91
458 331 355 68 365
14 63 196 10 320
166 376 284 302 32
97 421 34 89 137
66 251 30 298 129
186 258 61 150 312
415 177 197 236 127
138 35 305 334 262
90 65 471 109 405
259 279 59 363 1
411 417 238 2 383
223 182 149 44 246
73 325 47 110 414
111 400 387 477 175
193 194 313 478 343
39 42 469 225 350
282 165 474 189 257
215 339 482 342 213
332 453 285 315 348
252 329 271 317 148
420 136 293 475 311
143 497 491 265 423
390 114 12 398 243
118 187 172 13 335
233 3 395 367 192
489 392 122 427 459
286 22 119 330 190
181 273 71 468 18
408 125 15 123 446
292 318 464 364 142
126 406 170 380 256
439 234 328 465 214
432 287 179 104 27
6 496 19 402 91
458 331 355 68 365
14 63 196 10 320
166 376 284 302 32
97 421 34 89 137
66 251 30 298 129
186 258 61 150 312
415 177 197 236 127
138 35 305 334 262
90 65 471 109 405
259 279 59 363 1
411 417 238 2 383
223 182 149 44 246
73 325 47 110 414
111 400 387 477 175
193 194 313 478 343
39 42 469 225 350
282 165 474 189 257
215 339 482 342 213
332 453 285 315 348
252 329 271 317 148
420 136 293 475 311
143 497 491 265 423
390 114 12 398 243
118 187 172 13 335
233 3 395 367 192
489 392 122 427 459
95 207 140 159 64
286 22 119 330 190
181 273 71 468 18
408 125 15 123 446
292 318 464 364 142
126 406 170 380 256
439 234 328 465 214
432 287 179 104 27
6 496 19 402 91
458 331 355 68 365
14 63 196 10 320
166 376 284 302 32
97 421 34 89 137
66 251 30 298 129
186 258 61 150 312
415 177 197 236 127
138 35 305 334 262
90 65 471 109 405
259 279 59 363 1
411 417 238 2 383
223 182 149 44 246
73 325 47 110 414
111 400 387 477 175
193 194 313 478 343
39 42 469 225 350
282 165 474 189 257
215 339 482 342 213
332 453 285 315 348
252 329 271 317 148
420 136 293 475 311
143 497 491 265 423
390 114 12 398 243
118 187 172 13 335
233 3 395 367 192
489 392 122 427 459
95 207 140 159 64
409 457 473 281 346
286 22 119 330 190
181 273 71 468 18
408 125 15 123 446
292 318 464 364 142
126 406 170 380 256
439 234 328 465 214
432 287 179 104 27
6 496 19 402 91
458 331 355 68 365
14 63 196 10 320
166 376 284 302 32
97 421 34 89 137
66 251 30 298 129
186 258 61 150 312
415 177 197 236 127
138 35 305 334 262
90 65 471 109 405
259 279 59 363 1
411 417 238 2 383
223 182 149 44 246
73 325 47 110 414
111 400 387 477 175
193 194 313 478 343
39 42 469 225 350
282 165 474 189 257
215 339 482 342 213
332 453 285 315 348
252 329 271 317 148
420 136 293 475 311
143 497 491 265 423
390 114 12 398 243
118 187 172 13 335
233 3 395 367 192
489 392 122 427 459
95 207 140 159 64
409 457 473 281 346
463 88 484 147 435
286 22 119 330 190
181 273 71 468 18
408 125 15 123 446
292 318 464 364 142
126 406 170 380 256
439 234 328 465 214
432 287 179 104 27
6 496 19 402 91
458 331 355 68 365
14 63 196 10 320
166 376 284 302 32
97 421 34 89 137
66 251 30 298 129
186 258 61 150 312
415 177 197 236 127
138 35 305 334 262
90 65 471 109 405
259 279 59 363 1
411 417 238 2 383
223 182 149 44 246
73 325 47 110 414
111 400 387 477 175
193 194 313 478 343
39 42 469 225 350
282 165 474 189 257
215 339 482 342 213
332 453 285 315 348
252 329 271 317 148
420 136 293 475 311
143 497 491 265 423
390 114 12 398 243
118 187 172 13 335
233 3 395 367 192
489 392 122 427 459
95 207 140 159 64
409 457 473 281 346
463 88 484 147 435
416 158 160 426 81
286 22 119 330 190
181 273 71 468 18
408 125 15 123 446
292 318 464 364 142
126 406 170 380 256
439 234 328 465 214
432 287 179 104 27
6 496 19 402 91
458 331 355 68 365
14 63 196 10 320
166 376 284 302 32
97 421 34 89 137
66 251 30 298 129
186 258 61 150 312
415 177 197 236 127
138 35 305 334 262
90 65 471 109 405
259 279 59 363 1
411 417 238 2 383
223 182 149 44 246
73 325 47 110 414
111 400 387 477 175
193 194 313 478 343
39 42 469 225 350
282 165 474 189 257
215 339 482 342 213
332 453 285 315 348
252 329 271 317 148
420 136 293 475 311
143 497 491 265 423
390 114 12 398 243
118 187 172 13 335
233 3 395 367 192
489 392 122 427 459
95 207 140 159 64
409 457 473 281 346
463 88 484 147 435
416 158 160 426 81
460 87 299 45 153
286 22 119 330 190
181 273 71 468 18
408 125 15 123 446
292 318 464 364 142
126 406 170 380 256
439 234 328 465 214
432 287 179 104 27
6 496 19 402 91
458 331 355 68 365
14 63 196 10 320
166 376 284 302 32
97 421 34 89 137
66 251 30 298 129
186 258 61 150 312
415 177 197 236 127
138 35 305 334 262
90 65 471 109 405
259 279 59 363 1
411 417 238 2 383
223 182 149 44 246
73 325 47 110 414
111 400 387 477 175
193 194 313 478 343
39 42 469 225 350
282 165 474 189 257
215 339 482 342 213
332 453 285 315 348
252 329 271 317 148
420 136 293 475 311
143 497 491 265 423
390 114 12 398 243
118 187 172 13 335
233 3 395 367 192
489 392 122 427 459
95 207 140 159 64
409 457 473 281 346
463 88 484 147 435
416 158 160 426 81
460 87 299 45 153
337 199 448 456 441
286 22 119 330 190
181 273 71 468 18
408 125 15 123 446
292 318 464 364 142
126 406 170 380 256
439 234 328 465 214
432 287 179 104 27
6 496 19 402 91
458 331 355 68 365
14 63 196 10 320
166 376 284 302 32
97 421 34 89 137
66 251 30 298 129
186 258 61 150 312
415 177 197 236 127
138 35 305 334 262
90 65 471 109 405
259 279 59 363 1
411 417 238 2 383
223 182 149 44 246
73 325 47 110 414
111 400 387 477 175
193 194 313 478 343
39 42 469 225 350
282 165 474 189 257
215 339 482 342 213
332 453 285 315 348
252 329 271 317 148
420 136 293 475 311
143 497 491 265 423
390 114 12 398 243
118 187 172 13 335
233 3 395 367 192
489 392 122 427 459
95 207 140 159 64
409 457 473 281 346
463 88 484 147 435
416 158 160 426 81
460 87 299 45 153
337 199 448 456 441
306 219 492 82 495
286 22 119 330 190
181 273 71 468 18
408 125 15 123 446
292 318 464 364 142
126 406 170 380 256
439 234 328 465 214
432 287 179 104 27
6 496 19 402 91
458 331 355 68 365
14 63 196 10 320
166 376 284 302 32
97 421 34 89 137
66 251 30 298 129
186 258 61 150 312
415 177 197 236 127
138 35 305 334 262
90 65 471 109 405
259 279 59 363 1
411 417 238 2 383
223 182 149 44 246
73 325 47 110 414
111 400 387 477 175
193 194 313 478 343
39 42 469 225 350
282 165 474 189 257
215 339 482 342 213
332 453 285 315 348
252 329 271 317 148
420 136 293 475 311
143 497 491 265 423
390 114 12 398 243
118 187 172 13 335
233 3 395 367 192
489 392 122 427 459
95 207 140 159 64
409 457 473 281 346
463 88 484 147 435
416 158 160 426 81
460 87 299 45 153
337 199 448 456 441
306 219 492 82 495
198 401 185 321 366
286 22 119 330 190
181 273 71 468 18
408 125 15 123 446
292 318 464 364 142
126 406 170 380 256
439 234 328 465 214
432 287 179 104 27
6 496 19 402 91
458 331 355 68 365
14 63 196 10 320
166 376 284 302 32
97 421 34 89 137
66 251 30 298 129
186 258 61 150 312
415 177 197 236 127
138 35 305 334 262
90 65 471 109 405
259 279 59 363 1
411 417 238 2 383
223 182 149 44 246
73 325 47 110 414
111 400 387 477 175
193 194 313 478 343
39 42 469 225 350
282 165 474 189 257
215 339 482 342 213
332 453 285 315 348
252 329 271 317 148
420 136 293 475 311
143 497 491 265 423
390 114 12 398 243
118 187 172 13 335
233 3 395 367 192
489 392 122 427 459
95 207 140 159 64
409 457 473 281 346
463 88 484 147 435
416 158 160 426 81
460 87 299 45 153
337 199 448 456 441
306 219 492 82 495
198 401 185 321 366
338 83 157 105 74
286 22 119 330 190
181 273 71 468 18
408 125 15 123 446
292 318 464 364 142
126 406 170 380 256
439 234 328 465 214
432 287 179 104 27
6 496 19 402 91
458 331 355 68 365
14 63 196 10 320
166 376 284 302 32
97 421 34 89 137
66 251 30 298 129
186 258 61 150 312
415 177 197 236 127
138 35 305 334 262
90 65 471 109 405
259 279 59 363 1
411 417 238 2 383
223 182 149 44 246
73 325 47 110 414
111 400 387 477 175
193 194 313 478 343
39 42 469 225 350
282 165 474 189 257
215 339 482 342 213
332 453 285 315 348
252 329 271 317 148
420 136 293 475 311
143 497 491 265 423
390 114 12 398 243
118 187 172 13 335
233 3 395 367 192
489 392 122 427 459
95 207 140 159 64
409 457 473 281 346
463 88 484 147 435
416 158 160 426 81
460 87 299 45 153
337 199 448 456 441
306 219 492 82 495
198 401 185 321 366
338 83 157 105 74
108 78 499 178 103
286 22 119 330 190
181 273 71 468 18
408 125 15 123 446
292 318 464 364 142
126 406 170 380 256
439 234 328 465 214
432 287 179 104 27
6 496 19 402 91
458 331 355 68 365
14 63 196 10 320
166 376 284 302 32
97 421 34 89 137
66 251 30 298 129
186 258 61 150 312
415 177 197 236 127
138 35 305 334 262
90 65 471 109 405
259 279 59 363 1
411 417 238 2 383
223 182 149 44 246
73 325 47 110 414
111 400 387 477 175
193 194 313 478 343
39 42 469 225 350
282 165 474 189 257
215 339 482 342 213
332 453 285 315 348
252 329 271 317 148
420 136 293 475 311
143 497 491 265 423
390 114 12 398 243
118 187 172 13 335
233 3 395 367 192
489 392 122 427 459
95 207 140 159 64
409 457 473 281 346
463 88 484 147 435
416 158 160 426 81
460 87 299 45 153
337 199 448 456 441
306 219 492 82 495
198 401 185 321 366
338 83 157 105 74
108 78 499 178 103
49 277 413 333 163
286 22 119 330 190
181 273 71 468 18
408 125 15 123 446
292 318 464 364 142
126 406 170 380 256
439 234 328 465 214
432 287 179 104 27
6 496 19 402 91
458 331 355 68 365
14 63 196 10 320
166 376 284 302 32
97 421 34 89 137
66 251 30 298 129
186 258 61 150 312
415 177 197 236 127
138 35 305 334 262
90 65 471 109 405
259 279 59 363 1
411 417 238 2 383
223 182 149 44 246
73 325 47 110 414
111 400 387 477 175
193 194 313 478 343
39 42 469 225 350
282 165 474 189 257
215 339 482 342 213
332 453 285 315 348
252 329 271 317 148
420 136 293 475 311
143 497 491 265 423
390 114 12 398 243
118 187 172 13 335
233 3 395 367 192
489 392 122 427 459
95 207 140 159 64
409 457 473 281 346
463 88 484 147 435
416 158 160 426 81
460 87 299 45 153
337 199 448 456 441
306 219 492 82 495
198 401 185 321 366
338 83 157 105 74
108 78 499 178 103
49 277 413 333 163
291 23 24 5 357
286 22 119 330 190
181 273 71 468 18
408 125 15 123 446
292 318 464 364 142
126 406 170 380 256
439 234 328 465 214
432 287 179 104 27
6 496 19 402 91
458 331 355 68 365
14 63 196 10 320
166 376 284 302 32
97 421 34 89 137
66 251 30 298 129
186 258 61 150 312
415 177 197 236 127
138 35 305 334 262
90 65 471 109 405
259 279 59 363 1
411 417 238 2 383
223 182 149 44 246
73 325 47 110 414
111 400 387 477 175
193 194 313 478 343
39 42 469 225 350
282 165 474 189 257
215 339 482 342 213
332 453 285 315 348
252 329 271 317 148
420 136 293 475 311
143 497 491 265 423
390 114 12 398 243
118 187 172 13 335
233 3 395 367 192
489 392 122 427 459
95 207 140 159 64
409 457 473 281 346
463 88 484 147 435
416 158 160 426 81
460 87 299 45 153
337 199 448 456 441
306 219 492 82 495
198 401 185 321 366
338 83 157 105 74
108 78 499 178 103
49 277 413 333 163
291 23 24 5 357
245 106 309 431 385
286 22 119 330 190
181 273 71 468 18
408 125 15 123 446
292 318 464 364 142
126 406 170 380 256
439 234 328 465 214
432 287 179 104 27
6 496 19 402 91
458 331 355 68 365
14 63 196 10 320
166 376 284 302 32
97 421 34 89 137
66 251 30 298 129
186 258 61 150 312
415 177 197 236 127
138 35 305 334 262
90 65 471 109 405
259 279 59 363 1
411 417 238 2 383
223 182 149 44 246
73 325 47 110 414
111 400 387 477 175
193 194 313 478 343
39 42 469 225 350
282 165 474 189 257
215 339 482 342 213
332 453 285 315 348
252 329 271 317 148
420 136 293 475 311
143 497 491 265 423
390 114 12 398 243
118 187 172 13 335
233 3 395 367 192
489 392 122 427 459
95 207 140 159 64
409 457 473 281 346
463 88 484 147 435
416 158 160 426 81
460 87 299 45 153
337 199 448 456 441
306 219 492 82 495
198 401 185 321 366
338 83 157 105 74
108 78 499 178 103
49 277 413 333 163
291 23 24 5 357
245 106 309 431 385
403 272 244 498 146
286 22 119 330 190
181 273 71 468 18
408 125 15 123 446
292 318 464 364 142
126 406 170 380 256
439 234 328 465 214
432 287 179 104 27
6 496 19 402 91
458 331 355 68 365
14 63 196 10 320
166 376 284 302 32
97 421 34 89 137
66 251 30 298 129
186 258 61 150 312
415 177 197 236 127
138 35 305 334 262
90 65 471 109 405
259 279 59 363 1
411 417 238 2 383
223 182 149 44 246
73 325 47 110 414
111 400 387 477 175
193 194 313 478 343
39 42 469 225 350
282 165 474 189 257
215 339 482 342 213
332 453 285 315 348
252 329 271 317 148
420 136 293 475 311
143 497 491 265 423
390 114 12 398 243
118 187 172 13 335
233 3 395 367 192
489 392 122 427 459
95 207 140 159 64
409 457 473 281 346
463 88 484 147 435
416 158 160 426 81
460 87 299 45 153
337 199 448 456 441
306 219 492 82 495
198 401 185 321 366
338 83 157 105 74
108 78 499 178 103
49 277 413 333 163
291 23 24 5 357
245 106 309 431 385
403 272 244 498 146
296 31 263 162 46
286 22 119 330 190
181 273 71 468 18
408 125 15 123 446
292 318 464 364 142
126 406 170 380 256
439 234 328 465 214
432 287 179 104 27
6 496 19 402 91
458 331 355 68 365
14 63 196 10 320
166 376 284 302 32
97 421 34 89 137
66 251 30 298 129
186 258 61 150 312
415 177 197 236 127
138 35 305 334 262
90 65 471 109 405
259 279 59 363 1
411 417 238 2 383
223 182 149 44 246
73 325 47 110 414
111 400 387 477 175
193 194 313 478 343
39 42 469 225 350
282 165 474 189 257
215 339 482 342 213
332 453 285 315 348
252 329 271 317 148
420 136 293 475 311
143 497 491 265 423
390 114 12 398 243
118 187 172 13 335
233 3 395 367 192
489 392 122 427 459
95 207 140 159 64
409 457 473 281 346
463 88 484 147 435
416 158 160 426 81
460 87 299 45 153
337 199 448 456 441
306 219 492 82 495
198 401 185 321 366
338 83 157 105 74
108 78 499 178 103
49 277 413 333 163
291 23 24 5 357
245 106 309 431 385
403 272 244 498 146
296 31 263 162 46
310 208 461 209 487
