494 316 47 288 464
494 316 47 288 464
318 34 412 143
494 316 47 288 464
318 34 412 143
460 488 206 171
494 316 47 288 464
318 34 412 143
460 488 206 171
62 425 391 226
494 316 47 288 464
318 34 412 143
460 488 206 171
62 425 391 226
286 202 347 480 277
494 316 47 288 464
318 34 412 143
460 488 206 171
62 425 391 226
286 202 347 480 277
465 1 2 180
494 316 47 288 464
318 34 412 143
460 488 206 171
62 425 391 226
286 202 347 480 277
465 1 2 180
339 324 453
494 316 47 288 464
318 34 412 143
460 488 206 171
62 425 391 226
286 202 347 480 277
465 1 2 180
339 324 453
293 440 135
494 316 47 288 464
318 34 412 143
460 488 206 171
62 425 391 226
286 202 347 480 277
465 1 2 180
339 324 453
293 440 135
442 497 110
494 316 47 288 464
318 34 412 143
460 488 206 171
62 425 391 226
286 202 347 480 277
465 1 2 180
339 324 453
293 440 135
442 497 110
246 304 25
494 316 47 288 464
318 34 412 143
460 488 206 171
62 425 391 226
286 202 347 480 277
465 1 2 180
339 324 453
293 440 135
442 497 110
246 304 25
39 357 0
494 316 47 288 464
318 34 412 143
460 488 206 171
62 425 391 226
286 202 347 480 277
465 1 2 180
339 324 453
293 440 135
442 497 110
246 304 25
39 357 0
262 291
494 316 47 288 464
318 34 412 143
460 488 206 171
62 425 391 226
286 202 347 480 277
465 1 2 180
339 324 453
293 440 135
442 497 110
246 304 25
39 357 0
262 291
474 300 490
494 316 47 288 464
318 34 412 143
460 488 206 171
62 425 391 226
286 202 347 480 277
465 1 2 180
339 324 453
293 440 135
442 497 110
246 304 25
39 357 0
262 291
474 300 490
167 261
494 316 47 288 464
318 34 412 143
460 488 206 171
62 425 391 226
286 202 347 480 277
465 1 2 180
339 324 453
293 440 135
442 497 110
246 304 25
39 357 0
262 291
474 300 490
167 261
302 482
494 316 47 288 464
318 34 412 143
460 488 206 171
62 425 391 226
286 202 347 480 277
465 1 2 180
339 324 453
293 440 135
442 497 110
246 304 25
39 357 0
262 291
474 300 490
167 261
302 482
471 424 219
494 316 47 288 464
318 34 412 143
460 488 206 171
62 425 391 226
286 202 347 480 277
465 1 2 180
339 324 453
293 440 135
442 497 110
246 304 25
39 357 0
262 291
474 300 490
167 261
302 482
471 424 219
137 375
494 316 47 288 464
318 34 412 143
460 488 206 171
62 425 391 226
286 202 347 480 277
465 1 2 180
339 324 453
293 440 135
442 497 110
246 304 25
39 357 0
262 291
474 300 490
167 261
302 482
471 424 219
137 375
240 225
494 316 47 288 464
318 34 412 143
460 488 206 171
62 425 391 226
286 202 347 480 277
465 1 2 180
339 324 453
293 440 135
442 497 110
246 304 25
39 357 0
262 291
474 300 490
167 261
302 482
471 424 219
137 375
240 225
278 70
494 316 47 288 464
318 34 412 143
460 488 206 171
62 425 391 226
286 202 347 480 277
465 1 2 180
339 324 453
293 440 135
442 497 110
246 304 25
39 357 0
262 291
474 300 490
167 261
302 482
471 424 219
137 375
240 225
278 70
372 385
494 316 47 288 464
318 34 412 143
460 488 206 171
62 425 391 226
286 202 347 480 277
465 1 2 180
339 324 453
293 440 135
442 497 110
246 304 25
39 357 0
262 291
474 300 490
167 261
302 482
471 424 219
137 375
240 225
278 70
372 385
377 94
494 316 47 288 464
318 34 412 143
460 488 206 171
62 425 391 226
286 202 347 480 277
465 1 2 180
339 324 453
293 440 135
442 497 110
246 304 25
39 357 0
262 291
474 300 490
167 261
302 482
471 424 219
137 375
240 225
278 70
372 385
377 94
121 18
494 316 47 288 464
318 34 412 143
460 488 206 171
62 425 391 226
286 202 347 480 277
465 1 2 180
339 324 453
293 440 135
442 497 110
246 304 25
39 357 0
262 291
474 300 490
167 261
302 482
471 424 219
137 375
240 225
278 70
372 385
377 94
121 18
297 306
494 316 47 288 464
318 34 412 143
460 488 206 171
62 425 391 226
286 202 347 480 277
465 1 2 180
339 324 453
293 440 135
442 497 110
246 304 25
39 357 0
262 291
474 300 490
167 261
302 482
471 424 219
137 375
240 225
278 70
372 385
377 94
121 18
297 306
175 88
494 316 47 288 464
318 34 412 143
460 488 206 171
62 425 391 226
286 202 347 480 277
465 1 2 180
339 324 453
293 440 135
442 497 110
246 304 25
39 357 0
262 291
474 300 490
167 261
302 482
471 424 219
137 375
240 225
278 70
372 385
377 94
121 18
297 306
175 88
374 120
494 316 47 288 464
318 34 412 143
460 488 206 171
62 425 391 226
286 202 347 480 277
465 1 2 180
339 324 453
293 440 135
442 497 110
246 304 25
39 357 0
262 291
474 300 490
167 261
302 482
471 424 219
137 375
240 225
278 70
372 385
377 94
121 18
297 306
175 88
374 120
443 53
