431 127 369 242 453
304 436 171 260 97
488 234 87 84 486
65 223 201 377 445
391 498 292 162 398
102 237 327 430 447
322 67 409 212 208
200 281 167 107 428
37 21 477 131 307
2 256 227 464 254
438 110 202 29 243
280 109 344 311 482
235 389 284 186 485
78 425 456 115 79
466 172 52 100 349
278 143 120 361 177
149 475 238 459 300
274 10 318 135 71
69 321 356 209 272
41 43 207 166 478
446 73 134 312 125
316 497 368 343 195
468 353 310 383 491
226 392 462 9 57
113 413 331 93 24
326 105 232 434 81
203 419 176 157 257
493 426 328 189 347
277 132 376 91 332
301 54 263 80 384
25 422 139 239 40
403 217 390 333 62
151 92 495 294 90
410 152 324 253 51
230 160 156 7 313
399 55 88 250 142
348 15 268 224 380
74 424 204 467 365
8 228 126 490 60
296 169 412 12 471
308 461 159 267 350
275 128 20 276 483
442 457 141 44 244
83 285 408 451 27
470 181 480 94 196
382 339 345 354 287
221 302 306 45 496
439 170 175 282 240
1 363 199 147 5
194 23 420 75 325
