8 278 305 37 348
162 159 220 60 28
450 307 38 168 195
46 219 364 210 344
51 379 81 209 171
428 225 228 132 474
183 493 378 1 487
355 73 350 270 11
0 273 423 196 492
329 74 448 135 243
410 7 104 78 245
103 45 226 203 19
476 218 57 252 242
151 409 222 452 267
380 490 312 362 232
406 269 147 451 280
333 340 467 315 400
401 402 388 444 87
152 420 455 282 411
382 71 47 304 253
178 166 356 289 290
368 99 32 497 115
184 244 276 3 156
174 418 157 433 408
89 227 236 361 412
431 335 146 277 403
102 440 397 69 484
473 35 371 291 126
66 180 229 347 2
287 491 392 240 457
53 257 36 391 84
386 80 31 426 472
367 310 61 34 39
353 295 279 360 318
112 94 189 117 23
215 434 447 41 63
459 191 314 265 167
387 123 286 297 296
261 309 266 250 462
256 16 58 331 21
105 439 200 154 399
435 427 468 354 92
125 292 68 322 248
442 246 249 262 288
54 383 224 369 357
328 405 141 470 18
77 349 306 343 15
485 107 469 417 285
298 308 145 375 414
381 116 463 441 30
