380 379 178 21 430
380 379 178 21 430
343 419 396 291 108
380 379 178 21 430
343 419 396 291 108
341 410 204 134 86
380 379 178 21 430
343 419 396 291 108
341 410 204 134 86
151 406 65 19 298
380 379 178 21 430
343 419 396 291 108
341 410 204 134 86
151 406 65 19 298
293 353 149 466 330
380 379 178 21 430
343 419 396 291 108
341 410 204 134 86
151 406 65 19 298
293 353 149 466 330
179 308 107 335 324
380 379 178 21 430
343 419 396 291 108
341 410 204 134 86
151 406 65 19 298
293 353 149 466 330
179 308 107 335 324
139 162 132 368 255
380 379 178 21 430
343 419 396 291 108
341 410 204 134 86
151 406 65 19 298
293 353 149 466 330
179 308 107 335 324
139 162 132 368 255
459 191 172 125 257
380 379 178 21 430
343 419 396 291 108
341 410 204 134 86
151 406 65 19 298
293 353 149 466 330
179 308 107 335 324
139 162 132 368 255
459 191 172 125 257
76 364 231 314 493
380 379 178 21 430
343 419 396 291 108
341 410 204 134 86
151 406 65 19 298
293 353 149 466 330
179 308 107 335 324
139 162 132 368 255
459 191 172 125 257
76 364 231 314 493
197 22 446 437 395
380 379 178 21 430
343 419 396 291 108
341 410 204 134 86
151 406 65 19 298
293 353 149 466 330
179 308 107 335 324
139 162 132 368 255
459 191 172 125 257
76 364 231 314 493
197 22 446 437 395
273 165 342 158 420
380 379 178 21 430
343 419 396 291 108
341 410 204 134 86
151 406 65 19 298
293 353 149 466 330
179 308 107 335 324
139 162 132 368 255
459 191 172 125 257
76 364 231 314 493
197 22 446 437 395
273 165 342 158 420
334 304 452 0 64
380 379 178 21 430
343 419 396 291 108
341 410 204 134 86
151 406 65 19 298
293 353 149 466 330
179 308 107 335 324
139 162 132 368 255
459 191 172 125 257
76 364 231 314 493
197 22 446 437 395
273 165 342 158 420
334 304 452 0 64
116 485 163 254 385
380 379 178 21 430
343 419 396 291 108
341 410 204 134 86
151 406 65 19 298
293 353 149 466 330
179 308 107 335 324
139 162 132 368 255
459 191 172 125 257
76 364 231 314 493
197 22 446 437 395
273 165 342 158 420
334 304 452 0 64
116 485 163 254 385
100 177 448 435 88
380 379 178 21 430
343 419 396 291 108
341 410 204 134 86
151 406 65 19 298
293 353 149 466 330
179 308 107 335 324
139 162 132 368 255
459 191 172 125 257
76 364 231 314 493
197 22 446 437 395
273 165 342 158 420
334 304 452 0 64
116 485 163 254 385
100 177 448 435 88
123 288 453 226 449
380 379 178 21 430
343 419 396 291 108
341 410 204 134 86
151 406 65 19 298
293 353 149 466 330
179 308 107 335 324
139 162 132 368 255
459 191 172 125 257
76 364 231 314 493
197 22 446 437 395
273 165 342 158 420
334 304 452 0 64
116 485 163 254 385
100 177 448 435 88
123 288 453 226 449
434 18 428 310 218
380 379 178 21 430
343 419 396 291 108
341 410 204 134 86
151 406 65 19 298
293 353 149 466 330
179 308 107 335 324
139 162 132 368 255
459 191 172 125 257
76 364 231 314 493
197 22 446 437 395
273 165 342 158 420
334 304 452 0 64
116 485 163 254 385
100 177 448 435 88
123 288 453 226 449
434 18 428 310 218
337 45 346 483 496
380 379 178 21 430
343 419 396 291 108
341 410 204 134 86
151 406 65 19 298
293 353 149 466 330
179 308 107 335 324
139 162 132 368 255
459 191 172 125 257
76 364 231 314 493
197 22 446 437 395
273 165 342 158 420
334 304 452 0 64
116 485 163 254 385
100 177 448 435 88
123 288 453 226 449
434 18 428 310 218
337 45 346 483 496
210 266 184 474 54
380 379 178 21 430
343 419 396 291 108
341 410 204 134 86
151 406 65 19 298
293 353 149 466 330
179 308 107 335 324
139 162 132 368 255
459 191 172 125 257
76 364 231 314 493
197 22 446 437 395
273 165 342 158 420
334 304 452 0 64
116 485 163 254 385
100 177 448 435 88
123 288 453 226 449
434 18 428 310 218
337 45 346 483 496
210 266 184 474 54
455 355 312 245 97
380 379 178 21 430
343 419 396 291 108
341 410 204 134 86
151 406 65 19 298
293 353 149 466 330
179 308 107 335 324
139 162 132 368 255
459 191 172 125 257
76 364 231 314 493
197 22 446 437 395
273 165 342 158 420
334 304 452 0 64
116 485 163 254 385
100 177 448 435 88
123 288 453 226 449
434 18 428 310 218
337 45 346 483 496
210 266 184 474 54
455 355 312 245 97
287 440 495 376 155
380 379 178 21 430
343 419 396 291 108
341 410 204 134 86
151 406 65 19 298
293 353 149 466 330
179 308 107 335 324
139 162 132 368 255
459 191 172 125 257
76 364 231 314 493
197 22 446 437 395
273 165 342 158 420
334 304 452 0 64
116 485 163 254 385
100 177 448 435 88
123 288 453 226 449
434 18 428 310 218
337 45 346 483 496
210 266 184 474 54
455 355 312 245 97
287 440 495 376 155
225 297 450 424 404
380 379 178 21 430
343 419 396 291 108
341 410 204 134 86
151 406 65 19 298
293 353 149 466 330
179 308 107 335 324
139 162 132 368 255
459 191 172 125 257
76 364 231 314 493
197 22 446 437 395
273 165 342 158 420
334 304 452 0 64
116 485 163 254 385
100 177 448 435 88
123 288 453 226 449
434 18 428 310 218
337 45 346 483 496
210 266 184 474 54
455 355 312 245 97
287 440 495 376 155
225 297 450 424 404
137 360 20 248 150
380 379 178 21 430
343 419 396 291 108
341 410 204 134 86
151 406 65 19 298
293 353 149 466 330
179 308 107 335 324
139 162 132 368 255
459 191 172 125 257
76 364 231 314 493
197 22 446 437 395
273 165 342 158 420
334 304 452 0 64
116 485 163 254 385
100 177 448 435 88
123 288 453 226 449
434 18 428 310 218
337 45 346 483 496
210 266 184 474 54
455 355 312 245 97
287 440 495 376 155
225 297 450 424 404
137 360 20 248 150
361 90 153 169 481
380 379 178 21 430
343 419 396 291 108
341 410 204 134 86
151 406 65 19 298
293 353 149 466 330
179 308 107 335 324
139 162 132 368 255
459 191 172 125 257
76 364 231 314 493
197 22 446 437 395
273 165 342 158 420
334 304 452 0 64
116 485 163 254 385
100 177 448 435 88
123 288 453 226 449
434 18 428 310 218
337 45 346 483 496
210 266 184 474 54
455 355 312 245 97
287 440 495 376 155
225 297 450 424 404
137 360 20 248 150
361 90 153 169 481
284 460 211 421 209
380 379 178 21 430
343 419 396 291 108
341 410 204 134 86
151 406 65 19 298
293 353 149 466 330
179 308 107 335 324
139 162 132 368 255
459 191 172 125 257
76 364 231 314 493
197 22 446 437 395
273 165 342 158 420
334 304 452 0 64
116 485 163 254 385
100 177 448 435 88
123 288 453 226 449
434 18 428 310 218
337 45 346 483 496
210 266 184 474 54
455 355 312 245 97
287 440 495 376 155
225 297 450 424 404
137 360 20 248 150
361 90 153 169 481
284 460 211 421 209
17 113 388 208 484
380 379 178 21 430
343 419 396 291 108
341 410 204 134 86
151 406 65 19 298
293 353 149 466 330
179 308 107 335 324
139 162 132 368 255
459 191 172 125 257
76 364 231 314 493
197 22 446 437 395
273 165 342 158 420
334 304 452 0 64
116 485 163 254 385
100 177 448 435 88
123 288 453 226 449
434 18 428 310 218
337 45 346 483 496
210 266 184 474 54
455 355 312 245 97
287 440 495 376 155
225 297 450 424 404
137 360 20 248 150
361 90 153 169 481
284 460 211 421 209
17 113 388 208 484
295 24 302 35 146
380 379 178 21 430
343 419 396 291 108
341 410 204 134 86
151 406 65 19 298
293 353 149 466 330
179 308 107 335 324
139 162 132 368 255
459 191 172 125 257
76 364 231 314 493
197 22 446 437 395
273 165 342 158 420
334 304 452 0 64
116 485 163 254 385
100 177 448 435 88
123 288 453 226 449
434 18 428 310 218
337 45 346 483 496
210 266 184 474 54
455 355 312 245 97
287 440 495 376 155
225 297 450 424 404
137 360 20 248 150
361 90 153 169 481
284 460 211 421 209
17 113 388 208 484
295 24 302 35 146
190 13 230 267 418
380 379 178 21 430
343 419 396 291 108
341 410 204 134 86
151 406 65 19 298
293 353 149 466 330
179 308 107 335 324
139 162 132 368 255
459 191 172 125 257
76 364 231 314 493
197 22 446 437 395
273 165 342 158 420
334 304 452 0 64
116 485 163 254 385
100 177 448 435 88
123 288 453 226 449
434 18 428 310 218
337 45 346 483 496
210 266 184 474 54
455 355 312 245 97
287 440 495 376 155
225 297 450 424 404
137 360 20 248 150
361 90 153 169 481
284 460 211 421 209
17 113 388 208 484
295 24 302 35 146
190 13 230 267 418
174 462 46 246 14
380 379 178 21 430
343 419 396 291 108
341 410 204 134 86
151 406 65 19 298
293 353 149 466 330
179 308 107 335 324
139 162 132 368 255
459 191 172 125 257
76 364 231 314 493
197 22 446 437 395
273 165 342 158 420
334 304 452 0 64
116 485 163 254 385
100 177 448 435 88
123 288 453 226 449
434 18 428 310 218
337 45 346 483 496
210 266 184 474 54
455 355 312 245 97
287 440 495 376 155
225 297 450 424 404
137 360 20 248 150
361 90 153 169 481
284 460 211 421 209
17 113 388 208 484
295 24 302 35 146
190 13 230 267 418
174 462 46 246 14
278 203 275 413 47
380 379 178 21 430
343 419 396 291 108
341 410 204 134 86
151 406 65 19 298
293 353 149 466 330
179 308 107 335 324
139 162 132 368 255
459 191 172 125 257
76 364 231 314 493
197 22 446 437 395
273 165 342 158 420
334 304 452 0 64
116 485 163 254 385
100 177 448 435 88
123 288 453 226 449
434 18 428 310 218
337 45 346 483 496
210 266 184 474 54
455 355 312 245 97
287 440 495 376 155
225 297 450 424 404
137 360 20 248 150
361 90 153 169 481
284 460 211 421 209
17 113 388 208 484
295 24 302 35 146
190 13 230 267 418
174 462 46 246 14
278 203 275 413 47
102 171 332 58 444
380 379 178 21 430
343 419 396 291 108
341 410 204 134 86
151 406 65 19 298
293 353 149 466 330
179 308 107 335 324
139 162 132 368 255
459 191 172 125 257
76 364 231 314 493
197 22 446 437 395
273 165 342 158 420
334 304 452 0 64
116 485 163 254 385
100 177 448 435 88
123 288 453 226 449
434 18 428 310 218
337 45 346 483 496
210 266 184 474 54
455 355 312 245 97
287 440 495 376 155
225 297 450 424 404
137 360 20 248 150
361 90 153 169 481
284 460 211 421 209
17 113 388 208 484
295 24 302 35 146
190 13 230 267 418
174 462 46 246 14
278 203 275 413 47
102 171 332 58 444
122 307 38 365 249
380 379 178 21 430
343 419 396 291 108
341 410 204 134 86
151 406 65 19 298
293 353 149 466 330
179 308 107 335 324
139 162 132 368 255
459 191 172 125 257
76 364 231 314 493
197 22 446 437 395
273 165 342 158 420
334 304 452 0 64
116 485 163 254 385
100 177 448 435 88
123 288 453 226 449
434 18 428 310 218
337 45 346 483 496
210 266 184 474 54
455 355 312 245 97
287 440 495 376 155
225 297 450 424 404
137 360 20 248 150
361 90 153 169 481
284 460 211 421 209
17 113 388 208 484
295 24 302 35 146
190 13 230 267 418
174 462 46 246 14
278 203 275 413 47
102 171 332 58 444
122 307 38 365 249
294 476 489 198 414
380 379 178 21 430
343 419 396 291 108
341 410 204 134 86
151 406 65 19 298
293 353 149 466 330
179 308 107 335 324
139 162 132 368 255
459 191 172 125 257
76 364 231 314 493
197 22 446 437 395
273 165 342 158 420
334 304 452 0 64
116 485 163 254 385
100 177 448 435 88
123 288 453 226 449
434 18 428 310 218
337 45 346 483 496
210 266 184 474 54
455 355 312 245 97
287 440 495 376 155
225 297 450 424 404
137 360 20 248 150
361 90 153 169 481
284 460 211 421 209
17 113 388 208 484
295 24 302 35 146
190 13 230 267 418
174 462 46 246 14
278 203 275 413 47
102 171 332 58 444
122 307 38 365 249
294 476 489 198 414
415 350 274 124 114
380 379 178 21 430
343 419 396 291 108
341 410 204 134 86
151 406 65 19 298
293 353 149 466 330
179 308 107 335 324
139 162 132 368 255
459 191 172 125 257
76 364 231 314 493
197 22 446 437 395
273 165 342 158 420
334 304 452 0 64
116 485 163 254 385
100 177 448 435 88
123 288 453 226 449
434 18 428 310 218
337 45 346 483 496
210 266 184 474 54
455 355 312 245 97
287 440 495 376 155
225 297 450 424 404
137 360 20 248 150
361 90 153 169 481
284 460 211 421 209
17 113 388 208 484
295 24 302 35 146
190 13 230 267 418
174 462 46 246 14
278 203 275 413 47
102 171 332 58 444
122 307 38 365 249
294 476 489 198 414
415 350 274 124 114
442 468 87 33 143
380 379 178 21 430
343 419 396 291 108
341 410 204 134 86
151 406 65 19 298
293 353 149 466 330
179 308 107 335 324
139 162 132 368 255
459 191 172 125 257
76 364 231 314 493
197 22 446 437 395
273 165 342 158 420
334 304 452 0 64
116 485 163 254 385
100 177 448 435 88
123 288 453 226 449
434 18 428 310 218
337 45 346 483 496
210 266 184 474 54
455 355 312 245 97
287 440 495 376 155
225 297 450 424 404
137 360 20 248 150
361 90 153 169 481
284 460 211 421 209
17 113 388 208 484
295 24 302 35 146
190 13 230 267 418
174 462 46 246 14
278 203 275 413 47
102 171 332 58 444
122 307 38 365 249
294 476 489 198 414
415 350 274 124 114
442 468 87 33 143
92 318 7 432 48
380 379 178 21 430
343 419 396 291 108
341 410 204 134 86
151 406 65 19 298
293 353 149 466 330
179 308 107 335 324
139 162 132 368 255
459 191 172 125 257
76 364 231 314 493
197 22 446 437 395
273 165 342 158 420
334 304 452 0 64
116 485 163 254 385
100 177 448 435 88
123 288 453 226 449
434 18 428 310 218
337 45 346 483 496
210 266 184 474 54
455 355 312 245 97
287 440 495 376 155
225 297 450 424 404
137 360 20 248 150
361 90 153 169 481
284 460 211 421 209
17 113 388 208 484
295 24 302 35 146
190 13 230 267 418
174 462 46 246 14
278 203 275 413 47
102 171 332 58 444
122 307 38 365 249
294 476 489 198 414
415 350 274 124 114
442 468 87 33 143
92 318 7 432 48
119 261 188 61 129
380 379 178 21 430
343 419 396 291 108
341 410 204 134 86
151 406 65 19 298
293 353 149 466 330
179 308 107 335 324
139 162 132 368 255
459 191 172 125 257
76 364 231 314 493
197 22 446 437 395
273 165 342 158 420
334 304 452 0 64
116 485 163 254 385
100 177 448 435 88
123 288 453 226 449
434 18 428 310 218
337 45 346 483 496
210 266 184 474 54
455 355 312 245 97
287 440 495 376 155
225 297 450 424 404
137 360 20 248 150
361 90 153 169 481
284 460 211 421 209
17 113 388 208 484
295 24 302 35 146
190 13 230 267 418
174 462 46 246 14
278 203 275 413 47
102 171 332 58 444
122 307 38 365 249
294 476 489 198 414
415 350 274 124 114
442 468 87 33 143
92 318 7 432 48
119 261 188 61 129
260 363 292 217 303
380 379 178 21 430
343 419 396 291 108
341 410 204 134 86
151 406 65 19 298
293 353 149 466 330
179 308 107 335 324
139 162 132 368 255
459 191 172 125 257
76 364 231 314 493
197 22 446 437 395
273 165 342 158 420
334 304 452 0 64
116 485 163 254 385
100 177 448 435 88
123 288 453 226 449
434 18 428 310 218
337 45 346 483 496
210 266 184 474 54
455 355 312 245 97
287 440 495 376 155
225 297 450 424 404
137 360 20 248 150
361 90 153 169 481
284 460 211 421 209
17 113 388 208 484
295 24 302 35 146
190 13 230 267 418
174 462 46 246 14
278 203 275 413 47
102 171 332 58 444
122 307 38 365 249
294 476 489 198 414
415 350 274 124 114
442 468 87 33 143
92 318 7 432 48
119 261 188 61 129
260 363 292 217 303
112 439 31 251 359
380 379 178 21 430
343 419 396 291 108
341 410 204 134 86
151 406 65 19 298
293 353 149 466 330
179 308 107 335 324
139 162 132 368 255
459 191 172 125 257
76 364 231 314 493
197 22 446 437 395
273 165 342 158 420
334 304 452 0 64
116 485 163 254 385
100 177 448 435 88
123 288 453 226 449
434 18 428 310 218
337 45 346 483 496
210 266 184 474 54
455 355 312 245 97
287 440 495 376 155
225 297 450 424 404
137 360 20 248 150
361 90 153 169 481
284 460 211 421 209
17 113 388 208 484
295 24 302 35 146
190 13 230 267 418
174 462 46 246 14
278 203 275 413 47
102 171 332 58 444
122 307 38 365 249
294 476 489 198 414
415 350 274 124 114
442 468 87 33 143
92 318 7 432 48
119 261 188 61 129
260 363 292 217 303
112 439 31 251 359
426 167 387 243 25
380 379 178 21 430
343 419 396 291 108
341 410 204 134 86
151 406 65 19 298
293 353 149 466 330
179 308 107 335 324
139 162 132 368 255
459 191 172 125 257
76 364 231 314 493
197 22 446 437 395
273 165 342 158 420
334 304 452 0 64
116 485 163 254 385
100 177 448 435 88
123 288 453 226 449
434 18 428 310 218
337 45 346 483 496
210 266 184 474 54
455 355 312 245 97
287 440 495 376 155
225 297 450 424 404
137 360 20 248 150
361 90 153 169 481
284 460 211 421 209
17 113 388 208 484
295 24 302 35 146
190 13 230 267 418
174 462 46 246 14
278 203 275 413 47
102 171 332 58 444
122 307 38 365 249
294 476 489 198 414
415 350 274 124 114
442 468 87 33 143
92 318 7 432 48
119 261 188 61 129
260 363 292 217 303
112 439 31 251 359
426 167 387 243 25
378 269 109 494 397
380 379 178 21 430
343 419 396 291 108
341 410 204 134 86
151 406 65 19 298
293 353 149 466 330
179 308 107 335 324
139 162 132 368 255
459 191 172 125 257
76 364 231 314 493
197 22 446 437 395
273 165 342 158 420
334 304 452 0 64
116 485 163 254 385
100 177 448 435 88
123 288 453 226 449
434 18 428 310 218
337 45 346 483 496
210 266 184 474 54
455 355 312 245 97
287 440 495 376 155
225 297 450 424 404
137 360 20 248 150
361 90 153 169 481
284 460 211 421 209
17 113 388 208 484
295 24 302 35 146
190 13 230 267 418
174 462 46 246 14
278 203 275 413 47
102 171 332 58 444
122 307 38 365 249
294 476 489 198 414
415 350 274 124 114
442 468 87 33 143
92 318 7 432 48
119 261 188 61 129
260 363 292 217 303
112 439 31 251 359
426 167 387 243 25
378 269 109 494 397
157 386 492 362 479
380 379 178 21 430
343 419 396 291 108
341 410 204 134 86
151 406 65 19 298
293 353 149 466 330
179 308 107 335 324
139 162 132 368 255
459 191 172 125 257
76 364 231 314 493
197 22 446 437 395
273 165 342 158 420
334 304 452 0 64
116 485 163 254 385
100 177 448 435 88
123 288 453 226 449
434 18 428 310 218
337 45 346 483 496
210 266 184 474 54
455 355 312 245 97
287 440 495 376 155
225 297 450 424 404
137 360 20 248 150
361 90 153 169 481
284 460 211 421 209
17 113 388 208 484
295 24 302 35 146
190 13 230 267 418
174 462 46 246 14
278 203 275 413 47
102 171 332 58 444
122 307 38 365 249
294 476 489 198 414
415 350 274 124 114
442 468 87 33 143
92 318 7 432 48
119 261 188 61 129
260 363 292 217 303
112 439 31 251 359
426 167 387 243 25
378 269 109 494 397
157 386 492 362 479
104 384 141 67 138
380 379 178 21 430
343 419 396 291 108
341 410 204 134 86
151 406 65 19 298
293 353 149 466 330
179 308 107 335 324
139 162 132 368 255
459 191 172 125 257
76 364 231 314 493
197 22 446 437 395
273 165 342 158 420
334 304 452 0 64
116 485 163 254 385
100 177 448 435 88
123 288 453 226 449
434 18 428 310 218
337 45 346 483 496
210 266 184 474 54
455 355 312 245 97
287 440 495 376 155
225 297 450 424 404
137 360 20 248 150
361 90 153 169 481
284 460 211 421 209
17 113 388 208 484
295 24 302 35 146
190 13 230 267 418
174 462 46 246 14
278 203 275 413 47
102 171 332 58 444
122 307 38 365 249
294 476 489 198 414
415 350 274 124 114
442 468 87 33 143
92 318 7 432 48
119 261 188 61 129
260 363 292 217 303
112 439 31 251 359
426 167 387 243 25
378 269 109 494 397
157 386 492 362 479
104 384 141 67 138
461 345 96 4 84
380 379 178 21 430
343 419 396 291 108
341 410 204 134 86
151 406 65 19 298
293 353 149 466 330
179 308 107 335 324
139 162 132 368 255
459 191 172 125 257
76 364 231 314 493
197 22 446 437 395
273 165 342 158 420
334 304 452 0 64
116 485 163 254 385
100 177 448 435 88
123 288 453 226 449
434 18 428 310 218
337 45 346 483 496
210 266 184 474 54
455 355 312 245 97
287 440 495 376 155
225 297 450 424 404
137 360 20 248 150
361 90 153 169 481
284 460 211 421 209
17 113 388 208 484
295 24 302 35 146
190 13 230 267 418
174 462 46 246 14
278 203 275 413 47
102 171 332 58 444
122 307 38 365 249
294 476 489 198 414
415 350 274 124 114
442 468 87 33 143
92 318 7 432 48
119 261 188 61 129
260 363 292 217 303
112 439 31 251 359
426 167 387 243 25
378 269 109 494 397
157 386 492 362 479
104 384 141 67 138
461 345 96 4 84
473 338 121 233 299
380 379 178 21 430
343 419 396 291 108
341 410 204 134 86
151 406 65 19 298
293 353 149 466 330
179 308 107 335 324
139 162 132 368 255
459 191 172 125 257
76 364 231 314 493
197 22 446 437 395
273 165 342 158 420
334 304 452 0 64
116 485 163 254 385
100 177 448 435 88
123 288 453 226 449
434 18 428 310 218
337 45 346 483 496
210 266 184 474 54
455 355 312 245 97
287 440 495 376 155
225 297 450 424 404
137 360 20 248 150
361 90 153 169 481
284 460 211 421 209
17 113 388 208 484
295 24 302 35 146
190 13 230 267 418
174 462 46 246 14
278 203 275 413 47
102 171 332 58 444
122 307 38 365 249
294 476 489 198 414
415 350 274 124 114
442 468 87 33 143
92 318 7 432 48
119 261 188 61 129
260 363 292 217 303
112 439 31 251 359
426 167 387 243 25
378 269 109 494 397
157 386 492 362 479
104 384 141 67 138
461 345 96 4 84
473 338 121 233 299
309 70 270 253 16
380 379 178 21 430
343 419 396 291 108
341 410 204 134 86
151 406 65 19 298
293 353 149 466 330
179 308 107 335 324
139 162 132 368 255
459 191 172 125 257
76 364 231 314 493
197 22 446 437 395
273 165 342 158 420
334 304 452 0 64
116 485 163 254 385
100 177 448 435 88
123 288 453 226 449
434 18 428 310 218
337 45 346 483 496
210 266 184 474 54
455 355 312 245 97
287 440 495 376 155
225 297 450 424 404
137 360 20 248 150
361 90 153 169 481
284 460 211 421 209
17 113 388 208 484
295 24 302 35 146
190 13 230 267 418
174 462 46 246 14
278 203 275 413 47
102 171 332 58 444
122 307 38 365 249
294 476 489 198 414
415 350 274 124 114
442 468 87 33 143
92 318 7 432 48
119 261 188 61 129
260 363 292 217 303
112 439 31 251 359
426 167 387 243 25
378 269 109 494 397
157 386 492 362 479
104 384 141 67 138
461 345 96 4 84
473 338 121 233 299
309 70 270 253 16
85 69 417 391 371
380 379 178 21 430
343 419 396 291 108
341 410 204 134 86
151 406 65 19 298
293 353 149 466 330
179 308 107 335 324
139 162 132 368 255
459 191 172 125 257
76 364 231 314 493
197 22 446 437 395
273 165 342 158 420
334 304 452 0 64
116 485 163 254 385
100 177 448 435 88
123 288 453 226 449
434 18 428 310 218
337 45 346 483 496
210 266 184 474 54
455 355 312 245 97
287 440 495 376 155
225 297 450 424 404
137 360 20 248 150
361 90 153 169 481
284 460 211 421 209
17 113 388 208 484
295 24 302 35 146
190 13 230 267 418
174 462 46 246 14
278 203 275 413 47
102 171 332 58 444
122 307 38 365 249
294 476 489 198 414
415 350 274 124 114
442 468 87 33 143
92 318 7 432 48
119 261 188 61 129
260 363 292 217 303
112 439 31 251 359
426 167 387 243 25
378 269 109 494 397
157 386 492 362 479
104 384 141 67 138
461 345 96 4 84
473 338 121 233 299
309 70 270 253 16
85 69 417 391 371
280 181 475 66 425
380 379 178 21 430
343 419 396 291 108
341 410 204 134 86
151 406 65 19 298
293 353 149 466 330
179 308 107 335 324
139 162 132 368 255
459 191 172 125 257
76 364 231 314 493
197 22 446 437 395
273 165 342 158 420
334 304 452 0 64
116 485 163 254 385
100 177 448 435 88
123 288 453 226 449
434 18 428 310 218
337 45 346 483 496
210 266 184 474 54
455 355 312 245 97
287 440 495 376 155
225 297 450 424 404
137 360 20 248 150
361 90 153 169 481
284 460 211 421 209
17 113 388 208 484
295 24 302 35 146
190 13 230 267 418
174 462 46 246 14
278 203 275 413 47
102 171 332 58 444
122 307 38 365 249
294 476 489 198 414
415 350 274 124 114
442 468 87 33 143
92 318 7 432 48
119 261 188 61 129
260 363 292 217 303
112 439 31 251 359
426 167 387 243 25
378 269 109 494 397
157 386 492 362 479
104 384 141 67 138
461 345 96 4 84
473 338 121 233 299
309 70 270 253 16
85 69 417 391 371
280 181 475 66 425
34 77 133 75 39
380 379 178 21 430
343 419 396 291 108
341 410 204 134 86
151 406 65 19 298
293 353 149 466 330
179 308 107 335 324
139 162 132 368 255
459 191 172 125 257
76 364 231 314 493
197 22 446 437 395
273 165 342 158 420
334 304 452 0 64
116 485 163 254 385
100 177 448 435 88
123 288 453 226 449
434 18 428 310 218
337 45 346 483 496
210 266 184 474 54
455 355 312 245 97
287 440 495 376 155
225 297 450 424 404
137 360 20 248 150
361 90 153 169 481
284 460 211 421 209
17 113 388 208 484
295 24 302 35 146
190 13 230 267 418
174 462 46 246 14
278 203 275 413 47
102 171 332 58 444
122 307 38 365 249
294 476 489 198 414
415 350 274 124 114
442 468 87 33 143
92 318 7 432 48
119 261 188 61 129
260 363 292 217 303
112 439 31 251 359
426 167 387 243 25
378 269 109 494 397
157 386 492 362 479
104 384 141 67 138
461 345 96 4 84
473 338 121 233 299
309 70 270 253 16
85 69 417 391 371
280 181 475 66 425
34 77 133 75 39
207 407 238 117 74
380 379 178 21 430
343 419 396 291 108
341 410 204 134 86
151 406 65 19 298
293 353 149 466 330
179 308 107 335 324
139 162 132 368 255
459 191 172 125 257
76 364 231 314 493
197 22 446 437 395
273 165 342 158 420
334 304 452 0 64
116 485 163 254 385
100 177 448 435 88
123 288 453 226 449
434 18 428 310 218
337 45 346 483 496
210 266 184 474 54
455 355 312 245 97
287 440 495 376 155
225 297 450 424 404
137 360 20 248 150
361 90 153 169 481
284 460 211 421 209
17 113 388 208 484
295 24 302 35 146
190 13 230 267 418
174 462 46 246 14
278 203 275 413 47
102 171 332 58 444
122 307 38 365 249
294 476 489 198 414
415 350 274 124 114
442 468 87 33 143
92 318 7 432 48
119 261 188 61 129
260 363 292 217 303
112 439 31 251 359
426 167 387 243 25
378 269 109 494 397
157 386 492 362 479
104 384 141 67 138
461 345 96 4 84
473 338 121 233 299
309 70 270 253 16
85 69 417 391 371
280 181 475 66 425
34 77 133 75 39
207 407 238 117 74
43 259 128 256 486
