92 138 129 171 190
329 430 413 405 428
294 135 39 213 356
289 277 176 449 1
227 305 63 414 293
51 290 459 463 210
88 467 172 326 312
124 134 191 155 271
489 276 123 137 495
222 85 219 180 160
359 257 16 112 2
62 471 35 465 248
43 409 33 262 133
342 346 425 422 104
447 325 486 36 357
487 445 71 300 224
400 151 345 209 30
195 240 403 19 260
81 245 370 427 476
178 11 285 291 458
434 235 64 436 438
281 61 223 402 247
479 145 65 86 258
328 67 126 399 327
131 212 73 4 331
491 348 306 375 255
407 83 408 42 376
0 499 390 38 127
100 174 360 115 74
439 40 79 10 177
250 295 56 57 58
89 343 469 44 32
186 91 299 87 464
225 60 12 385 448
132 18 297 122 193
165 461 241 95 410
98 416 358 330 107
69 3 242 406 175
256 234 418 253 454
66 24 424 318 296
470 374 432 239 150
130 185 232 259 317
302 349 387 203 485
426 334 108 149 139
28 17 310 452 21
207 6 75 53 340
37 332 474 236 311
322 25 383 280 109
386 265 481 292 473
315 420 34 391 431
