403 189 55 140 499
403 189 55 140 499
241 327 242 293 390
403 189 55 140 499
241 327 242 293 390
430 298 228 420 267
403 189 55 140 499
241 327 242 293 390
430 298 228 420 267
400 136 207 357 387
403 189 55 140 499
241 327 242 293 390
430 298 228 420 267
400 136 207 357 387
401 3 214 82 23
403 189 55 140 499
241 327 242 293 390
430 298 228 420 267
400 136 207 357 387
401 3 214 82 23
490 494 334 163 115
403 189 55 140 499
241 327 242 293 390
430 298 228 420 267
400 136 207 357 387
401 3 214 82 23
490 494 334 163 115
341 275 61 442 296
403 189 55 140 499
241 327 242 293 390
430 298 228 420 267
400 136 207 357 387
401 3 214 82 23
490 494 334 163 115
341 275 61 442 296
455 491 268 49 218
403 189 55 140 499
241 327 242 293 390
430 298 228 420 267
400 136 207 357 387
401 3 214 82 23
490 494 334 163 115
341 275 61 442 296
455 491 268 49 218
493 391 112 303 306
403 189 55 140 499
241 327 242 293 390
430 298 228 420 267
400 136 207 357 387
401 3 214 82 23
490 494 334 163 115
341 275 61 442 296
455 491 268 49 218
493 391 112 303 306
166 456 447 146 330
403 189 55 140 499
241 327 242 293 390
430 298 228 420 267
400 136 207 357 387
401 3 214 82 23
490 494 334 163 115
341 275 61 442 296
455 491 268 49 218
493 391 112 303 306
166 456 447 146 330
333 97 426 345 209
403 189 55 140 499
241 327 242 293 390
430 298 228 420 267
400 136 207 357 387
401 3 214 82 23
490 494 334 163 115
341 275 61 442 296
455 491 268 49 218
493 391 112 303 306
166 456 447 146 330
333 97 426 345 209
360 90 118 145 259
403 189 55 140 499
241 327 242 293 390
430 298 228 420 267
400 136 207 357 387
401 3 214 82 23
490 494 334 163 115
341 275 61 442 296
455 491 268 49 218
493 391 112 303 306
166 456 447 146 330
333 97 426 345 209
360 90 118 145 259
183 59 459 489 326
403 189 55 140 499
241 327 242 293 390
430 298 228 420 267
400 136 207 357 387
401 3 214 82 23
490 494 334 163 115
341 275 61 442 296
455 491 268 49 218
493 391 112 303 306
166 456 447 146 330
333 97 426 345 209
360 90 118 145 259
183 59 459 489 326
205 83 65 474 96
403 189 55 140 499
241 327 242 293 390
430 298 228 420 267
400 136 207 357 387
401 3 214 82 23
490 494 334 163 115
341 275 61 442 296
455 491 268 49 218
493 391 112 303 306
166 456 447 146 330
333 97 426 345 209
360 90 118 145 259
183 59 459 489 326
205 83 65 474 96
24 392 120 427 319
403 189 55 140 499
241 327 242 293 390
430 298 228 420 267
400 136 207 357 387
401 3 214 82 23
490 494 334 163 115
341 275 61 442 296
455 491 268 49 218
493 391 112 303 306
166 456 447 146 330
333 97 426 345 209
360 90 118 145 259
183 59 459 489 326
205 83 65 474 96
24 392 120 427 319
258 273 52 111 170
403 189 55 140 499
241 327 242 293 390
430 298 228 420 267
400 136 207 357 387
401 3 214 82 23
490 494 334 163 115
341 275 61 442 296
455 491 268 49 218
493 391 112 303 306
166 456 447 146 330
333 97 426 345 209
360 90 118 145 259
183 59 459 489 326
205 83 65 474 96
24 392 120 427 319
258 273 52 111 170
461 43 176 158 165
403 189 55 140 499
241 327 242 293 390
430 298 228 420 267
400 136 207 357 387
401 3 214 82 23
490 494 334 163 115
341 275 61 442 296
455 491 268 49 218
493 391 112 303 306
166 456 447 146 330
333 97 426 345 209
360 90 118 145 259
183 59 459 489 326
205 83 65 474 96
24 392 120 427 319
258 273 52 111 170
461 43 176 158 165
76 376 328 202 162
403 189 55 140 499
241 327 242 293 390
430 298 228 420 267
400 136 207 357 387
401 3 214 82 23
490 494 334 163 115
341 275 61 442 296
455 491 268 49 218
493 391 112 303 306
166 456 447 146 330
333 97 426 345 209
360 90 118 145 259
183 59 459 489 326
205 83 65 474 96
24 392 120 427 319
258 273 52 111 170
461 43 176 158 165
76 376 328 202 162
150 428 137 405 67
403 189 55 140 499
241 327 242 293 390
430 298 228 420 267
400 136 207 357 387
401 3 214 82 23
490 494 334 163 115
341 275 61 442 296
455 491 268 49 218
493 391 112 303 306
166 456 447 146 330
333 97 426 345 209
360 90 118 145 259
183 59 459 489 326
205 83 65 474 96
24 392 120 427 319
258 273 52 111 170
461 43 176 158 165
76 376 328 202 162
150 428 137 405 67
449 201 5 356 256
403 189 55 140 499
241 327 242 293 390
430 298 228 420 267
400 136 207 357 387
401 3 214 82 23
490 494 334 163 115
341 275 61 442 296
455 491 268 49 218
493 391 112 303 306
166 456 447 146 330
333 97 426 345 209
360 90 118 145 259
183 59 459 489 326
205 83 65 474 96
24 392 120 427 319
258 273 52 111 170
461 43 176 158 165
76 376 328 202 162
150 428 137 405 67
449 201 5 356 256
289 482 135 233 347
403 189 55 140 499
241 327 242 293 390
430 298 228 420 267
400 136 207 357 387
401 3 214 82 23
490 494 334 163 115
341 275 61 442 296
455 491 268 49 218
493 391 112 303 306
166 456 447 146 330
333 97 426 345 209
360 90 118 145 259
183 59 459 489 326
205 83 65 474 96
24 392 120 427 319
258 273 52 111 170
461 43 176 158 165
76 376 328 202 162
150 428 137 405 67
449 201 5 356 256
289 482 135 233 347
309 365 126 352 292
403 189 55 140 499
241 327 242 293 390
430 298 228 420 267
400 136 207 357 387
401 3 214 82 23
490 494 334 163 115
341 275 61 442 296
455 491 268 49 218
493 391 112 303 306
166 456 447 146 330
333 97 426 345 209
360 90 118 145 259
183 59 459 489 326
205 83 65 474 96
24 392 120 427 319
258 273 52 111 170
461 43 176 158 165
76 376 328 202 162
150 428 137 405 67
449 201 5 356 256
289 482 135 233 347
309 365 126 352 292
211 217 394 373 8
403 189 55 140 499
241 327 242 293 390
430 298 228 420 267
400 136 207 357 387
401 3 214 82 23
490 494 334 163 115
341 275 61 442 296
455 491 268 49 218
493 391 112 303 306
166 456 447 146 330
333 97 426 345 209
360 90 118 145 259
183 59 459 489 326
205 83 65 474 96
24 392 120 427 319
258 273 52 111 170
461 43 176 158 165
76 376 328 202 162
150 428 137 405 67
449 201 5 356 256
289 482 135 233 347
309 365 126 352 292
211 217 394 373 8
486 466 383 72 349
403 189 55 140 499
241 327 242 293 390
430 298 228 420 267
400 136 207 357 387
401 3 214 82 23
490 494 334 163 115
341 275 61 442 296
455 491 268 49 218
493 391 112 303 306
166 456 447 146 330
333 97 426 345 209
360 90 118 145 259
183 59 459 489 326
205 83 65 474 96
24 392 120 427 319
258 273 52 111 170
461 43 176 158 165
76 376 328 202 162
150 428 137 405 67
449 201 5 356 256
289 482 135 233 347
309 365 126 352 292
211 217 394 373 8
486 466 383 72 349
38 33 249 71 418
403 189 55 140 499
241 327 242 293 390
430 298 228 420 267
400 136 207 357 387
401 3 214 82 23
490 494 334 163 115
341 275 61 442 296
455 491 268 49 218
493 391 112 303 306
166 456 447 146 330
333 97 426 345 209
360 90 118 145 259
183 59 459 489 326
205 83 65 474 96
24 392 120 427 319
258 273 52 111 170
461 43 176 158 165
76 376 328 202 162
150 428 137 405 67
449 201 5 356 256
289 482 135 233 347
309 365 126 352 292
211 217 394 373 8
486 466 383 72 349
38 33 249 71 418
238 41 121 45 168
403 189 55 140 499
241 327 242 293 390
430 298 228 420 267
400 136 207 357 387
401 3 214 82 23
490 494 334 163 115
341 275 61 442 296
455 491 268 49 218
493 391 112 303 306
166 456 447 146 330
333 97 426 345 209
360 90 118 145 259
183 59 459 489 326
205 83 65 474 96
24 392 120 427 319
258 273 52 111 170
461 43 176 158 165
76 376 328 202 162
150 428 137 405 67
449 201 5 356 256
289 482 135 233 347
309 365 126 352 292
211 217 394 373 8
486 466 383 72 349
38 33 249 71 418
238 41 121 45 168
103 388 232 288 276
403 189 55 140 499
241 327 242 293 390
430 298 228 420 267
400 136 207 357 387
401 3 214 82 23
490 494 334 163 115
341 275 61 442 296
455 491 268 49 218
493 391 112 303 306
166 456 447 146 330
333 97 426 345 209
360 90 118 145 259
183 59 459 489 326
205 83 65 474 96
24 392 120 427 319
258 273 52 111 170
461 43 176 158 165
76 376 328 202 162
150 428 137 405 67
449 201 5 356 256
289 482 135 233 347
309 365 126 352 292
211 217 394 373 8
486 466 383 72 349
38 33 249 71 418
238 41 121 45 168
103 388 232 288 276
313 240 471 86 279
403 189 55 140 499
241 327 242 293 390
430 298 228 420 267
400 136 207 357 387
401 3 214 82 23
490 494 334 163 115
341 275 61 442 296
455 491 268 49 218
493 391 112 303 306
166 456 447 146 330
333 97 426 345 209
360 90 118 145 259
183 59 459 489 326
205 83 65 474 96
24 392 120 427 319
258 273 52 111 170
461 43 176 158 165
76 376 328 202 162
150 428 137 405 67
449 201 5 356 256
289 482 135 233 347
309 365 126 352 292
211 217 394 373 8
486 466 383 72 349
38 33 249 71 418
238 41 121 45 168
103 388 232 288 276
313 240 471 86 279
125 224 464 161 369
403 189 55 140 499
241 327 242 293 390
430 298 228 420 267
400 136 207 357 387
401 3 214 82 23
490 494 334 163 115
341 275 61 442 296
455 491 268 49 218
493 391 112 303 306
166 456 447 146 330
333 97 426 345 209
360 90 118 145 259
183 59 459 489 326
205 83 65 474 96
24 392 120 427 319
258 273 52 111 170
461 43 176 158 165
76 376 328 202 162
150 428 137 405 67
449 201 5 356 256
289 482 135 233 347
309 365 126 352 292
211 217 394 373 8
486 466 383 72 349
38 33 249 71 418
238 41 121 45 168
103 388 232 288 276
313 240 471 86 279
125 224 464 161 369
413 425 84 414 295
403 189 55 140 499
241 327 242 293 390
430 298 228 420 267
400 136 207 357 387
401 3 214 82 23
490 494 334 163 115
341 275 61 442 296
455 491 268 49 218
493 391 112 303 306
166 456 447 146 330
333 97 426 345 209
360 90 118 145 259
183 59 459 489 326
205 83 65 474 96
24 392 120 427 319
258 273 52 111 170
461 43 176 158 165
76 376 328 202 162
150 428 137 405 67
449 201 5 356 256
289 482 135 233 347
309 365 126 352 292
211 217 394 373 8
486 466 383 72 349
38 33 249 71 418
238 41 121 45 168
103 388 232 288 276
313 240 471 86 279
125 224 464 161 369
413 425 84 414 295
66 188 155 110 42
403 189 55 140 499
241 327 242 293 390
430 298 228 420 267
400 136 207 357 387
401 3 214 82 23
490 494 334 163 115
341 275 61 442 296
455 491 268 49 218
493 391 112 303 306
166 456 447 146 330
333 97 426 345 209
360 90 118 145 259
183 59 459 489 326
205 83 65 474 96
24 392 120 427 319
258 273 52 111 170
461 43 176 158 165
76 376 328 202 162
150 428 137 405 67
449 201 5 356 256
289 482 135 233 347
309 365 126 352 292
211 217 394 373 8
486 466 383 72 349
38 33 249 71 418
238 41 121 45 168
103 388 232 288 276
313 240 471 86 279
125 224 464 161 369
413 425 84 414 295
66 188 155 110 42
32 393 252 194 13
403 189 55 140 499
241 327 242 293 390
430 298 228 420 267
400 136 207 357 387
401 3 214 82 23
490 494 334 163 115
341 275 61 442 296
455 491 268 49 218
493 391 112 303 306
166 456 447 146 330
333 97 426 345 209
360 90 118 145 259
183 59 459 489 326
205 83 65 474 96
24 392 120 427 319
258 273 52 111 170
461 43 176 158 165
76 376 328 202 162
150 428 137 405 67
449 201 5 356 256
289 482 135 233 347
309 365 126 352 292
211 217 394 373 8
486 466 383 72 349
38 33 249 71 418
238 41 121 45 168
103 388 232 288 276
313 240 471 86 279
125 224 464 161 369
413 425 84 414 295
66 188 155 110 42
32 393 252 194 13
436 448 441 133 348
403 189 55 140 499
241 327 242 293 390
430 298 228 420 267
400 136 207 357 387
401 3 214 82 23
490 494 334 163 115
341 275 61 442 296
455 491 268 49 218
493 391 112 303 306
166 456 447 146 330
333 97 426 345 209
360 90 118 145 259
183 59 459 489 326
205 83 65 474 96
24 392 120 427 319
258 273 52 111 170
461 43 176 158 165
76 376 328 202 162
150 428 137 405 67
449 201 5 356 256
289 482 135 233 347
309 365 126 352 292
211 217 394 373 8
486 466 383 72 349
38 33 249 71 418
238 41 121 45 168
103 388 232 288 276
313 240 471 86 279
125 224 464 161 369
413 425 84 414 295
66 188 155 110 42
32 393 252 194 13
436 448 441 133 348
457 299 62 186 138
403 189 55 140 499
241 327 242 293 390
430 298 228 420 267
400 136 207 357 387
401 3 214 82 23
490 494 334 163 115
341 275 61 442 296
455 491 268 49 218
493 391 112 303 306
166 456 447 146 330
333 97 426 345 209
360 90 118 145 259
183 59 459 489 326
205 83 65 474 96
24 392 120 427 319
258 273 52 111 170
461 43 176 158 165
76 376 328 202 162
150 428 137 405 67
449 201 5 356 256
289 482 135 233 347
309 365 126 352 292
211 217 394 373 8
486 466 383 72 349
38 33 249 71 418
238 41 121 45 168
103 388 232 288 276
313 240 471 86 279
125 224 464 161 369
413 425 84 414 295
66 188 155 110 42
32 393 252 194 13
436 448 441 133 348
457 299 62 186 138
1 492 398 280 331
403 189 55 140 499
241 327 242 293 390
430 298 228 420 267
400 136 207 357 387
401 3 214 82 23
490 494 334 163 115
341 275 61 442 296
455 491 268 49 218
493 391 112 303 306
166 456 447 146 330
333 97 426 345 209
360 90 118 145 259
183 59 459 489 326
205 83 65 474 96
24 392 120 427 319
258 273 52 111 170
461 43 176 158 165
76 376 328 202 162
150 428 137 405 67
449 201 5 356 256
289 482 135 233 347
309 365 126 352 292
211 217 394 373 8
486 466 383 72 349
38 33 249 71 418
238 41 121 45 168
103 388 232 288 276
313 240 471 86 279
125 224 464 161 369
413 425 84 414 295
66 188 155 110 42
32 393 252 194 13
436 448 441 133 348
457 299 62 186 138
1 492 398 280 331
18 100 181 230 337
403 189 55 140 499
241 327 242 293 390
430 298 228 420 267
400 136 207 357 387
401 3 214 82 23
490 494 334 163 115
341 275 61 442 296
455 491 268 49 218
493 391 112 303 306
166 456 447 146 330
333 97 426 345 209
360 90 118 145 259
183 59 459 489 326
205 83 65 474 96
24 392 120 427 319
258 273 52 111 170
461 43 176 158 165
76 376 328 202 162
150 428 137 405 67
449 201 5 356 256
289 482 135 233 347
309 365 126 352 292
211 217 394 373 8
486 466 383 72 349
38 33 249 71 418
238 41 121 45 168
103 388 232 288 276
313 240 471 86 279
125 224 464 161 369
413 425 84 414 295
66 188 155 110 42
32 393 252 194 13
436 448 441 133 348
457 299 62 186 138
1 492 398 280 331
18 100 181 230 337
9 320 127 416 372
403 189 55 140 499
241 327 242 293 390
430 298 228 420 267
400 136 207 357 387
401 3 214 82 23
490 494 334 163 115
341 275 61 442 296
455 491 268 49 218
493 391 112 303 306
166 456 447 146 330
333 97 426 345 209
360 90 118 145 259
183 59 459 489 326
205 83 65 474 96
24 392 120 427 319
258 273 52 111 170
461 43 176 158 165
76 376 328 202 162
150 428 137 405 67
449 201 5 356 256
289 482 135 233 347
309 365 126 352 292
211 217 394 373 8
486 466 383 72 349
38 33 249 71 418
238 41 121 45 168
103 388 232 288 276
313 240 471 86 279
125 224 464 161 369
413 425 84 414 295
66 188 155 110 42
32 393 252 194 13
436 448 441 133 348
457 299 62 186 138
1 492 398 280 331
18 100 181 230 337
9 320 127 416 372
26 421 446 415 39
403 189 55 140 499
241 327 242 293 390
430 298 228 420 267
400 136 207 357 387
401 3 214 82 23
490 494 334 163 115
341 275 61 442 296
455 491 268 49 218
493 391 112 303 306
166 456 447 146 330
333 97 426 345 209
360 90 118 145 259
183 59 459 489 326
205 83 65 474 96
24 392 120 427 319
258 273 52 111 170
461 43 176 158 165
76 376 328 202 162
150 428 137 405 67
449 201 5 356 256
289 482 135 233 347
309 365 126 352 292
211 217 394 373 8
486 466 383 72 349
38 33 249 71 418
238 41 121 45 168
103 388 232 288 276
313 240 471 86 279
125 224 464 161 369
413 425 84 414 295
66 188 155 110 42
32 393 252 194 13
436 448 441 133 348
457 299 62 186 138
1 492 398 280 331
18 100 181 230 337
9 320 127 416 372
26 421 446 415 39
197 353 389 362 64
403 189 55 140 499
241 327 242 293 390
430 298 228 420 267
400 136 207 357 387
401 3 214 82 23
490 494 334 163 115
341 275 61 442 296
455 491 268 49 218
493 391 112 303 306
166 456 447 146 330
333 97 426 345 209
360 90 118 145 259
183 59 459 489 326
205 83 65 474 96
24 392 120 427 319
258 273 52 111 170
461 43 176 158 165
76 376 328 202 162
150 428 137 405 67
449 201 5 356 256
289 482 135 233 347
309 365 126 352 292
211 217 394 373 8
486 466 383 72 349
38 33 249 71 418
238 41 121 45 168
103 388 232 288 276
313 240 471 86 279
125 224 464 161 369
413 425 84 414 295
66 188 155 110 42
32 393 252 194 13
436 448 441 133 348
457 299 62 186 138
1 492 398 280 331
18 100 181 230 337
9 320 127 416 372
26 421 446 415 39
197 353 389 362 64
132 69 119 281 128
403 189 55 140 499
241 327 242 293 390
430 298 228 420 267
400 136 207 357 387
401 3 214 82 23
490 494 334 163 115
341 275 61 442 296
455 491 268 49 218
493 391 112 303 306
166 456 447 146 330
333 97 426 345 209
360 90 118 145 259
183 59 459 489 326
205 83 65 474 96
24 392 120 427 319
258 273 52 111 170
461 43 176 158 165
76 376 328 202 162
150 428 137 405 67
449 201 5 356 256
289 482 135 233 347
309 365 126 352 292
211 217 394 373 8
486 466 383 72 349
38 33 249 71 418
238 41 121 45 168
103 388 232 288 276
313 240 471 86 279
125 224 464 161 369
413 425 84 414 295
66 188 155 110 42
32 393 252 194 13
436 448 441 133 348
457 299 62 186 138
1 492 398 280 331
18 100 181 230 337
9 320 127 416 372
26 421 446 415 39
197 353 389 362 64
132 69 119 281 128
153 177 16 261 234
403 189 55 140 499
241 327 242 293 390
430 298 228 420 267
400 136 207 357 387
401 3 214 82 23
490 494 334 163 115
341 275 61 442 296
455 491 268 49 218
493 391 112 303 306
166 456 447 146 330
333 97 426 345 209
360 90 118 145 259
183 59 459 489 326
205 83 65 474 96
24 392 120 427 319
258 273 52 111 170
461 43 176 158 165
76 376 328 202 162
150 428 137 405 67
449 201 5 356 256
289 482 135 233 347
309 365 126 352 292
211 217 394 373 8
486 466 383 72 349
38 33 249 71 418
238 41 121 45 168
103 388 232 288 276
313 240 471 86 279
125 224 464 161 369
413 425 84 414 295
66 188 155 110 42
32 393 252 194 13
436 448 441 133 348
457 299 62 186 138
1 492 398 280 331
18 100 181 230 337
9 320 127 416 372
26 421 446 415 39
197 353 389 362 64
132 69 119 281 128
153 177 16 261 234
472 399 434 199 139
403 189 55 140 499
241 327 242 293 390
430 298 228 420 267
400 136 207 357 387
401 3 214 82 23
490 494 334 163 115
341 275 61 442 296
455 491 268 49 218
493 391 112 303 306
166 456 447 146 330
333 97 426 345 209
360 90 118 145 259
183 59 459 489 326
205 83 65 474 96
24 392 120 427 319
258 273 52 111 170
461 43 176 158 165
76 376 328 202 162
150 428 137 405 67
449 201 5 356 256
289 482 135 233 347
309 365 126 352 292
211 217 394 373 8
486 466 383 72 349
38 33 249 71 418
238 41 121 45 168
103 388 232 288 276
313 240 471 86 279
125 224 464 161 369
413 425 84 414 295
66 188 155 110 42
32 393 252 194 13
436 448 441 133 348
457 299 62 186 138
1 492 398 280 331
18 100 181 230 337
9 320 127 416 372
26 421 446 415 39
197 353 389 362 64
132 69 119 281 128
153 177 16 261 234
472 399 434 199 139
4 443 410 215 375
403 189 55 140 499
241 327 242 293 390
430 298 228 420 267
400 136 207 357 387
401 3 214 82 23
490 494 334 163 115
341 275 61 442 296
455 491 268 49 218
493 391 112 303 306
166 456 447 146 330
333 97 426 345 209
360 90 118 145 259
183 59 459 489 326
205 83 65 474 96
24 392 120 427 319
258 273 52 111 170
461 43 176 158 165
76 376 328 202 162
150 428 137 405 67
449 201 5 356 256
289 482 135 233 347
309 365 126 352 292
211 217 394 373 8
486 466 383 72 349
38 33 249 71 418
238 41 121 45 168
103 388 232 288 276
313 240 471 86 279
125 224 464 161 369
413 425 84 414 295
66 188 155 110 42
32 393 252 194 13
436 448 441 133 348
457 299 62 186 138
1 492 398 280 331
18 100 181 230 337
9 320 127 416 372
26 421 446 415 39
197 353 389 362 64
132 69 119 281 128
153 177 16 261 234
472 399 434 199 139
4 443 410 215 375
130 290 283 286 54
403 189 55 140 499
241 327 242 293 390
430 298 228 420 267
400 136 207 357 387
401 3 214 82 23
490 494 334 163 115
341 275 61 442 296
455 491 268 49 218
493 391 112 303 306
166 456 447 146 330
333 97 426 345 209
360 90 118 145 259
183 59 459 489 326
205 83 65 474 96
24 392 120 427 319
258 273 52 111 170
461 43 176 158 165
76 376 328 202 162
150 428 137 405 67
449 201 5 356 256
289 482 135 233 347
309 365 126 352 292
211 217 394 373 8
486 466 383 72 349
38 33 249 71 418
238 41 121 45 168
103 388 232 288 276
313 240 471 86 279
125 224 464 161 369
413 425 84 414 295
66 188 155 110 42
32 393 252 194 13
436 448 441 133 348
457 299 62 186 138
1 492 398 280 331
18 100 181 230 337
9 320 127 416 372
26 421 446 415 39
197 353 389 362 64
132 69 119 281 128
153 177 16 261 234
472 399 434 199 139
4 443 410 215 375
130 290 283 286 54
497 363 46 487 439
403 189 55 140 499
241 327 242 293 390
430 298 228 420 267
400 136 207 357 387
401 3 214 82 23
490 494 334 163 115
341 275 61 442 296
455 491 268 49 218
493 391 112 303 306
166 456 447 146 330
333 97 426 345 209
360 90 118 145 259
183 59 459 489 326
205 83 65 474 96
24 392 120 427 319
258 273 52 111 170
461 43 176 158 165
76 376 328 202 162
150 428 137 405 67
449 201 5 356 256
289 482 135 233 347
309 365 126 352 292
211 217 394 373 8
486 466 383 72 349
38 33 249 71 418
238 41 121 45 168
103 388 232 288 276
313 240 471 86 279
125 224 464 161 369
413 425 84 414 295
66 188 155 110 42
32 393 252 194 13
436 448 441 133 348
457 299 62 186 138
1 492 398 280 331
18 100 181 230 337
9 320 127 416 372
26 421 446 415 39
197 353 389 362 64
132 69 119 281 128
153 177 16 261 234
472 399 434 199 139
4 443 410 215 375
130 290 283 286 54
497 363 46 487 439
164 235 231 417 22
403 189 55 140 499
241 327 242 293 390
430 298 228 420 267
400 136 207 357 387
401 3 214 82 23
490 494 334 163 115
341 275 61 442 296
455 491 268 49 218
493 391 112 303 306
166 456 447 146 330
333 97 426 345 209
360 90 118 145 259
183 59 459 489 326
205 83 65 474 96
24 392 120 427 319
258 273 52 111 170
461 43 176 158 165
76 376 328 202 162
150 428 137 405 67
449 201 5 356 256
289 482 135 233 347
309 365 126 352 292
211 217 394 373 8
486 466 383 72 349
38 33 249 71 418
238 41 121 45 168
103 388 232 288 276
313 240 471 86 279
125 224 464 161 369
413 425 84 414 295
66 188 155 110 42
32 393 252 194 13
436 448 441 133 348
457 299 62 186 138
1 492 398 280 331
18 100 181 230 337
9 320 127 416 372
26 421 446 415 39
197 353 389 362 64
132 69 119 281 128
153 177 16 261 234
472 399 434 199 139
4 443 410 215 375
130 290 283 286 54
497 363 46 487 439
164 235 231 417 22
7 257 6 422 318
403 189 55 140 499
241 327 242 293 390
430 298 228 420 267
400 136 207 357 387
401 3 214 82 23
490 494 334 163 115
341 275 61 442 296
455 491 268 49 218
493 391 112 303 306
166 456 447 146 330
333 97 426 345 209
360 90 118 145 259
183 59 459 489 326
205 83 65 474 96
24 392 120 427 319
258 273 52 111 170
461 43 176 158 165
76 376 328 202 162
150 428 137 405 67
449 201 5 356 256
289 482 135 233 347
309 365 126 352 292
211 217 394 373 8
486 466 383 72 349
38 33 249 71 418
238 41 121 45 168
103 388 232 288 276
313 240 471 86 279
125 224 464 161 369
413 425 84 414 295
66 188 155 110 42
32 393 252 194 13
436 448 441 133 348
457 299 62 186 138
1 492 398 280 331
18 100 181 230 337
9 320 127 416 372
26 421 446 415 39
197 353 389 362 64
132 69 119 281 128
153 177 16 261 234
472 399 434 199 139
4 443 410 215 375
130 290 283 286 54
497 363 46 487 439
164 235 231 417 22
7 257 6 422 318
301 271 465 297 37
403 189 55 140 499
241 327 242 293 390
430 298 228 420 267
400 136 207 357 387
401 3 214 82 23
490 494 334 163 115
341 275 61 442 296
455 491 268 49 218
493 391 112 303 306
166 456 447 146 330
333 97 426 345 209
360 90 118 145 259
183 59 459 489 326
205 83 65 474 96
24 392 120 427 319
258 273 52 111 170
461 43 176 158 165
76 376 328 202 162
150 428 137 405 67
449 201 5 356 256
289 482 135 233 347
309 365 126 352 292
211 217 394 373 8
486 466 383 72 349
38 33 249 71 418
238 41 121 45 168
103 388 232 288 276
313 240 471 86 279
125 224 464 161 369
413 425 84 414 295
66 188 155 110 42
32 393 252 194 13
436 448 441 133 348
457 299 62 186 138
1 492 398 280 331
18 100 181 230 337
9 320 127 416 372
26 421 446 415 39
197 353 389 362 64
132 69 119 281 128
153 177 16 261 234
472 399 434 199 139
4 443 410 215 375
130 290 283 286 54
497 363 46 487 439
164 235 231 417 22
7 257 6 422 318
301 271 465 297 37
264 50 108 409 75
403 189 55 140 499
241 327 242 293 390
430 298 228 420 267
400 136 207 357 387
401 3 214 82 23
490 494 334 163 115
341 275 61 442 296
455 491 268 49 218
493 391 112 303 306
166 456 447 146 330
333 97 426 345 209
360 90 118 145 259
183 59 459 489 326
205 83 65 474 96
24 392 120 427 319
258 273 52 111 170
461 43 176 158 165
76 376 328 202 162
150 428 137 405 67
449 201 5 356 256
289 482 135 233 347
309 365 126 352 292
211 217 394 373 8
486 466 383 72 349
38 33 249 71 418
238 41 121 45 168
103 388 232 288 276
313 240 471 86 279
125 224 464 161 369
413 425 84 414 295
66 188 155 110 42
32 393 252 194 13
436 448 441 133 348
457 299 62 186 138
1 492 398 280 331
18 100 181 230 337
9 320 127 416 372
26 421 446 415 39
197 353 389 362 64
132 69 119 281 128
153 177 16 261 234
472 399 434 199 139
4 443 410 215 375
130 290 283 286 54
497 363 46 487 439
164 235 231 417 22
7 257 6 422 318
301 271 465 297 37
264 50 108 409 75
396 212 141 91 354
