128 63
128 63
22 111
128 63
22 111
129 78
128 63
22 111
129 78
196 57
128 63
22 111
129 78
196 57
2 25
128 63
22 111
129 78
196 57
2 25
120 20
128 63
22 111
129 78
196 57
2 25
120 20
12 166
128 63
22 111
129 78
196 57
2 25
120 20
12 166
82 150
128 63
22 111
129 78
196 57
2 25
120 20
12 166
82 150
5 32
128 63
22 111
129 78
196 57
2 25
120 20
12 166
82 150
5 32
198 164
128 63
22 111
129 78
196 57
2 25
120 20
12 166
82 150
5 32
198 164
185 16
128 63
22 111
129 78
196 57
2 25
120 20
12 166
82 150
5 32
198 164
185 16
80 193
128 63
22 111
129 78
196 57
2 25
120 20
12 166
82 150
5 32
198 164
185 16
80 193
95 90
128 63
22 111
129 78
196 57
2 25
120 20
12 166
82 150
5 32
198 164
185 16
80 193
95 90
101 99
128 63
22 111
129 78
196 57
2 25
120 20
12 166
82 150
5 32
198 164
185 16
80 193
95 90
101 99
122 18
