89 64 118 106 63
89 64 118 106 63
178 12 41 158 186
89 64 118 106 63
178 12 41 158 186
102 82 80 103 168
89 64 118 106 63
178 12 41 158 186
102 82 80 103 168
68 167 144 98 85
89 64 118 106 63
178 12 41 158 186
102 82 80 103 168
68 167 144 98 85
121 153 171 140 127
89 64 118 106 63
178 12 41 158 186
102 82 80 103 168
68 167 144 98 85
121 153 171 140 127
70 148 11 152 52
89 64 118 106 63
178 12 41 158 186
102 82 80 103 168
68 167 144 98 85
121 153 171 140 127
70 148 11 152 52
194 105 187 93 45
89 64 118 106 63
178 12 41 158 186
102 82 80 103 168
68 167 144 98 85
121 153 171 140 127
70 148 11 152 52
194 105 187 93 45
132 84 19 27 36
89 64 118 106 63
178 12 41 158 186
102 82 80 103 168
68 167 144 98 85
121 153 171 140 127
70 148 11 152 52
194 105 187 93 45
132 84 19 27 36
32 86 24 13 95
89 64 118 106 63
178 12 41 158 186
102 82 80 103 168
68 167 144 98 85
121 153 171 140 127
70 148 11 152 52
194 105 187 93 45
132 84 19 27 36
32 86 24 13 95
28 149 176 57 55
89 64 118 106 63
178 12 41 158 186
102 82 80 103 168
68 167 144 98 85
121 153 171 140 127
70 148 11 152 52
194 105 187 93 45
132 84 19 27 36
32 86 24 13 95
28 149 176 57 55
101 30 151 164 2
89 64 118 106 63
178 12 41 158 186
102 82 80 103 168
68 167 144 98 85
121 153 171 140 127
70 148 11 152 52
194 105 187 93 45
132 84 19 27 36
32 86 24 13 95
28 149 176 57 55
101 30 151 164 2
109 126 40 48 117
89 64 118 106 63
178 12 41 158 186
102 82 80 103 168
68 167 144 98 85
121 153 171 140 127
70 148 11 152 52
194 105 187 93 45
132 84 19 27 36
32 86 24 13 95
28 149 176 57 55
101 30 151 164 2
109 126 40 48 117
130 33 197 179 133
89 64 118 106 63
178 12 41 158 186
102 82 80 103 168
68 167 144 98 85
121 153 171 140 127
70 148 11 152 52
194 105 187 93 45
132 84 19 27 36
32 86 24 13 95
28 149 176 57 55
101 30 151 164 2
109 126 40 48 117
130 33 197 179 133
129 73 51 107 87
89 64 118 106 63
178 12 41 158 186
102 82 80 103 168
68 167 144 98 85
121 153 171 140 127
70 148 11 152 52
194 105 187 93 45
132 84 19 27 36
32 86 24 13 95
28 149 176 57 55
101 30 151 164 2
109 126 40 48 117
130 33 197 179 133
129 73 51 107 87
142 119 74 5 31
89 64 118 106 63
178 12 41 158 186
102 82 80 103 168
68 167 144 98 85
121 153 171 140 127
70 148 11 152 52
194 105 187 93 45
132 84 19 27 36
32 86 24 13 95
28 149 176 57 55
101 30 151 164 2
109 126 40 48 117
130 33 197 179 133
129 73 51 107 87
142 119 74 5 31
111 23 16 97 147
89 64 118 106 63
178 12 41 158 186
102 82 80 103 168
68 167 144 98 85
121 153 171 140 127
70 148 11 152 52
194 105 187 93 45
132 84 19 27 36
32 86 24 13 95
28 149 176 57 55
101 30 151 164 2
109 126 40 48 117
130 33 197 179 133
129 73 51 107 87
142 119 74 5 31
111 23 16 97 147
104 136 139 42 170
89 64 118 106 63
178 12 41 158 186
102 82 80 103 168
68 167 144 98 85
121 153 171 140 127
70 148 11 152 52
194 105 187 93 45
132 84 19 27 36
32 86 24 13 95
28 149 176 57 55
101 30 151 164 2
109 126 40 48 117
130 33 197 179 133
129 73 51 107 87
142 119 74 5 31
111 23 16 97 147
104 136 139 42 170
49 10 135 9 199
89 64 118 106 63
178 12 41 158 186
102 82 80 103 168
68 167 144 98 85
121 153 171 140 127
70 148 11 152 52
194 105 187 93 45
132 84 19 27 36
32 86 24 13 95
28 149 176 57 55
101 30 151 164 2
109 126 40 48 117
130 33 197 179 133
129 73 51 107 87
142 119 74 5 31
111 23 16 97 147
104 136 139 42 170
49 10 135 9 199
175 78 172 191 137
89 64 118 106 63
178 12 41 158 186
102 82 80 103 168
68 167 144 98 85
121 153 171 140 127
70 148 11 152 52
194 105 187 93 45
132 84 19 27 36
32 86 24 13 95
28 149 176 57 55
101 30 151 164 2
109 126 40 48 117
130 33 197 179 133
129 73 51 107 87
142 119 74 5 31
111 23 16 97 147
104 136 139 42 170
49 10 135 9 199
175 78 172 191 137
38 183 50 131 44
