35 209 345 141 258
265 199 346 301 261
317 14 175 193 93
84 102 36 168 215
170 186 279 195 34
224 56 172 27 4
287 163 338 6 232
122 110 342 180 160
243 322 296 276 146
327 283 32 331 140
288 137 49 328 123
349 311 314 50 2
19 24 292 246 241
159 203 42 109 107
120 94 46 237 289
52 234 334 43 341
176 174 78 240 179
348 22 152 130 103
128 177 25 340 39
167 173 157 291 274
231 158 66 1 99
309 306 251 321 233
138 269 267 145 38
104 228 213 101 302
162 97 244 92 11
264 277 77 135 182
219 88 12 337 229
336 284 147 21 272
268 153 247 259 83
192 82 271 222 214
249 100 280 324 297
20 200 285 7 40
227 59 45 304 211
51 55 134 61 347
126 75 48 343 194
