111 211 407 353 165
111 211 407 353 165
445 420 172 462 63
111 211 407 353 165
445 420 172 462 63
96 306 321 132 447
111 211 407 353 165
445 420 172 462 63
96 306 321 132 447
458 279 270 307 393
111 211 407 353 165
445 420 172 462 63
96 306 321 132 447
458 279 270 307 393
410 227 146 52 490
111 211 407 353 165
445 420 172 462 63
96 306 321 132 447
458 279 270 307 393
410 227 146 52 490
248 244 387 246 153
111 211 407 353 165
445 420 172 462 63
96 306 321 132 447
458 279 270 307 393
410 227 146 52 490
248 244 387 246 153
259 240 110 112 469
111 211 407 353 165
445 420 172 462 63
96 306 321 132 447
458 279 270 307 393
410 227 146 52 490
248 244 387 246 153
259 240 110 112 469
141 76 369 422 354
111 211 407 353 165
445 420 172 462 63
96 306 321 132 447
458 279 270 307 393
410 227 146 52 490
248 244 387 246 153
259 240 110 112 469
141 76 369 422 354
373 283 179 336 27
111 211 407 353 165
445 420 172 462 63
96 306 321 132 447
458 279 270 307 393
410 227 146 52 490
248 244 387 246 153
259 240 110 112 469
141 76 369 422 354
373 283 179 336 27
480 485 185 149 400
111 211 407 353 165
445 420 172 462 63
96 306 321 132 447
458 279 270 307 393
410 227 146 52 490
248 244 387 246 153
259 240 110 112 469
141 76 369 422 354
373 283 179 336 27
480 485 185 149 400
453 18 280 388 275
111 211 407 353 165
445 420 172 462 63
96 306 321 132 447
458 279 270 307 393
410 227 146 52 490
248 244 387 246 153
259 240 110 112 469
141 76 369 422 354
373 283 179 336 27
480 485 185 149 400
453 18 280 388 275
340 471 314 284 305
111 211 407 353 165
445 420 172 462 63
96 306 321 132 447
458 279 270 307 393
410 227 146 52 490
248 244 387 246 153
259 240 110 112 469
141 76 369 422 354
373 283 179 336 27
480 485 185 149 400
453 18 280 388 275
340 471 314 284 305
277 451 62 114 207
111 211 407 353 165
445 420 172 462 63
96 306 321 132 447
458 279 270 307 393
410 227 146 52 490
248 244 387 246 153
259 240 110 112 469
141 76 369 422 354
373 283 179 336 27
480 485 185 149 400
453 18 280 388 275
340 471 314 284 305
277 451 62 114 207
476 236 24 434 487
111 211 407 353 165
445 420 172 462 63
96 306 321 132 447
458 279 270 307 393
410 227 146 52 490
248 244 387 246 153
259 240 110 112 469
141 76 369 422 354
373 283 179 336 27
480 485 185 149 400
453 18 280 388 275
340 471 314 284 305
277 451 62 114 207
476 236 24 434 487
278 390 318 118 352
111 211 407 353 165
445 420 172 462 63
96 306 321 132 447
458 279 270 307 393
410 227 146 52 490
248 244 387 246 153
259 240 110 112 469
141 76 369 422 354
373 283 179 336 27
480 485 185 149 400
453 18 280 388 275
340 471 314 284 305
277 451 62 114 207
476 236 24 434 487
278 390 318 118 352
235 308 421 135 85
111 211 407 353 165
445 420 172 462 63
96 306 321 132 447
458 279 270 307 393
410 227 146 52 490
248 244 387 246 153
259 240 110 112 469
141 76 369 422 354
373 283 179 336 27
480 485 185 149 400
453 18 280 388 275
340 471 314 284 305
277 451 62 114 207
476 236 24 434 487
278 390 318 118 352
235 308 421 135 85
363 395 128 286 347
111 211 407 353 165
445 420 172 462 63
96 306 321 132 447
458 279 270 307 393
410 227 146 52 490
248 244 387 246 153
259 240 110 112 469
141 76 369 422 354
373 283 179 336 27
480 485 185 149 400
453 18 280 388 275
340 471 314 284 305
277 451 62 114 207
476 236 24 434 487
278 390 318 118 352
235 308 421 135 85
363 395 128 286 347
345 436 215 317 245
111 211 407 353 165
445 420 172 462 63
96 306 321 132 447
458 279 270 307 393
410 227 146 52 490
248 244 387 246 153
259 240 110 112 469
141 76 369 422 354
373 283 179 336 27
480 485 185 149 400
453 18 280 388 275
340 471 314 284 305
277 451 62 114 207
476 236 24 434 487
278 390 318 118 352
235 308 421 135 85
363 395 128 286 347
345 436 215 317 245
456 90 274 262 428
111 211 407 353 165
445 420 172 462 63
96 306 321 132 447
458 279 270 307 393
410 227 146 52 490
248 244 387 246 153
259 240 110 112 469
141 76 369 422 354
373 283 179 336 27
480 485 185 149 400
453 18 280 388 275
340 471 314 284 305
277 451 62 114 207
476 236 24 434 487
278 390 318 118 352
235 308 421 135 85
363 395 128 286 347
345 436 215 317 245
456 90 274 262 428
13 53 161 493 381
111 211 407 353 165
445 420 172 462 63
96 306 321 132 447
458 279 270 307 393
410 227 146 52 490
248 244 387 246 153
259 240 110 112 469
141 76 369 422 354
373 283 179 336 27
480 485 185 149 400
453 18 280 388 275
340 471 314 284 305
277 451 62 114 207
476 236 24 434 487
278 390 318 118 352
235 308 421 135 85
363 395 128 286 347
345 436 215 317 245
456 90 274 262 428
13 53 161 493 381
35 180 166 479 89
111 211 407 353 165
445 420 172 462 63
96 306 321 132 447
458 279 270 307 393
410 227 146 52 490
248 244 387 246 153
259 240 110 112 469
141 76 369 422 354
373 283 179 336 27
480 485 185 149 400
453 18 280 388 275
340 471 314 284 305
277 451 62 114 207
476 236 24 434 487
278 390 318 118 352
235 308 421 135 85
363 395 128 286 347
345 436 215 317 245
456 90 274 262 428
13 53 161 493 381
35 180 166 479 89
226 397 22 239 331
111 211 407 353 165
445 420 172 462 63
96 306 321 132 447
458 279 270 307 393
410 227 146 52 490
248 244 387 246 153
259 240 110 112 469
141 76 369 422 354
373 283 179 336 27
480 485 185 149 400
453 18 280 388 275
340 471 314 284 305
277 451 62 114 207
476 236 24 434 487
278 390 318 118 352
235 308 421 135 85
363 395 128 286 347
345 436 215 317 245
456 90 274 262 428
13 53 161 493 381
35 180 166 479 89
226 397 22 239 331
489 234 256 104 298
111 211 407 353 165
445 420 172 462 63
96 306 321 132 447
458 279 270 307 393
410 227 146 52 490
248 244 387 246 153
259 240 110 112 469
141 76 369 422 354
373 283 179 336 27
480 485 185 149 400
453 18 280 388 275
340 471 314 284 305
277 451 62 114 207
476 236 24 434 487
278 390 318 118 352
235 308 421 135 85
363 395 128 286 347
345 436 215 317 245
456 90 274 262 428
13 53 161 493 381
35 180 166 479 89
226 397 22 239 331
489 234 256 104 298
69 86 196 225 282
111 211 407 353 165
445 420 172 462 63
96 306 321 132 447
458 279 270 307 393
410 227 146 52 490
248 244 387 246 153
259 240 110 112 469
141 76 369 422 354
373 283 179 336 27
480 485 185 149 400
453 18 280 388 275
340 471 314 284 305
277 451 62 114 207
476 236 24 434 487
278 390 318 118 352
235 308 421 135 85
363 395 128 286 347
345 436 215 317 245
456 90 274 262 428
13 53 161 493 381
35 180 166 479 89
226 397 22 239 331
489 234 256 104 298
69 86 196 225 282
188 300 219 464 109
111 211 407 353 165
445 420 172 462 63
96 306 321 132 447
458 279 270 307 393
410 227 146 52 490
248 244 387 246 153
259 240 110 112 469
141 76 369 422 354
373 283 179 336 27
480 485 185 149 400
453 18 280 388 275
340 471 314 284 305
277 451 62 114 207
476 236 24 434 487
278 390 318 118 352
235 308 421 135 85
363 395 128 286 347
345 436 215 317 245
456 90 274 262 428
13 53 161 493 381
35 180 166 479 89
226 397 22 239 331
489 234 256 104 298
69 86 196 225 282
188 300 219 464 109
313 299 394 285 375
111 211 407 353 165
445 420 172 462 63
96 306 321 132 447
458 279 270 307 393
410 227 146 52 490
248 244 387 246 153
259 240 110 112 469
141 76 369 422 354
373 283 179 336 27
480 485 185 149 400
453 18 280 388 275
340 471 314 284 305
277 451 62 114 207
476 236 24 434 487
278 390 318 118 352
235 308 421 135 85
363 395 128 286 347
345 436 215 317 245
456 90 274 262 428
13 53 161 493 381
35 180 166 479 89
226 397 22 239 331
489 234 256 104 298
69 86 196 225 282
188 300 219 464 109
313 299 394 285 375
134 351 465 73 206
111 211 407 353 165
445 420 172 462 63
96 306 321 132 447
458 279 270 307 393
410 227 146 52 490
248 244 387 246 153
259 240 110 112 469
141 76 369 422 354
373 283 179 336 27
480 485 185 149 400
453 18 280 388 275
340 471 314 284 305
277 451 62 114 207
476 236 24 434 487
278 390 318 118 352
235 308 421 135 85
363 395 128 286 347
345 436 215 317 245
456 90 274 262 428
13 53 161 493 381
35 180 166 479 89
226 397 22 239 331
489 234 256 104 298
69 86 196 225 282
188 300 219 464 109
313 299 394 285 375
134 351 465 73 206
229 119 402 460 330
111 211 407 353 165
445 420 172 462 63
96 306 321 132 447
458 279 270 307 393
410 227 146 52 490
248 244 387 246 153
259 240 110 112 469
141 76 369 422 354
373 283 179 336 27
480 485 185 149 400
453 18 280 388 275
340 471 314 284 305
277 451 62 114 207
476 236 24 434 487
278 390 318 118 352
235 308 421 135 85
363 395 128 286 347
345 436 215 317 245
456 90 274 262 428
13 53 161 493 381
35 180 166 479 89
226 397 22 239 331
489 234 256 104 298
69 86 196 225 282
188 300 219 464 109
313 299 394 285 375
134 351 465 73 206
229 119 402 460 330
481 260 437 177 488
111 211 407 353 165
445 420 172 462 63
96 306 321 132 447
458 279 270 307 393
410 227 146 52 490
248 244 387 246 153
259 240 110 112 469
141 76 369 422 354
373 283 179 336 27
480 485 185 149 400
453 18 280 388 275
340 471 314 284 305
277 451 62 114 207
476 236 24 434 487
278 390 318 118 352
235 308 421 135 85
363 395 128 286 347
345 436 215 317 245
456 90 274 262 428
13 53 161 493 381
35 180 166 479 89
226 397 22 239 331
489 234 256 104 298
69 86 196 225 282
188 300 219 464 109
313 299 394 285 375
134 351 465 73 206
229 119 402 460 330
481 260 437 177 488
68 409 446 120 91
111 211 407 353 165
445 420 172 462 63
96 306 321 132 447
458 279 270 307 393
410 227 146 52 490
248 244 387 246 153
259 240 110 112 469
141 76 369 422 354
373 283 179 336 27
480 485 185 149 400
453 18 280 388 275
340 471 314 284 305
277 451 62 114 207
476 236 24 434 487
278 390 318 118 352
235 308 421 135 85
363 395 128 286 347
345 436 215 317 245
456 90 274 262 428
13 53 161 493 381
35 180 166 479 89
226 397 22 239 331
489 234 256 104 298
69 86 196 225 282
188 300 219 464 109
313 299 394 285 375
134 351 465 73 206
229 119 402 460 330
481 260 437 177 488
68 409 446 120 91
209 194 322 200 116
111 211 407 353 165
445 420 172 462 63
96 306 321 132 447
458 279 270 307 393
410 227 146 52 490
248 244 387 246 153
259 240 110 112 469
141 76 369 422 354
373 283 179 336 27
480 485 185 149 400
453 18 280 388 275
340 471 314 284 305
277 451 62 114 207
476 236 24 434 487
278 390 318 118 352
235 308 421 135 85
363 395 128 286 347
345 436 215 317 245
456 90 274 262 428
13 53 161 493 381
35 180 166 479 89
226 397 22 239 331
489 234 256 104 298
69 86 196 225 282
188 300 219 464 109
313 299 394 285 375
134 351 465 73 206
229 119 402 460 330
481 260 437 177 488
68 409 446 120 91
209 194 322 200 116
361 212 175 392 302
111 211 407 353 165
445 420 172 462 63
96 306 321 132 447
458 279 270 307 393
410 227 146 52 490
248 244 387 246 153
259 240 110 112 469
141 76 369 422 354
373 283 179 336 27
480 485 185 149 400
453 18 280 388 275
340 471 314 284 305
277 451 62 114 207
476 236 24 434 487
278 390 318 118 352
235 308 421 135 85
363 395 128 286 347
345 436 215 317 245
456 90 274 262 428
13 53 161 493 381
35 180 166 479 89
226 397 22 239 331
489 234 256 104 298
69 86 196 225 282
188 300 219 464 109
313 299 394 285 375
134 351 465 73 206
229 119 402 460 330
481 260 437 177 488
68 409 446 120 91
209 194 322 200 116
361 212 175 392 302
329 170 160 414 93
111 211 407 353 165
445 420 172 462 63
96 306 321 132 447
458 279 270 307 393
410 227 146 52 490
248 244 387 246 153
259 240 110 112 469
141 76 369 422 354
373 283 179 336 27
480 485 185 149 400
453 18 280 388 275
340 471 314 284 305
277 451 62 114 207
476 236 24 434 487
278 390 318 118 352
235 308 421 135 85
363 395 128 286 347
345 436 215 317 245
456 90 274 262 428
13 53 161 493 381
35 180 166 479 89
226 397 22 239 331
489 234 256 104 298
69 86 196 225 282
188 300 219 464 109
313 299 394 285 375
134 351 465 73 206
229 119 402 460 330
481 260 437 177 488
68 409 446 120 91
209 194 322 200 116
361 212 175 392 302
329 170 160 414 93
121 37 95 435 154
111 211 407 353 165
445 420 172 462 63
96 306 321 132 447
458 279 270 307 393
410 227 146 52 490
248 244 387 246 153
259 240 110 112 469
141 76 369 422 354
373 283 179 336 27
480 485 185 149 400
453 18 280 388 275
340 471 314 284 305
277 451 62 114 207
476 236 24 434 487
278 390 318 118 352
235 308 421 135 85
363 395 128 286 347
345 436 215 317 245
456 90 274 262 428
13 53 161 493 381
35 180 166 479 89
226 397 22 239 331
489 234 256 104 298
69 86 196 225 282
188 300 219 464 109
313 299 394 285 375
134 351 465 73 206
229 119 402 460 330
481 260 437 177 488
68 409 446 120 91
209 194 322 200 116
361 212 175 392 302
329 170 160 414 93
121 37 95 435 154
266 426 125 102 311
111 211 407 353 165
445 420 172 462 63
96 306 321 132 447
458 279 270 307 393
410 227 146 52 490
248 244 387 246 153
259 240 110 112 469
141 76 369 422 354
373 283 179 336 27
480 485 185 149 400
453 18 280 388 275
340 471 314 284 305
277 451 62 114 207
476 236 24 434 487
278 390 318 118 352
235 308 421 135 85
363 395 128 286 347
345 436 215 317 245
456 90 274 262 428
13 53 161 493 381
35 180 166 479 89
226 397 22 239 331
489 234 256 104 298
69 86 196 225 282
188 300 219 464 109
313 299 394 285 375
134 351 465 73 206
229 119 402 460 330
481 260 437 177 488
68 409 446 120 91
209 194 322 200 116
361 212 175 392 302
329 170 160 414 93
121 37 95 435 154
266 426 125 102 311
216 412 19 379 41
111 211 407 353 165
445 420 172 462 63
96 306 321 132 447
458 279 270 307 393
410 227 146 52 490
248 244 387 246 153
259 240 110 112 469
141 76 369 422 354
373 283 179 336 27
480 485 185 149 400
453 18 280 388 275
340 471 314 284 305
277 451 62 114 207
476 236 24 434 487
278 390 318 118 352
235 308 421 135 85
363 395 128 286 347
345 436 215 317 245
456 90 274 262 428
13 53 161 493 381
35 180 166 479 89
226 397 22 239 331
489 234 256 104 298
69 86 196 225 282
188 300 219 464 109
313 299 394 285 375
134 351 465 73 206
229 119 402 460 330
481 260 437 177 488
68 409 446 120 91
209 194 322 200 116
361 212 175 392 302
329 170 160 414 93
121 37 95 435 154
266 426 125 102 311
216 412 19 379 41
54 408 268 195 449
111 211 407 353 165
445 420 172 462 63
96 306 321 132 447
458 279 270 307 393
410 227 146 52 490
248 244 387 246 153
259 240 110 112 469
141 76 369 422 354
373 283 179 336 27
480 485 185 149 400
453 18 280 388 275
340 471 314 284 305
277 451 62 114 207
476 236 24 434 487
278 390 318 118 352
235 308 421 135 85
363 395 128 286 347
345 436 215 317 245
456 90 274 262 428
13 53 161 493 381
35 180 166 479 89
226 397 22 239 331
489 234 256 104 298
69 86 196 225 282
188 300 219 464 109
313 299 394 285 375
134 351 465 73 206
229 119 402 460 330
481 260 437 177 488
68 409 446 120 91
209 194 322 200 116
361 212 175 392 302
329 170 160 414 93
121 37 95 435 154
266 426 125 102 311
216 412 19 379 41
54 408 268 195 449
243 359 126 247 455
111 211 407 353 165
445 420 172 462 63
96 306 321 132 447
458 279 270 307 393
410 227 146 52 490
248 244 387 246 153
259 240 110 112 469
141 76 369 422 354
373 283 179 336 27
480 485 185 149 400
453 18 280 388 275
340 471 314 284 305
277 451 62 114 207
476 236 24 434 487
278 390 318 118 352
235 308 421 135 85
363 395 128 286 347
345 436 215 317 245
456 90 274 262 428
13 53 161 493 381
35 180 166 479 89
226 397 22 239 331
489 234 256 104 298
69 86 196 225 282
188 300 219 464 109
313 299 394 285 375
134 351 465 73 206
229 119 402 460 330
481 260 437 177 488
68 409 446 120 91
209 194 322 200 116
361 212 175 392 302
329 170 160 414 93
121 37 95 435 154
266 426 125 102 311
216 412 19 379 41
54 408 268 195 449
243 359 126 247 455
50 386 459 55 47
111 211 407 353 165
445 420 172 462 63
96 306 321 132 447
458 279 270 307 393
410 227 146 52 490
248 244 387 246 153
259 240 110 112 469
141 76 369 422 354
373 283 179 336 27
480 485 185 149 400
453 18 280 388 275
340 471 314 284 305
277 451 62 114 207
476 236 24 434 487
278 390 318 118 352
235 308 421 135 85
363 395 128 286 347
345 436 215 317 245
456 90 274 262 428
13 53 161 493 381
35 180 166 479 89
226 397 22 239 331
489 234 256 104 298
69 86 196 225 282
188 300 219 464 109
313 299 394 285 375
134 351 465 73 206
229 119 402 460 330
481 260 437 177 488
68 409 446 120 91
209 194 322 200 116
361 212 175 392 302
329 170 160 414 93
121 37 95 435 154
266 426 125 102 311
216 412 19 379 41
54 408 268 195 449
243 359 126 247 455
50 386 459 55 47
389 310 31 4 127
111 211 407 353 165
445 420 172 462 63
96 306 321 132 447
458 279 270 307 393
410 227 146 52 490
248 244 387 246 153
259 240 110 112 469
141 76 369 422 354
373 283 179 336 27
480 485 185 149 400
453 18 280 388 275
340 471 314 284 305
277 451 62 114 207
476 236 24 434 487
278 390 318 118 352
235 308 421 135 85
363 395 128 286 347
345 436 215 317 245
456 90 274 262 428
13 53 161 493 381
35 180 166 479 89
226 397 22 239 331
489 234 256 104 298
69 86 196 225 282
188 300 219 464 109
313 299 394 285 375
134 351 465 73 206
229 119 402 460 330
481 260 437 177 488
68 409 446 120 91
209 194 322 200 116
361 212 175 392 302
329 170 160 414 93
121 37 95 435 154
266 426 125 102 311
216 412 19 379 41
54 408 268 195 449
243 359 126 247 455
50 386 459 55 47
389 310 31 4 127
251 404 186 34 496
111 211 407 353 165
445 420 172 462 63
96 306 321 132 447
458 279 270 307 393
410 227 146 52 490
248 244 387 246 153
259 240 110 112 469
141 76 369 422 354
373 283 179 336 27
480 485 185 149 400
453 18 280 388 275
340 471 314 284 305
277 451 62 114 207
476 236 24 434 487
278 390 318 118 352
235 308 421 135 85
363 395 128 286 347
345 436 215 317 245
456 90 274 262 428
13 53 161 493 381
35 180 166 479 89
226 397 22 239 331
489 234 256 104 298
69 86 196 225 282
188 300 219 464 109
313 299 394 285 375
134 351 465 73 206
229 119 402 460 330
481 260 437 177 488
68 409 446 120 91
209 194 322 200 116
361 212 175 392 302
329 170 160 414 93
121 37 95 435 154
266 426 125 102 311
216 412 19 379 41
54 408 268 195 449
243 359 126 247 455
50 386 459 55 47
389 310 31 4 127
251 404 186 34 496
418 255 129 131 210
111 211 407 353 165
445 420 172 462 63
96 306 321 132 447
458 279 270 307 393
410 227 146 52 490
248 244 387 246 153
259 240 110 112 469
141 76 369 422 354
373 283 179 336 27
480 485 185 149 400
453 18 280 388 275
340 471 314 284 305
277 451 62 114 207
476 236 24 434 487
278 390 318 118 352
235 308 421 135 85
363 395 128 286 347
345 436 215 317 245
456 90 274 262 428
13 53 161 493 381
35 180 166 479 89
226 397 22 239 331
489 234 256 104 298
69 86 196 225 282
188 300 219 464 109
313 299 394 285 375
134 351 465 73 206
229 119 402 460 330
481 260 437 177 488
68 409 446 120 91
209 194 322 200 116
361 212 175 392 302
329 170 160 414 93
121 37 95 435 154
266 426 125 102 311
216 412 19 379 41
54 408 268 195 449
243 359 126 247 455
50 386 459 55 47
389 310 31 4 127
251 404 186 34 496
418 255 129 131 210
57 113 56 122 70
111 211 407 353 165
445 420 172 462 63
96 306 321 132 447
458 279 270 307 393
410 227 146 52 490
248 244 387 246 153
259 240 110 112 469
141 76 369 422 354
373 283 179 336 27
480 485 185 149 400
453 18 280 388 275
340 471 314 284 305
277 451 62 114 207
476 236 24 434 487
278 390 318 118 352
235 308 421 135 85
363 395 128 286 347
345 436 215 317 245
456 90 274 262 428
13 53 161 493 381
35 180 166 479 89
226 397 22 239 331
489 234 256 104 298
69 86 196 225 282
188 300 219 464 109
313 299 394 285 375
134 351 465 73 206
229 119 402 460 330
481 260 437 177 488
68 409 446 120 91
209 194 322 200 116
361 212 175 392 302
329 170 160 414 93
121 37 95 435 154
266 426 125 102 311
216 412 19 379 41
54 408 268 195 449
243 359 126 247 455
50 386 459 55 47
389 310 31 4 127
251 404 186 34 496
418 255 129 131 210
57 113 56 122 70
482 297 11 81 429
111 211 407 353 165
445 420 172 462 63
96 306 321 132 447
458 279 270 307 393
410 227 146 52 490
248 244 387 246 153
259 240 110 112 469
141 76 369 422 354
373 283 179 336 27
480 485 185 149 400
453 18 280 388 275
340 471 314 284 305
277 451 62 114 207
476 236 24 434 487
278 390 318 118 352
235 308 421 135 85
363 395 128 286 347
345 436 215 317 245
456 90 274 262 428
13 53 161 493 381
35 180 166 479 89
226 397 22 239 331
489 234 256 104 298
69 86 196 225 282
188 300 219 464 109
313 299 394 285 375
134 351 465 73 206
229 119 402 460 330
481 260 437 177 488
68 409 446 120 91
209 194 322 200 116
361 212 175 392 302
329 170 160 414 93
121 37 95 435 154
266 426 125 102 311
216 412 19 379 41
54 408 268 195 449
243 359 126 247 455
50 386 459 55 47
389 310 31 4 127
251 404 186 34 496
418 255 129 131 210
57 113 56 122 70
482 297 11 81 429
423 327 273 75 98
111 211 407 353 165
445 420 172 462 63
96 306 321 132 447
458 279 270 307 393
410 227 146 52 490
248 244 387 246 153
259 240 110 112 469
141 76 369 422 354
373 283 179 336 27
480 485 185 149 400
453 18 280 388 275
340 471 314 284 305
277 451 62 114 207
476 236 24 434 487
278 390 318 118 352
235 308 421 135 85
363 395 128 286 347
345 436 215 317 245
456 90 274 262 428
13 53 161 493 381
35 180 166 479 89
226 397 22 239 331
489 234 256 104 298
69 86 196 225 282
188 300 219 464 109
313 299 394 285 375
134 351 465 73 206
229 119 402 460 330
481 260 437 177 488
68 409 446 120 91
209 194 322 200 116
361 212 175 392 302
329 170 160 414 93
121 37 95 435 154
266 426 125 102 311
216 412 19 379 41
54 408 268 195 449
243 359 126 247 455
50 386 459 55 47
389 310 31 4 127
251 404 186 34 496
418 255 129 131 210
57 113 56 122 70
482 297 11 81 429
423 327 273 75 98
467 159 199 242 272
111 211 407 353 165
445 420 172 462 63
96 306 321 132 447
458 279 270 307 393
410 227 146 52 490
248 244 387 246 153
259 240 110 112 469
141 76 369 422 354
373 283 179 336 27
480 485 185 149 400
453 18 280 388 275
340 471 314 284 305
277 451 62 114 207
476 236 24 434 487
278 390 318 118 352
235 308 421 135 85
363 395 128 286 347
345 436 215 317 245
456 90 274 262 428
13 53 161 493 381
35 180 166 479 89
226 397 22 239 331
489 234 256 104 298
69 86 196 225 282
188 300 219 464 109
313 299 394 285 375
134 351 465 73 206
229 119 402 460 330
481 260 437 177 488
68 409 446 120 91
209 194 322 200 116
361 212 175 392 302
329 170 160 414 93
121 37 95 435 154
266 426 125 102 311
216 412 19 379 41
54 408 268 195 449
243 359 126 247 455
50 386 459 55 47
389 310 31 4 127
251 404 186 34 496
418 255 129 131 210
57 113 56 122 70
482 297 11 81 429
423 327 273 75 98
467 159 199 242 272
303 107 101 432 138
111 211 407 353 165
445 420 172 462 63
96 306 321 132 447
458 279 270 307 393
410 227 146 52 490
248 244 387 246 153
259 240 110 112 469
141 76 369 422 354
373 283 179 336 27
480 485 185 149 400
453 18 280 388 275
340 471 314 284 305
277 451 62 114 207
476 236 24 434 487
278 390 318 118 352
235 308 421 135 85
363 395 128 286 347
345 436 215 317 245
456 90 274 262 428
13 53 161 493 381
35 180 166 479 89
226 397 22 239 331
489 234 256 104 298
69 86 196 225 282
188 300 219 464 109
313 299 394 285 375
134 351 465 73 206
229 119 402 460 330
481 260 437 177 488
68 409 446 120 91
209 194 322 200 116
361 212 175 392 302
329 170 160 414 93
121 37 95 435 154
266 426 125 102 311
216 412 19 379 41
54 408 268 195 449
243 359 126 247 455
50 386 459 55 47
389 310 31 4 127
251 404 186 34 496
418 255 129 131 210
57 113 56 122 70
482 297 11 81 429
423 327 273 75 98
467 159 199 242 272
303 107 101 432 138
222 452 349 97 499
111 211 407 353 165
445 420 172 462 63
96 306 321 132 447
458 279 270 307 393
410 227 146 52 490
248 244 387 246 153
259 240 110 112 469
141 76 369 422 354
373 283 179 336 27
480 485 185 149 400
453 18 280 388 275
340 471 314 284 305
277 451 62 114 207
476 236 24 434 487
278 390 318 118 352
235 308 421 135 85
363 395 128 286 347
345 436 215 317 245
456 90 274 262 428
13 53 161 493 381
35 180 166 479 89
226 397 22 239 331
489 234 256 104 298
69 86 196 225 282
188 300 219 464 109
313 299 394 285 375
134 351 465 73 206
229 119 402 460 330
481 260 437 177 488
68 409 446 120 91
209 194 322 200 116
361 212 175 392 302
329 170 160 414 93
121 37 95 435 154
266 426 125 102 311
216 412 19 379 41
54 408 268 195 449
243 359 126 247 455
50 386 459 55 47
389 310 31 4 127
251 404 186 34 496
418 255 129 131 210
57 113 56 122 70
482 297 11 81 429
423 327 273 75 98
467 159 199 242 272
303 107 101 432 138
222 452 349 97 499
103 187 483 152 328
111 211 407 353 165
445 420 172 462 63
96 306 321 132 447
458 279 270 307 393
410 227 146 52 490
248 244 387 246 153
259 240 110 112 469
141 76 369 422 354
373 283 179 336 27
480 485 185 149 400
453 18 280 388 275
340 471 314 284 305
277 451 62 114 207
476 236 24 434 487
278 390 318 118 352
235 308 421 135 85
363 395 128 286 347
345 436 215 317 245
456 90 274 262 428
13 53 161 493 381
35 180 166 479 89
226 397 22 239 331
489 234 256 104 298
69 86 196 225 282
188 300 219 464 109
313 299 394 285 375
134 351 465 73 206
229 119 402 460 330
481 260 437 177 488
68 409 446 120 91
209 194 322 200 116
361 212 175 392 302
329 170 160 414 93
121 37 95 435 154
266 426 125 102 311
216 412 19 379 41
54 408 268 195 449
243 359 126 247 455
50 386 459 55 47
389 310 31 4 127
251 404 186 34 496
418 255 129 131 210
57 113 56 122 70
482 297 11 81 429
423 327 273 75 98
467 159 199 242 272
303 107 101 432 138
222 452 349 97 499
103 187 483 152 328
431 83 164 173 324
