480 483 486 487 488
480 483 486 487 488
340 343 346 347 348
480 483 486 487 488
340 343 346 347 348
140 143 146 147 148
480 483 486 487 488
340 343 346 347 348
140 143 146 147 148
180 183 186 187 188
480 483 486 487 488
340 343 346 347 348
140 143 146 147 148
180 183 186 187 188
200 203 206 207 208
480 483 486 487 488
340 343 346 347 348
140 143 146 147 148
180 183 186 187 188
200 203 206 207 208
120 123 126 127 128
480 483 486 487 488
340 343 346 347 348
140 143 146 147 148
180 183 186 187 188
200 203 206 207 208
120 123 126 127 128
220 223 226 227 228
480 483 486 487 488
340 343 346 347 348
140 143 146 147 148
180 183 186 187 188
200 203 206 207 208
120 123 126 127 128
220 223 226 227 228
240 243 246 247 248
480 483 486 487 488
340 343 346 347 348
140 143 146 147 148
180 183 186 187 188
200 203 206 207 208
120 123 126 127 128
220 223 226 227 228
240 243 246 247 248
100 103 106 107 108
480 483 486 487 488
340 343 346 347 348
140 143 146 147 148
180 183 186 187 188
200 203 206 207 208
120 123 126 127 128
220 223 226 227 228
240 243 246 247 248
100 103 106 107 108
260 263 266 267 268
480 483 486 487 488
340 343 346 347 348
140 143 146 147 148
180 183 186 187 188
200 203 206 207 208
120 123 126 127 128
220 223 226 227 228
240 243 246 247 248
100 103 106 107 108
260 263 266 267 268
280 283 286 287 288
480 483 486 487 488
340 343 346 347 348
140 143 146 147 148
180 183 186 187 188
200 203 206 207 208
120 123 126 127 128
220 223 226 227 228
240 243 246 247 248
100 103 106 107 108
260 263 266 267 268
280 283 286 287 288
80 83 86 87 88
480 483 486 487 488
340 343 346 347 348
140 143 146 147 148
180 183 186 187 188
200 203 206 207 208
120 123 126 127 128
220 223 226 227 228
240 243 246 247 248
100 103 106 107 108
260 263 266 267 268
280 283 286 287 288
80 83 86 87 88
300 303 306 307 308
480 483 486 487 488
340 343 346 347 348
140 143 146 147 148
180 183 186 187 188
200 203 206 207 208
120 123 126 127 128
220 223 226 227 228
240 243 246 247 248
100 103 106 107 108
260 263 266 267 268
280 283 286 287 288
80 83 86 87 88
300 303 306 307 308
60 63 66 67 68
480 483 486 487 488
340 343 346 347 348
140 143 146 147 148
180 183 186 187 188
200 203 206 207 208
120 123 126 127 128
220 223 226 227 228
240 243 246 247 248
100 103 106 107 108
260 263 266 267 268
280 283 286 287 288
80 83 86 87 88
300 303 306 307 308
60 63 66 67 68
320 323 326 327 328
480 483 486 487 488
340 343 346 347 348
140 143 146 147 148
180 183 186 187 188
200 203 206 207 208
120 123 126 127 128
220 223 226 227 228
240 243 246 247 248
100 103 106 107 108
260 263 266 267 268
280 283 286 287 288
80 83 86 87 88
300 303 306 307 308
60 63 66 67 68
320 323 326 327 328
20 23 26 27 28
480 483 486 487 488
340 343 346 347 348
140 143 146 147 148
180 183 186 187 188
200 203 206 207 208
120 123 126 127 128
220 223 226 227 228
240 243 246 247 248
100 103 106 107 108
260 263 266 267 268
280 283 286 287 288
80 83 86 87 88
300 303 306 307 308
60 63 66 67 68
320 323 326 327 328
20 23 26 27 28
400 403 406 407 408
480 483 486 487 488
340 343 346 347 348
140 143 146 147 148
180 183 186 187 188
200 203 206 207 208
120 123 126 127 128
220 223 226 227 228
240 243 246 247 248
100 103 106 107 108
260 263 266 267 268
280 283 286 287 288
80 83 86 87 88
300 303 306 307 308
60 63 66 67 68
320 323 326 327 328
20 23 26 27 28
400 403 406 407 408
460 463 466 467 468
480 483 486 487 488
340 343 346 347 348
140 143 146 147 148
180 183 186 187 188
200 203 206 207 208
120 123 126 127 128
220 223 226 227 228
240 243 246 247 248
100 103 106 107 108
260 263 266 267 268
280 283 286 287 288
80 83 86 87 88
300 303 306 307 308
60 63 66 67 68
320 323 326 327 328
20 23 26 27 28
400 403 406 407 408
460 463 466 467 468
0 3 6 7 8
480 483 486 487 488
340 343 346 347 348
140 143 146 147 148
180 183 186 187 188
200 203 206 207 208
120 123 126 127 128
220 223 226 227 228
240 243 246 247 248
100 103 106 107 108
260 263 266 267 268
280 283 286 287 288
80 83 86 87 88
300 303 306 307 308
60 63 66 67 68
320 323 326 327 328
20 23 26 27 28
400 403 406 407 408
460 463 466 467 468
0 3 6 7 8
440 443 446 447 448
480 483 486 487 488
340 343 346 347 348
140 143 146 147 148
180 183 186 187 188
200 203 206 207 208
120 123 126 127 128
220 223 226 227 228
240 243 246 247 248
100 103 106 107 108
260 263 266 267 268
280 283 286 287 288
80 83 86 87 88
300 303 306 307 308
60 63 66 67 68
320 323 326 327 328
20 23 26 27 28
400 403 406 407 408
460 463 466 467 468
0 3 6 7 8
440 443 446 447 448
420 423 426 427 428
480 483 486 487 488
340 343 346 347 348
140 143 146 147 148
180 183 186 187 188
200 203 206 207 208
120 123 126 127 128
220 223 226 227 228
240 243 246 247 248
100 103 106 107 108
260 263 266 267 268
280 283 286 287 288
80 83 86 87 88
300 303 306 307 308
60 63 66 67 68
320 323 326 327 328
20 23 26 27 28
400 403 406 407 408
460 463 466 467 468
0 3 6 7 8
440 443 446 447 448
420 423 426 427 428
160 163 166 167 168
480 483 486 487 488
340 343 346 347 348
140 143 146 147 148
180 183 186 187 188
200 203 206 207 208
120 123 126 127 128
220 223 226 227 228
240 243 246 247 248
100 103 106 107 108
260 263 266 267 268
280 283 286 287 288
80 83 86 87 88
300 303 306 307 308
60 63 66 67 68
320 323 326 327 328
20 23 26 27 28
400 403 406 407 408
460 463 466 467 468
0 3 6 7 8
440 443 446 447 448
420 423 426 427 428
160 163 166 167 168
380 383 386 387 388
480 483 486 487 488
340 343 346 347 348
140 143 146 147 148
180 183 186 187 188
200 203 206 207 208
120 123 126 127 128
220 223 226 227 228
240 243 246 247 248
100 103 106 107 108
260 263 266 267 268
280 283 286 287 288
80 83 86 87 88
300 303 306 307 308
60 63 66 67 68
320 323 326 327 328
20 23 26 27 28
400 403 406 407 408
460 463 466 467 468
0 3 6 7 8
440 443 446 447 448
420 423 426 427 428
160 163 166 167 168
380 383 386 387 388
40 43 46 47 48
480 483 486 487 488
340 343 346 347 348
140 143 146 147 148
180 183 186 187 188
200 203 206 207 208
120 123 126 127 128
220 223 226 227 228
240 243 246 247 248
100 103 106 107 108
260 263 266 267 268
280 283 286 287 288
80 83 86 87 88
300 303 306 307 308
60 63 66 67 68
320 323 326 327 328
20 23 26 27 28
400 403 406 407 408
460 463 466 467 468
0 3 6 7 8
440 443 446 447 448
420 423 426 427 428
160 163 166 167 168
380 383 386 387 388
40 43 46 47 48
360 363 366 367 368
