2 208 264 36 428
34 342 186 120 10
364 126 380 176 216
64 382 432 82 412
68 346 40 152 210
394 140 268 132 446
6 388 56 392 226
104 122 308 350 326
146 472 370 102 456
424 240 18 24 480
348 32 196 260 256
316 184 340 124 314
134 224 324 398 100
374 282 336 48 94
434 114 354 470 325
373 30 254 154 442
431 296 26 318 494
445 416 76 46 192
151 16 320 352 108
155 202 62 358 288
183 292 92 440 496
133 44 200 262 166
301 182 174 138 252
447 116 298 168 236
347 300 410 266 106
165 406 306 238 384
351 362 438 180 372
181 78 0 230 52
223 212 150 310 286
232 195 220 482 190
481 98 242 366 278
439 284 302 20 136
198 170 243 22 258
171 344 128 386 452
41 294 214 322 88
51 276 222 70 280
25 74 436 142 244
429 156 408 490 274
327 422 90 60 270
39 50 130 484 462
487 468 474 356 476
43 466 204 148 339
461 228 118 206 379
5 27 304 312 464
28 418 303 15 420
402 218 390 273 179
37 272 383 426 360
407 397 414 458 290
185 376 248 84 161
453 49 460 285 35
