480 498 499 494 497
480 498 499 494 497
60 61 62 63 64
480 498 499 494 497
60 61 62 63 64
80 81 82 83 84
480 498 499 494 497
60 61 62 63 64
80 81 82 83 84
140 158 159 154 157
480 498 499 494 497
60 61 62 63 64
80 81 82 83 84
140 158 159 154 157
240 241 242 243 244
480 498 499 494 497
60 61 62 63 64
80 81 82 83 84
140 158 159 154 157
240 241 242 243 244
280 281 282 283 284
480 498 499 494 497
60 61 62 63 64
80 81 82 83 84
140 158 159 154 157
240 241 242 243 244
280 281 282 283 284
0 18 19 14 17
480 498 499 494 497
60 61 62 63 64
80 81 82 83 84
140 158 159 154 157
240 241 242 243 244
280 281 282 283 284
0 18 19 14 17
100 118 119 114 117
480 498 499 494 497
60 61 62 63 64
80 81 82 83 84
140 158 159 154 157
240 241 242 243 244
280 281 282 283 284
0 18 19 14 17
100 118 119 114 117
180 181 182 183 184
480 498 499 494 497
60 61 62 63 64
80 81 82 83 84
140 158 159 154 157
240 241 242 243 244
280 281 282 283 284
0 18 19 14 17
100 118 119 114 117
180 181 182 183 184
40 41 42 43 44
480 498 499 494 497
60 61 62 63 64
80 81 82 83 84
140 158 159 154 157
240 241 242 243 244
280 281 282 283 284
0 18 19 14 17
100 118 119 114 117
180 181 182 183 184
40 41 42 43 44
340 358 359 354 357
480 498 499 494 497
60 61 62 63 64
80 81 82 83 84
140 158 159 154 157
240 241 242 243 244
280 281 282 283 284
0 18 19 14 17
100 118 119 114 117
180 181 182 183 184
40 41 42 43 44
340 358 359 354 357
20 38 39 34 37
480 498 499 494 497
60 61 62 63 64
80 81 82 83 84
140 158 159 154 157
240 241 242 243 244
280 281 282 283 284
0 18 19 14 17
100 118 119 114 117
180 181 182 183 184
40 41 42 43 44
340 358 359 354 357
20 38 39 34 37
320 321 322 323 324
480 498 499 494 497
60 61 62 63 64
80 81 82 83 84
140 158 159 154 157
240 241 242 243 244
280 281 282 283 284
0 18 19 14 17
100 118 119 114 117
180 181 182 183 184
40 41 42 43 44
340 358 359 354 357
20 38 39 34 37
320 321 322 323 324
120 121 122 123 124
480 498 499 494 497
60 61 62 63 64
80 81 82 83 84
140 158 159 154 157
240 241 242 243 244
280 281 282 283 284
0 18 19 14 17
100 118 119 114 117
180 181 182 183 184
40 41 42 43 44
340 358 359 354 357
20 38 39 34 37
320 321 322 323 324
120 121 122 123 124
160 161 162 163 164
480 498 499 494 497
60 61 62 63 64
80 81 82 83 84
140 158 159 154 157
240 241 242 243 244
280 281 282 283 284
0 18 19 14 17
100 118 119 114 117
180 181 182 183 184
40 41 42 43 44
340 358 359 354 357
20 38 39 34 37
320 321 322 323 324
120 121 122 123 124
160 161 162 163 164
460 478 479 474 477
480 498 499 494 497
60 61 62 63 64
80 81 82 83 84
140 158 159 154 157
240 241 242 243 244
280 281 282 283 284
0 18 19 14 17
100 118 119 114 117
180 181 182 183 184
40 41 42 43 44
340 358 359 354 357
20 38 39 34 37
320 321 322 323 324
120 121 122 123 124
160 161 162 163 164
460 478 479 474 477
420 438 439 434 437
480 498 499 494 497
60 61 62 63 64
80 81 82 83 84
140 158 159 154 157
240 241 242 243 244
280 281 282 283 284
0 18 19 14 17
100 118 119 114 117
180 181 182 183 184
40 41 42 43 44
340 358 359 354 357
20 38 39 34 37
320 321 322 323 324
120 121 122 123 124
160 161 162 163 164
460 478 479 474 477
420 438 439 434 437
400 418 419 414 417
480 498 499 494 497
60 61 62 63 64
80 81 82 83 84
140 158 159 154 157
240 241 242 243 244
280 281 282 283 284
0 18 19 14 17
100 118 119 114 117
180 181 182 183 184
40 41 42 43 44
340 358 359 354 357
20 38 39 34 37
320 321 322 323 324
120 121 122 123 124
160 161 162 163 164
460 478 479 474 477
420 438 439 434 437
400 418 419 414 417
300 318 319 314 317
480 498 499 494 497
60 61 62 63 64
80 81 82 83 84
140 158 159 154 157
240 241 242 243 244
280 281 282 283 284
0 18 19 14 17
100 118 119 114 117
180 181 182 183 184
40 41 42 43 44
340 358 359 354 357
20 38 39 34 37
320 321 322 323 324
120 121 122 123 124
160 161 162 163 164
460 478 479 474 477
420 438 439 434 437
400 418 419 414 417
300 318 319 314 317
260 278 279 274 277
480 498 499 494 497
60 61 62 63 64
80 81 82 83 84
140 158 159 154 157
240 241 242 243 244
280 281 282 283 284
0 18 19 14 17
100 118 119 114 117
180 181 182 183 184
40 41 42 43 44
340 358 359 354 357
20 38 39 34 37
320 321 322 323 324
120 121 122 123 124
160 161 162 163 164
460 478 479 474 477
420 438 439 434 437
400 418 419 414 417
300 318 319 314 317
260 278 279 274 277
200 218 219 214 217
