361 499 129 338 67
361 499 129 338 67
17 469 118 216 193
361 499 129 338 67
17 469 118 216 193
165 470 405 97 38
361 499 129 338 67
17 469 118 216 193
165 470 405 97 38
315 368 75 240 13
361 499 129 338 67
17 469 118 216 193
165 470 405 97 38
315 368 75 240 13
126 271 83 154 3
361 499 129 338 67
17 469 118 216 193
165 470 405 97 38
315 368 75 240 13
126 271 83 154 3
402 237 114 202 156
361 499 129 338 67
17 469 118 216 193
165 470 405 97 38
315 368 75 240 13
126 271 83 154 3
402 237 114 202 156
30 174 86 228 23
361 499 129 338 67
17 469 118 216 193
165 470 405 97 38
315 368 75 240 13
126 271 83 154 3
402 237 114 202 156
30 174 86 228 23
122 378 242 374 400
361 499 129 338 67
17 469 118 216 193
165 470 405 97 38
315 368 75 240 13
126 271 83 154 3
402 237 114 202 156
30 174 86 228 23
122 378 242 374 400
305 24 169 0 341
361 499 129 338 67
17 469 118 216 193
165 470 405 97 38
315 368 75 240 13
126 271 83 154 3
402 237 114 202 156
30 174 86 228 23
122 378 242 374 400
305 24 169 0 341
1 365 314 488 403
361 499 129 338 67
17 469 118 216 193
165 470 405 97 38
315 368 75 240 13
126 271 83 154 3
402 237 114 202 156
30 174 86 228 23
122 378 242 374 400
305 24 169 0 341
1 365 314 488 403
190 326 192 110 406
361 499 129 338 67
17 469 118 216 193
165 470 405 97 38
315 368 75 240 13
126 271 83 154 3
402 237 114 202 156
30 174 86 228 23
122 378 242 374 400
305 24 169 0 341
1 365 314 488 403
190 326 192 110 406
194 369 227 473 155
361 499 129 338 67
17 469 118 216 193
165 470 405 97 38
315 368 75 240 13
126 271 83 154 3
402 237 114 202 156
30 174 86 228 23
122 378 242 374 400
305 24 169 0 341
1 365 314 488 403
190 326 192 110 406
194 369 227 473 155
482 28 444 120 199
361 499 129 338 67
17 469 118 216 193
165 470 405 97 38
315 368 75 240 13
126 271 83 154 3
402 237 114 202 156
30 174 86 228 23
122 378 242 374 400
305 24 169 0 341
1 365 314 488 403
190 326 192 110 406
194 369 227 473 155
482 28 444 120 199
213 411 468 94 134
361 499 129 338 67
17 469 118 216 193
165 470 405 97 38
315 368 75 240 13
126 271 83 154 3
402 237 114 202 156
30 174 86 228 23
122 378 242 374 400
305 24 169 0 341
1 365 314 488 403
190 326 192 110 406
194 369 227 473 155
482 28 444 120 199
213 411 468 94 134
448 329 423 404 343
361 499 129 338 67
17 469 118 216 193
165 470 405 97 38
315 368 75 240 13
126 271 83 154 3
402 237 114 202 156
30 174 86 228 23
122 378 242 374 400
305 24 169 0 341
1 365 314 488 403
190 326 192 110 406
194 369 227 473 155
482 28 444 120 199
213 411 468 94 134
448 329 423 404 343
256 389 224 196 14
361 499 129 338 67
17 469 118 216 193
165 470 405 97 38
315 368 75 240 13
126 271 83 154 3
402 237 114 202 156
30 174 86 228 23
122 378 242 374 400
305 24 169 0 341
1 365 314 488 403
190 326 192 110 406
194 369 227 473 155
482 28 444 120 199
213 411 468 94 134
448 329 423 404 343
256 389 224 196 14
51 332 74 82 322
361 499 129 338 67
17 469 118 216 193
165 470 405 97 38
315 368 75 240 13
126 271 83 154 3
402 237 114 202 156
30 174 86 228 23
122 378 242 374 400
305 24 169 0 341
1 365 314 488 403
190 326 192 110 406
194 369 227 473 155
482 28 444 120 199
213 411 468 94 134
448 329 423 404 343
256 389 224 196 14
51 332 74 82 322
358 353 379 166 80
361 499 129 338 67
17 469 118 216 193
165 470 405 97 38
315 368 75 240 13
126 271 83 154 3
402 237 114 202 156
30 174 86 228 23
122 378 242 374 400
305 24 169 0 341
1 365 314 488 403
190 326 192 110 406
194 369 227 473 155
482 28 444 120 199
213 411 468 94 134
448 329 423 404 343
256 389 224 196 14
51 332 74 82 322
358 353 379 166 80
425 223 366 388 15
361 499 129 338 67
17 469 118 216 193
165 470 405 97 38
315 368 75 240 13
126 271 83 154 3
402 237 114 202 156
30 174 86 228 23
122 378 242 374 400
305 24 169 0 341
1 365 314 488 403
190 326 192 110 406
194 369 227 473 155
482 28 444 120 199
213 411 468 94 134
448 329 423 404 343
256 389 224 196 14
51 332 74 82 322
358 353 379 166 80
425 223 366 388 15
296 234 16 277 485
361 499 129 338 67
17 469 118 216 193
165 470 405 97 38
315 368 75 240 13
126 271 83 154 3
402 237 114 202 156
30 174 86 228 23
122 378 242 374 400
305 24 169 0 341
1 365 314 488 403
190 326 192 110 406
194 369 227 473 155
482 28 444 120 199
213 411 468 94 134
448 329 423 404 343
256 389 224 196 14
51 332 74 82 322
358 353 379 166 80
425 223 366 388 15
296 234 16 277 485
459 170 135 106 220
361 499 129 338 67
17 469 118 216 193
165 470 405 97 38
315 368 75 240 13
126 271 83 154 3
402 237 114 202 156
30 174 86 228 23
122 378 242 374 400
305 24 169 0 341
1 365 314 488 403
190 326 192 110 406
194 369 227 473 155
482 28 444 120 199
213 411 468 94 134
448 329 423 404 343
256 389 224 196 14
51 332 74 82 322
358 353 379 166 80
425 223 366 388 15
296 234 16 277 485
459 170 135 106 220
267 221 262 125 479
361 499 129 338 67
17 469 118 216 193
165 470 405 97 38
315 368 75 240 13
126 271 83 154 3
402 237 114 202 156
30 174 86 228 23
122 378 242 374 400
305 24 169 0 341
1 365 314 488 403
190 326 192 110 406
194 369 227 473 155
482 28 444 120 199
213 411 468 94 134
448 329 423 404 343
256 389 224 196 14
51 332 74 82 322
358 353 379 166 80
425 223 366 388 15
296 234 16 277 485
459 170 135 106 220
267 221 262 125 479
27 328 250 398 298
361 499 129 338 67
17 469 118 216 193
165 470 405 97 38
315 368 75 240 13
126 271 83 154 3
402 237 114 202 156
30 174 86 228 23
122 378 242 374 400
305 24 169 0 341
1 365 314 488 403
190 326 192 110 406
194 369 227 473 155
482 28 444 120 199
213 411 468 94 134
448 329 423 404 343
256 389 224 196 14
51 332 74 82 322
358 353 379 166 80
425 223 366 388 15
296 234 16 277 485
459 170 135 106 220
267 221 262 125 479
27 328 250 398 298
336 148 207 138 273
361 499 129 338 67
17 469 118 216 193
165 470 405 97 38
315 368 75 240 13
126 271 83 154 3
402 237 114 202 156
30 174 86 228 23
122 378 242 374 400
305 24 169 0 341
1 365 314 488 403
190 326 192 110 406
194 369 227 473 155
482 28 444 120 199
213 411 468 94 134
448 329 423 404 343
256 389 224 196 14
51 332 74 82 322
358 353 379 166 80
425 223 366 388 15
296 234 16 277 485
459 170 135 106 220
267 221 262 125 479
27 328 250 398 298
336 148 207 138 273
230 113 41 494 189
361 499 129 338 67
17 469 118 216 193
165 470 405 97 38
315 368 75 240 13
126 271 83 154 3
402 237 114 202 156
30 174 86 228 23
122 378 242 374 400
305 24 169 0 341
1 365 314 488 403
190 326 192 110 406
194 369 227 473 155
482 28 444 120 199
213 411 468 94 134
448 329 423 404 343
256 389 224 196 14
51 332 74 82 322
358 353 379 166 80
425 223 366 388 15
296 234 16 277 485
459 170 135 106 220
267 221 262 125 479
27 328 250 398 298
336 148 207 138 273
230 113 41 494 189
320 449 222 19 421
361 499 129 338 67
17 469 118 216 193
165 470 405 97 38
315 368 75 240 13
126 271 83 154 3
402 237 114 202 156
30 174 86 228 23
122 378 242 374 400
305 24 169 0 341
1 365 314 488 403
190 326 192 110 406
194 369 227 473 155
482 28 444 120 199
213 411 468 94 134
448 329 423 404 343
256 389 224 196 14
51 332 74 82 322
358 353 379 166 80
425 223 366 388 15
296 234 16 277 485
459 170 135 106 220
267 221 262 125 479
27 328 250 398 298
336 148 207 138 273
230 113 41 494 189
320 449 222 19 421
409 246 386 453 280
361 499 129 338 67
17 469 118 216 193
165 470 405 97 38
315 368 75 240 13
126 271 83 154 3
402 237 114 202 156
30 174 86 228 23
122 378 242 374 400
305 24 169 0 341
1 365 314 488 403
190 326 192 110 406
194 369 227 473 155
482 28 444 120 199
213 411 468 94 134
448 329 423 404 343
256 389 224 196 14
51 332 74 82 322
358 353 379 166 80
425 223 366 388 15
296 234 16 277 485
459 170 135 106 220
267 221 262 125 479
27 328 250 398 298
336 148 207 138 273
230 113 41 494 189
320 449 222 19 421
409 246 386 453 280
151 167 150 301 139
361 499 129 338 67
17 469 118 216 193
165 470 405 97 38
315 368 75 240 13
126 271 83 154 3
402 237 114 202 156
30 174 86 228 23
122 378 242 374 400
305 24 169 0 341
1 365 314 488 403
190 326 192 110 406
194 369 227 473 155
482 28 444 120 199
213 411 468 94 134
448 329 423 404 343
256 389 224 196 14
51 332 74 82 322
358 353 379 166 80
425 223 366 388 15
296 234 16 277 485
459 170 135 106 220
267 221 262 125 479
27 328 250 398 298
336 148 207 138 273
230 113 41 494 189
320 449 222 19 421
409 246 386 453 280
151 167 150 301 139
260 225 168 226 420
361 499 129 338 67
17 469 118 216 193
165 470 405 97 38
315 368 75 240 13
126 271 83 154 3
402 237 114 202 156
30 174 86 228 23
122 378 242 374 400
305 24 169 0 341
1 365 314 488 403
190 326 192 110 406
194 369 227 473 155
482 28 444 120 199
213 411 468 94 134
448 329 423 404 343
256 389 224 196 14
51 332 74 82 322
358 353 379 166 80
425 223 366 388 15
296 234 16 277 485
459 170 135 106 220
267 221 262 125 479
27 328 250 398 298
336 148 207 138 273
230 113 41 494 189
320 449 222 19 421
409 246 386 453 280
151 167 150 301 139
260 225 168 226 420
255 331 359 84 302
361 499 129 338 67
17 469 118 216 193
165 470 405 97 38
315 368 75 240 13
126 271 83 154 3
402 237 114 202 156
30 174 86 228 23
122 378 242 374 400
305 24 169 0 341
1 365 314 488 403
190 326 192 110 406
194 369 227 473 155
482 28 444 120 199
213 411 468 94 134
448 329 423 404 343
256 389 224 196 14
51 332 74 82 322
358 353 379 166 80
425 223 366 388 15
296 234 16 277 485
459 170 135 106 220
267 221 262 125 479
27 328 250 398 298
336 148 207 138 273
230 113 41 494 189
320 449 222 19 421
409 246 386 453 280
151 167 150 301 139
260 225 168 226 420
255 331 359 84 302
119 6 317 152 232
361 499 129 338 67
17 469 118 216 193
165 470 405 97 38
315 368 75 240 13
126 271 83 154 3
402 237 114 202 156
30 174 86 228 23
122 378 242 374 400
305 24 169 0 341
1 365 314 488 403
190 326 192 110 406
194 369 227 473 155
482 28 444 120 199
213 411 468 94 134
448 329 423 404 343
256 389 224 196 14
51 332 74 82 322
358 353 379 166 80
425 223 366 388 15
296 234 16 277 485
459 170 135 106 220
267 221 262 125 479
27 328 250 398 298
336 148 207 138 273
230 113 41 494 189
320 449 222 19 421
409 246 386 453 280
151 167 150 301 139
260 225 168 226 420
255 331 359 84 302
119 6 317 152 232
392 363 334 457 438
361 499 129 338 67
17 469 118 216 193
165 470 405 97 38
315 368 75 240 13
126 271 83 154 3
402 237 114 202 156
30 174 86 228 23
122 378 242 374 400
305 24 169 0 341
1 365 314 488 403
190 326 192 110 406
194 369 227 473 155
482 28 444 120 199
213 411 468 94 134
448 329 423 404 343
256 389 224 196 14
51 332 74 82 322
358 353 379 166 80
425 223 366 388 15
296 234 16 277 485
459 170 135 106 220
267 221 262 125 479
27 328 250 398 298
336 148 207 138 273
230 113 41 494 189
320 449 222 19 421
409 246 386 453 280
151 167 150 301 139
260 225 168 226 420
255 331 359 84 302
119 6 317 152 232
392 363 334 457 438
124 495 339 149 354
361 499 129 338 67
17 469 118 216 193
165 470 405 97 38
315 368 75 240 13
126 271 83 154 3
402 237 114 202 156
30 174 86 228 23
122 378 242 374 400
305 24 169 0 341
1 365 314 488 403
190 326 192 110 406
194 369 227 473 155
482 28 444 120 199
213 411 468 94 134
448 329 423 404 343
256 389 224 196 14
51 332 74 82 322
358 353 379 166 80
425 223 366 388 15
296 234 16 277 485
459 170 135 106 220
267 221 262 125 479
27 328 250 398 298
336 148 207 138 273
230 113 41 494 189
320 449 222 19 421
409 246 386 453 280
151 167 150 301 139
260 225 168 226 420
255 331 359 84 302
119 6 317 152 232
392 363 334 457 438
124 495 339 149 354
20 127 430 380 187
361 499 129 338 67
17 469 118 216 193
165 470 405 97 38
315 368 75 240 13
126 271 83 154 3
402 237 114 202 156
30 174 86 228 23
122 378 242 374 400
305 24 169 0 341
1 365 314 488 403
190 326 192 110 406
194 369 227 473 155
482 28 444 120 199
213 411 468 94 134
448 329 423 404 343
256 389 224 196 14
51 332 74 82 322
358 353 379 166 80
425 223 366 388 15
296 234 16 277 485
459 170 135 106 220
267 221 262 125 479
27 328 250 398 298
336 148 207 138 273
230 113 41 494 189
320 449 222 19 421
409 246 386 453 280
151 167 150 301 139
260 225 168 226 420
255 331 359 84 302
119 6 317 152 232
392 363 334 457 438
124 495 339 149 354
20 127 430 380 187
268 4 200 128 454
361 499 129 338 67
17 469 118 216 193
165 470 405 97 38
315 368 75 240 13
126 271 83 154 3
402 237 114 202 156
30 174 86 228 23
122 378 242 374 400
305 24 169 0 341
1 365 314 488 403
190 326 192 110 406
194 369 227 473 155
482 28 444 120 199
213 411 468 94 134
448 329 423 404 343
256 389 224 196 14
51 332 74 82 322
358 353 379 166 80
425 223 366 388 15
296 234 16 277 485
459 170 135 106 220
267 221 262 125 479
27 328 250 398 298
336 148 207 138 273
230 113 41 494 189
320 449 222 19 421
409 246 386 453 280
151 167 150 301 139
260 225 168 226 420
255 331 359 84 302
119 6 317 152 232
392 363 334 457 438
124 495 339 149 354
20 127 430 380 187
268 4 200 128 454
463 233 229 105 12
361 499 129 338 67
17 469 118 216 193
165 470 405 97 38
315 368 75 240 13
126 271 83 154 3
402 237 114 202 156
30 174 86 228 23
122 378 242 374 400
305 24 169 0 341
1 365 314 488 403
190 326 192 110 406
194 369 227 473 155
482 28 444 120 199
213 411 468 94 134
448 329 423 404 343
256 389 224 196 14
51 332 74 82 322
358 353 379 166 80
425 223 366 388 15
296 234 16 277 485
459 170 135 106 220
267 221 262 125 479
27 328 250 398 298
336 148 207 138 273
230 113 41 494 189
320 449 222 19 421
409 246 386 453 280
151 167 150 301 139
260 225 168 226 420
255 331 359 84 302
119 6 317 152 232
392 363 334 457 438
124 495 339 149 354
20 127 430 380 187
268 4 200 128 454
463 233 229 105 12
184 377 101 205 466
361 499 129 338 67
17 469 118 216 193
165 470 405 97 38
315 368 75 240 13
126 271 83 154 3
402 237 114 202 156
30 174 86 228 23
122 378 242 374 400
305 24 169 0 341
1 365 314 488 403
190 326 192 110 406
194 369 227 473 155
482 28 444 120 199
213 411 468 94 134
448 329 423 404 343
256 389 224 196 14
51 332 74 82 322
358 353 379 166 80
425 223 366 388 15
296 234 16 277 485
459 170 135 106 220
267 221 262 125 479
27 328 250 398 298
336 148 207 138 273
230 113 41 494 189
320 449 222 19 421
409 246 386 453 280
151 167 150 301 139
260 225 168 226 420
255 331 359 84 302
119 6 317 152 232
392 363 334 457 438
124 495 339 149 354
20 127 430 380 187
268 4 200 128 454
463 233 229 105 12
184 377 101 205 466
36 93 60 397 89
361 499 129 338 67
17 469 118 216 193
165 470 405 97 38
315 368 75 240 13
126 271 83 154 3
402 237 114 202 156
30 174 86 228 23
122 378 242 374 400
305 24 169 0 341
1 365 314 488 403
190 326 192 110 406
194 369 227 473 155
482 28 444 120 199
213 411 468 94 134
448 329 423 404 343
256 389 224 196 14
51 332 74 82 322
358 353 379 166 80
425 223 366 388 15
296 234 16 277 485
459 170 135 106 220
267 221 262 125 479
27 328 250 398 298
336 148 207 138 273
230 113 41 494 189
320 449 222 19 421
409 246 386 453 280
151 167 150 301 139
260 225 168 226 420
255 331 359 84 302
119 6 317 152 232
392 363 334 457 438
124 495 339 149 354
20 127 430 380 187
268 4 200 128 454
463 233 229 105 12
184 377 101 205 466
36 93 60 397 89
162 181 141 356 288
361 499 129 338 67
17 469 118 216 193
165 470 405 97 38
315 368 75 240 13
126 271 83 154 3
402 237 114 202 156
30 174 86 228 23
122 378 242 374 400
305 24 169 0 341
1 365 314 488 403
190 326 192 110 406
194 369 227 473 155
482 28 444 120 199
213 411 468 94 134
448 329 423 404 343
256 389 224 196 14
51 332 74 82 322
358 353 379 166 80
425 223 366 388 15
296 234 16 277 485
459 170 135 106 220
267 221 262 125 479
27 328 250 398 298
336 148 207 138 273
230 113 41 494 189
320 449 222 19 421
409 246 386 453 280
151 167 150 301 139
260 225 168 226 420
255 331 359 84 302
119 6 317 152 232
392 363 334 457 438
124 495 339 149 354
20 127 430 380 187
268 4 200 128 454
463 233 229 105 12
184 377 101 205 466
36 93 60 397 89
162 181 141 356 288
144 52 375 245 394
361 499 129 338 67
17 469 118 216 193
165 470 405 97 38
315 368 75 240 13
126 271 83 154 3
402 237 114 202 156
30 174 86 228 23
122 378 242 374 400
305 24 169 0 341
1 365 314 488 403
190 326 192 110 406
194 369 227 473 155
482 28 444 120 199
213 411 468 94 134
448 329 423 404 343
256 389 224 196 14
51 332 74 82 322
358 353 379 166 80
425 223 366 388 15
296 234 16 277 485
459 170 135 106 220
267 221 262 125 479
27 328 250 398 298
336 148 207 138 273
230 113 41 494 189
320 449 222 19 421
409 246 386 453 280
151 167 150 301 139
260 225 168 226 420
255 331 359 84 302
119 6 317 152 232
392 363 334 457 438
124 495 339 149 354
20 127 430 380 187
268 4 200 128 454
463 233 229 105 12
184 377 101 205 466
36 93 60 397 89
162 181 141 356 288
144 52 375 245 394
117 486 261 116 419
361 499 129 338 67
17 469 118 216 193
165 470 405 97 38
315 368 75 240 13
126 271 83 154 3
402 237 114 202 156
30 174 86 228 23
122 378 242 374 400
305 24 169 0 341
1 365 314 488 403
190 326 192 110 406
194 369 227 473 155
482 28 444 120 199
213 411 468 94 134
448 329 423 404 343
256 389 224 196 14
51 332 74 82 322
358 353 379 166 80
425 223 366 388 15
296 234 16 277 485
459 170 135 106 220
267 221 262 125 479
27 328 250 398 298
336 148 207 138 273
230 113 41 494 189
320 449 222 19 421
409 246 386 453 280
151 167 150 301 139
260 225 168 226 420
255 331 359 84 302
119 6 317 152 232
392 363 334 457 438
124 495 339 149 354
20 127 430 380 187
268 4 200 128 454
463 233 229 105 12
184 377 101 205 466
36 93 60 397 89
162 181 141 356 288
144 52 375 245 394
117 486 261 116 419
265 77 90 8 307
361 499 129 338 67
17 469 118 216 193
165 470 405 97 38
315 368 75 240 13
126 271 83 154 3
402 237 114 202 156
30 174 86 228 23
122 378 242 374 400
305 24 169 0 341
1 365 314 488 403
190 326 192 110 406
194 369 227 473 155
482 28 444 120 199
213 411 468 94 134
448 329 423 404 343
256 389 224 196 14
51 332 74 82 322
358 353 379 166 80
425 223 366 388 15
296 234 16 277 485
459 170 135 106 220
267 221 262 125 479
27 328 250 398 298
336 148 207 138 273
230 113 41 494 189
320 449 222 19 421
409 246 386 453 280
151 167 150 301 139
260 225 168 226 420
255 331 359 84 302
119 6 317 152 232
392 363 334 457 438
124 495 339 149 354
20 127 430 380 187
268 4 200 128 454
463 233 229 105 12
184 377 101 205 466
36 93 60 397 89
162 181 141 356 288
144 52 375 245 394
117 486 261 116 419
265 77 90 8 307
203 371 299 241 11
361 499 129 338 67
17 469 118 216 193
165 470 405 97 38
315 368 75 240 13
126 271 83 154 3
402 237 114 202 156
30 174 86 228 23
122 378 242 374 400
305 24 169 0 341
1 365 314 488 403
190 326 192 110 406
194 369 227 473 155
482 28 444 120 199
213 411 468 94 134
448 329 423 404 343
256 389 224 196 14
51 332 74 82 322
358 353 379 166 80
425 223 366 388 15
296 234 16 277 485
459 170 135 106 220
267 221 262 125 479
27 328 250 398 298
336 148 207 138 273
230 113 41 494 189
320 449 222 19 421
409 246 386 453 280
151 167 150 301 139
260 225 168 226 420
255 331 359 84 302
119 6 317 152 232
392 363 334 457 438
124 495 339 149 354
20 127 430 380 187
268 4 200 128 454
463 233 229 105 12
184 377 101 205 466
36 93 60 397 89
162 181 141 356 288
144 52 375 245 394
117 486 261 116 419
265 77 90 8 307
203 371 299 241 11
290 161 179 91 239
361 499 129 338 67
17 469 118 216 193
165 470 405 97 38
315 368 75 240 13
126 271 83 154 3
402 237 114 202 156
30 174 86 228 23
122 378 242 374 400
305 24 169 0 341
1 365 314 488 403
190 326 192 110 406
194 369 227 473 155
482 28 444 120 199
213 411 468 94 134
448 329 423 404 343
256 389 224 196 14
51 332 74 82 322
358 353 379 166 80
425 223 366 388 15
296 234 16 277 485
459 170 135 106 220
267 221 262 125 479
27 328 250 398 298
336 148 207 138 273
230 113 41 494 189
320 449 222 19 421
409 246 386 453 280
151 167 150 301 139
260 225 168 226 420
255 331 359 84 302
119 6 317 152 232
392 363 334 457 438
124 495 339 149 354
20 127 430 380 187
268 4 200 128 454
463 233 229 105 12
184 377 101 205 466
36 93 60 397 89
162 181 141 356 288
144 52 375 245 394
117 486 261 116 419
265 77 90 8 307
203 371 299 241 11
290 161 179 91 239
259 145 376 275 487
361 499 129 338 67
17 469 118 216 193
165 470 405 97 38
315 368 75 240 13
126 271 83 154 3
402 237 114 202 156
30 174 86 228 23
122 378 242 374 400
305 24 169 0 341
1 365 314 488 403
190 326 192 110 406
194 369 227 473 155
482 28 444 120 199
213 411 468 94 134
448 329 423 404 343
256 389 224 196 14
51 332 74 82 322
358 353 379 166 80
425 223 366 388 15
296 234 16 277 485
459 170 135 106 220
267 221 262 125 479
27 328 250 398 298
336 148 207 138 273
230 113 41 494 189
320 449 222 19 421
409 246 386 453 280
151 167 150 301 139
260 225 168 226 420
255 331 359 84 302
119 6 317 152 232
392 363 334 457 438
124 495 339 149 354
20 127 430 380 187
268 4 200 128 454
463 233 229 105 12
184 377 101 205 466
36 93 60 397 89
162 181 141 356 288
144 52 375 245 394
117 486 261 116 419
265 77 90 8 307
203 371 299 241 11
290 161 179 91 239
259 145 376 275 487
48 436 460 244 324
361 499 129 338 67
17 469 118 216 193
165 470 405 97 38
315 368 75 240 13
126 271 83 154 3
402 237 114 202 156
30 174 86 228 23
122 378 242 374 400
305 24 169 0 341
1 365 314 488 403
190 326 192 110 406
194 369 227 473 155
482 28 444 120 199
213 411 468 94 134
448 329 423 404 343
256 389 224 196 14
51 332 74 82 322
358 353 379 166 80
425 223 366 388 15
296 234 16 277 485
459 170 135 106 220
267 221 262 125 479
27 328 250 398 298
336 148 207 138 273
230 113 41 494 189
320 449 222 19 421
409 246 386 453 280
151 167 150 301 139
260 225 168 226 420
255 331 359 84 302
119 6 317 152 232
392 363 334 457 438
124 495 339 149 354
20 127 430 380 187
268 4 200 128 454
463 233 229 105 12
184 377 101 205 466
36 93 60 397 89
162 181 141 356 288
144 52 375 245 394
117 486 261 116 419
265 77 90 8 307
203 371 299 241 11
290 161 179 91 239
259 145 376 275 487
48 436 460 244 324
417 254 34 76 178
361 499 129 338 67
17 469 118 216 193
165 470 405 97 38
315 368 75 240 13
126 271 83 154 3
402 237 114 202 156
30 174 86 228 23
122 378 242 374 400
305 24 169 0 341
1 365 314 488 403
190 326 192 110 406
194 369 227 473 155
482 28 444 120 199
213 411 468 94 134
448 329 423 404 343
256 389 224 196 14
51 332 74 82 322
358 353 379 166 80
425 223 366 388 15
296 234 16 277 485
459 170 135 106 220
267 221 262 125 479
27 328 250 398 298
336 148 207 138 273
230 113 41 494 189
320 449 222 19 421
409 246 386 453 280
151 167 150 301 139
260 225 168 226 420
255 331 359 84 302
119 6 317 152 232
392 363 334 457 438
124 495 339 149 354
20 127 430 380 187
268 4 200 128 454
463 233 229 105 12
184 377 101 205 466
36 93 60 397 89
162 181 141 356 288
144 52 375 245 394
117 486 261 116 419
265 77 90 8 307
203 371 299 241 11
290 161 179 91 239
259 145 376 275 487
48 436 460 244 324
417 254 34 76 178
437 395 188 121 66
361 499 129 338 67
17 469 118 216 193
165 470 405 97 38
315 368 75 240 13
126 271 83 154 3
402 237 114 202 156
30 174 86 228 23
122 378 242 374 400
305 24 169 0 341
1 365 314 488 403
190 326 192 110 406
194 369 227 473 155
482 28 444 120 199
213 411 468 94 134
448 329 423 404 343
256 389 224 196 14
51 332 74 82 322
358 353 379 166 80
425 223 366 388 15
296 234 16 277 485
459 170 135 106 220
267 221 262 125 479
27 328 250 398 298
336 148 207 138 273
230 113 41 494 189
320 449 222 19 421
409 246 386 453 280
151 167 150 301 139
260 225 168 226 420
255 331 359 84 302
119 6 317 152 232
392 363 334 457 438
124 495 339 149 354
20 127 430 380 187
268 4 200 128 454
463 233 229 105 12
184 377 101 205 466
36 93 60 397 89
162 181 141 356 288
144 52 375 245 394
117 486 261 116 419
265 77 90 8 307
203 371 299 241 11
290 161 179 91 239
259 145 376 275 487
48 436 460 244 324
417 254 34 76 178
437 395 188 121 66
426 496 401 287 37
361 499 129 338 67
17 469 118 216 193
165 470 405 97 38
315 368 75 240 13
126 271 83 154 3
402 237 114 202 156
30 174 86 228 23
122 378 242 374 400
305 24 169 0 341
1 365 314 488 403
190 326 192 110 406
194 369 227 473 155
482 28 444 120 199
213 411 468 94 134
448 329 423 404 343
256 389 224 196 14
51 332 74 82 322
358 353 379 166 80
425 223 366 388 15
296 234 16 277 485
459 170 135 106 220
267 221 262 125 479
27 328 250 398 298
336 148 207 138 273
230 113 41 494 189
320 449 222 19 421
409 246 386 453 280
151 167 150 301 139
260 225 168 226 420
255 331 359 84 302
119 6 317 152 232
392 363 334 457 438
124 495 339 149 354
20 127 430 380 187
268 4 200 128 454
463 233 229 105 12
184 377 101 205 466
36 93 60 397 89
162 181 141 356 288
144 52 375 245 394
117 486 261 116 419
265 77 90 8 307
203 371 299 241 11
290 161 179 91 239
259 145 376 275 487
48 436 460 244 324
417 254 34 76 178
437 395 188 121 66
426 496 401 287 37
467 310 257 147 478
