450 488 350 193 113
450 488 350 193 113
118 476 267 316 220
450 488 350 193 113
118 476 267 316 220
30 184 250 261 278
450 488 350 193 113
118 476 267 316 220
30 184 250 261 278
91 151 458 383 147
450 488 350 193 113
118 476 267 316 220
30 184 250 261 278
91 151 458 383 147
240 339 454 379 277
450 488 350 193 113
118 476 267 316 220
30 184 250 261 278
91 151 458 383 147
240 339 454 379 277
292 131 150 280 400
450 488 350 193 113
118 476 267 316 220
30 184 250 261 278
91 151 458 383 147
240 339 454 379 277
292 131 150 280 400
204 385 269 208 287
450 488 350 193 113
118 476 267 316 220
30 184 250 261 278
91 151 458 383 147
240 339 454 379 277
292 131 150 280 400
204 385 269 208 287
126 270 434 18 480
450 488 350 193 113
118 476 267 316 220
30 184 250 261 278
91 151 458 383 147
240 339 454 379 277
292 131 150 280 400
204 385 269 208 287
126 270 434 18 480
340 78 61 9 325
450 488 350 193 113
118 476 267 316 220
30 184 250 261 278
91 151 458 383 147
240 339 454 379 277
292 131 150 280 400
204 385 269 208 287
126 270 434 18 480
340 78 61 9 325
390 54 485 46 305
450 488 350 193 113
118 476 267 316 220
30 184 250 261 278
91 151 458 383 147
240 339 454 379 277
292 131 150 280 400
204 385 269 208 287
126 270 434 18 480
340 78 61 9 325
390 54 485 46 305
309 76 36 170 356
450 488 350 193 113
118 476 267 316 220
30 184 250 261 278
91 151 458 383 147
240 339 454 379 277
292 131 150 280 400
204 385 269 208 287
126 270 434 18 480
340 78 61 9 325
390 54 485 46 305
309 76 36 170 356
370 94 341 333 92
450 488 350 193 113
118 476 267 316 220
30 184 250 261 278
91 151 458 383 147
240 339 454 379 277
292 131 150 280 400
204 385 269 208 287
126 270 434 18 480
340 78 61 9 325
390 54 485 46 305
309 76 36 170 356
370 94 341 333 92
164 371 163 171 5
450 488 350 193 113
118 476 267 316 220
30 184 250 261 278
91 151 458 383 147
240 339 454 379 277
292 131 150 280 400
204 385 269 208 287
126 270 434 18 480
340 78 61 9 325
390 54 485 46 305
309 76 36 170 356
370 94 341 333 92
164 371 163 171 5
19 460 355 237 437
450 488 350 193 113
118 476 267 316 220
30 184 250 261 278
91 151 458 383 147
240 339 454 379 277
292 131 150 280 400
204 385 269 208 287
126 270 434 18 480
340 78 61 9 325
390 54 485 46 305
309 76 36 170 356
370 94 341 333 92
164 371 163 171 5
19 460 355 237 437
223 123 471 337 49
450 488 350 193 113
118 476 267 316 220
30 184 250 261 278
91 151 458 383 147
240 339 454 379 277
292 131 150 280 400
204 385 269 208 287
126 270 434 18 480
340 78 61 9 325
390 54 485 46 305
309 76 36 170 356
370 94 341 333 92
164 371 163 171 5
19 460 355 237 437
223 123 471 337 49
51 192 497 88 433
450 488 350 193 113
118 476 267 316 220
30 184 250 261 278
91 151 458 383 147
240 339 454 379 277
292 131 150 280 400
204 385 269 208 287
126 270 434 18 480
340 78 61 9 325
390 54 485 46 305
309 76 36 170 356
370 94 341 333 92
164 371 163 171 5
19 460 355 237 437
223 123 471 337 49
51 192 497 88 433
420 357 39 407 67
450 488 350 193 113
118 476 267 316 220
30 184 250 261 278
91 151 458 383 147
240 339 454 379 277
292 131 150 280 400
204 385 269 208 287
126 270 434 18 480
340 78 61 9 325
390 54 485 46 305
309 76 36 170 356
370 94 341 333 92
164 371 163 171 5
19 460 355 237 437
223 123 471 337 49
51 192 497 88 433
420 357 39 407 67
53 70 265 374 446
450 488 350 193 113
118 476 267 316 220
30 184 250 261 278
91 151 458 383 147
240 339 454 379 277
292 131 150 280 400
204 385 269 208 287
126 270 434 18 480
340 78 61 9 325
390 54 485 46 305
309 76 36 170 356
370 94 341 333 92
164 371 163 171 5
19 460 355 237 437
223 123 471 337 49
51 192 497 88 433
420 357 39 407 67
53 70 265 374 446
167 120 202 17 199
450 488 350 193 113
118 476 267 316 220
30 184 250 261 278
91 151 458 383 147
240 339 454 379 277
292 131 150 280 400
204 385 269 208 287
126 270 434 18 480
340 78 61 9 325
390 54 485 46 305
309 76 36 170 356
370 94 341 333 92
164 371 163 171 5
19 460 355 237 437
223 123 471 337 49
51 192 497 88 433
420 357 39 407 67
53 70 265 374 446
167 120 202 17 199
81 73 451 290 145
450 488 350 193 113
118 476 267 316 220
30 184 250 261 278
91 151 458 383 147
240 339 454 379 277
292 131 150 280 400
204 385 269 208 287
126 270 434 18 480
340 78 61 9 325
390 54 485 46 305
309 76 36 170 356
370 94 341 333 92
164 371 163 171 5
19 460 355 237 437
223 123 471 337 49
51 192 497 88 433
420 357 39 407 67
53 70 265 374 446
167 120 202 17 199
81 73 451 290 145
382 249 187 153 60
450 488 350 193 113
118 476 267 316 220
30 184 250 261 278
91 151 458 383 147
240 339 454 379 277
292 131 150 280 400
204 385 269 208 287
126 270 434 18 480
340 78 61 9 325
390 54 485 46 305
309 76 36 170 356
370 94 341 333 92
164 371 163 171 5
19 460 355 237 437
223 123 471 337 49
51 192 497 88 433
420 357 39 407 67
53 70 265 374 446
167 120 202 17 199
81 73 451 290 145
382 249 187 153 60
236 411 23 393 80
450 488 350 193 113
118 476 267 316 220
30 184 250 261 278
91 151 458 383 147
240 339 454 379 277
292 131 150 280 400
204 385 269 208 287
126 270 434 18 480
340 78 61 9 325
390 54 485 46 305
309 76 36 170 356
370 94 341 333 92
164 371 163 171 5
19 460 355 237 437
223 123 471 337 49
51 192 497 88 433
420 357 39 407 67
53 70 265 374 446
167 120 202 17 199
81 73 451 290 145
382 249 187 153 60
236 411 23 393 80
231 216 128 205 391
450 488 350 193 113
118 476 267 316 220
30 184 250 261 278
91 151 458 383 147
240 339 454 379 277
292 131 150 280 400
204 385 269 208 287
126 270 434 18 480
340 78 61 9 325
390 54 485 46 305
309 76 36 170 356
370 94 341 333 92
164 371 163 171 5
19 460 355 237 437
223 123 471 337 49
51 192 497 88 433
420 357 39 407 67
53 70 265 374 446
167 120 202 17 199
81 73 451 290 145
382 249 187 153 60
236 411 23 393 80
231 216 128 205 391
238 322 95 149 295
450 488 350 193 113
118 476 267 316 220
30 184 250 261 278
91 151 458 383 147
240 339 454 379 277
292 131 150 280 400
204 385 269 208 287
126 270 434 18 480
340 78 61 9 325
390 54 485 46 305
309 76 36 170 356
370 94 341 333 92
164 371 163 171 5
19 460 355 237 437
223 123 471 337 49
51 192 497 88 433
420 357 39 407 67
53 70 265 374 446
167 120 202 17 199
81 73 451 290 145
382 249 187 153 60
236 411 23 393 80
231 216 128 205 391
238 322 95 149 295
403 398 121 195 47
450 488 350 193 113
118 476 267 316 220
30 184 250 261 278
91 151 458 383 147
240 339 454 379 277
292 131 150 280 400
204 385 269 208 287
126 270 434 18 480
340 78 61 9 325
390 54 485 46 305
309 76 36 170 356
370 94 341 333 92
164 371 163 171 5
19 460 355 237 437
223 123 471 337 49
51 192 497 88 433
420 357 39 407 67
53 70 265 374 446
167 120 202 17 199
81 73 451 290 145
382 249 187 153 60
236 411 23 393 80
231 216 128 205 391
238 322 95 149 295
403 398 121 195 47
182 360 93 125 472
450 488 350 193 113
118 476 267 316 220
30 184 250 261 278
91 151 458 383 147
240 339 454 379 277
292 131 150 280 400
204 385 269 208 287
126 270 434 18 480
340 78 61 9 325
390 54 485 46 305
309 76 36 170 356
370 94 341 333 92
164 371 163 171 5
19 460 355 237 437
223 123 471 337 49
51 192 497 88 433
420 357 39 407 67
53 70 265 374 446
167 120 202 17 199
81 73 451 290 145
382 249 187 153 60
236 411 23 393 80
231 216 128 205 391
238 322 95 149 295
403 398 121 195 47
182 360 93 125 472
435 486 189 396 324
450 488 350 193 113
118 476 267 316 220
30 184 250 261 278
91 151 458 383 147
240 339 454 379 277
292 131 150 280 400
204 385 269 208 287
126 270 434 18 480
340 78 61 9 325
390 54 485 46 305
309 76 36 170 356
370 94 341 333 92
164 371 163 171 5
19 460 355 237 437
223 123 471 337 49
51 192 497 88 433
420 357 39 407 67
53 70 265 374 446
167 120 202 17 199
81 73 451 290 145
382 249 187 153 60
236 411 23 393 80
231 216 128 205 391
238 322 95 149 295
403 398 121 195 47
182 360 93 125 472
435 486 189 396 324
198 10 260 342 112
450 488 350 193 113
118 476 267 316 220
30 184 250 261 278
91 151 458 383 147
240 339 454 379 277
292 131 150 280 400
204 385 269 208 287
126 270 434 18 480
340 78 61 9 325
390 54 485 46 305
309 76 36 170 356
370 94 341 333 92
164 371 163 171 5
19 460 355 237 437
223 123 471 337 49
51 192 497 88 433
420 357 39 407 67
53 70 265 374 446
167 120 202 17 199
81 73 451 290 145
382 249 187 153 60
236 411 23 393 80
231 216 128 205 391
238 322 95 149 295
403 398 121 195 47
182 360 93 125 472
435 486 189 396 324
198 10 260 342 112
275 177 89 445 65
450 488 350 193 113
118 476 267 316 220
30 184 250 261 278
91 151 458 383 147
240 339 454 379 277
292 131 150 280 400
204 385 269 208 287
126 270 434 18 480
340 78 61 9 325
390 54 485 46 305
309 76 36 170 356
370 94 341 333 92
164 371 163 171 5
19 460 355 237 437
223 123 471 337 49
51 192 497 88 433
420 357 39 407 67
53 70 265 374 446
167 120 202 17 199
81 73 451 290 145
382 249 187 153 60
236 411 23 393 80
231 216 128 205 391
238 322 95 149 295
403 398 121 195 47
182 360 93 125 472
435 486 189 396 324
198 10 260 342 112
275 177 89 445 65
332 75 430 414 399
450 488 350 193 113
118 476 267 316 220
30 184 250 261 278
91 151 458 383 147
240 339 454 379 277
292 131 150 280 400
204 385 269 208 287
126 270 434 18 480
340 78 61 9 325
390 54 485 46 305
309 76 36 170 356
370 94 341 333 92
164 371 163 171 5
19 460 355 237 437
223 123 471 337 49
51 192 497 88 433
420 357 39 407 67
53 70 265 374 446
167 120 202 17 199
81 73 451 290 145
382 249 187 153 60
236 411 23 393 80
231 216 128 205 391
238 322 95 149 295
403 398 121 195 47
182 360 93 125 472
435 486 189 396 324
198 10 260 342 112
275 177 89 445 65
332 75 430 414 399
124 495 262 207 129
450 488 350 193 113
118 476 267 316 220
30 184 250 261 278
91 151 458 383 147
240 339 454 379 277
292 131 150 280 400
204 385 269 208 287
126 270 434 18 480
340 78 61 9 325
390 54 485 46 305
309 76 36 170 356
370 94 341 333 92
164 371 163 171 5
19 460 355 237 437
223 123 471 337 49
51 192 497 88 433
420 357 39 407 67
53 70 265 374 446
167 120 202 17 199
81 73 451 290 145
382 249 187 153 60
236 411 23 393 80
231 216 128 205 391
238 322 95 149 295
403 398 121 195 47
182 360 93 125 472
435 486 189 396 324
198 10 260 342 112
275 177 89 445 65
332 75 430 414 399
124 495 262 207 129
190 284 410 50 319
450 488 350 193 113
118 476 267 316 220
30 184 250 261 278
91 151 458 383 147
240 339 454 379 277
292 131 150 280 400
204 385 269 208 287
126 270 434 18 480
340 78 61 9 325
390 54 485 46 305
309 76 36 170 356
370 94 341 333 92
164 371 163 171 5
19 460 355 237 437
223 123 471 337 49
51 192 497 88 433
420 357 39 407 67
53 70 265 374 446
167 120 202 17 199
81 73 451 290 145
382 249 187 153 60
236 411 23 393 80
231 216 128 205 391
238 322 95 149 295
403 398 121 195 47
182 360 93 125 472
435 486 189 396 324
198 10 260 342 112
275 177 89 445 65
332 75 430 414 399
124 495 262 207 129
190 284 410 50 319
28 215 470 104 221
450 488 350 193 113
118 476 267 316 220
30 184 250 261 278
91 151 458 383 147
240 339 454 379 277
292 131 150 280 400
204 385 269 208 287
126 270 434 18 480
340 78 61 9 325
390 54 485 46 305
309 76 36 170 356
370 94 341 333 92
164 371 163 171 5
19 460 355 237 437
223 123 471 337 49
51 192 497 88 433
420 357 39 407 67
53 70 265 374 446
167 120 202 17 199
81 73 451 290 145
382 249 187 153 60
236 411 23 393 80
231 216 128 205 391
238 322 95 149 295
403 398 121 195 47
182 360 93 125 472
435 486 189 396 324
198 10 260 342 112
275 177 89 445 65
332 75 430 414 399
124 495 262 207 129
190 284 410 50 319
28 215 470 104 221
487 217 392 100 344
450 488 350 193 113
118 476 267 316 220
30 184 250 261 278
91 151 458 383 147
240 339 454 379 277
292 131 150 280 400
204 385 269 208 287
126 270 434 18 480
340 78 61 9 325
390 54 485 46 305
309 76 36 170 356
370 94 341 333 92
164 371 163 171 5
19 460 355 237 437
223 123 471 337 49
51 192 497 88 433
420 357 39 407 67
53 70 265 374 446
167 120 202 17 199
81 73 451 290 145
382 249 187 153 60
236 411 23 393 80
231 216 128 205 391
238 322 95 149 295
403 398 121 195 47
182 360 93 125 472
435 486 189 396 324
198 10 260 342 112
275 177 89 445 65
332 75 430 414 399
124 495 262 207 129
190 284 410 50 319
28 215 470 104 221
487 217 392 100 344
297 289 449 417 248
450 488 350 193 113
118 476 267 316 220
30 184 250 261 278
91 151 458 383 147
240 339 454 379 277
292 131 150 280 400
204 385 269 208 287
126 270 434 18 480
340 78 61 9 325
390 54 485 46 305
309 76 36 170 356
370 94 341 333 92
164 371 163 171 5
19 460 355 237 437
223 123 471 337 49
51 192 497 88 433
420 357 39 407 67
53 70 265 374 446
167 120 202 17 199
81 73 451 290 145
382 249 187 153 60
236 411 23 393 80
231 216 128 205 391
238 322 95 149 295
403 398 121 195 47
182 360 93 125 472
435 486 189 396 324
198 10 260 342 112
275 177 89 445 65
332 75 430 414 399
124 495 262 207 129
190 284 410 50 319
28 215 470 104 221
487 217 392 100 344
297 289 449 417 248
422 467 138 401 462
450 488 350 193 113
118 476 267 316 220
30 184 250 261 278
91 151 458 383 147
240 339 454 379 277
292 131 150 280 400
204 385 269 208 287
126 270 434 18 480
340 78 61 9 325
390 54 485 46 305
309 76 36 170 356
370 94 341 333 92
164 371 163 171 5
19 460 355 237 437
223 123 471 337 49
51 192 497 88 433
420 357 39 407 67
53 70 265 374 446
167 120 202 17 199
81 73 451 290 145
382 249 187 153 60
236 411 23 393 80
231 216 128 205 391
238 322 95 149 295
403 398 121 195 47
182 360 93 125 472
435 486 189 396 324
198 10 260 342 112
275 177 89 445 65
332 75 430 414 399
124 495 262 207 129
190 284 410 50 319
28 215 470 104 221
487 217 392 100 344
297 289 449 417 248
422 467 138 401 462
426 490 308 55 492
450 488 350 193 113
118 476 267 316 220
30 184 250 261 278
91 151 458 383 147
240 339 454 379 277
292 131 150 280 400
204 385 269 208 287
126 270 434 18 480
340 78 61 9 325
390 54 485 46 305
309 76 36 170 356
370 94 341 333 92
164 371 163 171 5
19 460 355 237 437
223 123 471 337 49
51 192 497 88 433
420 357 39 407 67
53 70 265 374 446
167 120 202 17 199
81 73 451 290 145
382 249 187 153 60
236 411 23 393 80
231 216 128 205 391
238 322 95 149 295
403 398 121 195 47
182 360 93 125 472
435 486 189 396 324
198 10 260 342 112
275 177 89 445 65
332 75 430 414 399
124 495 262 207 129
190 284 410 50 319
28 215 470 104 221
487 217 392 100 344
297 289 449 417 248
422 467 138 401 462
426 490 308 55 492
369 115 307 388 146
450 488 350 193 113
118 476 267 316 220
30 184 250 261 278
91 151 458 383 147
240 339 454 379 277
292 131 150 280 400
204 385 269 208 287
126 270 434 18 480
340 78 61 9 325
390 54 485 46 305
309 76 36 170 356
370 94 341 333 92
164 371 163 171 5
19 460 355 237 437
223 123 471 337 49
51 192 497 88 433
420 357 39 407 67
53 70 265 374 446
167 120 202 17 199
81 73 451 290 145
382 249 187 153 60
236 411 23 393 80
231 216 128 205 391
238 322 95 149 295
403 398 121 195 47
182 360 93 125 472
435 486 189 396 324
198 10 260 342 112
275 177 89 445 65
332 75 430 414 399
124 495 262 207 129
190 284 410 50 319
28 215 470 104 221
487 217 392 100 344
297 289 449 417 248
422 467 138 401 462
426 490 308 55 492
369 115 307 388 146
439 31 381 299 347
450 488 350 193 113
118 476 267 316 220
30 184 250 261 278
91 151 458 383 147
240 339 454 379 277
292 131 150 280 400
204 385 269 208 287
126 270 434 18 480
340 78 61 9 325
390 54 485 46 305
309 76 36 170 356
370 94 341 333 92
164 371 163 171 5
19 460 355 237 437
223 123 471 337 49
51 192 497 88 433
420 357 39 407 67
53 70 265 374 446
167 120 202 17 199
81 73 451 290 145
382 249 187 153 60
236 411 23 393 80
231 216 128 205 391
238 322 95 149 295
403 398 121 195 47
182 360 93 125 472
435 486 189 396 324
198 10 260 342 112
275 177 89 445 65
332 75 430 414 399
124 495 262 207 129
190 284 410 50 319
28 215 470 104 221
487 217 392 100 344
297 289 449 417 248
422 467 138 401 462
426 490 308 55 492
369 115 307 388 146
439 31 381 299 347
24 271 376 41 478
450 488 350 193 113
118 476 267 316 220
30 184 250 261 278
91 151 458 383 147
240 339 454 379 277
292 131 150 280 400
204 385 269 208 287
126 270 434 18 480
340 78 61 9 325
390 54 485 46 305
309 76 36 170 356
370 94 341 333 92
164 371 163 171 5
19 460 355 237 437
223 123 471 337 49
51 192 497 88 433
420 357 39 407 67
53 70 265 374 446
167 120 202 17 199
81 73 451 290 145
382 249 187 153 60
236 411 23 393 80
231 216 128 205 391
238 322 95 149 295
403 398 121 195 47
182 360 93 125 472
435 486 189 396 324
198 10 260 342 112
275 177 89 445 65
332 75 430 414 399
124 495 262 207 129
190 284 410 50 319
28 215 470 104 221
487 217 392 100 344
297 289 449 417 248
422 467 138 401 462
426 490 308 55 492
369 115 307 388 146
439 31 381 299 347
24 271 376 41 478
83 484 21 68 244
450 488 350 193 113
118 476 267 316 220
30 184 250 261 278
91 151 458 383 147
240 339 454 379 277
292 131 150 280 400
204 385 269 208 287
126 270 434 18 480
340 78 61 9 325
390 54 485 46 305
309 76 36 170 356
370 94 341 333 92
164 371 163 171 5
19 460 355 237 437
223 123 471 337 49
51 192 497 88 433
420 357 39 407 67
53 70 265 374 446
167 120 202 17 199
81 73 451 290 145
382 249 187 153 60
236 411 23 393 80
231 216 128 205 391
238 322 95 149 295
403 398 121 195 47
182 360 93 125 472
435 486 189 396 324
198 10 260 342 112
275 177 89 445 65
332 75 430 414 399
124 495 262 207 129
190 284 410 50 319
28 215 470 104 221
487 217 392 100 344
297 289 449 417 248
422 467 138 401 462
426 490 308 55 492
369 115 307 388 146
439 31 381 299 347
24 271 376 41 478
83 484 21 68 244
43 2 247 372 373
450 488 350 193 113
118 476 267 316 220
30 184 250 261 278
91 151 458 383 147
240 339 454 379 277
292 131 150 280 400
204 385 269 208 287
126 270 434 18 480
340 78 61 9 325
390 54 485 46 305
309 76 36 170 356
370 94 341 333 92
164 371 163 171 5
19 460 355 237 437
223 123 471 337 49
51 192 497 88 433
420 357 39 407 67
53 70 265 374 446
167 120 202 17 199
81 73 451 290 145
382 249 187 153 60
236 411 23 393 80
231 216 128 205 391
238 322 95 149 295
403 398 121 195 47
182 360 93 125 472
435 486 189 396 324
198 10 260 342 112
275 177 89 445 65
332 75 430 414 399
124 495 262 207 129
190 284 410 50 319
28 215 470 104 221
487 217 392 100 344
297 289 449 417 248
422 467 138 401 462
426 490 308 55 492
369 115 307 388 146
439 31 381 299 347
24 271 376 41 478
83 484 21 68 244
43 2 247 372 373
468 335 219 174 294
450 488 350 193 113
118 476 267 316 220
30 184 250 261 278
91 151 458 383 147
240 339 454 379 277
292 131 150 280 400
204 385 269 208 287
126 270 434 18 480
340 78 61 9 325
390 54 485 46 305
309 76 36 170 356
370 94 341 333 92
164 371 163 171 5
19 460 355 237 437
223 123 471 337 49
51 192 497 88 433
420 357 39 407 67
53 70 265 374 446
167 120 202 17 199
81 73 451 290 145
382 249 187 153 60
236 411 23 393 80
231 216 128 205 391
238 322 95 149 295
403 398 121 195 47
182 360 93 125 472
435 486 189 396 324
198 10 260 342 112
275 177 89 445 65
332 75 430 414 399
124 495 262 207 129
190 284 410 50 319
28 215 470 104 221
487 217 392 100 344
297 289 449 417 248
422 467 138 401 462
426 490 308 55 492
369 115 307 388 146
439 31 381 299 347
24 271 376 41 478
83 484 21 68 244
43 2 247 372 373
468 335 219 174 294
301 427 86 222 256
450 488 350 193 113
118 476 267 316 220
30 184 250 261 278
91 151 458 383 147
240 339 454 379 277
292 131 150 280 400
204 385 269 208 287
126 270 434 18 480
340 78 61 9 325
390 54 485 46 305
309 76 36 170 356
370 94 341 333 92
164 371 163 171 5
19 460 355 237 437
223 123 471 337 49
51 192 497 88 433
420 357 39 407 67
53 70 265 374 446
167 120 202 17 199
81 73 451 290 145
382 249 187 153 60
236 411 23 393 80
231 216 128 205 391
238 322 95 149 295
403 398 121 195 47
182 360 93 125 472
435 486 189 396 324
198 10 260 342 112
275 177 89 445 65
332 75 430 414 399
124 495 262 207 129
190 284 410 50 319
28 215 470 104 221
487 217 392 100 344
297 289 449 417 248
422 467 138 401 462
426 490 308 55 492
369 115 307 388 146
439 31 381 299 347
24 271 376 41 478
83 484 21 68 244
43 2 247 372 373
468 335 219 174 294
301 427 86 222 256
168 440 90 291 493
450 488 350 193 113
118 476 267 316 220
30 184 250 261 278
91 151 458 383 147
240 339 454 379 277
292 131 150 280 400
204 385 269 208 287
126 270 434 18 480
340 78 61 9 325
390 54 485 46 305
309 76 36 170 356
370 94 341 333 92
164 371 163 171 5
19 460 355 237 437
223 123 471 337 49
51 192 497 88 433
420 357 39 407 67
53 70 265 374 446
167 120 202 17 199
81 73 451 290 145
382 249 187 153 60
236 411 23 393 80
231 216 128 205 391
238 322 95 149 295
403 398 121 195 47
182 360 93 125 472
435 486 189 396 324
198 10 260 342 112
275 177 89 445 65
332 75 430 414 399
124 495 262 207 129
190 284 410 50 319
28 215 470 104 221
487 217 392 100 344
297 289 449 417 248
422 467 138 401 462
426 490 308 55 492
369 115 307 388 146
439 31 381 299 347
24 271 376 41 478
83 484 21 68 244
43 2 247 372 373
468 335 219 174 294
301 427 86 222 256
168 440 90 291 493
1 418 429 494 4
450 488 350 193 113
118 476 267 316 220
30 184 250 261 278
91 151 458 383 147
240 339 454 379 277
292 131 150 280 400
204 385 269 208 287
126 270 434 18 480
340 78 61 9 325
390 54 485 46 305
309 76 36 170 356
370 94 341 333 92
164 371 163 171 5
19 460 355 237 437
223 123 471 337 49
51 192 497 88 433
420 357 39 407 67
53 70 265 374 446
167 120 202 17 199
81 73 451 290 145
382 249 187 153 60
236 411 23 393 80
231 216 128 205 391
238 322 95 149 295
403 398 121 195 47
182 360 93 125 472
435 486 189 396 324
198 10 260 342 112
275 177 89 445 65
332 75 430 414 399
124 495 262 207 129
190 284 410 50 319
28 215 470 104 221
487 217 392 100 344
297 289 449 417 248
422 467 138 401 462
426 490 308 55 492
369 115 307 388 146
439 31 381 299 347
24 271 376 41 478
83 484 21 68 244
43 2 247 372 373
468 335 219 174 294
301 427 86 222 256
168 440 90 291 493
1 418 429 494 4
402 334 242 116 136
450 488 350 193 113
118 476 267 316 220
30 184 250 261 278
91 151 458 383 147
240 339 454 379 277
292 131 150 280 400
204 385 269 208 287
126 270 434 18 480
340 78 61 9 325
390 54 485 46 305
309 76 36 170 356
370 94 341 333 92
164 371 163 171 5
19 460 355 237 437
223 123 471 337 49
51 192 497 88 433
420 357 39 407 67
53 70 265 374 446
167 120 202 17 199
81 73 451 290 145
382 249 187 153 60
236 411 23 393 80
231 216 128 205 391
238 322 95 149 295
403 398 121 195 47
182 360 93 125 472
435 486 189 396 324
198 10 260 342 112
275 177 89 445 65
332 75 430 414 399
124 495 262 207 129
190 284 410 50 319
28 215 470 104 221
487 217 392 100 344
297 289 449 417 248
422 467 138 401 462
426 490 308 55 492
369 115 307 388 146
439 31 381 299 347
24 271 376 41 478
83 484 21 68 244
43 2 247 372 373
468 335 219 174 294
301 427 86 222 256
168 440 90 291 493
1 418 429 494 4
402 334 242 116 136
107 34 421 300 173
450 488 350 193 113
118 476 267 316 220
30 184 250 261 278
91 151 458 383 147
240 339 454 379 277
292 131 150 280 400
204 385 269 208 287
126 270 434 18 480
340 78 61 9 325
390 54 485 46 305
309 76 36 170 356
370 94 341 333 92
164 371 163 171 5
19 460 355 237 437
223 123 471 337 49
51 192 497 88 433
420 357 39 407 67
53 70 265 374 446
167 120 202 17 199
81 73 451 290 145
382 249 187 153 60
236 411 23 393 80
231 216 128 205 391
238 322 95 149 295
403 398 121 195 47
182 360 93 125 472
435 486 189 396 324
198 10 260 342 112
275 177 89 445 65
332 75 430 414 399
124 495 262 207 129
190 284 410 50 319
28 215 470 104 221
487 217 392 100 344
297 289 449 417 248
422 467 138 401 462
426 490 308 55 492
369 115 307 388 146
439 31 381 299 347
24 271 376 41 478
83 484 21 68 244
43 2 247 372 373
468 335 219 174 294
301 427 86 222 256
168 440 90 291 493
1 418 429 494 4
402 334 242 116 136
107 34 421 300 173
254 48 443 469 415
450 488 350 193 113
118 476 267 316 220
30 184 250 261 278
91 151 458 383 147
240 339 454 379 277
292 131 150 280 400
204 385 269 208 287
126 270 434 18 480
340 78 61 9 325
390 54 485 46 305
309 76 36 170 356
370 94 341 333 92
164 371 163 171 5
19 460 355 237 437
223 123 471 337 49
51 192 497 88 433
420 357 39 407 67
53 70 265 374 446
167 120 202 17 199
81 73 451 290 145
382 249 187 153 60
236 411 23 393 80
231 216 128 205 391
238 322 95 149 295
403 398 121 195 47
182 360 93 125 472
435 486 189 396 324
198 10 260 342 112
275 177 89 445 65
332 75 430 414 399
124 495 262 207 129
190 284 410 50 319
28 215 470 104 221
487 217 392 100 344
297 289 449 417 248
422 467 138 401 462
426 490 308 55 492
369 115 307 388 146
439 31 381 299 347
24 271 376 41 478
83 484 21 68 244
43 2 247 372 373
468 335 219 174 294
301 427 86 222 256
168 440 90 291 493
1 418 429 494 4
402 334 242 116 136
107 34 421 300 173
254 48 443 469 415
45 7 459 44 366
