10 46 3 13 19
10 46 3 13 19
54 22 18 75 5
10 46 3 13 19
54 22 18 75 5
57 72 40 67 93
10 46 3 13 19
54 22 18 75 5
57 72 40 67 93
37 99 61 77 21
10 46 3 13 19
54 22 18 75 5
57 72 40 67 93
37 99 61 77 21
51 58 49 89 69
10 46 3 13 19
54 22 18 75 5
57 72 40 67 93
37 99 61 77 21
51 58 49 89 69
63 7 33 30 64
10 46 3 13 19
54 22 18 75 5
57 72 40 67 93
37 99 61 77 21
51 58 49 89 69
63 7 33 30 64
41 83 4 70 42
10 46 3 13 19
54 22 18 75 5
57 72 40 67 93
37 99 61 77 21
51 58 49 89 69
63 7 33 30 64
41 83 4 70 42
97 84 32 44 35
10 46 3 13 19
54 22 18 75 5
57 72 40 67 93
37 99 61 77 21
51 58 49 89 69
63 7 33 30 64
41 83 4 70 42
97 84 32 44 35
90 20 56 74 66
10 46 3 13 19
54 22 18 75 5
57 72 40 67 93
37 99 61 77 21
51 58 49 89 69
63 7 33 30 64
41 83 4 70 42
97 84 32 44 35
90 20 56 74 66
81 2 11 80 0
