449 490 368 175 137
449 490 368 175 137
188 384 144 231 110
449 490 368 175 137
188 384 144 231 110
350 132 379 186 305
449 490 368 175 137
188 384 144 231 110
350 132 379 186 305
244 23 430 154 304
449 490 368 175 137
188 384 144 231 110
350 132 379 186 305
244 23 430 154 304
323 211 317 205 35
449 490 368 175 137
188 384 144 231 110
350 132 379 186 305
244 23 430 154 304
323 211 317 205 35
42 181 461 393 382
449 490 368 175 137
188 384 144 231 110
350 132 379 186 305
244 23 430 154 304
323 211 317 205 35
42 181 461 393 382
456 105 6 165 12
449 490 368 175 137
188 384 144 231 110
350 132 379 186 305
244 23 430 154 304
323 211 317 205 35
42 181 461 393 382
456 105 6 165 12
414 106 95 233 360
449 490 368 175 137
188 384 144 231 110
350 132 379 186 305
244 23 430 154 304
323 211 317 205 35
42 181 461 393 382
456 105 6 165 12
414 106 95 233 360
348 321 290 177 387
449 490 368 175 137
188 384 144 231 110
350 132 379 186 305
244 23 430 154 304
323 211 317 205 35
42 181 461 393 382
456 105 6 165 12
414 106 95 233 360
348 321 290 177 387
471 80 271 318 139
449 490 368 175 137
188 384 144 231 110
350 132 379 186 305
244 23 430 154 304
323 211 317 205 35
42 181 461 393 382
456 105 6 165 12
414 106 95 233 360
348 321 290 177 387
471 80 271 318 139
142 138 240 269 315
449 490 368 175 137
188 384 144 231 110
350 132 379 186 305
244 23 430 154 304
323 211 317 205 35
42 181 461 393 382
456 105 6 165 12
414 106 95 233 360
348 321 290 177 387
471 80 271 318 139
142 138 240 269 315
84 489 29 171 428
449 490 368 175 137
188 384 144 231 110
350 132 379 186 305
244 23 430 154 304
323 211 317 205 35
42 181 461 393 382
456 105 6 165 12
414 106 95 233 360
348 321 290 177 387
471 80 271 318 139
142 138 240 269 315
84 489 29 171 428
13 364 33 65 103
449 490 368 175 137
188 384 144 231 110
350 132 379 186 305
244 23 430 154 304
323 211 317 205 35
42 181 461 393 382
456 105 6 165 12
414 106 95 233 360
348 321 290 177 387
471 80 271 318 139
142 138 240 269 315
84 489 29 171 428
13 364 33 65 103
441 47 219 478 20
449 490 368 175 137
188 384 144 231 110
350 132 379 186 305
244 23 430 154 304
323 211 317 205 35
42 181 461 393 382
456 105 6 165 12
414 106 95 233 360
348 321 290 177 387
471 80 271 318 139
142 138 240 269 315
84 489 29 171 428
13 364 33 65 103
441 47 219 478 20
401 320 87 431 214
449 490 368 175 137
188 384 144 231 110
350 132 379 186 305
244 23 430 154 304
323 211 317 205 35
42 181 461 393 382
456 105 6 165 12
414 106 95 233 360
348 321 290 177 387
471 80 271 318 139
142 138 240 269 315
84 489 29 171 428
13 364 33 65 103
441 47 219 478 20
401 320 87 431 214
200 58 53 369 212
449 490 368 175 137
188 384 144 231 110
350 132 379 186 305
244 23 430 154 304
323 211 317 205 35
42 181 461 393 382
456 105 6 165 12
414 106 95 233 360
348 321 290 177 387
471 80 271 318 139
142 138 240 269 315
84 489 29 171 428
13 364 33 65 103
441 47 219 478 20
401 320 87 431 214
200 58 53 369 212
331 64 217 404 163
449 490 368 175 137
188 384 144 231 110
350 132 379 186 305
244 23 430 154 304
323 211 317 205 35
42 181 461 393 382
456 105 6 165 12
414 106 95 233 360
348 321 290 177 387
471 80 271 318 139
142 138 240 269 315
84 489 29 171 428
13 364 33 65 103
441 47 219 478 20
401 320 87 431 214
200 58 53 369 212
331 64 217 404 163
112 324 261 247 43
449 490 368 175 137
188 384 144 231 110
350 132 379 186 305
244 23 430 154 304
323 211 317 205 35
42 181 461 393 382
456 105 6 165 12
414 106 95 233 360
348 321 290 177 387
471 80 271 318 139
142 138 240 269 315
84 489 29 171 428
13 364 33 65 103
441 47 219 478 20
401 320 87 431 214
200 58 53 369 212
331 64 217 404 163
112 324 261 247 43
172 466 147 66 230
449 490 368 175 137
188 384 144 231 110
350 132 379 186 305
244 23 430 154 304
323 211 317 205 35
42 181 461 393 382
456 105 6 165 12
414 106 95 233 360
348 321 290 177 387
471 80 271 318 139
142 138 240 269 315
84 489 29 171 428
13 364 33 65 103
441 47 219 478 20
401 320 87 431 214
200 58 53 369 212
331 64 217 404 163
112 324 261 247 43
172 466 147 66 230
159 322 423 351 249
449 490 368 175 137
188 384 144 231 110
350 132 379 186 305
244 23 430 154 304
323 211 317 205 35
42 181 461 393 382
456 105 6 165 12
414 106 95 233 360
348 321 290 177 387
471 80 271 318 139
142 138 240 269 315
84 489 29 171 428
13 364 33 65 103
441 47 219 478 20
401 320 87 431 214
200 58 53 369 212
331 64 217 404 163
112 324 261 247 43
172 466 147 66 230
159 322 423 351 249
373 182 91 440 277
449 490 368 175 137
188 384 144 231 110
350 132 379 186 305
244 23 430 154 304
323 211 317 205 35
42 181 461 393 382
456 105 6 165 12
414 106 95 233 360
348 321 290 177 387
471 80 271 318 139
142 138 240 269 315
84 489 29 171 428
13 364 33 65 103
441 47 219 478 20
401 320 87 431 214
200 58 53 369 212
331 64 217 404 163
112 324 261 247 43
172 466 147 66 230
159 322 423 351 249
373 182 91 440 277
374 273 346 220 275
449 490 368 175 137
188 384 144 231 110
350 132 379 186 305
244 23 430 154 304
323 211 317 205 35
42 181 461 393 382
456 105 6 165 12
414 106 95 233 360
348 321 290 177 387
471 80 271 318 139
142 138 240 269 315
84 489 29 171 428
13 364 33 65 103
441 47 219 478 20
401 320 87 431 214
200 58 53 369 212
331 64 217 404 163
112 324 261 247 43
172 466 147 66 230
159 322 423 351 249
373 182 91 440 277
374 273 346 220 275
464 63 291 1 453
449 490 368 175 137
188 384 144 231 110
350 132 379 186 305
244 23 430 154 304
323 211 317 205 35
42 181 461 393 382
456 105 6 165 12
414 106 95 233 360
348 321 290 177 387
471 80 271 318 139
142 138 240 269 315
84 489 29 171 428
13 364 33 65 103
441 47 219 478 20
401 320 87 431 214
200 58 53 369 212
331 64 217 404 163
112 324 261 247 43
172 466 147 66 230
159 322 423 351 249
373 182 91 440 277
374 273 346 220 275
464 63 291 1 453
207 480 330 143 160
449 490 368 175 137
188 384 144 231 110
350 132 379 186 305
244 23 430 154 304
323 211 317 205 35
42 181 461 393 382
456 105 6 165 12
414 106 95 233 360
348 321 290 177 387
471 80 271 318 139
142 138 240 269 315
84 489 29 171 428
13 364 33 65 103
441 47 219 478 20
401 320 87 431 214
200 58 53 369 212
331 64 217 404 163
112 324 261 247 43
172 466 147 66 230
159 322 423 351 249
373 182 91 440 277
374 273 346 220 275
464 63 291 1 453
207 480 330 143 160
74 270 170 123 310
449 490 368 175 137
188 384 144 231 110
350 132 379 186 305
244 23 430 154 304
323 211 317 205 35
42 181 461 393 382
456 105 6 165 12
414 106 95 233 360
348 321 290 177 387
471 80 271 318 139
142 138 240 269 315
84 489 29 171 428
13 364 33 65 103
441 47 219 478 20
401 320 87 431 214
200 58 53 369 212
331 64 217 404 163
112 324 261 247 43
172 466 147 66 230
159 322 423 351 249
373 182 91 440 277
374 273 346 220 275
464 63 291 1 453
207 480 330 143 160
74 270 170 123 310
300 354 75 469 396
449 490 368 175 137
188 384 144 231 110
350 132 379 186 305
244 23 430 154 304
323 211 317 205 35
42 181 461 393 382
456 105 6 165 12
414 106 95 233 360
348 321 290 177 387
471 80 271 318 139
142 138 240 269 315
84 489 29 171 428
13 364 33 65 103
441 47 219 478 20
401 320 87 431 214
200 58 53 369 212
331 64 217 404 163
112 324 261 247 43
172 466 147 66 230
159 322 423 351 249
373 182 91 440 277
374 273 346 220 275
464 63 291 1 453
207 480 330 143 160
74 270 170 123 310
300 354 75 469 396
260 311 52 238 178
449 490 368 175 137
188 384 144 231 110
350 132 379 186 305
244 23 430 154 304
323 211 317 205 35
42 181 461 393 382
456 105 6 165 12
414 106 95 233 360
348 321 290 177 387
471 80 271 318 139
142 138 240 269 315
84 489 29 171 428
13 364 33 65 103
441 47 219 478 20
401 320 87 431 214
200 58 53 369 212
331 64 217 404 163
112 324 261 247 43
172 466 147 66 230
159 322 423 351 249
373 182 91 440 277
374 273 346 220 275
464 63 291 1 453
207 480 330 143 160
74 270 170 123 310
300 354 75 469 396
260 311 52 238 178
54 329 343 479 274
449 490 368 175 137
188 384 144 231 110
350 132 379 186 305
244 23 430 154 304
323 211 317 205 35
42 181 461 393 382
456 105 6 165 12
414 106 95 233 360
348 321 290 177 387
471 80 271 318 139
142 138 240 269 315
84 489 29 171 428
13 364 33 65 103
441 47 219 478 20
401 320 87 431 214
200 58 53 369 212
331 64 217 404 163
112 324 261 247 43
172 466 147 66 230
159 322 423 351 249
373 182 91 440 277
374 273 346 220 275
464 63 291 1 453
207 480 330 143 160
74 270 170 123 310
300 354 75 469 396
260 311 52 238 178
54 329 343 479 274
296 457 97 444 26
449 490 368 175 137
188 384 144 231 110
350 132 379 186 305
244 23 430 154 304
323 211 317 205 35
42 181 461 393 382
456 105 6 165 12
414 106 95 233 360
348 321 290 177 387
471 80 271 318 139
142 138 240 269 315
84 489 29 171 428
13 364 33 65 103
441 47 219 478 20
401 320 87 431 214
200 58 53 369 212
331 64 217 404 163
112 324 261 247 43
172 466 147 66 230
159 322 423 351 249
373 182 91 440 277
374 273 346 220 275
464 63 291 1 453
207 480 330 143 160
74 270 170 123 310
300 354 75 469 396
260 311 52 238 178
54 329 343 479 274
296 457 97 444 26
134 151 235 246 120
449 490 368 175 137
188 384 144 231 110
350 132 379 186 305
244 23 430 154 304
323 211 317 205 35
42 181 461 393 382
456 105 6 165 12
414 106 95 233 360
348 321 290 177 387
471 80 271 318 139
142 138 240 269 315
84 489 29 171 428
13 364 33 65 103
441 47 219 478 20
401 320 87 431 214
200 58 53 369 212
331 64 217 404 163
112 324 261 247 43
172 466 147 66 230
159 322 423 351 249
373 182 91 440 277
374 273 346 220 275
464 63 291 1 453
207 480 330 143 160
74 270 170 123 310
300 354 75 469 396
260 311 52 238 178
54 329 343 479 274
296 457 97 444 26
134 151 235 246 120
83 383 415 259 179
449 490 368 175 137
188 384 144 231 110
350 132 379 186 305
244 23 430 154 304
323 211 317 205 35
42 181 461 393 382
456 105 6 165 12
414 106 95 233 360
348 321 290 177 387
471 80 271 318 139
142 138 240 269 315
84 489 29 171 428
13 364 33 65 103
441 47 219 478 20
401 320 87 431 214
200 58 53 369 212
331 64 217 404 163
112 324 261 247 43
172 466 147 66 230
159 322 423 351 249
373 182 91 440 277
374 273 346 220 275
464 63 291 1 453
207 480 330 143 160
74 270 170 123 310
300 354 75 469 396
260 311 52 238 178
54 329 343 479 274
296 457 97 444 26
134 151 235 246 120
83 383 415 259 179
448 145 332 121 427
449 490 368 175 137
188 384 144 231 110
350 132 379 186 305
244 23 430 154 304
323 211 317 205 35
42 181 461 393 382
456 105 6 165 12
414 106 95 233 360
348 321 290 177 387
471 80 271 318 139
142 138 240 269 315
84 489 29 171 428
13 364 33 65 103
441 47 219 478 20
401 320 87 431 214
200 58 53 369 212
331 64 217 404 163
112 324 261 247 43
172 466 147 66 230
159 322 423 351 249
373 182 91 440 277
374 273 346 220 275
464 63 291 1 453
207 480 330 143 160
74 270 170 123 310
300 354 75 469 396
260 311 52 238 178
54 329 343 479 274
296 457 97 444 26
134 151 235 246 120
83 383 415 259 179
448 145 332 121 427
307 241 245 292 467
449 490 368 175 137
188 384 144 231 110
350 132 379 186 305
244 23 430 154 304
323 211 317 205 35
42 181 461 393 382
456 105 6 165 12
414 106 95 233 360
348 321 290 177 387
471 80 271 318 139
142 138 240 269 315
84 489 29 171 428
13 364 33 65 103
441 47 219 478 20
401 320 87 431 214
200 58 53 369 212
331 64 217 404 163
112 324 261 247 43
172 466 147 66 230
159 322 423 351 249
373 182 91 440 277
374 273 346 220 275
464 63 291 1 453
207 480 330 143 160
74 270 170 123 310
300 354 75 469 396
260 311 52 238 178
54 329 343 479 274
296 457 97 444 26
134 151 235 246 120
83 383 415 259 179
448 145 332 121 427
307 241 245 292 467
407 419 14 9 78
449 490 368 175 137
188 384 144 231 110
350 132 379 186 305
244 23 430 154 304
323 211 317 205 35
42 181 461 393 382
456 105 6 165 12
414 106 95 233 360
348 321 290 177 387
471 80 271 318 139
142 138 240 269 315
84 489 29 171 428
13 364 33 65 103
441 47 219 478 20
401 320 87 431 214
200 58 53 369 212
331 64 217 404 163
112 324 261 247 43
172 466 147 66 230
159 322 423 351 249
373 182 91 440 277
374 273 346 220 275
464 63 291 1 453
207 480 330 143 160
74 270 170 123 310
300 354 75 469 396
260 311 52 238 178
54 329 343 479 274
296 457 97 444 26
134 151 235 246 120
83 383 415 259 179
448 145 332 121 427
307 241 245 292 467
407 419 14 9 78
199 215 375 156 183
449 490 368 175 137
188 384 144 231 110
350 132 379 186 305
244 23 430 154 304
323 211 317 205 35
42 181 461 393 382
456 105 6 165 12
414 106 95 233 360
348 321 290 177 387
471 80 271 318 139
142 138 240 269 315
84 489 29 171 428
13 364 33 65 103
441 47 219 478 20
401 320 87 431 214
200 58 53 369 212
331 64 217 404 163
112 324 261 247 43
172 466 147 66 230
159 322 423 351 249
373 182 91 440 277
374 273 346 220 275
464 63 291 1 453
207 480 330 143 160
74 270 170 123 310
300 354 75 469 396
260 311 52 238 178
54 329 343 479 274
296 457 97 444 26
134 151 235 246 120
83 383 415 259 179
448 145 332 121 427
307 241 245 292 467
407 419 14 9 78
199 215 375 156 183
455 472 32 442 381
449 490 368 175 137
188 384 144 231 110
350 132 379 186 305
244 23 430 154 304
323 211 317 205 35
42 181 461 393 382
456 105 6 165 12
414 106 95 233 360
348 321 290 177 387
471 80 271 318 139
142 138 240 269 315
84 489 29 171 428
13 364 33 65 103
441 47 219 478 20
401 320 87 431 214
200 58 53 369 212
331 64 217 404 163
112 324 261 247 43
172 466 147 66 230
159 322 423 351 249
373 182 91 440 277
374 273 346 220 275
464 63 291 1 453
207 480 330 143 160
74 270 170 123 310
300 354 75 469 396
260 311 52 238 178
54 329 343 479 274
296 457 97 444 26
134 151 235 246 120
83 383 415 259 179
448 145 332 121 427
307 241 245 292 467
407 419 14 9 78
199 215 375 156 183
455 472 32 442 381
370 68 408 314 7
449 490 368 175 137
188 384 144 231 110
350 132 379 186 305
244 23 430 154 304
323 211 317 205 35
42 181 461 393 382
456 105 6 165 12
414 106 95 233 360
348 321 290 177 387
471 80 271 318 139
142 138 240 269 315
84 489 29 171 428
13 364 33 65 103
441 47 219 478 20
401 320 87 431 214
200 58 53 369 212
331 64 217 404 163
112 324 261 247 43
172 466 147 66 230
159 322 423 351 249
373 182 91 440 277
374 273 346 220 275
464 63 291 1 453
207 480 330 143 160
74 270 170 123 310
300 354 75 469 396
260 311 52 238 178
54 329 343 479 274
296 457 97 444 26
134 151 235 246 120
83 383 415 259 179
448 145 332 121 427
307 241 245 292 467
407 419 14 9 78
199 215 375 156 183
455 472 32 442 381
370 68 408 314 7
62 288 465 193 299
449 490 368 175 137
188 384 144 231 110
350 132 379 186 305
244 23 430 154 304
323 211 317 205 35
42 181 461 393 382
456 105 6 165 12
414 106 95 233 360
348 321 290 177 387
471 80 271 318 139
142 138 240 269 315
84 489 29 171 428
13 364 33 65 103
441 47 219 478 20
401 320 87 431 214
200 58 53 369 212
331 64 217 404 163
112 324 261 247 43
172 466 147 66 230
159 322 423 351 249
373 182 91 440 277
374 273 346 220 275
464 63 291 1 453
207 480 330 143 160
74 270 170 123 310
300 354 75 469 396
260 311 52 238 178
54 329 343 479 274
296 457 97 444 26
134 151 235 246 120
83 383 415 259 179
448 145 332 121 427
307 241 245 292 467
407 419 14 9 78
199 215 375 156 183
455 472 32 442 381
370 68 408 314 7
62 288 465 193 299
167 313 102 149 392
449 490 368 175 137
188 384 144 231 110
350 132 379 186 305
244 23 430 154 304
323 211 317 205 35
42 181 461 393 382
456 105 6 165 12
414 106 95 233 360
348 321 290 177 387
471 80 271 318 139
142 138 240 269 315
84 489 29 171 428
13 364 33 65 103
441 47 219 478 20
401 320 87 431 214
200 58 53 369 212
331 64 217 404 163
112 324 261 247 43
172 466 147 66 230
159 322 423 351 249
373 182 91 440 277
374 273 346 220 275
464 63 291 1 453
207 480 330 143 160
74 270 170 123 310
300 354 75 469 396
260 311 52 238 178
54 329 343 479 274
296 457 97 444 26
134 151 235 246 120
83 383 415 259 179
448 145 332 121 427
307 241 245 292 467
407 419 14 9 78
199 215 375 156 183
455 472 32 442 381
370 68 408 314 7
62 288 465 193 299
167 313 102 149 392
390 125 264 487 222
449 490 368 175 137
188 384 144 231 110
350 132 379 186 305
244 23 430 154 304
323 211 317 205 35
42 181 461 393 382
456 105 6 165 12
414 106 95 233 360
348 321 290 177 387
471 80 271 318 139
142 138 240 269 315
84 489 29 171 428
13 364 33 65 103
441 47 219 478 20
401 320 87 431 214
200 58 53 369 212
331 64 217 404 163
112 324 261 247 43
172 466 147 66 230
159 322 423 351 249
373 182 91 440 277
374 273 346 220 275
464 63 291 1 453
207 480 330 143 160
74 270 170 123 310
300 354 75 469 396
260 311 52 238 178
54 329 343 479 274
296 457 97 444 26
134 151 235 246 120
83 383 415 259 179
448 145 332 121 427
307 241 245 292 467
407 419 14 9 78
199 215 375 156 183
455 472 32 442 381
370 68 408 314 7
62 288 465 193 299
167 313 102 149 392
390 125 264 487 222
70 203 213 365 96
449 490 368 175 137
188 384 144 231 110
350 132 379 186 305
244 23 430 154 304
323 211 317 205 35
42 181 461 393 382
456 105 6 165 12
414 106 95 233 360
348 321 290 177 387
471 80 271 318 139
142 138 240 269 315
84 489 29 171 428
13 364 33 65 103
441 47 219 478 20
401 320 87 431 214
200 58 53 369 212
331 64 217 404 163
112 324 261 247 43
172 466 147 66 230
159 322 423 351 249
373 182 91 440 277
374 273 346 220 275
464 63 291 1 453
207 480 330 143 160
74 270 170 123 310
300 354 75 469 396
260 311 52 238 178
54 329 343 479 274
296 457 97 444 26
134 151 235 246 120
83 383 415 259 179
448 145 332 121 427
307 241 245 292 467
407 419 14 9 78
199 215 375 156 183
455 472 32 442 381
370 68 408 314 7
62 288 465 193 299
167 313 102 149 392
390 125 264 487 222
70 203 213 365 96
345 353 161 363 484
449 490 368 175 137
188 384 144 231 110
350 132 379 186 305
244 23 430 154 304
323 211 317 205 35
42 181 461 393 382
456 105 6 165 12
414 106 95 233 360
348 321 290 177 387
471 80 271 318 139
142 138 240 269 315
84 489 29 171 428
13 364 33 65 103
441 47 219 478 20
401 320 87 431 214
200 58 53 369 212
331 64 217 404 163
112 324 261 247 43
172 466 147 66 230
159 322 423 351 249
373 182 91 440 277
374 273 346 220 275
464 63 291 1 453
207 480 330 143 160
74 270 170 123 310
300 354 75 469 396
260 311 52 238 178
54 329 343 479 274
296 457 97 444 26
134 151 235 246 120
83 383 415 259 179
448 145 332 121 427
307 241 245 292 467
407 419 14 9 78
199 215 375 156 183
455 472 32 442 381
370 68 408 314 7
62 288 465 193 299
167 313 102 149 392
390 125 264 487 222
70 203 213 365 96
345 353 161 363 484
413 282 252 94 223
449 490 368 175 137
188 384 144 231 110
350 132 379 186 305
244 23 430 154 304
323 211 317 205 35
42 181 461 393 382
456 105 6 165 12
414 106 95 233 360
348 321 290 177 387
471 80 271 318 139
142 138 240 269 315
84 489 29 171 428
13 364 33 65 103
441 47 219 478 20
401 320 87 431 214
200 58 53 369 212
331 64 217 404 163
112 324 261 247 43
172 466 147 66 230
159 322 423 351 249
373 182 91 440 277
374 273 346 220 275
464 63 291 1 453
207 480 330 143 160
74 270 170 123 310
300 354 75 469 396
260 311 52 238 178
54 329 343 479 274
296 457 97 444 26
134 151 235 246 120
83 383 415 259 179
448 145 332 121 427
307 241 245 292 467
407 419 14 9 78
199 215 375 156 183
455 472 32 442 381
370 68 408 314 7
62 288 465 193 299
167 313 102 149 392
390 125 264 487 222
70 203 213 365 96
345 353 161 363 484
413 282 252 94 223
411 402 104 198 378
449 490 368 175 137
188 384 144 231 110
350 132 379 186 305
244 23 430 154 304
323 211 317 205 35
42 181 461 393 382
456 105 6 165 12
414 106 95 233 360
348 321 290 177 387
471 80 271 318 139
142 138 240 269 315
84 489 29 171 428
13 364 33 65 103
441 47 219 478 20
401 320 87 431 214
200 58 53 369 212
331 64 217 404 163
112 324 261 247 43
172 466 147 66 230
159 322 423 351 249
373 182 91 440 277
374 273 346 220 275
464 63 291 1 453
207 480 330 143 160
74 270 170 123 310
300 354 75 469 396
260 311 52 238 178
54 329 343 479 274
296 457 97 444 26
134 151 235 246 120
83 383 415 259 179
448 145 332 121 427
307 241 245 292 467
407 419 14 9 78
199 215 375 156 183
455 472 32 442 381
370 68 408 314 7
62 288 465 193 299
167 313 102 149 392
390 125 264 487 222
70 203 213 365 96
345 353 161 363 484
413 282 252 94 223
411 402 104 198 378
50 385 253 422 294
449 490 368 175 137
188 384 144 231 110
350 132 379 186 305
244 23 430 154 304
323 211 317 205 35
42 181 461 393 382
456 105 6 165 12
414 106 95 233 360
348 321 290 177 387
471 80 271 318 139
142 138 240 269 315
84 489 29 171 428
13 364 33 65 103
441 47 219 478 20
401 320 87 431 214
200 58 53 369 212
331 64 217 404 163
112 324 261 247 43
172 466 147 66 230
159 322 423 351 249
373 182 91 440 277
374 273 346 220 275
464 63 291 1 453
207 480 330 143 160
74 270 170 123 310
300 354 75 469 396
260 311 52 238 178
54 329 343 479 274
296 457 97 444 26
134 151 235 246 120
83 383 415 259 179
448 145 332 121 427
307 241 245 292 467
407 419 14 9 78
199 215 375 156 183
455 472 32 442 381
370 68 408 314 7
62 288 465 193 299
167 313 102 149 392
390 125 264 487 222
70 203 213 365 96
345 353 161 363 484
413 282 252 94 223
411 402 104 198 378
50 385 253 422 294
119 278 316 28 325
449 490 368 175 137
188 384 144 231 110
350 132 379 186 305
244 23 430 154 304
323 211 317 205 35
42 181 461 393 382
456 105 6 165 12
414 106 95 233 360
348 321 290 177 387
471 80 271 318 139
142 138 240 269 315
84 489 29 171 428
13 364 33 65 103
441 47 219 478 20
401 320 87 431 214
200 58 53 369 212
331 64 217 404 163
112 324 261 247 43
172 466 147 66 230
159 322 423 351 249
373 182 91 440 277
374 273 346 220 275
464 63 291 1 453
207 480 330 143 160
74 270 170 123 310
300 354 75 469 396
260 311 52 238 178
54 329 343 479 274
296 457 97 444 26
134 151 235 246 120
83 383 415 259 179
448 145 332 121 427
307 241 245 292 467
407 419 14 9 78
199 215 375 156 183
455 472 32 442 381
370 68 408 314 7
62 288 465 193 299
167 313 102 149 392
390 125 264 487 222
70 203 213 365 96
345 353 161 363 484
413 282 252 94 223
411 402 104 198 378
50 385 253 422 294
119 278 316 28 325
4 295 328 27 451
449 490 368 175 137
188 384 144 231 110
350 132 379 186 305
244 23 430 154 304
323 211 317 205 35
42 181 461 393 382
456 105 6 165 12
414 106 95 233 360
348 321 290 177 387
471 80 271 318 139
142 138 240 269 315
84 489 29 171 428
13 364 33 65 103
441 47 219 478 20
401 320 87 431 214
200 58 53 369 212
331 64 217 404 163
112 324 261 247 43
172 466 147 66 230
159 322 423 351 249
373 182 91 440 277
374 273 346 220 275
464 63 291 1 453
207 480 330 143 160
74 270 170 123 310
300 354 75 469 396
260 311 52 238 178
54 329 343 479 274
296 457 97 444 26
134 151 235 246 120
83 383 415 259 179
448 145 332 121 427
307 241 245 292 467
407 419 14 9 78
199 215 375 156 183
455 472 32 442 381
370 68 408 314 7
62 288 465 193 299
167 313 102 149 392
390 125 264 487 222
70 203 213 365 96
345 353 161 363 484
413 282 252 94 223
411 402 104 198 378
50 385 253 422 294
119 278 316 28 325
4 295 328 27 451
232 210 11 293 73
449 490 368 175 137
188 384 144 231 110
350 132 379 186 305
244 23 430 154 304
323 211 317 205 35
42 181 461 393 382
456 105 6 165 12
414 106 95 233 360
348 321 290 177 387
471 80 271 318 139
142 138 240 269 315
84 489 29 171 428
13 364 33 65 103
441 47 219 478 20
401 320 87 431 214
200 58 53 369 212
331 64 217 404 163
112 324 261 247 43
172 466 147 66 230
159 322 423 351 249
373 182 91 440 277
374 273 346 220 275
464 63 291 1 453
207 480 330 143 160
74 270 170 123 310
300 354 75 469 396
260 311 52 238 178
54 329 343 479 274
296 457 97 444 26
134 151 235 246 120
83 383 415 259 179
448 145 332 121 427
307 241 245 292 467
407 419 14 9 78
199 215 375 156 183
455 472 32 442 381
370 68 408 314 7
62 288 465 193 299
167 313 102 149 392
390 125 264 487 222
70 203 213 365 96
345 353 161 363 484
413 282 252 94 223
411 402 104 198 378
50 385 253 422 294
119 278 316 28 325
4 295 328 27 451
232 210 11 293 73
336 488 239 44 135
449 490 368 175 137
188 384 144 231 110
350 132 379 186 305
244 23 430 154 304
323 211 317 205 35
42 181 461 393 382
456 105 6 165 12
414 106 95 233 360
348 321 290 177 387
471 80 271 318 139
142 138 240 269 315
84 489 29 171 428
13 364 33 65 103
441 47 219 478 20
401 320 87 431 214
200 58 53 369 212
331 64 217 404 163
112 324 261 247 43
172 466 147 66 230
159 322 423 351 249
373 182 91 440 277
374 273 346 220 275
464 63 291 1 453
207 480 330 143 160
74 270 170 123 310
300 354 75 469 396
260 311 52 238 178
54 329 343 479 274
296 457 97 444 26
134 151 235 246 120
83 383 415 259 179
448 145 332 121 427
307 241 245 292 467
407 419 14 9 78
199 215 375 156 183
455 472 32 442 381
370 68 408 314 7
62 288 465 193 299
167 313 102 149 392
390 125 264 487 222
70 203 213 365 96
345 353 161 363 484
413 282 252 94 223
411 402 104 198 378
50 385 253 422 294
119 278 316 28 325
4 295 328 27 451
232 210 11 293 73
336 488 239 44 135
242 10 460 462 148
