156 341 251 257 444
156 341 251 257 444
147 50 214 227
156 341 251 257 444
147 50 214 227
356 43 354 446
156 341 251 257 444
147 50 214 227
356 43 354 446
199 363 124 272
156 341 251 257 444
147 50 214 227
356 43 354 446
199 363 124 272
478 42 434 242
156 341 251 257 444
147 50 214 227
356 43 354 446
199 363 124 272
478 42 434 242
115 145 281 487
156 341 251 257 444
147 50 214 227
356 43 354 446
199 363 124 272
478 42 434 242
115 145 281 487
453 201 64 26
156 341 251 257 444
147 50 214 227
356 43 354 446
199 363 124 272
478 42 434 242
115 145 281 487
453 201 64 26
175 314 368
156 341 251 257 444
147 50 214 227
356 43 354 446
199 363 124 272
478 42 434 242
115 145 281 487
453 201 64 26
175 314 368
126 280
156 341 251 257 444
147 50 214 227
356 43 354 446
199 363 124 272
478 42 434 242
115 145 281 487
453 201 64 26
175 314 368
126 280
310 339 217
156 341 251 257 444
147 50 214 227
356 43 354 446
199 363 124 272
478 42 434 242
115 145 281 487
453 201 64 26
175 314 368
126 280
310 339 217
202 375
156 341 251 257 444
147 50 214 227
356 43 354 446
199 363 124 272
478 42 434 242
115 145 281 487
453 201 64 26
175 314 368
126 280
310 339 217
202 375
62 74 494
156 341 251 257 444
147 50 214 227
356 43 354 446
199 363 124 272
478 42 434 242
115 145 281 487
453 201 64 26
175 314 368
126 280
310 339 217
202 375
62 74 494
476 17 52
156 341 251 257 444
147 50 214 227
356 43 354 446
199 363 124 272
478 42 434 242
115 145 281 487
453 201 64 26
175 314 368
126 280
310 339 217
202 375
62 74 494
476 17 52
133 28 443
156 341 251 257 444
147 50 214 227
356 43 354 446
199 363 124 272
478 42 434 242
115 145 281 487
453 201 64 26
175 314 368
126 280
310 339 217
202 375
62 74 494
476 17 52
133 28 443
109 25
156 341 251 257 444
147 50 214 227
356 43 354 446
199 363 124 272
478 42 434 242
115 145 281 487
453 201 64 26
175 314 368
126 280
310 339 217
202 375
62 74 494
476 17 52
133 28 443
109 25
53 103
156 341 251 257 444
147 50 214 227
356 43 354 446
199 363 124 272
478 42 434 242
115 145 281 487
453 201 64 26
175 314 368
126 280
310 339 217
202 375
62 74 494
476 17 52
133 28 443
109 25
53 103
101 184
156 341 251 257 444
147 50 214 227
356 43 354 446
199 363 124 272
478 42 434 242
115 145 281 487
453 201 64 26
175 314 368
126 280
310 339 217
202 375
62 74 494
476 17 52
133 28 443
109 25
53 103
101 184
112 458
156 341 251 257 444
147 50 214 227
356 43 354 446
199 363 124 272
478 42 434 242
115 145 281 487
453 201 64 26
175 314 368
126 280
310 339 217
202 375
62 74 494
476 17 52
133 28 443
109 25
53 103
101 184
112 458
244 480
156 341 251 257 444
147 50 214 227
356 43 354 446
199 363 124 272
478 42 434 242
115 145 281 487
453 201 64 26
175 314 368
126 280
310 339 217
202 375
62 74 494
476 17 52
133 28 443
109 25
53 103
101 184
112 458
244 480
417 330
156 341 251 257 444
147 50 214 227
356 43 354 446
199 363 124 272
478 42 434 242
115 145 281 487
453 201 64 26
175 314 368
126 280
310 339 217
202 375
62 74 494
476 17 52
133 28 443
109 25
53 103
101 184
112 458
244 480
417 330
225 232
156 341 251 257 444
147 50 214 227
356 43 354 446
199 363 124 272
478 42 434 242
115 145 281 487
453 201 64 26
175 314 368
126 280
310 339 217
202 375
62 74 494
476 17 52
133 28 443
109 25
53 103
101 184
112 458
244 480
417 330
225 232
15 216
156 341 251 257 444
147 50 214 227
356 43 354 446
199 363 124 272
478 42 434 242
115 145 281 487
453 201 64 26
175 314 368
126 280
310 339 217
202 375
62 74 494
476 17 52
133 28 443
109 25
53 103
101 184
112 458
244 480
417 330
225 232
15 216
488 176
156 341 251 257 444
147 50 214 227
356 43 354 446
199 363 124 272
478 42 434 242
115 145 281 487
453 201 64 26
175 314 368
126 280
310 339 217
202 375
62 74 494
476 17 52
133 28 443
109 25
53 103
101 184
112 458
244 480
417 330
225 232
15 216
488 176
337 48
156 341 251 257 444
147 50 214 227
356 43 354 446
199 363 124 272
478 42 434 242
115 145 281 487
453 201 64 26
175 314 368
126 280
310 339 217
202 375
62 74 494
476 17 52
133 28 443
109 25
53 103
101 184
112 458
244 480
417 330
225 232
15 216
488 176
337 48
373 298
156 341 251 257 444
147 50 214 227
356 43 354 446
199 363 124 272
478 42 434 242
115 145 281 487
453 201 64 26
175 314 368
126 280
310 339 217
202 375
62 74 494
476 17 52
133 28 443
109 25
53 103
101 184
112 458
244 480
417 330
225 232
15 216
488 176
337 48
373 298
105 270
156 341 251 257 444
147 50 214 227
356 43 354 446
199 363 124 272
478 42 434 242
115 145 281 487
453 201 64 26
175 314 368
126 280
310 339 217
202 375
62 74 494
476 17 52
133 28 443
109 25
53 103
101 184
112 458
244 480
417 330
225 232
15 216
488 176
337 48
373 298
105 270
89 0
156 341 251 257 444
147 50 214 227
356 43 354 446
199 363 124 272
478 42 434 242
115 145 281 487
453 201 64 26
175 314 368
126 280
310 339 217
202 375
62 74 494
476 17 52
133 28 443
109 25
53 103
101 184
112 458
244 480
417 330
225 232
15 216
488 176
337 48
373 298
105 270
89 0
469 37
