8 399 16 61 2
8 399 16 61 2
268 276 104 202 455
8 399 16 61 2
268 276 104 202 455
414 369 450 328
8 399 16 61 2
268 276 104 202 455
414 369 450 328
57 152 292 70 491
8 399 16 61 2
268 276 104 202 455
414 369 450 328
57 152 292 70 491
121 168 316 385
8 399 16 61 2
268 276 104 202 455
414 369 450 328
57 152 292 70 491
121 168 316 385
162 331 95 281
8 399 16 61 2
268 276 104 202 455
414 369 450 328
57 152 292 70 491
121 168 316 385
162 331 95 281
415 274 239 158
8 399 16 61 2
268 276 104 202 455
414 369 450 328
57 152 292 70 491
121 168 316 385
162 331 95 281
415 274 239 158
398 355 45 427
8 399 16 61 2
268 276 104 202 455
414 369 450 328
57 152 292 70 491
121 168 316 385
162 331 95 281
415 274 239 158
398 355 45 427
238 103 361
8 399 16 61 2
268 276 104 202 455
414 369 450 328
57 152 292 70 491
121 168 316 385
162 331 95 281
415 274 239 158
398 355 45 427
238 103 361
353 443 419
8 399 16 61 2
268 276 104 202 455
414 369 450 328
57 152 292 70 491
121 168 316 385
162 331 95 281
415 274 239 158
398 355 45 427
238 103 361
353 443 419
139 178 176
8 399 16 61 2
268 276 104 202 455
414 369 450 328
57 152 292 70 491
121 168 316 385
162 331 95 281
415 274 239 158
398 355 45 427
238 103 361
353 443 419
139 178 176
368 440
8 399 16 61 2
268 276 104 202 455
414 369 450 328
57 152 292 70 491
121 168 316 385
162 331 95 281
415 274 239 158
398 355 45 427
238 103 361
353 443 419
139 178 176
368 440
289 339
8 399 16 61 2
268 276 104 202 455
414 369 450 328
57 152 292 70 491
121 168 316 385
162 331 95 281
415 274 239 158
398 355 45 427
238 103 361
353 443 419
139 178 176
368 440
289 339
160 465 3
8 399 16 61 2
268 276 104 202 455
414 369 450 328
57 152 292 70 491
121 168 316 385
162 331 95 281
415 274 239 158
398 355 45 427
238 103 361
353 443 419
139 178 176
368 440
289 339
160 465 3
249 392
8 399 16 61 2
268 276 104 202 455
414 369 450 328
57 152 292 70 491
121 168 316 385
162 331 95 281
415 274 239 158
398 355 45 427
238 103 361
353 443 419
139 178 176
368 440
289 339
160 465 3
249 392
486 442
8 399 16 61 2
268 276 104 202 455
414 369 450 328
57 152 292 70 491
121 168 316 385
162 331 95 281
415 274 239 158
398 355 45 427
238 103 361
353 443 419
139 178 176
368 440
289 339
160 465 3
249 392
486 442
80 384
8 399 16 61 2
268 276 104 202 455
414 369 450 328
57 152 292 70 491
121 168 316 385
162 331 95 281
415 274 239 158
398 355 45 427
238 103 361
353 443 419
139 178 176
368 440
289 339
160 465 3
249 392
486 442
80 384
282 101
8 399 16 61 2
268 276 104 202 455
414 369 450 328
57 152 292 70 491
121 168 316 385
162 331 95 281
415 274 239 158
398 355 45 427
238 103 361
353 443 419
139 178 176
368 440
289 339
160 465 3
249 392
486 442
80 384
282 101
360 49
8 399 16 61 2
268 276 104 202 455
414 369 450 328
57 152 292 70 491
121 168 316 385
162 331 95 281
415 274 239 158
398 355 45 427
238 103 361
353 443 419
139 178 176
368 440
289 339
160 465 3
249 392
486 442
80 384
282 101
360 49
472 308
8 399 16 61 2
268 276 104 202 455
414 369 450 328
57 152 292 70 491
121 168 316 385
162 331 95 281
415 274 239 158
398 355 45 427
238 103 361
353 443 419
139 178 176
368 440
289 339
160 465 3
249 392
486 442
80 384
282 101
360 49
472 308
55 22
8 399 16 61 2
268 276 104 202 455
414 369 450 328
57 152 292 70 491
121 168 316 385
162 331 95 281
415 274 239 158
398 355 45 427
238 103 361
353 443 419
139 178 176
368 440
289 339
160 465 3
249 392
486 442
80 384
282 101
360 49
472 308
55 22
347 220
8 399 16 61 2
268 276 104 202 455
414 369 450 328
57 152 292 70 491
121 168 316 385
162 331 95 281
415 274 239 158
398 355 45 427
238 103 361
353 443 419
139 178 176
368 440
289 339
160 465 3
249 392
486 442
80 384
282 101
360 49
472 308
55 22
347 220
340 374
8 399 16 61 2
268 276 104 202 455
414 369 450 328
57 152 292 70 491
121 168 316 385
162 331 95 281
415 274 239 158
398 355 45 427
238 103 361
353 443 419
139 178 176
368 440
289 339
160 465 3
249 392
486 442
80 384
282 101
360 49
472 308
55 22
347 220
340 374
6 334
8 399 16 61 2
268 276 104 202 455
414 369 450 328
57 152 292 70 491
121 168 316 385
162 331 95 281
415 274 239 158
398 355 45 427
238 103 361
353 443 419
139 178 176
368 440
289 339
160 465 3
249 392
486 442
80 384
282 101
360 49
472 308
55 22
347 220
340 374
6 334
7 372
8 399 16 61 2
268 276 104 202 455
414 369 450 328
57 152 292 70 491
121 168 316 385
162 331 95 281
415 274 239 158
398 355 45 427
238 103 361
353 443 419
139 178 176
368 440
289 339
160 465 3
249 392
486 442
80 384
282 101
360 49
472 308
55 22
347 220
340 374
6 334
7 372
5 196
8 399 16 61 2
268 276 104 202 455
414 369 450 328
57 152 292 70 491
121 168 316 385
162 331 95 281
415 274 239 158
398 355 45 427
238 103 361
353 443 419
139 178 176
368 440
289 339
160 465 3
249 392
486 442
80 384
282 101
360 49
472 308
55 22
347 220
340 374
6 334
7 372
5 196
175 165
