136 26 97 171 58
136 26 97 171 58
109 46 137 167 31
136 26 97 171 58
109 46 137 167 31
129 30 158 114 48
136 26 97 171 58
109 46 137 167 31
129 30 158 114 48
70 12 5 20 103
136 26 97 171 58
109 46 137 167 31
129 30 158 114 48
70 12 5 20 103
198 53 106 57 186
136 26 97 171 58
109 46 137 167 31
129 30 158 114 48
70 12 5 20 103
198 53 106 57 186
96 94 187 41 185
136 26 97 171 58
109 46 137 167 31
129 30 158 114 48
70 12 5 20 103
198 53 106 57 186
96 94 187 41 185
194 161 64 118 51
136 26 97 171 58
109 46 137 167 31
129 30 158 114 48
70 12 5 20 103
198 53 106 57 186
96 94 187 41 185
194 161 64 118 51
175 123 76 39 90
136 26 97 171 58
109 46 137 167 31
129 30 158 114 48
70 12 5 20 103
198 53 106 57 186
96 94 187 41 185
194 161 64 118 51
175 123 76 39 90
105 99 32 77 144
136 26 97 171 58
109 46 137 167 31
129 30 158 114 48
70 12 5 20 103
198 53 106 57 186
96 94 187 41 185
194 161 64 118 51
175 123 76 39 90
105 99 32 77 144
75 152 164 179 128
