376 387 132 182 307
143 240 91 48 436
472 153 187 175 79
191 314 287 47 95
437 373 394 39 458
339 152 244 319 56
341 273 455 131 278
40 74 377 119
251 260 296 352 447
219 342 443 370 30
170 439 386 248 432
58 330 65 178
374 63 145 201 270
14 140 52 105 23
206 482 174 172 277
257 390 283 323 434
261 419 427 9 42
326 227 220 295 331
411 241 10 391 269
478 410 268 368
252 388 54 139
353 60 87 264 97
59 82 484 21 416
228 385 464 325 328
44 100 93 163
473 238 483
162 384 192
297 403 101
463 118 102
366 418 321 347
337 138 116
22 69
197 449
299 348
154 110 72
361 237
379 0
148 450 53
453 285
495 276 461
397 84
405 112
440 490
231 129
27 492 311
137 81 135
209 123 233
156 159
214 136
392 354
158 306
224 36
243 389
356 497
85 335
71 466
