287 178 260 37 160
29 450 321 165 42
413 80 367 89 290
304 220 77 33 373
397 438 21 27 323
49 372 184 362 22
32 473 15 188 204
356 222 226 268 145
63 44 105 412 342
136 2 403 140 157
418 276 39 161 10
28 52 20 3 202
444 62 441 472 76
493 461 424 475 433
0 189 13 484 110
106 65 317 491 7
193 453 6 115 338
120 343 114 14 467
407 40 54 124 176
47 30 190 1 333
149 141 122 179 328
71 91 358 465 251
311 380 310 9 172
388 150 466 422 309
180 296 392 224 481
494 46 23 182 11
243 18 50 264 414
281 132 263 128 301
331 85 485 8 330
38 34 399 406 129
327 57 351 55 318
223 153 24 480 127
476 41 209 45 423
230 439 43 201 445
349 67 427 490 316
194 256 394 354 167
303 275 211 117 229
137 148 17 191 64
429 353 35 25 345
244 100 207 378 4
113 36 302 434 395
477 386 319 249 487
51 314 214 19 93
88 74 241 464 233
483 458 199 469 448
460 16 123 68 60
90 451 101 468 26
400 118 391 103 447
146 396 195 31 489
366 254 298 402 217
