171 172
171 172
301 321
171 172
301 321
59 39
171 172
301 321
59 39
93 70
171 172
301 321
59 39
93 70
422 421
171 172
301 321
59 39
93 70
422 421
65 66
171 172
301 321
59 39
93 70
422 421
65 66
246 226
171 172
301 321
59 39
93 70
422 421
65 66
246 226
265 288
171 172
301 321
59 39
93 70
422 421
65 66
246 226
265 288
351 350
171 172
301 321
59 39
93 70
422 421
65 66
246 226
265 288
351 350
293 294
171 172
301 321
59 39
93 70
422 421
65 66
246 226
265 288
351 350
293 294
224 225
171 172
301 321
59 39
93 70
422 421
65 66
246 226
265 288
351 350
293 294
224 225
414 394
171 172
301 321
59 39
93 70
422 421
65 66
246 226
265 288
351 350
293 294
224 225
414 394
289 290
171 172
301 321
59 39
93 70
422 421
65 66
246 226
265 288
351 350
293 294
224 225
414 394
289 290
264 263
171 172
301 321
59 39
93 70
422 421
65 66
246 226
265 288
351 350
293 294
224 225
414 394
289 290
264 263
44 21
171 172
301 321
59 39
93 70
422 421
65 66
246 226
265 288
351 350
293 294
224 225
414 394
289 290
264 263
44 21
136 135
