302 225 234 416 324
428 163 403 370 304
414 250 262 386 244
246 475 441 381 200
194 332 366 131 30
335 393 72 125 233
162 376 325 82 138
305 91 434 270 239
57 291 323 98 258
367 437 87 298 289
268 264 236 417 389
212 6 344 44 449
154 103 34 65 411
152 463 192 337 176
29 10 104 33 439
56 74 265 331 314
445 284 155 334 206
446 476 444 229 110
457 241 85 380 39
379 108 42 330 359
60 238 269 489 159
310 400 443 148 24
12 183 371 193 80
168 216 153 116 496
92 18 68 195 143
215 375 77 320 435
425 263 22 401 378
1 112 276 189 38
61 261 217 442 346
48 70 149 83 279
121 456 303 20 470
210 115 350 213 64
424 490 396 198 78
135 260 132 97 498
423 158 232 49 208
309 150 160 266 165
287 174 118 362 481
452 3 282 356 480
109 259 422 156 9
404 491 352 242 432
50 369 161 343 351
354 188 465 207 347
368 172 482 316 313
419 145 175 277 319
96 180 382 226 409
59 186 338 363 256
81 299 2 62 461
451 255 120 167 245
293 0 247 86 487
140 493 94 66 473
