4 357 446 145 330
4 357 446 145 330
305 418 193 401 0
4 357 446 145 330
305 418 193 401 0
317 1 231 155 41
4 357 446 145 330
305 418 193 401 0
317 1 231 155 41
385 142 10 301 318
4 357 446 145 330
305 418 193 401 0
317 1 231 155 41
385 142 10 301 318
280 206 146 128 6
4 357 446 145 330
305 418 193 401 0
317 1 231 155 41
385 142 10 301 318
280 206 146 128 6
22 288 76 282 3
4 357 446 145 330
305 418 193 401 0
317 1 231 155 41
385 142 10 301 318
280 206 146 128 6
22 288 76 282 3
144 14 348 34 59
4 357 446 145 330
305 418 193 401 0
317 1 231 155 41
385 142 10 301 318
280 206 146 128 6
22 288 76 282 3
144 14 348 34 59
285 478 161 437 475
4 357 446 145 330
305 418 193 401 0
317 1 231 155 41
385 142 10 301 318
280 206 146 128 6
22 288 76 282 3
144 14 348 34 59
285 478 161 437 475
302 79 110 175 284
4 357 446 145 330
305 418 193 401 0
317 1 231 155 41
385 142 10 301 318
280 206 146 128 6
22 288 76 282 3
144 14 348 34 59
285 478 161 437 475
302 79 110 175 284
55 20 269 255 426
4 357 446 145 330
305 418 193 401 0
317 1 231 155 41
385 142 10 301 318
280 206 146 128 6
22 288 76 282 3
144 14 348 34 59
285 478 161 437 475
302 79 110 175 284
55 20 269 255 426
435 122 225 238 300
4 357 446 145 330
305 418 193 401 0
317 1 231 155 41
385 142 10 301 318
280 206 146 128 6
22 288 76 282 3
144 14 348 34 59
285 478 161 437 475
302 79 110 175 284
55 20 269 255 426
435 122 225 238 300
203 420 416 69 196
4 357 446 145 330
305 418 193 401 0
317 1 231 155 41
385 142 10 301 318
280 206 146 128 6
22 288 76 282 3
144 14 348 34 59
285 478 161 437 475
302 79 110 175 284
55 20 269 255 426
435 122 225 238 300
203 420 416 69 196
352 31 184 495 71
4 357 446 145 330
305 418 193 401 0
317 1 231 155 41
385 142 10 301 318
280 206 146 128 6
22 288 76 282 3
144 14 348 34 59
285 478 161 437 475
302 79 110 175 284
55 20 269 255 426
435 122 225 238 300
203 420 416 69 196
352 31 184 495 71
232 216 198 113 201
4 357 446 145 330
305 418 193 401 0
317 1 231 155 41
385 142 10 301 318
280 206 146 128 6
22 288 76 282 3
144 14 348 34 59
285 478 161 437 475
302 79 110 175 284
55 20 269 255 426
435 122 225 238 300
203 420 416 69 196
352 31 184 495 71
232 216 198 113 201
359 328 464 267 451
4 357 446 145 330
305 418 193 401 0
317 1 231 155 41
385 142 10 301 318
280 206 146 128 6
22 288 76 282 3
144 14 348 34 59
285 478 161 437 475
302 79 110 175 284
55 20 269 255 426
435 122 225 238 300
203 420 416 69 196
352 31 184 495 71
232 216 198 113 201
359 328 464 267 451
465 174 313 363 449
4 357 446 145 330
305 418 193 401 0
317 1 231 155 41
385 142 10 301 318
280 206 146 128 6
22 288 76 282 3
144 14 348 34 59
285 478 161 437 475
302 79 110 175 284
55 20 269 255 426
435 122 225 238 300
203 420 416 69 196
352 31 184 495 71
232 216 198 113 201
359 328 464 267 451
465 174 313 363 449
273 390 259 160 341
4 357 446 145 330
305 418 193 401 0
317 1 231 155 41
385 142 10 301 318
280 206 146 128 6
22 288 76 282 3
144 14 348 34 59
285 478 161 437 475
302 79 110 175 284
55 20 269 255 426
435 122 225 238 300
203 420 416 69 196
352 31 184 495 71
232 216 198 113 201
359 328 464 267 451
465 174 313 363 449
273 390 259 160 341
139 393 276 376 190
4 357 446 145 330
305 418 193 401 0
317 1 231 155 41
385 142 10 301 318
280 206 146 128 6
22 288 76 282 3
144 14 348 34 59
285 478 161 437 475
302 79 110 175 284
55 20 269 255 426
435 122 225 238 300
203 420 416 69 196
352 31 184 495 71
232 216 198 113 201
359 328 464 267 451
465 174 313 363 449
273 390 259 160 341
139 393 276 376 190
303 19 192 486
4 357 446 145 330
305 418 193 401 0
317 1 231 155 41
385 142 10 301 318
280 206 146 128 6
22 288 76 282 3
144 14 348 34 59
285 478 161 437 475
302 79 110 175 284
55 20 269 255 426
435 122 225 238 300
203 420 416 69 196
352 31 184 495 71
232 216 198 113 201
359 328 464 267 451
465 174 313 363 449
273 390 259 160 341
139 393 276 376 190
303 19 192 486
194 83 278 384 310
4 357 446 145 330
305 418 193 401 0
317 1 231 155 41
385 142 10 301 318
280 206 146 128 6
22 288 76 282 3
144 14 348 34 59
285 478 161 437 475
302 79 110 175 284
55 20 269 255 426
435 122 225 238 300
203 420 416 69 196
352 31 184 495 71
232 216 198 113 201
359 328 464 267 451
465 174 313 363 449
273 390 259 160 341
139 393 276 376 190
303 19 192 486
194 83 278 384 310
283 413 287 295 374
4 357 446 145 330
305 418 193 401 0
317 1 231 155 41
385 142 10 301 318
280 206 146 128 6
22 288 76 282 3
144 14 348 34 59
285 478 161 437 475
302 79 110 175 284
55 20 269 255 426
435 122 225 238 300
203 420 416 69 196
352 31 184 495 71
232 216 198 113 201
359 328 464 267 451
465 174 313 363 449
273 390 259 160 341
139 393 276 376 190
303 19 192 486
194 83 278 384 310
283 413 287 295 374
386 172 127 237 157
4 357 446 145 330
305 418 193 401 0
317 1 231 155 41
385 142 10 301 318
280 206 146 128 6
22 288 76 282 3
144 14 348 34 59
285 478 161 437 475
302 79 110 175 284
55 20 269 255 426
435 122 225 238 300
203 420 416 69 196
352 31 184 495 71
232 216 198 113 201
359 328 464 267 451
465 174 313 363 449
273 390 259 160 341
139 393 276 376 190
303 19 192 486
194 83 278 384 310
283 413 287 295 374
386 172 127 237 157
66 23 477 408 112
4 357 446 145 330
305 418 193 401 0
317 1 231 155 41
385 142 10 301 318
280 206 146 128 6
22 288 76 282 3
144 14 348 34 59
285 478 161 437 475
302 79 110 175 284
55 20 269 255 426
435 122 225 238 300
203 420 416 69 196
352 31 184 495 71
232 216 198 113 201
359 328 464 267 451
465 174 313 363 449
273 390 259 160 341
139 393 276 376 190
303 19 192 486
194 83 278 384 310
283 413 287 295 374
386 172 127 237 157
66 23 477 408 112
77 28 148 432 334
4 357 446 145 330
305 418 193 401 0
317 1 231 155 41
385 142 10 301 318
280 206 146 128 6
22 288 76 282 3
144 14 348 34 59
285 478 161 437 475
302 79 110 175 284
55 20 269 255 426
435 122 225 238 300
203 420 416 69 196
352 31 184 495 71
232 216 198 113 201
359 328 464 267 451
465 174 313 363 449
273 390 259 160 341
139 393 276 376 190
303 19 192 486
194 83 278 384 310
283 413 287 295 374
386 172 127 237 157
66 23 477 408 112
77 28 148 432 334
50 339 262 125 387
4 357 446 145 330
305 418 193 401 0
317 1 231 155 41
385 142 10 301 318
280 206 146 128 6
22 288 76 282 3
144 14 348 34 59
285 478 161 437 475
302 79 110 175 284
55 20 269 255 426
435 122 225 238 300
203 420 416 69 196
352 31 184 495 71
232 216 198 113 201
359 328 464 267 451
465 174 313 363 449
273 390 259 160 341
139 393 276 376 190
303 19 192 486
194 83 278 384 310
283 413 287 295 374
386 172 127 237 157
66 23 477 408 112
77 28 148 432 334
50 339 262 125 387
490 293 164 75 494
4 357 446 145 330
305 418 193 401 0
317 1 231 155 41
385 142 10 301 318
280 206 146 128 6
22 288 76 282 3
144 14 348 34 59
285 478 161 437 475
302 79 110 175 284
55 20 269 255 426
435 122 225 238 300
203 420 416 69 196
352 31 184 495 71
232 216 198 113 201
359 328 464 267 451
465 174 313 363 449
273 390 259 160 341
139 393 276 376 190
303 19 192 486
194 83 278 384 310
283 413 287 295 374
386 172 127 237 157
66 23 477 408 112
77 28 148 432 334
50 339 262 125 387
490 293 164 75 494
126 298 86 45 392
4 357 446 145 330
305 418 193 401 0
317 1 231 155 41
385 142 10 301 318
280 206 146 128 6
22 288 76 282 3
144 14 348 34 59
285 478 161 437 475
302 79 110 175 284
55 20 269 255 426
435 122 225 238 300
203 420 416 69 196
352 31 184 495 71
232 216 198 113 201
359 328 464 267 451
465 174 313 363 449
273 390 259 160 341
139 393 276 376 190
303 19 192 486
194 83 278 384 310
283 413 287 295 374
386 172 127 237 157
66 23 477 408 112
77 28 148 432 334
50 339 262 125 387
490 293 164 75 494
126 298 86 45 392
181 236 404 450 215
4 357 446 145 330
305 418 193 401 0
317 1 231 155 41
385 142 10 301 318
280 206 146 128 6
22 288 76 282 3
144 14 348 34 59
285 478 161 437 475
302 79 110 175 284
55 20 269 255 426
435 122 225 238 300
203 420 416 69 196
352 31 184 495 71
232 216 198 113 201
359 328 464 267 451
465 174 313 363 449
273 390 259 160 341
139 393 276 376 190
303 19 192 486
194 83 278 384 310
283 413 287 295 374
386 172 127 237 157
66 23 477 408 112
77 28 148 432 334
50 339 262 125 387
490 293 164 75 494
126 298 86 45 392
181 236 404 450 215
270 57 400 442 248
4 357 446 145 330
305 418 193 401 0
317 1 231 155 41
385 142 10 301 318
280 206 146 128 6
22 288 76 282 3
144 14 348 34 59
285 478 161 437 475
302 79 110 175 284
55 20 269 255 426
435 122 225 238 300
203 420 416 69 196
352 31 184 495 71
232 216 198 113 201
359 328 464 267 451
465 174 313 363 449
273 390 259 160 341
139 393 276 376 190
303 19 192 486
194 83 278 384 310
283 413 287 295 374
386 172 127 237 157
66 23 477 408 112
77 28 148 432 334
50 339 262 125 387
490 293 164 75 494
126 298 86 45 392
181 236 404 450 215
270 57 400 442 248
120 258 361 58 205
4 357 446 145 330
305 418 193 401 0
317 1 231 155 41
385 142 10 301 318
280 206 146 128 6
22 288 76 282 3
144 14 348 34 59
285 478 161 437 475
302 79 110 175 284
55 20 269 255 426
435 122 225 238 300
203 420 416 69 196
352 31 184 495 71
232 216 198 113 201
359 328 464 267 451
465 174 313 363 449
273 390 259 160 341
139 393 276 376 190
303 19 192 486
194 83 278 384 310
283 413 287 295 374
386 172 127 237 157
66 23 477 408 112
77 28 148 432 334
50 339 262 125 387
490 293 164 75 494
126 298 86 45 392
181 236 404 450 215
270 57 400 442 248
120 258 361 58 205
43 307 102 260 253
4 357 446 145 330
305 418 193 401 0
317 1 231 155 41
385 142 10 301 318
280 206 146 128 6
22 288 76 282 3
144 14 348 34 59
285 478 161 437 475
302 79 110 175 284
55 20 269 255 426
435 122 225 238 300
203 420 416 69 196
352 31 184 495 71
232 216 198 113 201
359 328 464 267 451
465 174 313 363 449
273 390 259 160 341
139 393 276 376 190
303 19 192 486
194 83 278 384 310
283 413 287 295 374
386 172 127 237 157
66 23 477 408 112
77 28 148 432 334
50 339 262 125 387
490 293 164 75 494
126 298 86 45 392
181 236 404 450 215
270 57 400 442 248
120 258 361 58 205
43 307 102 260 253
88 166 373 239
4 357 446 145 330
305 418 193 401 0
317 1 231 155 41
385 142 10 301 318
280 206 146 128 6
22 288 76 282 3
144 14 348 34 59
285 478 161 437 475
302 79 110 175 284
55 20 269 255 426
435 122 225 238 300
203 420 416 69 196
352 31 184 495 71
232 216 198 113 201
359 328 464 267 451
465 174 313 363 449
273 390 259 160 341
139 393 276 376 190
303 19 192 486
194 83 278 384 310
283 413 287 295 374
386 172 127 237 157
66 23 477 408 112
77 28 148 432 334
50 339 262 125 387
490 293 164 75 494
126 298 86 45 392
181 236 404 450 215
270 57 400 442 248
120 258 361 58 205
43 307 102 260 253
88 166 373 239
159 151 463 165
4 357 446 145 330
305 418 193 401 0
317 1 231 155 41
385 142 10 301 318
280 206 146 128 6
22 288 76 282 3
144 14 348 34 59
285 478 161 437 475
302 79 110 175 284
55 20 269 255 426
435 122 225 238 300
203 420 416 69 196
352 31 184 495 71
232 216 198 113 201
359 328 464 267 451
465 174 313 363 449
273 390 259 160 341
139 393 276 376 190
303 19 192 486
194 83 278 384 310
283 413 287 295 374
386 172 127 237 157
66 23 477 408 112
77 28 148 432 334
50 339 262 125 387
490 293 164 75 494
126 298 86 45 392
181 236 404 450 215
270 57 400 442 248
120 258 361 58 205
43 307 102 260 253
88 166 373 239
159 151 463 165
394 429 481 268
4 357 446 145 330
305 418 193 401 0
317 1 231 155 41
385 142 10 301 318
280 206 146 128 6
22 288 76 282 3
144 14 348 34 59
285 478 161 437 475
302 79 110 175 284
55 20 269 255 426
435 122 225 238 300
203 420 416 69 196
352 31 184 495 71
232 216 198 113 201
359 328 464 267 451
465 174 313 363 449
273 390 259 160 341
139 393 276 376 190
303 19 192 486
194 83 278 384 310
283 413 287 295 374
386 172 127 237 157
66 23 477 408 112
77 28 148 432 334
50 339 262 125 387
490 293 164 75 494
126 298 86 45 392
181 236 404 450 215
270 57 400 442 248
120 258 361 58 205
43 307 102 260 253
88 166 373 239
159 151 463 165
394 429 481 268
289 218 96 458
4 357 446 145 330
305 418 193 401 0
317 1 231 155 41
385 142 10 301 318
280 206 146 128 6
22 288 76 282 3
144 14 348 34 59
285 478 161 437 475
302 79 110 175 284
55 20 269 255 426
435 122 225 238 300
203 420 416 69 196
352 31 184 495 71
232 216 198 113 201
359 328 464 267 451
465 174 313 363 449
273 390 259 160 341
139 393 276 376 190
303 19 192 486
194 83 278 384 310
283 413 287 295 374
386 172 127 237 157
66 23 477 408 112
77 28 148 432 334
50 339 262 125 387
490 293 164 75 494
126 298 86 45 392
181 236 404 450 215
270 57 400 442 248
120 258 361 58 205
43 307 102 260 253
88 166 373 239
159 151 463 165
394 429 481 268
289 218 96 458
417 309 440 329
4 357 446 145 330
305 418 193 401 0
317 1 231 155 41
385 142 10 301 318
280 206 146 128 6
22 288 76 282 3
144 14 348 34 59
285 478 161 437 475
302 79 110 175 284
55 20 269 255 426
435 122 225 238 300
203 420 416 69 196
352 31 184 495 71
232 216 198 113 201
359 328 464 267 451
465 174 313 363 449
273 390 259 160 341
139 393 276 376 190
303 19 192 486
194 83 278 384 310
283 413 287 295 374
386 172 127 237 157
66 23 477 408 112
77 28 148 432 334
50 339 262 125 387
490 293 164 75 494
126 298 86 45 392
181 236 404 450 215
270 57 400 442 248
120 258 361 58 205
43 307 102 260 253
88 166 373 239
159 151 463 165
394 429 481 268
289 218 96 458
417 309 440 329
321 217 170 403
4 357 446 145 330
305 418 193 401 0
317 1 231 155 41
385 142 10 301 318
280 206 146 128 6
22 288 76 282 3
144 14 348 34 59
285 478 161 437 475
302 79 110 175 284
55 20 269 255 426
435 122 225 238 300
203 420 416 69 196
352 31 184 495 71
232 216 198 113 201
359 328 464 267 451
465 174 313 363 449
273 390 259 160 341
139 393 276 376 190
303 19 192 486
194 83 278 384 310
283 413 287 295 374
386 172 127 237 157
66 23 477 408 112
77 28 148 432 334
50 339 262 125 387
490 293 164 75 494
126 298 86 45 392
181 236 404 450 215
270 57 400 442 248
120 258 361 58 205
43 307 102 260 253
88 166 373 239
159 151 463 165
394 429 481 268
289 218 96 458
417 309 440 329
321 217 170 403
430 368 94 457
4 357 446 145 330
305 418 193 401 0
317 1 231 155 41
385 142 10 301 318
280 206 146 128 6
22 288 76 282 3
144 14 348 34 59
285 478 161 437 475
302 79 110 175 284
55 20 269 255 426
435 122 225 238 300
203 420 416 69 196
352 31 184 495 71
232 216 198 113 201
359 328 464 267 451
465 174 313 363 449
273 390 259 160 341
139 393 276 376 190
303 19 192 486
194 83 278 384 310
283 413 287 295 374
386 172 127 237 157
66 23 477 408 112
77 28 148 432 334
50 339 262 125 387
490 293 164 75 494
126 298 86 45 392
181 236 404 450 215
270 57 400 442 248
120 258 361 58 205
43 307 102 260 253
88 166 373 239
159 151 463 165
394 429 481 268
289 218 96 458
417 309 440 329
321 217 170 403
430 368 94 457
326 221 428
4 357 446 145 330
305 418 193 401 0
317 1 231 155 41
385 142 10 301 318
280 206 146 128 6
22 288 76 282 3
144 14 348 34 59
285 478 161 437 475
302 79 110 175 284
55 20 269 255 426
435 122 225 238 300
203 420 416 69 196
352 31 184 495 71
232 216 198 113 201
359 328 464 267 451
465 174 313 363 449
273 390 259 160 341
139 393 276 376 190
303 19 192 486
194 83 278 384 310
283 413 287 295 374
386 172 127 237 157
66 23 477 408 112
77 28 148 432 334
50 339 262 125 387
490 293 164 75 494
126 298 86 45 392
181 236 404 450 215
270 57 400 442 248
120 258 361 58 205
43 307 102 260 253
88 166 373 239
159 151 463 165
394 429 481 268
289 218 96 458
417 309 440 329
321 217 170 403
430 368 94 457
326 221 428
7 154
4 357 446 145 330
305 418 193 401 0
317 1 231 155 41
385 142 10 301 318
280 206 146 128 6
22 288 76 282 3
144 14 348 34 59
285 478 161 437 475
302 79 110 175 284
55 20 269 255 426
435 122 225 238 300
203 420 416 69 196
352 31 184 495 71
232 216 198 113 201
359 328 464 267 451
465 174 313 363 449
273 390 259 160 341
139 393 276 376 190
303 19 192 486
194 83 278 384 310
283 413 287 295 374
386 172 127 237 157
66 23 477 408 112
77 28 148 432 334
50 339 262 125 387
490 293 164 75 494
126 298 86 45 392
181 236 404 450 215
270 57 400 442 248
120 258 361 58 205
43 307 102 260 253
88 166 373 239
159 151 463 165
394 429 481 268
289 218 96 458
417 309 440 329
321 217 170 403
430 368 94 457
326 221 428
7 154
9 415
4 357 446 145 330
305 418 193 401 0
317 1 231 155 41
385 142 10 301 318
280 206 146 128 6
22 288 76 282 3
144 14 348 34 59
285 478 161 437 475
302 79 110 175 284
55 20 269 255 426
435 122 225 238 300
203 420 416 69 196
352 31 184 495 71
232 216 198 113 201
359 328 464 267 451
465 174 313 363 449
273 390 259 160 341
139 393 276 376 190
303 19 192 486
194 83 278 384 310
283 413 287 295 374
386 172 127 237 157
66 23 477 408 112
77 28 148 432 334
50 339 262 125 387
490 293 164 75 494
126 298 86 45 392
181 236 404 450 215
270 57 400 442 248
120 258 361 58 205
43 307 102 260 253
88 166 373 239
159 151 463 165
394 429 481 268
289 218 96 458
417 309 440 329
321 217 170 403
430 368 94 457
326 221 428
7 154
9 415
275 103 68
4 357 446 145 330
305 418 193 401 0
317 1 231 155 41
385 142 10 301 318
280 206 146 128 6
22 288 76 282 3
144 14 348 34 59
285 478 161 437 475
302 79 110 175 284
55 20 269 255 426
435 122 225 238 300
203 420 416 69 196
352 31 184 495 71
232 216 198 113 201
359 328 464 267 451
465 174 313 363 449
273 390 259 160 341
139 393 276 376 190
303 19 192 486
194 83 278 384 310
283 413 287 295 374
386 172 127 237 157
66 23 477 408 112
77 28 148 432 334
50 339 262 125 387
490 293 164 75 494
126 298 86 45 392
181 236 404 450 215
270 57 400 442 248
120 258 361 58 205
43 307 102 260 253
88 166 373 239
159 151 463 165
394 429 481 268
289 218 96 458
417 309 440 329
321 217 170 403
430 368 94 457
326 221 428
7 154
9 415
275 103 68
211 455 431
4 357 446 145 330
305 418 193 401 0
317 1 231 155 41
385 142 10 301 318
280 206 146 128 6
22 288 76 282 3
144 14 348 34 59
285 478 161 437 475
302 79 110 175 284
55 20 269 255 426
435 122 225 238 300
203 420 416 69 196
352 31 184 495 71
232 216 198 113 201
359 328 464 267 451
465 174 313 363 449
273 390 259 160 341
139 393 276 376 190
303 19 192 486
194 83 278 384 310
283 413 287 295 374
386 172 127 237 157
66 23 477 408 112
77 28 148 432 334
50 339 262 125 387
490 293 164 75 494
126 298 86 45 392
181 236 404 450 215
270 57 400 442 248
120 258 361 58 205
43 307 102 260 253
88 166 373 239
159 151 463 165
394 429 481 268
289 218 96 458
417 309 440 329
321 217 170 403
430 368 94 457
326 221 428
7 154
9 415
275 103 68
211 455 431
337 118 25
4 357 446 145 330
305 418 193 401 0
317 1 231 155 41
385 142 10 301 318
280 206 146 128 6
22 288 76 282 3
144 14 348 34 59
285 478 161 437 475
302 79 110 175 284
55 20 269 255 426
435 122 225 238 300
203 420 416 69 196
352 31 184 495 71
232 216 198 113 201
359 328 464 267 451
465 174 313 363 449
273 390 259 160 341
139 393 276 376 190
303 19 192 486
194 83 278 384 310
283 413 287 295 374
386 172 127 237 157
66 23 477 408 112
77 28 148 432 334
50 339 262 125 387
490 293 164 75 494
126 298 86 45 392
181 236 404 450 215
270 57 400 442 248
120 258 361 58 205
43 307 102 260 253
88 166 373 239
159 151 463 165
394 429 481 268
289 218 96 458
417 309 440 329
321 217 170 403
430 368 94 457
326 221 428
7 154
9 415
275 103 68
211 455 431
337 118 25
340 24 29
4 357 446 145 330
305 418 193 401 0
317 1 231 155 41
385 142 10 301 318
280 206 146 128 6
22 288 76 282 3
144 14 348 34 59
285 478 161 437 475
302 79 110 175 284
55 20 269 255 426
435 122 225 238 300
203 420 416 69 196
352 31 184 495 71
232 216 198 113 201
359 328 464 267 451
465 174 313 363 449
273 390 259 160 341
139 393 276 376 190
303 19 192 486
194 83 278 384 310
283 413 287 295 374
386 172 127 237 157
66 23 477 408 112
77 28 148 432 334
50 339 262 125 387
490 293 164 75 494
126 298 86 45 392
181 236 404 450 215
270 57 400 442 248
120 258 361 58 205
43 307 102 260 253
88 166 373 239
159 151 463 165
394 429 481 268
289 218 96 458
417 309 440 329
321 217 170 403
430 368 94 457
326 221 428
7 154
9 415
275 103 68
211 455 431
337 118 25
340 24 29
414 411 27
4 357 446 145 330
305 418 193 401 0
317 1 231 155 41
385 142 10 301 318
280 206 146 128 6
22 288 76 282 3
144 14 348 34 59
285 478 161 437 475
302 79 110 175 284
55 20 269 255 426
435 122 225 238 300
203 420 416 69 196
352 31 184 495 71
232 216 198 113 201
359 328 464 267 451
465 174 313 363 449
273 390 259 160 341
139 393 276 376 190
303 19 192 486
194 83 278 384 310
283 413 287 295 374
386 172 127 237 157
66 23 477 408 112
77 28 148 432 334
50 339 262 125 387
490 293 164 75 494
126 298 86 45 392
181 236 404 450 215
270 57 400 442 248
120 258 361 58 205
43 307 102 260 253
88 166 373 239
159 151 463 165
394 429 481 268
289 218 96 458
417 309 440 329
321 217 170 403
430 368 94 457
326 221 428
7 154
9 415
275 103 68
211 455 431
337 118 25
340 24 29
414 411 27
453 271 461
4 357 446 145 330
305 418 193 401 0
317 1 231 155 41
385 142 10 301 318
280 206 146 128 6
22 288 76 282 3
144 14 348 34 59
285 478 161 437 475
302 79 110 175 284
55 20 269 255 426
435 122 225 238 300
203 420 416 69 196
352 31 184 495 71
232 216 198 113 201
359 328 464 267 451
465 174 313 363 449
273 390 259 160 341
139 393 276 376 190
303 19 192 486
194 83 278 384 310
283 413 287 295 374
386 172 127 237 157
66 23 477 408 112
77 28 148 432 334
50 339 262 125 387
490 293 164 75 494
126 298 86 45 392
181 236 404 450 215
270 57 400 442 248
120 258 361 58 205
43 307 102 260 253
88 166 373 239
159 151 463 165
394 429 481 268
289 218 96 458
417 309 440 329
321 217 170 403
430 368 94 457
326 221 428
7 154
9 415
275 103 68
211 455 431
337 118 25
340 24 29
414 411 27
453 271 461
346 179 436
4 357 446 145 330
305 418 193 401 0
317 1 231 155 41
385 142 10 301 318
280 206 146 128 6
22 288 76 282 3
144 14 348 34 59
285 478 161 437 475
302 79 110 175 284
55 20 269 255 426
435 122 225 238 300
203 420 416 69 196
352 31 184 495 71
232 216 198 113 201
359 328 464 267 451
465 174 313 363 449
273 390 259 160 341
139 393 276 376 190
303 19 192 486
194 83 278 384 310
283 413 287 295 374
386 172 127 237 157
66 23 477 408 112
77 28 148 432 334
50 339 262 125 387
490 293 164 75 494
126 298 86 45 392
181 236 404 450 215
270 57 400 442 248
120 258 361 58 205
43 307 102 260 253
88 166 373 239
159 151 463 165
394 429 481 268
289 218 96 458
417 309 440 329
321 217 170 403
430 368 94 457
326 221 428
7 154
9 415
275 103 68
211 455 431
337 118 25
340 24 29
414 411 27
453 271 461
346 179 436
97 286 388
4 357 446 145 330
305 418 193 401 0
317 1 231 155 41
385 142 10 301 318
280 206 146 128 6
22 288 76 282 3
144 14 348 34 59
285 478 161 437 475
302 79 110 175 284
55 20 269 255 426
435 122 225 238 300
203 420 416 69 196
352 31 184 495 71
232 216 198 113 201
359 328 464 267 451
465 174 313 363 449
273 390 259 160 341
139 393 276 376 190
303 19 192 486
194 83 278 384 310
283 413 287 295 374
386 172 127 237 157
66 23 477 408 112
77 28 148 432 334
50 339 262 125 387
490 293 164 75 494
126 298 86 45 392
181 236 404 450 215
270 57 400 442 248
120 258 361 58 205
43 307 102 260 253
88 166 373 239
159 151 463 165
394 429 481 268
289 218 96 458
417 309 440 329
321 217 170 403
430 368 94 457
326 221 428
7 154
9 415
275 103 68
211 455 431
337 118 25
340 24 29
414 411 27
453 271 461
346 179 436
97 286 388
306 229 389
4 357 446 145 330
305 418 193 401 0
317 1 231 155 41
385 142 10 301 318
280 206 146 128 6
22 288 76 282 3
144 14 348 34 59
285 478 161 437 475
302 79 110 175 284
55 20 269 255 426
435 122 225 238 300
203 420 416 69 196
352 31 184 495 71
232 216 198 113 201
359 328 464 267 451
465 174 313 363 449
273 390 259 160 341
139 393 276 376 190
303 19 192 486
194 83 278 384 310
283 413 287 295 374
386 172 127 237 157
66 23 477 408 112
77 28 148 432 334
50 339 262 125 387
490 293 164 75 494
126 298 86 45 392
181 236 404 450 215
270 57 400 442 248
120 258 361 58 205
43 307 102 260 253
88 166 373 239
159 151 463 165
394 429 481 268
289 218 96 458
417 309 440 329
321 217 170 403
430 368 94 457
326 221 428
7 154
9 415
275 103 68
211 455 431
337 118 25
340 24 29
414 411 27
453 271 461
346 179 436
97 286 388
306 229 389
266 447
4 357 446 145 330
305 418 193 401 0
317 1 231 155 41
385 142 10 301 318
280 206 146 128 6
22 288 76 282 3
144 14 348 34 59
285 478 161 437 475
302 79 110 175 284
55 20 269 255 426
435 122 225 238 300
203 420 416 69 196
352 31 184 495 71
232 216 198 113 201
359 328 464 267 451
465 174 313 363 449
273 390 259 160 341
139 393 276 376 190
303 19 192 486
194 83 278 384 310
283 413 287 295 374
386 172 127 237 157
66 23 477 408 112
77 28 148 432 334
50 339 262 125 387
490 293 164 75 494
126 298 86 45 392
181 236 404 450 215
270 57 400 442 248
120 258 361 58 205
43 307 102 260 253
88 166 373 239
159 151 463 165
394 429 481 268
289 218 96 458
417 309 440 329
321 217 170 403
430 368 94 457
326 221 428
7 154
9 415
275 103 68
211 455 431
337 118 25
340 24 29
414 411 27
453 271 461
346 179 436
97 286 388
306 229 389
266 447
101 189
4 357 446 145 330
305 418 193 401 0
317 1 231 155 41
385 142 10 301 318
280 206 146 128 6
22 288 76 282 3
144 14 348 34 59
285 478 161 437 475
302 79 110 175 284
55 20 269 255 426
435 122 225 238 300
203 420 416 69 196
352 31 184 495 71
232 216 198 113 201
359 328 464 267 451
465 174 313 363 449
273 390 259 160 341
139 393 276 376 190
303 19 192 486
194 83 278 384 310
283 413 287 295 374
386 172 127 237 157
66 23 477 408 112
77 28 148 432 334
50 339 262 125 387
490 293 164 75 494
126 298 86 45 392
181 236 404 450 215
270 57 400 442 248
120 258 361 58 205
43 307 102 260 253
88 166 373 239
159 151 463 165
394 429 481 268
289 218 96 458
417 309 440 329
321 217 170 403
430 368 94 457
326 221 428
7 154
9 415
275 103 68
211 455 431
337 118 25
340 24 29
414 411 27
453 271 461
346 179 436
97 286 388
306 229 389
266 447
101 189
48 197
4 357 446 145 330
305 418 193 401 0
317 1 231 155 41
385 142 10 301 318
280 206 146 128 6
22 288 76 282 3
144 14 348 34 59
285 478 161 437 475
302 79 110 175 284
55 20 269 255 426
435 122 225 238 300
203 420 416 69 196
352 31 184 495 71
232 216 198 113 201
359 328 464 267 451
465 174 313 363 449
273 390 259 160 341
139 393 276 376 190
303 19 192 486
194 83 278 384 310
283 413 287 295 374
386 172 127 237 157
66 23 477 408 112
77 28 148 432 334
50 339 262 125 387
490 293 164 75 494
126 298 86 45 392
181 236 404 450 215
270 57 400 442 248
120 258 361 58 205
43 307 102 260 253
88 166 373 239
159 151 463 165
394 429 481 268
289 218 96 458
417 309 440 329
321 217 170 403
430 368 94 457
326 221 428
7 154
9 415
275 103 68
211 455 431
337 118 25
340 24 29
414 411 27
453 271 461
346 179 436
97 286 388
306 229 389
266 447
101 189
48 197
459 235
4 357 446 145 330
305 418 193 401 0
317 1 231 155 41
385 142 10 301 318
280 206 146 128 6
22 288 76 282 3
144 14 348 34 59
285 478 161 437 475
302 79 110 175 284
55 20 269 255 426
435 122 225 238 300
203 420 416 69 196
352 31 184 495 71
232 216 198 113 201
359 328 464 267 451
465 174 313 363 449
273 390 259 160 341
139 393 276 376 190
303 19 192 486
194 83 278 384 310
283 413 287 295 374
386 172 127 237 157
66 23 477 408 112
77 28 148 432 334
50 339 262 125 387
490 293 164 75 494
126 298 86 45 392
181 236 404 450 215
270 57 400 442 248
120 258 361 58 205
43 307 102 260 253
88 166 373 239
159 151 463 165
394 429 481 268
289 218 96 458
417 309 440 329
321 217 170 403
430 368 94 457
326 221 428
7 154
9 415
275 103 68
211 455 431
337 118 25
340 24 29
414 411 27
453 271 461
346 179 436
97 286 388
306 229 389
266 447
101 189
48 197
459 235
292 99
4 357 446 145 330
305 418 193 401 0
317 1 231 155 41
385 142 10 301 318
280 206 146 128 6
22 288 76 282 3
144 14 348 34 59
285 478 161 437 475
302 79 110 175 284
55 20 269 255 426
435 122 225 238 300
203 420 416 69 196
352 31 184 495 71
232 216 198 113 201
359 328 464 267 451
465 174 313 363 449
273 390 259 160 341
139 393 276 376 190
303 19 192 486
194 83 278 384 310
283 413 287 295 374
386 172 127 237 157
66 23 477 408 112
77 28 148 432 334
50 339 262 125 387
490 293 164 75 494
126 298 86 45 392
181 236 404 450 215
270 57 400 442 248
120 258 361 58 205
43 307 102 260 253
88 166 373 239
159 151 463 165
394 429 481 268
289 218 96 458
417 309 440 329
321 217 170 403
430 368 94 457
326 221 428
7 154
9 415
275 103 68
211 455 431
337 118 25
340 24 29
414 411 27
453 271 461
346 179 436
97 286 388
306 229 389
266 447
101 189
48 197
459 235
292 99
219 382
4 357 446 145 330
305 418 193 401 0
317 1 231 155 41
385 142 10 301 318
280 206 146 128 6
22 288 76 282 3
144 14 348 34 59
285 478 161 437 475
302 79 110 175 284
55 20 269 255 426
435 122 225 238 300
203 420 416 69 196
352 31 184 495 71
232 216 198 113 201
359 328 464 267 451
465 174 313 363 449
273 390 259 160 341
139 393 276 376 190
303 19 192 486
194 83 278 384 310
283 413 287 295 374
386 172 127 237 157
66 23 477 408 112
77 28 148 432 334
50 339 262 125 387
490 293 164 75 494
126 298 86 45 392
181 236 404 450 215
270 57 400 442 248
120 258 361 58 205
43 307 102 260 253
88 166 373 239
159 151 463 165
394 429 481 268
289 218 96 458
417 309 440 329
321 217 170 403
430 368 94 457
326 221 428
7 154
9 415
275 103 68
211 455 431
337 118 25
340 24 29
414 411 27
453 271 461
346 179 436
97 286 388
306 229 389
266 447
101 189
48 197
459 235
292 99
219 382
254 223
4 357 446 145 330
305 418 193 401 0
317 1 231 155 41
385 142 10 301 318
280 206 146 128 6
22 288 76 282 3
144 14 348 34 59
285 478 161 437 475
302 79 110 175 284
55 20 269 255 426
435 122 225 238 300
203 420 416 69 196
352 31 184 495 71
232 216 198 113 201
359 328 464 267 451
465 174 313 363 449
273 390 259 160 341
139 393 276 376 190
303 19 192 486
194 83 278 384 310
283 413 287 295 374
386 172 127 237 157
66 23 477 408 112
77 28 148 432 334
50 339 262 125 387
490 293 164 75 494
126 298 86 45 392
181 236 404 450 215
270 57 400 442 248
120 258 361 58 205
43 307 102 260 253
88 166 373 239
159 151 463 165
394 429 481 268
289 218 96 458
417 309 440 329
321 217 170 403
430 368 94 457
326 221 428
7 154
9 415
275 103 68
211 455 431
337 118 25
340 24 29
414 411 27
453 271 461
346 179 436
97 286 388
306 229 389
266 447
101 189
48 197
459 235
292 99
219 382
254 223
47 133
