219 198 456 90 189
219 198 456 90 189
312 243 21 27 492
219 198 456 90 189
312 243 21 27 492
255 288 366 237 228
219 198 456 90 189
312 243 21 27 492
255 288 366 237 228
408 462 477 177 171
219 198 456 90 189
312 243 21 27 492
255 288 366 237 228
408 462 477 177 171
33 111 474 324 57
219 198 456 90 189
312 243 21 27 492
255 288 366 237 228
408 462 477 177 171
33 111 474 324 57
459 126 45 438 429
219 198 456 90 189
312 243 21 27 492
255 288 366 237 228
408 462 477 177 171
33 111 474 324 57
459 126 45 438 429
36 345 390 204 207
219 198 456 90 189
312 243 21 27 492
255 288 366 237 228
408 462 477 177 171
33 111 474 324 57
459 126 45 438 429
36 345 390 204 207
186 105 402 129 241
219 198 456 90 189
312 243 21 27 492
255 288 366 237 228
408 462 477 177 171
33 111 474 324 57
459 126 45 438 429
36 345 390 204 207
186 105 402 129 241
61 387 417 252 351
219 198 456 90 189
312 243 21 27 492
255 288 366 237 228
408 462 477 177 171
33 111 474 324 57
459 126 45 438 429
36 345 390 204 207
186 105 402 129 241
61 387 417 252 351
235 60 117 63 423
219 198 456 90 189
312 243 21 27 492
255 288 366 237 228
408 462 477 177 171
33 111 474 324 57
459 126 45 438 429
36 345 390 204 207
186 105 402 129 241
61 387 417 252 351
235 60 117 63 423
470 348 495 300 24
219 198 456 90 189
312 243 21 27 492
255 288 366 237 228
408 462 477 177 171
33 111 474 324 57
459 126 45 438 429
36 345 390 204 207
186 105 402 129 241
61 387 417 252 351
235 60 117 63 423
470 348 495 300 24
93 336 282 414 4
219 198 456 90 189
312 243 21 27 492
255 288 366 237 228
408 462 477 177 171
33 111 474 324 57
459 126 45 438 429
36 345 390 204 207
186 105 402 129 241
61 387 417 252 351
235 60 117 63 423
470 348 495 300 24
93 336 282 414 4
244 297 183 168 180
219 198 456 90 189
312 243 21 27 492
255 288 366 237 228
408 462 477 177 171
33 111 474 324 57
459 126 45 438 429
36 345 390 204 207
186 105 402 129 241
61 387 417 252 351
235 60 117 63 423
470 348 495 300 24
93 336 282 414 4
244 297 183 168 180
485 246 174 18 372
219 198 456 90 189
312 243 21 27 492
255 288 366 237 228
408 462 477 177 171
33 111 474 324 57
459 126 45 438 429
36 345 390 204 207
186 105 402 129 241
61 387 417 252 351
235 60 117 63 423
470 348 495 300 24
93 336 282 414 4
244 297 183 168 180
485 246 174 18 372
330 3 258 144 494
219 198 456 90 189
312 243 21 27 492
255 288 366 237 228
408 462 477 177 171
33 111 474 324 57
459 126 45 438 429
36 345 390 204 207
186 105 402 129 241
61 387 417 252 351
235 60 117 63 423
470 348 495 300 24
93 336 282 414 4
244 297 183 168 180
485 246 174 18 372
330 3 258 144 494
202 381 66 357 447
219 198 456 90 189
312 243 21 27 492
255 288 366 237 228
408 462 477 177 171
33 111 474 324 57
459 126 45 438 429
36 345 390 204 207
186 105 402 129 241
61 387 417 252 351
235 60 117 63 423
470 348 495 300 24
93 336 282 414 4
244 297 183 168 180
485 246 174 18 372
330 3 258 144 494
202 381 66 357 447
87 249 378 454 405
219 198 456 90 189
312 243 21 27 492
255 288 366 237 228
408 462 477 177 171
33 111 474 324 57
459 126 45 438 429
36 345 390 204 207
186 105 402 129 241
61 387 417 252 351
235 60 117 63 423
470 348 495 300 24
93 336 282 414 4
244 297 183 168 180
485 246 174 18 372
330 3 258 144 494
202 381 66 357 447
87 249 378 454 405
498 411 84 418 426
219 198 456 90 189
312 243 21 27 492
255 288 366 237 228
408 462 477 177 171
33 111 474 324 57
459 126 45 438 429
36 345 390 204 207
186 105 402 129 241
61 387 417 252 351
235 60 117 63 423
470 348 495 300 24
93 336 282 414 4
244 297 183 168 180
485 246 174 18 372
330 3 258 144 494
202 381 66 357 447
87 249 378 454 405
498 411 84 418 426
56 72 81 92 195
219 198 456 90 189
312 243 21 27 492
255 288 366 237 228
408 462 477 177 171
33 111 474 324 57
459 126 45 438 429
36 345 390 204 207
186 105 402 129 241
61 387 417 252 351
235 60 117 63 423
470 348 495 300 24
93 336 282 414 4
244 297 183 168 180
485 246 174 18 372
330 3 258 144 494
202 381 66 357 447
87 249 378 454 405
498 411 84 418 426
56 72 81 92 195
190 360 130 321 192
219 198 456 90 189
312 243 21 27 492
255 288 366 237 228
408 462 477 177 171
33 111 474 324 57
459 126 45 438 429
36 345 390 204 207
186 105 402 129 241
61 387 417 252 351
235 60 117 63 423
470 348 495 300 24
93 336 282 414 4
244 297 183 168 180
485 246 174 18 372
330 3 258 144 494
202 381 66 357 447
87 249 378 454 405
498 411 84 418 426
56 72 81 92 195
190 360 130 321 192
339 43 134 444 114
219 198 456 90 189
312 243 21 27 492
255 288 366 237 228
408 462 477 177 171
33 111 474 324 57
459 126 45 438 429
36 345 390 204 207
186 105 402 129 241
61 387 417 252 351
235 60 117 63 423
470 348 495 300 24
93 336 282 414 4
244 297 183 168 180
485 246 174 18 372
330 3 258 144 494
202 381 66 357 447
87 249 378 454 405
498 411 84 418 426
56 72 81 92 195
190 360 130 321 192
339 43 134 444 114
476 465 99 315 359
219 198 456 90 189
312 243 21 27 492
255 288 366 237 228
408 462 477 177 171
33 111 474 324 57
459 126 45 438 429
36 345 390 204 207
186 105 402 129 241
61 387 417 252 351
235 60 117 63 423
470 348 495 300 24
93 336 282 414 4
244 297 183 168 180
485 246 174 18 372
330 3 258 144 494
202 381 66 357 447
87 249 378 454 405
498 411 84 418 426
56 72 81 92 195
190 360 130 321 192
339 43 134 444 114
476 465 99 315 359
0 260 306 141 493
219 198 456 90 189
312 243 21 27 492
255 288 366 237 228
408 462 477 177 171
33 111 474 324 57
459 126 45 438 429
36 345 390 204 207
186 105 402 129 241
61 387 417 252 351
235 60 117 63 423
470 348 495 300 24
93 336 282 414 4
244 297 183 168 180
485 246 174 18 372
330 3 258 144 494
202 381 66 357 447
87 249 378 454 405
498 411 84 418 426
56 72 81 92 195
190 360 130 321 192
339 43 134 444 114
476 465 99 315 359
0 260 306 141 493
466 153 132 273 334
219 198 456 90 189
312 243 21 27 492
255 288 366 237 228
408 462 477 177 171
33 111 474 324 57
459 126 45 438 429
36 345 390 204 207
186 105 402 129 241
61 387 417 252 351
235 60 117 63 423
470 348 495 300 24
93 336 282 414 4
244 297 183 168 180
485 246 174 18 372
330 3 258 144 494
202 381 66 357 447
87 249 378 454 405
498 411 84 418 426
56 72 81 92 195
190 360 130 321 192
339 43 134 444 114
476 465 99 315 359
0 260 306 141 493
466 153 132 273 334
316 291 209 309 231
219 198 456 90 189
312 243 21 27 492
255 288 366 237 228
408 462 477 177 171
33 111 474 324 57
459 126 45 438 429
36 345 390 204 207
186 105 402 129 241
61 387 417 252 351
235 60 117 63 423
470 348 495 300 24
93 336 282 414 4
244 297 183 168 180
485 246 174 18 372
330 3 258 144 494
202 381 66 357 447
87 249 378 454 405
498 411 84 418 426
56 72 81 92 195
190 360 130 321 192
339 43 134 444 114
476 465 99 315 359
0 260 306 141 493
466 153 132 273 334
316 291 209 309 231
52 51 427 75 279
219 198 456 90 189
312 243 21 27 492
255 288 366 237 228
408 462 477 177 171
33 111 474 324 57
459 126 45 438 429
36 345 390 204 207
186 105 402 129 241
61 387 417 252 351
235 60 117 63 423
470 348 495 300 24
93 336 282 414 4
244 297 183 168 180
485 246 174 18 372
330 3 258 144 494
202 381 66 357 447
87 249 378 454 405
498 411 84 418 426
56 72 81 92 195
190 360 130 321 192
339 43 134 444 114
476 465 99 315 359
0 260 306 141 493
466 153 132 273 334
316 291 209 309 231
52 51 427 75 279
480 73 452 222 303
219 198 456 90 189
312 243 21 27 492
255 288 366 237 228
408 462 477 177 171
33 111 474 324 57
459 126 45 438 429
36 345 390 204 207
186 105 402 129 241
61 387 417 252 351
235 60 117 63 423
470 348 495 300 24
93 336 282 414 4
244 297 183 168 180
485 246 174 18 372
330 3 258 144 494
202 381 66 357 447
87 249 378 454 405
498 411 84 418 426
56 72 81 92 195
190 360 130 321 192
339 43 134 444 114
476 465 99 315 359
0 260 306 141 493
466 153 132 273 334
316 291 209 309 231
52 51 427 75 279
480 73 452 222 303
149 271 342 468 453
219 198 456 90 189
312 243 21 27 492
255 288 366 237 228
408 462 477 177 171
33 111 474 324 57
459 126 45 438 429
36 345 390 204 207
186 105 402 129 241
61 387 417 252 351
235 60 117 63 423
470 348 495 300 24
93 336 282 414 4
244 297 183 168 180
485 246 174 18 372
330 3 258 144 494
202 381 66 357 447
87 249 378 454 405
498 411 84 418 426
56 72 81 92 195
190 360 130 321 192
339 43 134 444 114
476 465 99 315 359
0 260 306 141 493
466 153 132 273 334
316 291 209 309 231
52 51 427 75 279
480 73 452 222 303
149 271 342 468 453
158 15 327 420 451
219 198 456 90 189
312 243 21 27 492
255 288 366 237 228
408 462 477 177 171
33 111 474 324 57
459 126 45 438 429
36 345 390 204 207
186 105 402 129 241
61 387 417 252 351
235 60 117 63 423
470 348 495 300 24
93 336 282 414 4
244 297 183 168 180
485 246 174 18 372
330 3 258 144 494
202 381 66 357 447
87 249 378 454 405
498 411 84 418 426
56 72 81 92 195
190 360 130 321 192
339 43 134 444 114
476 465 99 315 359
0 260 306 141 493
466 153 132 273 334
316 291 209 309 231
52 51 427 75 279
480 73 452 222 303
149 271 342 468 453
158 15 327 420 451
162 293 120 322 169
219 198 456 90 189
312 243 21 27 492
255 288 366 237 228
408 462 477 177 171
33 111 474 324 57
459 126 45 438 429
36 345 390 204 207
186 105 402 129 241
61 387 417 252 351
235 60 117 63 423
470 348 495 300 24
93 336 282 414 4
244 297 183 168 180
485 246 174 18 372
330 3 258 144 494
202 381 66 357 447
87 249 378 454 405
498 411 84 418 426
56 72 81 92 195
190 360 130 321 192
339 43 134 444 114
476 465 99 315 359
0 260 306 141 493
466 153 132 273 334
316 291 209 309 231
52 51 427 75 279
480 73 452 222 303
149 271 342 468 453
158 15 327 420 451
162 293 120 322 169
347 308 142 441 6
219 198 456 90 189
312 243 21 27 492
255 288 366 237 228
408 462 477 177 171
33 111 474 324 57
459 126 45 438 429
36 345 390 204 207
186 105 402 129 241
61 387 417 252 351
235 60 117 63 423
470 348 495 300 24
93 336 282 414 4
244 297 183 168 180
485 246 174 18 372
330 3 258 144 494
202 381 66 357 447
87 249 378 454 405
498 411 84 418 426
56 72 81 92 195
190 360 130 321 192
339 43 134 444 114
476 465 99 315 359
0 260 306 141 493
466 153 132 273 334
316 291 209 309 231
52 51 427 75 279
480 73 452 222 303
149 271 342 468 453
158 15 327 420 451
162 293 120 322 169
347 308 142 441 6
403 138 335 216 406
219 198 456 90 189
312 243 21 27 492
255 288 366 237 228
408 462 477 177 171
33 111 474 324 57
459 126 45 438 429
36 345 390 204 207
186 105 402 129 241
61 387 417 252 351
235 60 117 63 423
470 348 495 300 24
93 336 282 414 4
244 297 183 168 180
485 246 174 18 372
330 3 258 144 494
202 381 66 357 447
87 249 378 454 405
498 411 84 418 426
56 72 81 92 195
190 360 130 321 192
339 43 134 444 114
476 465 99 315 359
0 260 306 141 493
466 153 132 273 334
316 291 209 309 231
52 51 427 75 279
480 73 452 222 303
149 271 342 468 453
158 15 327 420 451
162 293 120 322 169
347 308 142 441 6
403 138 335 216 406
266 108 152 234 68
219 198 456 90 189
312 243 21 27 492
255 288 366 237 228
408 462 477 177 171
33 111 474 324 57
459 126 45 438 429
36 345 390 204 207
186 105 402 129 241
61 387 417 252 351
235 60 117 63 423
470 348 495 300 24
93 336 282 414 4
244 297 183 168 180
485 246 174 18 372
330 3 258 144 494
202 381 66 357 447
87 249 378 454 405
498 411 84 418 426
56 72 81 92 195
190 360 130 321 192
339 43 134 444 114
476 465 99 315 359
0 260 306 141 493
466 153 132 273 334
316 291 209 309 231
52 51 427 75 279
480 73 452 222 303
149 271 342 468 453
158 15 327 420 451
162 293 120 322 169
347 308 142 441 6
403 138 335 216 406
266 108 152 234 68
416 286 399 432 269
219 198 456 90 189
312 243 21 27 492
255 288 366 237 228
408 462 477 177 171
33 111 474 324 57
459 126 45 438 429
36 345 390 204 207
186 105 402 129 241
61 387 417 252 351
235 60 117 63 423
470 348 495 300 24
93 336 282 414 4
244 297 183 168 180
485 246 174 18 372
330 3 258 144 494
202 381 66 357 447
87 249 378 454 405
498 411 84 418 426
56 72 81 92 195
190 360 130 321 192
339 43 134 444 114
476 465 99 315 359
0 260 306 141 493
466 153 132 273 334
316 291 209 309 231
52 51 427 75 279
480 73 452 222 303
149 271 342 468 453
158 15 327 420 451
162 293 120 322 169
347 308 142 441 6
403 138 335 216 406
266 108 152 234 68
416 286 399 432 269
486 10 410 78 104
219 198 456 90 189
312 243 21 27 492
255 288 366 237 228
408 462 477 177 171
33 111 474 324 57
459 126 45 438 429
36 345 390 204 207
186 105 402 129 241
61 387 417 252 351
235 60 117 63 423
470 348 495 300 24
93 336 282 414 4
244 297 183 168 180
485 246 174 18 372
330 3 258 144 494
202 381 66 357 447
87 249 378 454 405
498 411 84 418 426
56 72 81 92 195
190 360 130 321 192
339 43 134 444 114
476 465 99 315 359
0 260 306 141 493
466 153 132 273 334
316 291 209 309 231
52 51 427 75 279
480 73 452 222 303
149 271 342 468 453
158 15 327 420 451
162 293 120 322 169
347 308 142 441 6
403 138 335 216 406
266 108 152 234 68
416 286 399 432 269
486 10 410 78 104
289 333 7 131 450
219 198 456 90 189
312 243 21 27 492
255 288 366 237 228
408 462 477 177 171
33 111 474 324 57
459 126 45 438 429
36 345 390 204 207
186 105 402 129 241
61 387 417 252 351
235 60 117 63 423
470 348 495 300 24
93 336 282 414 4
244 297 183 168 180
485 246 174 18 372
330 3 258 144 494
202 381 66 357 447
87 249 378 454 405
498 411 84 418 426
56 72 81 92 195
190 360 130 321 192
339 43 134 444 114
476 465 99 315 359
0 260 306 141 493
466 153 132 273 334
316 291 209 309 231
52 51 427 75 279
480 73 452 222 303
149 271 342 468 453
158 15 327 420 451
162 293 120 322 169
347 308 142 441 6
403 138 335 216 406
266 108 152 234 68
416 286 399 432 269
486 10 410 78 104
289 333 7 131 450
261 135 314 34 263
219 198 456 90 189
312 243 21 27 492
255 288 366 237 228
408 462 477 177 171
33 111 474 324 57
459 126 45 438 429
36 345 390 204 207
186 105 402 129 241
61 387 417 252 351
235 60 117 63 423
470 348 495 300 24
93 336 282 414 4
244 297 183 168 180
485 246 174 18 372
330 3 258 144 494
202 381 66 357 447
87 249 378 454 405
498 411 84 418 426
56 72 81 92 195
190 360 130 321 192
339 43 134 444 114
476 465 99 315 359
0 260 306 141 493
466 153 132 273 334
316 291 209 309 231
52 51 427 75 279
480 73 452 222 303
149 271 342 468 453
158 15 327 420 451
162 293 120 322 169
347 308 142 441 6
403 138 335 216 406
266 108 152 234 68
416 286 399 432 269
486 10 410 78 104
289 333 7 131 450
261 135 314 34 263
83 223 147 268 69
219 198 456 90 189
312 243 21 27 492
255 288 366 237 228
408 462 477 177 171
33 111 474 324 57
459 126 45 438 429
36 345 390 204 207
186 105 402 129 241
61 387 417 252 351
235 60 117 63 423
470 348 495 300 24
93 336 282 414 4
244 297 183 168 180
485 246 174 18 372
330 3 258 144 494
202 381 66 357 447
87 249 378 454 405
498 411 84 418 426
56 72 81 92 195
190 360 130 321 192
339 43 134 444 114
476 465 99 315 359
0 260 306 141 493
466 153 132 273 334
316 291 209 309 231
52 51 427 75 279
480 73 452 222 303
149 271 342 468 453
158 15 327 420 451
162 293 120 322 169
347 308 142 441 6
403 138 335 216 406
266 108 152 234 68
416 286 399 432 269
486 10 410 78 104
289 333 7 131 450
261 135 314 34 263
83 223 147 268 69
191 290 285 274 225
219 198 456 90 189
312 243 21 27 492
255 288 366 237 228
408 462 477 177 171
33 111 474 324 57
459 126 45 438 429
36 345 390 204 207
186 105 402 129 241
61 387 417 252 351
235 60 117 63 423
470 348 495 300 24
93 336 282 414 4
244 297 183 168 180
485 246 174 18 372
330 3 258 144 494
202 381 66 357 447
87 249 378 454 405
498 411 84 418 426
56 72 81 92 195
190 360 130 321 192
339 43 134 444 114
476 465 99 315 359
0 260 306 141 493
466 153 132 273 334
316 291 209 309 231
52 51 427 75 279
480 73 452 222 303
149 271 342 468 453
158 15 327 420 451
162 293 120 322 169
347 308 142 441 6
403 138 335 216 406
266 108 152 234 68
416 286 399 432 269
486 10 410 78 104
289 333 7 131 450
261 135 314 34 263
83 223 147 268 69
191 290 285 274 225
85 455 156 213 46
219 198 456 90 189
312 243 21 27 492
255 288 366 237 228
408 462 477 177 171
33 111 474 324 57
459 126 45 438 429
36 345 390 204 207
186 105 402 129 241
61 387 417 252 351
235 60 117 63 423
470 348 495 300 24
93 336 282 414 4
244 297 183 168 180
485 246 174 18 372
330 3 258 144 494
202 381 66 357 447
87 249 378 454 405
498 411 84 418 426
56 72 81 92 195
190 360 130 321 192
339 43 134 444 114
476 465 99 315 359
0 260 306 141 493
466 153 132 273 334
316 291 209 309 231
52 51 427 75 279
480 73 452 222 303
149 271 342 468 453
158 15 327 420 451
162 293 120 322 169
347 308 142 441 6
403 138 335 216 406
266 108 152 234 68
416 286 399 432 269
486 10 410 78 104
289 333 7 131 450
261 135 314 34 263
83 223 147 268 69
191 290 285 274 225
85 455 156 213 46
48 388 54 139 292
219 198 456 90 189
312 243 21 27 492
255 288 366 237 228
408 462 477 177 171
33 111 474 324 57
459 126 45 438 429
36 345 390 204 207
186 105 402 129 241
61 387 417 252 351
235 60 117 63 423
470 348 495 300 24
93 336 282 414 4
244 297 183 168 180
485 246 174 18 372
330 3 258 144 494
202 381 66 357 447
87 249 378 454 405
498 411 84 418 426
56 72 81 92 195
190 360 130 321 192
339 43 134 444 114
476 465 99 315 359
0 260 306 141 493
466 153 132 273 334
316 291 209 309 231
52 51 427 75 279
480 73 452 222 303
149 271 342 468 453
158 15 327 420 451
162 293 120 322 169
347 308 142 441 6
403 138 335 216 406
266 108 152 234 68
416 286 399 432 269
486 10 410 78 104
289 333 7 131 450
261 135 314 34 263
83 223 147 268 69
191 290 285 274 225
85 455 156 213 46
48 388 54 139 292
122 9 294 133 400
219 198 456 90 189
312 243 21 27 492
255 288 366 237 228
408 462 477 177 171
33 111 474 324 57
459 126 45 438 429
36 345 390 204 207
186 105 402 129 241
61 387 417 252 351
235 60 117 63 423
470 348 495 300 24
93 336 282 414 4
244 297 183 168 180
485 246 174 18 372
330 3 258 144 494
202 381 66 357 447
87 249 378 454 405
498 411 84 418 426
56 72 81 92 195
190 360 130 321 192
339 43 134 444 114
476 465 99 315 359
0 260 306 141 493
466 153 132 273 334
316 291 209 309 231
52 51 427 75 279
480 73 452 222 303
149 271 342 468 453
158 15 327 420 451
162 293 120 322 169
347 308 142 441 6
403 138 335 216 406
266 108 152 234 68
416 286 399 432 269
486 10 410 78 104
289 333 7 131 450
261 135 314 34 263
83 223 147 268 69
191 290 285 274 225
85 455 156 213 46
48 388 54 139 292
122 9 294 133 400
275 30 53 159 281
219 198 456 90 189
312 243 21 27 492
255 288 366 237 228
408 462 477 177 171
33 111 474 324 57
459 126 45 438 429
36 345 390 204 207
186 105 402 129 241
61 387 417 252 351
235 60 117 63 423
470 348 495 300 24
93 336 282 414 4
244 297 183 168 180
485 246 174 18 372
330 3 258 144 494
202 381 66 357 447
87 249 378 454 405
498 411 84 418 426
56 72 81 92 195
190 360 130 321 192
339 43 134 444 114
476 465 99 315 359
0 260 306 141 493
466 153 132 273 334
316 291 209 309 231
52 51 427 75 279
480 73 452 222 303
149 271 342 468 453
158 15 327 420 451
162 293 120 322 169
347 308 142 441 6
403 138 335 216 406
266 108 152 234 68
416 286 399 432 269
486 10 410 78 104
289 333 7 131 450
261 135 314 34 263
83 223 147 268 69
191 290 285 274 225
85 455 156 213 46
48 388 54 139 292
122 9 294 133 400
275 30 53 159 281
95 435 371 354 323
219 198 456 90 189
312 243 21 27 492
255 288 366 237 228
408 462 477 177 171
33 111 474 324 57
459 126 45 438 429
36 345 390 204 207
186 105 402 129 241
61 387 417 252 351
235 60 117 63 423
470 348 495 300 24
93 336 282 414 4
244 297 183 168 180
485 246 174 18 372
330 3 258 144 494
202 381 66 357 447
87 249 378 454 405
498 411 84 418 426
56 72 81 92 195
190 360 130 321 192
339 43 134 444 114
476 465 99 315 359
0 260 306 141 493
466 153 132 273 334
316 291 209 309 231
52 51 427 75 279
480 73 452 222 303
149 271 342 468 453
158 15 327 420 451
162 293 120 322 169
347 308 142 441 6
403 138 335 216 406
266 108 152 234 68
416 286 399 432 269
486 10 410 78 104
289 333 7 131 450
261 135 314 34 263
83 223 147 268 69
191 290 285 274 225
85 455 156 213 46
48 388 54 139 292
122 9 294 133 400
275 30 53 159 281
95 435 371 354 323
363 245 110 302 123
219 198 456 90 189
312 243 21 27 492
255 288 366 237 228
408 462 477 177 171
33 111 474 324 57
459 126 45 438 429
36 345 390 204 207
186 105 402 129 241
61 387 417 252 351
235 60 117 63 423
470 348 495 300 24
93 336 282 414 4
244 297 183 168 180
485 246 174 18 372
330 3 258 144 494
202 381 66 357 447
87 249 378 454 405
498 411 84 418 426
56 72 81 92 195
190 360 130 321 192
339 43 134 444 114
476 465 99 315 359
0 260 306 141 493
466 153 132 273 334
316 291 209 309 231
52 51 427 75 279
480 73 452 222 303
149 271 342 468 453
158 15 327 420 451
162 293 120 322 169
347 308 142 441 6
403 138 335 216 406
266 108 152 234 68
416 286 399 432 269
486 10 410 78 104
289 333 7 131 450
261 135 314 34 263
83 223 147 268 69
191 290 285 274 225
85 455 156 213 46
48 388 54 139 292
122 9 294 133 400
275 30 53 159 281
95 435 371 354 323
363 245 110 302 123
384 331 419 353 136
219 198 456 90 189
312 243 21 27 492
255 288 366 237 228
408 462 477 177 171
33 111 474 324 57
459 126 45 438 429
36 345 390 204 207
186 105 402 129 241
61 387 417 252 351
235 60 117 63 423
470 348 495 300 24
93 336 282 414 4
244 297 183 168 180
485 246 174 18 372
330 3 258 144 494
202 381 66 357 447
87 249 378 454 405
498 411 84 418 426
56 72 81 92 195
190 360 130 321 192
339 43 134 444 114
476 465 99 315 359
0 260 306 141 493
466 153 132 273 334
316 291 209 309 231
52 51 427 75 279
480 73 452 222 303
149 271 342 468 453
158 15 327 420 451
162 293 120 322 169
347 308 142 441 6
403 138 335 216 406
266 108 152 234 68
416 286 399 432 269
486 10 410 78 104
289 333 7 131 450
261 135 314 34 263
83 223 147 268 69
191 290 285 274 225
85 455 156 213 46
48 388 54 139 292
122 9 294 133 400
275 30 53 159 281
95 435 371 354 323
363 245 110 302 123
384 331 419 353 136
305 150 425 457 178
219 198 456 90 189
312 243 21 27 492
255 288 366 237 228
408 462 477 177 171
33 111 474 324 57
459 126 45 438 429
36 345 390 204 207
186 105 402 129 241
61 387 417 252 351
235 60 117 63 423
470 348 495 300 24
93 336 282 414 4
244 297 183 168 180
485 246 174 18 372
330 3 258 144 494
202 381 66 357 447
87 249 378 454 405
498 411 84 418 426
56 72 81 92 195
190 360 130 321 192
339 43 134 444 114
476 465 99 315 359
0 260 306 141 493
466 153 132 273 334
316 291 209 309 231
52 51 427 75 279
480 73 452 222 303
149 271 342 468 453
158 15 327 420 451
162 293 120 322 169
347 308 142 441 6
403 138 335 216 406
266 108 152 234 68
416 286 399 432 269
486 10 410 78 104
289 333 7 131 450
261 135 314 34 263
83 223 147 268 69
191 290 285 274 225
85 455 156 213 46
48 388 54 139 292
122 9 294 133 400
275 30 53 159 281
95 435 371 354 323
363 245 110 302 123
384 331 419 353 136
305 150 425 457 178
102 325 44 346 179
219 198 456 90 189
312 243 21 27 492
255 288 366 237 228
408 462 477 177 171
33 111 474 324 57
459 126 45 438 429
36 345 390 204 207
186 105 402 129 241
61 387 417 252 351
235 60 117 63 423
470 348 495 300 24
93 336 282 414 4
244 297 183 168 180
485 246 174 18 372
330 3 258 144 494
202 381 66 357 447
87 249 378 454 405
498 411 84 418 426
56 72 81 92 195
190 360 130 321 192
339 43 134 444 114
476 465 99 315 359
0 260 306 141 493
466 153 132 273 334
316 291 209 309 231
52 51 427 75 279
480 73 452 222 303
149 271 342 468 453
158 15 327 420 451
162 293 120 322 169
347 308 142 441 6
403 138 335 216 406
266 108 152 234 68
416 286 399 432 269
486 10 410 78 104
289 333 7 131 450
261 135 314 34 263
83 223 147 268 69
191 290 285 274 225
85 455 156 213 46
48 388 54 139 292
122 9 294 133 400
275 30 53 159 281
95 435 371 354 323
363 245 110 302 123
384 331 419 353 136
305 150 425 457 178
102 325 44 346 179
166 396 140 161 218
219 198 456 90 189
312 243 21 27 492
255 288 366 237 228
408 462 477 177 171
33 111 474 324 57
459 126 45 438 429
36 345 390 204 207
186 105 402 129 241
61 387 417 252 351
235 60 117 63 423
470 348 495 300 24
93 336 282 414 4
244 297 183 168 180
485 246 174 18 372
330 3 258 144 494
202 381 66 357 447
87 249 378 454 405
498 411 84 418 426
56 72 81 92 195
190 360 130 321 192
339 43 134 444 114
476 465 99 315 359
0 260 306 141 493
466 153 132 273 334
316 291 209 309 231
52 51 427 75 279
480 73 452 222 303
149 271 342 468 453
158 15 327 420 451
162 293 120 322 169
347 308 142 441 6
403 138 335 216 406
266 108 152 234 68
416 286 399 432 269
486 10 410 78 104
289 333 7 131 450
261 135 314 34 263
83 223 147 268 69
191 290 285 274 225
85 455 156 213 46
48 388 54 139 292
122 9 294 133 400
275 30 53 159 281
95 435 371 354 323
363 245 110 302 123
384 331 419 353 136
305 150 425 457 178
102 325 44 346 179
166 396 140 161 218
299 211 197 276 5
