111 100 166 48 51
111 100 166 48 51
179 11 161 129 106
111 100 166 48 51
179 11 161 129 106
160 30 12 27 3
111 100 166 48 51
179 11 161 129 106
160 30 12 27 3
60 86 164 75 4
111 100 166 48 51
179 11 161 129 106
160 30 12 27 3
60 86 164 75 4
132 34 143 5 121
111 100 166 48 51
179 11 161 129 106
160 30 12 27 3
60 86 164 75 4
132 34 143 5 121
91 47 88 73 57
111 100 166 48 51
179 11 161 129 106
160 30 12 27 3
60 86 164 75 4
132 34 143 5 121
91 47 88 73 57
178 174 175 171 157
111 100 166 48 51
179 11 161 129 106
160 30 12 27 3
60 86 164 75 4
132 34 143 5 121
91 47 88 73 57
178 174 175 171 157
81 25 199 18 137
111 100 166 48 51
179 11 161 129 106
160 30 12 27 3
60 86 164 75 4
132 34 143 5 121
91 47 88 73 57
178 174 175 171 157
81 25 199 18 137
124 43 159 38 71
111 100 166 48 51
179 11 161 129 106
160 30 12 27 3
60 86 164 75 4
132 34 143 5 121
91 47 88 73 57
178 174 175 171 157
81 25 199 18 137
124 43 159 38 71
32 165 194 1 184
