451 431 207 458 246
451 431 207 458 246
89 153 16 332 263
451 431 207 458 246
89 153 16 332 263
245 171 233 47 469
451 431 207 458 246
89 153 16 332 263
245 171 233 47 469
360 422 169 62 168
451 431 207 458 246
89 153 16 332 263
245 171 233 47 469
360 422 169 62 168
200 267 352 125 36
451 431 207 458 246
89 153 16 332 263
245 171 233 47 469
360 422 169 62 168
200 267 352 125 36
177 491 239 81 83
451 431 207 458 246
89 153 16 332 263
245 171 233 47 469
360 422 169 62 168
200 267 352 125 36
177 491 239 81 83
331 178 472 70 439
451 431 207 458 246
89 153 16 332 263
245 171 233 47 469
360 422 169 62 168
200 267 352 125 36
177 491 239 81 83
331 178 472 70 439
196 179 295 274 123
451 431 207 458 246
89 153 16 332 263
245 171 233 47 469
360 422 169 62 168
200 267 352 125 36
177 491 239 81 83
331 178 472 70 439
196 179 295 274 123
13 251 280 371 21
451 431 207 458 246
89 153 16 332 263
245 171 233 47 469
360 422 169 62 168
200 267 352 125 36
177 491 239 81 83
331 178 472 70 439
196 179 295 274 123
13 251 280 371 21
314 205 339 45 320
451 431 207 458 246
89 153 16 332 263
245 171 233 47 469
360 422 169 62 168
200 267 352 125 36
177 491 239 81 83
331 178 472 70 439
196 179 295 274 123
13 251 280 371 21
314 205 339 45 320
376 301 130 127 94
451 431 207 458 246
89 153 16 332 263
245 171 233 47 469
360 422 169 62 168
200 267 352 125 36
177 491 239 81 83
331 178 472 70 439
196 179 295 274 123
13 251 280 371 21
314 205 339 45 320
376 301 130 127 94
460 397 230 413 128
451 431 207 458 246
89 153 16 332 263
245 171 233 47 469
360 422 169 62 168
200 267 352 125 36
177 491 239 81 83
331 178 472 70 439
196 179 295 274 123
13 251 280 371 21
314 205 339 45 320
376 301 130 127 94
460 397 230 413 128
362 26 131 182 443
451 431 207 458 246
89 153 16 332 263
245 171 233 47 469
360 422 169 62 168
200 267 352 125 36
177 491 239 81 83
331 178 472 70 439
196 179 295 274 123
13 251 280 371 21
314 205 339 45 320
376 301 130 127 94
460 397 230 413 128
362 26 131 182 443
14 93 181 257 253
451 431 207 458 246
89 153 16 332 263
245 171 233 47 469
360 422 169 62 168
200 267 352 125 36
177 491 239 81 83
331 178 472 70 439
196 179 295 274 123
13 251 280 371 21
314 205 339 45 320
376 301 130 127 94
460 397 230 413 128
362 26 131 182 443
14 93 181 257 253
302 57 7 82 61
451 431 207 458 246
89 153 16 332 263
245 171 233 47 469
360 422 169 62 168
200 267 352 125 36
177 491 239 81 83
331 178 472 70 439
196 179 295 274 123
13 251 280 371 21
314 205 339 45 320
376 301 130 127 94
460 397 230 413 128
362 26 131 182 443
14 93 181 257 253
302 57 7 82 61
151 126 419 27 250
451 431 207 458 246
89 153 16 332 263
245 171 233 47 469
360 422 169 62 168
200 267 352 125 36
177 491 239 81 83
331 178 472 70 439
196 179 295 274 123
13 251 280 371 21
314 205 339 45 320
376 301 130 127 94
460 397 230 413 128
362 26 131 182 443
14 93 181 257 253
302 57 7 82 61
151 126 419 27 250
255 394 77 141 25
451 431 207 458 246
89 153 16 332 263
245 171 233 47 469
360 422 169 62 168
200 267 352 125 36
177 491 239 81 83
331 178 472 70 439
196 179 295 274 123
13 251 280 371 21
314 205 339 45 320
376 301 130 127 94
460 397 230 413 128
362 26 131 182 443
14 93 181 257 253
302 57 7 82 61
151 126 419 27 250
255 394 77 141 25
285 190 403 272 444
451 431 207 458 246
89 153 16 332 263
245 171 233 47 469
360 422 169 62 168
200 267 352 125 36
177 491 239 81 83
331 178 472 70 439
196 179 295 274 123
13 251 280 371 21
314 205 339 45 320
376 301 130 127 94
460 397 230 413 128
362 26 131 182 443
14 93 181 257 253
302 57 7 82 61
151 126 419 27 250
255 394 77 141 25
285 190 403 272 444
0 107 317 226 347
451 431 207 458 246
89 153 16 332 263
245 171 233 47 469
360 422 169 62 168
200 267 352 125 36
177 491 239 81 83
331 178 472 70 439
196 179 295 274 123
13 251 280 371 21
314 205 339 45 320
376 301 130 127 94
460 397 230 413 128
362 26 131 182 443
14 93 181 257 253
302 57 7 82 61
151 126 419 27 250
255 394 77 141 25
285 190 403 272 444
0 107 317 226 347
300 465 453 489 12
451 431 207 458 246
89 153 16 332 263
245 171 233 47 469
360 422 169 62 168
200 267 352 125 36
177 491 239 81 83
331 178 472 70 439
196 179 295 274 123
13 251 280 371 21
314 205 339 45 320
376 301 130 127 94
460 397 230 413 128
362 26 131 182 443
14 93 181 257 253
302 57 7 82 61
151 126 419 27 250
255 394 77 141 25
285 190 403 272 444
0 107 317 226 347
300 465 453 489 12
436 113 40 398 187
451 431 207 458 246
89 153 16 332 263
245 171 233 47 469
360 422 169 62 168
200 267 352 125 36
177 491 239 81 83
331 178 472 70 439
196 179 295 274 123
13 251 280 371 21
314 205 339 45 320
376 301 130 127 94
460 397 230 413 128
362 26 131 182 443
14 93 181 257 253
302 57 7 82 61
151 126 419 27 250
255 394 77 141 25
285 190 403 272 444
0 107 317 226 347
300 465 453 489 12
436 113 40 398 187
116 423 105 382 19
451 431 207 458 246
89 153 16 332 263
245 171 233 47 469
360 422 169 62 168
200 267 352 125 36
177 491 239 81 83
331 178 472 70 439
196 179 295 274 123
13 251 280 371 21
314 205 339 45 320
376 301 130 127 94
460 397 230 413 128
362 26 131 182 443
14 93 181 257 253
302 57 7 82 61
151 126 419 27 250
255 394 77 141 25
285 190 403 272 444
0 107 317 226 347
300 465 453 489 12
436 113 40 398 187
116 423 105 382 19
409 342 473 478 17
451 431 207 458 246
89 153 16 332 263
245 171 233 47 469
360 422 169 62 168
200 267 352 125 36
177 491 239 81 83
331 178 472 70 439
196 179 295 274 123
13 251 280 371 21
314 205 339 45 320
376 301 130 127 94
460 397 230 413 128
362 26 131 182 443
14 93 181 257 253
302 57 7 82 61
151 126 419 27 250
255 394 77 141 25
285 190 403 272 444
0 107 317 226 347
300 465 453 489 12
436 113 40 398 187
116 423 105 382 19
409 342 473 478 17
161 353 2 140 355
451 431 207 458 246
89 153 16 332 263
245 171 233 47 469
360 422 169 62 168
200 267 352 125 36
177 491 239 81 83
331 178 472 70 439
196 179 295 274 123
13 251 280 371 21
314 205 339 45 320
376 301 130 127 94
460 397 230 413 128
362 26 131 182 443
14 93 181 257 253
302 57 7 82 61
151 126 419 27 250
255 394 77 141 25
285 190 403 272 444
0 107 317 226 347
300 465 453 489 12
436 113 40 398 187
116 423 105 382 19
409 342 473 478 17
161 353 2 140 355
471 297 102 112 279
451 431 207 458 246
89 153 16 332 263
245 171 233 47 469
360 422 169 62 168
200 267 352 125 36
177 491 239 81 83
331 178 472 70 439
196 179 295 274 123
13 251 280 371 21
314 205 339 45 320
376 301 130 127 94
460 397 230 413 128
362 26 131 182 443
14 93 181 257 253
302 57 7 82 61
151 126 419 27 250
255 394 77 141 25
285 190 403 272 444
0 107 317 226 347
300 465 453 489 12
436 113 40 398 187
116 423 105 382 19
409 342 473 478 17
161 353 2 140 355
471 297 102 112 279
391 463 312 201 109
451 431 207 458 246
89 153 16 332 263
245 171 233 47 469
360 422 169 62 168
200 267 352 125 36
177 491 239 81 83
331 178 472 70 439
196 179 295 274 123
13 251 280 371 21
314 205 339 45 320
376 301 130 127 94
460 397 230 413 128
362 26 131 182 443
14 93 181 257 253
302 57 7 82 61
151 126 419 27 250
255 394 77 141 25
285 190 403 272 444
0 107 317 226 347
300 465 453 489 12
436 113 40 398 187
116 423 105 382 19
409 342 473 478 17
161 353 2 140 355
471 297 102 112 279
391 463 312 201 109
174 303 95 198 54
451 431 207 458 246
89 153 16 332 263
245 171 233 47 469
360 422 169 62 168
200 267 352 125 36
177 491 239 81 83
331 178 472 70 439
196 179 295 274 123
13 251 280 371 21
314 205 339 45 320
376 301 130 127 94
460 397 230 413 128
362 26 131 182 443
14 93 181 257 253
302 57 7 82 61
151 126 419 27 250
255 394 77 141 25
285 190 403 272 444
0 107 317 226 347
300 465 453 489 12
436 113 40 398 187
116 423 105 382 19
409 342 473 478 17
161 353 2 140 355
471 297 102 112 279
391 463 312 201 109
174 303 95 198 54
252 162 147 106 103
451 431 207 458 246
89 153 16 332 263
245 171 233 47 469
360 422 169 62 168
200 267 352 125 36
177 491 239 81 83
331 178 472 70 439
196 179 295 274 123
13 251 280 371 21
314 205 339 45 320
376 301 130 127 94
460 397 230 413 128
362 26 131 182 443
14 93 181 257 253
302 57 7 82 61
151 126 419 27 250
255 394 77 141 25
285 190 403 272 444
0 107 317 226 347
300 465 453 489 12
436 113 40 398 187
116 423 105 382 19
409 342 473 478 17
161 353 2 140 355
471 297 102 112 279
391 463 312 201 109
174 303 95 198 54
252 162 147 106 103
74 434 393 309 415
451 431 207 458 246
89 153 16 332 263
245 171 233 47 469
360 422 169 62 168
200 267 352 125 36
177 491 239 81 83
331 178 472 70 439
196 179 295 274 123
13 251 280 371 21
314 205 339 45 320
376 301 130 127 94
460 397 230 413 128
362 26 131 182 443
14 93 181 257 253
302 57 7 82 61
151 126 419 27 250
255 394 77 141 25
285 190 403 272 444
0 107 317 226 347
300 465 453 489 12
436 113 40 398 187
116 423 105 382 19
409 342 473 478 17
161 353 2 140 355
471 297 102 112 279
391 463 312 201 109
174 303 95 198 54
252 162 147 106 103
74 434 393 309 415
442 188 446 212 378
451 431 207 458 246
89 153 16 332 263
245 171 233 47 469
360 422 169 62 168
200 267 352 125 36
177 491 239 81 83
331 178 472 70 439
196 179 295 274 123
13 251 280 371 21
314 205 339 45 320
376 301 130 127 94
460 397 230 413 128
362 26 131 182 443
14 93 181 257 253
302 57 7 82 61
151 126 419 27 250
255 394 77 141 25
285 190 403 272 444
0 107 317 226 347
300 465 453 489 12
436 113 40 398 187
116 423 105 382 19
409 342 473 478 17
161 353 2 140 355
471 297 102 112 279
391 463 312 201 109
174 303 95 198 54
252 162 147 106 103
74 434 393 309 415
442 188 446 212 378
386 173 351 432 90
451 431 207 458 246
89 153 16 332 263
245 171 233 47 469
360 422 169 62 168
200 267 352 125 36
177 491 239 81 83
331 178 472 70 439
196 179 295 274 123
13 251 280 371 21
314 205 339 45 320
376 301 130 127 94
460 397 230 413 128
362 26 131 182 443
14 93 181 257 253
302 57 7 82 61
151 126 419 27 250
255 394 77 141 25
285 190 403 272 444
0 107 317 226 347
300 465 453 489 12
436 113 40 398 187
116 423 105 382 19
409 342 473 478 17
161 353 2 140 355
471 297 102 112 279
391 463 312 201 109
174 303 95 198 54
252 162 147 106 103
74 434 393 309 415
442 188 446 212 378
386 173 351 432 90
264 218 209 374 258
451 431 207 458 246
89 153 16 332 263
245 171 233 47 469
360 422 169 62 168
200 267 352 125 36
177 491 239 81 83
331 178 472 70 439
196 179 295 274 123
13 251 280 371 21
314 205 339 45 320
376 301 130 127 94
460 397 230 413 128
362 26 131 182 443
14 93 181 257 253
302 57 7 82 61
151 126 419 27 250
255 394 77 141 25
285 190 403 272 444
0 107 317 226 347
300 465 453 489 12
436 113 40 398 187
116 423 105 382 19
409 342 473 478 17
161 353 2 140 355
471 297 102 112 279
391 463 312 201 109
174 303 95 198 54
252 162 147 106 103
74 434 393 309 415
442 188 446 212 378
386 173 351 432 90
264 218 209 374 258
289 76 108 328 433
451 431 207 458 246
89 153 16 332 263
245 171 233 47 469
360 422 169 62 168
200 267 352 125 36
177 491 239 81 83
331 178 472 70 439
196 179 295 274 123
13 251 280 371 21
314 205 339 45 320
376 301 130 127 94
460 397 230 413 128
362 26 131 182 443
14 93 181 257 253
302 57 7 82 61
151 126 419 27 250
255 394 77 141 25
285 190 403 272 444
0 107 317 226 347
300 465 453 489 12
436 113 40 398 187
116 423 105 382 19
409 342 473 478 17
161 353 2 140 355
471 297 102 112 279
391 463 312 201 109
174 303 95 198 54
252 162 147 106 103
74 434 393 309 415
442 188 446 212 378
386 173 351 432 90
264 218 209 374 258
289 76 108 328 433
429 193 199 474 425
451 431 207 458 246
89 153 16 332 263
245 171 233 47 469
360 422 169 62 168
200 267 352 125 36
177 491 239 81 83
331 178 472 70 439
196 179 295 274 123
13 251 280 371 21
314 205 339 45 320
376 301 130 127 94
460 397 230 413 128
362 26 131 182 443
14 93 181 257 253
302 57 7 82 61
151 126 419 27 250
255 394 77 141 25
285 190 403 272 444
0 107 317 226 347
300 465 453 489 12
436 113 40 398 187
116 423 105 382 19
409 342 473 478 17
161 353 2 140 355
471 297 102 112 279
391 463 312 201 109
174 303 95 198 54
252 162 147 106 103
74 434 393 309 415
442 188 446 212 378
386 173 351 432 90
264 218 209 374 258
289 76 108 328 433
429 193 199 474 425
221 496 418 293 215
451 431 207 458 246
89 153 16 332 263
245 171 233 47 469
360 422 169 62 168
200 267 352 125 36
177 491 239 81 83
331 178 472 70 439
196 179 295 274 123
13 251 280 371 21
314 205 339 45 320
376 301 130 127 94
460 397 230 413 128
362 26 131 182 443
14 93 181 257 253
302 57 7 82 61
151 126 419 27 250
255 394 77 141 25
285 190 403 272 444
0 107 317 226 347
300 465 453 489 12
436 113 40 398 187
116 423 105 382 19
409 342 473 478 17
161 353 2 140 355
471 297 102 112 279
391 463 312 201 109
174 303 95 198 54
252 162 147 106 103
74 434 393 309 415
442 188 446 212 378
386 173 351 432 90
264 218 209 374 258
289 76 108 328 433
429 193 199 474 425
221 496 418 293 215
482 159 461 8 155
451 431 207 458 246
89 153 16 332 263
245 171 233 47 469
360 422 169 62 168
200 267 352 125 36
177 491 239 81 83
331 178 472 70 439
196 179 295 274 123
13 251 280 371 21
314 205 339 45 320
376 301 130 127 94
460 397 230 413 128
362 26 131 182 443
14 93 181 257 253
302 57 7 82 61
151 126 419 27 250
255 394 77 141 25
285 190 403 272 444
0 107 317 226 347
300 465 453 489 12
436 113 40 398 187
116 423 105 382 19
409 342 473 478 17
161 353 2 140 355
471 297 102 112 279
391 463 312 201 109
174 303 95 198 54
252 162 147 106 103
74 434 393 309 415
442 188 446 212 378
386 173 351 432 90
264 218 209 374 258
289 76 108 328 433
429 193 199 474 425
221 496 418 293 215
482 159 461 8 155
483 485 459 416 84
451 431 207 458 246
89 153 16 332 263
245 171 233 47 469
360 422 169 62 168
200 267 352 125 36
177 491 239 81 83
331 178 472 70 439
196 179 295 274 123
13 251 280 371 21
314 205 339 45 320
376 301 130 127 94
460 397 230 413 128
362 26 131 182 443
14 93 181 257 253
302 57 7 82 61
151 126 419 27 250
255 394 77 141 25
285 190 403 272 444
0 107 317 226 347
300 465 453 489 12
436 113 40 398 187
116 423 105 382 19
409 342 473 478 17
161 353 2 140 355
471 297 102 112 279
391 463 312 201 109
174 303 95 198 54
252 162 147 106 103
74 434 393 309 415
442 188 446 212 378
386 173 351 432 90
264 218 209 374 258
289 76 108 328 433
429 193 199 474 425
221 496 418 293 215
482 159 461 8 155
483 485 459 416 84
58 101 146 306 299
451 431 207 458 246
89 153 16 332 263
245 171 233 47 469
360 422 169 62 168
200 267 352 125 36
177 491 239 81 83
331 178 472 70 439
196 179 295 274 123
13 251 280 371 21
314 205 339 45 320
376 301 130 127 94
460 397 230 413 128
362 26 131 182 443
14 93 181 257 253
302 57 7 82 61
151 126 419 27 250
255 394 77 141 25
285 190 403 272 444
0 107 317 226 347
300 465 453 489 12
436 113 40 398 187
116 423 105 382 19
409 342 473 478 17
161 353 2 140 355
471 297 102 112 279
391 463 312 201 109
174 303 95 198 54
252 162 147 106 103
74 434 393 309 415
442 188 446 212 378
386 173 351 432 90
264 218 209 374 258
289 76 108 328 433
429 193 199 474 425
221 496 418 293 215
482 159 461 8 155
483 485 459 416 84
58 101 146 306 299
243 363 326 10 203
451 431 207 458 246
89 153 16 332 263
245 171 233 47 469
360 422 169 62 168
200 267 352 125 36
177 491 239 81 83
331 178 472 70 439
196 179 295 274 123
13 251 280 371 21
314 205 339 45 320
376 301 130 127 94
460 397 230 413 128
362 26 131 182 443
14 93 181 257 253
302 57 7 82 61
151 126 419 27 250
255 394 77 141 25
285 190 403 272 444
0 107 317 226 347
300 465 453 489 12
436 113 40 398 187
116 423 105 382 19
409 342 473 478 17
161 353 2 140 355
471 297 102 112 279
391 463 312 201 109
174 303 95 198 54
252 162 147 106 103
74 434 393 309 415
442 188 446 212 378
386 173 351 432 90
264 218 209 374 258
289 76 108 328 433
429 193 199 474 425
221 496 418 293 215
482 159 461 8 155
483 485 459 416 84
58 101 146 306 299
243 363 326 10 203
479 256 383 242 231
451 431 207 458 246
89 153 16 332 263
245 171 233 47 469
360 422 169 62 168
200 267 352 125 36
177 491 239 81 83
331 178 472 70 439
196 179 295 274 123
13 251 280 371 21
314 205 339 45 320
376 301 130 127 94
460 397 230 413 128
362 26 131 182 443
14 93 181 257 253
302 57 7 82 61
151 126 419 27 250
255 394 77 141 25
285 190 403 272 444
0 107 317 226 347
300 465 453 489 12
436 113 40 398 187
116 423 105 382 19
409 342 473 478 17
161 353 2 140 355
471 297 102 112 279
391 463 312 201 109
174 303 95 198 54
252 162 147 106 103
74 434 393 309 415
442 188 446 212 378
386 173 351 432 90
264 218 209 374 258
289 76 108 328 433
429 193 199 474 425
221 496 418 293 215
482 159 461 8 155
483 485 459 416 84
58 101 146 306 299
243 363 326 10 203
479 256 383 242 231
493 135 455 321 334
451 431 207 458 246
89 153 16 332 263
245 171 233 47 469
360 422 169 62 168
200 267 352 125 36
177 491 239 81 83
331 178 472 70 439
196 179 295 274 123
13 251 280 371 21
314 205 339 45 320
376 301 130 127 94
460 397 230 413 128
362 26 131 182 443
14 93 181 257 253
302 57 7 82 61
151 126 419 27 250
255 394 77 141 25
285 190 403 272 444
0 107 317 226 347
300 465 453 489 12
436 113 40 398 187
116 423 105 382 19
409 342 473 478 17
161 353 2 140 355
471 297 102 112 279
391 463 312 201 109
174 303 95 198 54
252 162 147 106 103
74 434 393 309 415
442 188 446 212 378
386 173 351 432 90
264 218 209 374 258
289 76 108 328 433
429 193 199 474 425
221 496 418 293 215
482 159 461 8 155
483 485 459 416 84
58 101 146 306 299
243 363 326 10 203
479 256 383 242 231
493 135 455 321 334
311 337 349 406 24
451 431 207 458 246
89 153 16 332 263
245 171 233 47 469
360 422 169 62 168
200 267 352 125 36
177 491 239 81 83
331 178 472 70 439
196 179 295 274 123
13 251 280 371 21
314 205 339 45 320
376 301 130 127 94
460 397 230 413 128
362 26 131 182 443
14 93 181 257 253
302 57 7 82 61
151 126 419 27 250
255 394 77 141 25
285 190 403 272 444
0 107 317 226 347
300 465 453 489 12
436 113 40 398 187
116 423 105 382 19
409 342 473 478 17
161 353 2 140 355
471 297 102 112 279
391 463 312 201 109
174 303 95 198 54
252 162 147 106 103
74 434 393 309 415
442 188 446 212 378
386 173 351 432 90
264 218 209 374 258
289 76 108 328 433
429 193 199 474 425
221 496 418 293 215
482 159 461 8 155
483 485 459 416 84
58 101 146 306 299
243 363 326 10 203
479 256 383 242 231
493 135 455 321 334
311 337 349 406 24
428 284 265 216 48
451 431 207 458 246
89 153 16 332 263
245 171 233 47 469
360 422 169 62 168
200 267 352 125 36
177 491 239 81 83
331 178 472 70 439
196 179 295 274 123
13 251 280 371 21
314 205 339 45 320
376 301 130 127 94
460 397 230 413 128
362 26 131 182 443
14 93 181 257 253
302 57 7 82 61
151 126 419 27 250
255 394 77 141 25
285 190 403 272 444
0 107 317 226 347
300 465 453 489 12
436 113 40 398 187
116 423 105 382 19
409 342 473 478 17
161 353 2 140 355
471 297 102 112 279
391 463 312 201 109
174 303 95 198 54
252 162 147 106 103
74 434 393 309 415
442 188 446 212 378
386 173 351 432 90
264 218 209 374 258
289 76 108 328 433
429 193 199 474 425
221 496 418 293 215
482 159 461 8 155
483 485 459 416 84
58 101 146 306 299
243 363 326 10 203
479 256 383 242 231
493 135 455 321 334
311 337 349 406 24
428 284 265 216 48
259 358 498 65 75
451 431 207 458 246
89 153 16 332 263
245 171 233 47 469
360 422 169 62 168
200 267 352 125 36
177 491 239 81 83
331 178 472 70 439
196 179 295 274 123
13 251 280 371 21
314 205 339 45 320
376 301 130 127 94
460 397 230 413 128
362 26 131 182 443
14 93 181 257 253
302 57 7 82 61
151 126 419 27 250
255 394 77 141 25
285 190 403 272 444
0 107 317 226 347
300 465 453 489 12
436 113 40 398 187
116 423 105 382 19
409 342 473 478 17
161 353 2 140 355
471 297 102 112 279
391 463 312 201 109
174 303 95 198 54
252 162 147 106 103
74 434 393 309 415
442 188 446 212 378
386 173 351 432 90
264 218 209 374 258
289 76 108 328 433
429 193 199 474 425
221 496 418 293 215
482 159 461 8 155
483 485 459 416 84
58 101 146 306 299
243 363 326 10 203
479 256 383 242 231
493 135 455 321 334
311 337 349 406 24
428 284 265 216 48
259 358 498 65 75
184 427 213 33
451 431 207 458 246
89 153 16 332 263
245 171 233 47 469
360 422 169 62 168
200 267 352 125 36
177 491 239 81 83
331 178 472 70 439
196 179 295 274 123
13 251 280 371 21
314 205 339 45 320
376 301 130 127 94
460 397 230 413 128
362 26 131 182 443
14 93 181 257 253
302 57 7 82 61
151 126 419 27 250
255 394 77 141 25
285 190 403 272 444
0 107 317 226 347
300 465 453 489 12
436 113 40 398 187
116 423 105 382 19
409 342 473 478 17
161 353 2 140 355
471 297 102 112 279
391 463 312 201 109
174 303 95 198 54
252 162 147 106 103
74 434 393 309 415
442 188 446 212 378
386 173 351 432 90
264 218 209 374 258
289 76 108 328 433
429 193 199 474 425
221 496 418 293 215
482 159 461 8 155
483 485 459 416 84
58 101 146 306 299
243 363 326 10 203
479 256 383 242 231
493 135 455 321 334
311 337 349 406 24
428 284 265 216 48
259 358 498 65 75
184 427 213 33
225 298 366 139 316
451 431 207 458 246
89 153 16 332 263
245 171 233 47 469
360 422 169 62 168
200 267 352 125 36
177 491 239 81 83
331 178 472 70 439
196 179 295 274 123
13 251 280 371 21
314 205 339 45 320
376 301 130 127 94
460 397 230 413 128
362 26 131 182 443
14 93 181 257 253
302 57 7 82 61
151 126 419 27 250
255 394 77 141 25
285 190 403 272 444
0 107 317 226 347
300 465 453 489 12
436 113 40 398 187
116 423 105 382 19
409 342 473 478 17
161 353 2 140 355
471 297 102 112 279
391 463 312 201 109
174 303 95 198 54
252 162 147 106 103
74 434 393 309 415
442 188 446 212 378
386 173 351 432 90
264 218 209 374 258
289 76 108 328 433
429 193 199 474 425
221 496 418 293 215
482 159 461 8 155
483 485 459 416 84
58 101 146 306 299
243 363 326 10 203
479 256 383 242 231
493 135 455 321 334
311 337 349 406 24
428 284 265 216 48
259 358 498 65 75
184 427 213 33
225 298 366 139 316
286 111 377 180 395
451 431 207 458 246
89 153 16 332 263
245 171 233 47 469
360 422 169 62 168
200 267 352 125 36
177 491 239 81 83
331 178 472 70 439
196 179 295 274 123
13 251 280 371 21
314 205 339 45 320
376 301 130 127 94
460 397 230 413 128
362 26 131 182 443
14 93 181 257 253
302 57 7 82 61
151 126 419 27 250
255 394 77 141 25
285 190 403 272 444
0 107 317 226 347
300 465 453 489 12
436 113 40 398 187
116 423 105 382 19
409 342 473 478 17
161 353 2 140 355
471 297 102 112 279
391 463 312 201 109
174 303 95 198 54
252 162 147 106 103
74 434 393 309 415
442 188 446 212 378
386 173 351 432 90
264 218 209 374 258
289 76 108 328 433
429 193 199 474 425
221 496 418 293 215
482 159 461 8 155
483 485 459 416 84
58 101 146 306 299
243 363 326 10 203
479 256 383 242 231
493 135 455 321 334
311 337 349 406 24
428 284 265 216 48
259 358 498 65 75
184 427 213 33
225 298 366 139 316
286 111 377 180 395
266 329 86 51 195
451 431 207 458 246
89 153 16 332 263
245 171 233 47 469
360 422 169 62 168
200 267 352 125 36
177 491 239 81 83
331 178 472 70 439
196 179 295 274 123
13 251 280 371 21
314 205 339 45 320
376 301 130 127 94
460 397 230 413 128
362 26 131 182 443
14 93 181 257 253
302 57 7 82 61
151 126 419 27 250
255 394 77 141 25
285 190 403 272 444
0 107 317 226 347
300 465 453 489 12
436 113 40 398 187
116 423 105 382 19
409 342 473 478 17
161 353 2 140 355
471 297 102 112 279
391 463 312 201 109
174 303 95 198 54
252 162 147 106 103
74 434 393 309 415
442 188 446 212 378
386 173 351 432 90
264 218 209 374 258
289 76 108 328 433
429 193 199 474 425
221 496 418 293 215
482 159 461 8 155
483 485 459 416 84
58 101 146 306 299
243 363 326 10 203
479 256 383 242 231
493 135 455 321 334
311 337 349 406 24
428 284 265 216 48
259 358 498 65 75
184 427 213 33
225 298 366 139 316
286 111 377 180 395
266 329 86 51 195
69 73 122 335
451 431 207 458 246
89 153 16 332 263
245 171 233 47 469
360 422 169 62 168
200 267 352 125 36
177 491 239 81 83
331 178 472 70 439
196 179 295 274 123
13 251 280 371 21
314 205 339 45 320
376 301 130 127 94
460 397 230 413 128
362 26 131 182 443
14 93 181 257 253
302 57 7 82 61
151 126 419 27 250
255 394 77 141 25
285 190 403 272 444
0 107 317 226 347
300 465 453 489 12
436 113 40 398 187
116 423 105 382 19
409 342 473 478 17
161 353 2 140 355
471 297 102 112 279
391 463 312 201 109
174 303 95 198 54
252 162 147 106 103
74 434 393 309 415
442 188 446 212 378
386 173 351 432 90
264 218 209 374 258
289 76 108 328 433
429 193 199 474 425
221 496 418 293 215
482 159 461 8 155
483 485 459 416 84
58 101 146 306 299
243 363 326 10 203
479 256 383 242 231
493 135 455 321 334
311 337 349 406 24
428 284 265 216 48
259 358 498 65 75
184 427 213 33
225 298 366 139 316
286 111 377 180 395
266 329 86 51 195
69 73 122 335
389 494 420 34
451 431 207 458 246
89 153 16 332 263
245 171 233 47 469
360 422 169 62 168
200 267 352 125 36
177 491 239 81 83
331 178 472 70 439
196 179 295 274 123
13 251 280 371 21
314 205 339 45 320
376 301 130 127 94
460 397 230 413 128
362 26 131 182 443
14 93 181 257 253
302 57 7 82 61
151 126 419 27 250
255 394 77 141 25
285 190 403 272 444
0 107 317 226 347
300 465 453 489 12
436 113 40 398 187
116 423 105 382 19
409 342 473 478 17
161 353 2 140 355
471 297 102 112 279
391 463 312 201 109
174 303 95 198 54
252 162 147 106 103
74 434 393 309 415
442 188 446 212 378
386 173 351 432 90
264 218 209 374 258
289 76 108 328 433
429 193 199 474 425
221 496 418 293 215
482 159 461 8 155
483 485 459 416 84
58 101 146 306 299
243 363 326 10 203
479 256 383 242 231
493 135 455 321 334
311 337 349 406 24
428 284 265 216 48
259 358 498 65 75
184 427 213 33
225 298 366 139 316
286 111 377 180 395
266 329 86 51 195
69 73 122 335
389 494 420 34
449 137
451 431 207 458 246
89 153 16 332 263
245 171 233 47 469
360 422 169 62 168
200 267 352 125 36
177 491 239 81 83
331 178 472 70 439
196 179 295 274 123
13 251 280 371 21
314 205 339 45 320
376 301 130 127 94
460 397 230 413 128
362 26 131 182 443
14 93 181 257 253
302 57 7 82 61
151 126 419 27 250
255 394 77 141 25
285 190 403 272 444
0 107 317 226 347
300 465 453 489 12
436 113 40 398 187
116 423 105 382 19
409 342 473 478 17
161 353 2 140 355
471 297 102 112 279
391 463 312 201 109
174 303 95 198 54
252 162 147 106 103
74 434 393 309 415
442 188 446 212 378
386 173 351 432 90
264 218 209 374 258
289 76 108 328 433
429 193 199 474 425
221 496 418 293 215
482 159 461 8 155
483 485 459 416 84
58 101 146 306 299
243 363 326 10 203
479 256 383 242 231
493 135 455 321 334
311 337 349 406 24
428 284 265 216 48
259 358 498 65 75
184 427 213 33
225 298 366 139 316
286 111 377 180 395
266 329 86 51 195
69 73 122 335
389 494 420 34
449 137
261 236
