67 351 486 86 379
67 351 486 86 379
27 465 38 277 137
67 351 486 86 379
27 465 38 277 137
377 358 0 226 393
67 351 486 86 379
27 465 38 277 137
377 358 0 226 393
229 53 183 278 89
67 351 486 86 379
27 465 38 277 137
377 358 0 226 393
229 53 183 278 89
167 408 470 428 192
67 351 486 86 379
27 465 38 277 137
377 358 0 226 393
229 53 183 278 89
167 408 470 428 192
348 261 188 228 310
67 351 486 86 379
27 465 38 277 137
377 358 0 226 393
229 53 183 278 89
167 408 470 428 192
348 261 188 228 310
422 257 484 365 299
67 351 486 86 379
27 465 38 277 137
377 358 0 226 393
229 53 183 278 89
167 408 470 428 192
348 261 188 228 310
422 257 484 365 299
307 234 152 469 48
67 351 486 86 379
27 465 38 277 137
377 358 0 226 393
229 53 183 278 89
167 408 470 428 192
348 261 188 228 310
422 257 484 365 299
307 234 152 469 48
214 158 359 357 443
67 351 486 86 379
27 465 38 277 137
377 358 0 226 393
229 53 183 278 89
167 408 470 428 192
348 261 188 228 310
422 257 484 365 299
307 234 152 469 48
214 158 359 357 443
151 112 7 363 440
67 351 486 86 379
27 465 38 277 137
377 358 0 226 393
229 53 183 278 89
167 408 470 428 192
348 261 188 228 310
422 257 484 365 299
307 234 152 469 48
214 158 359 357 443
151 112 7 363 440
463 2 390 467 301
67 351 486 86 379
27 465 38 277 137
377 358 0 226 393
229 53 183 278 89
167 408 470 428 192
348 261 188 228 310
422 257 484 365 299
307 234 152 469 48
214 158 359 357 443
151 112 7 363 440
463 2 390 467 301
322 239 99 216 178
67 351 486 86 379
27 465 38 277 137
377 358 0 226 393
229 53 183 278 89
167 408 470 428 192
348 261 188 228 310
422 257 484 365 299
307 234 152 469 48
214 158 359 357 443
151 112 7 363 440
463 2 390 467 301
322 239 99 216 178
429 320 121 165 306
67 351 486 86 379
27 465 38 277 137
377 358 0 226 393
229 53 183 278 89
167 408 470 428 192
348 261 188 228 310
422 257 484 365 299
307 234 152 469 48
214 158 359 357 443
151 112 7 363 440
463 2 390 467 301
322 239 99 216 178
429 320 121 165 306
85 317 384 288 466
67 351 486 86 379
27 465 38 277 137
377 358 0 226 393
229 53 183 278 89
167 408 470 428 192
348 261 188 228 310
422 257 484 365 299
307 234 152 469 48
214 158 359 357 443
151 112 7 363 440
463 2 390 467 301
322 239 99 216 178
429 320 121 165 306
85 317 384 288 466
326 268 46 286 119
67 351 486 86 379
27 465 38 277 137
377 358 0 226 393
229 53 183 278 89
167 408 470 428 192
348 261 188 228 310
422 257 484 365 299
307 234 152 469 48
214 158 359 357 443
151 112 7 363 440
463 2 390 467 301
322 239 99 216 178
429 320 121 165 306
85 317 384 288 466
326 268 46 286 119
131 161 251 271 246
67 351 486 86 379
27 465 38 277 137
377 358 0 226 393
229 53 183 278 89
167 408 470 428 192
348 261 188 228 310
422 257 484 365 299
307 234 152 469 48
214 158 359 357 443
151 112 7 363 440
463 2 390 467 301
322 239 99 216 178
429 320 121 165 306
85 317 384 288 466
326 268 46 286 119
131 161 251 271 246
490 142 409 1 492
67 351 486 86 379
27 465 38 277 137
377 358 0 226 393
229 53 183 278 89
167 408 470 428 192
348 261 188 228 310
422 257 484 365 299
307 234 152 469 48
214 158 359 357 443
151 112 7 363 440
463 2 390 467 301
322 239 99 216 178
429 320 121 165 306
85 317 384 288 466
326 268 46 286 119
131 161 251 271 246
490 142 409 1 492
401 66 39 28 340
67 351 486 86 379
27 465 38 277 137
377 358 0 226 393
229 53 183 278 89
167 408 470 428 192
348 261 188 228 310
422 257 484 365 299
307 234 152 469 48
214 158 359 357 443
151 112 7 363 440
463 2 390 467 301
322 239 99 216 178
429 320 121 165 306
85 317 384 288 466
326 268 46 286 119
131 161 251 271 246
490 142 409 1 492
401 66 39 28 340
259 316 63 45 425
67 351 486 86 379
27 465 38 277 137
377 358 0 226 393
229 53 183 278 89
167 408 470 428 192
348 261 188 228 310
422 257 484 365 299
307 234 152 469 48
214 158 359 357 443
151 112 7 363 440
463 2 390 467 301
322 239 99 216 178
429 320 121 165 306
85 317 384 288 466
326 268 46 286 119
131 161 251 271 246
490 142 409 1 492
401 66 39 28 340
259 316 63 45 425
42 258 176 41 11
67 351 486 86 379
27 465 38 277 137
377 358 0 226 393
229 53 183 278 89
167 408 470 428 192
348 261 188 228 310
422 257 484 365 299
307 234 152 469 48
214 158 359 357 443
151 112 7 363 440
463 2 390 467 301
322 239 99 216 178
429 320 121 165 306
85 317 384 288 466
326 268 46 286 119
131 161 251 271 246
490 142 409 1 492
401 66 39 28 340
259 316 63 45 425
42 258 176 41 11
284 364 68 483 468
67 351 486 86 379
27 465 38 277 137
377 358 0 226 393
229 53 183 278 89
167 408 470 428 192
348 261 188 228 310
422 257 484 365 299
307 234 152 469 48
214 158 359 357 443
151 112 7 363 440
463 2 390 467 301
322 239 99 216 178
429 320 121 165 306
85 317 384 288 466
326 268 46 286 119
131 161 251 271 246
490 142 409 1 492
401 66 39 28 340
259 316 63 45 425
42 258 176 41 11
284 364 68 483 468
479 195 349 213 111
67 351 486 86 379
27 465 38 277 137
377 358 0 226 393
229 53 183 278 89
167 408 470 428 192
348 261 188 228 310
422 257 484 365 299
307 234 152 469 48
214 158 359 357 443
151 112 7 363 440
463 2 390 467 301
322 239 99 216 178
429 320 121 165 306
85 317 384 288 466
326 268 46 286 119
131 161 251 271 246
490 142 409 1 492
401 66 39 28 340
259 316 63 45 425
42 258 176 41 11
284 364 68 483 468
479 195 349 213 111
145 130 102 113 436
67 351 486 86 379
27 465 38 277 137
377 358 0 226 393
229 53 183 278 89
167 408 470 428 192
348 261 188 228 310
422 257 484 365 299
307 234 152 469 48
214 158 359 357 443
151 112 7 363 440
463 2 390 467 301
322 239 99 216 178
429 320 121 165 306
85 317 384 288 466
326 268 46 286 119
131 161 251 271 246
490 142 409 1 492
401 66 39 28 340
259 316 63 45 425
42 258 176 41 11
284 364 68 483 468
479 195 349 213 111
145 130 102 113 436
473 398 143 78 230
67 351 486 86 379
27 465 38 277 137
377 358 0 226 393
229 53 183 278 89
167 408 470 428 192
348 261 188 228 310
422 257 484 365 299
307 234 152 469 48
214 158 359 357 443
151 112 7 363 440
463 2 390 467 301
322 239 99 216 178
429 320 121 165 306
85 317 384 288 466
326 268 46 286 119
131 161 251 271 246
490 142 409 1 492
401 66 39 28 340
259 316 63 45 425
42 258 176 41 11
284 364 68 483 468
479 195 349 213 111
145 130 102 113 436
473 398 143 78 230
442 95 397 34 109
67 351 486 86 379
27 465 38 277 137
377 358 0 226 393
229 53 183 278 89
167 408 470 428 192
348 261 188 228 310
422 257 484 365 299
307 234 152 469 48
214 158 359 357 443
151 112 7 363 440
463 2 390 467 301
322 239 99 216 178
429 320 121 165 306
85 317 384 288 466
326 268 46 286 119
131 161 251 271 246
490 142 409 1 492
401 66 39 28 340
259 316 63 45 425
42 258 176 41 11
284 364 68 483 468
479 195 349 213 111
145 130 102 113 436
473 398 143 78 230
442 95 397 34 109
62 156 497 376 407
67 351 486 86 379
27 465 38 277 137
377 358 0 226 393
229 53 183 278 89
167 408 470 428 192
348 261 188 228 310
422 257 484 365 299
307 234 152 469 48
214 158 359 357 443
151 112 7 363 440
463 2 390 467 301
322 239 99 216 178
429 320 121 165 306
85 317 384 288 466
326 268 46 286 119
131 161 251 271 246
490 142 409 1 492
401 66 39 28 340
259 316 63 45 425
42 258 176 41 11
284 364 68 483 468
479 195 349 213 111
145 130 102 113 436
473 398 143 78 230
442 95 397 34 109
62 156 497 376 407
72 281 222 26 245
67 351 486 86 379
27 465 38 277 137
377 358 0 226 393
229 53 183 278 89
167 408 470 428 192
348 261 188 228 310
422 257 484 365 299
307 234 152 469 48
214 158 359 357 443
151 112 7 363 440
463 2 390 467 301
322 239 99 216 178
429 320 121 165 306
85 317 384 288 466
326 268 46 286 119
131 161 251 271 246
490 142 409 1 492
401 66 39 28 340
259 316 63 45 425
42 258 176 41 11
284 364 68 483 468
479 195 349 213 111
145 130 102 113 436
473 398 143 78 230
442 95 397 34 109
62 156 497 376 407
72 281 222 26 245
71 255 399 247 318
67 351 486 86 379
27 465 38 277 137
377 358 0 226 393
229 53 183 278 89
167 408 470 428 192
348 261 188 228 310
422 257 484 365 299
307 234 152 469 48
214 158 359 357 443
151 112 7 363 440
463 2 390 467 301
322 239 99 216 178
429 320 121 165 306
85 317 384 288 466
326 268 46 286 119
131 161 251 271 246
490 142 409 1 492
401 66 39 28 340
259 316 63 45 425
42 258 176 41 11
284 364 68 483 468
479 195 349 213 111
145 130 102 113 436
473 398 143 78 230
442 95 397 34 109
62 156 497 376 407
72 281 222 26 245
71 255 399 247 318
308 174 110 22 108
67 351 486 86 379
27 465 38 277 137
377 358 0 226 393
229 53 183 278 89
167 408 470 428 192
348 261 188 228 310
422 257 484 365 299
307 234 152 469 48
214 158 359 357 443
151 112 7 363 440
463 2 390 467 301
322 239 99 216 178
429 320 121 165 306
85 317 384 288 466
326 268 46 286 119
131 161 251 271 246
490 142 409 1 492
401 66 39 28 340
259 316 63 45 425
42 258 176 41 11
284 364 68 483 468
479 195 349 213 111
145 130 102 113 436
473 398 143 78 230
442 95 397 34 109
62 156 497 376 407
72 281 222 26 245
71 255 399 247 318
308 174 110 22 108
392 385 421 101 64
67 351 486 86 379
27 465 38 277 137
377 358 0 226 393
229 53 183 278 89
167 408 470 428 192
348 261 188 228 310
422 257 484 365 299
307 234 152 469 48
214 158 359 357 443
151 112 7 363 440
463 2 390 467 301
322 239 99 216 178
429 320 121 165 306
85 317 384 288 466
326 268 46 286 119
131 161 251 271 246
490 142 409 1 492
401 66 39 28 340
259 316 63 45 425
42 258 176 41 11
284 364 68 483 468
479 195 349 213 111
145 130 102 113 436
473 398 143 78 230
442 95 397 34 109
62 156 497 376 407
72 281 222 26 245
71 255 399 247 318
308 174 110 22 108
392 385 421 101 64
315 128 236 141 189
67 351 486 86 379
27 465 38 277 137
377 358 0 226 393
229 53 183 278 89
167 408 470 428 192
348 261 188 228 310
422 257 484 365 299
307 234 152 469 48
214 158 359 357 443
151 112 7 363 440
463 2 390 467 301
322 239 99 216 178
429 320 121 165 306
85 317 384 288 466
326 268 46 286 119
131 161 251 271 246
490 142 409 1 492
401 66 39 28 340
259 316 63 45 425
42 258 176 41 11
284 364 68 483 468
479 195 349 213 111
145 130 102 113 436
473 398 143 78 230
442 95 397 34 109
62 156 497 376 407
72 281 222 26 245
71 255 399 247 318
308 174 110 22 108
392 385 421 101 64
315 128 236 141 189
396 205 105 380 312
67 351 486 86 379
27 465 38 277 137
377 358 0 226 393
229 53 183 278 89
167 408 470 428 192
348 261 188 228 310
422 257 484 365 299
307 234 152 469 48
214 158 359 357 443
151 112 7 363 440
463 2 390 467 301
322 239 99 216 178
429 320 121 165 306
85 317 384 288 466
326 268 46 286 119
131 161 251 271 246
490 142 409 1 492
401 66 39 28 340
259 316 63 45 425
42 258 176 41 11
284 364 68 483 468
479 195 349 213 111
145 130 102 113 436
473 398 143 78 230
442 95 397 34 109
62 156 497 376 407
72 281 222 26 245
71 255 399 247 318
308 174 110 22 108
392 385 421 101 64
315 128 236 141 189
396 205 105 380 312
125 65 367 252 414
67 351 486 86 379
27 465 38 277 137
377 358 0 226 393
229 53 183 278 89
167 408 470 428 192
348 261 188 228 310
422 257 484 365 299
307 234 152 469 48
214 158 359 357 443
151 112 7 363 440
463 2 390 467 301
322 239 99 216 178
429 320 121 165 306
85 317 384 288 466
326 268 46 286 119
131 161 251 271 246
490 142 409 1 492
401 66 39 28 340
259 316 63 45 425
42 258 176 41 11
284 364 68 483 468
479 195 349 213 111
145 130 102 113 436
473 398 143 78 230
442 95 397 34 109
62 156 497 376 407
72 281 222 26 245
71 255 399 247 318
308 174 110 22 108
392 385 421 101 64
315 128 236 141 189
396 205 105 380 312
125 65 367 252 414
57 356 305 8 33
67 351 486 86 379
27 465 38 277 137
377 358 0 226 393
229 53 183 278 89
167 408 470 428 192
348 261 188 228 310
422 257 484 365 299
307 234 152 469 48
214 158 359 357 443
151 112 7 363 440
463 2 390 467 301
322 239 99 216 178
429 320 121 165 306
85 317 384 288 466
326 268 46 286 119
131 161 251 271 246
490 142 409 1 492
401 66 39 28 340
259 316 63 45 425
42 258 176 41 11
284 364 68 483 468
479 195 349 213 111
145 130 102 113 436
473 398 143 78 230
442 95 397 34 109
62 156 497 376 407
72 281 222 26 245
71 255 399 247 318
308 174 110 22 108
392 385 421 101 64
315 128 236 141 189
396 205 105 380 312
125 65 367 252 414
57 356 305 8 33
373 481 200 139 146
67 351 486 86 379
27 465 38 277 137
377 358 0 226 393
229 53 183 278 89
167 408 470 428 192
348 261 188 228 310
422 257 484 365 299
307 234 152 469 48
214 158 359 357 443
151 112 7 363 440
463 2 390 467 301
322 239 99 216 178
429 320 121 165 306
85 317 384 288 466
326 268 46 286 119
131 161 251 271 246
490 142 409 1 492
401 66 39 28 340
259 316 63 45 425
42 258 176 41 11
284 364 68 483 468
479 195 349 213 111
145 130 102 113 436
473 398 143 78 230
442 95 397 34 109
62 156 497 376 407
72 281 222 26 245
71 255 399 247 318
308 174 110 22 108
392 385 421 101 64
315 128 236 141 189
396 205 105 380 312
125 65 367 252 414
57 356 305 8 33
373 481 200 139 146
297 273 294 135 461
67 351 486 86 379
27 465 38 277 137
377 358 0 226 393
229 53 183 278 89
167 408 470 428 192
348 261 188 228 310
422 257 484 365 299
307 234 152 469 48
214 158 359 357 443
151 112 7 363 440
463 2 390 467 301
322 239 99 216 178
429 320 121 165 306
85 317 384 288 466
326 268 46 286 119
131 161 251 271 246
490 142 409 1 492
401 66 39 28 340
259 316 63 45 425
42 258 176 41 11
284 364 68 483 468
479 195 349 213 111
145 130 102 113 436
473 398 143 78 230
442 95 397 34 109
62 156 497 376 407
72 281 222 26 245
71 255 399 247 318
308 174 110 22 108
392 385 421 101 64
315 128 236 141 189
396 205 105 380 312
125 65 367 252 414
57 356 305 8 33
373 481 200 139 146
297 273 294 135 461
179 238 35 241 180
67 351 486 86 379
27 465 38 277 137
377 358 0 226 393
229 53 183 278 89
167 408 470 428 192
348 261 188 228 310
422 257 484 365 299
307 234 152 469 48
214 158 359 357 443
151 112 7 363 440
463 2 390 467 301
322 239 99 216 178
429 320 121 165 306
85 317 384 288 466
326 268 46 286 119
131 161 251 271 246
490 142 409 1 492
401 66 39 28 340
259 316 63 45 425
42 258 176 41 11
284 364 68 483 468
479 195 349 213 111
145 130 102 113 436
473 398 143 78 230
442 95 397 34 109
62 156 497 376 407
72 281 222 26 245
71 255 399 247 318
308 174 110 22 108
392 385 421 101 64
315 128 236 141 189
396 205 105 380 312
125 65 367 252 414
57 356 305 8 33
373 481 200 139 146
297 273 294 135 461
179 238 35 241 180
106 97 383 415 117
67 351 486 86 379
27 465 38 277 137
377 358 0 226 393
229 53 183 278 89
167 408 470 428 192
348 261 188 228 310
422 257 484 365 299
307 234 152 469 48
214 158 359 357 443
151 112 7 363 440
463 2 390 467 301
322 239 99 216 178
429 320 121 165 306
85 317 384 288 466
326 268 46 286 119
131 161 251 271 246
490 142 409 1 492
401 66 39 28 340
259 316 63 45 425
42 258 176 41 11
284 364 68 483 468
479 195 349 213 111
145 130 102 113 436
473 398 143 78 230
442 95 397 34 109
62 156 497 376 407
72 281 222 26 245
71 255 399 247 318
308 174 110 22 108
392 385 421 101 64
315 128 236 141 189
396 205 105 380 312
125 65 367 252 414
57 356 305 8 33
373 481 200 139 146
297 273 294 135 461
179 238 35 241 180
106 97 383 415 117
59 171 20 445 462
67 351 486 86 379
27 465 38 277 137
377 358 0 226 393
229 53 183 278 89
167 408 470 428 192
348 261 188 228 310
422 257 484 365 299
307 234 152 469 48
214 158 359 357 443
151 112 7 363 440
463 2 390 467 301
322 239 99 216 178
429 320 121 165 306
85 317 384 288 466
326 268 46 286 119
131 161 251 271 246
490 142 409 1 492
401 66 39 28 340
259 316 63 45 425
42 258 176 41 11
284 364 68 483 468
479 195 349 213 111
145 130 102 113 436
473 398 143 78 230
442 95 397 34 109
62 156 497 376 407
72 281 222 26 245
71 255 399 247 318
308 174 110 22 108
392 385 421 101 64
315 128 236 141 189
396 205 105 380 312
125 65 367 252 414
57 356 305 8 33
373 481 200 139 146
297 273 294 135 461
179 238 35 241 180
106 97 383 415 117
59 171 20 445 462
343 147 327 369 211
67 351 486 86 379
27 465 38 277 137
377 358 0 226 393
229 53 183 278 89
167 408 470 428 192
348 261 188 228 310
422 257 484 365 299
307 234 152 469 48
214 158 359 357 443
151 112 7 363 440
463 2 390 467 301
322 239 99 216 178
429 320 121 165 306
85 317 384 288 466
326 268 46 286 119
131 161 251 271 246
490 142 409 1 492
401 66 39 28 340
259 316 63 45 425
42 258 176 41 11
284 364 68 483 468
479 195 349 213 111
145 130 102 113 436
473 398 143 78 230
442 95 397 34 109
62 156 497 376 407
72 281 222 26 245
71 255 399 247 318
308 174 110 22 108
392 385 421 101 64
315 128 236 141 189
396 205 105 380 312
125 65 367 252 414
57 356 305 8 33
373 481 200 139 146
297 273 294 135 461
179 238 35 241 180
106 97 383 415 117
59 171 20 445 462
343 147 327 369 211
254 480 333 21 406
67 351 486 86 379
27 465 38 277 137
377 358 0 226 393
229 53 183 278 89
167 408 470 428 192
348 261 188 228 310
422 257 484 365 299
307 234 152 469 48
214 158 359 357 443
151 112 7 363 440
463 2 390 467 301
322 239 99 216 178
429 320 121 165 306
85 317 384 288 466
326 268 46 286 119
131 161 251 271 246
490 142 409 1 492
401 66 39 28 340
259 316 63 45 425
42 258 176 41 11
284 364 68 483 468
479 195 349 213 111
145 130 102 113 436
473 398 143 78 230
442 95 397 34 109
62 156 497 376 407
72 281 222 26 245
71 255 399 247 318
308 174 110 22 108
392 385 421 101 64
315 128 236 141 189
396 205 105 380 312
125 65 367 252 414
57 356 305 8 33
373 481 200 139 146
297 273 294 135 461
179 238 35 241 180
106 97 383 415 117
59 171 20 445 462
343 147 327 369 211
254 480 333 21 406
212 485 190 285 185
67 351 486 86 379
27 465 38 277 137
377 358 0 226 393
229 53 183 278 89
167 408 470 428 192
348 261 188 228 310
422 257 484 365 299
307 234 152 469 48
214 158 359 357 443
151 112 7 363 440
463 2 390 467 301
322 239 99 216 178
429 320 121 165 306
85 317 384 288 466
326 268 46 286 119
131 161 251 271 246
490 142 409 1 492
401 66 39 28 340
259 316 63 45 425
42 258 176 41 11
284 364 68 483 468
479 195 349 213 111
145 130 102 113 436
473 398 143 78 230
442 95 397 34 109
62 156 497 376 407
72 281 222 26 245
71 255 399 247 318
308 174 110 22 108
392 385 421 101 64
315 128 236 141 189
396 205 105 380 312
125 65 367 252 414
57 356 305 8 33
373 481 200 139 146
297 273 294 135 461
179 238 35 241 180
106 97 383 415 117
59 171 20 445 462
343 147 327 369 211
254 480 333 21 406
212 485 190 285 185
144 361 44 140 419
67 351 486 86 379
27 465 38 277 137
377 358 0 226 393
229 53 183 278 89
167 408 470 428 192
348 261 188 228 310
422 257 484 365 299
307 234 152 469 48
214 158 359 357 443
151 112 7 363 440
463 2 390 467 301
322 239 99 216 178
429 320 121 165 306
85 317 384 288 466
326 268 46 286 119
131 161 251 271 246
490 142 409 1 492
401 66 39 28 340
259 316 63 45 425
42 258 176 41 11
284 364 68 483 468
479 195 349 213 111
145 130 102 113 436
473 398 143 78 230
442 95 397 34 109
62 156 497 376 407
72 281 222 26 245
71 255 399 247 318
308 174 110 22 108
392 385 421 101 64
315 128 236 141 189
396 205 105 380 312
125 65 367 252 414
57 356 305 8 33
373 481 200 139 146
297 273 294 135 461
179 238 35 241 180
106 97 383 415 117
59 171 20 445 462
343 147 327 369 211
254 480 333 21 406
212 485 190 285 185
144 361 44 140 419
37 172 203 417 444
67 351 486 86 379
27 465 38 277 137
377 358 0 226 393
229 53 183 278 89
167 408 470 428 192
348 261 188 228 310
422 257 484 365 299
307 234 152 469 48
214 158 359 357 443
151 112 7 363 440
463 2 390 467 301
322 239 99 216 178
429 320 121 165 306
85 317 384 288 466
326 268 46 286 119
131 161 251 271 246
490 142 409 1 492
401 66 39 28 340
259 316 63 45 425
42 258 176 41 11
284 364 68 483 468
479 195 349 213 111
145 130 102 113 436
473 398 143 78 230
442 95 397 34 109
62 156 497 376 407
72 281 222 26 245
71 255 399 247 318
308 174 110 22 108
392 385 421 101 64
315 128 236 141 189
396 205 105 380 312
125 65 367 252 414
57 356 305 8 33
373 481 200 139 146
297 273 294 135 461
179 238 35 241 180
106 97 383 415 117
59 171 20 445 462
343 147 327 369 211
254 480 333 21 406
212 485 190 285 185
144 361 44 140 419
37 172 203 417 444
94 10 446 344 266
67 351 486 86 379
27 465 38 277 137
377 358 0 226 393
229 53 183 278 89
167 408 470 428 192
348 261 188 228 310
422 257 484 365 299
307 234 152 469 48
214 158 359 357 443
151 112 7 363 440
463 2 390 467 301
322 239 99 216 178
429 320 121 165 306
85 317 384 288 466
326 268 46 286 119
131 161 251 271 246
490 142 409 1 492
401 66 39 28 340
259 316 63 45 425
42 258 176 41 11
284 364 68 483 468
479 195 349 213 111
145 130 102 113 436
473 398 143 78 230
442 95 397 34 109
62 156 497 376 407
72 281 222 26 245
71 255 399 247 318
308 174 110 22 108
392 385 421 101 64
315 128 236 141 189
396 205 105 380 312
125 65 367 252 414
57 356 305 8 33
373 481 200 139 146
297 273 294 135 461
179 238 35 241 180
106 97 383 415 117
59 171 20 445 462
343 147 327 369 211
254 480 333 21 406
212 485 190 285 185
144 361 44 140 419
37 172 203 417 444
94 10 446 344 266
29 388 223 412 103
67 351 486 86 379
27 465 38 277 137
377 358 0 226 393
229 53 183 278 89
167 408 470 428 192
348 261 188 228 310
422 257 484 365 299
307 234 152 469 48
214 158 359 357 443
151 112 7 363 440
463 2 390 467 301
322 239 99 216 178
429 320 121 165 306
85 317 384 288 466
326 268 46 286 119
131 161 251 271 246
490 142 409 1 492
401 66 39 28 340
259 316 63 45 425
42 258 176 41 11
284 364 68 483 468
479 195 349 213 111
145 130 102 113 436
473 398 143 78 230
442 95 397 34 109
62 156 497 376 407
72 281 222 26 245
71 255 399 247 318
308 174 110 22 108
392 385 421 101 64
315 128 236 141 189
396 205 105 380 312
125 65 367 252 414
57 356 305 8 33
373 481 200 139 146
297 273 294 135 461
179 238 35 241 180
106 97 383 415 117
59 171 20 445 462
343 147 327 369 211
254 480 333 21 406
212 485 190 285 185
144 361 44 140 419
37 172 203 417 444
94 10 446 344 266
29 388 223 412 103
16 418 202 120 471
67 351 486 86 379
27 465 38 277 137
377 358 0 226 393
229 53 183 278 89
167 408 470 428 192
348 261 188 228 310
422 257 484 365 299
307 234 152 469 48
214 158 359 357 443
151 112 7 363 440
463 2 390 467 301
322 239 99 216 178
429 320 121 165 306
85 317 384 288 466
326 268 46 286 119
131 161 251 271 246
490 142 409 1 492
401 66 39 28 340
259 316 63 45 425
42 258 176 41 11
284 364 68 483 468
479 195 349 213 111
145 130 102 113 436
473 398 143 78 230
442 95 397 34 109
62 156 497 376 407
72 281 222 26 245
71 255 399 247 318
308 174 110 22 108
392 385 421 101 64
315 128 236 141 189
396 205 105 380 312
125 65 367 252 414
57 356 305 8 33
373 481 200 139 146
297 273 294 135 461
179 238 35 241 180
106 97 383 415 117
59 171 20 445 462
343 147 327 369 211
254 480 333 21 406
212 485 190 285 185
144 361 44 140 419
37 172 203 417 444
94 10 446 344 266
29 388 223 412 103
16 418 202 120 471
17 331 127 381 70
67 351 486 86 379
27 465 38 277 137
377 358 0 226 393
229 53 183 278 89
167 408 470 428 192
348 261 188 228 310
422 257 484 365 299
307 234 152 469 48
214 158 359 357 443
151 112 7 363 440
463 2 390 467 301
322 239 99 216 178
429 320 121 165 306
85 317 384 288 466
326 268 46 286 119
131 161 251 271 246
490 142 409 1 492
401 66 39 28 340
259 316 63 45 425
42 258 176 41 11
284 364 68 483 468
479 195 349 213 111
145 130 102 113 436
473 398 143 78 230
442 95 397 34 109
62 156 497 376 407
72 281 222 26 245
71 255 399 247 318
308 174 110 22 108
392 385 421 101 64
315 128 236 141 189
396 205 105 380 312
125 65 367 252 414
57 356 305 8 33
373 481 200 139 146
297 273 294 135 461
179 238 35 241 180
106 97 383 415 117
59 171 20 445 462
343 147 327 369 211
254 480 333 21 406
212 485 190 285 185
144 361 44 140 419
37 172 203 417 444
94 10 446 344 266
29 388 223 412 103
16 418 202 120 471
17 331 127 381 70
221 345 427 488 199
67 351 486 86 379
27 465 38 277 137
377 358 0 226 393
229 53 183 278 89
167 408 470 428 192
348 261 188 228 310
422 257 484 365 299
307 234 152 469 48
214 158 359 357 443
151 112 7 363 440
463 2 390 467 301
322 239 99 216 178
429 320 121 165 306
85 317 384 288 466
326 268 46 286 119
131 161 251 271 246
490 142 409 1 492
401 66 39 28 340
259 316 63 45 425
42 258 176 41 11
284 364 68 483 468
479 195 349 213 111
145 130 102 113 436
473 398 143 78 230
442 95 397 34 109
62 156 497 376 407
72 281 222 26 245
71 255 399 247 318
308 174 110 22 108
392 385 421 101 64
315 128 236 141 189
396 205 105 380 312
125 65 367 252 414
57 356 305 8 33
373 481 200 139 146
297 273 294 135 461
179 238 35 241 180
106 97 383 415 117
59 171 20 445 462
343 147 327 369 211
254 480 333 21 406
212 485 190 285 185
144 361 44 140 419
37 172 203 417 444
94 10 446 344 266
29 388 223 412 103
16 418 202 120 471
17 331 127 381 70
221 345 427 488 199
410 215 472 162 242
