35 94 33 270 148
73 5 227 240 97
241 165 271 8 11
56 142 306 138 64
252 221 99 288 132
60 31 144 45 153
126 167 199 234 280
259 147 53 110 55
212 237 196 272 245
127 95 261 130 71
185 107 215 293 164
202 143 171 1 188
58 275 137 302 286
205 108 29 16 2
166 303 178 51 168
247 156 34 187 102
180 85 182 114 101
104 151 57 169 100
129 68 149 287 184
96 249 273 298 258
232 262 244 242 109
54 0 173 159 193
61 224 89 134 277
77 26 48 121 37
40 278 296 43 119
222 191 162 157 111
192 38 163 172 46
177 201 75 12 243
194 103 79 139 213
23 80 50 289 195
82 7 131 76 10
