482 87 188 170 18
252 289 139 42 41
27 361 1 161
418 78 25 268 340
200 364 486 193 189
23 62 293 415 422
300 496 444 456 218
275 423 376 118 81
51 138 488 9
55 48 278 374 403
159 69 103 419 471
356 411 162 127 155
114 246 417 174 171
339 57 199 401 331
12 285 357 72
430 49 266 287
458 308 105 367 377
14 315 194
434 207 291 124 192
225 26 478 104 248
211 316 282 131 297
243 247 425 256
80 273 234 365 31
319 351 380 460 166
136 231 311 307 179
123 440 3 394 236
101 95 378 111
428 121 408 481
29 140 74 70
125 321 251 220
274 476 322 17
224 145 120 250
196 153 279
202 449 237
384 215 474
265 424
86 467 453
30 335
280 310 309
295 126 240
184 110
43 346 342
7 296 67
133 334 46
299 429 66
154 352 277
468 56 320
473 409
94 454
261 92
129 333
472 464
412 22
