395 368 202 278 458
484 213 75 399 327
476 17 31 101 207
497 383 73 129 400
123 186 298 38 313
37 357 380 3 100
463 375 171 323 241
478 396 189 87 307
333 416 435 486 48
274 151 324 44 144
299 251 25 6 391
305 224 30 233 92
425 166 14 434 108
16 203 485 143 292
165 436 284 260 57
208 84 2 42 153
113 499 32 364 173
456 47 45 90 263
471 322 421 283 149
438 362 285 190 131
179 103 453 402 405
340 300 160 23 95
118 236 474 412 409
449 337 204 139 222
296 442 0 398 304
99 195 423 198 347
387 351 127 231 135
178 212 96 406 201
366 381 183 350 433
199 18 55 176 367
475 328 255 247 276
71 168 117 335 487
119 466 431 469 338
197 105 239 361 271
46 196 211 253 237
238 281 67 498 488
145 1 72 172 133
128 389 353 330 174
225 34 348 154 256
240 124 180 107 257
223 234 446 177 265
308 413 306 83 58
43 77 62 250 114
215 122 311 79 91
473 33 116 130 156
477 295 419 140 297
465 89 120 378 314
209 245 229 379 248
414 175 264 185 287
342 243 22 429 373
