140 274 350 305 301
248 184 339 304 259
300 260 22 361 303
315 285 406 401 333
31 240 335 264 211
56 494 402 258 116
418 316 257 337 492
411 265 330 276 221
138 283 450 271 100
113 154 336 262 175
92 104 452 269 470
20 133 453 404 256
16 91 233 312 273
249 220 42 232 302
386 334 87 120 440
294 266 230 89 102
403 365 277 377 419
319 122 124 219 338
14 212 354 255 64
128 62 158 1 451
4 38 355 344 331
317 261 252 117 474
405 70 205 6 413
363 281 407 153 160
187 496 268 185 243
313 272 444 88 198
270 164 58 473 67
309 267 376 375 371
370 460 423 332 321
408 385 357 263 420
193 218 8 476 400
340 311 121 25 246
295 438 61 421 362
213 235 146 125 129
251 137 234 54 144
429 351 241 5 478
170 197 287 72 97
139 177 136 157 178
59 103 461 379 73
12 82 381 101 81
41 17 63 188 18
352 37 296 52 202
483 472 278 497 216
191 491 488 431 19
390 289 448 206 465
250 148 99 13 345
214 186 237 195 176
475 71 55 109 203
130 449 436 417 359
447 471 434 378 373
10 135 242
455 443 320
