297 284 71 56 175
209 200 291 184 2
211 252 289 136 230
235 108 61 25 4
298 10 78 46 35
98 208 238 246 113
49 93 138 18 189
253 268 278 293 54
118 65 283 171 97
274 242 106 154 101
165 5 270 110 214
103 258 164 82 233
269 210 130 170 81
163 201 109 195 231
216 174 31 47 43
13 159 228 183 290
52 236 11 85 206
17 96 217 245 79
134 263 247 116 213
55 257 262 169 224
196 256 89 188 51
157 41 273 131 276
281 149 162 126 261
288 58 265 62 176
36 264 114 205 215
59 135 127 111 122
299 73 91 193 70
192 197 88 83 259
243 225 250 142 94
160 218 20 19 102
