172 125 213 43 170
172 125 213 43 170
196 86 184
172 125 213 43 170
196 86 184
147 79 120 80
172 125 213 43 170
196 86 184
147 79 120 80
107 10 84
172 125 213 43 170
196 86 184
147 79 120 80
107 10 84
137 112
172 125 213 43 170
196 86 184
147 79 120 80
107 10 84
137 112
85 100
172 125 213 43 170
196 86 184
147 79 120 80
107 10 84
137 112
85 100
195 156
172 125 213 43 170
196 86 184
147 79 120 80
107 10 84
137 112
85 100
195 156
160 18 132
172 125 213 43 170
196 86 184
147 79 120 80
107 10 84
137 112
85 100
195 156
160 18 132
62 22
172 125 213 43 170
196 86 184
147 79 120 80
107 10 84
137 112
85 100
195 156
160 18 132
62 22
178 31
