289 188 119 207 433
453 178 336 68 144
378 157 111 455 405
255 92 2 335 312
292 258 279 368 28
448 29 248 262 296
163 86 107 498 451
183 398 194 282 143
261 481 341 210 3
394 138 420 124 233
234 327 372 148 166
25 396 65 235 315
395 358 485 329 444
404 90 139 449 13
393 490 476 384 482
170 204 18 287 301
437 99 303 136 284
242 438 115 355 462
273 10 456 314 237
35 356 411 475 62
417 271 349 58 193
155 487 247 290 70
16 371 432 422 51
348 154 147 21 84
413 243 362 324 461
98 100 137 389 387
313 363 423 274 266
118 373 239 222 473
425 467 386 278 403
450 408 103 102 33
94 179 250 339 158
268 374 478 77 416
224 238 272 74 445
253 133 212 75 220
125 0 332 227 231
291 366 168 483 465
244 37 117 316 76
401 251 364 331 320
381 418 283 443 252
311 145 38 226 305
162 241 112 132 299
161 41 196 45 409
474 56 105 351 269
93 466 71 44 160
185 108 219 471 370
140 121 42 265 435
197 97 12 259 359
129 388 281 489 232
205 412 57 89 421
470 328 4 454 50
