67 63 450 23 249
67 63 450 23 249
177 267 405 347 100
67 63 450 23 249
177 267 405 347 100
337 309 80 360 398
67 63 450 23 249
177 267 405 347 100
337 309 80 360 398
29 9 159 131 307
67 63 450 23 249
177 267 405 347 100
337 309 80 360 398
29 9 159 131 307
129 151 97 324 39
67 63 450 23 249
177 267 405 347 100
337 309 80 360 398
29 9 159 131 307
129 151 97 324 39
125 316 262 281 55
67 63 450 23 249
177 267 405 347 100
337 309 80 360 398
29 9 159 131 307
129 151 97 324 39
125 316 262 281 55
99 104 70 417 49
67 63 450 23 249
177 267 405 347 100
337 309 80 360 398
29 9 159 131 307
129 151 97 324 39
125 316 262 281 55
99 104 70 417 49
230 198 430 171 356
67 63 450 23 249
177 267 405 347 100
337 309 80 360 398
29 9 159 131 307
129 151 97 324 39
125 316 262 281 55
99 104 70 417 49
230 198 430 171 356
288 376 295 396 75
67 63 450 23 249
177 267 405 347 100
337 309 80 360 398
29 9 159 131 307
129 151 97 324 39
125 316 262 281 55
99 104 70 417 49
230 198 430 171 356
288 376 295 396 75
343 164 136 383 305
67 63 450 23 249
177 267 405 347 100
337 309 80 360 398
29 9 159 131 307
129 151 97 324 39
125 316 262 281 55
99 104 70 417 49
230 198 430 171 356
288 376 295 396 75
343 164 136 383 305
65 285 47 192 216
67 63 450 23 249
177 267 405 347 100
337 309 80 360 398
29 9 159 131 307
129 151 97 324 39
125 316 262 281 55
99 104 70 417 49
230 198 430 171 356
288 376 295 396 75
343 164 136 383 305
65 285 47 192 216
271 86 381 93 496
67 63 450 23 249
177 267 405 347 100
337 309 80 360 398
29 9 159 131 307
129 151 97 324 39
125 316 262 281 55
99 104 70 417 49
230 198 430 171 356
288 376 295 396 75
343 164 136 383 305
65 285 47 192 216
271 86 381 93 496
432 170 348 298 184
67 63 450 23 249
177 267 405 347 100
337 309 80 360 398
29 9 159 131 307
129 151 97 324 39
125 316 262 281 55
99 104 70 417 49
230 198 430 171 356
288 376 295 396 75
343 164 136 383 305
65 285 47 192 216
271 86 381 93 496
432 170 348 298 184
296 121 488 350 345
67 63 450 23 249
177 267 405 347 100
337 309 80 360 398
29 9 159 131 307
129 151 97 324 39
125 316 262 281 55
99 104 70 417 49
230 198 430 171 356
288 376 295 396 75
343 164 136 383 305
65 285 47 192 216
271 86 381 93 496
432 170 348 298 184
296 121 488 350 345
407 361 54 449 437
67 63 450 23 249
177 267 405 347 100
337 309 80 360 398
29 9 159 131 307
129 151 97 324 39
125 316 262 281 55
99 104 70 417 49
230 198 430 171 356
288 376 295 396 75
343 164 136 383 305
65 285 47 192 216
271 86 381 93 496
432 170 348 298 184
296 121 488 350 345
407 361 54 449 437
26 215 333 34 277
67 63 450 23 249
177 267 405 347 100
337 309 80 360 398
29 9 159 131 307
129 151 97 324 39
125 316 262 281 55
99 104 70 417 49
230 198 430 171 356
288 376 295 396 75
343 164 136 383 305
65 285 47 192 216
271 86 381 93 496
432 170 348 298 184
296 121 488 350 345
407 361 54 449 437
26 215 333 34 277
83 30 459 208 35
67 63 450 23 249
177 267 405 347 100
337 309 80 360 398
29 9 159 131 307
129 151 97 324 39
125 316 262 281 55
99 104 70 417 49
230 198 430 171 356
288 376 295 396 75
343 164 136 383 305
65 285 47 192 216
271 86 381 93 496
432 170 348 298 184
296 121 488 350 345
407 361 54 449 437
26 215 333 34 277
83 30 459 208 35
368 92 454 278 451
67 63 450 23 249
177 267 405 347 100
337 309 80 360 398
29 9 159 131 307
129 151 97 324 39
125 316 262 281 55
99 104 70 417 49
230 198 430 171 356
288 376 295 396 75
343 164 136 383 305
65 285 47 192 216
271 86 381 93 496
432 170 348 298 184
296 121 488 350 345
407 361 54 449 437
26 215 333 34 277
83 30 459 208 35
368 92 454 278 451
81 120 66 17 107
67 63 450 23 249
177 267 405 347 100
337 309 80 360 398
29 9 159 131 307
129 151 97 324 39
125 316 262 281 55
99 104 70 417 49
230 198 430 171 356
288 376 295 396 75
343 164 136 383 305
65 285 47 192 216
271 86 381 93 496
432 170 348 298 184
296 121 488 350 345
407 361 54 449 437
26 215 333 34 277
83 30 459 208 35
368 92 454 278 451
81 120 66 17 107
43 59 163 344 292
67 63 450 23 249
177 267 405 347 100
337 309 80 360 398
29 9 159 131 307
129 151 97 324 39
125 316 262 281 55
99 104 70 417 49
230 198 430 171 356
288 376 295 396 75
343 164 136 383 305
65 285 47 192 216
271 86 381 93 496
432 170 348 298 184
296 121 488 350 345
407 361 54 449 437
26 215 333 34 277
83 30 459 208 35
368 92 454 278 451
81 120 66 17 107
43 59 163 344 292
147 237 387 458 234
67 63 450 23 249
177 267 405 347 100
337 309 80 360 398
29 9 159 131 307
129 151 97 324 39
125 316 262 281 55
99 104 70 417 49
230 198 430 171 356
288 376 295 396 75
343 164 136 383 305
65 285 47 192 216
271 86 381 93 496
432 170 348 298 184
296 121 488 350 345
407 361 54 449 437
26 215 333 34 277
83 30 459 208 35
368 92 454 278 451
81 120 66 17 107
43 59 163 344 292
147 237 387 458 234
456 123 160 370 20
67 63 450 23 249
177 267 405 347 100
337 309 80 360 398
29 9 159 131 307
129 151 97 324 39
125 316 262 281 55
99 104 70 417 49
230 198 430 171 356
288 376 295 396 75
343 164 136 383 305
65 285 47 192 216
271 86 381 93 496
432 170 348 298 184
296 121 488 350 345
407 361 54 449 437
26 215 333 34 277
83 30 459 208 35
368 92 454 278 451
81 120 66 17 107
43 59 163 344 292
147 237 387 458 234
456 123 160 370 20
205 400 440 52 27
67 63 450 23 249
177 267 405 347 100
337 309 80 360 398
29 9 159 131 307
129 151 97 324 39
125 316 262 281 55
99 104 70 417 49
230 198 430 171 356
288 376 295 396 75
343 164 136 383 305
65 285 47 192 216
271 86 381 93 496
432 170 348 298 184
296 121 488 350 345
407 361 54 449 437
26 215 333 34 277
83 30 459 208 35
368 92 454 278 451
81 120 66 17 107
43 59 163 344 292
147 237 387 458 234
456 123 160 370 20
205 400 440 52 27
478 428 146 270 18
67 63 450 23 249
177 267 405 347 100
337 309 80 360 398
29 9 159 131 307
129 151 97 324 39
125 316 262 281 55
99 104 70 417 49
230 198 430 171 356
288 376 295 396 75
343 164 136 383 305
65 285 47 192 216
271 86 381 93 496
432 170 348 298 184
296 121 488 350 345
407 361 54 449 437
26 215 333 34 277
83 30 459 208 35
368 92 454 278 451
81 120 66 17 107
43 59 163 344 292
147 237 387 458 234
456 123 160 370 20
205 400 440 52 27
478 428 146 270 18
61 446 399 310 78
67 63 450 23 249
177 267 405 347 100
337 309 80 360 398
29 9 159 131 307
129 151 97 324 39
125 316 262 281 55
99 104 70 417 49
230 198 430 171 356
288 376 295 396 75
343 164 136 383 305
65 285 47 192 216
271 86 381 93 496
432 170 348 298 184
296 121 488 350 345
407 361 54 449 437
26 215 333 34 277
83 30 459 208 35
368 92 454 278 451
81 120 66 17 107
43 59 163 344 292
147 237 387 458 234
456 123 160 370 20
205 400 440 52 27
478 428 146 270 18
61 446 399 310 78
77 111 286 206 374
67 63 450 23 249
177 267 405 347 100
337 309 80 360 398
29 9 159 131 307
129 151 97 324 39
125 316 262 281 55
99 104 70 417 49
230 198 430 171 356
288 376 295 396 75
343 164 136 383 305
65 285 47 192 216
271 86 381 93 496
432 170 348 298 184
296 121 488 350 345
407 361 54 449 437
26 215 333 34 277
83 30 459 208 35
368 92 454 278 451
81 120 66 17 107
43 59 163 344 292
147 237 387 458 234
456 123 160 370 20
205 400 440 52 27
478 428 146 270 18
61 446 399 310 78
77 111 286 206 374
479 44 492 46 486
67 63 450 23 249
177 267 405 347 100
337 309 80 360 398
29 9 159 131 307
129 151 97 324 39
125 316 262 281 55
99 104 70 417 49
230 198 430 171 356
288 376 295 396 75
343 164 136 383 305
65 285 47 192 216
271 86 381 93 496
432 170 348 298 184
296 121 488 350 345
407 361 54 449 437
26 215 333 34 277
83 30 459 208 35
368 92 454 278 451
81 120 66 17 107
43 59 163 344 292
147 237 387 458 234
456 123 160 370 20
205 400 440 52 27
478 428 146 270 18
61 446 399 310 78
77 111 286 206 374
479 44 492 46 486
134 320 335 113 355
67 63 450 23 249
177 267 405 347 100
337 309 80 360 398
29 9 159 131 307
129 151 97 324 39
125 316 262 281 55
99 104 70 417 49
230 198 430 171 356
288 376 295 396 75
343 164 136 383 305
65 285 47 192 216
271 86 381 93 496
432 170 348 298 184
296 121 488 350 345
407 361 54 449 437
26 215 333 34 277
83 30 459 208 35
368 92 454 278 451
81 120 66 17 107
43 59 163 344 292
147 237 387 458 234
456 123 160 370 20
205 400 440 52 27
478 428 146 270 18
61 446 399 310 78
77 111 286 206 374
479 44 492 46 486
134 320 335 113 355
176 236 126 480 145
67 63 450 23 249
177 267 405 347 100
337 309 80 360 398
29 9 159 131 307
129 151 97 324 39
125 316 262 281 55
99 104 70 417 49
230 198 430 171 356
288 376 295 396 75
343 164 136 383 305
65 285 47 192 216
271 86 381 93 496
432 170 348 298 184
296 121 488 350 345
407 361 54 449 437
26 215 333 34 277
83 30 459 208 35
368 92 454 278 451
81 120 66 17 107
43 59 163 344 292
147 237 387 458 234
456 123 160 370 20
205 400 440 52 27
478 428 146 270 18
61 446 399 310 78
77 111 286 206 374
479 44 492 46 486
134 320 335 113 355
176 236 126 480 145
231 452 476 412 128
67 63 450 23 249
177 267 405 347 100
337 309 80 360 398
29 9 159 131 307
129 151 97 324 39
125 316 262 281 55
99 104 70 417 49
230 198 430 171 356
288 376 295 396 75
343 164 136 383 305
65 285 47 192 216
271 86 381 93 496
432 170 348 298 184
296 121 488 350 345
407 361 54 449 437
26 215 333 34 277
83 30 459 208 35
368 92 454 278 451
81 120 66 17 107
43 59 163 344 292
147 237 387 458 234
456 123 160 370 20
205 400 440 52 27
478 428 146 270 18
61 446 399 310 78
77 111 286 206 374
479 44 492 46 486
134 320 335 113 355
176 236 126 480 145
231 452 476 412 128
291 275 244 260 274
67 63 450 23 249
177 267 405 347 100
337 309 80 360 398
29 9 159 131 307
129 151 97 324 39
125 316 262 281 55
99 104 70 417 49
230 198 430 171 356
288 376 295 396 75
343 164 136 383 305
65 285 47 192 216
271 86 381 93 496
432 170 348 298 184
296 121 488 350 345
407 361 54 449 437
26 215 333 34 277
83 30 459 208 35
368 92 454 278 451
81 120 66 17 107
43 59 163 344 292
147 237 387 458 234
456 123 160 370 20
205 400 440 52 27
478 428 146 270 18
61 446 399 310 78
77 111 286 206 374
479 44 492 46 486
134 320 335 113 355
176 236 126 480 145
231 452 476 412 128
291 275 244 260 274
369 118 485 379 447
67 63 450 23 249
177 267 405 347 100
337 309 80 360 398
29 9 159 131 307
129 151 97 324 39
125 316 262 281 55
99 104 70 417 49
230 198 430 171 356
288 376 295 396 75
343 164 136 383 305
65 285 47 192 216
271 86 381 93 496
432 170 348 298 184
296 121 488 350 345
407 361 54 449 437
26 215 333 34 277
83 30 459 208 35
368 92 454 278 451
81 120 66 17 107
43 59 163 344 292
147 237 387 458 234
456 123 160 370 20
205 400 440 52 27
478 428 146 270 18
61 446 399 310 78
77 111 286 206 374
479 44 492 46 486
134 320 335 113 355
176 236 126 480 145
231 452 476 412 128
291 275 244 260 274
369 118 485 379 447
272 21 372 314 331
67 63 450 23 249
177 267 405 347 100
337 309 80 360 398
29 9 159 131 307
129 151 97 324 39
125 316 262 281 55
99 104 70 417 49
230 198 430 171 356
288 376 295 396 75
343 164 136 383 305
65 285 47 192 216
271 86 381 93 496
432 170 348 298 184
296 121 488 350 345
407 361 54 449 437
26 215 333 34 277
83 30 459 208 35
368 92 454 278 451
81 120 66 17 107
43 59 163 344 292
147 237 387 458 234
456 123 160 370 20
205 400 440 52 27
478 428 146 270 18
61 446 399 310 78
77 111 286 206 374
479 44 492 46 486
134 320 335 113 355
176 236 126 480 145
231 452 476 412 128
291 275 244 260 274
369 118 485 379 447
272 21 372 314 331
82 38 173 269 385
67 63 450 23 249
177 267 405 347 100
337 309 80 360 398
29 9 159 131 307
129 151 97 324 39
125 316 262 281 55
99 104 70 417 49
230 198 430 171 356
288 376 295 396 75
343 164 136 383 305
65 285 47 192 216
271 86 381 93 496
432 170 348 298 184
296 121 488 350 345
407 361 54 449 437
26 215 333 34 277
83 30 459 208 35
368 92 454 278 451
81 120 66 17 107
43 59 163 344 292
147 237 387 458 234
456 123 160 370 20
205 400 440 52 27
478 428 146 270 18
61 446 399 310 78
77 111 286 206 374
479 44 492 46 486
134 320 335 113 355
176 236 126 480 145
231 452 476 412 128
291 275 244 260 274
369 118 485 379 447
272 21 372 314 331
82 38 173 269 385
6 16 218 224 153
67 63 450 23 249
177 267 405 347 100
337 309 80 360 398
29 9 159 131 307
129 151 97 324 39
125 316 262 281 55
99 104 70 417 49
230 198 430 171 356
288 376 295 396 75
343 164 136 383 305
65 285 47 192 216
271 86 381 93 496
432 170 348 298 184
296 121 488 350 345
407 361 54 449 437
26 215 333 34 277
83 30 459 208 35
368 92 454 278 451
81 120 66 17 107
43 59 163 344 292
147 237 387 458 234
456 123 160 370 20
205 400 440 52 27
478 428 146 270 18
61 446 399 310 78
77 111 286 206 374
479 44 492 46 486
134 320 335 113 355
176 236 126 480 145
231 452 476 412 128
291 275 244 260 274
369 118 485 379 447
272 21 372 314 331
82 38 173 269 385
6 16 218 224 153
2 150 1 246 256
67 63 450 23 249
177 267 405 347 100
337 309 80 360 398
29 9 159 131 307
129 151 97 324 39
125 316 262 281 55
99 104 70 417 49
230 198 430 171 356
288 376 295 396 75
343 164 136 383 305
65 285 47 192 216
271 86 381 93 496
432 170 348 298 184
296 121 488 350 345
407 361 54 449 437
26 215 333 34 277
83 30 459 208 35
368 92 454 278 451
81 120 66 17 107
43 59 163 344 292
147 237 387 458 234
456 123 160 370 20
205 400 440 52 27
478 428 146 270 18
61 446 399 310 78
77 111 286 206 374
479 44 492 46 486
134 320 335 113 355
176 236 126 480 145
231 452 476 412 128
291 275 244 260 274
369 118 485 379 447
272 21 372 314 331
82 38 173 269 385
6 16 218 224 153
2 150 1 246 256
362 429 250 409 414
67 63 450 23 249
177 267 405 347 100
337 309 80 360 398
29 9 159 131 307
129 151 97 324 39
125 316 262 281 55
99 104 70 417 49
230 198 430 171 356
288 376 295 396 75
343 164 136 383 305
65 285 47 192 216
271 86 381 93 496
432 170 348 298 184
296 121 488 350 345
407 361 54 449 437
26 215 333 34 277
83 30 459 208 35
368 92 454 278 451
81 120 66 17 107
43 59 163 344 292
147 237 387 458 234
456 123 160 370 20
205 400 440 52 27
478 428 146 270 18
61 446 399 310 78
77 111 286 206 374
479 44 492 46 486
134 320 335 113 355
176 236 126 480 145
231 452 476 412 128
291 275 244 260 274
369 118 485 379 447
272 21 372 314 331
82 38 173 269 385
6 16 218 224 153
2 150 1 246 256
362 429 250 409 414
42 88 339 293 436
67 63 450 23 249
177 267 405 347 100
337 309 80 360 398
29 9 159 131 307
129 151 97 324 39
125 316 262 281 55
99 104 70 417 49
230 198 430 171 356
288 376 295 396 75
343 164 136 383 305
65 285 47 192 216
271 86 381 93 496
432 170 348 298 184
296 121 488 350 345
407 361 54 449 437
26 215 333 34 277
83 30 459 208 35
368 92 454 278 451
81 120 66 17 107
43 59 163 344 292
147 237 387 458 234
456 123 160 370 20
205 400 440 52 27
478 428 146 270 18
61 446 399 310 78
77 111 286 206 374
479 44 492 46 486
134 320 335 113 355
176 236 126 480 145
231 452 476 412 128
291 275 244 260 274
369 118 485 379 447
272 21 372 314 331
82 38 173 269 385
6 16 218 224 153
2 150 1 246 256
362 429 250 409 414
42 88 339 293 436
420 240 261 419 103
67 63 450 23 249
177 267 405 347 100
337 309 80 360 398
29 9 159 131 307
129 151 97 324 39
125 316 262 281 55
99 104 70 417 49
230 198 430 171 356
288 376 295 396 75
343 164 136 383 305
65 285 47 192 216
271 86 381 93 496
432 170 348 298 184
296 121 488 350 345
407 361 54 449 437
26 215 333 34 277
83 30 459 208 35
368 92 454 278 451
81 120 66 17 107
43 59 163 344 292
147 237 387 458 234
456 123 160 370 20
205 400 440 52 27
478 428 146 270 18
61 446 399 310 78
77 111 286 206 374
479 44 492 46 486
134 320 335 113 355
176 236 126 480 145
231 452 476 412 128
291 275 244 260 274
369 118 485 379 447
272 21 372 314 331
82 38 173 269 385
6 16 218 224 153
2 150 1 246 256
362 429 250 409 414
42 88 339 293 436
420 240 261 419 103
207 495 273 187 36
67 63 450 23 249
177 267 405 347 100
337 309 80 360 398
29 9 159 131 307
129 151 97 324 39
125 316 262 281 55
99 104 70 417 49
230 198 430 171 356
288 376 295 396 75
343 164 136 383 305
65 285 47 192 216
271 86 381 93 496
432 170 348 298 184
296 121 488 350 345
407 361 54 449 437
26 215 333 34 277
83 30 459 208 35
368 92 454 278 451
81 120 66 17 107
43 59 163 344 292
147 237 387 458 234
456 123 160 370 20
205 400 440 52 27
478 428 146 270 18
61 446 399 310 78
77 111 286 206 374
479 44 492 46 486
134 320 335 113 355
176 236 126 480 145
231 452 476 412 128
291 275 244 260 274
369 118 485 379 447
272 21 372 314 331
82 38 173 269 385
6 16 218 224 153
2 150 1 246 256
362 429 250 409 414
42 88 339 293 436
420 240 261 419 103
207 495 273 187 36
62 299 393 294 357
67 63 450 23 249
177 267 405 347 100
337 309 80 360 398
29 9 159 131 307
129 151 97 324 39
125 316 262 281 55
99 104 70 417 49
230 198 430 171 356
288 376 295 396 75
343 164 136 383 305
65 285 47 192 216
271 86 381 93 496
432 170 348 298 184
296 121 488 350 345
407 361 54 449 437
26 215 333 34 277
83 30 459 208 35
368 92 454 278 451
81 120 66 17 107
43 59 163 344 292
147 237 387 458 234
456 123 160 370 20
205 400 440 52 27
478 428 146 270 18
61 446 399 310 78
77 111 286 206 374
479 44 492 46 486
134 320 335 113 355
176 236 126 480 145
231 452 476 412 128
291 275 244 260 274
369 118 485 379 447
272 21 372 314 331
82 38 173 269 385
6 16 218 224 153
2 150 1 246 256
362 429 250 409 414
42 88 339 293 436
420 240 261 419 103
207 495 273 187 36
62 299 393 294 357
169 460 137 149 351
67 63 450 23 249
177 267 405 347 100
337 309 80 360 398
29 9 159 131 307
129 151 97 324 39
125 316 262 281 55
99 104 70 417 49
230 198 430 171 356
288 376 295 396 75
343 164 136 383 305
65 285 47 192 216
271 86 381 93 496
432 170 348 298 184
296 121 488 350 345
407 361 54 449 437
26 215 333 34 277
83 30 459 208 35
368 92 454 278 451
81 120 66 17 107
43 59 163 344 292
147 237 387 458 234
456 123 160 370 20
205 400 440 52 27
478 428 146 270 18
61 446 399 310 78
77 111 286 206 374
479 44 492 46 486
134 320 335 113 355
176 236 126 480 145
231 452 476 412 128
291 275 244 260 274
369 118 485 379 447
272 21 372 314 331
82 38 173 269 385
6 16 218 224 153
2 150 1 246 256
362 429 250 409 414
42 88 339 293 436
420 240 261 419 103
207 495 273 187 36
62 299 393 294 357
169 460 137 149 351
384 371 341 94 289
67 63 450 23 249
177 267 405 347 100
337 309 80 360 398
29 9 159 131 307
129 151 97 324 39
125 316 262 281 55
99 104 70 417 49
230 198 430 171 356
288 376 295 396 75
343 164 136 383 305
65 285 47 192 216
271 86 381 93 496
432 170 348 298 184
296 121 488 350 345
407 361 54 449 437
26 215 333 34 277
83 30 459 208 35
368 92 454 278 451
81 120 66 17 107
43 59 163 344 292
147 237 387 458 234
456 123 160 370 20
205 400 440 52 27
478 428 146 270 18
61 446 399 310 78
77 111 286 206 374
479 44 492 46 486
134 320 335 113 355
176 236 126 480 145
231 452 476 412 128
291 275 244 260 274
369 118 485 379 447
272 21 372 314 331
82 38 173 269 385
6 16 218 224 153
2 150 1 246 256
362 429 250 409 414
42 88 339 293 436
420 240 261 419 103
207 495 273 187 36
62 299 393 294 357
169 460 137 149 351
384 371 341 94 289
338 497 410 158 340
67 63 450 23 249
177 267 405 347 100
337 309 80 360 398
29 9 159 131 307
129 151 97 324 39
125 316 262 281 55
99 104 70 417 49
230 198 430 171 356
288 376 295 396 75
343 164 136 383 305
65 285 47 192 216
271 86 381 93 496
432 170 348 298 184
296 121 488 350 345
407 361 54 449 437
26 215 333 34 277
83 30 459 208 35
368 92 454 278 451
81 120 66 17 107
43 59 163 344 292
147 237 387 458 234
456 123 160 370 20
205 400 440 52 27
478 428 146 270 18
61 446 399 310 78
77 111 286 206 374
479 44 492 46 486
134 320 335 113 355
176 236 126 480 145
231 452 476 412 128
291 275 244 260 274
369 118 485 379 447
272 21 372 314 331
82 38 173 269 385
6 16 218 224 153
2 150 1 246 256
362 429 250 409 414
42 88 339 293 436
420 240 261 419 103
207 495 273 187 36
62 299 393 294 357
169 460 137 149 351
384 371 341 94 289
338 497 410 158 340
258 64 470 91 276
67 63 450 23 249
177 267 405 347 100
337 309 80 360 398
29 9 159 131 307
129 151 97 324 39
125 316 262 281 55
99 104 70 417 49
230 198 430 171 356
288 376 295 396 75
343 164 136 383 305
65 285 47 192 216
271 86 381 93 496
432 170 348 298 184
296 121 488 350 345
407 361 54 449 437
26 215 333 34 277
83 30 459 208 35
368 92 454 278 451
81 120 66 17 107
43 59 163 344 292
147 237 387 458 234
456 123 160 370 20
205 400 440 52 27
478 428 146 270 18
61 446 399 310 78
77 111 286 206 374
479 44 492 46 486
134 320 335 113 355
176 236 126 480 145
231 452 476 412 128
291 275 244 260 274
369 118 485 379 447
272 21 372 314 331
82 38 173 269 385
6 16 218 224 153
2 150 1 246 256
362 429 250 409 414
42 88 339 293 436
420 240 261 419 103
207 495 273 187 36
62 299 393 294 357
169 460 137 149 351
384 371 341 94 289
338 497 410 158 340
258 64 470 91 276
280 323 117 51 325
67 63 450 23 249
177 267 405 347 100
337 309 80 360 398
29 9 159 131 307
129 151 97 324 39
125 316 262 281 55
99 104 70 417 49
230 198 430 171 356
288 376 295 396 75
343 164 136 383 305
65 285 47 192 216
271 86 381 93 496
432 170 348 298 184
296 121 488 350 345
407 361 54 449 437
26 215 333 34 277
83 30 459 208 35
368 92 454 278 451
81 120 66 17 107
43 59 163 344 292
147 237 387 458 234
456 123 160 370 20
205 400 440 52 27
478 428 146 270 18
61 446 399 310 78
77 111 286 206 374
479 44 492 46 486
134 320 335 113 355
176 236 126 480 145
231 452 476 412 128
291 275 244 260 274
369 118 485 379 447
272 21 372 314 331
82 38 173 269 385
6 16 218 224 153
2 150 1 246 256
362 429 250 409 414
42 88 339 293 436
420 240 261 419 103
207 495 273 187 36
62 299 393 294 357
169 460 137 149 351
384 371 341 94 289
338 497 410 158 340
258 64 470 91 276
280 323 117 51 325
445 228 315 313 443
67 63 450 23 249
177 267 405 347 100
337 309 80 360 398
29 9 159 131 307
129 151 97 324 39
125 316 262 281 55
99 104 70 417 49
230 198 430 171 356
288 376 295 396 75
343 164 136 383 305
65 285 47 192 216
271 86 381 93 496
432 170 348 298 184
296 121 488 350 345
407 361 54 449 437
26 215 333 34 277
83 30 459 208 35
368 92 454 278 451
81 120 66 17 107
43 59 163 344 292
147 237 387 458 234
456 123 160 370 20
205 400 440 52 27
478 428 146 270 18
61 446 399 310 78
77 111 286 206 374
479 44 492 46 486
134 320 335 113 355
176 236 126 480 145
231 452 476 412 128
291 275 244 260 274
369 118 485 379 447
272 21 372 314 331
82 38 173 269 385
6 16 218 224 153
2 150 1 246 256
362 429 250 409 414
42 88 339 293 436
420 240 261 419 103
207 495 273 187 36
62 299 393 294 357
169 460 137 149 351
384 371 341 94 289
338 497 410 158 340
258 64 470 91 276
280 323 117 51 325
445 228 315 313 443
114 204 455 457 297
67 63 450 23 249
177 267 405 347 100
337 309 80 360 398
29 9 159 131 307
129 151 97 324 39
125 316 262 281 55
99 104 70 417 49
230 198 430 171 356
288 376 295 396 75
343 164 136 383 305
65 285 47 192 216
271 86 381 93 496
432 170 348 298 184
296 121 488 350 345
407 361 54 449 437
26 215 333 34 277
83 30 459 208 35
368 92 454 278 451
81 120 66 17 107
43 59 163 344 292
147 237 387 458 234
456 123 160 370 20
205 400 440 52 27
478 428 146 270 18
61 446 399 310 78
77 111 286 206 374
479 44 492 46 486
134 320 335 113 355
176 236 126 480 145
231 452 476 412 128
291 275 244 260 274
369 118 485 379 447
272 21 372 314 331
82 38 173 269 385
6 16 218 224 153
2 150 1 246 256
362 429 250 409 414
42 88 339 293 436
420 240 261 419 103
207 495 273 187 36
62 299 393 294 357
169 460 137 149 351
384 371 341 94 289
338 497 410 158 340
258 64 470 91 276
280 323 117 51 325
445 228 315 313 443
114 204 455 457 297
474 89 189 373 453
67 63 450 23 249
177 267 405 347 100
337 309 80 360 398
29 9 159 131 307
129 151 97 324 39
125 316 262 281 55
99 104 70 417 49
230 198 430 171 356
288 376 295 396 75
343 164 136 383 305
65 285 47 192 216
271 86 381 93 496
432 170 348 298 184
296 121 488 350 345
407 361 54 449 437
26 215 333 34 277
83 30 459 208 35
368 92 454 278 451
81 120 66 17 107
43 59 163 344 292
147 237 387 458 234
456 123 160 370 20
205 400 440 52 27
478 428 146 270 18
61 446 399 310 78
77 111 286 206 374
479 44 492 46 486
134 320 335 113 355
176 236 126 480 145
231 452 476 412 128
291 275 244 260 274
369 118 485 379 447
272 21 372 314 331
82 38 173 269 385
6 16 218 224 153
2 150 1 246 256
362 429 250 409 414
42 88 339 293 436
420 240 261 419 103
207 495 273 187 36
62 299 393 294 357
169 460 137 149 351
384 371 341 94 289
338 497 410 158 340
258 64 470 91 276
280 323 117 51 325
445 228 315 313 443
114 204 455 457 297
474 89 189 373 453
74 138 175 468 306
