100 101 102 103 104
100 101 102 103 104
150 151 152 153 154
100 101 102 103 104
150 151 152 153 154
25 26 27 28 29
100 101 102 103 104
150 151 152 153 154
25 26 27 28 29
50 51 52 53 54
100 101 102 103 104
150 151 152 153 154
25 26 27 28 29
50 51 52 53 54
75 76 77 78 79
100 101 102 103 104
150 151 152 153 154
25 26 27 28 29
50 51 52 53 54
75 76 77 78 79
225 226 227 228 229
100 101 102 103 104
150 151 152 153 154
25 26 27 28 29
50 51 52 53 54
75 76 77 78 79
225 226 227 228 229
125 126 127 128 129
100 101 102 103 104
150 151 152 153 154
25 26 27 28 29
50 51 52 53 54
75 76 77 78 79
225 226 227 228 229
125 126 127 128 129
0 1 2 3 4
100 101 102 103 104
150 151 152 153 154
25 26 27 28 29
50 51 52 53 54
75 76 77 78 79
225 226 227 228 229
125 126 127 128 129
0 1 2 3 4
175 176 177 178 179
100 101 102 103 104
150 151 152 153 154
25 26 27 28 29
50 51 52 53 54
75 76 77 78 79
225 226 227 228 229
125 126 127 128 129
0 1 2 3 4
175 176 177 178 179
200 201 202 203 204
