7 270 165 177 344
90 164 83 42 46
490 357 370 151 463
217 321 127 394 251
372 71 66 263 323
50 37 80 342 195
111 457 325 437 324
304 391 349 166 30
198 416 0 385 297
438 144 5 378 282
250 318 233 482 49
176 447 88 346 285
407 498 312 338 224
203 436 465 390 303
366 175 39 356 442
187 143 114 264 434
400 122 213 199 277
54 395 432 23 440
336 384 105 223 29
146 185 413 81 219
43 320 313 367 34
104 427 422 481 418
200 192 6 361 337
443 167 307 461 267
85 202 73 289 470
399 311 423 67 448
186 330 343 93 184
392 178 215 25 76
98 118 262 290 317
319 376 134 135 169
59 268 84 17 265
456 162 406 258 331
24 168 309 241 322
284 362 99 190 453
249 401 358 96 108
20 208 340 388 221
474 373 424 393 131
231 94 371 445 387
9 450 138 305 271
433 350 110 429 154
11 173 48 236 163
496 333 441 339 252
480 149 444 273 328
103 19 486 345 209
140 121 2 409 397
124 259 1 70 247
156 476 82 182 257
14 341 243 431 299
310 347 494 119 189
207 16 32 174 212
