480 481 482 483 484
480 481 482 483 484
340 341 342 343 344
480 481 482 483 484
340 341 342 343 344
180 181 182 183 184
480 481 482 483 484
340 341 342 343 344
180 181 182 183 184
140 141 142 143 144
480 481 482 483 484
340 341 342 343 344
180 181 182 183 184
140 141 142 143 144
200 201 202 203 204
480 481 482 483 484
340 341 342 343 344
180 181 182 183 184
140 141 142 143 144
200 201 202 203 204
220 221 222 223 224
480 481 482 483 484
340 341 342 343 344
180 181 182 183 184
140 141 142 143 144
200 201 202 203 204
220 221 222 223 224
120 121 122 123 124
480 481 482 483 484
340 341 342 343 344
180 181 182 183 184
140 141 142 143 144
200 201 202 203 204
220 221 222 223 224
120 121 122 123 124
240 241 242 243 244
480 481 482 483 484
340 341 342 343 344
180 181 182 183 184
140 141 142 143 144
200 201 202 203 204
220 221 222 223 224
120 121 122 123 124
240 241 242 243 244
260 261 262 263 264
480 481 482 483 484
340 341 342 343 344
180 181 182 183 184
140 141 142 143 144
200 201 202 203 204
220 221 222 223 224
120 121 122 123 124
240 241 242 243 244
260 261 262 263 264
100 101 102 103 104
480 481 482 483 484
340 341 342 343 344
180 181 182 183 184
140 141 142 143 144
200 201 202 203 204
220 221 222 223 224
120 121 122 123 124
240 241 242 243 244
260 261 262 263 264
100 101 102 103 104
280 281 282 283 284
480 481 482 483 484
340 341 342 343 344
180 181 182 183 184
140 141 142 143 144
200 201 202 203 204
220 221 222 223 224
120 121 122 123 124
240 241 242 243 244
260 261 262 263 264
100 101 102 103 104
280 281 282 283 284
300 301 302 303 304
480 481 482 483 484
340 341 342 343 344
180 181 182 183 184
140 141 142 143 144
200 201 202 203 204
220 221 222 223 224
120 121 122 123 124
240 241 242 243 244
260 261 262 263 264
100 101 102 103 104
280 281 282 283 284
300 301 302 303 304
80 81 82 83 84
480 481 482 483 484
340 341 342 343 344
180 181 182 183 184
140 141 142 143 144
200 201 202 203 204
220 221 222 223 224
120 121 122 123 124
240 241 242 243 244
260 261 262 263 264
100 101 102 103 104
280 281 282 283 284
300 301 302 303 304
80 81 82 83 84
320 321 322 323 324
480 481 482 483 484
340 341 342 343 344
180 181 182 183 184
140 141 142 143 144
200 201 202 203 204
220 221 222 223 224
120 121 122 123 124
240 241 242 243 244
260 261 262 263 264
100 101 102 103 104
280 281 282 283 284
300 301 302 303 304
80 81 82 83 84
320 321 322 323 324
400 401 402 403 404
480 481 482 483 484
340 341 342 343 344
180 181 182 183 184
140 141 142 143 144
200 201 202 203 204
220 221 222 223 224
120 121 122 123 124
240 241 242 243 244
260 261 262 263 264
100 101 102 103 104
280 281 282 283 284
300 301 302 303 304
80 81 82 83 84
320 321 322 323 324
400 401 402 403 404
60 61 62 63 64
480 481 482 483 484
340 341 342 343 344
180 181 182 183 184
140 141 142 143 144
200 201 202 203 204
220 221 222 223 224
120 121 122 123 124
240 241 242 243 244
260 261 262 263 264
100 101 102 103 104
280 281 282 283 284
300 301 302 303 304
80 81 82 83 84
320 321 322 323 324
400 401 402 403 404
60 61 62 63 64
0 1 2 3 4
480 481 482 483 484
340 341 342 343 344
180 181 182 183 184
140 141 142 143 144
200 201 202 203 204
220 221 222 223 224
120 121 122 123 124
240 241 242 243 244
260 261 262 263 264
100 101 102 103 104
280 281 282 283 284
300 301 302 303 304
80 81 82 83 84
320 321 322 323 324
400 401 402 403 404
60 61 62 63 64
0 1 2 3 4
460 461 462 463 464
480 481 482 483 484
340 341 342 343 344
180 181 182 183 184
140 141 142 143 144
200 201 202 203 204
220 221 222 223 224
120 121 122 123 124
240 241 242 243 244
260 261 262 263 264
100 101 102 103 104
280 281 282 283 284
300 301 302 303 304
80 81 82 83 84
320 321 322 323 324
400 401 402 403 404
60 61 62 63 64
0 1 2 3 4
460 461 462 463 464
440 441 442 443 444
480 481 482 483 484
340 341 342 343 344
180 181 182 183 184
140 141 142 143 144
200 201 202 203 204
220 221 222 223 224
120 121 122 123 124
240 241 242 243 244
260 261 262 263 264
100 101 102 103 104
280 281 282 283 284
300 301 302 303 304
80 81 82 83 84
320 321 322 323 324
400 401 402 403 404
60 61 62 63 64
0 1 2 3 4
460 461 462 463 464
440 441 442 443 444
20 21 22 23 24
480 481 482 483 484
340 341 342 343 344
180 181 182 183 184
140 141 142 143 144
200 201 202 203 204
220 221 222 223 224
120 121 122 123 124
240 241 242 243 244
260 261 262 263 264
100 101 102 103 104
280 281 282 283 284
300 301 302 303 304
80 81 82 83 84
320 321 322 323 324
400 401 402 403 404
60 61 62 63 64
0 1 2 3 4
460 461 462 463 464
440 441 442 443 444
20 21 22 23 24
420 421 422 423 424
480 481 482 483 484
340 341 342 343 344
180 181 182 183 184
140 141 142 143 144
200 201 202 203 204
220 221 222 223 224
120 121 122 123 124
240 241 242 243 244
260 261 262 263 264
100 101 102 103 104
280 281 282 283 284
300 301 302 303 304
80 81 82 83 84
320 321 322 323 324
400 401 402 403 404
60 61 62 63 64
0 1 2 3 4
460 461 462 463 464
440 441 442 443 444
20 21 22 23 24
420 421 422 423 424
160 161 162 163 164
480 481 482 483 484
340 341 342 343 344
180 181 182 183 184
140 141 142 143 144
200 201 202 203 204
220 221 222 223 224
120 121 122 123 124
240 241 242 243 244
260 261 262 263 264
100 101 102 103 104
280 281 282 283 284
300 301 302 303 304
80 81 82 83 84
320 321 322 323 324
400 401 402 403 404
60 61 62 63 64
0 1 2 3 4
460 461 462 463 464
440 441 442 443 444
20 21 22 23 24
420 421 422 423 424
160 161 162 163 164
40 41 42 43 44
480 481 482 483 484
340 341 342 343 344
180 181 182 183 184
140 141 142 143 144
200 201 202 203 204
220 221 222 223 224
120 121 122 123 124
240 241 242 243 244
260 261 262 263 264
100 101 102 103 104
280 281 282 283 284
300 301 302 303 304
80 81 82 83 84
320 321 322 323 324
400 401 402 403 404
60 61 62 63 64
0 1 2 3 4
460 461 462 463 464
440 441 442 443 444
20 21 22 23 24
420 421 422 423 424
160 161 162 163 164
40 41 42 43 44
380 381 382 383 384
480 481 482 483 484
340 341 342 343 344
180 181 182 183 184
140 141 142 143 144
200 201 202 203 204
220 221 222 223 224
120 121 122 123 124
240 241 242 243 244
260 261 262 263 264
100 101 102 103 104
280 281 282 283 284
300 301 302 303 304
80 81 82 83 84
320 321 322 323 324
400 401 402 403 404
60 61 62 63 64
0 1 2 3 4
460 461 462 463 464
440 441 442 443 444
20 21 22 23 24
420 421 422 423 424
160 161 162 163 164
40 41 42 43 44
380 381 382 383 384
360 361 362 363 364
