322 139 314 237 95
322 139 314 237 95
45 336 117 17 222
322 139 314 237 95
45 336 117 17 222
262 41 323 216 220
322 139 314 237 95
45 336 117 17 222
262 41 323 216 220
229 284 193 175 26
322 139 314 237 95
45 336 117 17 222
262 41 323 216 220
229 284 193 175 26
202 281 290 92 96
322 139 314 237 95
45 336 117 17 222
262 41 323 216 220
229 284 193 175 26
202 281 290 92 96
286 285 47 173 204
322 139 314 237 95
45 336 117 17 222
262 41 323 216 220
229 284 193 175 26
202 281 290 92 96
286 285 47 173 204
54 337 200 317 144
322 139 314 237 95
45 336 117 17 222
262 41 323 216 220
229 284 193 175 26
202 281 290 92 96
286 285 47 173 204
54 337 200 317 144
320 330 79 223 25
322 139 314 237 95
45 336 117 17 222
262 41 323 216 220
229 284 193 175 26
202 281 290 92 96
286 285 47 173 204
54 337 200 317 144
320 330 79 223 25
93 68 103 276 254
322 139 314 237 95
45 336 117 17 222
262 41 323 216 220
229 284 193 175 26
202 281 290 92 96
286 285 47 173 204
54 337 200 317 144
320 330 79 223 25
93 68 103 276 254
261 277 224 77 127
322 139 314 237 95
45 336 117 17 222
262 41 323 216 220
229 284 193 175 26
202 281 290 92 96
286 285 47 173 204
54 337 200 317 144
320 330 79 223 25
93 68 103 276 254
261 277 224 77 127
97 120 94 293 16
322 139 314 237 95
45 336 117 17 222
262 41 323 216 220
229 284 193 175 26
202 281 290 92 96
286 285 47 173 204
54 337 200 317 144
320 330 79 223 25
93 68 103 276 254
261 277 224 77 127
97 120 94 293 16
324 250 244 124 146
322 139 314 237 95
45 336 117 17 222
262 41 323 216 220
229 284 193 175 26
202 281 290 92 96
286 285 47 173 204
54 337 200 317 144
320 330 79 223 25
93 68 103 276 254
261 277 224 77 127
97 120 94 293 16
324 250 244 124 146
212 30 115 282 278
322 139 314 237 95
45 336 117 17 222
262 41 323 216 220
229 284 193 175 26
202 281 290 92 96
286 285 47 173 204
54 337 200 317 144
320 330 79 223 25
93 68 103 276 254
261 277 224 77 127
97 120 94 293 16
324 250 244 124 146
212 30 115 282 278
161 69 80 132 174
322 139 314 237 95
45 336 117 17 222
262 41 323 216 220
229 284 193 175 26
202 281 290 92 96
286 285 47 173 204
54 337 200 317 144
320 330 79 223 25
93 68 103 276 254
261 277 224 77 127
97 120 94 293 16
324 250 244 124 146
212 30 115 282 278
161 69 80 132 174
308 107 113 167 211
322 139 314 237 95
45 336 117 17 222
262 41 323 216 220
229 284 193 175 26
202 281 290 92 96
286 285 47 173 204
54 337 200 317 144
320 330 79 223 25
93 68 103 276 254
261 277 224 77 127
97 120 94 293 16
324 250 244 124 146
212 30 115 282 278
161 69 80 132 174
308 107 113 167 211
99 186 292 42 40
322 139 314 237 95
45 336 117 17 222
262 41 323 216 220
229 284 193 175 26
202 281 290 92 96
286 285 47 173 204
54 337 200 317 144
320 330 79 223 25
93 68 103 276 254
261 277 224 77 127
97 120 94 293 16
324 250 244 124 146
212 30 115 282 278
161 69 80 132 174
308 107 113 167 211
99 186 292 42 40
6 110 135 316 269
322 139 314 237 95
45 336 117 17 222
262 41 323 216 220
229 284 193 175 26
202 281 290 92 96
286 285 47 173 204
54 337 200 317 144
320 330 79 223 25
93 68 103 276 254
261 277 224 77 127
97 120 94 293 16
324 250 244 124 146
212 30 115 282 278
161 69 80 132 174
308 107 113 167 211
99 186 292 42 40
6 110 135 316 269
43 142 182 102 312
322 139 314 237 95
45 336 117 17 222
262 41 323 216 220
229 284 193 175 26
202 281 290 92 96
286 285 47 173 204
54 337 200 317 144
320 330 79 223 25
93 68 103 276 254
261 277 224 77 127
97 120 94 293 16
324 250 244 124 146
212 30 115 282 278
161 69 80 132 174
308 107 113 167 211
99 186 292 42 40
6 110 135 316 269
43 142 182 102 312
154 270 149 180 325
322 139 314 237 95
45 336 117 17 222
262 41 323 216 220
229 284 193 175 26
202 281 290 92 96
286 285 47 173 204
54 337 200 317 144
320 330 79 223 25
93 68 103 276 254
261 277 224 77 127
97 120 94 293 16
324 250 244 124 146
212 30 115 282 278
161 69 80 132 174
308 107 113 167 211
99 186 292 42 40
6 110 135 316 269
43 142 182 102 312
154 270 149 180 325
87 138 27 2 133
322 139 314 237 95
45 336 117 17 222
262 41 323 216 220
229 284 193 175 26
202 281 290 92 96
286 285 47 173 204
54 337 200 317 144
320 330 79 223 25
93 68 103 276 254
261 277 224 77 127
97 120 94 293 16
324 250 244 124 146
212 30 115 282 278
161 69 80 132 174
308 107 113 167 211
99 186 292 42 40
6 110 135 316 269
43 142 182 102 312
154 270 149 180 325
87 138 27 2 133
218 121 162 328 15
322 139 314 237 95
45 336 117 17 222
262 41 323 216 220
229 284 193 175 26
202 281 290 92 96
286 285 47 173 204
54 337 200 317 144
320 330 79 223 25
93 68 103 276 254
261 277 224 77 127
97 120 94 293 16
324 250 244 124 146
212 30 115 282 278
161 69 80 132 174
308 107 113 167 211
99 186 292 42 40
6 110 135 316 269
43 142 182 102 312
154 270 149 180 325
87 138 27 2 133
218 121 162 328 15
192 78 39 67 8
322 139 314 237 95
45 336 117 17 222
262 41 323 216 220
229 284 193 175 26
202 281 290 92 96
286 285 47 173 204
54 337 200 317 144
320 330 79 223 25
93 68 103 276 254
261 277 224 77 127
97 120 94 293 16
324 250 244 124 146
212 30 115 282 278
161 69 80 132 174
308 107 113 167 211
99 186 292 42 40
6 110 135 316 269
43 142 182 102 312
154 270 149 180 325
87 138 27 2 133
218 121 162 328 15
192 78 39 67 8
306 267 236 302 239
322 139 314 237 95
45 336 117 17 222
262 41 323 216 220
229 284 193 175 26
202 281 290 92 96
286 285 47 173 204
54 337 200 317 144
320 330 79 223 25
93 68 103 276 254
261 277 224 77 127
97 120 94 293 16
324 250 244 124 146
212 30 115 282 278
161 69 80 132 174
308 107 113 167 211
99 186 292 42 40
6 110 135 316 269
43 142 182 102 312
154 270 149 180 325
87 138 27 2 133
218 121 162 328 15
192 78 39 67 8
306 267 236 302 239
273 13 55 1 327
322 139 314 237 95
45 336 117 17 222
262 41 323 216 220
229 284 193 175 26
202 281 290 92 96
286 285 47 173 204
54 337 200 317 144
320 330 79 223 25
93 68 103 276 254
261 277 224 77 127
97 120 94 293 16
324 250 244 124 146
212 30 115 282 278
161 69 80 132 174
308 107 113 167 211
99 186 292 42 40
6 110 135 316 269
43 142 182 102 312
154 270 149 180 325
87 138 27 2 133
218 121 162 328 15
192 78 39 67 8
306 267 236 302 239
273 13 55 1 327
332 33 206 11 241
322 139 314 237 95
45 336 117 17 222
262 41 323 216 220
229 284 193 175 26
202 281 290 92 96
286 285 47 173 204
54 337 200 317 144
320 330 79 223 25
93 68 103 276 254
261 277 224 77 127
97 120 94 293 16
324 250 244 124 146
212 30 115 282 278
161 69 80 132 174
308 107 113 167 211
99 186 292 42 40
6 110 135 316 269
43 142 182 102 312
154 270 149 180 325
87 138 27 2 133
218 121 162 328 15
192 78 39 67 8
306 267 236 302 239
273 13 55 1 327
332 33 206 11 241
159 100 104 280 246
322 139 314 237 95
45 336 117 17 222
262 41 323 216 220
229 284 193 175 26
202 281 290 92 96
286 285 47 173 204
54 337 200 317 144
320 330 79 223 25
93 68 103 276 254
261 277 224 77 127
97 120 94 293 16
324 250 244 124 146
212 30 115 282 278
161 69 80 132 174
308 107 113 167 211
99 186 292 42 40
6 110 135 316 269
43 142 182 102 312
154 270 149 180 325
87 138 27 2 133
218 121 162 328 15
192 78 39 67 8
306 267 236 302 239
273 13 55 1 327
332 33 206 11 241
159 100 104 280 246
275 37 3 259 129
322 139 314 237 95
45 336 117 17 222
262 41 323 216 220
229 284 193 175 26
202 281 290 92 96
286 285 47 173 204
54 337 200 317 144
320 330 79 223 25
93 68 103 276 254
261 277 224 77 127
97 120 94 293 16
324 250 244 124 146
212 30 115 282 278
161 69 80 132 174
308 107 113 167 211
99 186 292 42 40
6 110 135 316 269
43 142 182 102 312
154 270 149 180 325
87 138 27 2 133
218 121 162 328 15
192 78 39 67 8
306 267 236 302 239
273 13 55 1 327
332 33 206 11 241
159 100 104 280 246
275 37 3 259 129
334 189 116 88 21
322 139 314 237 95
45 336 117 17 222
262 41 323 216 220
229 284 193 175 26
202 281 290 92 96
286 285 47 173 204
54 337 200 317 144
320 330 79 223 25
93 68 103 276 254
261 277 224 77 127
97 120 94 293 16
324 250 244 124 146
212 30 115 282 278
161 69 80 132 174
308 107 113 167 211
99 186 292 42 40
6 110 135 316 269
43 142 182 102 312
154 270 149 180 325
87 138 27 2 133
218 121 162 328 15
192 78 39 67 8
306 267 236 302 239
273 13 55 1 327
332 33 206 11 241
159 100 104 280 246
275 37 3 259 129
334 189 116 88 21
72 227 235 70 52
322 139 314 237 95
45 336 117 17 222
262 41 323 216 220
229 284 193 175 26
202 281 290 92 96
286 285 47 173 204
54 337 200 317 144
320 330 79 223 25
93 68 103 276 254
261 277 224 77 127
97 120 94 293 16
324 250 244 124 146
212 30 115 282 278
161 69 80 132 174
308 107 113 167 211
99 186 292 42 40
6 110 135 316 269
43 142 182 102 312
154 270 149 180 325
87 138 27 2 133
218 121 162 328 15
192 78 39 67 8
306 267 236 302 239
273 13 55 1 327
332 33 206 11 241
159 100 104 280 246
275 37 3 259 129
334 189 116 88 21
72 227 235 70 52
333 163 315 57 238
322 139 314 237 95
45 336 117 17 222
262 41 323 216 220
229 284 193 175 26
202 281 290 92 96
286 285 47 173 204
54 337 200 317 144
320 330 79 223 25
93 68 103 276 254
261 277 224 77 127
97 120 94 293 16
324 250 244 124 146
212 30 115 282 278
161 69 80 132 174
308 107 113 167 211
99 186 292 42 40
6 110 135 316 269
43 142 182 102 312
154 270 149 180 325
87 138 27 2 133
218 121 162 328 15
192 78 39 67 8
306 267 236 302 239
273 13 55 1 327
332 33 206 11 241
159 100 104 280 246
275 37 3 259 129
334 189 116 88 21
72 227 235 70 52
333 163 315 57 238
201 82 76 84 62
322 139 314 237 95
45 336 117 17 222
262 41 323 216 220
229 284 193 175 26
202 281 290 92 96
286 285 47 173 204
54 337 200 317 144
320 330 79 223 25
93 68 103 276 254
261 277 224 77 127
97 120 94 293 16
324 250 244 124 146
212 30 115 282 278
161 69 80 132 174
308 107 113 167 211
99 186 292 42 40
6 110 135 316 269
43 142 182 102 312
154 270 149 180 325
87 138 27 2 133
218 121 162 328 15
192 78 39 67 8
306 267 236 302 239
273 13 55 1 327
332 33 206 11 241
159 100 104 280 246
275 37 3 259 129
334 189 116 88 21
72 227 235 70 52
333 163 315 57 238
201 82 76 84 62
179 242 9 264 91
322 139 314 237 95
45 336 117 17 222
262 41 323 216 220
229 284 193 175 26
202 281 290 92 96
286 285 47 173 204
54 337 200 317 144
320 330 79 223 25
93 68 103 276 254
261 277 224 77 127
97 120 94 293 16
324 250 244 124 146
212 30 115 282 278
161 69 80 132 174
308 107 113 167 211
99 186 292 42 40
6 110 135 316 269
43 142 182 102 312
154 270 149 180 325
87 138 27 2 133
218 121 162 328 15
192 78 39 67 8
306 267 236 302 239
273 13 55 1 327
332 33 206 11 241
159 100 104 280 246
275 37 3 259 129
334 189 116 88 21
72 227 235 70 52
333 163 315 57 238
201 82 76 84 62
179 242 9 264 91
289 85 183 217 214
322 139 314 237 95
45 336 117 17 222
262 41 323 216 220
229 284 193 175 26
202 281 290 92 96
286 285 47 173 204
54 337 200 317 144
320 330 79 223 25
93 68 103 276 254
261 277 224 77 127
97 120 94 293 16
324 250 244 124 146
212 30 115 282 278
161 69 80 132 174
308 107 113 167 211
99 186 292 42 40
6 110 135 316 269
43 142 182 102 312
154 270 149 180 325
87 138 27 2 133
218 121 162 328 15
192 78 39 67 8
306 267 236 302 239
273 13 55 1 327
332 33 206 11 241
159 100 104 280 246
275 37 3 259 129
334 189 116 88 21
72 227 235 70 52
333 163 315 57 238
201 82 76 84 62
179 242 9 264 91
289 85 183 217 214
0 86 89 230 301
